[2019-11-11 17:07:13] Initializing...
FISCO-BCOS Version : 2.1.0
Build Time         : 20190923 13:23:34
Build Type         : Darwin/appleclang/RelWithDebInfo
Git Branch         : HEAD
Git Commit Hash    : cb68124d4fbf3df563a57dfff5f0c6eedc1419cc
[2019-11-11 17:07:13] The FISCO-BCOS is running...
[2019-11-15 11:01:56] FISCO-BCOS program exit normally.
[2019-11-15 16:18:44] Initializing...
FISCO-BCOS Version : 2.1.0
Build Time         : 20190923 13:23:34
Build Type         : Darwin/appleclang/RelWithDebInfo
Git Branch         : HEAD
Git Commit Hash    : cb68124d4fbf3df563a57dfff5f0c6eedc1419cc
[2019-11-15 16:18:44] The FISCO-BCOS is running...
[2019-11-15 16:37:45] FISCO-BCOS program exit normally.
[2019-12-10 16:32:59] Initializing...
FISCO-BCOS Version : 2.1.0
Build Time         : 20190923 13:23:34
Build Type         : Darwin/appleclang/RelWithDebInfo
Git Branch         : HEAD
Git Commit Hash    : cb68124d4fbf3df563a57dfff5f0c6eedc1419cc
[2019-12-10 16:32:59] The FISCO-BCOS is running...
[2019-12-12 20:56:55] FISCO-BCOS program exit normally.
[2019-12-12 20:56:57] Initializing...
FISCO-BCOS Version : 2.1.0
Build Time         : 20190923 13:23:34
Build Type         : Darwin/appleclang/RelWithDebInfo
Git Branch         : HEAD
Git Commit Hash    : cb68124d4fbf3df563a57dfff5f0c6eedc1419cc
[2019-12-12 20:56:57] The FISCO-BCOS is running...
[2019-12-13 15:58:17] FISCO-BCOS program exit normally.
[2019-12-13 15:58:47] Initializing...
FISCO-BCOS Version : 2.1.0
Build Time         : 20190923 13:23:34
Build Type         : Darwin/appleclang/RelWithDebInfo
Git Branch         : HEAD
Git Commit Hash    : cb68124d4fbf3df563a57dfff5f0c6eedc1419cc
[2019-12-13 15:58:47] The FISCO-BCOS is running...
[2019-12-13 16:50:35] FISCO-BCOS program exit normally.
[2019-12-13 21:13:13] Initializing...
FISCO-BCOS Version : 2.1.0
Build Time         : 20190923 13:23:34
Build Type         : Darwin/appleclang/RelWithDebInfo
Git Branch         : HEAD
Git Commit Hash    : cb68124d4fbf3df563a57dfff5f0c6eedc1419cc
[2019-12-13 21:13:14] The FISCO-BCOS is running...
[2019-12-13 21:19:34] FISCO-BCOS program exit normally.
