info|2019-11-15 11:00:00.761579|[g:1][CONSENSUS]addRawPrepare,height=1,reqIdx=1,hash=3fd8be7b...
info|2019-11-15 11:00:00.762651|[g:1][CONSENSUS][PBFT]checkTimeout Succ,view=126085,toView=126086,nodeIdx=2,changeCycle=0,myNode=72961a87...,timecost=0.948
info|2019-11-15 11:00:00.764628|[g:1][CONSENSUS][PBFT]checkAndChangeView: Reach consensus,org_view=126085,org_changeCycle=0,cur_changeCycle=0,to_view=126086
info|2019-11-15 11:00:01.764803|[g:1][CONSENSUS][SEALER]++++++++++++++++ Generating seal on,blkNum=1,tx=0,nodeIdx=2,hash=53e7aa66...
info|2019-11-15 11:00:01.768057|[g:1][CONSENSUS][PBFT]checkTimeout Succ,view=126086,toView=126087,nodeIdx=2,changeCycle=0,myNode=72961a87...,timecost=0.494
info|2019-11-15 11:00:01.768774|[g:1][CONSENSUS][PBFT]checkAndChangeView: Reach consensus,org_view=126086,org_changeCycle=0,cur_changeCycle=0,to_view=126087
info|2019-11-15 11:00:02.769766|[g:1][CONSENSUS]addRawPrepare,height=1,reqIdx=3,hash=8e32221b...
info|2019-11-15 11:00:02.770424|[g:1][CONSENSUS][PBFT]checkTimeout Succ,view=126087,toView=126088,nodeIdx=2,changeCycle=0,myNode=72961a87...,timecost=0.479
info|2019-11-15 11:00:02.772141|[g:1][CONSENSUS][PBFT]checkAndChangeView: Reach consensus,org_view=126087,org_changeCycle=0,cur_changeCycle=0,to_view=126088
info|2019-11-15 11:00:03.774493|[g:1][CONSENSUS]addRawPrepare,height=1,reqIdx=0,hash=5e3e8f19...
info|2019-11-15 11:00:03.775139|[g:1][CONSENSUS][PBFT]checkTimeout Succ,view=126088,toView=126089,nodeIdx=2,changeCycle=0,myNode=72961a87...,timecost=0.473
info|2019-11-15 11:00:03.776827|[g:1][CONSENSUS][PBFT]checkAndChangeView: Reach consensus,org_view=126088,org_changeCycle=0,cur_changeCycle=0,to_view=126089
info|2019-11-15 11:00:04.778358|[g:1][CONSENSUS]addRawPrepare,height=1,reqIdx=1,hash=1e7995e5...
info|2019-11-15 11:00:04.778953|[g:1][CONSENSUS][PBFT]checkTimeout Succ,view=126089,toView=126090,nodeIdx=2,changeCycle=0,myNode=72961a87...,timecost=0.434
info|2019-11-15 11:00:04.780309|[g:1][CONSENSUS][PBFT]checkAndChangeView: Reach consensus,org_view=126089,org_changeCycle=0,cur_changeCycle=0,to_view=126090
info|2019-11-15 11:00:05.072430|[P2P][Service] heartBeat,connected count=3
info|2019-11-15 11:00:05.780270|[g:1][CONSENSUS][SEALER]++++++++++++++++ Generating seal on,blkNum=1,tx=0,nodeIdx=2,hash=c8d00fd0...
info|2019-11-15 11:00:05.781499|[g:1][CONSENSUS][PBFT]checkTimeout Succ,view=126090,toView=126091,nodeIdx=2,changeCycle=0,myNode=72961a87...,timecost=0.776
info|2019-11-15 11:00:05.783981|[g:1][CONSENSUS][PBFT]checkAndChangeView: Reach consensus,org_view=126090,org_changeCycle=0,cur_changeCycle=0,to_view=126091
info|2019-11-15 11:00:06.784635|[g:1][CONSENSUS]addRawPrepare,height=1,reqIdx=3,hash=3e35f853...
info|2019-11-15 11:00:06.785117|[g:1][CONSENSUS][PBFT]checkTimeout Succ,view=126091,toView=126092,nodeIdx=2,changeCycle=0,myNode=72961a87...,timecost=0.366
info|2019-11-15 11:00:06.786357|[g:1][CONSENSUS][PBFT]checkAndChangeView: Reach consensus,org_view=126091,org_changeCycle=0,cur_changeCycle=0,to_view=126092
info|2019-11-15 11:00:07.788238|[g:1][CONSENSUS]addRawPrepare,height=1,reqIdx=0,hash=7c32fa47...
info|2019-11-15 11:00:07.788742|[g:1][CONSENSUS][PBFT]checkTimeout Succ,view=126092,toView=126093,nodeIdx=2,changeCycle=0,myNode=72961a87...,timecost=0.385
info|2019-11-15 11:00:07.790138|[g:1][CONSENSUS][PBFT]checkAndChangeView: Reach consensus,org_view=126092,org_changeCycle=0,cur_changeCycle=0,to_view=126093
info|2019-11-15 11:00:08.790401|[g:1][CONSENSUS]addRawPrepare,height=1,reqIdx=1,hash=9dc303a2...
info|2019-11-15 11:00:08.791266|[g:1][CONSENSUS][PBFT]checkTimeout Succ,view=126093,toView=126094,nodeIdx=2,changeCycle=0,myNode=72961a87...,timecost=0.725
info|2019-11-15 11:00:08.792623|[g:1][CONSENSUS][PBFT]checkAndChangeView: Reach consensus,org_view=126093,org_changeCycle=0,cur_changeCycle=0,to_view=126094
info|2019-11-15 11:00:09.793327|[g:1][CONSENSUS][SEALER]++++++++++++++++ Generating seal on,blkNum=1,tx=0,nodeIdx=2,hash=63092e72...
info|2019-11-15 11:00:09.796000|[g:1][CONSENSUS][PBFT]checkTimeout Succ,view=126094,toView=126095,nodeIdx=2,changeCycle=0,myNode=72961a87...,timecost=0.463
info|2019-11-15 11:00:09.797378|[g:1][CONSENSUS][PBFT]checkAndChangeView: Reach consensus,org_view=126094,org_changeCycle=0,cur_changeCycle=0,to_view=126095
info|2019-11-15 11:00:10.798570|[g:1][CONSENSUS]addRawPrepare,height=1,reqIdx=3,hash=41cb27ac...
info|2019-11-15 11:00:10.799909|[g:1][CONSENSUS][PBFT]checkTimeout Succ,view=126095,toView=126096,nodeIdx=2,changeCycle=0,myNode=72961a87...,timecost=1.157
info|2019-11-15 11:00:10.801371|[g:1][CONSENSUS][PBFT]checkAndChangeView: Reach consensus,org_view=126095,org_changeCycle=0,cur_changeCycle=0,to_view=126096
info|2019-11-15 11:00:11.802437|[g:1][CONSENSUS]addRawPrepare,height=1,reqIdx=0,hash=c41c999a...
info|2019-11-15 11:00:11.803138|[g:1][CONSENSUS][PBFT]checkTimeout Succ,view=126096,toView=126097,nodeIdx=2,changeCycle=0,myNode=72961a87...,timecost=0.554
info|2019-11-15 11:00:11.804906|[g:1][CONSENSUS][PBFT]checkAndChangeView: Reach consensus,org_view=126096,org_changeCycle=0,cur_changeCycle=0,to_view=126097
info|2019-11-15 11:00:12.806314|[g:1][CONSENSUS]addRawPrepare,height=1,reqIdx=1,hash=ec70960b...
info|2019-11-15 11:00:12.806994|[g:1][CONSENSUS][PBFT]checkTimeout Succ,view=126097,toView=126098,nodeIdx=2,changeCycle=0,myNode=72961a87...,timecost=0.547
info|2019-11-15 11:00:12.808504|[g:1][CONSENSUS][PBFT]checkAndChangeView: Reach consensus,org_view=126097,org_changeCycle=0,cur_changeCycle=0,to_view=126098
info|2019-11-15 11:00:13.808653|[g:1][CONSENSUS][SEALER]++++++++++++++++ Generating seal on,blkNum=1,tx=0,nodeIdx=2,hash=b1c77d7e...
info|2019-11-15 11:00:13.811917|[g:1][CONSENSUS][PBFT]checkTimeout Succ,view=126098,toView=126099,nodeIdx=2,changeCycle=0,myNode=72961a87...,timecost=0.438
info|2019-11-15 11:00:13.812842|[g:1][CONSENSUS][PBFT]checkAndChangeView: Reach consensus,org_view=126098,org_changeCycle=0,cur_changeCycle=0,to_view=126099
info|2019-11-15 11:00:14.813859|[g:1][CONSENSUS]addRawPrepare,height=1,reqIdx=3,hash=6d9dee75...
info|2019-11-15 11:00:14.814541|[g:1][CONSENSUS][PBFT]checkTimeout Succ,view=126099,toView=126100,nodeIdx=2,changeCycle=0,myNode=72961a87...,timecost=0.52
info|2019-11-15 11:00:14.816100|[g:1][CONSENSUS][PBFT]checkAndChangeView: Reach consensus,org_view=126099,org_changeCycle=0,cur_changeCycle=0,to_view=126100
info|2019-11-15 11:00:15.075448|[P2P][Service] heartBeat,connected count=3
info|2019-11-15 11:00:15.817297|[g:1][CONSENSUS]addRawPrepare,height=1,reqIdx=0,hash=522fb1ff...
info|2019-11-15 11:00:15.817805|[g:1][CONSENSUS][PBFT]checkTimeout Succ,view=126100,toView=126101,nodeIdx=2,changeCycle=0,myNode=72961a87...,timecost=0.399
info|2019-11-15 11:00:15.819057|[g:1][CONSENSUS][PBFT]checkAndChangeView: Reach consensus,org_view=126100,org_changeCycle=0,cur_changeCycle=0,to_view=126101
info|2019-11-15 11:00:16.820576|[g:1][CONSENSUS]addRawPrepare,height=1,reqIdx=1,hash=ac24938b...
info|2019-11-15 11:00:16.821185|[g:1][CONSENSUS][PBFT]checkTimeout Succ,view=126101,toView=126102,nodeIdx=2,changeCycle=0,myNode=72961a87...,timecost=0.444
info|2019-11-15 11:00:16.822745|[g:1][CONSENSUS][PBFT]checkAndChangeView: Reach consensus,org_view=126101,org_changeCycle=0,cur_changeCycle=0,to_view=126102
info|2019-11-15 11:00:17.823342|[g:1][CONSENSUS][SEALER]++++++++++++++++ Generating seal on,blkNum=1,tx=0,nodeIdx=2,hash=a58d7a5d...
info|2019-11-15 11:00:17.826405|[g:1][CONSENSUS][PBFT]checkTimeout Succ,view=126102,toView=126103,nodeIdx=2,changeCycle=0,myNode=72961a87...,timecost=0.555
info|2019-11-15 11:00:17.827196|[g:1][CONSENSUS][PBFT]checkAndChangeView: Reach consensus,org_view=126102,org_changeCycle=0,cur_changeCycle=0,to_view=126103
info|2019-11-15 11:00:18.827277|[g:1][CONSENSUS]addRawPrepare,height=1,reqIdx=3,hash=203ac498...
info|2019-11-15 11:00:18.827837|[g:1][CONSENSUS][PBFT]checkTimeout Succ,view=126103,toView=126104,nodeIdx=2,changeCycle=0,myNode=72961a87...,timecost=0.451
info|2019-11-15 11:00:18.829352|[g:1][CONSENSUS][PBFT]checkAndChangeView: Reach consensus,org_view=126103,org_changeCycle=0,cur_changeCycle=0,to_view=126104
info|2019-11-15 11:00:19.831041|[g:1][CONSENSUS]addRawPrepare,height=1,reqIdx=0,hash=3f151e9d...
info|2019-11-15 11:00:19.831546|[g:1][CONSENSUS][PBFT]checkTimeout Succ,view=126104,toView=126105,nodeIdx=2,changeCycle=0,myNode=72961a87...,timecost=0.362
info|2019-11-15 11:00:19.832887|[g:1][CONSENSUS][PBFT]checkAndChangeView: Reach consensus,org_view=126104,org_changeCycle=0,cur_changeCycle=0,to_view=126105
info|2019-11-15 11:00:20.833210|[g:1][CONSENSUS]addRawPrepare,height=1,reqIdx=1,hash=a212f330...
info|2019-11-15 11:00:20.833982|[g:1][CONSENSUS][PBFT]checkTimeout Succ,view=126105,toView=126106,nodeIdx=2,changeCycle=0,myNode=72961a87...,timecost=0.641
info|2019-11-15 11:00:20.835049|[g:1][CONSENSUS][PBFT]checkAndChangeView: Reach consensus,org_view=126105,org_changeCycle=0,cur_changeCycle=0,to_view=126106
info|2019-11-15 11:00:21.835405|[g:1][CONSENSUS][SEALER]++++++++++++++++ Generating seal on,blkNum=1,tx=0,nodeIdx=2,hash=2f520acf...
info|2019-11-15 11:00:21.837251|[g:1][CONSENSUS][PBFT]checkTimeout Succ,view=126106,toView=126107,nodeIdx=2,changeCycle=0,myNode=72961a87...,timecost=0.388
info|2019-11-15 11:00:21.838335|[g:1][CONSENSUS][PBFT]checkAndChangeView: Reach consensus,org_view=126106,org_changeCycle=0,cur_changeCycle=0,to_view=126107
info|2019-11-15 11:00:22.840037|[g:1][CONSENSUS]addRawPrepare,height=1,reqIdx=3,hash=6ac80adc...
info|2019-11-15 11:00:22.840497|[g:1][CONSENSUS][PBFT]checkTimeout Succ,view=126107,toView=126108,nodeIdx=2,changeCycle=0,myNode=72961a87...,timecost=0.363
info|2019-11-15 11:00:22.842296|[g:1][CONSENSUS][PBFT]checkAndChangeView: Reach consensus,org_view=126107,org_changeCycle=0,cur_changeCycle=0,to_view=126108
info|2019-11-15 11:00:23.843493|[g:1][CONSENSUS]addRawPrepare,height=1,reqIdx=0,hash=3f23e5b0...
info|2019-11-15 11:00:23.844050|[g:1][CONSENSUS][PBFT]checkTimeout Succ,view=126108,toView=126109,nodeIdx=2,changeCycle=0,myNode=72961a87...,timecost=0.417
info|2019-11-15 11:00:23.845236|[g:1][CONSENSUS][PBFT]checkAndChangeView: Reach consensus,org_view=126108,org_changeCycle=0,cur_changeCycle=0,to_view=126109
info|2019-11-15 11:00:24.846628|[g:1][CONSENSUS]addRawPrepare,height=1,reqIdx=1,hash=43e985e1...
info|2019-11-15 11:00:24.847095|[g:1][CONSENSUS][PBFT]checkTimeout Succ,view=126109,toView=126110,nodeIdx=2,changeCycle=0,myNode=72961a87...,timecost=0.381
info|2019-11-15 11:00:24.848176|[g:1][CONSENSUS][PBFT]checkAndChangeView: Reach consensus,org_view=126109,org_changeCycle=0,cur_changeCycle=0,to_view=126110
info|2019-11-15 11:00:25.077643|[P2P][Service] heartBeat,connected count=3
info|2019-11-15 11:00:25.848409|[g:1][CONSENSUS][SEALER]++++++++++++++++ Generating seal on,blkNum=1,tx=0,nodeIdx=2,hash=8683814e...
info|2019-11-15 11:00:25.849181|[g:1][CONSENSUS][PBFT]checkTimeout Succ,view=126110,toView=126111,nodeIdx=2,changeCycle=0,myNode=72961a87...,timecost=0.383
info|2019-11-15 11:00:25.851514|[g:1][CONSENSUS][PBFT]checkAndChangeView: Reach consensus,org_view=126110,org_changeCycle=0,cur_changeCycle=0,to_view=126111
info|2019-11-15 11:00:26.852771|[g:1][CONSENSUS]addRawPrepare,height=1,reqIdx=3,hash=26fcac64...
info|2019-11-15 11:00:26.853404|[g:1][CONSENSUS][PBFT]checkTimeout Succ,view=126111,toView=126112,nodeIdx=2,changeCycle=0,myNode=72961a87...,timecost=0.491
info|2019-11-15 11:00:26.854626|[g:1][CONSENSUS][PBFT]checkAndChangeView: Reach consensus,org_view=126111,org_changeCycle=0,cur_changeCycle=0,to_view=126112
info|2019-11-15 11:00:27.855748|[g:1][CONSENSUS]addRawPrepare,height=1,reqIdx=0,hash=60126dc0...
info|2019-11-15 11:00:27.856449|[g:1][CONSENSUS][PBFT]checkTimeout Succ,view=126112,toView=126113,nodeIdx=2,changeCycle=0,myNode=72961a87...,timecost=0.536
info|2019-11-15 11:00:27.857880|[g:1][CONSENSUS][PBFT]checkAndChangeView: Reach consensus,org_view=126112,org_changeCycle=0,cur_changeCycle=0,to_view=126113
info|2019-11-15 11:00:28.858088|[g:1][CONSENSUS]addRawPrepare,height=1,reqIdx=1,hash=61fa931d...
info|2019-11-15 11:00:28.858558|[g:1][CONSENSUS][PBFT]checkTimeout Succ,view=126113,toView=126114,nodeIdx=2,changeCycle=0,myNode=72961a87...,timecost=0.344
info|2019-11-15 11:00:28.859531|[g:1][CONSENSUS][PBFT]checkAndChangeView: Reach consensus,org_view=126113,org_changeCycle=0,cur_changeCycle=0,to_view=126114
info|2019-11-15 11:00:29.860286|[g:1][CONSENSUS][SEALER]++++++++++++++++ Generating seal on,blkNum=1,tx=0,nodeIdx=2,hash=cac8a73e...
info|2019-11-15 11:00:29.862759|[g:1][CONSENSUS][PBFT]checkTimeout Succ,view=126114,toView=126115,nodeIdx=2,changeCycle=0,myNode=72961a87...,timecost=0.404
info|2019-11-15 11:00:29.863373|[g:1][CONSENSUS][PBFT]checkAndChangeView: Reach consensus,org_view=126114,org_changeCycle=0,cur_changeCycle=0,to_view=126115
info|2019-11-15 11:00:30.865283|[g:1][CONSENSUS]addRawPrepare,height=1,reqIdx=3,hash=a55cacd9...
info|2019-11-15 11:00:30.866080|[g:1][CONSENSUS][PBFT]checkTimeout Succ,view=126115,toView=126116,nodeIdx=2,changeCycle=0,myNode=72961a87...,timecost=0.641
info|2019-11-15 11:00:30.867170|[g:1][CONSENSUS][PBFT]checkAndChangeView: Reach consensus,org_view=126115,org_changeCycle=0,cur_changeCycle=0,to_view=126116
info|2019-11-15 11:00:31.868308|[g:1][CONSENSUS]addRawPrepare,height=1,reqIdx=0,hash=0805d6d1...
info|2019-11-15 11:00:31.868761|[g:1][CONSENSUS][PBFT]checkTimeout Succ,view=126116,toView=126117,nodeIdx=2,changeCycle=0,myNode=72961a87...,timecost=0.34
info|2019-11-15 11:00:31.869898|[g:1][CONSENSUS][PBFT]checkAndChangeView: Reach consensus,org_view=126116,org_changeCycle=0,cur_changeCycle=0,to_view=126117
info|2019-11-15 11:00:32.870513|[g:1][CONSENSUS]addRawPrepare,height=1,reqIdx=1,hash=d8e20e9d...
info|2019-11-15 11:00:32.870975|[g:1][CONSENSUS][PBFT]checkTimeout Succ,view=126117,toView=126118,nodeIdx=2,changeCycle=0,myNode=72961a87...,timecost=0.338
info|2019-11-15 11:00:32.872388|[g:1][CONSENSUS][PBFT]checkAndChangeView: Reach consensus,org_view=126117,org_changeCycle=0,cur_changeCycle=0,to_view=126118
info|2019-11-15 11:00:33.872286|[g:1][CONSENSUS][SEALER]++++++++++++++++ Generating seal on,blkNum=1,tx=0,nodeIdx=2,hash=cc488de3...
info|2019-11-15 11:00:33.874713|[g:1][CONSENSUS][PBFT]checkTimeout Succ,view=126118,toView=126119,nodeIdx=2,changeCycle=0,myNode=72961a87...,timecost=0.469
info|2019-11-15 11:00:33.875259|[g:1][CONSENSUS][PBFT]checkAndChangeView: Reach consensus,org_view=126118,org_changeCycle=0,cur_changeCycle=0,to_view=126119
info|2019-11-15 11:00:34.877134|[g:1][CONSENSUS]addRawPrepare,height=1,reqIdx=3,hash=9ed379c4...
info|2019-11-15 11:00:34.877807|[g:1][CONSENSUS][PBFT]checkTimeout Succ,view=126119,toView=126120,nodeIdx=2,changeCycle=0,myNode=72961a87...,timecost=0.541
info|2019-11-15 11:00:34.878744|[g:1][CONSENSUS][PBFT]checkAndChangeView: Reach consensus,org_view=126119,org_changeCycle=0,cur_changeCycle=0,to_view=126120
info|2019-11-15 11:00:35.080519|[P2P][Service] heartBeat,connected count=3
info|2019-11-15 11:00:35.879325|[g:1][CONSENSUS]addRawPrepare,height=1,reqIdx=0,hash=457aa6ee...
info|2019-11-15 11:00:35.880219|[g:1][CONSENSUS][PBFT]checkTimeout Succ,view=126120,toView=126121,nodeIdx=2,changeCycle=0,myNode=72961a87...,timecost=0.784
info|2019-11-15 11:00:35.881464|[g:1][CONSENSUS][PBFT]checkAndChangeView: Reach consensus,org_view=126120,org_changeCycle=0,cur_changeCycle=0,to_view=126121
info|2019-11-15 11:00:36.882089|[g:1][CONSENSUS]addRawPrepare,height=1,reqIdx=1,hash=627c66ee...
info|2019-11-15 11:00:36.882490|[g:1][CONSENSUS][PBFT]checkTimeout Succ,view=126121,toView=126122,nodeIdx=2,changeCycle=0,myNode=72961a87...,timecost=0.31
info|2019-11-15 11:00:36.883820|[g:1][CONSENSUS][PBFT]checkAndChangeView: Reach consensus,org_view=126121,org_changeCycle=0,cur_changeCycle=0,to_view=126122
info|2019-11-15 11:00:37.884080|[g:1][CONSENSUS][SEALER]++++++++++++++++ Generating seal on,blkNum=1,tx=0,nodeIdx=2,hash=8f462ca0...
info|2019-11-15 11:00:37.884699|[g:1][CONSENSUS][PBFT]checkTimeout Succ,view=126122,toView=126123,nodeIdx=2,changeCycle=0,myNode=72961a87...,timecost=0.301
info|2019-11-15 11:00:37.886552|[g:1][CONSENSUS][PBFT]checkAndChangeView: Reach consensus,org_view=126122,org_changeCycle=0,cur_changeCycle=0,to_view=126123
info|2019-11-15 11:00:38.887424|[g:1][CONSENSUS]addRawPrepare,height=1,reqIdx=3,hash=f6ddd5af...
info|2019-11-15 11:00:38.888152|[g:1][CONSENSUS][PBFT]checkTimeout Succ,view=126123,toView=126124,nodeIdx=2,changeCycle=0,myNode=72961a87...,timecost=0.544
info|2019-11-15 11:00:38.889342|[g:1][CONSENSUS][PBFT]checkAndChangeView: Reach consensus,org_view=126123,org_changeCycle=0,cur_changeCycle=0,to_view=126124
info|2019-11-15 11:00:39.890563|[g:1][CONSENSUS]addRawPrepare,height=1,reqIdx=0,hash=200dd956...
info|2019-11-15 11:00:39.891094|[g:1][CONSENSUS][PBFT]checkTimeout Succ,view=126124,toView=126125,nodeIdx=2,changeCycle=0,myNode=72961a87...,timecost=0.401
info|2019-11-15 11:00:39.892376|[g:1][CONSENSUS][PBFT]checkAndChangeView: Reach consensus,org_view=126124,org_changeCycle=0,cur_changeCycle=0,to_view=126125
info|2019-11-15 11:00:40.893379|[g:1][CONSENSUS]addRawPrepare,height=1,reqIdx=1,hash=f393e208...
info|2019-11-15 11:00:40.893980|[g:1][CONSENSUS][PBFT]checkTimeout Succ,view=126125,toView=126126,nodeIdx=2,changeCycle=0,myNode=72961a87...,timecost=0.472
info|2019-11-15 11:00:40.895195|[g:1][CONSENSUS][PBFT]checkAndChangeView: Reach consensus,org_view=126125,org_changeCycle=0,cur_changeCycle=0,to_view=126126
info|2019-11-15 11:00:41.895237|[g:1][CONSENSUS][SEALER]++++++++++++++++ Generating seal on,blkNum=1,tx=0,nodeIdx=2,hash=854a55bb...
info|2019-11-15 11:00:41.897616|[g:1][CONSENSUS][PBFT]checkTimeout Succ,view=126126,toView=126127,nodeIdx=2,changeCycle=0,myNode=72961a87...,timecost=0.312
info|2019-11-15 11:00:41.898150|[g:1][CONSENSUS][PBFT]checkAndChangeView: Reach consensus,org_view=126126,org_changeCycle=0,cur_changeCycle=0,to_view=126127
info|2019-11-15 11:00:42.898836|[g:1][CONSENSUS]addRawPrepare,height=1,reqIdx=3,hash=f4ca1e53...
info|2019-11-15 11:00:42.899351|[g:1][CONSENSUS][PBFT]checkTimeout Succ,view=126127,toView=126128,nodeIdx=2,changeCycle=0,myNode=72961a87...,timecost=0.387
info|2019-11-15 11:00:42.900647|[g:1][CONSENSUS][PBFT]checkAndChangeView: Reach consensus,org_view=126127,org_changeCycle=0,cur_changeCycle=0,to_view=126128
info|2019-11-15 11:00:43.901728|[g:1][CONSENSUS]addRawPrepare,height=1,reqIdx=0,hash=7c50d14c...
info|2019-11-15 11:00:43.902242|[g:1][CONSENSUS][PBFT]checkTimeout Succ,view=126128,toView=126129,nodeIdx=2,changeCycle=0,myNode=72961a87...,timecost=0.395
info|2019-11-15 11:00:43.903473|[g:1][CONSENSUS][PBFT]checkAndChangeView: Reach consensus,org_view=126128,org_changeCycle=0,cur_changeCycle=0,to_view=126129
info|2019-11-15 11:00:44.904193|[g:1][CONSENSUS]addRawPrepare,height=1,reqIdx=1,hash=a197d61a...
info|2019-11-15 11:00:44.904771|[g:1][CONSENSUS][PBFT]checkTimeout Succ,view=126129,toView=126130,nodeIdx=2,changeCycle=0,myNode=72961a87...,timecost=0.46
info|2019-11-15 11:00:44.905918|[g:1][CONSENSUS][PBFT]checkAndChangeView: Reach consensus,org_view=126129,org_changeCycle=0,cur_changeCycle=0,to_view=126130
info|2019-11-15 11:00:45.084244|[P2P][Service] heartBeat,connected count=3
info|2019-11-15 11:00:45.905333|[g:1][CONSENSUS][SEALER]++++++++++++++++ Generating seal on,blkNum=1,tx=0,nodeIdx=2,hash=83fec6fe...
info|2019-11-15 11:00:45.905995|[g:1][CONSENSUS][PBFT]checkTimeout Succ,view=126130,toView=126131,nodeIdx=2,changeCycle=0,myNode=72961a87...,timecost=0.369
info|2019-11-15 11:00:45.908049|[g:1][CONSENSUS][PBFT]checkAndChangeView: Reach consensus,org_view=126130,org_changeCycle=0,cur_changeCycle=0,to_view=126131
info|2019-11-15 11:00:46.910225|[g:1][CONSENSUS]addRawPrepare,height=1,reqIdx=3,hash=e2bd942e...
info|2019-11-15 11:00:46.910761|[g:1][CONSENSUS][PBFT]checkTimeout Succ,view=126131,toView=126132,nodeIdx=2,changeCycle=0,myNode=72961a87...,timecost=0.42
info|2019-11-15 11:00:46.911908|[g:1][CONSENSUS][PBFT]checkAndChangeView: Reach consensus,org_view=126131,org_changeCycle=0,cur_changeCycle=0,to_view=126132
info|2019-11-15 11:00:47.914279|[g:1][CONSENSUS]addRawPrepare,height=1,reqIdx=0,hash=e95e5cea...
info|2019-11-15 11:00:47.914937|[g:1][CONSENSUS][PBFT]checkTimeout Succ,view=126132,toView=126133,nodeIdx=2,changeCycle=0,myNode=72961a87...,timecost=0.491
info|2019-11-15 11:00:47.916218|[g:1][CONSENSUS][PBFT]checkAndChangeView: Reach consensus,org_view=126132,org_changeCycle=0,cur_changeCycle=0,to_view=126133
info|2019-11-15 11:00:48.916393|[g:1][CONSENSUS]addRawPrepare,height=1,reqIdx=1,hash=5927bb6a...
info|2019-11-15 11:00:48.916803|[g:1][CONSENSUS][PBFT]checkTimeout Succ,view=126133,toView=126134,nodeIdx=2,changeCycle=0,myNode=72961a87...,timecost=0.323
info|2019-11-15 11:00:48.917862|[g:1][CONSENSUS][PBFT]checkAndChangeView: Reach consensus,org_view=126133,org_changeCycle=0,cur_changeCycle=0,to_view=126134
info|2019-11-15 11:00:49.918004|[g:1][CONSENSUS][SEALER]++++++++++++++++ Generating seal on,blkNum=1,tx=0,nodeIdx=2,hash=bb9f4daa...
info|2019-11-15 11:00:49.918619|[g:1][CONSENSUS][PBFT]checkTimeout Succ,view=126134,toView=126135,nodeIdx=2,changeCycle=0,myNode=72961a87...,timecost=0.297
info|2019-11-15 11:00:49.920679|[g:1][CONSENSUS][PBFT]checkAndChangeView: Reach consensus,org_view=126134,org_changeCycle=0,cur_changeCycle=0,to_view=126135
info|2019-11-15 11:00:50.921690|[g:1][CONSENSUS]addRawPrepare,height=1,reqIdx=3,hash=c3bf724d...
info|2019-11-15 11:00:50.922365|[g:1][CONSENSUS][PBFT]checkTimeout Succ,view=126135,toView=126136,nodeIdx=2,changeCycle=0,myNode=72961a87...,timecost=0.585
info|2019-11-15 11:00:50.923447|[g:1][CONSENSUS][PBFT]checkAndChangeView: Reach consensus,org_view=126135,org_changeCycle=0,cur_changeCycle=0,to_view=126136
info|2019-11-15 11:00:51.924858|[g:1][CONSENSUS]addRawPrepare,height=1,reqIdx=0,hash=8714af77...
info|2019-11-15 11:00:51.925307|[g:1][CONSENSUS][PBFT]checkTimeout Succ,view=126136,toView=126137,nodeIdx=2,changeCycle=0,myNode=72961a87...,timecost=0.33
info|2019-11-15 11:00:51.926490|[g:1][CONSENSUS][PBFT]checkAndChangeView: Reach consensus,org_view=126136,org_changeCycle=0,cur_changeCycle=0,to_view=126137
info|2019-11-15 11:00:52.927865|[g:1][CONSENSUS]addRawPrepare,height=1,reqIdx=1,hash=6a40d7fc...
info|2019-11-15 11:00:52.928310|[g:1][CONSENSUS][PBFT]checkTimeout Succ,view=126137,toView=126138,nodeIdx=2,changeCycle=0,myNode=72961a87...,timecost=0.355
info|2019-11-15 11:00:52.929727|[g:1][CONSENSUS][PBFT]checkAndChangeView: Reach consensus,org_view=126137,org_changeCycle=0,cur_changeCycle=0,to_view=126138
info|2019-11-15 11:00:53.929989|[g:1][CONSENSUS][SEALER]++++++++++++++++ Generating seal on,blkNum=1,tx=0,nodeIdx=2,hash=90a02729...
info|2019-11-15 11:00:53.932475|[g:1][CONSENSUS][PBFT]checkTimeout Succ,view=126138,toView=126139,nodeIdx=2,changeCycle=0,myNode=72961a87...,timecost=0.356
info|2019-11-15 11:00:53.933027|[g:1][CONSENSUS][PBFT]checkAndChangeView: Reach consensus,org_view=126138,org_changeCycle=0,cur_changeCycle=0,to_view=126139
info|2019-11-15 11:00:54.933698|[g:1][CONSENSUS]addRawPrepare,height=1,reqIdx=3,hash=a614bd53...
info|2019-11-15 11:00:54.934143|[g:1][CONSENSUS][PBFT]checkTimeout Succ,view=126139,toView=126140,nodeIdx=2,changeCycle=0,myNode=72961a87...,timecost=0.353
info|2019-11-15 11:00:54.935319|[g:1][CONSENSUS][PBFT]checkAndChangeView: Reach consensus,org_view=126139,org_changeCycle=0,cur_changeCycle=0,to_view=126140
info|2019-11-15 11:00:55.087510|[P2P][Service] heartBeat,connected count=3
info|2019-11-15 11:00:55.936905|[g:1][CONSENSUS]addRawPrepare,height=1,reqIdx=0,hash=7e831e33...
info|2019-11-15 11:00:55.937879|[g:1][CONSENSUS][PBFT]checkTimeout Succ,view=126140,toView=126141,nodeIdx=2,changeCycle=0,myNode=72961a87...,timecost=0.864
info|2019-11-15 11:00:55.939088|[g:1][CONSENSUS][PBFT]checkAndChangeView: Reach consensus,org_view=126140,org_changeCycle=0,cur_changeCycle=0,to_view=126141
info|2019-11-15 11:00:56.940210|[g:1][CONSENSUS]addRawPrepare,height=1,reqIdx=1,hash=d0711dfe...
info|2019-11-15 11:00:56.940735|[g:1][CONSENSUS][PBFT]checkTimeout Succ,view=126141,toView=126142,nodeIdx=2,changeCycle=0,myNode=72961a87...,timecost=0.425
info|2019-11-15 11:00:56.942074|[g:1][CONSENSUS][PBFT]checkAndChangeView: Reach consensus,org_view=126141,org_changeCycle=0,cur_changeCycle=0,to_view=126142
info|2019-11-15 11:00:57.943081|[g:1][CONSENSUS][SEALER]++++++++++++++++ Generating seal on,blkNum=1,tx=0,nodeIdx=2,hash=c5bf27b8...
info|2019-11-15 11:00:57.943700|[g:1][CONSENSUS][PBFT]checkTimeout Succ,view=126142,toView=126143,nodeIdx=2,changeCycle=0,myNode=72961a87...,timecost=0.307
info|2019-11-15 11:00:57.945778|[g:1][CONSENSUS][PBFT]checkAndChangeView: Reach consensus,org_view=126142,org_changeCycle=0,cur_changeCycle=0,to_view=126143
info|2019-11-15 11:00:58.946464|[g:1][CONSENSUS]addRawPrepare,height=1,reqIdx=3,hash=e5449687...
info|2019-11-15 11:00:58.946995|[g:1][CONSENSUS][PBFT]checkTimeout Succ,view=126143,toView=126144,nodeIdx=2,changeCycle=0,myNode=72961a87...,timecost=0.415
info|2019-11-15 11:00:58.948169|[g:1][CONSENSUS][PBFT]checkAndChangeView: Reach consensus,org_view=126143,org_changeCycle=0,cur_changeCycle=0,to_view=126144
info|2019-11-15 11:00:59.949842|[g:1][CONSENSUS]addRawPrepare,height=1,reqIdx=0,hash=d58e4015...
info|2019-11-15 11:00:59.950390|[g:1][CONSENSUS][PBFT]checkTimeout Succ,view=126144,toView=126145,nodeIdx=2,changeCycle=0,myNode=72961a87...,timecost=0.42
info|2019-11-15 11:00:59.951576|[g:1][CONSENSUS][PBFT]checkAndChangeView: Reach consensus,org_view=126144,org_changeCycle=0,cur_changeCycle=0,to_view=126145
info|2019-11-15 11:01:00.952701|[g:1][CONSENSUS]addRawPrepare,height=1,reqIdx=1,hash=d92d9381...
info|2019-11-15 11:01:00.953232|[g:1][CONSENSUS][PBFT]checkTimeout Succ,view=126145,toView=126146,nodeIdx=2,changeCycle=0,myNode=72961a87...,timecost=0.445
info|2019-11-15 11:01:00.954389|[g:1][CONSENSUS][PBFT]checkAndChangeView: Reach consensus,org_view=126145,org_changeCycle=0,cur_changeCycle=0,to_view=126146
info|2019-11-15 11:01:01.954994|[g:1][CONSENSUS][SEALER]++++++++++++++++ Generating seal on,blkNum=1,tx=0,nodeIdx=2,hash=87389128...
info|2019-11-15 11:01:01.955571|[g:1][CONSENSUS][PBFT]checkTimeout Succ,view=126146,toView=126147,nodeIdx=2,changeCycle=0,myNode=72961a87...,timecost=0.28
info|2019-11-15 11:01:01.957519|[g:1][CONSENSUS][PBFT]checkAndChangeView: Reach consensus,org_view=126146,org_changeCycle=0,cur_changeCycle=0,to_view=126147
info|2019-11-15 11:01:02.958596|[g:1][CONSENSUS]addRawPrepare,height=1,reqIdx=3,hash=18aca059...
info|2019-11-15 11:01:02.959078|[g:1][CONSENSUS][PBFT]checkTimeout Succ,view=126147,toView=126148,nodeIdx=2,changeCycle=0,myNode=72961a87...,timecost=0.346
info|2019-11-15 11:01:02.960069|[g:1][CONSENSUS][PBFT]checkAndChangeView: Reach consensus,org_view=126147,org_changeCycle=0,cur_changeCycle=0,to_view=126148
info|2019-11-15 11:01:03.961252|[g:1][CONSENSUS]addRawPrepare,height=1,reqIdx=0,hash=080284d7...
info|2019-11-15 11:01:03.961861|[g:1][CONSENSUS][PBFT]checkTimeout Succ,view=126148,toView=126149,nodeIdx=2,changeCycle=0,myNode=72961a87...,timecost=0.431
info|2019-11-15 11:01:03.963470|[g:1][CONSENSUS][PBFT]checkAndChangeView: Reach consensus,org_view=126148,org_changeCycle=0,cur_changeCycle=0,to_view=126149
info|2019-11-15 11:01:04.965068|[g:1][CONSENSUS]addRawPrepare,height=1,reqIdx=1,hash=c7d3c1e4...
info|2019-11-15 11:01:04.965614|[g:1][CONSENSUS][PBFT]checkTimeout Succ,view=126149,toView=126150,nodeIdx=2,changeCycle=0,myNode=72961a87...,timecost=0.421
info|2019-11-15 11:01:04.966623|[g:1][CONSENSUS][PBFT]checkAndChangeView: Reach consensus,org_view=126149,org_changeCycle=0,cur_changeCycle=0,to_view=126150
info|2019-11-15 11:01:05.091061|[P2P][Service] heartBeat,connected count=3
info|2019-11-15 11:01:05.966480|[g:1][CONSENSUS][SEALER]++++++++++++++++ Generating seal on,blkNum=1,tx=0,nodeIdx=2,hash=9e6e2187...
info|2019-11-15 11:01:05.968529|[g:1][CONSENSUS][PBFT]checkTimeout Succ,view=126150,toView=126151,nodeIdx=2,changeCycle=0,myNode=72961a87...,timecost=0.366
info|2019-11-15 11:01:05.969617|[g:1][CONSENSUS][PBFT]checkAndChangeView: Reach consensus,org_view=126150,org_changeCycle=0,cur_changeCycle=0,to_view=126151
info|2019-11-15 11:01:06.971260|[g:1][CONSENSUS]addRawPrepare,height=1,reqIdx=3,hash=83cf3f2a...
info|2019-11-15 11:01:06.971703|[g:1][CONSENSUS][PBFT]checkTimeout Succ,view=126151,toView=126152,nodeIdx=2,changeCycle=0,myNode=72961a87...,timecost=0.319
info|2019-11-15 11:01:06.972829|[g:1][CONSENSUS][PBFT]checkAndChangeView: Reach consensus,org_view=126151,org_changeCycle=0,cur_changeCycle=0,to_view=126152
info|2019-11-15 11:01:07.973330|[g:1][CONSENSUS]addRawPrepare,height=1,reqIdx=0,hash=44dcecdc...
info|2019-11-15 11:01:07.973784|[g:1][CONSENSUS][PBFT]checkTimeout Succ,view=126152,toView=126153,nodeIdx=2,changeCycle=0,myNode=72961a87...,timecost=0.353
info|2019-11-15 11:01:07.974880|[g:1][CONSENSUS][PBFT]checkAndChangeView: Reach consensus,org_view=126152,org_changeCycle=0,cur_changeCycle=0,to_view=126153
info|2019-11-15 11:01:08.977048|[g:1][CONSENSUS]addRawPrepare,height=1,reqIdx=1,hash=c821337b...
info|2019-11-15 11:01:08.977518|[g:1][CONSENSUS][PBFT]checkTimeout Succ,view=126153,toView=126154,nodeIdx=2,changeCycle=0,myNode=72961a87...,timecost=0.345
info|2019-11-15 11:01:08.978684|[g:1][CONSENSUS][PBFT]checkAndChangeView: Reach consensus,org_view=126153,org_changeCycle=0,cur_changeCycle=0,to_view=126154
info|2019-11-15 11:01:09.979202|[g:1][CONSENSUS][SEALER]++++++++++++++++ Generating seal on,blkNum=1,tx=0,nodeIdx=2,hash=09b7b80e...
info|2019-11-15 11:01:09.981610|[g:1][CONSENSUS][PBFT]checkTimeout Succ,view=126154,toView=126155,nodeIdx=2,changeCycle=0,myNode=72961a87...,timecost=0.308
info|2019-11-15 11:01:09.982211|[g:1][CONSENSUS][PBFT]checkAndChangeView: Reach consensus,org_view=126154,org_changeCycle=0,cur_changeCycle=0,to_view=126155
info|2019-11-15 11:01:10.982482|[g:1][CONSENSUS]addRawPrepare,height=1,reqIdx=3,hash=072214f7...
info|2019-11-15 11:01:10.983483|[g:1][CONSENSUS][PBFT]checkTimeout Succ,view=126155,toView=126156,nodeIdx=2,changeCycle=0,myNode=72961a87...,timecost=0.884
info|2019-11-15 11:01:10.984780|[g:1][CONSENSUS][PBFT]checkAndChangeView: Reach consensus,org_view=126155,org_changeCycle=0,cur_changeCycle=0,to_view=126156
info|2019-11-15 11:01:11.986030|[g:1][CONSENSUS]addRawPrepare,height=1,reqIdx=0,hash=825ddbaa...
info|2019-11-15 11:01:11.986560|[g:1][CONSENSUS][PBFT]checkTimeout Succ,view=126156,toView=126157,nodeIdx=2,changeCycle=0,myNode=72961a87...,timecost=0.417
info|2019-11-15 11:01:11.987814|[g:1][CONSENSUS][PBFT]checkAndChangeView: Reach consensus,org_view=126156,org_changeCycle=0,cur_changeCycle=0,to_view=126157
info|2019-11-15 11:01:12.988738|[g:1][CONSENSUS]addRawPrepare,height=1,reqIdx=1,hash=cc48f9c3...
info|2019-11-15 11:01:12.989189|[g:1][CONSENSUS][PBFT]checkTimeout Succ,view=126157,toView=126158,nodeIdx=2,changeCycle=0,myNode=72961a87...,timecost=0.358
info|2019-11-15 11:01:12.990528|[g:1][CONSENSUS][PBFT]checkAndChangeView: Reach consensus,org_view=126157,org_changeCycle=0,cur_changeCycle=0,to_view=126158
info|2019-11-15 11:01:13.991175|[g:1][CONSENSUS][SEALER]++++++++++++++++ Generating seal on,blkNum=1,tx=0,nodeIdx=2,hash=0e248027...
info|2019-11-15 11:01:13.991759|[g:1][CONSENSUS][PBFT]checkTimeout Succ,view=126158,toView=126159,nodeIdx=2,changeCycle=0,myNode=72961a87...,timecost=0.289
info|2019-11-15 11:01:13.993983|[g:1][CONSENSUS][PBFT]checkAndChangeView: Reach consensus,org_view=126158,org_changeCycle=0,cur_changeCycle=0,to_view=126159
info|2019-11-15 11:01:14.996136|[g:1][CONSENSUS]addRawPrepare,height=1,reqIdx=3,hash=93dda7ef...
info|2019-11-15 11:01:14.996600|[g:1][CONSENSUS][PBFT]checkTimeout Succ,view=126159,toView=126160,nodeIdx=2,changeCycle=0,myNode=72961a87...,timecost=0.335
info|2019-11-15 11:01:14.997955|[g:1][CONSENSUS][PBFT]checkAndChangeView: Reach consensus,org_view=126159,org_changeCycle=0,cur_changeCycle=0,to_view=126160
info|2019-11-15 11:01:15.094216|[P2P][Service] heartBeat,connected count=3
info|2019-11-15 11:01:15.998522|[g:1][CONSENSUS]addRawPrepare,height=1,reqIdx=0,hash=9aa598e6...
info|2019-11-15 11:01:15.999086|[g:1][CONSENSUS][PBFT]checkTimeout Succ,view=126160,toView=126161,nodeIdx=2,changeCycle=0,myNode=72961a87...,timecost=0.447
info|2019-11-15 11:01:16.000262|[g:1][CONSENSUS][PBFT]checkAndChangeView: Reach consensus,org_view=126160,org_changeCycle=0,cur_changeCycle=0,to_view=126161
info|2019-11-15 11:01:17.001406|[g:1][CONSENSUS]addRawPrepare,height=1,reqIdx=1,hash=74344ef0...
info|2019-11-15 11:01:17.001849|[g:1][CONSENSUS][PBFT]checkTimeout Succ,view=126161,toView=126162,nodeIdx=2,changeCycle=0,myNode=72961a87...,timecost=0.351
info|2019-11-15 11:01:17.002962|[g:1][CONSENSUS][PBFT]checkAndChangeView: Reach consensus,org_view=126161,org_changeCycle=0,cur_changeCycle=0,to_view=126162
info|2019-11-15 11:01:18.002332|[g:1][CONSENSUS][SEALER]++++++++++++++++ Generating seal on,blkNum=1,tx=0,nodeIdx=2,hash=2db8ed7c...
info|2019-11-15 11:01:18.004218|[g:1][CONSENSUS][PBFT]checkTimeout Succ,view=126162,toView=126163,nodeIdx=2,changeCycle=0,myNode=72961a87...,timecost=0.425
info|2019-11-15 11:01:18.005294|[g:1][CONSENSUS][PBFT]checkAndChangeView: Reach consensus,org_view=126162,org_changeCycle=0,cur_changeCycle=0,to_view=126163
info|2019-11-15 11:01:19.005872|[g:1][CONSENSUS]addRawPrepare,height=1,reqIdx=3,hash=4c962f53...
info|2019-11-15 11:01:19.006325|[g:1][CONSENSUS][PBFT]checkTimeout Succ,view=126163,toView=126164,nodeIdx=2,changeCycle=0,myNode=72961a87...,timecost=0.354
info|2019-11-15 11:01:19.007796|[g:1][CONSENSUS][PBFT]checkAndChangeView: Reach consensus,org_view=126163,org_changeCycle=0,cur_changeCycle=0,to_view=126164
info|2019-11-15 11:01:20.008765|[g:1][CONSENSUS]addRawPrepare,height=1,reqIdx=0,hash=f7eb270d...
info|2019-11-15 11:01:20.009193|[g:1][CONSENSUS][PBFT]checkTimeout Succ,view=126164,toView=126165,nodeIdx=2,changeCycle=0,myNode=72961a87...,timecost=0.33
info|2019-11-15 11:01:20.010386|[g:1][CONSENSUS][PBFT]checkAndChangeView: Reach consensus,org_view=126164,org_changeCycle=0,cur_changeCycle=0,to_view=126165
info|2019-11-15 11:01:21.012348|[g:1][CONSENSUS]addRawPrepare,height=1,reqIdx=1,hash=b2f773e3...
info|2019-11-15 11:01:21.012935|[g:1][CONSENSUS][PBFT]checkTimeout Succ,view=126165,toView=126166,nodeIdx=2,changeCycle=0,myNode=72961a87...,timecost=0.467
info|2019-11-15 11:01:21.014363|[g:1][CONSENSUS][PBFT]checkAndChangeView: Reach consensus,org_view=126165,org_changeCycle=0,cur_changeCycle=0,to_view=126166
info|2019-11-15 11:01:22.014775|[g:1][CONSENSUS][SEALER]++++++++++++++++ Generating seal on,blkNum=1,tx=0,nodeIdx=2,hash=0258c263...
info|2019-11-15 11:01:22.017351|[g:1][CONSENSUS][PBFT]checkTimeout Succ,view=126166,toView=126167,nodeIdx=2,changeCycle=0,myNode=72961a87...,timecost=0.347
info|2019-11-15 11:01:22.017911|[g:1][CONSENSUS][PBFT]checkAndChangeView: Reach consensus,org_view=126166,org_changeCycle=0,cur_changeCycle=0,to_view=126167
info|2019-11-15 11:01:23.019665|[g:1][CONSENSUS]addRawPrepare,height=1,reqIdx=3,hash=938ebec4...
info|2019-11-15 11:01:23.020244|[g:1][CONSENSUS][PBFT]checkTimeout Succ,view=126167,toView=126168,nodeIdx=2,changeCycle=0,myNode=72961a87...,timecost=0.454
info|2019-11-15 11:01:23.021219|[g:1][CONSENSUS][PBFT]checkAndChangeView: Reach consensus,org_view=126167,org_changeCycle=0,cur_changeCycle=0,to_view=126168
info|2019-11-15 11:01:24.022950|[g:1][CONSENSUS]addRawPrepare,height=1,reqIdx=0,hash=23026718...
info|2019-11-15 11:01:24.023467|[g:1][CONSENSUS][PBFT]checkTimeout Succ,view=126168,toView=126169,nodeIdx=2,changeCycle=0,myNode=72961a87...,timecost=0.399
info|2019-11-15 11:01:24.024731|[g:1][CONSENSUS][PBFT]checkAndChangeView: Reach consensus,org_view=126168,org_changeCycle=0,cur_changeCycle=0,to_view=126169
info|2019-11-15 11:01:25.025325|[g:1][CONSENSUS]addRawPrepare,height=1,reqIdx=1,hash=ab8054f8...
info|2019-11-15 11:01:25.025780|[g:1][CONSENSUS][PBFT]checkTimeout Succ,view=126169,toView=126170,nodeIdx=2,changeCycle=0,myNode=72961a87...,timecost=0.333
info|2019-11-15 11:01:25.026932|[g:1][CONSENSUS][PBFT]checkAndChangeView: Reach consensus,org_view=126169,org_changeCycle=0,cur_changeCycle=0,to_view=126170
info|2019-11-15 11:01:25.097174|[P2P][Service] heartBeat,connected count=3
info|2019-11-15 11:01:26.026355|[g:1][CONSENSUS][SEALER]++++++++++++++++ Generating seal on,blkNum=1,tx=0,nodeIdx=2,hash=717b8a07...
info|2019-11-15 11:01:26.027381|[g:1][CONSENSUS][PBFT]checkTimeout Succ,view=126170,toView=126171,nodeIdx=2,changeCycle=0,myNode=72961a87...,timecost=0.526
info|2019-11-15 11:01:26.030088|[g:1][CONSENSUS][PBFT]checkAndChangeView: Reach consensus,org_view=126170,org_changeCycle=0,cur_changeCycle=0,to_view=126171
info|2019-11-15 11:01:27.031980|[g:1][CONSENSUS]addRawPrepare,height=1,reqIdx=3,hash=0226e5cc...
info|2019-11-15 11:01:27.032569|[g:1][CONSENSUS][PBFT]checkTimeout Succ,view=126171,toView=126172,nodeIdx=2,changeCycle=0,myNode=72961a87...,timecost=0.464
info|2019-11-15 11:01:27.033959|[g:1][CONSENSUS][PBFT]checkAndChangeView: Reach consensus,org_view=126171,org_changeCycle=0,cur_changeCycle=0,to_view=126172
info|2019-11-15 11:01:28.036079|[g:1][CONSENSUS]addRawPrepare,height=1,reqIdx=0,hash=89106b12...
info|2019-11-15 11:01:28.036544|[g:1][CONSENSUS][PBFT]checkTimeout Succ,view=126172,toView=126173,nodeIdx=2,changeCycle=0,myNode=72961a87...,timecost=0.346
info|2019-11-15 11:01:28.037634|[g:1][CONSENSUS][PBFT]checkAndChangeView: Reach consensus,org_view=126172,org_changeCycle=0,cur_changeCycle=0,to_view=126173
info|2019-11-15 11:01:29.039360|[g:1][CONSENSUS]addRawPrepare,height=1,reqIdx=1,hash=19a90a2d...
info|2019-11-15 11:01:29.039960|[g:1][CONSENSUS][PBFT]checkTimeout Succ,view=126173,toView=126174,nodeIdx=2,changeCycle=0,myNode=72961a87...,timecost=0.466
info|2019-11-15 11:01:29.041410|[g:1][CONSENSUS][PBFT]checkAndChangeView: Reach consensus,org_view=126173,org_changeCycle=0,cur_changeCycle=0,to_view=126174
info|2019-11-15 11:01:30.041580|[g:1][CONSENSUS][SEALER]++++++++++++++++ Generating seal on,blkNum=1,tx=0,nodeIdx=2,hash=57287967...
info|2019-11-15 11:01:30.042435|[g:1][CONSENSUS][PBFT]checkTimeout Succ,view=126174,toView=126175,nodeIdx=2,changeCycle=0,myNode=72961a87...,timecost=0.423
info|2019-11-15 11:01:30.044799|[g:1][CONSENSUS][PBFT]checkAndChangeView: Reach consensus,org_view=126174,org_changeCycle=0,cur_changeCycle=0,to_view=126175
info|2019-11-15 11:01:31.046735|[g:1][CONSENSUS]addRawPrepare,height=1,reqIdx=3,hash=b9823245...
info|2019-11-15 11:01:31.047332|[g:1][CONSENSUS][PBFT]checkTimeout Succ,view=126175,toView=126176,nodeIdx=2,changeCycle=0,myNode=72961a87...,timecost=0.377
info|2019-11-15 11:01:31.048455|[g:1][CONSENSUS][PBFT]checkAndChangeView: Reach consensus,org_view=126175,org_changeCycle=0,cur_changeCycle=0,to_view=126176
info|2019-11-15 11:01:32.050239|[g:1][CONSENSUS]addRawPrepare,height=1,reqIdx=0,hash=673f2c97...
info|2019-11-15 11:01:32.050795|[g:1][CONSENSUS][PBFT]checkTimeout Succ,view=126176,toView=126177,nodeIdx=2,changeCycle=0,myNode=72961a87...,timecost=0.421
info|2019-11-15 11:01:32.052201|[g:1][CONSENSUS][PBFT]checkAndChangeView: Reach consensus,org_view=126176,org_changeCycle=0,cur_changeCycle=0,to_view=126177
info|2019-11-15 11:01:33.053359|[g:1][CONSENSUS]addRawPrepare,height=1,reqIdx=1,hash=423db959...
info|2019-11-15 11:01:33.054179|[g:1][CONSENSUS][PBFT]checkTimeout Succ,view=126177,toView=126178,nodeIdx=2,changeCycle=0,myNode=72961a87...,timecost=0.663
info|2019-11-15 11:01:33.055689|[g:1][CONSENSUS][PBFT]checkAndChangeView: Reach consensus,org_view=126177,org_changeCycle=0,cur_changeCycle=0,to_view=126178
info|2019-11-15 11:01:34.056135|[g:1][CONSENSUS][SEALER]++++++++++++++++ Generating seal on,blkNum=1,tx=0,nodeIdx=2,hash=5dee2def...
info|2019-11-15 11:01:34.058497|[g:1][CONSENSUS][PBFT]checkTimeout Succ,view=126178,toView=126179,nodeIdx=2,changeCycle=0,myNode=72961a87...,timecost=0.324
info|2019-11-15 11:01:34.059073|[g:1][CONSENSUS][PBFT]checkAndChangeView: Reach consensus,org_view=126178,org_changeCycle=0,cur_changeCycle=0,to_view=126179
info|2019-11-15 11:01:35.059273|[g:1][CONSENSUS]addRawPrepare,height=1,reqIdx=3,hash=d821a0db...
info|2019-11-15 11:01:35.059735|[g:1][CONSENSUS][PBFT]checkTimeout Succ,view=126179,toView=126180,nodeIdx=2,changeCycle=0,myNode=72961a87...,timecost=0.344
info|2019-11-15 11:01:35.060781|[g:1][CONSENSUS][PBFT]checkAndChangeView: Reach consensus,org_view=126179,org_changeCycle=0,cur_changeCycle=0,to_view=126180
info|2019-11-15 11:01:35.100899|[P2P][Service] heartBeat,connected count=3
info|2019-11-15 11:01:36.062405|[g:1][CONSENSUS]addRawPrepare,height=1,reqIdx=0,hash=48210931...
info|2019-11-15 11:01:36.063873|[g:1][CONSENSUS][PBFT]checkTimeout Succ,view=126180,toView=126181,nodeIdx=2,changeCycle=0,myNode=72961a87...,timecost=1.305
info|2019-11-15 11:01:36.065762|[g:1][CONSENSUS][PBFT]checkAndChangeView: Reach consensus,org_view=126180,org_changeCycle=0,cur_changeCycle=0,to_view=126181
info|2019-11-15 11:01:37.066756|[g:1][CONSENSUS]addRawPrepare,height=1,reqIdx=1,hash=992f946a...
info|2019-11-15 11:01:37.067275|[g:1][CONSENSUS][PBFT]checkTimeout Succ,view=126181,toView=126182,nodeIdx=2,changeCycle=0,myNode=72961a87...,timecost=0.386
info|2019-11-15 11:01:37.068523|[g:1][CONSENSUS][PBFT]checkAndChangeView: Reach consensus,org_view=126181,org_changeCycle=0,cur_changeCycle=0,to_view=126182
info|2019-11-15 11:01:38.068475|[g:1][CONSENSUS][SEALER]++++++++++++++++ Generating seal on,blkNum=1,tx=0,nodeIdx=2,hash=75c8f4ef...
info|2019-11-15 11:01:38.071572|[g:1][CONSENSUS][PBFT]checkTimeout Succ,view=126182,toView=126183,nodeIdx=2,changeCycle=0,myNode=72961a87...,timecost=0.534
info|2019-11-15 11:01:38.072329|[g:1][CONSENSUS][PBFT]checkAndChangeView: Reach consensus,org_view=126182,org_changeCycle=0,cur_changeCycle=0,to_view=126183
info|2019-11-15 11:01:39.073078|[g:1][CONSENSUS]addRawPrepare,height=1,reqIdx=3,hash=921ee1d4...
info|2019-11-15 11:01:39.073753|[g:1][CONSENSUS][PBFT]checkTimeout Succ,view=126183,toView=126184,nodeIdx=2,changeCycle=0,myNode=72961a87...,timecost=0.534
info|2019-11-15 11:01:39.075426|[g:1][CONSENSUS][PBFT]checkAndChangeView: Reach consensus,org_view=126183,org_changeCycle=0,cur_changeCycle=0,to_view=126184
info|2019-11-15 11:01:40.076381|[g:1][CONSENSUS]addRawPrepare,height=1,reqIdx=0,hash=6e4b3c83...
info|2019-11-15 11:01:40.076836|[g:1][CONSENSUS][PBFT]checkTimeout Succ,view=126184,toView=126185,nodeIdx=2,changeCycle=0,myNode=72961a87...,timecost=0.334
info|2019-11-15 11:01:40.077972|[g:1][CONSENSUS][PBFT]checkAndChangeView: Reach consensus,org_view=126184,org_changeCycle=0,cur_changeCycle=0,to_view=126185
info|2019-11-15 11:01:41.078825|[g:1][CONSENSUS]addRawPrepare,height=1,reqIdx=1,hash=d768fba9...
info|2019-11-15 11:01:41.079453|[g:1][CONSENSUS][PBFT]checkTimeout Succ,view=126185,toView=126186,nodeIdx=2,changeCycle=0,myNode=72961a87...,timecost=0.486
info|2019-11-15 11:01:41.081223|[g:1][CONSENSUS][PBFT]checkAndChangeView: Reach consensus,org_view=126185,org_changeCycle=0,cur_changeCycle=0,to_view=126186
info|2019-11-15 11:01:42.081604|[g:1][CONSENSUS][SEALER]++++++++++++++++ Generating seal on,blkNum=1,tx=0,nodeIdx=2,hash=7b633f0f...
info|2019-11-15 11:01:42.083605|[g:1][CONSENSUS][PBFT]checkTimeout Succ,view=126186,toView=126187,nodeIdx=2,changeCycle=0,myNode=72961a87...,timecost=0.352
info|2019-11-15 11:01:42.084727|[g:1][CONSENSUS][PBFT]checkAndChangeView: Reach consensus,org_view=126186,org_changeCycle=0,cur_changeCycle=0,to_view=126187
info|2019-11-15 11:01:43.085631|[g:1][CONSENSUS]addRawPrepare,height=1,reqIdx=3,hash=c0f07e12...
info|2019-11-15 11:01:43.086254|[g:1][CONSENSUS][PBFT]checkTimeout Succ,view=126187,toView=126188,nodeIdx=2,changeCycle=0,myNode=72961a87...,timecost=0.497
info|2019-11-15 11:01:43.087884|[g:1][CONSENSUS][PBFT]checkAndChangeView: Reach consensus,org_view=126187,org_changeCycle=0,cur_changeCycle=0,to_view=126188
info|2019-11-15 11:01:44.090031|[g:1][CONSENSUS]addRawPrepare,height=1,reqIdx=0,hash=4df43f1e...
info|2019-11-15 11:01:44.090467|[g:1][CONSENSUS][PBFT]checkTimeout Succ,view=126188,toView=126189,nodeIdx=2,changeCycle=0,myNode=72961a87...,timecost=0.332
info|2019-11-15 11:01:44.091741|[g:1][CONSENSUS][PBFT]checkAndChangeView: Reach consensus,org_view=126188,org_changeCycle=0,cur_changeCycle=0,to_view=126189
info|2019-11-15 11:01:45.092792|[g:1][CONSENSUS]addRawPrepare,height=1,reqIdx=1,hash=537cbf7e...
info|2019-11-15 11:01:45.093306|[g:1][CONSENSUS][PBFT]checkTimeout Succ,view=126189,toView=126190,nodeIdx=2,changeCycle=0,myNode=72961a87...,timecost=0.372
info|2019-11-15 11:01:45.095050|[g:1][CONSENSUS][PBFT]checkAndChangeView: Reach consensus,org_view=126189,org_changeCycle=0,cur_changeCycle=0,to_view=126190
info|2019-11-15 11:01:45.100988|[P2P][Service] heartBeat,connected count=3
info|2019-11-15 11:01:46.096440|[g:1][CONSENSUS][SEALER]++++++++++++++++ Generating seal on,blkNum=1,tx=0,nodeIdx=2,hash=d978bb71...
info|2019-11-15 11:01:46.098462|[g:1][CONSENSUS][PBFT]checkTimeout Succ,view=126190,toView=126191,nodeIdx=2,changeCycle=0,myNode=72961a87...,timecost=0.346
info|2019-11-15 11:01:46.099526|[g:1][CONSENSUS][PBFT]checkAndChangeView: Reach consensus,org_view=126190,org_changeCycle=0,cur_changeCycle=0,to_view=126191
info|2019-11-15 11:01:47.100367|[g:1][CONSENSUS]addRawPrepare,height=1,reqIdx=3,hash=e5d01dc7...
info|2019-11-15 11:01:47.100832|[g:1][CONSENSUS][PBFT]checkTimeout Succ,view=126191,toView=126192,nodeIdx=2,changeCycle=0,myNode=72961a87...,timecost=0.337
info|2019-11-15 11:01:47.102067|[g:1][CONSENSUS][PBFT]checkAndChangeView: Reach consensus,org_view=126191,org_changeCycle=0,cur_changeCycle=0,to_view=126192
info|2019-11-15 11:01:48.103306|[g:1][CONSENSUS]addRawPrepare,height=1,reqIdx=0,hash=e27c7d27...
info|2019-11-15 11:01:48.103791|[g:1][CONSENSUS][PBFT]checkTimeout Succ,view=126192,toView=126193,nodeIdx=2,changeCycle=0,myNode=72961a87...,timecost=0.397
info|2019-11-15 11:01:48.105460|[g:1][CONSENSUS][PBFT]checkAndChangeView: Reach consensus,org_view=126192,org_changeCycle=0,cur_changeCycle=0,to_view=126193
info|2019-11-15 11:01:49.106081|[g:1][CONSENSUS]addRawPrepare,height=1,reqIdx=1,hash=b44336af...
info|2019-11-15 11:01:49.106524|[g:1][CONSENSUS][PBFT]checkTimeout Succ,view=126193,toView=126194,nodeIdx=2,changeCycle=0,myNode=72961a87...,timecost=0.343
info|2019-11-15 11:01:49.107805|[g:1][CONSENSUS][PBFT]checkAndChangeView: Reach consensus,org_view=126193,org_changeCycle=0,cur_changeCycle=0,to_view=126194
info|2019-11-15 11:01:50.108007|[g:1][CONSENSUS][SEALER]++++++++++++++++ Generating seal on,blkNum=1,tx=0,nodeIdx=2,hash=c102b712...
info|2019-11-15 11:01:50.108686|[g:1][CONSENSUS][PBFT]checkTimeout Succ,view=126194,toView=126195,nodeIdx=2,changeCycle=0,myNode=72961a87...,timecost=0.358
info|2019-11-15 11:01:50.110634|[g:1][CONSENSUS][PBFT]checkAndChangeView: Reach consensus,org_view=126194,org_changeCycle=0,cur_changeCycle=0,to_view=126195
info|2019-11-15 11:01:51.112585|[g:1][CONSENSUS]addRawPrepare,height=1,reqIdx=3,hash=f474c570...
info|2019-11-15 11:01:51.113509|[g:1][CONSENSUS][PBFT]checkTimeout Succ,view=126195,toView=126196,nodeIdx=2,changeCycle=0,myNode=72961a87...,timecost=0.809
info|2019-11-15 11:01:51.115104|[g:1][CONSENSUS][PBFT]checkAndChangeView: Reach consensus,org_view=126195,org_changeCycle=0,cur_changeCycle=0,to_view=126196
info|2019-11-15 11:01:52.116183|[g:1][CONSENSUS]addRawPrepare,height=1,reqIdx=0,hash=944cb908...
info|2019-11-15 11:01:52.116689|[g:1][CONSENSUS][PBFT]checkTimeout Succ,view=126196,toView=126197,nodeIdx=2,changeCycle=0,myNode=72961a87...,timecost=0.392
info|2019-11-15 11:01:52.118923|[g:1][CONSENSUS][PBFT]checkAndChangeView: Reach consensus,org_view=126196,org_changeCycle=0,cur_changeCycle=0,to_view=126197
info|2019-11-15 11:01:53.121633|[g:1][CONSENSUS]addRawPrepare,height=1,reqIdx=1,hash=87471229...
info|2019-11-15 11:01:53.122261|[g:1][CONSENSUS][PBFT]checkTimeout Succ,view=126197,toView=126198,nodeIdx=2,changeCycle=0,myNode=72961a87...,timecost=0.501
info|2019-11-15 11:01:53.123749|[g:1][CONSENSUS][PBFT]checkAndChangeView: Reach consensus,org_view=126197,org_changeCycle=0,cur_changeCycle=0,to_view=126198
info|2019-11-15 11:01:54.123664|[g:1][CONSENSUS][SEALER]++++++++++++++++ Generating seal on,blkNum=1,tx=0,nodeIdx=2,hash=a92db49b...
info|2019-11-15 11:01:54.126885|[g:1][CONSENSUS][PBFT]checkTimeout Succ,view=126198,toView=126199,nodeIdx=2,changeCycle=0,myNode=72961a87...,timecost=0.534
info|2019-11-15 11:01:54.127658|[g:1][CONSENSUS][PBFT]checkAndChangeView: Reach consensus,org_view=126198,org_changeCycle=0,cur_changeCycle=0,to_view=126199
info|2019-11-15 11:01:54.865642|[LEDGER]stop sealer,groupID=1
info|2019-11-15 11:01:54.869303|[CONSENSUS][SEALER]Stop sealer module...
info|2019-11-15 11:01:54.890963|[CONSENSUS][ConsensusEngine][Stop ConsensusEngineBase]
info|2019-11-15 11:01:54.901177|[CONSENSUS][ConsensusEngine]ConsensusEngineBase stopped
info|2019-11-15 11:01:54.901201|[LEDGER]sealer stopped. stop sync,groupID=1
info|2019-11-15 11:01:54.942851|[SYNC][id:72961a87...]SyncMaster stopped
info|2019-11-15 11:01:54.942887|[LEDGER]ledger stopped,groupID=1
info|2019-11-15 11:01:55.044526|[EVENT][EventLogFilterManager]stop
info|2019-11-15 11:01:55.044564|[LEDGER]event filter manager stopped,groupID=1
info|2019-11-15 11:01:55.044581|[INITIALIZER]ledgerInitializer stopped
info|2019-11-15 11:01:55.101159|[P2P][Service] heartBeat,connected count=3
info|2019-11-15 11:01:56.048725|[INITIALIZER]ChannelRPCHttpServer deleted.
info|2019-11-15 11:01:56.049672|[INITIALIZER]JsonrpcHttpServer deleted.
info|2019-11-15 11:01:56.049691|[INITIALIZER]RPCInitializer stopped
info|2019-11-15 11:01:56.050466|[NETWORK][Host]Host exit
info|2019-11-15 11:01:56.050762|[INITIALIZER]P2PInitializer stopped
info|2019-11-15 11:01:56.052080|[LEDGER]stop sealer,groupID=1
info|2019-11-15 11:01:56.052124|[LEDGER]sealer stopped. stop sync,groupID=1
info|2019-11-15 11:01:56.052146|[SYNC][id:72961a87...]SyncMaster stopped
info|2019-11-15 11:01:56.052158|[LEDGER]ledger stopped,groupID=1
info|2019-11-15 11:01:56.052171|[LEDGER]event filter manager stopped,groupID=1
info|2019-11-15 11:01:56.053451|[STORAGE]Stopping flushStorage thread
info|2019-11-15 11:01:56.380475|[STORAGE]flushStorage thread stopped.
info|2019-11-15 11:01:56.380520|[DBINITIALIZER] storage stopped
info|2019-11-15 11:01:56.392186|[SYNC][id:72961a87...]SyncMaster stopped
