warning|2019-11-15 02:24:01.001673|[g:1][CONSENSUS][PBFT]ViewChangeWarning: not caused by omit empty block ,v=121769,toV=121770,curNum=0,hash=f72cae63...,nodeIdx=2,myNode=72961a87...
info|2019-11-15 02:24:01.001810|[g:1][CONSENSUS][PBFT]checkTimeout Succ,view=121769,toView=121770,nodeIdx=2,changeCycle=1,myNode=72961a87...,timecost=0.51
info|2019-11-15 02:24:01.002575|[P2P][Service] heartBeat,connected count=3
info|2019-11-15 02:24:01.009572|[g:1][CONSENSUS][PBFT]checkAndChangeView: Reach consensus,org_view=121769,org_changeCycle=1,cur_changeCycle=1,to_view=121770
info|2019-11-15 02:24:02.010315|[g:1][CONSENSUS][SEALER]++++++++++++++++ Generating seal on,blkNum=1,tx=0,nodeIdx=2,hash=50c44364...
info|2019-11-15 02:24:02.012330|[g:1][CONSENSUS][PBFT]checkTimeout Succ,view=121770,toView=121771,nodeIdx=2,changeCycle=0,myNode=72961a87...,timecost=0.285
info|2019-11-15 02:24:02.013472|[g:1][CONSENSUS][PBFT]checkAndChangeView: Reach consensus,org_view=121770,org_changeCycle=0,cur_changeCycle=0,to_view=121771
info|2019-11-15 02:24:03.015121|[g:1][CONSENSUS]addRawPrepare,height=1,reqIdx=3,hash=1209602d...
info|2019-11-15 02:24:03.015556|[g:1][CONSENSUS][PBFT]checkTimeout Succ,view=121771,toView=121772,nodeIdx=2,changeCycle=0,myNode=72961a87...,timecost=0.349
info|2019-11-15 02:24:03.016841|[g:1][CONSENSUS][PBFT]checkAndChangeView: Reach consensus,org_view=121771,org_changeCycle=0,cur_changeCycle=0,to_view=121772
info|2019-11-15 02:24:04.018317|[g:1][CONSENSUS]addRawPrepare,height=1,reqIdx=0,hash=b4d16170...
info|2019-11-15 02:24:04.018892|[g:1][CONSENSUS][PBFT]checkTimeout Succ,view=121772,toView=121773,nodeIdx=2,changeCycle=0,myNode=72961a87...,timecost=0.459
info|2019-11-15 02:24:04.020052|[g:1][CONSENSUS][PBFT]checkAndChangeView: Reach consensus,org_view=121772,org_changeCycle=0,cur_changeCycle=0,to_view=121773
info|2019-11-15 02:24:05.021297|[g:1][CONSENSUS]addRawPrepare,height=1,reqIdx=1,hash=4096e0eb...
info|2019-11-15 02:24:05.021798|[g:1][CONSENSUS][PBFT]checkTimeout Succ,view=121773,toView=121774,nodeIdx=2,changeCycle=0,myNode=72961a87...,timecost=0.392
info|2019-11-15 02:24:05.022986|[g:1][CONSENSUS][PBFT]checkAndChangeView: Reach consensus,org_view=121773,org_changeCycle=0,cur_changeCycle=0,to_view=121774
info|2019-11-15 02:24:06.023441|[g:1][CONSENSUS][SEALER]++++++++++++++++ Generating seal on,blkNum=1,tx=0,nodeIdx=2,hash=17f1dfa8...
info|2019-11-15 02:24:06.024368|[g:1][CONSENSUS][PBFT]checkTimeout Succ,view=121774,toView=121775,nodeIdx=2,changeCycle=0,myNode=72961a87...,timecost=0.493
info|2019-11-15 02:24:06.027059|[g:1][CONSENSUS][PBFT]checkAndChangeView: Reach consensus,org_view=121774,org_changeCycle=0,cur_changeCycle=0,to_view=121775
info|2019-11-15 02:24:07.027106|[g:1][CONSENSUS]addRawPrepare,height=1,reqIdx=3,hash=691dd95e...
info|2019-11-15 02:24:07.027542|[g:1][CONSENSUS][PBFT]checkTimeout Succ,view=121775,toView=121776,nodeIdx=2,changeCycle=0,myNode=72961a87...,timecost=0.347
info|2019-11-15 02:24:07.028647|[g:1][CONSENSUS][PBFT]checkAndChangeView: Reach consensus,org_view=121775,org_changeCycle=0,cur_changeCycle=0,to_view=121776
info|2019-11-15 02:24:08.029676|[g:1][CONSENSUS]addRawPrepare,height=1,reqIdx=0,hash=51247e85...
info|2019-11-15 02:24:08.030153|[g:1][CONSENSUS][PBFT]checkTimeout Succ,view=121776,toView=121777,nodeIdx=2,changeCycle=0,myNode=72961a87...,timecost=0.348
info|2019-11-15 02:24:08.031283|[g:1][CONSENSUS][PBFT]checkAndChangeView: Reach consensus,org_view=121776,org_changeCycle=0,cur_changeCycle=0,to_view=121777
info|2019-11-15 02:24:09.032835|[g:1][CONSENSUS]addRawPrepare,height=1,reqIdx=1,hash=0dbec6d8...
info|2019-11-15 02:24:09.033480|[g:1][CONSENSUS][PBFT]checkTimeout Succ,view=121777,toView=121778,nodeIdx=2,changeCycle=0,myNode=72961a87...,timecost=0.504
info|2019-11-15 02:24:09.034989|[g:1][CONSENSUS][PBFT]checkAndChangeView: Reach consensus,org_view=121777,org_changeCycle=0,cur_changeCycle=0,to_view=121778
info|2019-11-15 02:24:10.036278|[g:1][CONSENSUS][SEALER]++++++++++++++++ Generating seal on,blkNum=1,tx=0,nodeIdx=2,hash=75f1b0fd...
info|2019-11-15 02:24:10.039440|[g:1][CONSENSUS][PBFT]checkTimeout Succ,view=121778,toView=121779,nodeIdx=2,changeCycle=0,myNode=72961a87...,timecost=0.537
info|2019-11-15 02:24:10.040324|[g:1][CONSENSUS][PBFT]checkAndChangeView: Reach consensus,org_view=121778,org_changeCycle=0,cur_changeCycle=0,to_view=121779
info|2019-11-15 02:24:11.010827|[P2P][Service] heartBeat,connected count=3
info|2019-11-15 02:24:11.041409|[g:1][CONSENSUS]addRawPrepare,height=1,reqIdx=3,hash=2c81d873...
info|2019-11-15 02:24:11.042218|[g:1][CONSENSUS][PBFT]checkTimeout Succ,view=121779,toView=121780,nodeIdx=2,changeCycle=0,myNode=72961a87...,timecost=0.714
info|2019-11-15 02:24:11.043633|[g:1][CONSENSUS][PBFT]checkAndChangeView: Reach consensus,org_view=121779,org_changeCycle=0,cur_changeCycle=0,to_view=121780
info|2019-11-15 02:24:12.046626|[g:1][CONSENSUS]addRawPrepare,height=1,reqIdx=0,hash=ee9dd7fe...
info|2019-11-15 02:24:12.047247|[g:1][CONSENSUS][PBFT]checkTimeout Succ,view=121780,toView=121781,nodeIdx=2,changeCycle=0,myNode=72961a87...,timecost=0.487
info|2019-11-15 02:24:12.048719|[g:1][CONSENSUS][PBFT]checkAndChangeView: Reach consensus,org_view=121780,org_changeCycle=0,cur_changeCycle=0,to_view=121781
info|2019-11-15 02:24:13.050723|[g:1][CONSENSUS]addRawPrepare,height=1,reqIdx=1,hash=8e8c2103...
info|2019-11-15 02:24:13.051428|[g:1][CONSENSUS][PBFT]checkTimeout Succ,view=121781,toView=121782,nodeIdx=2,changeCycle=0,myNode=72961a87...,timecost=0.534
info|2019-11-15 02:24:13.052844|[g:1][CONSENSUS][PBFT]checkAndChangeView: Reach consensus,org_view=121781,org_changeCycle=0,cur_changeCycle=0,to_view=121782
info|2019-11-15 02:24:14.053441|[g:1][CONSENSUS][SEALER]++++++++++++++++ Generating seal on,blkNum=1,tx=0,nodeIdx=2,hash=a699c7bc...
info|2019-11-15 02:24:14.055889|[g:1][CONSENSUS][PBFT]checkTimeout Succ,view=121782,toView=121783,nodeIdx=2,changeCycle=0,myNode=72961a87...,timecost=0.354
info|2019-11-15 02:24:14.056491|[g:1][CONSENSUS][PBFT]checkAndChangeView: Reach consensus,org_view=121782,org_changeCycle=0,cur_changeCycle=0,to_view=121783
info|2019-11-15 02:24:15.058693|[g:1][CONSENSUS]addRawPrepare,height=1,reqIdx=3,hash=e43c0b1a...
info|2019-11-15 02:24:15.059287|[g:1][CONSENSUS][PBFT]checkTimeout Succ,view=121783,toView=121784,nodeIdx=2,changeCycle=0,myNode=72961a87...,timecost=0.464
info|2019-11-15 02:24:15.060896|[g:1][CONSENSUS][PBFT]checkAndChangeView: Reach consensus,org_view=121783,org_changeCycle=0,cur_changeCycle=0,to_view=121784
info|2019-11-15 02:24:16.062351|[g:1][CONSENSUS]addRawPrepare,height=1,reqIdx=0,hash=6fd3ac20...
info|2019-11-15 02:24:16.063275|[g:1][CONSENSUS][PBFT]checkTimeout Succ,view=121784,toView=121785,nodeIdx=2,changeCycle=0,myNode=72961a87...,timecost=0.756
info|2019-11-15 02:24:16.065149|[g:1][CONSENSUS][PBFT]checkAndChangeView: Reach consensus,org_view=121784,org_changeCycle=0,cur_changeCycle=0,to_view=121785
info|2019-11-15 02:24:17.067756|[g:1][CONSENSUS]addRawPrepare,height=1,reqIdx=1,hash=fb2e89b7...
info|2019-11-15 02:24:17.068397|[g:1][CONSENSUS][PBFT]checkTimeout Succ,view=121785,toView=121786,nodeIdx=2,changeCycle=0,myNode=72961a87...,timecost=0.475
info|2019-11-15 02:24:17.069841|[g:1][CONSENSUS][PBFT]checkAndChangeView: Reach consensus,org_view=121785,org_changeCycle=0,cur_changeCycle=0,to_view=121786
info|2019-11-15 02:24:18.069829|[g:1][CONSENSUS][SEALER]++++++++++++++++ Generating seal on,blkNum=1,tx=0,nodeIdx=2,hash=94f31c1d...
info|2019-11-15 02:24:18.070779|[g:1][CONSENSUS][PBFT]checkTimeout Succ,view=121786,toView=121787,nodeIdx=2,changeCycle=0,myNode=72961a87...,timecost=0.474
info|2019-11-15 02:24:18.073274|[g:1][CONSENSUS][PBFT]checkAndChangeView: Reach consensus,org_view=121786,org_changeCycle=0,cur_changeCycle=0,to_view=121787
info|2019-11-15 02:24:19.076106|[g:1][CONSENSUS]addRawPrepare,height=1,reqIdx=3,hash=13ed5aa7...
info|2019-11-15 02:24:19.076694|[g:1][CONSENSUS][PBFT]checkTimeout Succ,view=121787,toView=121788,nodeIdx=2,changeCycle=0,myNode=72961a87...,timecost=0.454
info|2019-11-15 02:24:19.078025|[g:1][CONSENSUS][PBFT]checkAndChangeView: Reach consensus,org_view=121787,org_changeCycle=0,cur_changeCycle=0,to_view=121788
info|2019-11-15 02:24:20.079878|[g:1][CONSENSUS]addRawPrepare,height=1,reqIdx=0,hash=784caf85...
info|2019-11-15 02:24:20.080585|[g:1][CONSENSUS][PBFT]checkTimeout Succ,view=121788,toView=121789,nodeIdx=2,changeCycle=0,myNode=72961a87...,timecost=0.538
info|2019-11-15 02:24:20.082050|[g:1][CONSENSUS][PBFT]checkAndChangeView: Reach consensus,org_view=121788,org_changeCycle=0,cur_changeCycle=0,to_view=121789
info|2019-11-15 02:24:21.013472|[P2P][Service] heartBeat,connected count=3
info|2019-11-15 02:24:21.084957|[g:1][CONSENSUS]addRawPrepare,height=1,reqIdx=1,hash=dc48b8a6...
info|2019-11-15 02:24:21.085780|[g:1][CONSENSUS][PBFT]checkTimeout Succ,view=121789,toView=121790,nodeIdx=2,changeCycle=0,myNode=72961a87...,timecost=0.739
info|2019-11-15 02:24:21.087273|[g:1][CONSENSUS][PBFT]checkAndChangeView: Reach consensus,org_view=121789,org_changeCycle=0,cur_changeCycle=0,to_view=121790
info|2019-11-15 02:24:22.088609|[g:1][CONSENSUS][SEALER]++++++++++++++++ Generating seal on,blkNum=1,tx=0,nodeIdx=2,hash=8b2f8512...
info|2019-11-15 02:24:22.089580|[g:1][CONSENSUS][PBFT]checkTimeout Succ,view=121790,toView=121791,nodeIdx=2,changeCycle=0,myNode=72961a87...,timecost=0.498
info|2019-11-15 02:24:22.092139|[g:1][CONSENSUS][PBFT]checkAndChangeView: Reach consensus,org_view=121790,org_changeCycle=0,cur_changeCycle=0,to_view=121791
info|2019-11-15 02:24:23.094854|[g:1][CONSENSUS]addRawPrepare,height=1,reqIdx=3,hash=a232695b...
info|2019-11-15 02:24:23.095527|[g:1][CONSENSUS][PBFT]checkTimeout Succ,view=121791,toView=121792,nodeIdx=2,changeCycle=0,myNode=72961a87...,timecost=0.544
info|2019-11-15 02:24:23.097030|[g:1][CONSENSUS][PBFT]checkAndChangeView: Reach consensus,org_view=121791,org_changeCycle=0,cur_changeCycle=0,to_view=121792
info|2019-11-15 02:24:24.098316|[g:1][CONSENSUS]addRawPrepare,height=1,reqIdx=0,hash=d18bc01a...
info|2019-11-15 02:24:24.098826|[g:1][CONSENSUS][PBFT]checkTimeout Succ,view=121792,toView=121793,nodeIdx=2,changeCycle=0,myNode=72961a87...,timecost=0.416
info|2019-11-15 02:24:24.099749|[g:1][CONSENSUS][PBFT]checkAndChangeView: Reach consensus,org_view=121792,org_changeCycle=0,cur_changeCycle=0,to_view=121793
info|2019-11-15 02:24:25.101621|[g:1][CONSENSUS]addRawPrepare,height=1,reqIdx=1,hash=124e5205...
info|2019-11-15 02:24:25.102253|[g:1][CONSENSUS][PBFT]checkTimeout Succ,view=121793,toView=121794,nodeIdx=2,changeCycle=0,myNode=72961a87...,timecost=0.475
info|2019-11-15 02:24:25.103923|[g:1][CONSENSUS][PBFT]checkAndChangeView: Reach consensus,org_view=121793,org_changeCycle=0,cur_changeCycle=0,to_view=121794
info|2019-11-15 02:24:26.103912|[g:1][CONSENSUS][SEALER]++++++++++++++++ Generating seal on,blkNum=1,tx=0,nodeIdx=2,hash=33a0ca04...
info|2019-11-15 02:24:26.104953|[g:1][CONSENSUS][PBFT]checkTimeout Succ,view=121794,toView=121795,nodeIdx=2,changeCycle=0,myNode=72961a87...,timecost=0.573
info|2019-11-15 02:24:26.107788|[g:1][CONSENSUS][PBFT]checkAndChangeView: Reach consensus,org_view=121794,org_changeCycle=0,cur_changeCycle=0,to_view=121795
info|2019-11-15 02:24:27.109196|[g:1][CONSENSUS]addRawPrepare,height=1,reqIdx=3,hash=cc272d45...
info|2019-11-15 02:24:27.109912|[g:1][CONSENSUS][PBFT]checkTimeout Succ,view=121795,toView=121796,nodeIdx=2,changeCycle=0,myNode=72961a87...,timecost=0.551
info|2019-11-15 02:24:27.111246|[g:1][CONSENSUS][PBFT]checkAndChangeView: Reach consensus,org_view=121795,org_changeCycle=0,cur_changeCycle=0,to_view=121796
info|2019-11-15 02:24:28.113482|[g:1][CONSENSUS]addRawPrepare,height=1,reqIdx=0,hash=4bdcf06a...
info|2019-11-15 02:24:28.114185|[g:1][CONSENSUS][PBFT]checkTimeout Succ,view=121796,toView=121797,nodeIdx=2,changeCycle=0,myNode=72961a87...,timecost=0.536
info|2019-11-15 02:24:28.115907|[g:1][CONSENSUS][PBFT]checkAndChangeView: Reach consensus,org_view=121796,org_changeCycle=0,cur_changeCycle=0,to_view=121797
info|2019-11-15 02:24:29.117968|[g:1][CONSENSUS]addRawPrepare,height=1,reqIdx=1,hash=9338541f...
info|2019-11-15 02:24:29.118617|[g:1][CONSENSUS][PBFT]checkTimeout Succ,view=121797,toView=121798,nodeIdx=2,changeCycle=0,myNode=72961a87...,timecost=0.498
info|2019-11-15 02:24:29.120154|[g:1][CONSENSUS][PBFT]checkAndChangeView: Reach consensus,org_view=121797,org_changeCycle=0,cur_changeCycle=0,to_view=121798
info|2019-11-15 02:24:30.121261|[g:1][CONSENSUS][SEALER]++++++++++++++++ Generating seal on,blkNum=1,tx=0,nodeIdx=2,hash=7d8485a2...
info|2019-11-15 02:24:30.124640|[g:1][CONSENSUS][PBFT]checkTimeout Succ,view=121798,toView=121799,nodeIdx=2,changeCycle=0,myNode=72961a87...,timecost=0.468
info|2019-11-15 02:24:30.125507|[g:1][CONSENSUS][PBFT]checkAndChangeView: Reach consensus,org_view=121798,org_changeCycle=0,cur_changeCycle=0,to_view=121799
info|2019-11-15 02:24:31.018089|[P2P][Service] heartBeat,connected count=3
info|2019-11-15 02:24:31.127096|[g:1][CONSENSUS]addRawPrepare,height=1,reqIdx=3,hash=05b4de3a...
info|2019-11-15 02:24:31.128112|[g:1][CONSENSUS][PBFT]checkTimeout Succ,view=121799,toView=121800,nodeIdx=2,changeCycle=0,myNode=72961a87...,timecost=0.886
info|2019-11-15 02:24:31.129700|[g:1][CONSENSUS][PBFT]checkAndChangeView: Reach consensus,org_view=121799,org_changeCycle=0,cur_changeCycle=0,to_view=121800
info|2019-11-15 02:24:32.131675|[g:1][CONSENSUS]addRawPrepare,height=1,reqIdx=0,hash=b07452f3...
info|2019-11-15 02:24:32.132392|[g:1][CONSENSUS][PBFT]checkTimeout Succ,view=121800,toView=121801,nodeIdx=2,changeCycle=0,myNode=72961a87...,timecost=0.561
info|2019-11-15 02:24:32.133872|[g:1][CONSENSUS][PBFT]checkAndChangeView: Reach consensus,org_view=121800,org_changeCycle=0,cur_changeCycle=0,to_view=121801
info|2019-11-15 02:24:33.136582|[g:1][CONSENSUS]addRawPrepare,height=1,reqIdx=1,hash=a874a0a6...
info|2019-11-15 02:24:33.137213|[g:1][CONSENSUS][PBFT]checkTimeout Succ,view=121801,toView=121802,nodeIdx=2,changeCycle=0,myNode=72961a87...,timecost=0.471
info|2019-11-15 02:24:33.138663|[g:1][CONSENSUS][PBFT]checkAndChangeView: Reach consensus,org_view=121801,org_changeCycle=0,cur_changeCycle=0,to_view=121802
info|2019-11-15 02:24:34.139649|[g:1][CONSENSUS][SEALER]++++++++++++++++ Generating seal on,blkNum=1,tx=0,nodeIdx=2,hash=f7e8954e...
info|2019-11-15 02:24:34.143263|[g:1][CONSENSUS][PBFT]checkTimeout Succ,view=121802,toView=121803,nodeIdx=2,changeCycle=0,myNode=72961a87...,timecost=0.558
info|2019-11-15 02:24:34.144084|[g:1][CONSENSUS][PBFT]checkAndChangeView: Reach consensus,org_view=121802,org_changeCycle=0,cur_changeCycle=0,to_view=121803
info|2019-11-15 02:24:35.145681|[g:1][CONSENSUS]addRawPrepare,height=1,reqIdx=3,hash=491b130d...
info|2019-11-15 02:24:35.146408|[g:1][CONSENSUS][PBFT]checkTimeout Succ,view=121803,toView=121804,nodeIdx=2,changeCycle=0,myNode=72961a87...,timecost=0.549
info|2019-11-15 02:24:35.148044|[g:1][CONSENSUS][PBFT]checkAndChangeView: Reach consensus,org_view=121803,org_changeCycle=0,cur_changeCycle=0,to_view=121804
info|2019-11-15 02:24:36.150232|[g:1][CONSENSUS]addRawPrepare,height=1,reqIdx=0,hash=42f8b79a...
info|2019-11-15 02:24:36.151564|[g:1][CONSENSUS][PBFT]checkTimeout Succ,view=121804,toView=121805,nodeIdx=2,changeCycle=0,myNode=72961a87...,timecost=1.167
info|2019-11-15 02:24:36.152971|[g:1][CONSENSUS][PBFT]checkAndChangeView: Reach consensus,org_view=121804,org_changeCycle=0,cur_changeCycle=0,to_view=121805
info|2019-11-15 02:24:37.153754|[g:1][CONSENSUS]addRawPrepare,height=1,reqIdx=1,hash=64601730...
info|2019-11-15 02:24:37.154340|[g:1][CONSENSUS][PBFT]checkTimeout Succ,view=121805,toView=121806,nodeIdx=2,changeCycle=0,myNode=72961a87...,timecost=0.457
info|2019-11-15 02:24:37.156032|[g:1][CONSENSUS][PBFT]checkAndChangeView: Reach consensus,org_view=121805,org_changeCycle=0,cur_changeCycle=0,to_view=121806
info|2019-11-15 02:24:38.156807|[g:1][CONSENSUS][SEALER]++++++++++++++++ Generating seal on,blkNum=1,tx=0,nodeIdx=2,hash=0486ee08...
info|2019-11-15 02:24:38.157793|[g:1][CONSENSUS][PBFT]checkTimeout Succ,view=121806,toView=121807,nodeIdx=2,changeCycle=0,myNode=72961a87...,timecost=0.516
info|2019-11-15 02:24:38.160445|[g:1][CONSENSUS][PBFT]checkAndChangeView: Reach consensus,org_view=121806,org_changeCycle=0,cur_changeCycle=0,to_view=121807
info|2019-11-15 02:24:39.161725|[g:1][CONSENSUS]addRawPrepare,height=1,reqIdx=3,hash=a10989ec...
info|2019-11-15 02:24:39.162486|[g:1][CONSENSUS][PBFT]checkTimeout Succ,view=121807,toView=121808,nodeIdx=2,changeCycle=0,myNode=72961a87...,timecost=0.515
info|2019-11-15 02:24:39.163958|[g:1][CONSENSUS][PBFT]checkAndChangeView: Reach consensus,org_view=121807,org_changeCycle=0,cur_changeCycle=0,to_view=121808
info|2019-11-15 02:24:40.165708|[g:1][CONSENSUS]addRawPrepare,height=1,reqIdx=0,hash=92a48e05...
info|2019-11-15 02:24:40.166345|[g:1][CONSENSUS][PBFT]checkTimeout Succ,view=121808,toView=121809,nodeIdx=2,changeCycle=0,myNode=72961a87...,timecost=0.498
info|2019-11-15 02:24:40.168123|[g:1][CONSENSUS][PBFT]checkAndChangeView: Reach consensus,org_view=121808,org_changeCycle=0,cur_changeCycle=0,to_view=121809
info|2019-11-15 02:24:41.024242|[P2P][Service] heartBeat,connected count=3
info|2019-11-15 02:24:41.168994|[g:1][CONSENSUS]addRawPrepare,height=1,reqIdx=1,hash=c22525de...
info|2019-11-15 02:24:41.170299|[g:1][CONSENSUS][PBFT]checkTimeout Succ,view=121809,toView=121810,nodeIdx=2,changeCycle=0,myNode=72961a87...,timecost=1.123
info|2019-11-15 02:24:41.172050|[g:1][CONSENSUS][PBFT]checkAndChangeView: Reach consensus,org_view=121809,org_changeCycle=0,cur_changeCycle=0,to_view=121810
info|2019-11-15 02:24:42.172450|[g:1][CONSENSUS][SEALER]++++++++++++++++ Generating seal on,blkNum=1,tx=0,nodeIdx=2,hash=5cc3e724...
info|2019-11-15 02:24:42.175769|[g:1][CONSENSUS][PBFT]checkTimeout Succ,view=121810,toView=121811,nodeIdx=2,changeCycle=0,myNode=72961a87...,timecost=0.47
info|2019-11-15 02:24:42.176645|[g:1][CONSENSUS][PBFT]checkAndChangeView: Reach consensus,org_view=121810,org_changeCycle=0,cur_changeCycle=0,to_view=121811
info|2019-11-15 02:24:43.178361|[g:1][CONSENSUS]addRawPrepare,height=1,reqIdx=3,hash=713d3de5...
info|2019-11-15 02:24:43.178824|[g:1][CONSENSUS][PBFT]checkTimeout Succ,view=121811,toView=121812,nodeIdx=2,changeCycle=0,myNode=72961a87...,timecost=0.331
info|2019-11-15 02:24:43.179770|[g:1][CONSENSUS][PBFT]checkAndChangeView: Reach consensus,org_view=121811,org_changeCycle=0,cur_changeCycle=0,to_view=121812
info|2019-11-15 02:24:44.181651|[g:1][CONSENSUS]addRawPrepare,height=1,reqIdx=0,hash=515cedd7...
info|2019-11-15 02:24:44.182339|[g:1][CONSENSUS][PBFT]checkTimeout Succ,view=121812,toView=121813,nodeIdx=2,changeCycle=0,myNode=72961a87...,timecost=0.542
info|2019-11-15 02:24:44.183758|[g:1][CONSENSUS][PBFT]checkAndChangeView: Reach consensus,org_view=121812,org_changeCycle=0,cur_changeCycle=0,to_view=121813
info|2019-11-15 02:24:45.185011|[g:1][CONSENSUS]addRawPrepare,height=1,reqIdx=1,hash=f8a90599...
info|2019-11-15 02:24:45.185727|[g:1][CONSENSUS][PBFT]checkTimeout Succ,view=121813,toView=121814,nodeIdx=2,changeCycle=0,myNode=72961a87...,timecost=0.563
info|2019-11-15 02:24:45.187312|[g:1][CONSENSUS][PBFT]checkAndChangeView: Reach consensus,org_view=121813,org_changeCycle=0,cur_changeCycle=0,to_view=121814
info|2019-11-15 02:24:46.187875|[g:1][CONSENSUS][SEALER]++++++++++++++++ Generating seal on,blkNum=1,tx=0,nodeIdx=2,hash=b9813fdd...
info|2019-11-15 02:24:46.189062|[g:1][CONSENSUS][PBFT]checkTimeout Succ,view=121814,toView=121815,nodeIdx=2,changeCycle=0,myNode=72961a87...,timecost=0.715
info|2019-11-15 02:24:46.191579|[g:1][CONSENSUS][PBFT]checkAndChangeView: Reach consensus,org_view=121814,org_changeCycle=0,cur_changeCycle=0,to_view=121815
info|2019-11-15 02:24:47.194033|[g:1][CONSENSUS]addRawPrepare,height=1,reqIdx=3,hash=0b5e18e6...
info|2019-11-15 02:24:47.194765|[g:1][CONSENSUS][PBFT]checkTimeout Succ,view=121815,toView=121816,nodeIdx=2,changeCycle=0,myNode=72961a87...,timecost=0.595
info|2019-11-15 02:24:47.196409|[g:1][CONSENSUS][PBFT]checkAndChangeView: Reach consensus,org_view=121815,org_changeCycle=0,cur_changeCycle=0,to_view=121816
info|2019-11-15 02:24:48.197949|[g:1][CONSENSUS]addRawPrepare,height=1,reqIdx=0,hash=7fe7a29e...
info|2019-11-15 02:24:48.198550|[g:1][CONSENSUS][PBFT]checkTimeout Succ,view=121816,toView=121817,nodeIdx=2,changeCycle=0,myNode=72961a87...,timecost=0.436
info|2019-11-15 02:24:48.200123|[g:1][CONSENSUS][PBFT]checkAndChangeView: Reach consensus,org_view=121816,org_changeCycle=0,cur_changeCycle=0,to_view=121817
info|2019-11-15 02:24:49.201965|[g:1][CONSENSUS]addRawPrepare,height=1,reqIdx=1,hash=e313211a...
info|2019-11-15 02:24:49.202591|[g:1][CONSENSUS][PBFT]checkTimeout Succ,view=121817,toView=121818,nodeIdx=2,changeCycle=0,myNode=72961a87...,timecost=0.465
info|2019-11-15 02:24:49.204231|[g:1][CONSENSUS][PBFT]checkAndChangeView: Reach consensus,org_view=121817,org_changeCycle=0,cur_changeCycle=0,to_view=121818
info|2019-11-15 02:24:50.204552|[g:1][CONSENSUS][SEALER]++++++++++++++++ Generating seal on,blkNum=1,tx=0,nodeIdx=2,hash=82ca2a49...
info|2019-11-15 02:24:50.207866|[g:1][CONSENSUS][PBFT]checkTimeout Succ,view=121818,toView=121819,nodeIdx=2,changeCycle=0,myNode=72961a87...,timecost=0.517
info|2019-11-15 02:24:50.208666|[g:1][CONSENSUS][PBFT]checkAndChangeView: Reach consensus,org_view=121818,org_changeCycle=0,cur_changeCycle=0,to_view=121819
info|2019-11-15 02:24:51.030718|[P2P][Service] heartBeat,connected count=3
info|2019-11-15 02:24:51.210914|[g:1][CONSENSUS]addRawPrepare,height=1,reqIdx=3,hash=a63d4415...
info|2019-11-15 02:24:51.211906|[g:1][CONSENSUS][PBFT]checkTimeout Succ,view=121819,toView=121820,nodeIdx=2,changeCycle=0,myNode=72961a87...,timecost=0.829
info|2019-11-15 02:24:51.213494|[g:1][CONSENSUS][PBFT]checkAndChangeView: Reach consensus,org_view=121819,org_changeCycle=0,cur_changeCycle=0,to_view=121820
info|2019-11-15 02:24:52.214981|[g:1][CONSENSUS]addRawPrepare,height=1,reqIdx=0,hash=81b1e213...
info|2019-11-15 02:24:52.215579|[g:1][CONSENSUS][PBFT]checkTimeout Succ,view=121820,toView=121821,nodeIdx=2,changeCycle=0,myNode=72961a87...,timecost=0.472
info|2019-11-15 02:24:52.217046|[g:1][CONSENSUS][PBFT]checkAndChangeView: Reach consensus,org_view=121820,org_changeCycle=0,cur_changeCycle=0,to_view=121821
info|2019-11-15 02:24:53.218587|[g:1][CONSENSUS]addRawPrepare,height=1,reqIdx=1,hash=0839b829...
info|2019-11-15 02:24:53.219339|[g:1][CONSENSUS][PBFT]checkTimeout Succ,view=121821,toView=121822,nodeIdx=2,changeCycle=0,myNode=72961a87...,timecost=0.562
info|2019-11-15 02:24:53.220611|[g:1][CONSENSUS][PBFT]checkAndChangeView: Reach consensus,org_view=121821,org_changeCycle=0,cur_changeCycle=0,to_view=121822
info|2019-11-15 02:24:54.221127|[g:1][CONSENSUS][SEALER]++++++++++++++++ Generating seal on,blkNum=1,tx=0,nodeIdx=2,hash=dbb8955c...
info|2019-11-15 02:24:54.221974|[g:1][CONSENSUS][PBFT]checkTimeout Succ,view=121822,toView=121823,nodeIdx=2,changeCycle=0,myNode=72961a87...,timecost=0.347
info|2019-11-15 02:24:54.223764|[g:1][CONSENSUS][PBFT]checkAndChangeView: Reach consensus,org_view=121822,org_changeCycle=0,cur_changeCycle=0,to_view=121823
info|2019-11-15 02:24:55.224989|[g:1][CONSENSUS]addRawPrepare,height=1,reqIdx=3,hash=f5938bd0...
info|2019-11-15 02:24:55.225609|[g:1][CONSENSUS][PBFT]checkTimeout Succ,view=121823,toView=121824,nodeIdx=2,changeCycle=0,myNode=72961a87...,timecost=0.486
info|2019-11-15 02:24:55.227019|[g:1][CONSENSUS][PBFT]checkAndChangeView: Reach consensus,org_view=121823,org_changeCycle=0,cur_changeCycle=0,to_view=121824
info|2019-11-15 02:24:56.229070|[g:1][CONSENSUS]addRawPrepare,height=1,reqIdx=0,hash=1caf2d83...
info|2019-11-15 02:24:56.229876|[g:1][CONSENSUS][PBFT]checkTimeout Succ,view=121824,toView=121825,nodeIdx=2,changeCycle=0,myNode=72961a87...,timecost=0.636
info|2019-11-15 02:24:56.231733|[g:1][CONSENSUS][PBFT]checkAndChangeView: Reach consensus,org_view=121824,org_changeCycle=0,cur_changeCycle=0,to_view=121825
info|2019-11-15 02:24:57.234522|[g:1][CONSENSUS]addRawPrepare,height=1,reqIdx=1,hash=976f076e...
info|2019-11-15 02:24:57.235211|[g:1][CONSENSUS][PBFT]checkTimeout Succ,view=121825,toView=121826,nodeIdx=2,changeCycle=0,myNode=72961a87...,timecost=0.418
info|2019-11-15 02:24:57.236972|[g:1][CONSENSUS][PBFT]checkAndChangeView: Reach consensus,org_view=121825,org_changeCycle=0,cur_changeCycle=0,to_view=121826
info|2019-11-15 02:24:58.238623|[g:1][CONSENSUS][SEALER]++++++++++++++++ Generating seal on,blkNum=1,tx=0,nodeIdx=2,hash=1eeeb694...
info|2019-11-15 02:24:58.239600|[g:1][CONSENSUS][PBFT]checkTimeout Succ,view=121826,toView=121827,nodeIdx=2,changeCycle=0,myNode=72961a87...,timecost=0.502
info|2019-11-15 02:24:58.242294|[g:1][CONSENSUS][PBFT]checkAndChangeView: Reach consensus,org_view=121826,org_changeCycle=0,cur_changeCycle=0,to_view=121827
info|2019-11-15 02:24:59.244558|[g:1][CONSENSUS]addRawPrepare,height=1,reqIdx=3,hash=c670da77...
info|2019-11-15 02:24:59.245264|[g:1][CONSENSUS][PBFT]checkTimeout Succ,view=121827,toView=121828,nodeIdx=2,changeCycle=0,myNode=72961a87...,timecost=0.511
info|2019-11-15 02:24:59.246930|[g:1][CONSENSUS][PBFT]checkAndChangeView: Reach consensus,org_view=121827,org_changeCycle=0,cur_changeCycle=0,to_view=121828
info|2019-11-15 02:25:00.248531|[g:1][CONSENSUS]addRawPrepare,height=1,reqIdx=0,hash=20478e03...
info|2019-11-15 02:25:00.249178|[g:1][CONSENSUS][PBFT]checkTimeout Succ,view=121828,toView=121829,nodeIdx=2,changeCycle=0,myNode=72961a87...,timecost=0.487
info|2019-11-15 02:25:00.250551|[g:1][CONSENSUS][PBFT]checkAndChangeView: Reach consensus,org_view=121828,org_changeCycle=0,cur_changeCycle=0,to_view=121829
info|2019-11-15 02:25:01.035786|[P2P][Service] heartBeat,connected count=3
info|2019-11-15 02:25:01.252974|[g:1][CONSENSUS]addRawPrepare,height=1,reqIdx=1,hash=6f7bf0d6...
info|2019-11-15 02:25:01.253929|[g:1][CONSENSUS][PBFT]checkTimeout Succ,view=121829,toView=121830,nodeIdx=2,changeCycle=0,myNode=72961a87...,timecost=0.783
info|2019-11-15 02:25:01.255683|[g:1][CONSENSUS][PBFT]checkAndChangeView: Reach consensus,org_view=121829,org_changeCycle=0,cur_changeCycle=0,to_view=121830
info|2019-11-15 02:25:02.255355|[g:1][CONSENSUS][SEALER]++++++++++++++++ Generating seal on,blkNum=1,tx=0,nodeIdx=2,hash=68611427...
info|2019-11-15 02:25:02.258656|[g:1][CONSENSUS][PBFT]checkTimeout Succ,view=121830,toView=121831,nodeIdx=2,changeCycle=0,myNode=72961a87...,timecost=0.631
info|2019-11-15 02:25:02.259463|[g:1][CONSENSUS][PBFT]checkAndChangeView: Reach consensus,org_view=121830,org_changeCycle=0,cur_changeCycle=0,to_view=121831
info|2019-11-15 02:25:03.260374|[g:1][CONSENSUS]addRawPrepare,height=1,reqIdx=3,hash=15a894b9...
info|2019-11-15 02:25:03.261023|[g:1][CONSENSUS][PBFT]checkTimeout Succ,view=121831,toView=121832,nodeIdx=2,changeCycle=0,myNode=72961a87...,timecost=0.497
info|2019-11-15 02:25:03.262597|[g:1][CONSENSUS][PBFT]checkAndChangeView: Reach consensus,org_view=121831,org_changeCycle=0,cur_changeCycle=0,to_view=121832
info|2019-11-15 02:25:04.263964|[g:1][CONSENSUS]addRawPrepare,height=1,reqIdx=0,hash=40bc6370...
info|2019-11-15 02:25:04.264588|[g:1][CONSENSUS][PBFT]checkTimeout Succ,view=121832,toView=121833,nodeIdx=2,changeCycle=0,myNode=72961a87...,timecost=0.478
info|2019-11-15 02:25:04.266304|[g:1][CONSENSUS][PBFT]checkAndChangeView: Reach consensus,org_view=121832,org_changeCycle=0,cur_changeCycle=0,to_view=121833
info|2019-11-15 02:25:05.267971|[g:1][CONSENSUS]addRawPrepare,height=1,reqIdx=1,hash=5125bc47...
info|2019-11-15 02:25:05.268621|[g:1][CONSENSUS][PBFT]checkTimeout Succ,view=121833,toView=121834,nodeIdx=2,changeCycle=0,myNode=72961a87...,timecost=0.519
info|2019-11-15 02:25:05.270544|[g:1][CONSENSUS][PBFT]checkAndChangeView: Reach consensus,org_view=121833,org_changeCycle=0,cur_changeCycle=0,to_view=121834
info|2019-11-15 02:25:06.270902|[g:1][CONSENSUS][SEALER]++++++++++++++++ Generating seal on,blkNum=1,tx=0,nodeIdx=2,hash=815cc26f...
info|2019-11-15 02:25:06.272161|[g:1][CONSENSUS][PBFT]checkTimeout Succ,view=121834,toView=121835,nodeIdx=2,changeCycle=0,myNode=72961a87...,timecost=0.791
info|2019-11-15 02:25:06.274921|[g:1][CONSENSUS][PBFT]checkAndChangeView: Reach consensus,org_view=121834,org_changeCycle=0,cur_changeCycle=0,to_view=121835
info|2019-11-15 02:25:07.275872|[g:1][CONSENSUS]addRawPrepare,height=1,reqIdx=3,hash=762e8530...
info|2019-11-15 02:25:07.276444|[g:1][CONSENSUS][PBFT]checkTimeout Succ,view=121835,toView=121836,nodeIdx=2,changeCycle=0,myNode=72961a87...,timecost=0.436
info|2019-11-15 02:25:07.277901|[g:1][CONSENSUS][PBFT]checkAndChangeView: Reach consensus,org_view=121835,org_changeCycle=0,cur_changeCycle=0,to_view=121836
info|2019-11-15 02:25:08.280309|[g:1][CONSENSUS]addRawPrepare,height=1,reqIdx=0,hash=ee2c4c37...
info|2019-11-15 02:25:08.280953|[g:1][CONSENSUS][PBFT]checkTimeout Succ,view=121836,toView=121837,nodeIdx=2,changeCycle=0,myNode=72961a87...,timecost=0.5
info|2019-11-15 02:25:08.282414|[g:1][CONSENSUS][PBFT]checkAndChangeView: Reach consensus,org_view=121836,org_changeCycle=0,cur_changeCycle=0,to_view=121837
info|2019-11-15 02:25:09.283778|[g:1][CONSENSUS]addRawPrepare,height=1,reqIdx=1,hash=851c20a1...
info|2019-11-15 02:25:09.284236|[g:1][CONSENSUS][PBFT]checkTimeout Succ,view=121837,toView=121838,nodeIdx=2,changeCycle=0,myNode=72961a87...,timecost=0.342
info|2019-11-15 02:25:09.285325|[g:1][CONSENSUS][PBFT]checkAndChangeView: Reach consensus,org_view=121837,org_changeCycle=0,cur_changeCycle=0,to_view=121838
info|2019-11-15 02:25:10.285852|[g:1][CONSENSUS][SEALER]++++++++++++++++ Generating seal on,blkNum=1,tx=0,nodeIdx=2,hash=2eee782f...
info|2019-11-15 02:25:10.289054|[g:1][CONSENSUS][PBFT]checkTimeout Succ,view=121838,toView=121839,nodeIdx=2,changeCycle=0,myNode=72961a87...,timecost=0.398
info|2019-11-15 02:25:10.289742|[g:1][CONSENSUS][PBFT]checkAndChangeView: Reach consensus,org_view=121838,org_changeCycle=0,cur_changeCycle=0,to_view=121839
info|2019-11-15 02:25:11.040453|[P2P][Service] heartBeat,connected count=3
info|2019-11-15 02:25:11.291079|[g:1][CONSENSUS]addRawPrepare,height=1,reqIdx=3,hash=df889226...
info|2019-11-15 02:25:11.291950|[g:1][CONSENSUS][PBFT]checkTimeout Succ,view=121839,toView=121840,nodeIdx=2,changeCycle=0,myNode=72961a87...,timecost=0.721
info|2019-11-15 02:25:11.293710|[g:1][CONSENSUS][PBFT]checkAndChangeView: Reach consensus,org_view=121839,org_changeCycle=0,cur_changeCycle=0,to_view=121840
info|2019-11-15 02:25:12.295504|[g:1][CONSENSUS]addRawPrepare,height=1,reqIdx=0,hash=1ccd5596...
info|2019-11-15 02:25:12.296096|[g:1][CONSENSUS][PBFT]checkTimeout Succ,view=121840,toView=121841,nodeIdx=2,changeCycle=0,myNode=72961a87...,timecost=0.47
info|2019-11-15 02:25:12.297773|[g:1][CONSENSUS][PBFT]checkAndChangeView: Reach consensus,org_view=121840,org_changeCycle=0,cur_changeCycle=0,to_view=121841
info|2019-11-15 02:25:13.299873|[g:1][CONSENSUS]addRawPrepare,height=1,reqIdx=1,hash=32c374bb...
info|2019-11-15 02:25:13.300583|[g:1][CONSENSUS][PBFT]checkTimeout Succ,view=121841,toView=121842,nodeIdx=2,changeCycle=0,myNode=72961a87...,timecost=0.549
info|2019-11-15 02:25:13.302241|[g:1][CONSENSUS][PBFT]checkAndChangeView: Reach consensus,org_view=121841,org_changeCycle=0,cur_changeCycle=0,to_view=121842
