warning|2019-12-12 14:08:29.004594|[g:1][CONSENSUS][PBFT]ViewChangeWarning: not caused by omit empty block ,v=58549,toV=58550,curNum=5,hash=a9fec021...,nodeIdx=2,myNode=72961a87...
info|2019-12-12 14:08:29.006775|[g:1][CONSENSUS][PBFT]checkTimeout Succ,view=58549,toView=58550,nodeIdx=2,changeCycle=1,myNode=72961a87...,timecost=5.461
info|2019-12-12 14:08:29.006809|[P2P][Service] heartBeat,connected count=3
info|2019-12-12 14:08:29.009420|[g:1][CONSENSUS][PBFT]checkAndChangeView: Reach consensus,org_view=58549,org_changeCycle=1,cur_changeCycle=1,to_view=58550
info|2019-12-12 14:08:30.010376|[g:1][CONSENSUS]addRawPrepare,height=6,reqIdx=3,hash=c0faf526...
info|2019-12-12 14:08:30.010930|[g:1][CONSENSUS][PBFT]checkTimeout Succ,view=58550,toView=58551,nodeIdx=2,changeCycle=0,myNode=72961a87...,timecost=0.455
info|2019-12-12 14:08:30.012194|[g:1][CONSENSUS][PBFT]checkAndChangeView: Reach consensus,org_view=58550,org_changeCycle=0,cur_changeCycle=0,to_view=58551
info|2019-12-12 14:08:31.014622|[g:1][CONSENSUS]addRawPrepare,height=6,reqIdx=0,hash=c13d6653...
info|2019-12-12 14:08:31.015171|[g:1][CONSENSUS][PBFT]checkTimeout Succ,view=58551,toView=58552,nodeIdx=2,changeCycle=0,myNode=72961a87...,timecost=0.412
info|2019-12-12 14:08:31.016429|[g:1][CONSENSUS][PBFT]checkAndChangeView: Reach consensus,org_view=58551,org_changeCycle=0,cur_changeCycle=0,to_view=58552
info|2019-12-12 14:08:32.018139|[g:1][CONSENSUS]addRawPrepare,height=6,reqIdx=1,hash=f5d2019d...
info|2019-12-12 14:08:32.018679|[g:1][CONSENSUS][PBFT]checkTimeout Succ,view=58552,toView=58553,nodeIdx=2,changeCycle=0,myNode=72961a87...,timecost=0.417
info|2019-12-12 14:08:32.019856|[g:1][CONSENSUS][PBFT]checkAndChangeView: Reach consensus,org_view=58552,org_changeCycle=0,cur_changeCycle=0,to_view=58553
info|2019-12-12 14:08:33.020022|[g:1][CONSENSUS][SEALER]++++++++++++++++ Generating seal on,blkNum=6,tx=0,nodeIdx=2,hash=87c6ad54...
info|2019-12-12 14:08:33.020859|[g:1][CONSENSUS][PBFT]checkTimeout Succ,view=58553,toView=58554,nodeIdx=2,changeCycle=0,myNode=72961a87...,timecost=0.397
info|2019-12-12 14:08:33.023323|[g:1][CONSENSUS][PBFT]checkAndChangeView: Reach consensus,org_view=58553,org_changeCycle=0,cur_changeCycle=0,to_view=58554
info|2019-12-12 14:08:34.024746|[g:1][CONSENSUS]addRawPrepare,height=6,reqIdx=3,hash=47460e1e...
info|2019-12-12 14:08:34.025564|[g:1][CONSENSUS][PBFT]checkTimeout Succ,view=58554,toView=58555,nodeIdx=2,changeCycle=0,myNode=72961a87...,timecost=0.659
info|2019-12-12 14:08:34.027068|[g:1][CONSENSUS][PBFT]checkAndChangeView: Reach consensus,org_view=58554,org_changeCycle=0,cur_changeCycle=0,to_view=58555
info|2019-12-12 14:08:35.030620|[g:1][CONSENSUS]addRawPrepare,height=6,reqIdx=0,hash=f199e008...
info|2019-12-12 14:08:35.031244|[g:1][CONSENSUS][PBFT]checkTimeout Succ,view=58555,toView=58556,nodeIdx=2,changeCycle=0,myNode=72961a87...,timecost=0.496
info|2019-12-12 14:08:35.032640|[g:1][CONSENSUS][PBFT]checkAndChangeView: Reach consensus,org_view=58555,org_changeCycle=0,cur_changeCycle=0,to_view=58556
info|2019-12-12 14:08:36.033891|[g:1][CONSENSUS]addRawPrepare,height=6,reqIdx=1,hash=d76f41a1...
info|2019-12-12 14:08:36.034530|[g:1][CONSENSUS][PBFT]checkTimeout Succ,view=58556,toView=58557,nodeIdx=2,changeCycle=0,myNode=72961a87...,timecost=0.499
info|2019-12-12 14:08:36.036004|[g:1][CONSENSUS][PBFT]checkAndChangeView: Reach consensus,org_view=58556,org_changeCycle=0,cur_changeCycle=0,to_view=58557
info|2019-12-12 14:08:37.037228|[g:1][CONSENSUS][SEALER]++++++++++++++++ Generating seal on,blkNum=6,tx=0,nodeIdx=2,hash=28a8c23b...
info|2019-12-12 14:08:37.037941|[g:1][CONSENSUS][PBFT]checkTimeout Succ,view=58557,toView=58558,nodeIdx=2,changeCycle=0,myNode=72961a87...,timecost=0.335
info|2019-12-12 14:08:37.040082|[g:1][CONSENSUS][PBFT]checkAndChangeView: Reach consensus,org_view=58557,org_changeCycle=0,cur_changeCycle=0,to_view=58558
info|2019-12-12 14:08:38.041152|[g:1][CONSENSUS]addRawPrepare,height=6,reqIdx=3,hash=8c662d1b...
info|2019-12-12 14:08:38.042058|[g:1][CONSENSUS][PBFT]checkTimeout Succ,view=58558,toView=58559,nodeIdx=2,changeCycle=0,myNode=72961a87...,timecost=0.691
info|2019-12-12 14:08:38.043595|[g:1][CONSENSUS][PBFT]checkAndChangeView: Reach consensus,org_view=58558,org_changeCycle=0,cur_changeCycle=0,to_view=58559
info|2019-12-12 14:08:39.012974|[P2P][Service] heartBeat,connected count=3
info|2019-12-12 14:08:39.044794|[g:1][CONSENSUS]addRawPrepare,height=6,reqIdx=0,hash=2504d2cf...
info|2019-12-12 14:08:39.045715|[g:1][CONSENSUS][PBFT]checkTimeout Succ,view=58559,toView=58560,nodeIdx=2,changeCycle=0,myNode=72961a87...,timecost=0.789
info|2019-12-12 14:08:39.047000|[g:1][CONSENSUS][PBFT]checkAndChangeView: Reach consensus,org_view=58559,org_changeCycle=0,cur_changeCycle=0,to_view=58560
info|2019-12-12 14:08:40.049346|[g:1][CONSENSUS]addRawPrepare,height=6,reqIdx=1,hash=fedd02b2...
info|2019-12-12 14:08:40.049958|[g:1][CONSENSUS][PBFT]checkTimeout Succ,view=58560,toView=58561,nodeIdx=2,changeCycle=0,myNode=72961a87...,timecost=0.454
info|2019-12-12 14:08:40.051356|[g:1][CONSENSUS][PBFT]checkAndChangeView: Reach consensus,org_view=58560,org_changeCycle=0,cur_changeCycle=0,to_view=58561
info|2019-12-12 14:08:41.052765|[g:1][CONSENSUS][SEALER]++++++++++++++++ Generating seal on,blkNum=6,tx=0,nodeIdx=2,hash=fa05299e...
info|2019-12-12 14:08:41.053705|[g:1][CONSENSUS][PBFT]checkTimeout Succ,view=58561,toView=58562,nodeIdx=2,changeCycle=0,myNode=72961a87...,timecost=0.477
info|2019-12-12 14:08:41.056305|[g:1][CONSENSUS][PBFT]checkAndChangeView: Reach consensus,org_view=58561,org_changeCycle=0,cur_changeCycle=0,to_view=58562
info|2019-12-12 14:08:42.058399|[g:1][CONSENSUS]addRawPrepare,height=6,reqIdx=3,hash=88cdb49d...
info|2019-12-12 14:08:42.059024|[g:1][CONSENSUS][PBFT]checkTimeout Succ,view=58562,toView=58563,nodeIdx=2,changeCycle=0,myNode=72961a87...,timecost=0.478
info|2019-12-12 14:08:42.060740|[g:1][CONSENSUS][PBFT]checkAndChangeView: Reach consensus,org_view=58562,org_changeCycle=0,cur_changeCycle=0,to_view=58563
info|2019-12-12 14:08:43.062684|[g:1][CONSENSUS]addRawPrepare,height=6,reqIdx=0,hash=baa6cd6d...
info|2019-12-12 14:08:43.063448|[g:1][CONSENSUS][PBFT]checkTimeout Succ,view=58563,toView=58564,nodeIdx=2,changeCycle=0,myNode=72961a87...,timecost=0.601
info|2019-12-12 14:08:43.065340|[g:1][CONSENSUS][PBFT]checkAndChangeView: Reach consensus,org_view=58563,org_changeCycle=0,cur_changeCycle=0,to_view=58564
info|2019-12-12 14:08:44.067774|[g:1][CONSENSUS]addRawPrepare,height=6,reqIdx=1,hash=1db58cbf...
info|2019-12-12 14:08:44.068442|[g:1][CONSENSUS][PBFT]checkTimeout Succ,view=58564,toView=58565,nodeIdx=2,changeCycle=0,myNode=72961a87...,timecost=0.534
info|2019-12-12 14:08:44.069900|[g:1][CONSENSUS][PBFT]checkAndChangeView: Reach consensus,org_view=58564,org_changeCycle=0,cur_changeCycle=0,to_view=58565
info|2019-12-12 14:08:45.069683|[g:1][CONSENSUS][SEALER]++++++++++++++++ Generating seal on,blkNum=6,tx=0,nodeIdx=2,hash=f502ee71...
info|2019-12-12 14:08:45.070585|[g:1][CONSENSUS][PBFT]checkTimeout Succ,view=58565,toView=58566,nodeIdx=2,changeCycle=0,myNode=72961a87...,timecost=0.422
info|2019-12-12 14:08:45.073182|[g:1][CONSENSUS][PBFT]checkAndChangeView: Reach consensus,org_view=58565,org_changeCycle=0,cur_changeCycle=0,to_view=58566
info|2019-12-12 14:08:46.074907|[g:1][CONSENSUS]addRawPrepare,height=6,reqIdx=3,hash=b90f2754...
info|2019-12-12 14:08:46.075543|[g:1][CONSENSUS][PBFT]checkTimeout Succ,view=58566,toView=58567,nodeIdx=2,changeCycle=0,myNode=72961a87...,timecost=0.513
info|2019-12-12 14:08:46.077025|[g:1][CONSENSUS][PBFT]checkAndChangeView: Reach consensus,org_view=58566,org_changeCycle=0,cur_changeCycle=0,to_view=58567
info|2019-12-12 14:08:47.079830|[g:1][CONSENSUS]addRawPrepare,height=6,reqIdx=0,hash=15b1cb77...
info|2019-12-12 14:08:47.080417|[g:1][CONSENSUS][PBFT]checkTimeout Succ,view=58567,toView=58568,nodeIdx=2,changeCycle=0,myNode=72961a87...,timecost=0.46
info|2019-12-12 14:08:47.081862|[g:1][CONSENSUS][PBFT]checkAndChangeView: Reach consensus,org_view=58567,org_changeCycle=0,cur_changeCycle=0,to_view=58568
info|2019-12-12 14:08:48.082669|[g:1][CONSENSUS]addRawPrepare,height=6,reqIdx=1,hash=14b5dea6...
info|2019-12-12 14:08:48.083293|[g:1][CONSENSUS][PBFT]checkTimeout Succ,view=58568,toView=58569,nodeIdx=2,changeCycle=0,myNode=72961a87...,timecost=0.472
info|2019-12-12 14:08:48.085039|[g:1][CONSENSUS][PBFT]checkAndChangeView: Reach consensus,org_view=58568,org_changeCycle=0,cur_changeCycle=0,to_view=58569
info|2019-12-12 14:08:49.022050|[P2P][Service] heartBeat,connected count=3
info|2019-12-12 14:08:49.085422|[g:1][CONSENSUS][SEALER]++++++++++++++++ Generating seal on,blkNum=6,tx=0,nodeIdx=2,hash=398adf00...
info|2019-12-12 14:08:49.086672|[g:1][CONSENSUS][PBFT]checkTimeout Succ,view=58569,toView=58570,nodeIdx=2,changeCycle=0,myNode=72961a87...,timecost=0.781
info|2019-12-12 14:08:49.089358|[g:1][CONSENSUS][PBFT]checkAndChangeView: Reach consensus,org_view=58569,org_changeCycle=0,cur_changeCycle=0,to_view=58570
info|2019-12-12 14:08:50.091151|[g:1][CONSENSUS]addRawPrepare,height=6,reqIdx=3,hash=d83c84bf...
info|2019-12-12 14:08:50.091791|[g:1][CONSENSUS][PBFT]checkTimeout Succ,view=58570,toView=58571,nodeIdx=2,changeCycle=0,myNode=72961a87...,timecost=0.506
info|2019-12-12 14:08:50.093713|[g:1][CONSENSUS][PBFT]checkAndChangeView: Reach consensus,org_view=58570,org_changeCycle=0,cur_changeCycle=0,to_view=58571
info|2019-12-12 14:08:51.094751|[g:1][CONSENSUS]addRawPrepare,height=6,reqIdx=0,hash=cae54f3e...
info|2019-12-12 14:08:51.095311|[g:1][CONSENSUS][PBFT]checkTimeout Succ,view=58571,toView=58572,nodeIdx=2,changeCycle=0,myNode=72961a87...,timecost=0.418
info|2019-12-12 14:08:51.096778|[g:1][CONSENSUS][PBFT]checkAndChangeView: Reach consensus,org_view=58571,org_changeCycle=0,cur_changeCycle=0,to_view=58572
info|2019-12-12 14:08:52.097773|[g:1][CONSENSUS]addRawPrepare,height=6,reqIdx=1,hash=09138373...
info|2019-12-12 14:08:52.098339|[g:1][CONSENSUS][PBFT]checkTimeout Succ,view=58572,toView=58573,nodeIdx=2,changeCycle=0,myNode=72961a87...,timecost=0.445
info|2019-12-12 14:08:52.099636|[g:1][CONSENSUS][PBFT]checkAndChangeView: Reach consensus,org_view=58572,org_changeCycle=0,cur_changeCycle=0,to_view=58573
info|2019-12-12 14:08:53.100275|[g:1][CONSENSUS][SEALER]++++++++++++++++ Generating seal on,blkNum=6,tx=0,nodeIdx=2,hash=5dfcbb80...
info|2019-12-12 14:08:53.103460|[g:1][CONSENSUS][PBFT]checkTimeout Succ,view=58573,toView=58574,nodeIdx=2,changeCycle=0,myNode=72961a87...,timecost=0.469
info|2019-12-12 14:08:53.104174|[g:1][CONSENSUS][PBFT]checkAndChangeView: Reach consensus,org_view=58573,org_changeCycle=0,cur_changeCycle=0,to_view=58574
info|2019-12-12 14:08:54.105734|[g:1][CONSENSUS]addRawPrepare,height=6,reqIdx=3,hash=43309691...
info|2019-12-12 14:08:54.106660|[g:1][CONSENSUS][PBFT]checkTimeout Succ,view=58574,toView=58575,nodeIdx=2,changeCycle=0,myNode=72961a87...,timecost=0.806
info|2019-12-12 14:08:54.107968|[g:1][CONSENSUS][PBFT]checkAndChangeView: Reach consensus,org_view=58574,org_changeCycle=0,cur_changeCycle=0,to_view=58575
info|2019-12-12 14:08:55.110024|[g:1][CONSENSUS]addRawPrepare,height=6,reqIdx=0,hash=d4c0cfaa...
info|2019-12-12 14:08:55.110564|[g:1][CONSENSUS][PBFT]checkTimeout Succ,view=58575,toView=58576,nodeIdx=2,changeCycle=0,myNode=72961a87...,timecost=0.424
info|2019-12-12 14:08:55.111851|[g:1][CONSENSUS][PBFT]checkAndChangeView: Reach consensus,org_view=58575,org_changeCycle=0,cur_changeCycle=0,to_view=58576
info|2019-12-12 14:08:56.114202|[g:1][CONSENSUS]addRawPrepare,height=6,reqIdx=1,hash=5109d78e...
info|2019-12-12 14:08:56.114828|[g:1][CONSENSUS][PBFT]checkTimeout Succ,view=58576,toView=58577,nodeIdx=2,changeCycle=0,myNode=72961a87...,timecost=0.494
info|2019-12-12 14:08:56.116079|[g:1][CONSENSUS][PBFT]checkAndChangeView: Reach consensus,org_view=58576,org_changeCycle=0,cur_changeCycle=0,to_view=58577
info|2019-12-12 14:08:57.117743|[g:1][CONSENSUS][SEALER]++++++++++++++++ Generating seal on,blkNum=6,tx=0,nodeIdx=2,hash=dc457208...
info|2019-12-12 14:08:57.120507|[g:1][CONSENSUS][PBFT]checkTimeout Succ,view=58577,toView=58578,nodeIdx=2,changeCycle=0,myNode=72961a87...,timecost=0.401
info|2019-12-12 14:08:57.121940|[g:1][CONSENSUS][PBFT]checkAndChangeView: Reach consensus,org_view=58577,org_changeCycle=0,cur_changeCycle=0,to_view=58578
info|2019-12-12 14:08:58.122492|[g:1][CONSENSUS]addRawPrepare,height=6,reqIdx=3,hash=148f77cf...
info|2019-12-12 14:08:58.123351|[g:1][CONSENSUS][PBFT]checkTimeout Succ,view=58578,toView=58579,nodeIdx=2,changeCycle=0,myNode=72961a87...,timecost=0.698
info|2019-12-12 14:08:58.124606|[g:1][CONSENSUS][PBFT]checkAndChangeView: Reach consensus,org_view=58578,org_changeCycle=0,cur_changeCycle=0,to_view=58579
info|2019-12-12 14:08:59.028366|[P2P][Service] heartBeat,connected count=3
info|2019-12-12 14:08:59.128244|[g:1][CONSENSUS]addRawPrepare,height=6,reqIdx=0,hash=78716e4d...
info|2019-12-12 14:08:59.129080|[g:1][CONSENSUS][PBFT]checkTimeout Succ,view=58579,toView=58580,nodeIdx=2,changeCycle=0,myNode=72961a87...,timecost=0.715
info|2019-12-12 14:08:59.130377|[g:1][CONSENSUS][PBFT]checkAndChangeView: Reach consensus,org_view=58579,org_changeCycle=0,cur_changeCycle=0,to_view=58580
info|2019-12-12 14:09:00.131309|[g:1][CONSENSUS]addRawPrepare,height=6,reqIdx=1,hash=1468bc2b...
info|2019-12-12 14:09:00.131952|[g:1][CONSENSUS][PBFT]checkTimeout Succ,view=58580,toView=58581,nodeIdx=2,changeCycle=0,myNode=72961a87...,timecost=0.472
info|2019-12-12 14:09:00.133325|[g:1][CONSENSUS][PBFT]checkAndChangeView: Reach consensus,org_view=58580,org_changeCycle=0,cur_changeCycle=0,to_view=58581
info|2019-12-12 14:09:01.134051|[g:1][CONSENSUS][SEALER]++++++++++++++++ Generating seal on,blkNum=6,tx=0,nodeIdx=2,hash=97e8ae3a...
info|2019-12-12 14:09:01.137261|[g:1][CONSENSUS][PBFT]checkTimeout Succ,view=58581,toView=58582,nodeIdx=2,changeCycle=0,myNode=72961a87...,timecost=0.465
info|2019-12-12 14:09:01.137971|[g:1][CONSENSUS][PBFT]checkAndChangeView: Reach consensus,org_view=58581,org_changeCycle=0,cur_changeCycle=0,to_view=58582
info|2019-12-12 14:09:02.139243|[g:1][CONSENSUS]addRawPrepare,height=6,reqIdx=3,hash=6a520b55...
info|2019-12-12 14:09:02.139893|[g:1][CONSENSUS][PBFT]checkTimeout Succ,view=58582,toView=58583,nodeIdx=2,changeCycle=0,myNode=72961a87...,timecost=0.508
info|2019-12-12 14:09:02.141496|[g:1][CONSENSUS][PBFT]checkAndChangeView: Reach consensus,org_view=58582,org_changeCycle=0,cur_changeCycle=0,to_view=58583
info|2019-12-12 14:09:03.142814|[g:1][CONSENSUS]addRawPrepare,height=6,reqIdx=0,hash=6f087839...
info|2019-12-12 14:09:03.143624|[g:1][CONSENSUS][PBFT]checkTimeout Succ,view=58583,toView=58584,nodeIdx=2,changeCycle=0,myNode=72961a87...,timecost=0.628
info|2019-12-12 14:09:03.145469|[g:1][CONSENSUS][PBFT]checkAndChangeView: Reach consensus,org_view=58583,org_changeCycle=0,cur_changeCycle=0,to_view=58584
info|2019-12-12 14:09:04.146959|[g:1][CONSENSUS]addRawPrepare,height=6,reqIdx=1,hash=5c992f8d...
info|2019-12-12 14:09:04.148076|[g:1][CONSENSUS][PBFT]checkTimeout Succ,view=58584,toView=58585,nodeIdx=2,changeCycle=0,myNode=72961a87...,timecost=0.948
info|2019-12-12 14:09:04.149641|[g:1][CONSENSUS][PBFT]checkAndChangeView: Reach consensus,org_view=58584,org_changeCycle=0,cur_changeCycle=0,to_view=58585
info|2019-12-12 14:09:05.150795|[g:1][CONSENSUS][SEALER]++++++++++++++++ Generating seal on,blkNum=6,tx=0,nodeIdx=2,hash=0a67c419...
info|2019-12-12 14:09:05.154126|[g:1][CONSENSUS][PBFT]checkTimeout Succ,view=58585,toView=58586,nodeIdx=2,changeCycle=0,myNode=72961a87...,timecost=0.499
info|2019-12-12 14:09:05.154868|[g:1][CONSENSUS][PBFT]checkAndChangeView: Reach consensus,org_view=58585,org_changeCycle=0,cur_changeCycle=0,to_view=58586
info|2019-12-12 14:09:06.156139|[g:1][CONSENSUS]addRawPrepare,height=6,reqIdx=3,hash=52000fc7...
info|2019-12-12 14:09:06.156713|[g:1][CONSENSUS][PBFT]checkTimeout Succ,view=58586,toView=58587,nodeIdx=2,changeCycle=0,myNode=72961a87...,timecost=0.448
info|2019-12-12 14:09:06.158207|[g:1][CONSENSUS][PBFT]checkAndChangeView: Reach consensus,org_view=58586,org_changeCycle=0,cur_changeCycle=0,to_view=58587
info|2019-12-12 14:09:07.160291|[g:1][CONSENSUS]addRawPrepare,height=6,reqIdx=0,hash=ed8201aa...
info|2019-12-12 14:09:07.160886|[g:1][CONSENSUS][PBFT]checkTimeout Succ,view=58587,toView=58588,nodeIdx=2,changeCycle=0,myNode=72961a87...,timecost=0.438
info|2019-12-12 14:09:07.162267|[g:1][CONSENSUS][PBFT]checkAndChangeView: Reach consensus,org_view=58587,org_changeCycle=0,cur_changeCycle=0,to_view=58588
info|2019-12-12 14:09:08.164753|[g:1][CONSENSUS]addRawPrepare,height=6,reqIdx=1,hash=db32d8c8...
info|2019-12-12 14:09:08.165443|[g:1][CONSENSUS][PBFT]checkTimeout Succ,view=58588,toView=58589,nodeIdx=2,changeCycle=0,myNode=72961a87...,timecost=0.563
info|2019-12-12 14:09:08.167051|[g:1][CONSENSUS][PBFT]checkAndChangeView: Reach consensus,org_view=58588,org_changeCycle=0,cur_changeCycle=0,to_view=58589
info|2019-12-12 14:09:09.035167|[P2P][Service] heartBeat,connected count=3
info|2019-12-12 14:09:09.168414|[g:1][CONSENSUS][SEALER]++++++++++++++++ Generating seal on,blkNum=6,tx=0,nodeIdx=2,hash=4f7dfd76...
info|2019-12-12 14:09:09.169524|[g:1][CONSENSUS][PBFT]checkTimeout Succ,view=58589,toView=58590,nodeIdx=2,changeCycle=0,myNode=72961a87...,timecost=0.645
info|2019-12-12 14:09:09.172197|[g:1][CONSENSUS][PBFT]checkAndChangeView: Reach consensus,org_view=58589,org_changeCycle=0,cur_changeCycle=0,to_view=58590
info|2019-12-12 14:09:10.174969|[g:1][CONSENSUS]addRawPrepare,height=6,reqIdx=3,hash=b88fff71...
info|2019-12-12 14:09:10.175694|[g:1][CONSENSUS][PBFT]checkTimeout Succ,view=58590,toView=58591,nodeIdx=2,changeCycle=0,myNode=72961a87...,timecost=0.556
info|2019-12-12 14:09:10.177245|[g:1][CONSENSUS][PBFT]checkAndChangeView: Reach consensus,org_view=58590,org_changeCycle=0,cur_changeCycle=0,to_view=58591
info|2019-12-12 14:09:11.179466|[g:1][CONSENSUS]addRawPrepare,height=6,reqIdx=0,hash=ec3248b8...
info|2019-12-12 14:09:11.180182|[g:1][CONSENSUS][PBFT]checkTimeout Succ,view=58591,toView=58592,nodeIdx=2,changeCycle=0,myNode=72961a87...,timecost=0.556
info|2019-12-12 14:09:11.181925|[g:1][CONSENSUS][PBFT]checkAndChangeView: Reach consensus,org_view=58591,org_changeCycle=0,cur_changeCycle=0,to_view=58592
info|2019-12-12 14:09:12.184050|[g:1][CONSENSUS]addRawPrepare,height=6,reqIdx=1,hash=2b080834...
info|2019-12-12 14:09:12.184628|[g:1][CONSENSUS][PBFT]checkTimeout Succ,view=58592,toView=58593,nodeIdx=2,changeCycle=0,myNode=72961a87...,timecost=0.397
info|2019-12-12 14:09:12.186284|[g:1][CONSENSUS][PBFT]checkAndChangeView: Reach consensus,org_view=58592,org_changeCycle=0,cur_changeCycle=0,to_view=58593
info|2019-12-12 14:09:13.187675|[g:1][CONSENSUS][SEALER]++++++++++++++++ Generating seal on,blkNum=6,tx=0,nodeIdx=2,hash=b26aafae...
info|2019-12-12 14:09:13.190864|[g:1][CONSENSUS][PBFT]checkTimeout Succ,view=58593,toView=58594,nodeIdx=2,changeCycle=0,myNode=72961a87...,timecost=0.469
info|2019-12-12 14:09:13.191830|[g:1][CONSENSUS][PBFT]checkAndChangeView: Reach consensus,org_view=58593,org_changeCycle=0,cur_changeCycle=0,to_view=58594
info|2019-12-12 14:09:14.192879|[g:1][CONSENSUS]addRawPrepare,height=6,reqIdx=3,hash=20633159...
info|2019-12-12 14:09:14.194473|[g:1][CONSENSUS][PBFT]checkTimeout Succ,view=58594,toView=58595,nodeIdx=2,changeCycle=0,myNode=72961a87...,timecost=1.472
info|2019-12-12 14:09:14.196009|[g:1][CONSENSUS][PBFT]checkAndChangeView: Reach consensus,org_view=58594,org_changeCycle=0,cur_changeCycle=0,to_view=58595
info|2019-12-12 14:09:15.196695|[g:1][CONSENSUS]addRawPrepare,height=6,reqIdx=0,hash=ccf69fa9...
info|2019-12-12 14:09:15.197354|[g:1][CONSENSUS][PBFT]checkTimeout Succ,view=58595,toView=58596,nodeIdx=2,changeCycle=0,myNode=72961a87...,timecost=0.506
info|2019-12-12 14:09:15.198742|[g:1][CONSENSUS][PBFT]checkAndChangeView: Reach consensus,org_view=58595,org_changeCycle=0,cur_changeCycle=0,to_view=58596
info|2019-12-12 14:09:16.200576|[g:1][CONSENSUS]addRawPrepare,height=6,reqIdx=1,hash=dd5802d1...
info|2019-12-12 14:09:16.201206|[g:1][CONSENSUS][PBFT]checkTimeout Succ,view=58596,toView=58597,nodeIdx=2,changeCycle=0,myNode=72961a87...,timecost=0.496
info|2019-12-12 14:09:16.202819|[g:1][CONSENSUS][PBFT]checkAndChangeView: Reach consensus,org_view=58596,org_changeCycle=0,cur_changeCycle=0,to_view=58597
info|2019-12-12 14:09:17.203200|[g:1][CONSENSUS][SEALER]++++++++++++++++ Generating seal on,blkNum=6,tx=0,nodeIdx=2,hash=ea4df2cd...
info|2019-12-12 14:09:17.204223|[g:1][CONSENSUS][PBFT]checkTimeout Succ,view=58597,toView=58598,nodeIdx=2,changeCycle=0,myNode=72961a87...,timecost=0.55
info|2019-12-12 14:09:17.206684|[g:1][CONSENSUS][PBFT]checkAndChangeView: Reach consensus,org_view=58597,org_changeCycle=0,cur_changeCycle=0,to_view=58598
info|2019-12-12 14:09:18.209915|[g:1][CONSENSUS]addRawPrepare,height=6,reqIdx=3,hash=eaacef66...
info|2019-12-12 14:09:18.210570|[g:1][CONSENSUS][PBFT]checkTimeout Succ,view=58598,toView=58599,nodeIdx=2,changeCycle=0,myNode=72961a87...,timecost=0.523
info|2019-12-12 14:09:18.212236|[g:1][CONSENSUS][PBFT]checkAndChangeView: Reach consensus,org_view=58598,org_changeCycle=0,cur_changeCycle=0,to_view=58599
info|2019-12-12 14:09:19.040791|[P2P][Service] heartBeat,connected count=3
info|2019-12-12 14:09:19.213340|[g:1][CONSENSUS]addRawPrepare,height=6,reqIdx=0,hash=7ce73ac9...
info|2019-12-12 14:09:19.214405|[g:1][CONSENSUS][PBFT]checkTimeout Succ,view=58599,toView=58600,nodeIdx=2,changeCycle=0,myNode=72961a87...,timecost=0.926
info|2019-12-12 14:09:19.216161|[g:1][CONSENSUS][PBFT]checkAndChangeView: Reach consensus,org_view=58599,org_changeCycle=0,cur_changeCycle=0,to_view=58600
info|2019-12-12 14:09:20.217946|[g:1][CONSENSUS]addRawPrepare,height=6,reqIdx=1,hash=b1e22716...
info|2019-12-12 14:09:20.218579|[g:1][CONSENSUS][PBFT]checkTimeout Succ,view=58600,toView=58601,nodeIdx=2,changeCycle=0,myNode=72961a87...,timecost=0.509
info|2019-12-12 14:09:20.219979|[g:1][CONSENSUS][PBFT]checkAndChangeView: Reach consensus,org_view=58600,org_changeCycle=0,cur_changeCycle=0,to_view=58601
info|2019-12-12 14:09:21.221580|[g:1][CONSENSUS][SEALER]++++++++++++++++ Generating seal on,blkNum=6,tx=0,nodeIdx=2,hash=fb86dc61...
info|2019-12-12 14:09:21.224163|[g:1][CONSENSUS][PBFT]checkTimeout Succ,view=58601,toView=58602,nodeIdx=2,changeCycle=0,myNode=72961a87...,timecost=0.337
info|2019-12-12 14:09:21.224634|[g:1][CONSENSUS][PBFT]checkAndChangeView: Reach consensus,org_view=58601,org_changeCycle=0,cur_changeCycle=0,to_view=58602
info|2019-12-12 14:09:22.225621|[g:1][CONSENSUS]addRawPrepare,height=6,reqIdx=3,hash=a77d5fc9...
info|2019-12-12 14:09:22.226283|[g:1][CONSENSUS][PBFT]checkTimeout Succ,view=58602,toView=58603,nodeIdx=2,changeCycle=0,myNode=72961a87...,timecost=0.496
info|2019-12-12 14:09:22.228061|[g:1][CONSENSUS][PBFT]checkAndChangeView: Reach consensus,org_view=58602,org_changeCycle=0,cur_changeCycle=0,to_view=58603
info|2019-12-12 14:09:23.230059|[g:1][CONSENSUS]addRawPrepare,height=6,reqIdx=0,hash=ff9b9e11...
info|2019-12-12 14:09:23.230744|[g:1][CONSENSUS][PBFT]checkTimeout Succ,view=58603,toView=58604,nodeIdx=2,changeCycle=0,myNode=72961a87...,timecost=0.516
info|2019-12-12 14:09:23.232213|[g:1][CONSENSUS][PBFT]checkAndChangeView: Reach consensus,org_view=58603,org_changeCycle=0,cur_changeCycle=0,to_view=58604
info|2019-12-12 14:09:24.234862|[g:1][CONSENSUS]addRawPrepare,height=6,reqIdx=1,hash=99638bf7...
info|2019-12-12 14:09:24.235902|[g:1][CONSENSUS][PBFT]checkTimeout Succ,view=58604,toView=58605,nodeIdx=2,changeCycle=0,myNode=72961a87...,timecost=0.934
info|2019-12-12 14:09:24.237643|[g:1][CONSENSUS][PBFT]checkAndChangeView: Reach consensus,org_view=58604,org_changeCycle=0,cur_changeCycle=0,to_view=58605
info|2019-12-12 14:09:25.238605|[g:1][CONSENSUS][SEALER]++++++++++++++++ Generating seal on,blkNum=6,tx=0,nodeIdx=2,hash=e6aa0f70...
info|2019-12-12 14:09:25.241174|[g:1][CONSENSUS][PBFT]checkTimeout Succ,view=58605,toView=58606,nodeIdx=2,changeCycle=0,myNode=72961a87...,timecost=0.518
info|2019-12-12 14:09:25.242671|[g:1][CONSENSUS][PBFT]checkAndChangeView: Reach consensus,org_view=58605,org_changeCycle=0,cur_changeCycle=0,to_view=58606
info|2019-12-12 14:09:26.244934|[g:1][CONSENSUS]addRawPrepare,height=6,reqIdx=3,hash=365e053a...
info|2019-12-12 14:09:26.245569|[g:1][CONSENSUS][PBFT]checkTimeout Succ,view=58606,toView=58607,nodeIdx=2,changeCycle=0,myNode=72961a87...,timecost=0.484
info|2019-12-12 14:09:26.247078|[g:1][CONSENSUS][PBFT]checkAndChangeView: Reach consensus,org_view=58606,org_changeCycle=0,cur_changeCycle=0,to_view=58607
info|2019-12-12 14:09:27.248462|[g:1][CONSENSUS]addRawPrepare,height=6,reqIdx=0,hash=5ce77233...
info|2019-12-12 14:09:27.249098|[g:1][CONSENSUS][PBFT]checkTimeout Succ,view=58607,toView=58608,nodeIdx=2,changeCycle=0,myNode=72961a87...,timecost=0.505
info|2019-12-12 14:09:27.250665|[g:1][CONSENSUS][PBFT]checkAndChangeView: Reach consensus,org_view=58607,org_changeCycle=0,cur_changeCycle=0,to_view=58608
info|2019-12-12 14:09:28.252525|[g:1][CONSENSUS]addRawPrepare,height=6,reqIdx=1,hash=db414b47...
info|2019-12-12 14:09:28.253128|[g:1][CONSENSUS][PBFT]checkTimeout Succ,view=58608,toView=58609,nodeIdx=2,changeCycle=0,myNode=72961a87...,timecost=0.49
info|2019-12-12 14:09:28.254395|[g:1][CONSENSUS][PBFT]checkAndChangeView: Reach consensus,org_view=58608,org_changeCycle=0,cur_changeCycle=0,to_view=58609
info|2019-12-12 14:09:29.047428|[P2P][Service] heartBeat,connected count=3
info|2019-12-12 14:09:29.254632|[g:1][CONSENSUS][SEALER]++++++++++++++++ Generating seal on,blkNum=6,tx=0,nodeIdx=2,hash=d98fd8bc...
info|2019-12-12 14:09:29.255844|[g:1][CONSENSUS][PBFT]checkTimeout Succ,view=58609,toView=58610,nodeIdx=2,changeCycle=0,myNode=72961a87...,timecost=0.761
info|2019-12-12 14:09:29.258684|[g:1][CONSENSUS][PBFT]checkAndChangeView: Reach consensus,org_view=58609,org_changeCycle=0,cur_changeCycle=0,to_view=58610
info|2019-12-12 14:09:30.260997|[g:1][CONSENSUS]addRawPrepare,height=6,reqIdx=3,hash=6571c257...
info|2019-12-12 14:09:30.261671|[g:1][CONSENSUS][PBFT]checkTimeout Succ,view=58610,toView=58611,nodeIdx=2,changeCycle=0,myNode=72961a87...,timecost=0.56
info|2019-12-12 14:09:30.263638|[g:1][CONSENSUS][PBFT]checkAndChangeView: Reach consensus,org_view=58610,org_changeCycle=0,cur_changeCycle=0,to_view=58611
info|2019-12-12 14:09:31.265167|[g:1][CONSENSUS]addRawPrepare,height=6,reqIdx=0,hash=7291170f...
info|2019-12-12 14:09:31.265896|[g:1][CONSENSUS][PBFT]checkTimeout Succ,view=58611,toView=58612,nodeIdx=2,changeCycle=0,myNode=72961a87...,timecost=0.57
info|2019-12-12 14:09:31.267476|[g:1][CONSENSUS][PBFT]checkAndChangeView: Reach consensus,org_view=58611,org_changeCycle=0,cur_changeCycle=0,to_view=58612
info|2019-12-12 14:09:32.269011|[g:1][CONSENSUS]addRawPrepare,height=6,reqIdx=1,hash=c29e7e70...
info|2019-12-12 14:09:32.269655|[g:1][CONSENSUS][PBFT]checkTimeout Succ,view=58612,toView=58613,nodeIdx=2,changeCycle=0,myNode=72961a87...,timecost=0.51
info|2019-12-12 14:09:32.271204|[g:1][CONSENSUS][PBFT]checkAndChangeView: Reach consensus,org_view=58612,org_changeCycle=0,cur_changeCycle=0,to_view=58613
info|2019-12-12 14:09:33.271542|[g:1][CONSENSUS][SEALER]++++++++++++++++ Generating seal on,blkNum=6,tx=0,nodeIdx=2,hash=9699ca3d...
info|2019-12-12 14:09:33.272488|[g:1][CONSENSUS][PBFT]checkTimeout Succ,view=58613,toView=58614,nodeIdx=2,changeCycle=0,myNode=72961a87...,timecost=0.461
info|2019-12-12 14:09:33.275030|[g:1][CONSENSUS][PBFT]checkAndChangeView: Reach consensus,org_view=58613,org_changeCycle=0,cur_changeCycle=0,to_view=58614
info|2019-12-12 14:09:34.275900|[g:1][CONSENSUS]addRawPrepare,height=6,reqIdx=3,hash=4dea511a...
info|2019-12-12 14:09:34.276688|[g:1][CONSENSUS][PBFT]checkTimeout Succ,view=58614,toView=58615,nodeIdx=2,changeCycle=0,myNode=72961a87...,timecost=0.645
info|2019-12-12 14:09:34.278263|[g:1][CONSENSUS][PBFT]checkAndChangeView: Reach consensus,org_view=58614,org_changeCycle=0,cur_changeCycle=0,to_view=58615
info|2019-12-12 14:09:35.280199|[g:1][CONSENSUS]addRawPrepare,height=6,reqIdx=0,hash=c3195603...
info|2019-12-12 14:09:35.280832|[g:1][CONSENSUS][PBFT]checkTimeout Succ,view=58615,toView=58616,nodeIdx=2,changeCycle=0,myNode=72961a87...,timecost=0.46
info|2019-12-12 14:09:35.282210|[g:1][CONSENSUS][PBFT]checkAndChangeView: Reach consensus,org_view=58615,org_changeCycle=0,cur_changeCycle=0,to_view=58616
info|2019-12-12 14:09:36.284299|[g:1][CONSENSUS]addRawPrepare,height=6,reqIdx=1,hash=556b811a...
info|2019-12-12 14:09:36.284957|[g:1][CONSENSUS][PBFT]checkTimeout Succ,view=58616,toView=58617,nodeIdx=2,changeCycle=0,myNode=72961a87...,timecost=0.494
info|2019-12-12 14:09:36.286431|[g:1][CONSENSUS][PBFT]checkAndChangeView: Reach consensus,org_view=58616,org_changeCycle=0,cur_changeCycle=0,to_view=58617
info|2019-12-12 14:47:02.002425|[g:1][CONSENSUS][SEALER]++++++++++++++++ Generating seal on,blkNum=6,tx=0,nodeIdx=2,hash=ecc5cde5...
info|2019-12-12 14:47:02.004080|[P2P][Service] heartBeat,connected count=3
info|2019-12-12 14:47:02.006631|[g:1][CONSENSUS][PBFT]checkTimeout Succ,view=58617,toView=58618,nodeIdx=2,changeCycle=0,myNode=72961a87...,timecost=2.597
info|2019-12-12 14:47:02.014137|[g:1][CONSENSUS][PBFT]checkAndChangeView: Reach consensus,org_view=58617,org_changeCycle=0,cur_changeCycle=0,to_view=58618
info|2019-12-12 14:47:03.015290|[g:1][CONSENSUS]addRawPrepare,height=6,reqIdx=3,hash=dba5a512...
info|2019-12-12 14:47:03.015779|[g:1][CONSENSUS][PBFT]checkTimeout Succ,view=58618,toView=58619,nodeIdx=2,changeCycle=0,myNode=72961a87...,timecost=0.369
info|2019-12-12 14:47:03.016871|[g:1][CONSENSUS][PBFT]checkAndChangeView: Reach consensus,org_view=58618,org_changeCycle=0,cur_changeCycle=0,to_view=58619
info|2019-12-12 14:47:04.018471|[g:1][CONSENSUS]addRawPrepare,height=6,reqIdx=0,hash=807428d6...
info|2019-12-12 14:47:04.019066|[g:1][CONSENSUS][PBFT]checkTimeout Succ,view=58619,toView=58620,nodeIdx=2,changeCycle=0,myNode=72961a87...,timecost=0.454
info|2019-12-12 14:47:04.020610|[g:1][CONSENSUS][PBFT]checkAndChangeView: Reach consensus,org_view=58619,org_changeCycle=0,cur_changeCycle=0,to_view=58620
info|2019-12-12 14:47:05.021851|[g:1][CONSENSUS]addRawPrepare,height=6,reqIdx=1,hash=d3d57fc1...
info|2019-12-12 14:47:05.022314|[g:1][CONSENSUS][PBFT]checkTimeout Succ,view=58620,toView=58621,nodeIdx=2,changeCycle=0,myNode=72961a87...,timecost=0.352
info|2019-12-12 14:47:05.023406|[g:1][CONSENSUS][PBFT]checkAndChangeView: Reach consensus,org_view=58620,org_changeCycle=0,cur_changeCycle=0,to_view=58621
info|2019-12-12 14:47:06.712219|[g:1][CONSENSUS][SEALER]++++++++++++++++ Generating seal on,blkNum=6,tx=0,nodeIdx=2,hash=a00b695b...
info|2019-12-12 14:47:06.713133|[g:1][CONSENSUS][PBFT]checkTimeout Succ,view=58621,toView=58622,nodeIdx=2,changeCycle=0,myNode=72961a87...,timecost=0.462
info|2019-12-12 14:47:06.717820|[g:1][CONSENSUS][PBFT]checkAndChangeView: Reach consensus,org_view=58621,org_changeCycle=0,cur_changeCycle=0,to_view=58622
info|2019-12-12 14:47:07.719471|[g:1][CONSENSUS]addRawPrepare,height=6,reqIdx=3,hash=3bc6fff7...
info|2019-12-12 14:47:07.720070|[g:1][CONSENSUS][PBFT]checkTimeout Succ,view=58622,toView=58623,nodeIdx=2,changeCycle=0,myNode=72961a87...,timecost=0.474
info|2019-12-12 14:47:07.721928|[g:1][CONSENSUS][PBFT]checkAndChangeView: Reach consensus,org_view=58622,org_changeCycle=0,cur_changeCycle=0,to_view=58623
info|2019-12-12 14:47:08.723602|[g:1][CONSENSUS]addRawPrepare,height=6,reqIdx=0,hash=625ef047...
info|2019-12-12 14:47:08.724023|[g:1][CONSENSUS][PBFT]checkTimeout Succ,view=58623,toView=58624,nodeIdx=2,changeCycle=0,myNode=72961a87...,timecost=0.328
info|2019-12-12 14:47:08.725286|[g:1][CONSENSUS][PBFT]checkAndChangeView: Reach consensus,org_view=58623,org_changeCycle=0,cur_changeCycle=0,to_view=58624
info|2019-12-12 14:47:09.726671|[g:1][CONSENSUS]addRawPrepare,height=6,reqIdx=1,hash=4045b633...
info|2019-12-12 14:47:09.727292|[g:1][CONSENSUS][PBFT]checkTimeout Succ,view=58624,toView=58625,nodeIdx=2,changeCycle=0,myNode=72961a87...,timecost=0.487
info|2019-12-12 14:47:09.728569|[g:1][CONSENSUS][PBFT]checkAndChangeView: Reach consensus,org_view=58624,org_changeCycle=0,cur_changeCycle=0,to_view=58625
info|2019-12-12 14:47:10.728215|[g:1][CONSENSUS][SEALER]++++++++++++++++ Generating seal on,blkNum=6,tx=0,nodeIdx=2,hash=11a35e0c...
info|2019-12-12 14:47:10.729102|[g:1][CONSENSUS][PBFT]checkTimeout Succ,view=58625,toView=58626,nodeIdx=2,changeCycle=0,myNode=72961a87...,timecost=0.447
info|2019-12-12 14:47:10.731460|[g:1][CONSENSUS][PBFT]checkAndChangeView: Reach consensus,org_view=58625,org_changeCycle=0,cur_changeCycle=0,to_view=58626
info|2019-12-12 14:47:11.734012|[g:1][CONSENSUS]addRawPrepare,height=6,reqIdx=3,hash=9dba38cc...
info|2019-12-12 14:47:11.734777|[g:1][CONSENSUS][PBFT]checkTimeout Succ,view=58626,toView=58627,nodeIdx=2,changeCycle=0,myNode=72961a87...,timecost=0.561
info|2019-12-12 14:47:11.736221|[g:1][CONSENSUS][PBFT]checkAndChangeView: Reach consensus,org_view=58626,org_changeCycle=0,cur_changeCycle=0,to_view=58627
info|2019-12-12 14:47:12.012468|[P2P][Service] heartBeat,connected count=3
info|2019-12-12 14:47:12.737458|[g:1][CONSENSUS]addRawPrepare,height=6,reqIdx=0,hash=590c708b...
info|2019-12-12 14:47:12.738076|[g:1][CONSENSUS][PBFT]checkTimeout Succ,view=58627,toView=58628,nodeIdx=2,changeCycle=0,myNode=72961a87...,timecost=0.48
info|2019-12-12 14:47:12.739697|[g:1][CONSENSUS][PBFT]checkAndChangeView: Reach consensus,org_view=58627,org_changeCycle=0,cur_changeCycle=0,to_view=58628
info|2019-12-12 14:47:13.741770|[g:1][CONSENSUS]addRawPrepare,height=6,reqIdx=1,hash=c55edb3d...
info|2019-12-12 14:47:13.742486|[g:1][CONSENSUS][PBFT]checkTimeout Succ,view=58628,toView=58629,nodeIdx=2,changeCycle=0,myNode=72961a87...,timecost=0.583
info|2019-12-12 14:47:13.744107|[g:1][CONSENSUS][PBFT]checkAndChangeView: Reach consensus,org_view=58628,org_changeCycle=0,cur_changeCycle=0,to_view=58629
info|2019-12-12 14:47:14.745203|[g:1][CONSENSUS][SEALER]++++++++++++++++ Generating seal on,blkNum=6,tx=0,nodeIdx=2,hash=a82bf4eb...
info|2019-12-12 14:47:14.748303|[g:1][CONSENSUS][PBFT]checkTimeout Succ,view=58629,toView=58630,nodeIdx=2,changeCycle=0,myNode=72961a87...,timecost=0.457
info|2019-12-12 14:47:14.749068|[g:1][CONSENSUS][PBFT]checkAndChangeView: Reach consensus,org_view=58629,org_changeCycle=0,cur_changeCycle=0,to_view=58630
info|2019-12-12 14:47:15.749916|[g:1][CONSENSUS]addRawPrepare,height=6,reqIdx=3,hash=8264081b...
info|2019-12-12 14:47:15.750628|[g:1][CONSENSUS][PBFT]checkTimeout Succ,view=58630,toView=58631,nodeIdx=2,changeCycle=0,myNode=72961a87...,timecost=0.475
info|2019-12-12 14:47:15.752128|[g:1][CONSENSUS][PBFT]checkAndChangeView: Reach consensus,org_view=58630,org_changeCycle=0,cur_changeCycle=0,to_view=58631
info|2019-12-12 14:47:16.753853|[g:1][CONSENSUS]addRawPrepare,height=6,reqIdx=0,hash=aa47a755...
info|2019-12-12 14:47:16.754522|[g:1][CONSENSUS][PBFT]checkTimeout Succ,view=58631,toView=58632,nodeIdx=2,changeCycle=0,myNode=72961a87...,timecost=0.484
info|2019-12-12 14:47:16.755984|[g:1][CONSENSUS][PBFT]checkAndChangeView: Reach consensus,org_view=58631,org_changeCycle=0,cur_changeCycle=0,to_view=58632
info|2019-12-12 14:47:17.758032|[g:1][CONSENSUS]addRawPrepare,height=6,reqIdx=1,hash=96b60fc3...
info|2019-12-12 14:47:17.758669|[g:1][CONSENSUS][PBFT]checkTimeout Succ,view=58632,toView=58633,nodeIdx=2,changeCycle=0,myNode=72961a87...,timecost=0.482
info|2019-12-12 14:47:17.760173|[g:1][CONSENSUS][PBFT]checkAndChangeView: Reach consensus,org_view=58632,org_changeCycle=0,cur_changeCycle=0,to_view=58633
info|2019-12-12 14:47:18.761633|[g:1][CONSENSUS][SEALER]++++++++++++++++ Generating seal on,blkNum=6,tx=0,nodeIdx=2,hash=d4b0820a...
info|2019-12-12 14:47:18.762584|[g:1][CONSENSUS][PBFT]checkTimeout Succ,view=58633,toView=58634,nodeIdx=2,changeCycle=0,myNode=72961a87...,timecost=0.48
info|2019-12-12 14:47:18.765255|[g:1][CONSENSUS][PBFT]checkAndChangeView: Reach consensus,org_view=58633,org_changeCycle=0,cur_changeCycle=0,to_view=58634
info|2019-12-12 14:47:19.768032|[g:1][CONSENSUS]addRawPrepare,height=6,reqIdx=3,hash=09ac88de...
info|2019-12-12 14:47:19.768763|[g:1][CONSENSUS][PBFT]checkTimeout Succ,view=58634,toView=58635,nodeIdx=2,changeCycle=0,myNode=72961a87...,timecost=0.586
info|2019-12-12 14:47:19.770443|[g:1][CONSENSUS][PBFT]checkAndChangeView: Reach consensus,org_view=58634,org_changeCycle=0,cur_changeCycle=0,to_view=58635
info|2019-12-12 14:47:20.773055|[g:1][CONSENSUS]addRawPrepare,height=6,reqIdx=0,hash=b151280e...
info|2019-12-12 14:47:20.773883|[g:1][CONSENSUS][PBFT]checkTimeout Succ,view=58635,toView=58636,nodeIdx=2,changeCycle=0,myNode=72961a87...,timecost=0.653
info|2019-12-12 14:47:20.775483|[g:1][CONSENSUS][PBFT]checkAndChangeView: Reach consensus,org_view=58635,org_changeCycle=0,cur_changeCycle=0,to_view=58636
info|2019-12-12 14:47:21.777567|[g:1][CONSENSUS]addRawPrepare,height=6,reqIdx=1,hash=0c121081...
info|2019-12-12 14:47:21.778240|[g:1][CONSENSUS][PBFT]checkTimeout Succ,view=58636,toView=58637,nodeIdx=2,changeCycle=0,myNode=72961a87...,timecost=0.503
info|2019-12-12 14:47:21.779834|[g:1][CONSENSUS][PBFT]checkAndChangeView: Reach consensus,org_view=58636,org_changeCycle=0,cur_changeCycle=0,to_view=58637
info|2019-12-12 14:47:22.016966|[P2P][Service] heartBeat,connected count=3
info|2019-12-12 14:47:22.780474|[g:1][CONSENSUS][SEALER]++++++++++++++++ Generating seal on,blkNum=6,tx=0,nodeIdx=2,hash=89e5b556...
info|2019-12-12 14:47:22.781197|[g:1][CONSENSUS][PBFT]checkTimeout Succ,view=58637,toView=58638,nodeIdx=2,changeCycle=0,myNode=72961a87...,timecost=0.318
info|2019-12-12 14:47:22.783081|[g:1][CONSENSUS][PBFT]checkAndChangeView: Reach consensus,org_view=58637,org_changeCycle=0,cur_changeCycle=0,to_view=58638
info|2019-12-12 14:47:23.784427|[g:1][CONSENSUS]addRawPrepare,height=6,reqIdx=3,hash=603d9aaf...
info|2019-12-12 14:47:23.784904|[g:1][CONSENSUS][PBFT]checkTimeout Succ,view=58638,toView=58639,nodeIdx=2,changeCycle=0,myNode=72961a87...,timecost=0.362
info|2019-12-12 14:47:23.786372|[g:1][CONSENSUS][PBFT]checkAndChangeView: Reach consensus,org_view=58638,org_changeCycle=0,cur_changeCycle=0,to_view=58639
info|2019-12-12 14:47:24.788314|[g:1][CONSENSUS]addRawPrepare,height=6,reqIdx=0,hash=0501ca16...
info|2019-12-12 14:47:24.788953|[g:1][CONSENSUS][PBFT]checkTimeout Succ,view=58639,toView=58640,nodeIdx=2,changeCycle=0,myNode=72961a87...,timecost=0.501
info|2019-12-12 14:47:24.790516|[g:1][CONSENSUS][PBFT]checkAndChangeView: Reach consensus,org_view=58639,org_changeCycle=0,cur_changeCycle=0,to_view=58640
info|2019-12-12 14:47:25.791818|[g:1][CONSENSUS]addRawPrepare,height=6,reqIdx=1,hash=5654168e...
info|2019-12-12 14:47:25.792288|[g:1][CONSENSUS][PBFT]checkTimeout Succ,view=58640,toView=58641,nodeIdx=2,changeCycle=0,myNode=72961a87...,timecost=0.353
info|2019-12-12 14:47:25.793286|[g:1][CONSENSUS][PBFT]checkAndChangeView: Reach consensus,org_view=58640,org_changeCycle=0,cur_changeCycle=0,to_view=58641
info|2019-12-12 14:47:26.794600|[g:1][CONSENSUS][SEALER]++++++++++++++++ Generating seal on,blkNum=6,tx=0,nodeIdx=2,hash=a9912efa...
info|2019-12-12 14:47:26.795488|[g:1][CONSENSUS][PBFT]checkTimeout Succ,view=58641,toView=58642,nodeIdx=2,changeCycle=0,myNode=72961a87...,timecost=0.38
info|2019-12-12 14:47:26.797882|[g:1][CONSENSUS][PBFT]checkAndChangeView: Reach consensus,org_view=58641,org_changeCycle=0,cur_changeCycle=0,to_view=58642
info|2019-12-12 14:47:27.799832|[g:1][CONSENSUS]addRawPrepare,height=6,reqIdx=3,hash=ea82a3de...
info|2019-12-12 14:47:27.800437|[g:1][CONSENSUS][PBFT]checkTimeout Succ,view=58642,toView=58643,nodeIdx=2,changeCycle=0,myNode=72961a87...,timecost=0.466
info|2019-12-12 14:47:27.802452|[g:1][CONSENSUS][PBFT]checkAndChangeView: Reach consensus,org_view=58642,org_changeCycle=0,cur_changeCycle=0,to_view=58643
info|2019-12-12 14:47:28.804254|[g:1][CONSENSUS]addRawPrepare,height=6,reqIdx=0,hash=bb7fda1b...
info|2019-12-12 14:47:28.804911|[g:1][CONSENSUS][PBFT]checkTimeout Succ,view=58643,toView=58644,nodeIdx=2,changeCycle=0,myNode=72961a87...,timecost=0.511
info|2019-12-12 14:47:28.806594|[g:1][CONSENSUS][PBFT]checkAndChangeView: Reach consensus,org_view=58643,org_changeCycle=0,cur_changeCycle=0,to_view=58644
info|2019-12-12 14:47:29.807570|[g:1][CONSENSUS]addRawPrepare,height=6,reqIdx=1,hash=0cf2b9e7...
info|2019-12-12 14:47:29.808106|[g:1][CONSENSUS][PBFT]checkTimeout Succ,view=58644,toView=58645,nodeIdx=2,changeCycle=0,myNode=72961a87...,timecost=0.417
info|2019-12-12 14:47:29.809568|[g:1][CONSENSUS][PBFT]checkAndChangeView: Reach consensus,org_view=58644,org_changeCycle=0,cur_changeCycle=0,to_view=58645
info|2019-12-12 14:47:30.810272|[g:1][CONSENSUS][SEALER]++++++++++++++++ Generating seal on,blkNum=6,tx=0,nodeIdx=2,hash=a6d4d6cf...
info|2019-12-12 14:47:30.811248|[g:1][CONSENSUS][PBFT]checkTimeout Succ,view=58645,toView=58646,nodeIdx=2,changeCycle=0,myNode=72961a87...,timecost=0.493
info|2019-12-12 14:47:30.813910|[g:1][CONSENSUS][PBFT]checkAndChangeView: Reach consensus,org_view=58645,org_changeCycle=0,cur_changeCycle=0,to_view=58646
info|2019-12-12 14:47:31.817143|[g:1][CONSENSUS]addRawPrepare,height=6,reqIdx=3,hash=636eccd7...
info|2019-12-12 14:47:31.817717|[g:1][CONSENSUS][PBFT]checkTimeout Succ,view=58646,toView=58647,nodeIdx=2,changeCycle=0,myNode=72961a87...,timecost=0.444
info|2019-12-12 14:47:31.819140|[g:1][CONSENSUS][PBFT]checkAndChangeView: Reach consensus,org_view=58646,org_changeCycle=0,cur_changeCycle=0,to_view=58647
info|2019-12-12 14:47:32.026660|[P2P][Service] heartBeat,connected count=3
info|2019-12-12 14:47:32.821204|[g:1][CONSENSUS]addRawPrepare,height=6,reqIdx=0,hash=9197c7ca...
info|2019-12-12 14:47:32.821860|[g:1][CONSENSUS][PBFT]checkTimeout Succ,view=58647,toView=58648,nodeIdx=2,changeCycle=0,myNode=72961a87...,timecost=0.475
info|2019-12-12 14:47:32.823481|[g:1][CONSENSUS][PBFT]checkAndChangeView: Reach consensus,org_view=58647,org_changeCycle=0,cur_changeCycle=0,to_view=58648
info|2019-12-12 14:47:33.825986|[g:1][CONSENSUS]addRawPrepare,height=6,reqIdx=1,hash=d138a1ba...
info|2019-12-12 14:47:33.826870|[g:1][CONSENSUS][PBFT]checkTimeout Succ,view=58648,toView=58649,nodeIdx=2,changeCycle=0,myNode=72961a87...,timecost=0.688
info|2019-12-12 14:47:33.828488|[g:1][CONSENSUS][PBFT]checkAndChangeView: Reach consensus,org_view=58648,org_changeCycle=0,cur_changeCycle=0,to_view=58649
info|2019-12-12 14:47:34.828908|[g:1][CONSENSUS][SEALER]++++++++++++++++ Generating seal on,blkNum=6,tx=0,nodeIdx=2,hash=3e32cea9...
info|2019-12-12 14:47:34.832296|[g:1][CONSENSUS][PBFT]checkTimeout Succ,view=58649,toView=58650,nodeIdx=2,changeCycle=0,myNode=72961a87...,timecost=0.641
info|2019-12-12 14:47:34.833041|[g:1][CONSENSUS][PBFT]checkAndChangeView: Reach consensus,org_view=58649,org_changeCycle=0,cur_changeCycle=0,to_view=58650
info|2019-12-12 14:47:35.833825|[g:1][CONSENSUS]addRawPrepare,height=6,reqIdx=3,hash=7faeae76...
info|2019-12-12 14:47:35.834644|[g:1][CONSENSUS][PBFT]checkTimeout Succ,view=58650,toView=58651,nodeIdx=2,changeCycle=0,myNode=72961a87...,timecost=0.608
info|2019-12-12 14:47:35.836028|[g:1][CONSENSUS][PBFT]checkAndChangeView: Reach consensus,org_view=58650,org_changeCycle=0,cur_changeCycle=0,to_view=58651
info|2019-12-12 14:47:36.837062|[g:1][CONSENSUS]addRawPrepare,height=6,reqIdx=0,hash=7d775769...
info|2019-12-12 14:47:36.837709|[g:1][CONSENSUS][PBFT]checkTimeout Succ,view=58651,toView=58652,nodeIdx=2,changeCycle=0,myNode=72961a87...,timecost=0.511
info|2019-12-12 14:47:36.839436|[g:1][CONSENSUS][PBFT]checkAndChangeView: Reach consensus,org_view=58651,org_changeCycle=0,cur_changeCycle=0,to_view=58652
info|2019-12-12 14:47:37.842017|[g:1][CONSENSUS]addRawPrepare,height=6,reqIdx=1,hash=b0c7c2d1...
info|2019-12-12 14:47:37.842652|[g:1][CONSENSUS][PBFT]checkTimeout Succ,view=58652,toView=58653,nodeIdx=2,changeCycle=0,myNode=72961a87...,timecost=0.503
info|2019-12-12 14:47:37.844099|[g:1][CONSENSUS][PBFT]checkAndChangeView: Reach consensus,org_view=58652,org_changeCycle=0,cur_changeCycle=0,to_view=58653
info|2019-12-12 14:47:38.844620|[g:1][CONSENSUS][SEALER]++++++++++++++++ Generating seal on,blkNum=6,tx=0,nodeIdx=2,hash=e1f06a81...
info|2019-12-12 14:47:38.845574|[g:1][CONSENSUS][PBFT]checkTimeout Succ,view=58653,toView=58654,nodeIdx=2,changeCycle=0,myNode=72961a87...,timecost=0.432
info|2019-12-12 14:47:38.848294|[g:1][CONSENSUS][PBFT]checkAndChangeView: Reach consensus,org_view=58653,org_changeCycle=0,cur_changeCycle=0,to_view=58654
info|2019-12-12 14:47:39.850186|[g:1][CONSENSUS]addRawPrepare,height=6,reqIdx=3,hash=cd8e7dec...
info|2019-12-12 14:47:39.850829|[g:1][CONSENSUS][PBFT]checkTimeout Succ,view=58654,toView=58655,nodeIdx=2,changeCycle=0,myNode=72961a87...,timecost=0.503
info|2019-12-12 14:47:39.852808|[g:1][CONSENSUS][PBFT]checkAndChangeView: Reach consensus,org_view=58654,org_changeCycle=0,cur_changeCycle=0,to_view=58655
info|2019-12-12 14:47:40.854662|[g:1][CONSENSUS]addRawPrepare,height=6,reqIdx=0,hash=856c8866...
info|2019-12-12 14:47:40.855196|[g:1][CONSENSUS][PBFT]checkTimeout Succ,view=58655,toView=58656,nodeIdx=2,changeCycle=0,myNode=72961a87...,timecost=0.417
info|2019-12-12 14:47:40.856524|[g:1][CONSENSUS][PBFT]checkAndChangeView: Reach consensus,org_view=58655,org_changeCycle=0,cur_changeCycle=0,to_view=58656
info|2019-12-12 14:47:41.858866|[g:1][CONSENSUS]addRawPrepare,height=6,reqIdx=1,hash=d6a4ac2c...
info|2019-12-12 14:47:41.859516|[g:1][CONSENSUS][PBFT]checkTimeout Succ,view=58656,toView=58657,nodeIdx=2,changeCycle=0,myNode=72961a87...,timecost=0.505
info|2019-12-12 14:47:41.860807|[g:1][CONSENSUS][PBFT]checkAndChangeView: Reach consensus,org_view=58656,org_changeCycle=0,cur_changeCycle=0,to_view=58657
info|2019-12-12 14:47:42.029786|[P2P][Service] heartBeat,connected count=3
info|2019-12-12 14:47:42.860966|[g:1][CONSENSUS][SEALER]++++++++++++++++ Generating seal on,blkNum=6,tx=0,nodeIdx=2,hash=a91703cb...
info|2019-12-12 14:47:42.861924|[g:1][CONSENSUS][PBFT]checkTimeout Succ,view=58657,toView=58658,nodeIdx=2,changeCycle=0,myNode=72961a87...,timecost=0.475
info|2019-12-12 14:47:42.864584|[g:1][CONSENSUS][PBFT]checkAndChangeView: Reach consensus,org_view=58657,org_changeCycle=0,cur_changeCycle=0,to_view=58658
info|2019-12-12 14:47:43.865873|[g:1][CONSENSUS]addRawPrepare,height=6,reqIdx=3,hash=27816d7b...
info|2019-12-12 14:47:43.866525|[g:1][CONSENSUS][PBFT]checkTimeout Succ,view=58658,toView=58659,nodeIdx=2,changeCycle=0,myNode=72961a87...,timecost=0.53
info|2019-12-12 14:47:43.868104|[g:1][CONSENSUS][PBFT]checkAndChangeView: Reach consensus,org_view=58658,org_changeCycle=0,cur_changeCycle=0,to_view=58659
info|2019-12-12 14:47:44.870505|[g:1][CONSENSUS]addRawPrepare,height=6,reqIdx=0,hash=426d20db...
info|2019-12-12 14:47:44.871168|[g:1][CONSENSUS][PBFT]checkTimeout Succ,view=58659,toView=58660,nodeIdx=2,changeCycle=0,myNode=72961a87...,timecost=0.487
info|2019-12-12 14:47:44.872728|[g:1][CONSENSUS][PBFT]checkAndChangeView: Reach consensus,org_view=58659,org_changeCycle=0,cur_changeCycle=0,to_view=58660
info|2019-12-12 14:47:45.874677|[g:1][CONSENSUS]addRawPrepare,height=6,reqIdx=1,hash=c5cc6682...
info|2019-12-12 14:47:45.875432|[g:1][CONSENSUS][PBFT]checkTimeout Succ,view=58660,toView=58661,nodeIdx=2,changeCycle=0,myNode=72961a87...,timecost=0.555
info|2019-12-12 14:47:45.876967|[g:1][CONSENSUS][PBFT]checkAndChangeView: Reach consensus,org_view=58660,org_changeCycle=0,cur_changeCycle=0,to_view=58661
info|2019-12-12 14:47:46.876585|[g:1][CONSENSUS][SEALER]++++++++++++++++ Generating seal on,blkNum=6,tx=0,nodeIdx=2,hash=d2a7780b...
info|2019-12-12 14:47:46.877597|[g:1][CONSENSUS][PBFT]checkTimeout Succ,view=58661,toView=58662,nodeIdx=2,changeCycle=0,myNode=72961a87...,timecost=0.546
info|2019-12-12 14:47:46.880073|[g:1][CONSENSUS][PBFT]checkAndChangeView: Reach consensus,org_view=58661,org_changeCycle=0,cur_changeCycle=0,to_view=58662
info|2019-12-12 14:47:47.882579|[g:1][CONSENSUS]addRawPrepare,height=6,reqIdx=3,hash=0dc9cdb1...
info|2019-12-12 14:47:47.883208|[g:1][CONSENSUS][PBFT]checkTimeout Succ,view=58662,toView=58663,nodeIdx=2,changeCycle=0,myNode=72961a87...,timecost=0.456
info|2019-12-12 14:47:47.884698|[g:1][CONSENSUS][PBFT]checkAndChangeView: Reach consensus,org_view=58662,org_changeCycle=0,cur_changeCycle=0,to_view=58663
info|2019-12-12 14:47:48.886036|[g:1][CONSENSUS]addRawPrepare,height=6,reqIdx=0,hash=9dc1f493...
info|2019-12-12 14:47:48.886616|[g:1][CONSENSUS][PBFT]checkTimeout Succ,view=58663,toView=58664,nodeIdx=2,changeCycle=0,myNode=72961a87...,timecost=0.451
info|2019-12-12 14:47:48.888073|[g:1][CONSENSUS][PBFT]checkAndChangeView: Reach consensus,org_view=58663,org_changeCycle=0,cur_changeCycle=0,to_view=58664
info|2019-12-12 14:47:49.890861|[g:1][CONSENSUS]addRawPrepare,height=6,reqIdx=1,hash=7490649f...
info|2019-12-12 14:47:49.891468|[g:1][CONSENSUS][PBFT]checkTimeout Succ,view=58664,toView=58665,nodeIdx=2,changeCycle=0,myNode=72961a87...,timecost=0.479
info|2019-12-12 14:47:49.893057|[g:1][CONSENSUS][PBFT]checkAndChangeView: Reach consensus,org_view=58664,org_changeCycle=0,cur_changeCycle=0,to_view=58665
info|2019-12-12 14:47:50.894128|[g:1][CONSENSUS][SEALER]++++++++++++++++ Generating seal on,blkNum=6,tx=0,nodeIdx=2,hash=89382e66...
info|2019-12-12 14:47:50.895159|[g:1][CONSENSUS][PBFT]checkTimeout Succ,view=58665,toView=58666,nodeIdx=2,changeCycle=0,myNode=72961a87...,timecost=0.525
info|2019-12-12 14:47:50.897611|[g:1][CONSENSUS][PBFT]checkAndChangeView: Reach consensus,org_view=58665,org_changeCycle=0,cur_changeCycle=0,to_view=58666
info|2019-12-12 14:47:51.900279|[g:1][CONSENSUS]addRawPrepare,height=6,reqIdx=3,hash=f5913f19...
info|2019-12-12 14:47:51.901257|[g:1][CONSENSUS][PBFT]checkTimeout Succ,view=58666,toView=58667,nodeIdx=2,changeCycle=0,myNode=72961a87...,timecost=0.817
info|2019-12-12 14:47:51.902994|[g:1][CONSENSUS][PBFT]checkAndChangeView: Reach consensus,org_view=58666,org_changeCycle=0,cur_changeCycle=0,to_view=58667
info|2019-12-12 14:47:52.036758|[P2P][Service] heartBeat,connected count=3
info|2019-12-12 14:47:52.904471|[g:1][CONSENSUS]addRawPrepare,height=6,reqIdx=0,hash=00663470...
info|2019-12-12 14:47:52.905134|[g:1][CONSENSUS][PBFT]checkTimeout Succ,view=58667,toView=58668,nodeIdx=2,changeCycle=0,myNode=72961a87...,timecost=0.481
info|2019-12-12 14:47:52.906700|[g:1][CONSENSUS][PBFT]checkAndChangeView: Reach consensus,org_view=58667,org_changeCycle=0,cur_changeCycle=0,to_view=58668
info|2019-12-12 14:47:53.907960|[g:1][CONSENSUS]addRawPrepare,height=6,reqIdx=1,hash=74e36b53...
info|2019-12-12 14:47:53.908404|[g:1][CONSENSUS][PBFT]checkTimeout Succ,view=58668,toView=58669,nodeIdx=2,changeCycle=0,myNode=72961a87...,timecost=0.326
info|2019-12-12 14:47:53.909904|[g:1][CONSENSUS][PBFT]checkAndChangeView: Reach consensus,org_view=58668,org_changeCycle=0,cur_changeCycle=0,to_view=58669
info|2019-12-12 14:47:54.910506|[g:1][CONSENSUS][SEALER]++++++++++++++++ Generating seal on,blkNum=6,tx=0,nodeIdx=2,hash=60d54a84...
info|2019-12-12 14:47:54.913101|[g:1][CONSENSUS][PBFT]checkTimeout Succ,view=58669,toView=58670,nodeIdx=2,changeCycle=0,myNode=72961a87...,timecost=0.542
info|2019-12-12 14:47:54.914467|[g:1][CONSENSUS][PBFT]checkAndChangeView: Reach consensus,org_view=58669,org_changeCycle=0,cur_changeCycle=0,to_view=58670
info|2019-12-12 14:47:55.915944|[g:1][CONSENSUS]addRawPrepare,height=6,reqIdx=3,hash=ab8b1c96...
info|2019-12-12 14:47:55.916660|[g:1][CONSENSUS][PBFT]checkTimeout Succ,view=58670,toView=58671,nodeIdx=2,changeCycle=0,myNode=72961a87...,timecost=0.563
info|2019-12-12 14:47:55.917974|[g:1][CONSENSUS][PBFT]checkAndChangeView: Reach consensus,org_view=58670,org_changeCycle=0,cur_changeCycle=0,to_view=58671
warning|2019-12-12 14:54:23.005986|[g:1][CONSENSUS][PBFT]ViewChangeWarning: not caused by omit empty block ,v=58671,toV=58672,curNum=5,hash=a9fec021...,nodeIdx=2,myNode=72961a87...
info|2019-12-12 14:54:23.007116|[g:1][CONSENSUS][PBFT]checkTimeout Succ,view=58671,toView=58672,nodeIdx=2,changeCycle=1,myNode=72961a87...,timecost=5.621
info|2019-12-12 14:54:23.007208|[P2P][Service] heartBeat,connected count=3
info|2019-12-12 14:54:23.010858|[g:1][CONSENSUS][PBFT]checkAndChangeView: Reach consensus,org_view=58671,org_changeCycle=1,cur_changeCycle=1,to_view=58672
info|2019-12-12 14:54:24.011857|[g:1][CONSENSUS]addRawPrepare,height=6,reqIdx=1,hash=c2daceaa...
info|2019-12-12 14:54:24.012380|[g:1][CONSENSUS][PBFT]checkTimeout Succ,view=58672,toView=58673,nodeIdx=2,changeCycle=0,myNode=72961a87...,timecost=0.395
info|2019-12-12 14:54:24.013732|[g:1][CONSENSUS][PBFT]checkAndChangeView: Reach consensus,org_view=58672,org_changeCycle=0,cur_changeCycle=0,to_view=58673
info|2019-12-12 14:54:25.013461|[g:1][CONSENSUS][SEALER]++++++++++++++++ Generating seal on,blkNum=6,tx=0,nodeIdx=2,hash=f4ffd2f3...
info|2019-12-12 14:54:25.016140|[g:1][CONSENSUS][PBFT]checkTimeout Succ,view=58673,toView=58674,nodeIdx=2,changeCycle=0,myNode=72961a87...,timecost=0.519
info|2019-12-12 14:54:25.017898|[g:1][CONSENSUS][PBFT]checkAndChangeView: Reach consensus,org_view=58673,org_changeCycle=0,cur_changeCycle=0,to_view=58674
info|2019-12-12 14:54:26.018595|[g:1][CONSENSUS]addRawPrepare,height=6,reqIdx=3,hash=942035e7...
info|2019-12-12 14:54:26.019040|[g:1][CONSENSUS][PBFT]checkTimeout Succ,view=58674,toView=58675,nodeIdx=2,changeCycle=0,myNode=72961a87...,timecost=0.33
info|2019-12-12 14:54:26.020158|[g:1][CONSENSUS][PBFT]checkAndChangeView: Reach consensus,org_view=58674,org_changeCycle=0,cur_changeCycle=0,to_view=58675
info|2019-12-12 14:54:27.021500|[g:1][CONSENSUS]addRawPrepare,height=6,reqIdx=0,hash=3e2c87c8...
info|2019-12-12 14:54:27.022165|[g:1][CONSENSUS][PBFT]checkTimeout Succ,view=58675,toView=58676,nodeIdx=2,changeCycle=0,myNode=72961a87...,timecost=0.541
info|2019-12-12 14:54:27.023117|[g:1][CONSENSUS][PBFT]checkAndChangeView: Reach consensus,org_view=58675,org_changeCycle=0,cur_changeCycle=0,to_view=58676
info|2019-12-12 14:54:28.024935|[g:1][CONSENSUS]addRawPrepare,height=6,reqIdx=1,hash=72930761...
info|2019-12-12 14:54:28.025872|[g:1][CONSENSUS][PBFT]checkTimeout Succ,view=58676,toView=58677,nodeIdx=2,changeCycle=0,myNode=72961a87...,timecost=0.816
info|2019-12-12 14:54:28.027210|[g:1][CONSENSUS][PBFT]checkAndChangeView: Reach consensus,org_view=58676,org_changeCycle=0,cur_changeCycle=0,to_view=58677
info|2019-12-12 14:54:29.027973|[g:1][CONSENSUS][SEALER]++++++++++++++++ Generating seal on,blkNum=6,tx=0,nodeIdx=2,hash=49bdd162...
info|2019-12-12 14:54:29.028987|[g:1][CONSENSUS][PBFT]checkTimeout Succ,view=58677,toView=58678,nodeIdx=2,changeCycle=0,myNode=72961a87...,timecost=0.534
info|2019-12-12 14:54:29.031418|[g:1][CONSENSUS][PBFT]checkAndChangeView: Reach consensus,org_view=58677,org_changeCycle=0,cur_changeCycle=0,to_view=58678
info|2019-12-12 14:54:30.032520|[g:1][CONSENSUS]addRawPrepare,height=6,reqIdx=3,hash=65b3b649...
info|2019-12-12 14:54:30.033233|[g:1][CONSENSUS][PBFT]checkTimeout Succ,view=58678,toView=58679,nodeIdx=2,changeCycle=0,myNode=72961a87...,timecost=0.582
info|2019-12-12 14:54:30.034701|[g:1][CONSENSUS][PBFT]checkAndChangeView: Reach consensus,org_view=58678,org_changeCycle=0,cur_changeCycle=0,to_view=58679
info|2019-12-12 14:54:31.035771|[g:1][CONSENSUS]addRawPrepare,height=6,reqIdx=0,hash=db954499...
info|2019-12-12 14:54:31.036292|[g:1][CONSENSUS][PBFT]checkTimeout Succ,view=58679,toView=58680,nodeIdx=2,changeCycle=0,myNode=72961a87...,timecost=0.39
info|2019-12-12 14:54:31.038055|[g:1][CONSENSUS][PBFT]checkAndChangeView: Reach consensus,org_view=58679,org_changeCycle=0,cur_changeCycle=0,to_view=58680
info|2019-12-12 14:54:32.038941|[g:1][CONSENSUS]addRawPrepare,height=6,reqIdx=1,hash=58ed169a...
info|2019-12-12 14:54:32.039435|[g:1][CONSENSUS][PBFT]checkTimeout Succ,view=58680,toView=58681,nodeIdx=2,changeCycle=0,myNode=72961a87...,timecost=0.378
info|2019-12-12 14:54:32.040657|[g:1][CONSENSUS][PBFT]checkAndChangeView: Reach consensus,org_view=58680,org_changeCycle=0,cur_changeCycle=0,to_view=58681
info|2019-12-12 14:54:33.011734|[P2P][Service] heartBeat,connected count=3
info|2019-12-12 14:54:33.041516|[g:1][CONSENSUS][SEALER]++++++++++++++++ Generating seal on,blkNum=6,tx=0,nodeIdx=2,hash=db8003dc...
info|2019-12-12 14:54:33.042602|[g:1][CONSENSUS][PBFT]checkTimeout Succ,view=58681,toView=58682,nodeIdx=2,changeCycle=0,myNode=72961a87...,timecost=0.636
info|2019-12-12 14:54:33.045475|[g:1][CONSENSUS][PBFT]checkAndChangeView: Reach consensus,org_view=58681,org_changeCycle=0,cur_changeCycle=0,to_view=58682
info|2019-12-12 14:54:34.048547|[g:1][CONSENSUS]addRawPrepare,height=6,reqIdx=3,hash=bb008edb...
info|2019-12-12 14:54:34.049214|[g:1][CONSENSUS][PBFT]checkTimeout Succ,view=58682,toView=58683,nodeIdx=2,changeCycle=0,myNode=72961a87...,timecost=0.545
info|2019-12-12 14:54:34.050674|[g:1][CONSENSUS][PBFT]checkAndChangeView: Reach consensus,org_view=58682,org_changeCycle=0,cur_changeCycle=0,to_view=58683
info|2019-12-12 14:54:35.051888|[g:1][CONSENSUS]addRawPrepare,height=6,reqIdx=0,hash=2e77186b...
info|2019-12-12 14:54:35.052458|[g:1][CONSENSUS][PBFT]checkTimeout Succ,view=58683,toView=58684,nodeIdx=2,changeCycle=0,myNode=72961a87...,timecost=0.413
info|2019-12-12 14:54:35.053842|[g:1][CONSENSUS][PBFT]checkAndChangeView: Reach consensus,org_view=58683,org_changeCycle=0,cur_changeCycle=0,to_view=58684
info|2019-12-12 14:54:36.056974|[g:1][CONSENSUS]addRawPrepare,height=6,reqIdx=1,hash=70b96420...
info|2019-12-12 14:54:36.057940|[g:1][CONSENSUS][PBFT]checkTimeout Succ,view=58684,toView=58685,nodeIdx=2,changeCycle=0,myNode=72961a87...,timecost=0.795
info|2019-12-12 14:54:36.059339|[g:1][CONSENSUS][PBFT]checkAndChangeView: Reach consensus,org_view=58684,org_changeCycle=0,cur_changeCycle=0,to_view=58685
info|2019-12-12 14:54:37.060764|[g:1][CONSENSUS][SEALER]++++++++++++++++ Generating seal on,blkNum=6,tx=0,nodeIdx=2,hash=dc3512d0...
info|2019-12-12 14:54:37.061794|[g:1][CONSENSUS][PBFT]checkTimeout Succ,view=58685,toView=58686,nodeIdx=2,changeCycle=0,myNode=72961a87...,timecost=0.49
info|2019-12-12 14:54:37.064342|[g:1][CONSENSUS][PBFT]checkAndChangeView: Reach consensus,org_view=58685,org_changeCycle=0,cur_changeCycle=0,to_view=58686
info|2019-12-12 14:54:38.066315|[g:1][CONSENSUS]addRawPrepare,height=6,reqIdx=3,hash=d2a74f7c...
info|2019-12-12 14:54:38.066970|[g:1][CONSENSUS][PBFT]checkTimeout Succ,view=58686,toView=58687,nodeIdx=2,changeCycle=0,myNode=72961a87...,timecost=0.488
info|2019-12-12 14:54:38.068491|[g:1][CONSENSUS][PBFT]checkAndChangeView: Reach consensus,org_view=58686,org_changeCycle=0,cur_changeCycle=0,to_view=58687
info|2019-12-12 14:54:39.071070|[g:1][CONSENSUS]addRawPrepare,height=6,reqIdx=0,hash=4fcd5d6e...
info|2019-12-12 14:54:39.071678|[g:1][CONSENSUS][PBFT]checkTimeout Succ,view=58687,toView=58688,nodeIdx=2,changeCycle=0,myNode=72961a87...,timecost=0.477
info|2019-12-12 14:54:39.072784|[g:1][CONSENSUS][PBFT]checkAndChangeView: Reach consensus,org_view=58687,org_changeCycle=0,cur_changeCycle=0,to_view=58688
info|2019-12-12 14:54:40.074530|[g:1][CONSENSUS]addRawPrepare,height=6,reqIdx=1,hash=3acea76e...
info|2019-12-12 14:54:40.075147|[g:1][CONSENSUS][PBFT]checkTimeout Succ,view=58688,toView=58689,nodeIdx=2,changeCycle=0,myNode=72961a87...,timecost=0.453
info|2019-12-12 14:54:40.076741|[g:1][CONSENSUS][PBFT]checkAndChangeView: Reach consensus,org_view=58688,org_changeCycle=0,cur_changeCycle=0,to_view=58689
info|2019-12-12 14:54:41.076645|[g:1][CONSENSUS][SEALER]++++++++++++++++ Generating seal on,blkNum=6,tx=0,nodeIdx=2,hash=6f55418c...
info|2019-12-12 14:54:41.077610|[g:1][CONSENSUS][PBFT]checkTimeout Succ,view=58689,toView=58690,nodeIdx=2,changeCycle=0,myNode=72961a87...,timecost=0.484
info|2019-12-12 14:54:41.080146|[g:1][CONSENSUS][PBFT]checkAndChangeView: Reach consensus,org_view=58689,org_changeCycle=0,cur_changeCycle=0,to_view=58690
info|2019-12-12 14:54:42.082880|[g:1][CONSENSUS]addRawPrepare,height=6,reqIdx=3,hash=bda5c55b...
info|2019-12-12 14:54:42.083536|[g:1][CONSENSUS][PBFT]checkTimeout Succ,view=58690,toView=58691,nodeIdx=2,changeCycle=0,myNode=72961a87...,timecost=0.52
info|2019-12-12 14:54:42.084943|[g:1][CONSENSUS][PBFT]checkAndChangeView: Reach consensus,org_view=58690,org_changeCycle=0,cur_changeCycle=0,to_view=58691
info|2019-12-12 14:54:43.017713|[P2P][Service] heartBeat,connected count=3
info|2019-12-12 14:54:43.086821|[g:1][CONSENSUS]addRawPrepare,height=6,reqIdx=0,hash=6dd52136...
info|2019-12-12 14:54:43.087883|[g:1][CONSENSUS][PBFT]checkTimeout Succ,view=58691,toView=58692,nodeIdx=2,changeCycle=0,myNode=72961a87...,timecost=0.98
info|2019-12-12 14:54:43.089232|[g:1][CONSENSUS][PBFT]checkAndChangeView: Reach consensus,org_view=58691,org_changeCycle=0,cur_changeCycle=0,to_view=58692
info|2019-12-12 14:54:44.090572|[g:1][CONSENSUS]addRawPrepare,height=6,reqIdx=1,hash=b9ba4245...
info|2019-12-12 14:54:44.091307|[g:1][CONSENSUS][PBFT]checkTimeout Succ,view=58692,toView=58693,nodeIdx=2,changeCycle=0,myNode=72961a87...,timecost=0.543
info|2019-12-12 14:54:44.092810|[g:1][CONSENSUS][PBFT]checkAndChangeView: Reach consensus,org_view=58692,org_changeCycle=0,cur_changeCycle=0,to_view=58693
info|2019-12-12 14:54:45.092187|[g:1][CONSENSUS][SEALER]++++++++++++++++ Generating seal on,blkNum=6,tx=0,nodeIdx=2,hash=f91ce379...
info|2019-12-12 14:54:45.095468|[g:1][CONSENSUS][PBFT]checkTimeout Succ,view=58693,toView=58694,nodeIdx=2,changeCycle=0,myNode=72961a87...,timecost=0.502
info|2019-12-12 14:54:45.096183|[g:1][CONSENSUS][PBFT]checkAndChangeView: Reach consensus,org_view=58693,org_changeCycle=0,cur_changeCycle=0,to_view=58694
info|2019-12-12 14:54:46.097990|[g:1][CONSENSUS]addRawPrepare,height=6,reqIdx=3,hash=65318008...
info|2019-12-12 14:54:46.098651|[g:1][CONSENSUS][PBFT]checkTimeout Succ,view=58694,toView=58695,nodeIdx=2,changeCycle=0,myNode=72961a87...,timecost=0.524
info|2019-12-12 14:54:46.100121|[g:1][CONSENSUS][PBFT]checkAndChangeView: Reach consensus,org_view=58694,org_changeCycle=0,cur_changeCycle=0,to_view=58695
info|2019-12-12 14:54:47.101574|[g:1][CONSENSUS]addRawPrepare,height=6,reqIdx=0,hash=57358a67...
info|2019-12-12 14:54:47.102228|[g:1][CONSENSUS][PBFT]checkTimeout Succ,view=58695,toView=58696,nodeIdx=2,changeCycle=0,myNode=72961a87...,timecost=0.525
info|2019-12-12 14:54:47.103690|[g:1][CONSENSUS][PBFT]checkAndChangeView: Reach consensus,org_view=58695,org_changeCycle=0,cur_changeCycle=0,to_view=58696
info|2019-12-12 14:54:48.106096|[g:1][CONSENSUS]addRawPrepare,height=6,reqIdx=1,hash=1e11488b...
info|2019-12-12 14:54:48.107565|[g:1][CONSENSUS][PBFT]checkTimeout Succ,view=58696,toView=58697,nodeIdx=2,changeCycle=0,myNode=72961a87...,timecost=1.303
info|2019-12-12 14:54:48.109057|[g:1][CONSENSUS][PBFT]checkAndChangeView: Reach consensus,org_view=58696,org_changeCycle=0,cur_changeCycle=0,to_view=58697
info|2019-12-12 14:54:49.110338|[g:1][CONSENSUS][SEALER]++++++++++++++++ Generating seal on,blkNum=6,tx=0,nodeIdx=2,hash=6399e172...
info|2019-12-12 14:54:49.111226|[g:1][CONSENSUS][PBFT]checkTimeout Succ,view=58697,toView=58698,nodeIdx=2,changeCycle=0,myNode=72961a87...,timecost=0.426
info|2019-12-12 14:54:49.114002|[g:1][CONSENSUS][PBFT]checkAndChangeView: Reach consensus,org_view=58697,org_changeCycle=0,cur_changeCycle=0,to_view=58698
info|2019-12-12 14:54:50.114722|[g:1][CONSENSUS]addRawPrepare,height=6,reqIdx=3,hash=1871706d...
info|2019-12-12 14:54:50.115362|[g:1][CONSENSUS][PBFT]checkTimeout Succ,view=58698,toView=58699,nodeIdx=2,changeCycle=0,myNode=72961a87...,timecost=0.486
info|2019-12-12 14:54:50.116958|[g:1][CONSENSUS][PBFT]checkAndChangeView: Reach consensus,org_view=58698,org_changeCycle=0,cur_changeCycle=0,to_view=58699
info|2019-12-12 14:54:51.118285|[g:1][CONSENSUS]addRawPrepare,height=6,reqIdx=0,hash=9da47b10...
info|2019-12-12 14:54:51.118916|[g:1][CONSENSUS][PBFT]checkTimeout Succ,view=58699,toView=58700,nodeIdx=2,changeCycle=0,myNode=72961a87...,timecost=0.471
info|2019-12-12 14:54:51.120498|[g:1][CONSENSUS][PBFT]checkAndChangeView: Reach consensus,org_view=58699,org_changeCycle=0,cur_changeCycle=0,to_view=58700
