info|2019-11-13 01:13:30.003200|[P2P][Service] heartBeat,connected count=3
warning|2019-11-13 01:13:30.009425|[g:1][CONSENSUS][PBFT]ViewChangeWarning: not caused by omit empty block ,v=62060,toV=62061,curNum=0,hash=f72cae63...,nodeIdx=2,myNode=72961a87...
info|2019-11-13 01:13:30.009688|[g:1][CONSENSUS][PBFT]checkTimeout Succ,view=62060,toView=62061,nodeIdx=2,changeCycle=1,myNode=72961a87...,timecost=0.836
info|2019-11-13 01:13:30.011561|[g:1][CONSENSUS][PBFT]checkAndChangeView: Reach consensus,org_view=62060,org_changeCycle=1,cur_changeCycle=1,to_view=62061
info|2019-11-13 01:13:31.012326|[g:1][CONSENSUS]addRawPrepare,height=1,reqIdx=1,hash=c323864d...
info|2019-11-13 01:13:31.012807|[g:1][CONSENSUS][PBFT]checkTimeout Succ,view=62061,toView=62062,nodeIdx=2,changeCycle=0,myNode=72961a87...,timecost=0.388
info|2019-11-13 01:13:31.014174|[g:1][CONSENSUS][PBFT]checkAndChangeView: Reach consensus,org_view=62061,org_changeCycle=0,cur_changeCycle=0,to_view=62062
info|2019-11-13 01:13:32.014538|[g:1][CONSENSUS][SEALER]++++++++++++++++ Generating seal on,blkNum=1,tx=0,nodeIdx=2,hash=a4f4f175...
info|2019-11-13 01:13:32.017172|[g:1][CONSENSUS][PBFT]checkTimeout Succ,view=62062,toView=62063,nodeIdx=2,changeCycle=0,myNode=72961a87...,timecost=0.376
info|2019-11-13 01:13:32.018545|[g:1][CONSENSUS][PBFT]checkAndChangeView: Reach consensus,org_view=62062,org_changeCycle=0,cur_changeCycle=0,to_view=62063
info|2019-11-13 01:13:33.019441|[g:1][CONSENSUS]addRawPrepare,height=1,reqIdx=3,hash=cf902d72...
info|2019-11-13 01:13:33.020022|[g:1][CONSENSUS][PBFT]checkTimeout Succ,view=62063,toView=62064,nodeIdx=2,changeCycle=0,myNode=72961a87...,timecost=0.493
info|2019-11-13 01:13:33.021611|[g:1][CONSENSUS][PBFT]checkAndChangeView: Reach consensus,org_view=62063,org_changeCycle=0,cur_changeCycle=0,to_view=62064
info|2019-11-13 01:13:34.022794|[g:1][CONSENSUS]addRawPrepare,height=1,reqIdx=0,hash=2a18f98c...
info|2019-11-13 01:13:34.023583|[g:1][CONSENSUS][PBFT]checkTimeout Succ,view=62064,toView=62065,nodeIdx=2,changeCycle=0,myNode=72961a87...,timecost=0.625
info|2019-11-13 01:13:34.025540|[g:1][CONSENSUS][PBFT]checkAndChangeView: Reach consensus,org_view=62064,org_changeCycle=0,cur_changeCycle=0,to_view=62065
info|2019-11-13 01:13:35.026994|[g:1][CONSENSUS]addRawPrepare,height=1,reqIdx=1,hash=e9ccb218...
info|2019-11-13 01:13:35.028014|[g:1][CONSENSUS][PBFT]checkTimeout Succ,view=62065,toView=62066,nodeIdx=2,changeCycle=0,myNode=72961a87...,timecost=0.862
info|2019-11-13 01:13:35.029778|[g:1][CONSENSUS][PBFT]checkAndChangeView: Reach consensus,org_view=62065,org_changeCycle=0,cur_changeCycle=0,to_view=62066
info|2019-11-13 01:13:36.029847|[g:1][CONSENSUS][SEALER]++++++++++++++++ Generating seal on,blkNum=1,tx=0,nodeIdx=2,hash=cfd09e12...
info|2019-11-13 01:13:36.032945|[g:1][CONSENSUS][PBFT]checkTimeout Succ,view=62066,toView=62067,nodeIdx=2,changeCycle=0,myNode=72961a87...,timecost=0.439
info|2019-11-13 01:13:36.033571|[g:1][CONSENSUS][PBFT]checkAndChangeView: Reach consensus,org_view=62066,org_changeCycle=0,cur_changeCycle=0,to_view=62067
info|2019-11-13 01:13:37.035814|[g:1][CONSENSUS]addRawPrepare,height=1,reqIdx=3,hash=d4bd6b3e...
info|2019-11-13 01:13:37.036473|[g:1][CONSENSUS][PBFT]checkTimeout Succ,view=62067,toView=62068,nodeIdx=2,changeCycle=0,myNode=72961a87...,timecost=0.478
info|2019-11-13 01:13:37.037896|[g:1][CONSENSUS][PBFT]checkAndChangeView: Reach consensus,org_view=62067,org_changeCycle=0,cur_changeCycle=0,to_view=62068
info|2019-11-13 01:13:38.038849|[g:1][CONSENSUS]addRawPrepare,height=1,reqIdx=0,hash=6398c1dc...
info|2019-11-13 01:13:38.039558|[g:1][CONSENSUS][PBFT]checkTimeout Succ,view=62068,toView=62069,nodeIdx=2,changeCycle=0,myNode=72961a87...,timecost=0.57
info|2019-11-13 01:13:38.041038|[g:1][CONSENSUS][PBFT]checkAndChangeView: Reach consensus,org_view=62068,org_changeCycle=0,cur_changeCycle=0,to_view=62069
info|2019-11-13 01:13:39.042172|[g:1][CONSENSUS]addRawPrepare,height=1,reqIdx=1,hash=b96f2123...
info|2019-11-13 01:13:39.042666|[g:1][CONSENSUS][PBFT]checkTimeout Succ,view=62069,toView=62070,nodeIdx=2,changeCycle=0,myNode=72961a87...,timecost=0.365
info|2019-11-13 01:13:39.044450|[g:1][CONSENSUS][PBFT]checkAndChangeView: Reach consensus,org_view=62069,org_changeCycle=0,cur_changeCycle=0,to_view=62070
info|2019-11-13 01:13:40.011835|[P2P][Service] heartBeat,connected count=3
info|2019-11-13 01:13:40.044656|[g:1][CONSENSUS][SEALER]++++++++++++++++ Generating seal on,blkNum=1,tx=0,nodeIdx=2,hash=a5f53956...
info|2019-11-13 01:13:40.047539|[g:1][CONSENSUS][PBFT]checkTimeout Succ,view=62070,toView=62071,nodeIdx=2,changeCycle=0,myNode=72961a87...,timecost=0.426
info|2019-11-13 01:13:40.048104|[g:1][CONSENSUS][PBFT]checkAndChangeView: Reach consensus,org_view=62070,org_changeCycle=0,cur_changeCycle=0,to_view=62071
info|2019-11-13 01:13:41.049726|[g:1][CONSENSUS]addRawPrepare,height=1,reqIdx=3,hash=d1180cc2...
info|2019-11-13 01:13:41.050465|[g:1][CONSENSUS][PBFT]checkTimeout Succ,view=62071,toView=62072,nodeIdx=2,changeCycle=0,myNode=72961a87...,timecost=0.585
info|2019-11-13 01:13:41.051871|[g:1][CONSENSUS][PBFT]checkAndChangeView: Reach consensus,org_view=62071,org_changeCycle=0,cur_changeCycle=0,to_view=62072
info|2019-11-13 01:13:42.053012|[g:1][CONSENSUS]addRawPrepare,height=1,reqIdx=0,hash=11c5a49e...
info|2019-11-13 01:13:42.053693|[g:1][CONSENSUS][PBFT]checkTimeout Succ,view=62072,toView=62073,nodeIdx=2,changeCycle=0,myNode=72961a87...,timecost=0.501
info|2019-11-13 01:13:42.055271|[g:1][CONSENSUS][PBFT]checkAndChangeView: Reach consensus,org_view=62072,org_changeCycle=0,cur_changeCycle=0,to_view=62073
info|2019-11-13 01:13:43.056880|[g:1][CONSENSUS]addRawPrepare,height=1,reqIdx=1,hash=8be75928...
info|2019-11-13 01:13:43.057340|[g:1][CONSENSUS][PBFT]checkTimeout Succ,view=62073,toView=62074,nodeIdx=2,changeCycle=0,myNode=72961a87...,timecost=0.339
info|2019-11-13 01:13:43.058967|[g:1][CONSENSUS][PBFT]checkAndChangeView: Reach consensus,org_view=62073,org_changeCycle=0,cur_changeCycle=0,to_view=62074
info|2019-11-13 01:13:44.058544|[g:1][CONSENSUS][SEALER]++++++++++++++++ Generating seal on,blkNum=1,tx=0,nodeIdx=2,hash=1a960adb...
info|2019-11-13 01:13:44.059325|[g:1][CONSENSUS][PBFT]checkTimeout Succ,view=62074,toView=62075,nodeIdx=2,changeCycle=0,myNode=72961a87...,timecost=0.383
info|2019-11-13 01:13:44.062148|[g:1][CONSENSUS][PBFT]checkAndChangeView: Reach consensus,org_view=62074,org_changeCycle=0,cur_changeCycle=0,to_view=62075
info|2019-11-13 01:13:45.063533|[g:1][CONSENSUS]addRawPrepare,height=1,reqIdx=3,hash=738c59b2...
info|2019-11-13 01:13:45.064128|[g:1][CONSENSUS][PBFT]checkTimeout Succ,view=62075,toView=62076,nodeIdx=2,changeCycle=0,myNode=72961a87...,timecost=0.49
info|2019-11-13 01:13:45.066078|[g:1][CONSENSUS][PBFT]checkAndChangeView: Reach consensus,org_view=62075,org_changeCycle=0,cur_changeCycle=0,to_view=62076
info|2019-11-13 01:13:46.068277|[g:1][CONSENSUS]addRawPrepare,height=1,reqIdx=0,hash=530a753e...
info|2019-11-13 01:13:46.068936|[g:1][CONSENSUS][PBFT]checkTimeout Succ,view=62076,toView=62077,nodeIdx=2,changeCycle=0,myNode=72961a87...,timecost=0.531
info|2019-11-13 01:13:46.070393|[g:1][CONSENSUS][PBFT]checkAndChangeView: Reach consensus,org_view=62076,org_changeCycle=0,cur_changeCycle=0,to_view=62077
info|2019-11-13 01:13:47.071950|[g:1][CONSENSUS]addRawPrepare,height=1,reqIdx=1,hash=9e27c03c...
info|2019-11-13 01:13:47.072554|[g:1][CONSENSUS][PBFT]checkTimeout Succ,view=62077,toView=62078,nodeIdx=2,changeCycle=0,myNode=72961a87...,timecost=0.453
info|2019-11-13 01:13:47.073882|[g:1][CONSENSUS][PBFT]checkAndChangeView: Reach consensus,org_view=62077,org_changeCycle=0,cur_changeCycle=0,to_view=62078
info|2019-11-13 01:13:48.074114|[g:1][CONSENSUS][SEALER]++++++++++++++++ Generating seal on,blkNum=1,tx=0,nodeIdx=2,hash=b044d1a4...
info|2019-11-13 01:13:48.074998|[g:1][CONSENSUS][PBFT]checkTimeout Succ,view=62078,toView=62079,nodeIdx=2,changeCycle=0,myNode=72961a87...,timecost=0.379
info|2019-11-13 01:13:48.078055|[g:1][CONSENSUS][PBFT]checkAndChangeView: Reach consensus,org_view=62078,org_changeCycle=0,cur_changeCycle=0,to_view=62079
info|2019-11-13 01:13:49.078774|[g:1][CONSENSUS]addRawPrepare,height=1,reqIdx=3,hash=4c35cc72...
info|2019-11-13 01:13:49.079495|[g:1][CONSENSUS][PBFT]checkTimeout Succ,view=62079,toView=62080,nodeIdx=2,changeCycle=0,myNode=72961a87...,timecost=0.588
info|2019-11-13 01:13:49.081044|[g:1][CONSENSUS][PBFT]checkAndChangeView: Reach consensus,org_view=62079,org_changeCycle=0,cur_changeCycle=0,to_view=62080
info|2019-11-13 01:13:50.014477|[P2P][Service] heartBeat,connected count=3
info|2019-11-13 01:13:50.083778|[g:1][CONSENSUS]addRawPrepare,height=1,reqIdx=0,hash=fa2b6dbe...
info|2019-11-13 01:13:50.084700|[g:1][CONSENSUS][PBFT]checkTimeout Succ,view=62080,toView=62081,nodeIdx=2,changeCycle=0,myNode=72961a87...,timecost=0.753
info|2019-11-13 01:13:50.086482|[g:1][CONSENSUS][PBFT]checkAndChangeView: Reach consensus,org_view=62080,org_changeCycle=0,cur_changeCycle=0,to_view=62081
info|2019-11-13 01:13:51.088034|[g:1][CONSENSUS]addRawPrepare,height=1,reqIdx=1,hash=247f20f3...
info|2019-11-13 01:13:51.088919|[g:1][CONSENSUS][PBFT]checkTimeout Succ,view=62081,toView=62082,nodeIdx=2,changeCycle=0,myNode=72961a87...,timecost=0.626
info|2019-11-13 01:13:51.090475|[g:1][CONSENSUS][PBFT]checkAndChangeView: Reach consensus,org_view=62081,org_changeCycle=0,cur_changeCycle=0,to_view=62082
info|2019-11-13 01:13:52.091647|[g:1][CONSENSUS][SEALER]++++++++++++++++ Generating seal on,blkNum=1,tx=0,nodeIdx=2,hash=4b749358...
info|2019-11-13 01:13:52.092633|[g:1][CONSENSUS][PBFT]checkTimeout Succ,view=62082,toView=62083,nodeIdx=2,changeCycle=0,myNode=72961a87...,timecost=0.501
info|2019-11-13 01:13:52.095252|[g:1][CONSENSUS][PBFT]checkAndChangeView: Reach consensus,org_view=62082,org_changeCycle=0,cur_changeCycle=0,to_view=62083
info|2019-11-13 01:13:53.097302|[g:1][CONSENSUS]addRawPrepare,height=1,reqIdx=3,hash=98ea976a...
info|2019-11-13 01:13:53.097962|[g:1][CONSENSUS][PBFT]checkTimeout Succ,view=62083,toView=62084,nodeIdx=2,changeCycle=0,myNode=72961a87...,timecost=0.503
info|2019-11-13 01:13:53.099651|[g:1][CONSENSUS][PBFT]checkAndChangeView: Reach consensus,org_view=62083,org_changeCycle=0,cur_changeCycle=0,to_view=62084
info|2019-11-13 01:13:54.101266|[g:1][CONSENSUS]addRawPrepare,height=1,reqIdx=0,hash=ca650df7...
info|2019-11-13 01:13:54.102004|[g:1][CONSENSUS][PBFT]checkTimeout Succ,view=62084,toView=62085,nodeIdx=2,changeCycle=0,myNode=72961a87...,timecost=0.579
info|2019-11-13 01:13:54.103561|[g:1][CONSENSUS][PBFT]checkAndChangeView: Reach consensus,org_view=62084,org_changeCycle=0,cur_changeCycle=0,to_view=62085
info|2019-11-13 01:13:55.105000|[g:1][CONSENSUS]addRawPrepare,height=1,reqIdx=1,hash=d006fbbc...
info|2019-11-13 01:13:55.106194|[g:1][CONSENSUS][PBFT]checkTimeout Succ,view=62085,toView=62086,nodeIdx=2,changeCycle=0,myNode=72961a87...,timecost=1.111
info|2019-11-13 01:13:55.107837|[g:1][CONSENSUS][PBFT]checkAndChangeView: Reach consensus,org_view=62085,org_changeCycle=0,cur_changeCycle=0,to_view=62086
info|2019-11-13 01:13:56.108246|[g:1][CONSENSUS][SEALER]++++++++++++++++ Generating seal on,blkNum=1,tx=0,nodeIdx=2,hash=e7fd3d0e...
info|2019-11-13 01:13:56.111550|[g:1][CONSENSUS][PBFT]checkTimeout Succ,view=62086,toView=62087,nodeIdx=2,changeCycle=0,myNode=72961a87...,timecost=0.49
info|2019-11-13 01:13:56.112285|[g:1][CONSENSUS][PBFT]checkAndChangeView: Reach consensus,org_view=62086,org_changeCycle=0,cur_changeCycle=0,to_view=62087
info|2019-11-13 01:13:57.113813|[g:1][CONSENSUS]addRawPrepare,height=1,reqIdx=3,hash=8237db5d...
info|2019-11-13 01:13:57.114436|[g:1][CONSENSUS][PBFT]checkTimeout Succ,view=62087,toView=62088,nodeIdx=2,changeCycle=0,myNode=72961a87...,timecost=0.481
info|2019-11-13 01:13:57.115984|[g:1][CONSENSUS][PBFT]checkAndChangeView: Reach consensus,org_view=62087,org_changeCycle=0,cur_changeCycle=0,to_view=62088
info|2019-11-13 01:13:58.117766|[g:1][CONSENSUS]addRawPrepare,height=1,reqIdx=0,hash=af04b563...
info|2019-11-13 01:13:58.118468|[g:1][CONSENSUS][PBFT]checkTimeout Succ,view=62088,toView=62089,nodeIdx=2,changeCycle=0,myNode=72961a87...,timecost=0.529
info|2019-11-13 01:13:58.119960|[g:1][CONSENSUS][PBFT]checkAndChangeView: Reach consensus,org_view=62088,org_changeCycle=0,cur_changeCycle=0,to_view=62089
info|2019-11-13 01:13:59.120609|[g:1][CONSENSUS]addRawPrepare,height=1,reqIdx=1,hash=b56fb0ea...
info|2019-11-13 01:13:59.121259|[g:1][CONSENSUS][PBFT]checkTimeout Succ,view=62089,toView=62090,nodeIdx=2,changeCycle=0,myNode=72961a87...,timecost=0.484
info|2019-11-13 01:13:59.122888|[g:1][CONSENSUS][PBFT]checkAndChangeView: Reach consensus,org_view=62089,org_changeCycle=0,cur_changeCycle=0,to_view=62090
info|2019-11-13 01:14:00.022261|[P2P][Service] heartBeat,connected count=3
info|2019-11-13 01:14:00.122429|[g:1][CONSENSUS][SEALER]++++++++++++++++ Generating seal on,blkNum=1,tx=0,nodeIdx=2,hash=21308511...
info|2019-11-13 01:14:00.123496|[g:1][CONSENSUS][PBFT]checkTimeout Succ,view=62090,toView=62091,nodeIdx=2,changeCycle=0,myNode=72961a87...,timecost=0.609
info|2019-11-13 01:14:00.126202|[g:1][CONSENSUS][PBFT]checkAndChangeView: Reach consensus,org_view=62090,org_changeCycle=0,cur_changeCycle=0,to_view=62091
info|2019-11-13 01:14:01.128695|[g:1][CONSENSUS]addRawPrepare,height=1,reqIdx=3,hash=54778817...
info|2019-11-13 01:14:01.129434|[g:1][CONSENSUS][PBFT]checkTimeout Succ,view=62091,toView=62092,nodeIdx=2,changeCycle=0,myNode=72961a87...,timecost=0.577
info|2019-11-13 01:14:01.130798|[g:1][CONSENSUS][PBFT]checkAndChangeView: Reach consensus,org_view=62091,org_changeCycle=0,cur_changeCycle=0,to_view=62092
info|2019-11-13 01:14:02.131359|[g:1][CONSENSUS]addRawPrepare,height=1,reqIdx=0,hash=415eb681...
info|2019-11-13 01:14:02.131832|[g:1][CONSENSUS][PBFT]checkTimeout Succ,view=62092,toView=62093,nodeIdx=2,changeCycle=0,myNode=72961a87...,timecost=0.37
info|2019-11-13 01:14:02.132865|[g:1][CONSENSUS][PBFT]checkAndChangeView: Reach consensus,org_view=62092,org_changeCycle=0,cur_changeCycle=0,to_view=62093
info|2019-11-13 01:14:03.135092|[g:1][CONSENSUS]addRawPrepare,height=1,reqIdx=1,hash=b0a926f8...
info|2019-11-13 01:14:03.135639|[g:1][CONSENSUS][PBFT]checkTimeout Succ,view=62093,toView=62094,nodeIdx=2,changeCycle=0,myNode=72961a87...,timecost=0.422
info|2019-11-13 01:14:03.136808|[g:1][CONSENSUS][PBFT]checkAndChangeView: Reach consensus,org_view=62093,org_changeCycle=0,cur_changeCycle=0,to_view=62094
info|2019-11-13 01:14:04.136631|[g:1][CONSENSUS][SEALER]++++++++++++++++ Generating seal on,blkNum=1,tx=0,nodeIdx=2,hash=d19a92b6...
info|2019-11-13 01:14:04.140152|[g:1][CONSENSUS][PBFT]checkTimeout Succ,view=62094,toView=62095,nodeIdx=2,changeCycle=0,myNode=72961a87...,timecost=0.532
info|2019-11-13 01:14:04.140966|[g:1][CONSENSUS][PBFT]checkAndChangeView: Reach consensus,org_view=62094,org_changeCycle=0,cur_changeCycle=0,to_view=62095
info|2019-11-13 01:14:05.141851|[g:1][CONSENSUS]addRawPrepare,height=1,reqIdx=3,hash=54ed9598...
info|2019-11-13 01:14:05.142810|[g:1][CONSENSUS][PBFT]checkTimeout Succ,view=62095,toView=62096,nodeIdx=2,changeCycle=0,myNode=72961a87...,timecost=0.813
info|2019-11-13 01:14:05.144344|[g:1][CONSENSUS][PBFT]checkAndChangeView: Reach consensus,org_view=62095,org_changeCycle=0,cur_changeCycle=0,to_view=62096
info|2019-11-13 01:14:06.145272|[g:1][CONSENSUS]addRawPrepare,height=1,reqIdx=0,hash=d439df7a...
info|2019-11-13 01:14:06.145914|[g:1][CONSENSUS][PBFT]checkTimeout Succ,view=62096,toView=62097,nodeIdx=2,changeCycle=0,myNode=72961a87...,timecost=0.485
info|2019-11-13 01:14:06.147536|[g:1][CONSENSUS][PBFT]checkAndChangeView: Reach consensus,org_view=62096,org_changeCycle=0,cur_changeCycle=0,to_view=62097
info|2019-11-13 01:14:07.148635|[g:1][CONSENSUS]addRawPrepare,height=1,reqIdx=1,hash=577bfdc7...
info|2019-11-13 01:14:07.149264|[g:1][CONSENSUS][PBFT]checkTimeout Succ,view=62097,toView=62098,nodeIdx=2,changeCycle=0,myNode=72961a87...,timecost=0.47
info|2019-11-13 01:14:07.150990|[g:1][CONSENSUS][PBFT]checkAndChangeView: Reach consensus,org_view=62097,org_changeCycle=0,cur_changeCycle=0,to_view=62098
info|2019-11-13 01:14:08.152191|[g:1][CONSENSUS][SEALER]++++++++++++++++ Generating seal on,blkNum=1,tx=0,nodeIdx=2,hash=38e6c86f...
info|2019-11-13 01:14:08.153168|[g:1][CONSENSUS][PBFT]checkTimeout Succ,view=62098,toView=62099,nodeIdx=2,changeCycle=0,myNode=72961a87...,timecost=0.52
info|2019-11-13 01:14:08.155774|[g:1][CONSENSUS][PBFT]checkAndChangeView: Reach consensus,org_view=62098,org_changeCycle=0,cur_changeCycle=0,to_view=62099
info|2019-11-13 01:14:09.156616|[g:1][CONSENSUS]addRawPrepare,height=1,reqIdx=3,hash=0f43e4c8...
info|2019-11-13 01:14:09.157092|[g:1][CONSENSUS][PBFT]checkTimeout Succ,view=62099,toView=62100,nodeIdx=2,changeCycle=0,myNode=72961a87...,timecost=0.359
info|2019-11-13 01:14:09.158161|[g:1][CONSENSUS][PBFT]checkAndChangeView: Reach consensus,org_view=62099,org_changeCycle=0,cur_changeCycle=0,to_view=62100
info|2019-11-13 01:14:10.029820|[P2P][Service] heartBeat,connected count=3
info|2019-11-13 01:14:10.160919|[g:1][CONSENSUS]addRawPrepare,height=1,reqIdx=0,hash=583b66d9...
info|2019-11-13 01:14:10.161757|[g:1][CONSENSUS][PBFT]checkTimeout Succ,view=62100,toView=62101,nodeIdx=2,changeCycle=0,myNode=72961a87...,timecost=0.71
info|2019-11-13 01:14:10.163512|[g:1][CONSENSUS][PBFT]checkAndChangeView: Reach consensus,org_view=62100,org_changeCycle=0,cur_changeCycle=0,to_view=62101
info|2019-11-13 01:14:11.165370|[g:1][CONSENSUS]addRawPrepare,height=1,reqIdx=1,hash=3897b3fc...
info|2019-11-13 01:14:11.166174|[g:1][CONSENSUS][PBFT]checkTimeout Succ,view=62101,toView=62102,nodeIdx=2,changeCycle=0,myNode=72961a87...,timecost=0.571
info|2019-11-13 01:14:11.167806|[g:1][CONSENSUS][PBFT]checkAndChangeView: Reach consensus,org_view=62101,org_changeCycle=0,cur_changeCycle=0,to_view=62102
info|2019-11-13 01:14:12.167308|[g:1][CONSENSUS][SEALER]++++++++++++++++ Generating seal on,blkNum=1,tx=0,nodeIdx=2,hash=3e1ead33...
info|2019-11-13 01:14:12.167937|[g:1][CONSENSUS][PBFT]checkTimeout Succ,view=62102,toView=62103,nodeIdx=2,changeCycle=0,myNode=72961a87...,timecost=0.315
info|2019-11-13 01:14:12.169947|[g:1][CONSENSUS][PBFT]checkAndChangeView: Reach consensus,org_view=62102,org_changeCycle=0,cur_changeCycle=0,to_view=62103
info|2019-11-13 01:14:13.170745|[g:1][CONSENSUS]addRawPrepare,height=1,reqIdx=3,hash=12d37d37...
info|2019-11-13 01:14:13.171391|[g:1][CONSENSUS][PBFT]checkTimeout Succ,view=62103,toView=62104,nodeIdx=2,changeCycle=0,myNode=72961a87...,timecost=0.494
info|2019-11-13 01:14:13.173092|[g:1][CONSENSUS][PBFT]checkAndChangeView: Reach consensus,org_view=62103,org_changeCycle=0,cur_changeCycle=0,to_view=62104
info|2019-11-13 01:14:14.174668|[g:1][CONSENSUS]addRawPrepare,height=1,reqIdx=0,hash=b7542fc2...
info|2019-11-13 01:14:14.175286|[g:1][CONSENSUS][PBFT]checkTimeout Succ,view=62104,toView=62105,nodeIdx=2,changeCycle=0,myNode=72961a87...,timecost=0.456
info|2019-11-13 01:14:14.176877|[g:1][CONSENSUS][PBFT]checkAndChangeView: Reach consensus,org_view=62104,org_changeCycle=0,cur_changeCycle=0,to_view=62105
info|2019-11-13 01:14:15.178770|[g:1][CONSENSUS]addRawPrepare,height=1,reqIdx=1,hash=a90623a0...
info|2019-11-13 01:14:15.179385|[g:1][CONSENSUS][PBFT]checkTimeout Succ,view=62105,toView=62106,nodeIdx=2,changeCycle=0,myNode=72961a87...,timecost=0.492
info|2019-11-13 01:14:15.181503|[g:1][CONSENSUS][PBFT]checkAndChangeView: Reach consensus,org_view=62105,org_changeCycle=0,cur_changeCycle=0,to_view=62106
info|2019-11-13 01:14:16.181979|[g:1][CONSENSUS][SEALER]++++++++++++++++ Generating seal on,blkNum=1,tx=0,nodeIdx=2,hash=fc9ca33f...
info|2019-11-13 01:14:16.184682|[g:1][CONSENSUS][PBFT]checkTimeout Succ,view=62106,toView=62107,nodeIdx=2,changeCycle=0,myNode=72961a87...,timecost=0.516
info|2019-11-13 01:14:16.186082|[g:1][CONSENSUS][PBFT]checkAndChangeView: Reach consensus,org_view=62106,org_changeCycle=0,cur_changeCycle=0,to_view=62107
info|2019-11-13 01:14:17.186466|[g:1][CONSENSUS]addRawPrepare,height=1,reqIdx=3,hash=6a03691a...
info|2019-11-13 01:14:17.187062|[g:1][CONSENSUS][PBFT]checkTimeout Succ,view=62107,toView=62108,nodeIdx=2,changeCycle=0,myNode=72961a87...,timecost=0.466
info|2019-11-13 01:14:17.188719|[g:1][CONSENSUS][PBFT]checkAndChangeView: Reach consensus,org_view=62107,org_changeCycle=0,cur_changeCycle=0,to_view=62108
info|2019-11-13 01:14:18.191173|[g:1][CONSENSUS]addRawPrepare,height=1,reqIdx=0,hash=40393712...
info|2019-11-13 01:14:18.191864|[g:1][CONSENSUS][PBFT]checkTimeout Succ,view=62108,toView=62109,nodeIdx=2,changeCycle=0,myNode=72961a87...,timecost=0.483
info|2019-11-13 01:14:18.193717|[g:1][CONSENSUS][PBFT]checkAndChangeView: Reach consensus,org_view=62108,org_changeCycle=0,cur_changeCycle=0,to_view=62109
info|2019-11-13 01:14:19.194953|[g:1][CONSENSUS]addRawPrepare,height=1,reqIdx=1,hash=cc9072d4...
info|2019-11-13 01:14:19.195557|[g:1][CONSENSUS][PBFT]checkTimeout Succ,view=62109,toView=62110,nodeIdx=2,changeCycle=0,myNode=72961a87...,timecost=0.464
info|2019-11-13 01:14:19.196818|[g:1][CONSENSUS][PBFT]checkAndChangeView: Reach consensus,org_view=62109,org_changeCycle=0,cur_changeCycle=0,to_view=62110
info|2019-11-13 01:14:20.037120|[P2P][Service] heartBeat,connected count=3
info|2019-11-13 01:14:20.197071|[g:1][CONSENSUS][SEALER]++++++++++++++++ Generating seal on,blkNum=1,tx=0,nodeIdx=2,hash=c6e7c02e...
info|2019-11-13 01:14:20.199992|[g:1][CONSENSUS][PBFT]checkTimeout Succ,view=62110,toView=62111,nodeIdx=2,changeCycle=0,myNode=72961a87...,timecost=0.475
info|2019-11-13 01:14:20.201558|[g:1][CONSENSUS][PBFT]checkAndChangeView: Reach consensus,org_view=62110,org_changeCycle=0,cur_changeCycle=0,to_view=62111
info|2019-11-13 01:14:21.202843|[g:1][CONSENSUS]addRawPrepare,height=1,reqIdx=3,hash=42b7bd02...
info|2019-11-13 01:14:21.203533|[g:1][CONSENSUS][PBFT]checkTimeout Succ,view=62111,toView=62112,nodeIdx=2,changeCycle=0,myNode=72961a87...,timecost=0.53
info|2019-11-13 01:14:21.205211|[g:1][CONSENSUS][PBFT]checkAndChangeView: Reach consensus,org_view=62111,org_changeCycle=0,cur_changeCycle=0,to_view=62112
info|2019-11-13 01:14:22.207808|[g:1][CONSENSUS]addRawPrepare,height=1,reqIdx=0,hash=281794b7...
info|2019-11-13 01:14:22.208588|[g:1][CONSENSUS][PBFT]checkTimeout Succ,view=62112,toView=62113,nodeIdx=2,changeCycle=0,myNode=72961a87...,timecost=0.64
info|2019-11-13 01:14:22.210117|[g:1][CONSENSUS][PBFT]checkAndChangeView: Reach consensus,org_view=62112,org_changeCycle=0,cur_changeCycle=0,to_view=62113
info|2019-11-13 01:14:23.211504|[g:1][CONSENSUS]addRawPrepare,height=1,reqIdx=1,hash=d188b281...
info|2019-11-13 01:14:23.212152|[g:1][CONSENSUS][PBFT]checkTimeout Succ,view=62113,toView=62114,nodeIdx=2,changeCycle=0,myNode=72961a87...,timecost=0.511
info|2019-11-13 01:14:23.213548|[g:1][CONSENSUS][PBFT]checkAndChangeView: Reach consensus,org_view=62113,org_changeCycle=0,cur_changeCycle=0,to_view=62114
info|2019-11-13 01:14:24.214048|[g:1][CONSENSUS][SEALER]++++++++++++++++ Generating seal on,blkNum=1,tx=0,nodeIdx=2,hash=7f9fe886...
info|2019-11-13 01:14:24.214932|[g:1][CONSENSUS][PBFT]checkTimeout Succ,view=62114,toView=62115,nodeIdx=2,changeCycle=0,myNode=72961a87...,timecost=0.414
info|2019-11-13 01:14:24.217689|[g:1][CONSENSUS][PBFT]checkAndChangeView: Reach consensus,org_view=62114,org_changeCycle=0,cur_changeCycle=0,to_view=62115
info|2019-11-13 01:14:25.219305|[g:1][CONSENSUS]addRawPrepare,height=1,reqIdx=3,hash=2af9dc18...
info|2019-11-13 01:14:25.220638|[g:1][CONSENSUS][PBFT]checkTimeout Succ,view=62115,toView=62116,nodeIdx=2,changeCycle=0,myNode=72961a87...,timecost=1.21
info|2019-11-13 01:14:25.222213|[g:1][CONSENSUS][PBFT]checkAndChangeView: Reach consensus,org_view=62115,org_changeCycle=0,cur_changeCycle=0,to_view=62116
info|2019-11-13 01:14:26.224489|[g:1][CONSENSUS]addRawPrepare,height=1,reqIdx=0,hash=196e75a6...
info|2019-11-13 01:14:26.225131|[g:1][CONSENSUS][PBFT]checkTimeout Succ,view=62116,toView=62117,nodeIdx=2,changeCycle=0,myNode=72961a87...,timecost=0.487
info|2019-11-13 01:14:26.226490|[g:1][CONSENSUS][PBFT]checkAndChangeView: Reach consensus,org_view=62116,org_changeCycle=0,cur_changeCycle=0,to_view=62117
