info|2019-11-12 00:26:16.006929|[P2P][Service] heartBeat,connected count=3
warning|2019-11-12 00:26:16.009923|[g:1][CONSENSUS][PBFT]ViewChangeWarning: not caused by omit empty block ,v=22272,toV=22273,curNum=0,hash=f72cae63...,nodeIdx=2,myNode=72961a87...
info|2019-11-12 00:26:16.010077|[g:1][CONSENSUS][PBFT]checkTimeout Succ,view=22272,toView=22273,nodeIdx=2,changeCycle=1,myNode=72961a87...,timecost=0.788
info|2019-11-12 00:26:16.011965|[g:1][CONSENSUS][PBFT]checkAndChangeView: Reach consensus,org_view=22272,org_changeCycle=1,cur_changeCycle=1,to_view=22273
info|2019-11-12 00:26:17.013477|[g:1][CONSENSUS]addRawPrepare,height=1,reqIdx=1,hash=90bd404f...
info|2019-11-12 00:26:17.013985|[g:1][CONSENSUS][PBFT]checkTimeout Succ,view=22273,toView=22274,nodeIdx=2,changeCycle=0,myNode=72961a87...,timecost=0.407
info|2019-11-12 00:26:17.015744|[g:1][CONSENSUS][PBFT]checkAndChangeView: Reach consensus,org_view=22273,org_changeCycle=0,cur_changeCycle=0,to_view=22274
info|2019-11-12 00:26:18.016756|[g:1][CONSENSUS][SEALER]++++++++++++++++ Generating seal on,blkNum=1,tx=0,nodeIdx=2,hash=ac09e8da...
info|2019-11-12 00:26:18.020133|[g:1][CONSENSUS][PBFT]checkTimeout Succ,view=22274,toView=22275,nodeIdx=2,changeCycle=0,myNode=72961a87...,timecost=0.5
info|2019-11-12 00:26:18.020990|[g:1][CONSENSUS][PBFT]checkAndChangeView: Reach consensus,org_view=22274,org_changeCycle=0,cur_changeCycle=0,to_view=22275
info|2019-11-12 00:26:19.022219|[g:1][CONSENSUS]addRawPrepare,height=1,reqIdx=3,hash=dad3ce14...
info|2019-11-12 00:26:19.022786|[g:1][CONSENSUS][PBFT]checkTimeout Succ,view=22275,toView=22276,nodeIdx=2,changeCycle=0,myNode=72961a87...,timecost=0.434
info|2019-11-12 00:26:19.024161|[g:1][CONSENSUS][PBFT]checkAndChangeView: Reach consensus,org_view=22275,org_changeCycle=0,cur_changeCycle=0,to_view=22276
info|2019-11-12 00:26:20.025617|[g:1][CONSENSUS]addRawPrepare,height=1,reqIdx=0,hash=a6c14f00...
info|2019-11-12 00:26:20.026193|[g:1][CONSENSUS][PBFT]checkTimeout Succ,view=22276,toView=22277,nodeIdx=2,changeCycle=0,myNode=72961a87...,timecost=0.451
info|2019-11-12 00:26:20.027240|[g:1][CONSENSUS][PBFT]checkAndChangeView: Reach consensus,org_view=22276,org_changeCycle=0,cur_changeCycle=0,to_view=22277
info|2019-11-12 00:26:21.029675|[g:1][CONSENSUS]addRawPrepare,height=1,reqIdx=1,hash=cfbb777b...
info|2019-11-12 00:26:21.030747|[g:1][CONSENSUS][PBFT]checkTimeout Succ,view=22277,toView=22278,nodeIdx=2,changeCycle=0,myNode=72961a87...,timecost=0.932
info|2019-11-12 00:26:21.032007|[g:1][CONSENSUS][PBFT]checkAndChangeView: Reach consensus,org_view=22277,org_changeCycle=0,cur_changeCycle=0,to_view=22278
info|2019-11-12 00:26:22.033166|[g:1][CONSENSUS][SEALER]++++++++++++++++ Generating seal on,blkNum=1,tx=0,nodeIdx=2,hash=e1064050...
info|2019-11-12 00:26:22.034156|[g:1][CONSENSUS][PBFT]checkTimeout Succ,view=22278,toView=22279,nodeIdx=2,changeCycle=0,myNode=72961a87...,timecost=0.514
info|2019-11-12 00:26:22.036704|[g:1][CONSENSUS][PBFT]checkAndChangeView: Reach consensus,org_view=22278,org_changeCycle=0,cur_changeCycle=0,to_view=22279
info|2019-11-12 00:26:23.038872|[g:1][CONSENSUS]addRawPrepare,height=1,reqIdx=3,hash=5521e8b0...
info|2019-11-12 00:26:23.039482|[g:1][CONSENSUS][PBFT]checkTimeout Succ,view=22279,toView=22280,nodeIdx=2,changeCycle=0,myNode=72961a87...,timecost=0.434
info|2019-11-12 00:26:23.041027|[g:1][CONSENSUS][PBFT]checkAndChangeView: Reach consensus,org_view=22279,org_changeCycle=0,cur_changeCycle=0,to_view=22280
info|2019-11-12 00:26:24.042786|[g:1][CONSENSUS]addRawPrepare,height=1,reqIdx=0,hash=8986f093...
info|2019-11-12 00:26:24.043496|[g:1][CONSENSUS][PBFT]checkTimeout Succ,view=22280,toView=22281,nodeIdx=2,changeCycle=0,myNode=72961a87...,timecost=0.581
info|2019-11-12 00:26:24.044844|[g:1][CONSENSUS][PBFT]checkAndChangeView: Reach consensus,org_view=22280,org_changeCycle=0,cur_changeCycle=0,to_view=22281
info|2019-11-12 00:26:25.046877|[g:1][CONSENSUS]addRawPrepare,height=1,reqIdx=1,hash=7e00c5e8...
info|2019-11-12 00:26:25.047477|[g:1][CONSENSUS][PBFT]checkTimeout Succ,view=22281,toView=22282,nodeIdx=2,changeCycle=0,myNode=72961a87...,timecost=0.466
info|2019-11-12 00:26:25.049082|[g:1][CONSENSUS][PBFT]checkAndChangeView: Reach consensus,org_view=22281,org_changeCycle=0,cur_changeCycle=0,to_view=22282
info|2019-11-12 00:26:26.011554|[P2P][Service] heartBeat,connected count=3
info|2019-11-12 00:26:26.049652|[g:1][CONSENSUS][SEALER]++++++++++++++++ Generating seal on,blkNum=1,tx=0,nodeIdx=2,hash=ab71ac51...
info|2019-11-12 00:26:26.050931|[g:1][CONSENSUS][PBFT]checkTimeout Succ,view=22282,toView=22283,nodeIdx=2,changeCycle=0,myNode=72961a87...,timecost=0.797
info|2019-11-12 00:26:26.053660|[g:1][CONSENSUS][PBFT]checkAndChangeView: Reach consensus,org_view=22282,org_changeCycle=0,cur_changeCycle=0,to_view=22283
info|2019-11-12 00:26:27.054508|[g:1][CONSENSUS]addRawPrepare,height=1,reqIdx=3,hash=fd7586c6...
info|2019-11-12 00:26:27.055002|[g:1][CONSENSUS][PBFT]checkTimeout Succ,view=22283,toView=22284,nodeIdx=2,changeCycle=0,myNode=72961a87...,timecost=0.394
info|2019-11-12 00:26:27.056532|[g:1][CONSENSUS][PBFT]checkAndChangeView: Reach consensus,org_view=22283,org_changeCycle=0,cur_changeCycle=0,to_view=22284
info|2019-11-12 00:26:28.058188|[g:1][CONSENSUS]addRawPrepare,height=1,reqIdx=0,hash=00555617...
info|2019-11-12 00:26:28.058843|[g:1][CONSENSUS][PBFT]checkTimeout Succ,view=22284,toView=22285,nodeIdx=2,changeCycle=0,myNode=72961a87...,timecost=0.482
info|2019-11-12 00:26:28.060314|[g:1][CONSENSUS][PBFT]checkAndChangeView: Reach consensus,org_view=22284,org_changeCycle=0,cur_changeCycle=0,to_view=22285
info|2019-11-12 00:26:29.061873|[g:1][CONSENSUS]addRawPrepare,height=1,reqIdx=1,hash=e38d5e7d...
info|2019-11-12 00:26:29.062474|[g:1][CONSENSUS][PBFT]checkTimeout Succ,view=22285,toView=22286,nodeIdx=2,changeCycle=0,myNode=72961a87...,timecost=0.462
info|2019-11-12 00:26:29.063839|[g:1][CONSENSUS][PBFT]checkAndChangeView: Reach consensus,org_view=22285,org_changeCycle=0,cur_changeCycle=0,to_view=22286
info|2019-11-12 00:26:30.063509|[g:1][CONSENSUS][SEALER]++++++++++++++++ Generating seal on,blkNum=1,tx=0,nodeIdx=2,hash=edaf30e5...
info|2019-11-12 00:26:30.066927|[g:1][CONSENSUS][PBFT]checkTimeout Succ,view=22286,toView=22287,nodeIdx=2,changeCycle=0,myNode=72961a87...,timecost=0.614
info|2019-11-12 00:26:30.067670|[g:1][CONSENSUS][PBFT]checkAndChangeView: Reach consensus,org_view=22286,org_changeCycle=0,cur_changeCycle=0,to_view=22287
info|2019-11-12 00:26:31.070032|[g:1][CONSENSUS]addRawPrepare,height=1,reqIdx=3,hash=38bf8ada...
info|2019-11-12 00:26:31.071432|[g:1][CONSENSUS][PBFT]checkTimeout Succ,view=22287,toView=22288,nodeIdx=2,changeCycle=0,myNode=72961a87...,timecost=1.227
info|2019-11-12 00:26:31.072882|[g:1][CONSENSUS][PBFT]checkAndChangeView: Reach consensus,org_view=22287,org_changeCycle=0,cur_changeCycle=0,to_view=22288
info|2019-11-12 00:26:32.075006|[g:1][CONSENSUS]addRawPrepare,height=1,reqIdx=0,hash=83e01bd8...
info|2019-11-12 00:26:32.075648|[g:1][CONSENSUS][PBFT]checkTimeout Succ,view=22288,toView=22289,nodeIdx=2,changeCycle=0,myNode=72961a87...,timecost=0.469
info|2019-11-12 00:26:32.077259|[g:1][CONSENSUS][PBFT]checkAndChangeView: Reach consensus,org_view=22288,org_changeCycle=0,cur_changeCycle=0,to_view=22289
info|2019-11-12 00:26:33.078808|[g:1][CONSENSUS]addRawPrepare,height=1,reqIdx=1,hash=4818d879...
info|2019-11-12 00:26:33.079476|[g:1][CONSENSUS][PBFT]checkTimeout Succ,view=22289,toView=22290,nodeIdx=2,changeCycle=0,myNode=72961a87...,timecost=0.533
info|2019-11-12 00:26:33.081166|[g:1][CONSENSUS][PBFT]checkAndChangeView: Reach consensus,org_view=22289,org_changeCycle=0,cur_changeCycle=0,to_view=22290
info|2019-11-12 00:26:34.082245|[g:1][CONSENSUS][SEALER]++++++++++++++++ Generating seal on,blkNum=1,tx=0,nodeIdx=2,hash=4da18fe5...
info|2019-11-12 00:26:34.083198|[g:1][CONSENSUS][PBFT]checkTimeout Succ,view=22290,toView=22291,nodeIdx=2,changeCycle=0,myNode=72961a87...,timecost=0.412
info|2019-11-12 00:26:34.085556|[g:1][CONSENSUS][PBFT]checkAndChangeView: Reach consensus,org_view=22290,org_changeCycle=0,cur_changeCycle=0,to_view=22291
info|2019-11-12 00:26:35.086736|[g:1][CONSENSUS]addRawPrepare,height=1,reqIdx=3,hash=50c0fa6b...
info|2019-11-12 00:26:35.087356|[g:1][CONSENSUS][PBFT]checkTimeout Succ,view=22291,toView=22292,nodeIdx=2,changeCycle=0,myNode=72961a87...,timecost=0.432
info|2019-11-12 00:26:35.088781|[g:1][CONSENSUS][PBFT]checkAndChangeView: Reach consensus,org_view=22291,org_changeCycle=0,cur_changeCycle=0,to_view=22292
info|2019-11-12 00:26:36.020148|[P2P][Service] heartBeat,connected count=3
info|2019-11-12 00:26:36.089748|[g:1][CONSENSUS]addRawPrepare,height=1,reqIdx=0,hash=6707e2f5...
info|2019-11-12 00:26:36.090472|[g:1][CONSENSUS][PBFT]checkTimeout Succ,view=22292,toView=22293,nodeIdx=2,changeCycle=0,myNode=72961a87...,timecost=0.598
info|2019-11-12 00:26:36.092628|[g:1][CONSENSUS][PBFT]checkAndChangeView: Reach consensus,org_view=22292,org_changeCycle=0,cur_changeCycle=0,to_view=22293
info|2019-11-12 00:26:37.094053|[g:1][CONSENSUS]addRawPrepare,height=1,reqIdx=1,hash=282b9b8e...
info|2019-11-12 00:26:37.094565|[g:1][CONSENSUS][PBFT]checkTimeout Succ,view=22293,toView=22294,nodeIdx=2,changeCycle=0,myNode=72961a87...,timecost=0.356
info|2019-11-12 00:26:37.095829|[g:1][CONSENSUS][PBFT]checkAndChangeView: Reach consensus,org_view=22293,org_changeCycle=0,cur_changeCycle=0,to_view=22294
info|2019-11-12 00:26:38.095552|[g:1][CONSENSUS][SEALER]++++++++++++++++ Generating seal on,blkNum=1,tx=0,nodeIdx=2,hash=dd7eeb3c...
info|2019-11-12 00:26:38.096584|[g:1][CONSENSUS][PBFT]checkTimeout Succ,view=22294,toView=22295,nodeIdx=2,changeCycle=0,myNode=72961a87...,timecost=0.565
info|2019-11-12 00:26:38.099404|[g:1][CONSENSUS][PBFT]checkAndChangeView: Reach consensus,org_view=22294,org_changeCycle=0,cur_changeCycle=0,to_view=22295
info|2019-11-12 00:26:39.101468|[g:1][CONSENSUS]addRawPrepare,height=1,reqIdx=3,hash=3b2652b6...
info|2019-11-12 00:26:39.102269|[g:1][CONSENSUS][PBFT]checkTimeout Succ,view=22295,toView=22296,nodeIdx=2,changeCycle=0,myNode=72961a87...,timecost=0.589
info|2019-11-12 00:26:39.103616|[g:1][CONSENSUS][PBFT]checkAndChangeView: Reach consensus,org_view=22295,org_changeCycle=0,cur_changeCycle=0,to_view=22296
info|2019-11-12 00:26:40.105309|[g:1][CONSENSUS]addRawPrepare,height=1,reqIdx=0,hash=95aea1bf...
info|2019-11-12 00:26:40.105964|[g:1][CONSENSUS][PBFT]checkTimeout Succ,view=22296,toView=22297,nodeIdx=2,changeCycle=0,myNode=72961a87...,timecost=0.482
info|2019-11-12 00:26:40.107340|[g:1][CONSENSUS][PBFT]checkAndChangeView: Reach consensus,org_view=22296,org_changeCycle=0,cur_changeCycle=0,to_view=22297
info|2019-11-12 00:26:41.110038|[g:1][CONSENSUS]addRawPrepare,height=1,reqIdx=1,hash=fa370848...
info|2019-11-12 00:26:41.111236|[g:1][CONSENSUS][PBFT]checkTimeout Succ,view=22297,toView=22298,nodeIdx=2,changeCycle=0,myNode=72961a87...,timecost=1.017
info|2019-11-12 00:26:41.112543|[g:1][CONSENSUS][PBFT]checkAndChangeView: Reach consensus,org_view=22297,org_changeCycle=0,cur_changeCycle=0,to_view=22298
info|2019-11-12 00:26:42.113299|[g:1][CONSENSUS][SEALER]++++++++++++++++ Generating seal on,blkNum=1,tx=0,nodeIdx=2,hash=4058b620...
info|2019-11-12 00:26:42.114237|[g:1][CONSENSUS][PBFT]checkTimeout Succ,view=22298,toView=22299,nodeIdx=2,changeCycle=0,myNode=72961a87...,timecost=0.461
info|2019-11-12 00:26:42.116545|[g:1][CONSENSUS][PBFT]checkAndChangeView: Reach consensus,org_view=22298,org_changeCycle=0,cur_changeCycle=0,to_view=22299
info|2019-11-12 00:26:43.117163|[g:1][CONSENSUS]addRawPrepare,height=1,reqIdx=3,hash=e95f8f75...
info|2019-11-12 00:26:43.117665|[g:1][CONSENSUS][PBFT]checkTimeout Succ,view=22299,toView=22300,nodeIdx=2,changeCycle=0,myNode=72961a87...,timecost=0.403
info|2019-11-12 00:26:43.118683|[g:1][CONSENSUS][PBFT]checkAndChangeView: Reach consensus,org_view=22299,org_changeCycle=0,cur_changeCycle=0,to_view=22300
info|2019-11-12 00:26:44.120845|[g:1][CONSENSUS]addRawPrepare,height=1,reqIdx=0,hash=264264cd...
info|2019-11-12 00:26:44.121485|[g:1][CONSENSUS][PBFT]checkTimeout Succ,view=22300,toView=22301,nodeIdx=2,changeCycle=0,myNode=72961a87...,timecost=0.501
info|2019-11-12 00:26:44.123044|[g:1][CONSENSUS][PBFT]checkAndChangeView: Reach consensus,org_view=22300,org_changeCycle=0,cur_changeCycle=0,to_view=22301
info|2019-11-12 00:26:45.125124|[g:1][CONSENSUS]addRawPrepare,height=1,reqIdx=1,hash=0534e26a...
info|2019-11-12 00:26:45.125747|[g:1][CONSENSUS][PBFT]checkTimeout Succ,view=22301,toView=22302,nodeIdx=2,changeCycle=0,myNode=72961a87...,timecost=0.49
info|2019-11-12 00:26:45.127427|[g:1][CONSENSUS][PBFT]checkAndChangeView: Reach consensus,org_view=22301,org_changeCycle=0,cur_changeCycle=0,to_view=22302
info|2019-11-12 00:26:46.027845|[P2P][Service] heartBeat,connected count=3
info|2019-11-12 00:26:46.127254|[g:1][CONSENSUS][SEALER]++++++++++++++++ Generating seal on,blkNum=1,tx=0,nodeIdx=2,hash=f31754d2...
info|2019-11-12 00:26:46.131087|[g:1][CONSENSUS][PBFT]checkTimeout Succ,view=22302,toView=22303,nodeIdx=2,changeCycle=0,myNode=72961a87...,timecost=0.621
info|2019-11-12 00:26:46.131816|[g:1][CONSENSUS][PBFT]checkAndChangeView: Reach consensus,org_view=22302,org_changeCycle=0,cur_changeCycle=0,to_view=22303
info|2019-11-12 00:26:47.132967|[g:1][CONSENSUS]addRawPrepare,height=1,reqIdx=3,hash=0fedc15f...
info|2019-11-12 00:26:47.133359|[g:1][CONSENSUS][PBFT]checkTimeout Succ,view=22303,toView=22304,nodeIdx=2,changeCycle=0,myNode=72961a87...,timecost=0.3
info|2019-11-12 00:26:47.134434|[g:1][CONSENSUS][PBFT]checkAndChangeView: Reach consensus,org_view=22303,org_changeCycle=0,cur_changeCycle=0,to_view=22304
info|2019-11-12 00:26:48.136528|[g:1][CONSENSUS]addRawPrepare,height=1,reqIdx=0,hash=8071a632...
info|2019-11-12 00:26:48.137172|[g:1][CONSENSUS][PBFT]checkTimeout Succ,view=22304,toView=22305,nodeIdx=2,changeCycle=0,myNode=72961a87...,timecost=0.47
info|2019-11-12 00:26:48.138554|[g:1][CONSENSUS][PBFT]checkAndChangeView: Reach consensus,org_view=22304,org_changeCycle=0,cur_changeCycle=0,to_view=22305
info|2019-11-12 00:26:49.140899|[g:1][CONSENSUS]addRawPrepare,height=1,reqIdx=1,hash=95a2ce53...
info|2019-11-12 00:26:49.141548|[g:1][CONSENSUS][PBFT]checkTimeout Succ,view=22305,toView=22306,nodeIdx=2,changeCycle=0,myNode=72961a87...,timecost=0.51
info|2019-11-12 00:26:49.143351|[g:1][CONSENSUS][PBFT]checkAndChangeView: Reach consensus,org_view=22305,org_changeCycle=0,cur_changeCycle=0,to_view=22306
info|2019-11-12 00:26:50.144166|[g:1][CONSENSUS][SEALER]++++++++++++++++ Generating seal on,blkNum=1,tx=0,nodeIdx=2,hash=7edb053d...
info|2019-11-12 00:26:50.145114|[g:1][CONSENSUS][PBFT]checkTimeout Succ,view=22306,toView=22307,nodeIdx=2,changeCycle=0,myNode=72961a87...,timecost=0.487
info|2019-11-12 00:26:50.147715|[g:1][CONSENSUS][PBFT]checkAndChangeView: Reach consensus,org_view=22306,org_changeCycle=0,cur_changeCycle=0,to_view=22307
info|2019-11-12 00:26:51.149549|[g:1][CONSENSUS]addRawPrepare,height=1,reqIdx=3,hash=ab26badb...
info|2019-11-12 00:26:51.150623|[g:1][CONSENSUS][PBFT]checkTimeout Succ,view=22307,toView=22308,nodeIdx=2,changeCycle=0,myNode=72961a87...,timecost=0.949
info|2019-11-12 00:26:51.152244|[g:1][CONSENSUS][PBFT]checkAndChangeView: Reach consensus,org_view=22307,org_changeCycle=0,cur_changeCycle=0,to_view=22308
info|2019-11-12 00:26:52.154431|[g:1][CONSENSUS]addRawPrepare,height=1,reqIdx=0,hash=20516318...
info|2019-11-12 00:26:52.154927|[g:1][CONSENSUS][PBFT]checkTimeout Succ,view=22308,toView=22309,nodeIdx=2,changeCycle=0,myNode=72961a87...,timecost=0.347
info|2019-11-12 00:26:52.156171|[g:1][CONSENSUS][PBFT]checkAndChangeView: Reach consensus,org_view=22308,org_changeCycle=0,cur_changeCycle=0,to_view=22309
info|2019-11-12 00:26:53.156629|[g:1][CONSENSUS]addRawPrepare,height=1,reqIdx=1,hash=42b182a2...
info|2019-11-12 00:26:53.157398|[g:1][CONSENSUS][PBFT]checkTimeout Succ,view=22309,toView=22310,nodeIdx=2,changeCycle=0,myNode=72961a87...,timecost=0.641
info|2019-11-12 00:26:53.159304|[g:1][CONSENSUS][PBFT]checkAndChangeView: Reach consensus,org_view=22309,org_changeCycle=0,cur_changeCycle=0,to_view=22310
info|2019-11-12 00:26:54.159177|[g:1][CONSENSUS][SEALER]++++++++++++++++ Generating seal on,blkNum=1,tx=0,nodeIdx=2,hash=d293b6a8...
info|2019-11-12 00:26:54.161897|[g:1][CONSENSUS][PBFT]checkTimeout Succ,view=22310,toView=22311,nodeIdx=2,changeCycle=0,myNode=72961a87...,timecost=0.418
info|2019-11-12 00:26:54.163363|[g:1][CONSENSUS][PBFT]checkAndChangeView: Reach consensus,org_view=22310,org_changeCycle=0,cur_changeCycle=0,to_view=22311
info|2019-11-12 00:26:55.164559|[g:1][CONSENSUS]addRawPrepare,height=1,reqIdx=3,hash=bceb084b...
info|2019-11-12 00:26:55.165232|[g:1][CONSENSUS][PBFT]checkTimeout Succ,view=22311,toView=22312,nodeIdx=2,changeCycle=0,myNode=72961a87...,timecost=0.532
info|2019-11-12 00:26:55.166864|[g:1][CONSENSUS][PBFT]checkAndChangeView: Reach consensus,org_view=22311,org_changeCycle=0,cur_changeCycle=0,to_view=22312
info|2019-11-12 00:26:56.034690|[P2P][Service] heartBeat,connected count=3
info|2019-11-12 00:26:56.168417|[g:1][CONSENSUS]addRawPrepare,height=1,reqIdx=0,hash=f71117ac...
info|2019-11-12 00:26:56.169008|[g:1][CONSENSUS][PBFT]checkTimeout Succ,view=22312,toView=22313,nodeIdx=2,changeCycle=0,myNode=72961a87...,timecost=0.482
info|2019-11-12 00:26:56.170554|[g:1][CONSENSUS][PBFT]checkAndChangeView: Reach consensus,org_view=22312,org_changeCycle=0,cur_changeCycle=0,to_view=22313
info|2019-11-12 00:26:57.171239|[g:1][CONSENSUS]addRawPrepare,height=1,reqIdx=1,hash=f739440e...
info|2019-11-12 00:26:57.171717|[g:1][CONSENSUS][PBFT]checkTimeout Succ,view=22313,toView=22314,nodeIdx=2,changeCycle=0,myNode=72961a87...,timecost=0.361
info|2019-11-12 00:26:57.172760|[g:1][CONSENSUS][PBFT]checkAndChangeView: Reach consensus,org_view=22313,org_changeCycle=0,cur_changeCycle=0,to_view=22314
info|2019-11-12 00:26:58.173141|[g:1][CONSENSUS][SEALER]++++++++++++++++ Generating seal on,blkNum=1,tx=0,nodeIdx=2,hash=a8c190b7...
info|2019-11-12 00:26:58.174230|[g:1][CONSENSUS][PBFT]checkTimeout Succ,view=22314,toView=22315,nodeIdx=2,changeCycle=0,myNode=72961a87...,timecost=0.434
info|2019-11-12 00:26:58.177117|[g:1][CONSENSUS][PBFT]checkAndChangeView: Reach consensus,org_view=22314,org_changeCycle=0,cur_changeCycle=0,to_view=22315
info|2019-11-12 00:26:59.179712|[g:1][CONSENSUS]addRawPrepare,height=1,reqIdx=3,hash=2a6e0aee...
info|2019-11-12 00:26:59.180304|[g:1][CONSENSUS][PBFT]checkTimeout Succ,view=22315,toView=22316,nodeIdx=2,changeCycle=0,myNode=72961a87...,timecost=0.466
info|2019-11-12 00:26:59.182167|[g:1][CONSENSUS][PBFT]checkAndChangeView: Reach consensus,org_view=22315,org_changeCycle=0,cur_changeCycle=0,to_view=22316
info|2019-11-12 00:27:00.184849|[g:1][CONSENSUS]addRawPrepare,height=1,reqIdx=0,hash=f296e1bb...
info|2019-11-12 00:27:00.185535|[g:1][CONSENSUS][PBFT]checkTimeout Succ,view=22316,toView=22317,nodeIdx=2,changeCycle=0,myNode=72961a87...,timecost=0.533
info|2019-11-12 00:27:00.187149|[g:1][CONSENSUS][PBFT]checkAndChangeView: Reach consensus,org_view=22316,org_changeCycle=0,cur_changeCycle=0,to_view=22317
info|2019-11-12 00:27:01.189455|[g:1][CONSENSUS]addRawPrepare,height=1,reqIdx=1,hash=26403c9f...
info|2019-11-12 00:27:01.190526|[g:1][CONSENSUS][PBFT]checkTimeout Succ,view=22317,toView=22318,nodeIdx=2,changeCycle=0,myNode=72961a87...,timecost=0.826
info|2019-11-12 00:27:01.192169|[g:1][CONSENSUS][PBFT]checkAndChangeView: Reach consensus,org_view=22317,org_changeCycle=0,cur_changeCycle=0,to_view=22318
info|2019-11-12 00:27:02.192610|[g:1][CONSENSUS][SEALER]++++++++++++++++ Generating seal on,blkNum=1,tx=0,nodeIdx=2,hash=5bc838f8...
info|2019-11-12 00:27:02.193613|[g:1][CONSENSUS][PBFT]checkTimeout Succ,view=22318,toView=22319,nodeIdx=2,changeCycle=0,myNode=72961a87...,timecost=0.531
info|2019-11-12 00:27:02.196482|[g:1][CONSENSUS][PBFT]checkAndChangeView: Reach consensus,org_view=22318,org_changeCycle=0,cur_changeCycle=0,to_view=22319
info|2019-11-12 00:27:03.197933|[g:1][CONSENSUS]addRawPrepare,height=1,reqIdx=3,hash=d4322797...
info|2019-11-12 00:27:03.198703|[g:1][CONSENSUS][PBFT]checkTimeout Succ,view=22319,toView=22320,nodeIdx=2,changeCycle=0,myNode=72961a87...,timecost=0.607
info|2019-11-12 00:27:03.200296|[g:1][CONSENSUS][PBFT]checkAndChangeView: Reach consensus,org_view=22319,org_changeCycle=0,cur_changeCycle=0,to_view=22320
info|2019-11-12 00:27:04.201921|[g:1][CONSENSUS]addRawPrepare,height=1,reqIdx=0,hash=2accf956...
info|2019-11-12 00:27:04.202524|[g:1][CONSENSUS][PBFT]checkTimeout Succ,view=22320,toView=22321,nodeIdx=2,changeCycle=0,myNode=72961a87...,timecost=0.47
info|2019-11-12 00:27:04.203935|[g:1][CONSENSUS][PBFT]checkAndChangeView: Reach consensus,org_view=22320,org_changeCycle=0,cur_changeCycle=0,to_view=22321
info|2019-11-12 00:27:05.206151|[g:1][CONSENSUS]addRawPrepare,height=1,reqIdx=1,hash=d31bef06...
info|2019-11-12 00:27:05.206807|[g:1][CONSENSUS][PBFT]checkTimeout Succ,view=22321,toView=22322,nodeIdx=2,changeCycle=0,myNode=72961a87...,timecost=0.534
info|2019-11-12 00:27:05.208300|[g:1][CONSENSUS][PBFT]checkAndChangeView: Reach consensus,org_view=22321,org_changeCycle=0,cur_changeCycle=0,to_view=22322
info|2019-11-12 00:27:06.043192|[P2P][Service] heartBeat,connected count=3
info|2019-11-12 00:27:06.208303|[g:1][CONSENSUS][SEALER]++++++++++++++++ Generating seal on,blkNum=1,tx=0,nodeIdx=2,hash=b472474c...
info|2019-11-12 00:27:06.209463|[g:1][CONSENSUS][PBFT]checkTimeout Succ,view=22322,toView=22323,nodeIdx=2,changeCycle=0,myNode=72961a87...,timecost=0.732
info|2019-11-12 00:27:06.212085|[g:1][CONSENSUS][PBFT]checkAndChangeView: Reach consensus,org_view=22322,org_changeCycle=0,cur_changeCycle=0,to_view=22323
info|2019-11-12 00:27:07.214624|[g:1][CONSENSUS]addRawPrepare,height=1,reqIdx=3,hash=b35779e5...
info|2019-11-12 00:27:07.215278|[g:1][CONSENSUS][PBFT]checkTimeout Succ,view=22323,toView=22324,nodeIdx=2,changeCycle=0,myNode=72961a87...,timecost=0.487
info|2019-11-12 00:27:07.216798|[g:1][CONSENSUS][PBFT]checkAndChangeView: Reach consensus,org_view=22323,org_changeCycle=0,cur_changeCycle=0,to_view=22324
info|2019-11-12 00:27:08.218611|[g:1][CONSENSUS]addRawPrepare,height=1,reqIdx=0,hash=b56e720a...
info|2019-11-12 00:27:08.219057|[g:1][CONSENSUS][PBFT]checkTimeout Succ,view=22324,toView=22325,nodeIdx=2,changeCycle=0,myNode=72961a87...,timecost=0.35
info|2019-11-12 00:27:08.220156|[g:1][CONSENSUS][PBFT]checkAndChangeView: Reach consensus,org_view=22324,org_changeCycle=0,cur_changeCycle=0,to_view=22325
info|2019-11-12 00:27:09.221706|[g:1][CONSENSUS]addRawPrepare,height=1,reqIdx=1,hash=e3a69a7f...
info|2019-11-12 00:27:09.222321|[g:1][CONSENSUS][PBFT]checkTimeout Succ,view=22325,toView=22326,nodeIdx=2,changeCycle=0,myNode=72961a87...,timecost=0.467
info|2019-11-12 00:27:09.223900|[g:1][CONSENSUS][PBFT]checkAndChangeView: Reach consensus,org_view=22325,org_changeCycle=0,cur_changeCycle=0,to_view=22326
info|2019-11-12 00:27:10.224083|[g:1][CONSENSUS][SEALER]++++++++++++++++ Generating seal on,blkNum=1,tx=0,nodeIdx=2,hash=846e5955...
info|2019-11-12 00:27:10.227298|[g:1][CONSENSUS][PBFT]checkTimeout Succ,view=22326,toView=22327,nodeIdx=2,changeCycle=0,myNode=72961a87...,timecost=0.455
info|2019-11-12 00:27:10.228132|[g:1][CONSENSUS][PBFT]checkAndChangeView: Reach consensus,org_view=22326,org_changeCycle=0,cur_changeCycle=0,to_view=22327
info|2019-11-12 00:27:11.230134|[g:1][CONSENSUS]addRawPrepare,height=1,reqIdx=3,hash=c5c6b22e...
info|2019-11-12 00:27:11.231132|[g:1][CONSENSUS][PBFT]checkTimeout Succ,view=22327,toView=22328,nodeIdx=2,changeCycle=0,myNode=72961a87...,timecost=0.862
info|2019-11-12 00:27:11.232731|[g:1][CONSENSUS][PBFT]checkAndChangeView: Reach consensus,org_view=22327,org_changeCycle=0,cur_changeCycle=0,to_view=22328
info|2019-11-12 00:27:12.234159|[g:1][CONSENSUS]addRawPrepare,height=1,reqIdx=0,hash=f018521e...
info|2019-11-12 00:27:12.234845|[g:1][CONSENSUS][PBFT]checkTimeout Succ,view=22328,toView=22329,nodeIdx=2,changeCycle=0,myNode=72961a87...,timecost=0.538
info|2019-11-12 00:27:12.236462|[g:1][CONSENSUS][PBFT]checkAndChangeView: Reach consensus,org_view=22328,org_changeCycle=0,cur_changeCycle=0,to_view=22329
info|2019-11-12 00:27:13.239108|[g:1][CONSENSUS]addRawPrepare,height=1,reqIdx=1,hash=011350a1...
info|2019-11-12 00:27:13.239687|[g:1][CONSENSUS][PBFT]checkTimeout Succ,view=22329,toView=22330,nodeIdx=2,changeCycle=0,myNode=72961a87...,timecost=0.441
info|2019-11-12 00:27:13.241189|[g:1][CONSENSUS][PBFT]checkAndChangeView: Reach consensus,org_view=22329,org_changeCycle=0,cur_changeCycle=0,to_view=22330
info|2019-11-12 00:27:14.242095|[g:1][CONSENSUS][SEALER]++++++++++++++++ Generating seal on,blkNum=1,tx=0,nodeIdx=2,hash=46fe0987...
info|2019-11-12 00:27:14.242768|[g:1][CONSENSUS][PBFT]checkTimeout Succ,view=22330,toView=22331,nodeIdx=2,changeCycle=0,myNode=72961a87...,timecost=0.343
info|2019-11-12 00:27:14.245081|[g:1][CONSENSUS][PBFT]checkAndChangeView: Reach consensus,org_view=22330,org_changeCycle=0,cur_changeCycle=0,to_view=22331
info|2019-11-12 00:27:15.247223|[g:1][CONSENSUS]addRawPrepare,height=1,reqIdx=3,hash=a283c873...
info|2019-11-12 00:27:15.248002|[g:1][CONSENSUS][PBFT]checkTimeout Succ,view=22331,toView=22332,nodeIdx=2,changeCycle=0,myNode=72961a87...,timecost=0.591
info|2019-11-12 00:27:15.249513|[g:1][CONSENSUS][PBFT]checkAndChangeView: Reach consensus,org_view=22331,org_changeCycle=0,cur_changeCycle=0,to_view=22332
info|2019-11-12 00:27:16.050518|[P2P][Service] heartBeat,connected count=3
info|2019-11-12 00:27:16.251491|[g:1][CONSENSUS]addRawPrepare,height=1,reqIdx=0,hash=1ab8bc42...
info|2019-11-12 00:27:16.252145|[g:1][CONSENSUS][PBFT]checkTimeout Succ,view=22332,toView=22333,nodeIdx=2,changeCycle=0,myNode=72961a87...,timecost=0.554
info|2019-11-12 00:27:16.253494|[g:1][CONSENSUS][PBFT]checkAndChangeView: Reach consensus,org_view=22332,org_changeCycle=0,cur_changeCycle=0,to_view=22333
info|2019-11-12 00:27:17.255120|[g:1][CONSENSUS]addRawPrepare,height=1,reqIdx=1,hash=821473be...
info|2019-11-12 00:27:17.255729|[g:1][CONSENSUS][PBFT]checkTimeout Succ,view=22333,toView=22334,nodeIdx=2,changeCycle=0,myNode=72961a87...,timecost=0.484
info|2019-11-12 00:27:17.257301|[g:1][CONSENSUS][PBFT]checkAndChangeView: Reach consensus,org_view=22333,org_changeCycle=0,cur_changeCycle=0,to_view=22334
info|2019-11-12 00:27:18.257364|[g:1][CONSENSUS][SEALER]++++++++++++++++ Generating seal on,blkNum=1,tx=0,nodeIdx=2,hash=ba932288...
info|2019-11-12 00:27:18.260043|[g:1][CONSENSUS][PBFT]checkTimeout Succ,view=22334,toView=22335,nodeIdx=2,changeCycle=0,myNode=72961a87...,timecost=0.36
info|2019-11-12 00:27:18.261487|[g:1][CONSENSUS][PBFT]checkAndChangeView: Reach consensus,org_view=22334,org_changeCycle=0,cur_changeCycle=0,to_view=22335
info|2019-11-12 00:27:19.261633|[g:1][CONSENSUS]addRawPrepare,height=1,reqIdx=3,hash=0e1b3233...
info|2019-11-12 00:27:19.262527|[g:1][CONSENSUS][PBFT]checkTimeout Succ,view=22335,toView=22336,nodeIdx=2,changeCycle=0,myNode=72961a87...,timecost=0.728
info|2019-11-12 00:27:19.263994|[g:1][CONSENSUS][PBFT]checkAndChangeView: Reach consensus,org_view=22335,org_changeCycle=0,cur_changeCycle=0,to_view=22336
info|2019-11-12 00:27:20.265769|[g:1][CONSENSUS]addRawPrepare,height=1,reqIdx=0,hash=bc0010a7...
info|2019-11-12 00:27:20.266458|[g:1][CONSENSUS][PBFT]checkTimeout Succ,view=22336,toView=22337,nodeIdx=2,changeCycle=0,myNode=72961a87...,timecost=0.519
info|2019-11-12 00:27:20.268099|[g:1][CONSENSUS][PBFT]checkAndChangeView: Reach consensus,org_view=22336,org_changeCycle=0,cur_changeCycle=0,to_view=22337
info|2019-11-12 00:27:21.270645|[g:1][CONSENSUS]addRawPrepare,height=1,reqIdx=1,hash=bbb09d3b...
info|2019-11-12 00:27:21.272048|[g:1][CONSENSUS][PBFT]checkTimeout Succ,view=22337,toView=22338,nodeIdx=2,changeCycle=0,myNode=72961a87...,timecost=1.275
info|2019-11-12 00:27:21.273519|[g:1][CONSENSUS][PBFT]checkAndChangeView: Reach consensus,org_view=22337,org_changeCycle=0,cur_changeCycle=0,to_view=22338
info|2019-11-12 00:27:22.274085|[g:1][CONSENSUS][SEALER]++++++++++++++++ Generating seal on,blkNum=1,tx=0,nodeIdx=2,hash=dcb1cd01...
info|2019-11-12 00:27:22.275152|[g:1][CONSENSUS][PBFT]checkTimeout Succ,view=22338,toView=22339,nodeIdx=2,changeCycle=0,myNode=72961a87...,timecost=0.542
info|2019-11-12 00:27:22.277553|[g:1][CONSENSUS][PBFT]checkAndChangeView: Reach consensus,org_view=22338,org_changeCycle=0,cur_changeCycle=0,to_view=22339
info|2019-11-12 00:27:23.279544|[g:1][CONSENSUS]addRawPrepare,height=1,reqIdx=3,hash=e500d54c...
info|2019-11-12 00:27:23.280294|[g:1][CONSENSUS][PBFT]checkTimeout Succ,view=22339,toView=22340,nodeIdx=2,changeCycle=0,myNode=72961a87...,timecost=0.579
info|2019-11-12 00:27:23.281724|[g:1][CONSENSUS][PBFT]checkAndChangeView: Reach consensus,org_view=22339,org_changeCycle=0,cur_changeCycle=0,to_view=22340
info|2019-11-12 00:27:24.284218|[g:1][CONSENSUS]addRawPrepare,height=1,reqIdx=0,hash=ab0f0edd...
info|2019-11-12 00:27:24.284917|[g:1][CONSENSUS][PBFT]checkTimeout Succ,view=22340,toView=22341,nodeIdx=2,changeCycle=0,myNode=72961a87...,timecost=0.575
info|2019-11-12 00:27:24.286415|[g:1][CONSENSUS][PBFT]checkAndChangeView: Reach consensus,org_view=22340,org_changeCycle=0,cur_changeCycle=0,to_view=22341
