info|2019-11-14 09:37:19.004028|[P2P][Service] heartBeat,connected count=3
warning|2019-11-14 09:37:19.007897|[g:1][CONSENSUS][PBFT]ViewChangeWarning: not caused by omit empty block ,v=98664,toV=98665,curNum=0,hash=f72cae63...,nodeIdx=2,myNode=72961a87...
info|2019-11-14 09:37:19.008193|[g:1][CONSENSUS][PBFT]checkTimeout Succ,view=98664,toView=98665,nodeIdx=2,changeCycle=1,myNode=72961a87...,timecost=0.721
info|2019-11-14 09:37:19.013385|[g:1][CONSENSUS][PBFT]checkAndChangeView: Reach consensus,org_view=98664,org_changeCycle=1,cur_changeCycle=1,to_view=98665
info|2019-11-14 09:37:20.012672|[g:1][CONSENSUS]addRawPrepare,height=1,reqIdx=1,hash=eb45de6c...
info|2019-11-14 09:37:20.013207|[g:1][CONSENSUS][PBFT]checkTimeout Succ,view=98665,toView=98666,nodeIdx=2,changeCycle=0,myNode=72961a87...,timecost=0.396
info|2019-11-14 09:37:20.014428|[g:1][CONSENSUS][PBFT]checkAndChangeView: Reach consensus,org_view=98665,org_changeCycle=0,cur_changeCycle=0,to_view=98666
info|2019-11-14 09:37:21.014958|[g:1][CONSENSUS][SEALER]++++++++++++++++ Generating seal on,blkNum=1,tx=0,nodeIdx=2,hash=8ebdd676...
info|2019-11-14 09:37:21.015992|[g:1][CONSENSUS][PBFT]checkTimeout Succ,view=98666,toView=98667,nodeIdx=2,changeCycle=0,myNode=72961a87...,timecost=0.522
info|2019-11-14 09:37:21.019026|[g:1][CONSENSUS][PBFT]checkAndChangeView: Reach consensus,org_view=98666,org_changeCycle=0,cur_changeCycle=0,to_view=98667
info|2019-11-14 09:37:22.019999|[g:1][CONSENSUS]addRawPrepare,height=1,reqIdx=3,hash=50f27387...
info|2019-11-14 09:37:22.020505|[g:1][CONSENSUS][PBFT]checkTimeout Succ,view=98667,toView=98668,nodeIdx=2,changeCycle=0,myNode=72961a87...,timecost=0.387
info|2019-11-14 09:37:22.021822|[g:1][CONSENSUS][PBFT]checkAndChangeView: Reach consensus,org_view=98667,org_changeCycle=0,cur_changeCycle=0,to_view=98668
info|2019-11-14 09:37:23.023325|[g:1][CONSENSUS]addRawPrepare,height=1,reqIdx=0,hash=d01c0342...
info|2019-11-14 09:37:23.024030|[g:1][CONSENSUS][PBFT]checkTimeout Succ,view=98668,toView=98669,nodeIdx=2,changeCycle=0,myNode=72961a87...,timecost=0.535
info|2019-11-14 09:37:23.025527|[g:1][CONSENSUS][PBFT]checkAndChangeView: Reach consensus,org_view=98668,org_changeCycle=0,cur_changeCycle=0,to_view=98669
info|2019-11-14 09:37:24.027697|[g:1][CONSENSUS]addRawPrepare,height=1,reqIdx=1,hash=281d38e6...
info|2019-11-14 09:37:24.028441|[g:1][CONSENSUS][PBFT]checkTimeout Succ,view=98669,toView=98670,nodeIdx=2,changeCycle=0,myNode=72961a87...,timecost=0.603
info|2019-11-14 09:37:24.030017|[g:1][CONSENSUS][PBFT]checkAndChangeView: Reach consensus,org_view=98669,org_changeCycle=0,cur_changeCycle=0,to_view=98670
info|2019-11-14 09:37:25.030971|[g:1][CONSENSUS][SEALER]++++++++++++++++ Generating seal on,blkNum=1,tx=0,nodeIdx=2,hash=7593d584...
info|2019-11-14 09:37:25.031918|[g:1][CONSENSUS][PBFT]checkTimeout Succ,view=98670,toView=98671,nodeIdx=2,changeCycle=0,myNode=72961a87...,timecost=0.414
info|2019-11-14 09:37:25.034564|[g:1][CONSENSUS][PBFT]checkAndChangeView: Reach consensus,org_view=98670,org_changeCycle=0,cur_changeCycle=0,to_view=98671
info|2019-11-14 09:37:26.036201|[g:1][CONSENSUS]addRawPrepare,height=1,reqIdx=3,hash=52b8c931...
info|2019-11-14 09:37:26.036950|[g:1][CONSENSUS][PBFT]checkTimeout Succ,view=98671,toView=98672,nodeIdx=2,changeCycle=0,myNode=72961a87...,timecost=0.552
info|2019-11-14 09:37:26.038611|[g:1][CONSENSUS][PBFT]checkAndChangeView: Reach consensus,org_view=98671,org_changeCycle=0,cur_changeCycle=0,to_view=98672
info|2019-11-14 09:37:27.040516|[g:1][CONSENSUS]addRawPrepare,height=1,reqIdx=0,hash=24d555bb...
info|2019-11-14 09:37:27.041162|[g:1][CONSENSUS][PBFT]checkTimeout Succ,view=98672,toView=98673,nodeIdx=2,changeCycle=0,myNode=72961a87...,timecost=0.498
info|2019-11-14 09:37:27.042759|[g:1][CONSENSUS][PBFT]checkAndChangeView: Reach consensus,org_view=98672,org_changeCycle=0,cur_changeCycle=0,to_view=98673
info|2019-11-14 09:37:28.043665|[g:1][CONSENSUS]addRawPrepare,height=1,reqIdx=1,hash=3d18956f...
info|2019-11-14 09:37:28.044250|[g:1][CONSENSUS][PBFT]checkTimeout Succ,view=98673,toView=98674,nodeIdx=2,changeCycle=0,myNode=72961a87...,timecost=0.467
info|2019-11-14 09:37:28.045822|[g:1][CONSENSUS][PBFT]checkAndChangeView: Reach consensus,org_view=98673,org_changeCycle=0,cur_changeCycle=0,to_view=98674
info|2019-11-14 09:37:29.012564|[P2P][Service] heartBeat,connected count=3
info|2019-11-14 09:37:29.046648|[g:1][CONSENSUS][SEALER]++++++++++++++++ Generating seal on,blkNum=1,tx=0,nodeIdx=2,hash=e4fdb48c...
info|2019-11-14 09:37:29.047852|[g:1][CONSENSUS][PBFT]checkTimeout Succ,view=98674,toView=98675,nodeIdx=2,changeCycle=0,myNode=72961a87...,timecost=0.774
info|2019-11-14 09:37:29.050022|[g:1][CONSENSUS][PBFT]checkAndChangeView: Reach consensus,org_view=98674,org_changeCycle=0,cur_changeCycle=0,to_view=98675
info|2019-11-14 09:37:30.052113|[g:1][CONSENSUS]addRawPrepare,height=1,reqIdx=3,hash=3295a9b3...
info|2019-11-14 09:37:30.052752|[g:1][CONSENSUS][PBFT]checkTimeout Succ,view=98675,toView=98676,nodeIdx=2,changeCycle=0,myNode=72961a87...,timecost=0.466
info|2019-11-14 09:37:30.054539|[g:1][CONSENSUS][PBFT]checkAndChangeView: Reach consensus,org_view=98675,org_changeCycle=0,cur_changeCycle=0,to_view=98676
info|2019-11-14 09:37:31.055752|[g:1][CONSENSUS]addRawPrepare,height=1,reqIdx=0,hash=11cfd4bb...
info|2019-11-14 09:37:31.056462|[g:1][CONSENSUS][PBFT]checkTimeout Succ,view=98676,toView=98677,nodeIdx=2,changeCycle=0,myNode=72961a87...,timecost=0.534
info|2019-11-14 09:37:31.057770|[g:1][CONSENSUS][PBFT]checkAndChangeView: Reach consensus,org_view=98676,org_changeCycle=0,cur_changeCycle=0,to_view=98677
info|2019-11-14 09:37:32.058865|[g:1][CONSENSUS]addRawPrepare,height=1,reqIdx=1,hash=e5dc8afb...
info|2019-11-14 09:37:32.059565|[g:1][CONSENSUS][PBFT]checkTimeout Succ,view=98677,toView=98678,nodeIdx=2,changeCycle=0,myNode=72961a87...,timecost=0.562
info|2019-11-14 09:37:32.061196|[g:1][CONSENSUS][PBFT]checkAndChangeView: Reach consensus,org_view=98677,org_changeCycle=0,cur_changeCycle=0,to_view=98678
info|2019-11-14 09:37:33.061582|[g:1][CONSENSUS][SEALER]++++++++++++++++ Generating seal on,blkNum=1,tx=0,nodeIdx=2,hash=d99c5772...
info|2019-11-14 09:37:33.065069|[g:1][CONSENSUS][PBFT]checkTimeout Succ,view=98678,toView=98679,nodeIdx=2,changeCycle=0,myNode=72961a87...,timecost=0.5
info|2019-11-14 09:37:33.065782|[g:1][CONSENSUS][PBFT]checkAndChangeView: Reach consensus,org_view=98678,org_changeCycle=0,cur_changeCycle=0,to_view=98679
info|2019-11-14 09:37:34.067017|[g:1][CONSENSUS]addRawPrepare,height=1,reqIdx=3,hash=5df92d7f...
info|2019-11-14 09:37:34.067798|[g:1][CONSENSUS][PBFT]checkTimeout Succ,view=98679,toView=98680,nodeIdx=2,changeCycle=0,myNode=72961a87...,timecost=0.634
info|2019-11-14 09:37:34.069490|[g:1][CONSENSUS][PBFT]checkAndChangeView: Reach consensus,org_view=98679,org_changeCycle=0,cur_changeCycle=0,to_view=98680
info|2019-11-14 09:37:35.070891|[g:1][CONSENSUS]addRawPrepare,height=1,reqIdx=0,hash=db9a2ebe...
info|2019-11-14 09:37:35.071538|[g:1][CONSENSUS][PBFT]checkTimeout Succ,view=98680,toView=98681,nodeIdx=2,changeCycle=0,myNode=72961a87...,timecost=0.483
info|2019-11-14 09:37:35.072951|[g:1][CONSENSUS][PBFT]checkAndChangeView: Reach consensus,org_view=98680,org_changeCycle=0,cur_changeCycle=0,to_view=98681
info|2019-11-14 09:37:36.075857|[g:1][CONSENSUS]addRawPrepare,height=1,reqIdx=1,hash=101af8ec...
info|2019-11-14 09:37:36.076562|[g:1][CONSENSUS][PBFT]checkTimeout Succ,view=98681,toView=98682,nodeIdx=2,changeCycle=0,myNode=72961a87...,timecost=0.575
info|2019-11-14 09:37:36.078000|[g:1][CONSENSUS][PBFT]checkAndChangeView: Reach consensus,org_view=98681,org_changeCycle=0,cur_changeCycle=0,to_view=98682
info|2019-11-14 09:37:37.079564|[g:1][CONSENSUS][SEALER]++++++++++++++++ Generating seal on,blkNum=1,tx=0,nodeIdx=2,hash=a4c90628...
info|2019-11-14 09:37:37.080512|[g:1][CONSENSUS][PBFT]checkTimeout Succ,view=98682,toView=98683,nodeIdx=2,changeCycle=0,myNode=72961a87...,timecost=0.483
info|2019-11-14 09:37:37.083329|[g:1][CONSENSUS][PBFT]checkAndChangeView: Reach consensus,org_view=98682,org_changeCycle=0,cur_changeCycle=0,to_view=98683
info|2019-11-14 09:37:38.084625|[g:1][CONSENSUS]addRawPrepare,height=1,reqIdx=3,hash=e203fbd6...
info|2019-11-14 09:37:38.085360|[g:1][CONSENSUS][PBFT]checkTimeout Succ,view=98683,toView=98684,nodeIdx=2,changeCycle=0,myNode=72961a87...,timecost=0.537
info|2019-11-14 09:37:38.086828|[g:1][CONSENSUS][PBFT]checkAndChangeView: Reach consensus,org_view=98683,org_changeCycle=0,cur_changeCycle=0,to_view=98684
info|2019-11-14 09:37:39.016000|[P2P][Service] heartBeat,connected count=3
info|2019-11-14 09:37:39.087950|[g:1][CONSENSUS]addRawPrepare,height=1,reqIdx=0,hash=0459e6b0...
info|2019-11-14 09:37:39.088585|[g:1][CONSENSUS][PBFT]checkTimeout Succ,view=98684,toView=98685,nodeIdx=2,changeCycle=0,myNode=72961a87...,timecost=0.497
info|2019-11-14 09:37:39.090638|[g:1][CONSENSUS][PBFT]checkAndChangeView: Reach consensus,org_view=98684,org_changeCycle=0,cur_changeCycle=0,to_view=98685
info|2019-11-14 09:37:40.092720|[g:1][CONSENSUS]addRawPrepare,height=1,reqIdx=1,hash=168fd380...
info|2019-11-14 09:37:40.093548|[g:1][CONSENSUS][PBFT]checkTimeout Succ,view=98685,toView=98686,nodeIdx=2,changeCycle=0,myNode=72961a87...,timecost=0.59
info|2019-11-14 09:37:40.095092|[g:1][CONSENSUS][PBFT]checkAndChangeView: Reach consensus,org_view=98685,org_changeCycle=0,cur_changeCycle=0,to_view=98686
info|2019-11-14 09:37:41.095932|[g:1][CONSENSUS][SEALER]++++++++++++++++ Generating seal on,blkNum=1,tx=0,nodeIdx=2,hash=974053e4...
info|2019-11-14 09:37:41.096851|[g:1][CONSENSUS][PBFT]checkTimeout Succ,view=98686,toView=98687,nodeIdx=2,changeCycle=0,myNode=72961a87...,timecost=0.409
info|2019-11-14 09:37:41.099660|[g:1][CONSENSUS][PBFT]checkAndChangeView: Reach consensus,org_view=98686,org_changeCycle=0,cur_changeCycle=0,to_view=98687
info|2019-11-14 09:37:42.101067|[g:1][CONSENSUS]addRawPrepare,height=1,reqIdx=3,hash=7788d549...
info|2019-11-14 09:37:42.101784|[g:1][CONSENSUS][PBFT]checkTimeout Succ,view=98687,toView=98688,nodeIdx=2,changeCycle=0,myNode=72961a87...,timecost=0.589
info|2019-11-14 09:37:42.103537|[g:1][CONSENSUS][PBFT]checkAndChangeView: Reach consensus,org_view=98687,org_changeCycle=0,cur_changeCycle=0,to_view=98688
info|2019-11-14 09:37:43.105751|[g:1][CONSENSUS]addRawPrepare,height=1,reqIdx=0,hash=fec3d179...
info|2019-11-14 09:37:43.106414|[g:1][CONSENSUS][PBFT]checkTimeout Succ,view=98688,toView=98689,nodeIdx=2,changeCycle=0,myNode=72961a87...,timecost=0.524
info|2019-11-14 09:37:43.107801|[g:1][CONSENSUS][PBFT]checkAndChangeView: Reach consensus,org_view=98688,org_changeCycle=0,cur_changeCycle=0,to_view=98689
info|2019-11-14 09:37:44.109250|[g:1][CONSENSUS]addRawPrepare,height=1,reqIdx=1,hash=3d15bcc4...
info|2019-11-14 09:37:44.110436|[g:1][CONSENSUS][PBFT]checkTimeout Succ,view=98689,toView=98690,nodeIdx=2,changeCycle=0,myNode=72961a87...,timecost=0.995
info|2019-11-14 09:37:44.112048|[g:1][CONSENSUS][PBFT]checkAndChangeView: Reach consensus,org_view=98689,org_changeCycle=0,cur_changeCycle=0,to_view=98690
info|2019-11-14 09:37:45.112529|[g:1][CONSENSUS][SEALER]++++++++++++++++ Generating seal on,blkNum=1,tx=0,nodeIdx=2,hash=01cb260f...
info|2019-11-14 09:37:45.113474|[g:1][CONSENSUS][PBFT]checkTimeout Succ,view=98690,toView=98691,nodeIdx=2,changeCycle=0,myNode=72961a87...,timecost=0.476
info|2019-11-14 09:37:45.116373|[g:1][CONSENSUS][PBFT]checkAndChangeView: Reach consensus,org_view=98690,org_changeCycle=0,cur_changeCycle=0,to_view=98691
info|2019-11-14 09:37:46.117482|[g:1][CONSENSUS]addRawPrepare,height=1,reqIdx=3,hash=a700a172...
info|2019-11-14 09:37:46.118197|[g:1][CONSENSUS][PBFT]checkTimeout Succ,view=98691,toView=98692,nodeIdx=2,changeCycle=0,myNode=72961a87...,timecost=0.54
info|2019-11-14 09:37:46.119691|[g:1][CONSENSUS][PBFT]checkAndChangeView: Reach consensus,org_view=98691,org_changeCycle=0,cur_changeCycle=0,to_view=98692
info|2019-11-14 09:37:47.120583|[g:1][CONSENSUS]addRawPrepare,height=1,reqIdx=0,hash=d0bbcf38...
info|2019-11-14 09:37:47.121225|[g:1][CONSENSUS][PBFT]checkTimeout Succ,view=98692,toView=98693,nodeIdx=2,changeCycle=0,myNode=72961a87...,timecost=0.503
info|2019-11-14 09:37:47.122770|[g:1][CONSENSUS][PBFT]checkAndChangeView: Reach consensus,org_view=98692,org_changeCycle=0,cur_changeCycle=0,to_view=98693
info|2019-11-14 09:37:48.125810|[g:1][CONSENSUS]addRawPrepare,height=1,reqIdx=1,hash=ee3749ea...
info|2019-11-14 09:37:48.126523|[g:1][CONSENSUS][PBFT]checkTimeout Succ,view=98693,toView=98694,nodeIdx=2,changeCycle=0,myNode=72961a87...,timecost=0.53
info|2019-11-14 09:37:48.127897|[g:1][CONSENSUS][PBFT]checkAndChangeView: Reach consensus,org_view=98693,org_changeCycle=0,cur_changeCycle=0,to_view=98694
info|2019-11-14 09:37:49.023209|[P2P][Service] heartBeat,connected count=3
info|2019-11-14 09:37:49.128320|[g:1][CONSENSUS][SEALER]++++++++++++++++ Generating seal on,blkNum=1,tx=0,nodeIdx=2,hash=e1147130...
info|2019-11-14 09:37:49.129373|[g:1][CONSENSUS][PBFT]checkTimeout Succ,view=98694,toView=98695,nodeIdx=2,changeCycle=0,myNode=72961a87...,timecost=0.596
info|2019-11-14 09:37:49.131976|[g:1][CONSENSUS][PBFT]checkAndChangeView: Reach consensus,org_view=98694,org_changeCycle=0,cur_changeCycle=0,to_view=98695
info|2019-11-14 09:37:50.134313|[g:1][CONSENSUS]addRawPrepare,height=1,reqIdx=3,hash=5403f766...
info|2019-11-14 09:37:50.134952|[g:1][CONSENSUS][PBFT]checkTimeout Succ,view=98695,toView=98696,nodeIdx=2,changeCycle=0,myNode=72961a87...,timecost=0.48
info|2019-11-14 09:37:50.136420|[g:1][CONSENSUS][PBFT]checkAndChangeView: Reach consensus,org_view=98695,org_changeCycle=0,cur_changeCycle=0,to_view=98696
info|2019-11-14 09:37:51.137809|[g:1][CONSENSUS]addRawPrepare,height=1,reqIdx=0,hash=111f5fef...
info|2019-11-14 09:37:51.138372|[g:1][CONSENSUS][PBFT]checkTimeout Succ,view=98696,toView=98697,nodeIdx=2,changeCycle=0,myNode=72961a87...,timecost=0.449
info|2019-11-14 09:37:51.139642|[g:1][CONSENSUS][PBFT]checkAndChangeView: Reach consensus,org_view=98696,org_changeCycle=0,cur_changeCycle=0,to_view=98697
info|2019-11-14 09:37:52.141783|[g:1][CONSENSUS]addRawPrepare,height=1,reqIdx=1,hash=cb0caa36...
info|2019-11-14 09:37:52.142485|[g:1][CONSENSUS][PBFT]checkTimeout Succ,view=98697,toView=98698,nodeIdx=2,changeCycle=0,myNode=72961a87...,timecost=0.542
info|2019-11-14 09:37:52.144170|[g:1][CONSENSUS][PBFT]checkAndChangeView: Reach consensus,org_view=98697,org_changeCycle=0,cur_changeCycle=0,to_view=98698
info|2019-11-14 09:37:53.145507|[g:1][CONSENSUS][SEALER]++++++++++++++++ Generating seal on,blkNum=1,tx=0,nodeIdx=2,hash=503a46f7...
info|2019-11-14 09:37:53.146486|[g:1][CONSENSUS][PBFT]checkTimeout Succ,view=98698,toView=98699,nodeIdx=2,changeCycle=0,myNode=72961a87...,timecost=0.498
info|2019-11-14 09:37:53.148898|[g:1][CONSENSUS][PBFT]checkAndChangeView: Reach consensus,org_view=98698,org_changeCycle=0,cur_changeCycle=0,to_view=98699
info|2019-11-14 09:37:54.150518|[g:1][CONSENSUS]addRawPrepare,height=1,reqIdx=3,hash=a8535225...
info|2019-11-14 09:37:54.151545|[g:1][CONSENSUS][PBFT]checkTimeout Succ,view=98699,toView=98700,nodeIdx=2,changeCycle=0,myNode=72961a87...,timecost=0.862
info|2019-11-14 09:37:54.153156|[g:1][CONSENSUS][PBFT]checkAndChangeView: Reach consensus,org_view=98699,org_changeCycle=0,cur_changeCycle=0,to_view=98700
info|2019-11-14 09:37:55.155128|[g:1][CONSENSUS]addRawPrepare,height=1,reqIdx=0,hash=3d4ee433...
info|2019-11-14 09:37:55.155716|[g:1][CONSENSUS][PBFT]checkTimeout Succ,view=98700,toView=98701,nodeIdx=2,changeCycle=0,myNode=72961a87...,timecost=0.468
info|2019-11-14 09:37:55.157276|[g:1][CONSENSUS][PBFT]checkAndChangeView: Reach consensus,org_view=98700,org_changeCycle=0,cur_changeCycle=0,to_view=98701
info|2019-11-14 09:37:56.158635|[g:1][CONSENSUS]addRawPrepare,height=1,reqIdx=1,hash=753f4191...
info|2019-11-14 09:37:56.159372|[g:1][CONSENSUS][PBFT]checkTimeout Succ,view=98701,toView=98702,nodeIdx=2,changeCycle=0,myNode=72961a87...,timecost=0.662
info|2019-11-14 09:37:56.161093|[g:1][CONSENSUS][PBFT]checkAndChangeView: Reach consensus,org_view=98701,org_changeCycle=0,cur_changeCycle=0,to_view=98702
info|2019-11-14 09:37:57.162607|[g:1][CONSENSUS][SEALER]++++++++++++++++ Generating seal on,blkNum=1,tx=0,nodeIdx=2,hash=6eb0feea...
info|2019-11-14 09:37:57.163496|[g:1][CONSENSUS][PBFT]checkTimeout Succ,view=98702,toView=98703,nodeIdx=2,changeCycle=0,myNode=72961a87...,timecost=0.455
info|2019-11-14 09:37:57.165941|[g:1][CONSENSUS][PBFT]checkAndChangeView: Reach consensus,org_view=98702,org_changeCycle=0,cur_changeCycle=0,to_view=98703
info|2019-11-14 09:37:58.167774|[g:1][CONSENSUS]addRawPrepare,height=1,reqIdx=3,hash=2cb20400...
info|2019-11-14 09:37:58.168394|[g:1][CONSENSUS][PBFT]checkTimeout Succ,view=98703,toView=98704,nodeIdx=2,changeCycle=0,myNode=72961a87...,timecost=0.509
info|2019-11-14 09:37:58.170051|[g:1][CONSENSUS][PBFT]checkAndChangeView: Reach consensus,org_view=98703,org_changeCycle=0,cur_changeCycle=0,to_view=98704
info|2019-11-14 09:37:59.032199|[P2P][Service] heartBeat,connected count=3
info|2019-11-14 09:37:59.172249|[g:1][CONSENSUS]addRawPrepare,height=1,reqIdx=0,hash=efd4a0f1...
info|2019-11-14 09:37:59.172917|[g:1][CONSENSUS][PBFT]checkTimeout Succ,view=98704,toView=98705,nodeIdx=2,changeCycle=0,myNode=72961a87...,timecost=0.488
info|2019-11-14 09:37:59.174573|[g:1][CONSENSUS][PBFT]checkAndChangeView: Reach consensus,org_view=98704,org_changeCycle=0,cur_changeCycle=0,to_view=98705
