info|2019-12-11 04:27:27.003428|[P2P][Service] heartBeat,connected count=3
warning|2019-12-11 04:27:27.008566|[g:1][CONSENSUS][PBFT]ViewChangeWarning: not caused by omit empty block ,v=16275,toV=16276,curNum=5,hash=a9fec021...,nodeIdx=2,myNode=72961a87...
info|2019-12-11 04:27:27.009273|[g:1][CONSENSUS][PBFT]checkTimeout Succ,view=16275,toView=16276,nodeIdx=2,changeCycle=1,myNode=72961a87...,timecost=4.05
info|2019-12-11 04:27:27.011327|[g:1][CONSENSUS][PBFT]checkAndChangeView: Reach consensus,org_view=16275,org_changeCycle=1,cur_changeCycle=1,to_view=16276
info|2019-12-11 04:27:28.012165|[g:1][CONSENSUS]addRawPrepare,height=6,reqIdx=1,hash=e6760850...
info|2019-12-11 04:27:28.012643|[g:1][CONSENSUS][PBFT]checkTimeout Succ,view=16276,toView=16277,nodeIdx=2,changeCycle=0,myNode=72961a87...,timecost=0.343
info|2019-12-11 04:27:28.013706|[g:1][CONSENSUS][PBFT]checkAndChangeView: Reach consensus,org_view=16276,org_changeCycle=0,cur_changeCycle=0,to_view=16277
info|2019-12-11 04:27:29.014454|[g:1][CONSENSUS][SEALER]++++++++++++++++ Generating seal on,blkNum=6,tx=0,nodeIdx=2,hash=3aeea85c...
info|2019-12-11 04:27:29.015042|[g:1][CONSENSUS][PBFT]checkTimeout Succ,view=16277,toView=16278,nodeIdx=2,changeCycle=0,myNode=72961a87...,timecost=0.305
info|2019-12-11 04:27:29.016918|[g:1][CONSENSUS][PBFT]checkAndChangeView: Reach consensus,org_view=16277,org_changeCycle=0,cur_changeCycle=0,to_view=16278
info|2019-12-11 04:27:30.018737|[g:1][CONSENSUS]addRawPrepare,height=6,reqIdx=3,hash=c199de1f...
info|2019-12-11 04:27:30.019221|[g:1][CONSENSUS][PBFT]checkTimeout Succ,view=16278,toView=16279,nodeIdx=2,changeCycle=0,myNode=72961a87...,timecost=0.357
info|2019-12-11 04:27:30.020283|[g:1][CONSENSUS][PBFT]checkAndChangeView: Reach consensus,org_view=16278,org_changeCycle=0,cur_changeCycle=0,to_view=16279
info|2019-12-11 04:27:31.021832|[g:1][CONSENSUS]addRawPrepare,height=6,reqIdx=0,hash=9e8ddf97...
info|2019-12-11 04:27:31.022477|[g:1][CONSENSUS][PBFT]checkTimeout Succ,view=16279,toView=16280,nodeIdx=2,changeCycle=0,myNode=72961a87...,timecost=0.476
info|2019-12-11 04:27:31.024040|[g:1][CONSENSUS][PBFT]checkAndChangeView: Reach consensus,org_view=16279,org_changeCycle=0,cur_changeCycle=0,to_view=16280
info|2019-12-11 04:27:32.025476|[g:1][CONSENSUS]addRawPrepare,height=6,reqIdx=1,hash=f93733cc...
info|2019-12-11 04:27:32.025985|[g:1][CONSENSUS][PBFT]checkTimeout Succ,view=16280,toView=16281,nodeIdx=2,changeCycle=0,myNode=72961a87...,timecost=0.414
info|2019-12-11 04:27:32.027369|[g:1][CONSENSUS][PBFT]checkAndChangeView: Reach consensus,org_view=16280,org_changeCycle=0,cur_changeCycle=0,to_view=16281
info|2019-12-11 04:27:33.027333|[g:1][CONSENSUS][SEALER]++++++++++++++++ Generating seal on,blkNum=6,tx=0,nodeIdx=2,hash=1e57ec06...
info|2019-12-11 04:27:33.028015|[g:1][CONSENSUS][PBFT]checkTimeout Succ,view=16281,toView=16282,nodeIdx=2,changeCycle=0,myNode=72961a87...,timecost=0.381
info|2019-12-11 04:27:33.029981|[g:1][CONSENSUS][PBFT]checkAndChangeView: Reach consensus,org_view=16281,org_changeCycle=0,cur_changeCycle=0,to_view=16282
info|2019-12-11 04:27:34.032117|[g:1][CONSENSUS]addRawPrepare,height=6,reqIdx=3,hash=ceb44ab7...
info|2019-12-11 04:27:34.032877|[g:1][CONSENSUS][PBFT]checkTimeout Succ,view=16282,toView=16283,nodeIdx=2,changeCycle=0,myNode=72961a87...,timecost=0.625
info|2019-12-11 04:27:34.034175|[g:1][CONSENSUS][PBFT]checkAndChangeView: Reach consensus,org_view=16282,org_changeCycle=0,cur_changeCycle=0,to_view=16283
info|2019-12-11 04:27:35.035458|[g:1][CONSENSUS]addRawPrepare,height=6,reqIdx=0,hash=44bd1976...
info|2019-12-11 04:27:35.036120|[g:1][CONSENSUS][PBFT]checkTimeout Succ,view=16283,toView=16284,nodeIdx=2,changeCycle=0,myNode=72961a87...,timecost=0.534
info|2019-12-11 04:27:35.037849|[g:1][CONSENSUS][PBFT]checkAndChangeView: Reach consensus,org_view=16283,org_changeCycle=0,cur_changeCycle=0,to_view=16284
info|2019-12-11 04:27:36.040386|[g:1][CONSENSUS]addRawPrepare,height=6,reqIdx=1,hash=e5842652...
info|2019-12-11 04:27:36.041149|[g:1][CONSENSUS][PBFT]checkTimeout Succ,view=16284,toView=16285,nodeIdx=2,changeCycle=0,myNode=72961a87...,timecost=0.668
info|2019-12-11 04:27:36.042613|[g:1][CONSENSUS][PBFT]checkAndChangeView: Reach consensus,org_view=16284,org_changeCycle=0,cur_changeCycle=0,to_view=16285
info|2019-12-11 04:27:37.011989|[P2P][Service] heartBeat,connected count=3
info|2019-12-11 04:27:37.042605|[g:1][CONSENSUS][SEALER]++++++++++++++++ Generating seal on,blkNum=6,tx=0,nodeIdx=2,hash=e4dc2e9a...
info|2019-12-11 04:27:37.043697|[g:1][CONSENSUS][PBFT]checkTimeout Succ,view=16285,toView=16286,nodeIdx=2,changeCycle=0,myNode=72961a87...,timecost=0.637
info|2019-12-11 04:27:37.046488|[g:1][CONSENSUS][PBFT]checkAndChangeView: Reach consensus,org_view=16285,org_changeCycle=0,cur_changeCycle=0,to_view=16286
info|2019-12-11 04:27:38.047393|[g:1][CONSENSUS]addRawPrepare,height=6,reqIdx=3,hash=9bf84927...
info|2019-12-11 04:27:38.047921|[g:1][CONSENSUS][PBFT]checkTimeout Succ,view=16286,toView=16287,nodeIdx=2,changeCycle=0,myNode=72961a87...,timecost=0.402
info|2019-12-11 04:27:38.049298|[g:1][CONSENSUS][PBFT]checkAndChangeView: Reach consensus,org_view=16286,org_changeCycle=0,cur_changeCycle=0,to_view=16287
info|2019-12-11 04:27:39.051108|[g:1][CONSENSUS]addRawPrepare,height=6,reqIdx=0,hash=25364479...
info|2019-12-11 04:27:39.051762|[g:1][CONSENSUS][PBFT]checkTimeout Succ,view=16287,toView=16288,nodeIdx=2,changeCycle=0,myNode=72961a87...,timecost=0.492
info|2019-12-11 04:27:39.053211|[g:1][CONSENSUS][PBFT]checkAndChangeView: Reach consensus,org_view=16287,org_changeCycle=0,cur_changeCycle=0,to_view=16288
info|2019-12-11 04:27:40.055980|[g:1][CONSENSUS]addRawPrepare,height=6,reqIdx=1,hash=8ccf967a...
info|2019-12-11 04:27:40.056620|[g:1][CONSENSUS][PBFT]checkTimeout Succ,view=16288,toView=16289,nodeIdx=2,changeCycle=0,myNode=72961a87...,timecost=0.495
info|2019-12-11 04:27:40.058162|[g:1][CONSENSUS][PBFT]checkAndChangeView: Reach consensus,org_view=16288,org_changeCycle=0,cur_changeCycle=0,to_view=16289
info|2019-12-11 04:27:41.058726|[g:1][CONSENSUS][SEALER]++++++++++++++++ Generating seal on,blkNum=6,tx=0,nodeIdx=2,hash=bae26d8e...
info|2019-12-11 04:27:41.059697|[g:1][CONSENSUS][PBFT]checkTimeout Succ,view=16289,toView=16290,nodeIdx=2,changeCycle=0,myNode=72961a87...,timecost=0.502
info|2019-12-11 04:27:41.062246|[g:1][CONSENSUS][PBFT]checkAndChangeView: Reach consensus,org_view=16289,org_changeCycle=0,cur_changeCycle=0,to_view=16290
info|2019-12-11 04:27:42.063753|[g:1][CONSENSUS]addRawPrepare,height=6,reqIdx=3,hash=51641e23...
info|2019-12-11 04:27:42.064389|[g:1][CONSENSUS][PBFT]checkTimeout Succ,view=16290,toView=16291,nodeIdx=2,changeCycle=0,myNode=72961a87...,timecost=0.538
info|2019-12-11 04:27:42.066546|[g:1][CONSENSUS][PBFT]checkAndChangeView: Reach consensus,org_view=16290,org_changeCycle=0,cur_changeCycle=0,to_view=16291
info|2019-12-11 04:27:43.067699|[g:1][CONSENSUS]addRawPrepare,height=6,reqIdx=0,hash=9df83b7a...
info|2019-12-11 04:27:43.068391|[g:1][CONSENSUS][PBFT]checkTimeout Succ,view=16291,toView=16292,nodeIdx=2,changeCycle=0,myNode=72961a87...,timecost=0.535
info|2019-12-11 04:27:43.069752|[g:1][CONSENSUS][PBFT]checkAndChangeView: Reach consensus,org_view=16291,org_changeCycle=0,cur_changeCycle=0,to_view=16292
info|2019-12-11 04:27:44.072550|[g:1][CONSENSUS]addRawPrepare,height=6,reqIdx=1,hash=7c5c2c64...
info|2019-12-11 04:27:44.073227|[g:1][CONSENSUS][PBFT]checkTimeout Succ,view=16292,toView=16293,nodeIdx=2,changeCycle=0,myNode=72961a87...,timecost=0.552
info|2019-12-11 04:27:44.074944|[g:1][CONSENSUS][PBFT]checkAndChangeView: Reach consensus,org_view=16292,org_changeCycle=0,cur_changeCycle=0,to_view=16293
info|2019-12-11 04:27:45.075707|[g:1][CONSENSUS][SEALER]++++++++++++++++ Generating seal on,blkNum=6,tx=0,nodeIdx=2,hash=7debb589...
info|2019-12-11 04:27:45.078251|[g:1][CONSENSUS][PBFT]checkTimeout Succ,view=16293,toView=16294,nodeIdx=2,changeCycle=0,myNode=72961a87...,timecost=0.451
info|2019-12-11 04:27:45.079791|[g:1][CONSENSUS][PBFT]checkAndChangeView: Reach consensus,org_view=16293,org_changeCycle=0,cur_changeCycle=0,to_view=16294
info|2019-12-11 04:27:46.081598|[g:1][CONSENSUS]addRawPrepare,height=6,reqIdx=3,hash=6adc0d94...
info|2019-12-11 04:27:46.082172|[g:1][CONSENSUS][PBFT]checkTimeout Succ,view=16294,toView=16295,nodeIdx=2,changeCycle=0,myNode=72961a87...,timecost=0.441
info|2019-12-11 04:27:46.083653|[g:1][CONSENSUS][PBFT]checkAndChangeView: Reach consensus,org_view=16294,org_changeCycle=0,cur_changeCycle=0,to_view=16295
info|2019-12-11 04:27:47.017163|[P2P][Service] heartBeat,connected count=3
info|2019-12-11 04:27:47.085153|[g:1][CONSENSUS]addRawPrepare,height=6,reqIdx=0,hash=a542bc47...
info|2019-12-11 04:27:47.085731|[g:1][CONSENSUS][PBFT]checkTimeout Succ,view=16295,toView=16296,nodeIdx=2,changeCycle=0,myNode=72961a87...,timecost=0.422
info|2019-12-11 04:27:47.087276|[g:1][CONSENSUS][PBFT]checkAndChangeView: Reach consensus,org_view=16295,org_changeCycle=0,cur_changeCycle=0,to_view=16296
info|2019-12-11 04:27:48.089886|[g:1][CONSENSUS]addRawPrepare,height=6,reqIdx=1,hash=d315082d...
info|2019-12-11 04:27:48.090588|[g:1][CONSENSUS][PBFT]checkTimeout Succ,view=16296,toView=16297,nodeIdx=2,changeCycle=0,myNode=72961a87...,timecost=0.57
info|2019-12-11 04:27:48.092411|[g:1][CONSENSUS][PBFT]checkAndChangeView: Reach consensus,org_view=16296,org_changeCycle=0,cur_changeCycle=0,to_view=16297
info|2019-12-11 04:27:49.092360|[g:1][CONSENSUS][SEALER]++++++++++++++++ Generating seal on,blkNum=6,tx=0,nodeIdx=2,hash=cd7b47ce...
info|2019-12-11 04:27:49.094842|[g:1][CONSENSUS][PBFT]checkTimeout Succ,view=16297,toView=16298,nodeIdx=2,changeCycle=0,myNode=72961a87...,timecost=0.378
info|2019-12-11 04:27:49.095421|[g:1][CONSENSUS][PBFT]checkAndChangeView: Reach consensus,org_view=16297,org_changeCycle=0,cur_changeCycle=0,to_view=16298
info|2019-12-11 04:27:50.097430|[g:1][CONSENSUS]addRawPrepare,height=6,reqIdx=3,hash=179ae21d...
info|2019-12-11 04:27:50.098079|[g:1][CONSENSUS][PBFT]checkTimeout Succ,view=16298,toView=16299,nodeIdx=2,changeCycle=0,myNode=72961a87...,timecost=0.457
info|2019-12-11 04:27:50.099442|[g:1][CONSENSUS][PBFT]checkAndChangeView: Reach consensus,org_view=16298,org_changeCycle=0,cur_changeCycle=0,to_view=16299
info|2019-12-11 04:27:51.100980|[g:1][CONSENSUS]addRawPrepare,height=6,reqIdx=0,hash=945ba781...
info|2019-12-11 04:27:51.101680|[g:1][CONSENSUS][PBFT]checkTimeout Succ,view=16299,toView=16300,nodeIdx=2,changeCycle=0,myNode=72961a87...,timecost=0.575
info|2019-12-11 04:27:51.103344|[g:1][CONSENSUS][PBFT]checkAndChangeView: Reach consensus,org_view=16299,org_changeCycle=0,cur_changeCycle=0,to_view=16300
info|2019-12-11 04:27:52.105354|[g:1][CONSENSUS]addRawPrepare,height=6,reqIdx=1,hash=6aea508d...
info|2019-12-11 04:27:52.106194|[g:1][CONSENSUS][PBFT]checkTimeout Succ,view=16300,toView=16301,nodeIdx=2,changeCycle=0,myNode=72961a87...,timecost=0.714
info|2019-12-11 04:27:52.107840|[g:1][CONSENSUS][PBFT]checkAndChangeView: Reach consensus,org_view=16300,org_changeCycle=0,cur_changeCycle=0,to_view=16301
info|2019-12-11 04:27:53.107899|[g:1][CONSENSUS][SEALER]++++++++++++++++ Generating seal on,blkNum=6,tx=0,nodeIdx=2,hash=7012efeb...
info|2019-12-11 04:27:53.111102|[g:1][CONSENSUS][PBFT]checkTimeout Succ,view=16301,toView=16302,nodeIdx=2,changeCycle=0,myNode=72961a87...,timecost=0.482
info|2019-12-11 04:27:53.111839|[g:1][CONSENSUS][PBFT]checkAndChangeView: Reach consensus,org_view=16301,org_changeCycle=0,cur_changeCycle=0,to_view=16302
info|2019-12-11 04:27:54.112173|[g:1][CONSENSUS]addRawPrepare,height=6,reqIdx=3,hash=bf4b0eb5...
info|2019-12-11 04:27:54.112625|[g:1][CONSENSUS][PBFT]checkTimeout Succ,view=16302,toView=16303,nodeIdx=2,changeCycle=0,myNode=72961a87...,timecost=0.33
info|2019-12-11 04:27:54.113666|[g:1][CONSENSUS][PBFT]checkAndChangeView: Reach consensus,org_view=16302,org_changeCycle=0,cur_changeCycle=0,to_view=16303
info|2019-12-11 04:27:55.115841|[g:1][CONSENSUS]addRawPrepare,height=6,reqIdx=0,hash=b11dee0f...
info|2019-12-11 04:27:55.116448|[g:1][CONSENSUS][PBFT]checkTimeout Succ,view=16303,toView=16304,nodeIdx=2,changeCycle=0,myNode=72961a87...,timecost=0.486
info|2019-12-11 04:27:55.117770|[g:1][CONSENSUS][PBFT]checkAndChangeView: Reach consensus,org_view=16303,org_changeCycle=0,cur_changeCycle=0,to_view=16304
info|2019-12-11 04:27:56.119788|[g:1][CONSENSUS]addRawPrepare,height=6,reqIdx=1,hash=95960a2b...
info|2019-12-11 04:27:56.120451|[g:1][CONSENSUS][PBFT]checkTimeout Succ,view=16304,toView=16305,nodeIdx=2,changeCycle=0,myNode=72961a87...,timecost=0.525
info|2019-12-11 04:27:56.121801|[g:1][CONSENSUS][PBFT]checkAndChangeView: Reach consensus,org_view=16304,org_changeCycle=0,cur_changeCycle=0,to_view=16305
info|2019-12-11 04:27:57.023064|[P2P][Service] heartBeat,connected count=3
info|2019-12-11 04:27:57.122085|[g:1][CONSENSUS][SEALER]++++++++++++++++ Generating seal on,blkNum=6,tx=0,nodeIdx=2,hash=e269da2f...
info|2019-12-11 04:27:57.125122|[g:1][CONSENSUS][PBFT]checkTimeout Succ,view=16305,toView=16306,nodeIdx=2,changeCycle=0,myNode=72961a87...,timecost=0.535
info|2019-12-11 04:27:57.126648|[g:1][CONSENSUS][PBFT]checkAndChangeView: Reach consensus,org_view=16305,org_changeCycle=0,cur_changeCycle=0,to_view=16306
info|2019-12-11 04:27:58.127610|[g:1][CONSENSUS]addRawPrepare,height=6,reqIdx=3,hash=e05338ed...
info|2019-12-11 04:27:58.128369|[g:1][CONSENSUS][PBFT]checkTimeout Succ,view=16306,toView=16307,nodeIdx=2,changeCycle=0,myNode=72961a87...,timecost=0.664
info|2019-12-11 04:27:58.129872|[g:1][CONSENSUS][PBFT]checkAndChangeView: Reach consensus,org_view=16306,org_changeCycle=0,cur_changeCycle=0,to_view=16307
info|2019-12-11 04:27:59.131285|[g:1][CONSENSUS]addRawPrepare,height=6,reqIdx=0,hash=a396babd...
info|2019-12-11 04:27:59.132002|[g:1][CONSENSUS][PBFT]checkTimeout Succ,view=16307,toView=16308,nodeIdx=2,changeCycle=0,myNode=72961a87...,timecost=0.548
info|2019-12-11 04:27:59.133420|[g:1][CONSENSUS][PBFT]checkAndChangeView: Reach consensus,org_view=16307,org_changeCycle=0,cur_changeCycle=0,to_view=16308
info|2019-12-11 04:28:00.134887|[g:1][CONSENSUS]addRawPrepare,height=6,reqIdx=1,hash=e5ce03f3...
info|2019-12-11 04:28:00.135398|[g:1][CONSENSUS][PBFT]checkTimeout Succ,view=16308,toView=16309,nodeIdx=2,changeCycle=0,myNode=72961a87...,timecost=0.393
info|2019-12-11 04:28:00.136740|[g:1][CONSENSUS][PBFT]checkAndChangeView: Reach consensus,org_view=16308,org_changeCycle=0,cur_changeCycle=0,to_view=16309
info|2019-12-11 04:28:01.136617|[g:1][CONSENSUS][SEALER]++++++++++++++++ Generating seal on,blkNum=6,tx=0,nodeIdx=2,hash=5f8589f7...
info|2019-12-11 04:28:01.137648|[g:1][CONSENSUS][PBFT]checkTimeout Succ,view=16309,toView=16310,nodeIdx=2,changeCycle=0,myNode=72961a87...,timecost=0.515
info|2019-12-11 04:28:01.140148|[g:1][CONSENSUS][PBFT]checkAndChangeView: Reach consensus,org_view=16309,org_changeCycle=0,cur_changeCycle=0,to_view=16310
info|2019-12-11 04:28:02.142273|[g:1][CONSENSUS]addRawPrepare,height=6,reqIdx=3,hash=e59b3048...
info|2019-12-11 04:28:02.142960|[g:1][CONSENSUS][PBFT]checkTimeout Succ,view=16310,toView=16311,nodeIdx=2,changeCycle=0,myNode=72961a87...,timecost=0.541
info|2019-12-11 04:28:02.144515|[g:1][CONSENSUS][PBFT]checkAndChangeView: Reach consensus,org_view=16310,org_changeCycle=0,cur_changeCycle=0,to_view=16311
info|2019-12-11 04:28:03.145885|[g:1][CONSENSUS]addRawPrepare,height=6,reqIdx=0,hash=8b753f3d...
info|2019-12-11 04:28:03.146556|[g:1][CONSENSUS][PBFT]checkTimeout Succ,view=16311,toView=16312,nodeIdx=2,changeCycle=0,myNode=72961a87...,timecost=0.538
info|2019-12-11 04:28:03.148005|[g:1][CONSENSUS][PBFT]checkAndChangeView: Reach consensus,org_view=16311,org_changeCycle=0,cur_changeCycle=0,to_view=16312
info|2019-12-11 04:28:04.150827|[g:1][CONSENSUS]addRawPrepare,height=6,reqIdx=1,hash=25b8c7f5...
info|2019-12-11 04:28:04.151462|[g:1][CONSENSUS][PBFT]checkTimeout Succ,view=16312,toView=16313,nodeIdx=2,changeCycle=0,myNode=72961a87...,timecost=0.503
info|2019-12-11 04:28:04.153151|[g:1][CONSENSUS][PBFT]checkAndChangeView: Reach consensus,org_view=16312,org_changeCycle=0,cur_changeCycle=0,to_view=16313
info|2019-12-11 04:28:05.153434|[g:1][CONSENSUS][SEALER]++++++++++++++++ Generating seal on,blkNum=6,tx=0,nodeIdx=2,hash=99227bf1...
info|2019-12-11 04:28:05.156137|[g:1][CONSENSUS][PBFT]checkTimeout Succ,view=16313,toView=16314,nodeIdx=2,changeCycle=0,myNode=72961a87...,timecost=0.522
info|2019-12-11 04:28:05.157485|[g:1][CONSENSUS][PBFT]checkAndChangeView: Reach consensus,org_view=16313,org_changeCycle=0,cur_changeCycle=0,to_view=16314
info|2019-12-11 04:28:06.159335|[g:1][CONSENSUS]addRawPrepare,height=6,reqIdx=3,hash=bd608592...
info|2019-12-11 04:28:06.159982|[g:1][CONSENSUS][PBFT]checkTimeout Succ,view=16314,toView=16315,nodeIdx=2,changeCycle=0,myNode=72961a87...,timecost=0.488
info|2019-12-11 04:28:06.161441|[g:1][CONSENSUS][PBFT]checkAndChangeView: Reach consensus,org_view=16314,org_changeCycle=0,cur_changeCycle=0,to_view=16315
info|2019-12-11 04:28:07.031160|[P2P][Service] heartBeat,connected count=3
info|2019-12-11 04:28:07.163345|[g:1][CONSENSUS]addRawPrepare,height=6,reqIdx=0,hash=a4f255bf...
info|2019-12-11 04:28:07.164549|[g:1][CONSENSUS][PBFT]checkTimeout Succ,view=16315,toView=16316,nodeIdx=2,changeCycle=0,myNode=72961a87...,timecost=1.036
info|2019-12-11 04:28:07.166153|[g:1][CONSENSUS][PBFT]checkAndChangeView: Reach consensus,org_view=16315,org_changeCycle=0,cur_changeCycle=0,to_view=16316
info|2019-12-11 04:28:08.167265|[g:1][CONSENSUS]addRawPrepare,height=6,reqIdx=1,hash=54eddbf9...
info|2019-12-11 04:28:08.167862|[g:1][CONSENSUS][PBFT]checkTimeout Succ,view=16316,toView=16317,nodeIdx=2,changeCycle=0,myNode=72961a87...,timecost=0.451
info|2019-12-11 04:28:08.169371|[g:1][CONSENSUS][PBFT]checkAndChangeView: Reach consensus,org_view=16316,org_changeCycle=0,cur_changeCycle=0,to_view=16317
info|2019-12-11 04:28:09.170658|[g:1][CONSENSUS][SEALER]++++++++++++++++ Generating seal on,blkNum=6,tx=0,nodeIdx=2,hash=22894485...
info|2019-12-11 04:28:09.171670|[g:1][CONSENSUS][PBFT]checkTimeout Succ,view=16317,toView=16318,nodeIdx=2,changeCycle=0,myNode=72961a87...,timecost=0.531
info|2019-12-11 04:28:09.174366|[g:1][CONSENSUS][PBFT]checkAndChangeView: Reach consensus,org_view=16317,org_changeCycle=0,cur_changeCycle=0,to_view=16318
info|2019-12-11 04:28:10.175906|[g:1][CONSENSUS]addRawPrepare,height=6,reqIdx=3,hash=2904c472...
info|2019-12-11 04:28:10.176645|[g:1][CONSENSUS][PBFT]checkTimeout Succ,view=16318,toView=16319,nodeIdx=2,changeCycle=0,myNode=72961a87...,timecost=0.591
info|2019-12-11 04:28:10.178078|[g:1][CONSENSUS][PBFT]checkAndChangeView: Reach consensus,org_view=16318,org_changeCycle=0,cur_changeCycle=0,to_view=16319
info|2019-12-11 04:28:11.179737|[g:1][CONSENSUS]addRawPrepare,height=6,reqIdx=0,hash=975732ed...
info|2019-12-11 04:28:11.180409|[g:1][CONSENSUS][PBFT]checkTimeout Succ,view=16319,toView=16320,nodeIdx=2,changeCycle=0,myNode=72961a87...,timecost=0.527
info|2019-12-11 04:28:11.181974|[g:1][CONSENSUS][PBFT]checkAndChangeView: Reach consensus,org_view=16319,org_changeCycle=0,cur_changeCycle=0,to_view=16320
info|2019-12-11 04:28:12.183726|[g:1][CONSENSUS]addRawPrepare,height=6,reqIdx=1,hash=ebb840cb...
info|2019-12-11 04:28:12.184306|[g:1][CONSENSUS][PBFT]checkTimeout Succ,view=16320,toView=16321,nodeIdx=2,changeCycle=0,myNode=72961a87...,timecost=0.456
info|2019-12-11 04:28:12.185815|[g:1][CONSENSUS][PBFT]checkAndChangeView: Reach consensus,org_view=16320,org_changeCycle=0,cur_changeCycle=0,to_view=16321
info|2019-12-11 04:28:13.185302|[g:1][CONSENSUS][SEALER]++++++++++++++++ Generating seal on,blkNum=6,tx=0,nodeIdx=2,hash=9781c1b3...
info|2019-12-11 04:28:13.188496|[g:1][CONSENSUS][PBFT]checkTimeout Succ,view=16321,toView=16322,nodeIdx=2,changeCycle=0,myNode=72961a87...,timecost=0.542
info|2019-12-11 04:28:13.189343|[g:1][CONSENSUS][PBFT]checkAndChangeView: Reach consensus,org_view=16321,org_changeCycle=0,cur_changeCycle=0,to_view=16322
info|2019-12-11 04:28:14.189693|[g:1][CONSENSUS]addRawPrepare,height=6,reqIdx=3,hash=f31383c9...
info|2019-12-11 04:28:14.190330|[g:1][CONSENSUS][PBFT]checkTimeout Succ,view=16322,toView=16323,nodeIdx=2,changeCycle=0,myNode=72961a87...,timecost=0.473
info|2019-12-11 04:28:14.191951|[g:1][CONSENSUS][PBFT]checkAndChangeView: Reach consensus,org_view=16322,org_changeCycle=0,cur_changeCycle=0,to_view=16323
info|2019-12-11 04:28:15.194930|[g:1][CONSENSUS]addRawPrepare,height=6,reqIdx=0,hash=605b20d0...
info|2019-12-11 04:28:15.195555|[g:1][CONSENSUS][PBFT]checkTimeout Succ,view=16323,toView=16324,nodeIdx=2,changeCycle=0,myNode=72961a87...,timecost=0.482
info|2019-12-11 04:28:15.197322|[g:1][CONSENSUS][PBFT]checkAndChangeView: Reach consensus,org_view=16323,org_changeCycle=0,cur_changeCycle=0,to_view=16324
info|2019-12-11 04:28:16.199128|[g:1][CONSENSUS]addRawPrepare,height=6,reqIdx=1,hash=c4efe250...
info|2019-12-11 04:28:16.199804|[g:1][CONSENSUS][PBFT]checkTimeout Succ,view=16324,toView=16325,nodeIdx=2,changeCycle=0,myNode=72961a87...,timecost=0.572
info|2019-12-11 04:28:16.201427|[g:1][CONSENSUS][PBFT]checkAndChangeView: Reach consensus,org_view=16324,org_changeCycle=0,cur_changeCycle=0,to_view=16325
info|2019-12-11 04:28:17.034375|[P2P][Service] heartBeat,connected count=3
info|2019-12-11 04:28:17.202222|[g:1][CONSENSUS][SEALER]++++++++++++++++ Generating seal on,blkNum=6,tx=0,nodeIdx=2,hash=4946679f...
info|2019-12-11 04:28:17.203444|[g:1][CONSENSUS][PBFT]checkTimeout Succ,view=16325,toView=16326,nodeIdx=2,changeCycle=0,myNode=72961a87...,timecost=0.741
info|2019-12-11 04:28:17.206201|[g:1][CONSENSUS][PBFT]checkAndChangeView: Reach consensus,org_view=16325,org_changeCycle=0,cur_changeCycle=0,to_view=16326
info|2019-12-11 04:28:18.208785|[g:1][CONSENSUS]addRawPrepare,height=6,reqIdx=3,hash=378863a2...
info|2019-12-11 04:28:18.209385|[g:1][CONSENSUS][PBFT]checkTimeout Succ,view=16326,toView=16327,nodeIdx=2,changeCycle=0,myNode=72961a87...,timecost=0.475
info|2019-12-11 04:28:18.210764|[g:1][CONSENSUS][PBFT]checkAndChangeView: Reach consensus,org_view=16326,org_changeCycle=0,cur_changeCycle=0,to_view=16327
info|2019-12-11 04:28:19.213942|[g:1][CONSENSUS]addRawPrepare,height=6,reqIdx=0,hash=febcfcb2...
info|2019-12-11 04:28:19.214516|[g:1][CONSENSUS][PBFT]checkTimeout Succ,view=16327,toView=16328,nodeIdx=2,changeCycle=0,myNode=72961a87...,timecost=0.445
info|2019-12-11 04:28:19.215880|[g:1][CONSENSUS][PBFT]checkAndChangeView: Reach consensus,org_view=16327,org_changeCycle=0,cur_changeCycle=0,to_view=16328
info|2019-12-11 04:28:20.219059|[g:1][CONSENSUS]addRawPrepare,height=6,reqIdx=1,hash=3ddd7585...
info|2019-12-11 04:28:20.219751|[g:1][CONSENSUS][PBFT]checkTimeout Succ,view=16328,toView=16329,nodeIdx=2,changeCycle=0,myNode=72961a87...,timecost=0.508
info|2019-12-11 04:28:20.221026|[g:1][CONSENSUS][PBFT]checkAndChangeView: Reach consensus,org_view=16328,org_changeCycle=0,cur_changeCycle=0,to_view=16329
info|2019-12-11 04:28:21.221457|[g:1][CONSENSUS][SEALER]++++++++++++++++ Generating seal on,blkNum=6,tx=0,nodeIdx=2,hash=ee7ba7d7...
info|2019-12-11 04:28:21.224703|[g:1][CONSENSUS][PBFT]checkTimeout Succ,view=16329,toView=16330,nodeIdx=2,changeCycle=0,myNode=72961a87...,timecost=0.478
info|2019-12-11 04:28:21.225422|[g:1][CONSENSUS][PBFT]checkAndChangeView: Reach consensus,org_view=16329,org_changeCycle=0,cur_changeCycle=0,to_view=16330
info|2019-12-11 04:28:22.225768|[g:1][CONSENSUS]addRawPrepare,height=6,reqIdx=3,hash=c62c5680...
info|2019-12-11 04:28:22.226454|[g:1][CONSENSUS][PBFT]checkTimeout Succ,view=16330,toView=16331,nodeIdx=2,changeCycle=0,myNode=72961a87...,timecost=0.512
info|2019-12-11 04:28:22.228154|[g:1][CONSENSUS][PBFT]checkAndChangeView: Reach consensus,org_view=16330,org_changeCycle=0,cur_changeCycle=0,to_view=16331
info|2019-12-11 04:28:23.230385|[g:1][CONSENSUS]addRawPrepare,height=6,reqIdx=0,hash=65ff7b4d...
info|2019-12-11 04:28:23.231059|[g:1][CONSENSUS][PBFT]checkTimeout Succ,view=16331,toView=16332,nodeIdx=2,changeCycle=0,myNode=72961a87...,timecost=0.505
info|2019-12-11 04:28:23.232587|[g:1][CONSENSUS][PBFT]checkAndChangeView: Reach consensus,org_view=16331,org_changeCycle=0,cur_changeCycle=0,to_view=16332
info|2019-12-11 04:28:24.234811|[g:1][CONSENSUS]addRawPrepare,height=6,reqIdx=1,hash=7c008df6...
info|2019-12-11 04:28:24.235455|[g:1][CONSENSUS][PBFT]checkTimeout Succ,view=16332,toView=16333,nodeIdx=2,changeCycle=0,myNode=72961a87...,timecost=0.464
info|2019-12-11 04:28:24.236870|[g:1][CONSENSUS][PBFT]checkAndChangeView: Reach consensus,org_view=16332,org_changeCycle=0,cur_changeCycle=0,to_view=16333
info|2019-12-11 04:28:25.236904|[g:1][CONSENSUS][SEALER]++++++++++++++++ Generating seal on,blkNum=6,tx=0,nodeIdx=2,hash=4a1dc6b3...
info|2019-12-11 04:28:25.237905|[g:1][CONSENSUS][PBFT]checkTimeout Succ,view=16333,toView=16334,nodeIdx=2,changeCycle=0,myNode=72961a87...,timecost=0.525
info|2019-12-11 04:28:25.240737|[g:1][CONSENSUS][PBFT]checkAndChangeView: Reach consensus,org_view=16333,org_changeCycle=0,cur_changeCycle=0,to_view=16334
info|2019-12-11 04:28:26.242557|[g:1][CONSENSUS]addRawPrepare,height=6,reqIdx=3,hash=e9be8440...
info|2019-12-11 04:28:26.243223|[g:1][CONSENSUS][PBFT]checkTimeout Succ,view=16334,toView=16335,nodeIdx=2,changeCycle=0,myNode=72961a87...,timecost=0.498
info|2019-12-11 04:28:26.244768|[g:1][CONSENSUS][PBFT]checkAndChangeView: Reach consensus,org_view=16334,org_changeCycle=0,cur_changeCycle=0,to_view=16335
info|2019-12-11 04:28:27.042950|[P2P][Service] heartBeat,connected count=3
info|2019-12-11 04:28:27.246911|[g:1][CONSENSUS]addRawPrepare,height=6,reqIdx=0,hash=38cfd90a...
info|2019-12-11 04:28:27.247937|[g:1][CONSENSUS][PBFT]checkTimeout Succ,view=16335,toView=16336,nodeIdx=2,changeCycle=0,myNode=72961a87...,timecost=0.875
info|2019-12-11 04:28:27.249394|[g:1][CONSENSUS][PBFT]checkAndChangeView: Reach consensus,org_view=16335,org_changeCycle=0,cur_changeCycle=0,to_view=16336
info|2019-12-11 04:28:28.251934|[g:1][CONSENSUS]addRawPrepare,height=6,reqIdx=1,hash=bd4f5224...
info|2019-12-11 04:28:28.252661|[g:1][CONSENSUS][PBFT]checkTimeout Succ,view=16336,toView=16337,nodeIdx=2,changeCycle=0,myNode=72961a87...,timecost=0.537
info|2019-12-11 04:28:28.254339|[g:1][CONSENSUS][PBFT]checkAndChangeView: Reach consensus,org_view=16336,org_changeCycle=0,cur_changeCycle=0,to_view=16337
info|2019-12-11 04:28:29.255484|[g:1][CONSENSUS][SEALER]++++++++++++++++ Generating seal on,blkNum=6,tx=0,nodeIdx=2,hash=8e1406b9...
info|2019-12-11 04:28:29.256470|[g:1][CONSENSUS][PBFT]checkTimeout Succ,view=16337,toView=16338,nodeIdx=2,changeCycle=0,myNode=72961a87...,timecost=0.517
info|2019-12-11 04:28:29.259028|[g:1][CONSENSUS][PBFT]checkAndChangeView: Reach consensus,org_view=16337,org_changeCycle=0,cur_changeCycle=0,to_view=16338
info|2019-12-11 04:28:30.261556|[g:1][CONSENSUS]addRawPrepare,height=6,reqIdx=3,hash=2ee05480...
info|2019-12-11 04:28:30.262332|[g:1][CONSENSUS][PBFT]checkTimeout Succ,view=16338,toView=16339,nodeIdx=2,changeCycle=0,myNode=72961a87...,timecost=0.582
info|2019-12-11 04:28:30.263867|[g:1][CONSENSUS][PBFT]checkAndChangeView: Reach consensus,org_view=16338,org_changeCycle=0,cur_changeCycle=0,to_view=16339
info|2019-12-11 04:28:31.265997|[g:1][CONSENSUS]addRawPrepare,height=6,reqIdx=0,hash=720c0486...
info|2019-12-11 04:28:31.266662|[g:1][CONSENSUS][PBFT]checkTimeout Succ,view=16339,toView=16340,nodeIdx=2,changeCycle=0,myNode=72961a87...,timecost=0.539
info|2019-12-11 04:28:31.268677|[g:1][CONSENSUS][PBFT]checkAndChangeView: Reach consensus,org_view=16339,org_changeCycle=0,cur_changeCycle=0,to_view=16340
info|2019-12-11 04:28:32.271197|[g:1][CONSENSUS]addRawPrepare,height=6,reqIdx=1,hash=c1e67ebd...
info|2019-12-11 04:28:32.272035|[g:1][CONSENSUS][PBFT]checkTimeout Succ,view=16340,toView=16341,nodeIdx=2,changeCycle=0,myNode=72961a87...,timecost=0.667
info|2019-12-11 04:28:32.273699|[g:1][CONSENSUS][PBFT]checkAndChangeView: Reach consensus,org_view=16340,org_changeCycle=0,cur_changeCycle=0,to_view=16341
info|2019-12-11 04:28:33.273281|[g:1][CONSENSUS][SEALER]++++++++++++++++ Generating seal on,blkNum=6,tx=0,nodeIdx=2,hash=2591d4f6...
info|2019-12-11 04:28:33.275871|[g:1][CONSENSUS][PBFT]checkTimeout Succ,view=16341,toView=16342,nodeIdx=2,changeCycle=0,myNode=72961a87...,timecost=0.373
info|2019-12-11 04:28:33.277187|[g:1][CONSENSUS][PBFT]checkAndChangeView: Reach consensus,org_view=16341,org_changeCycle=0,cur_changeCycle=0,to_view=16342
info|2019-12-11 04:28:34.278681|[g:1][CONSENSUS]addRawPrepare,height=6,reqIdx=3,hash=0d4a8987...
info|2019-12-11 04:28:34.279357|[g:1][CONSENSUS][PBFT]checkTimeout Succ,view=16342,toView=16343,nodeIdx=2,changeCycle=0,myNode=72961a87...,timecost=0.539
info|2019-12-11 04:28:34.280961|[g:1][CONSENSUS][PBFT]checkAndChangeView: Reach consensus,org_view=16342,org_changeCycle=0,cur_changeCycle=0,to_view=16343
info|2019-12-11 04:28:35.283200|[g:1][CONSENSUS]addRawPrepare,height=6,reqIdx=0,hash=6115d879...
info|2019-12-11 04:28:35.283764|[g:1][CONSENSUS][PBFT]checkTimeout Succ,view=16343,toView=16344,nodeIdx=2,changeCycle=0,myNode=72961a87...,timecost=0.438
info|2019-12-11 04:28:35.285091|[g:1][CONSENSUS][PBFT]checkAndChangeView: Reach consensus,org_view=16343,org_changeCycle=0,cur_changeCycle=0,to_view=16344
info|2019-12-11 04:28:36.286878|[g:1][CONSENSUS]addRawPrepare,height=6,reqIdx=1,hash=0829466c...
info|2019-12-11 04:28:36.287505|[g:1][CONSENSUS][PBFT]checkTimeout Succ,view=16344,toView=16345,nodeIdx=2,changeCycle=0,myNode=72961a87...,timecost=0.473
info|2019-12-11 04:28:36.289036|[g:1][CONSENSUS][PBFT]checkAndChangeView: Reach consensus,org_view=16344,org_changeCycle=0,cur_changeCycle=0,to_view=16345
info|2019-12-11 04:28:37.052721|[P2P][Service] heartBeat,connected count=3
info|2019-12-11 04:28:37.290370|[g:1][CONSENSUS][SEALER]++++++++++++++++ Generating seal on,blkNum=6,tx=0,nodeIdx=2,hash=71cd754d...
info|2019-12-11 04:28:37.291225|[g:1][CONSENSUS][PBFT]checkTimeout Succ,view=16345,toView=16346,nodeIdx=2,changeCycle=0,myNode=72961a87...,timecost=0.428
info|2019-12-11 04:28:37.293930|[g:1][CONSENSUS][PBFT]checkAndChangeView: Reach consensus,org_view=16345,org_changeCycle=0,cur_changeCycle=0,to_view=16346
info|2019-12-11 04:28:38.296635|[g:1][CONSENSUS]addRawPrepare,height=6,reqIdx=3,hash=a3fc4577...
info|2019-12-11 04:28:38.297147|[g:1][CONSENSUS][PBFT]checkTimeout Succ,view=16346,toView=16347,nodeIdx=2,changeCycle=0,myNode=72961a87...,timecost=0.42
info|2019-12-11 04:28:38.298306|[g:1][CONSENSUS][PBFT]checkAndChangeView: Reach consensus,org_view=16346,org_changeCycle=0,cur_changeCycle=0,to_view=16347
info|2019-12-11 04:28:39.301021|[g:1][CONSENSUS]addRawPrepare,height=6,reqIdx=0,hash=2133eeca...
info|2019-12-11 04:28:39.301722|[g:1][CONSENSUS][PBFT]checkTimeout Succ,view=16347,toView=16348,nodeIdx=2,changeCycle=0,myNode=72961a87...,timecost=0.529
info|2019-12-11 04:28:39.303212|[g:1][CONSENSUS][PBFT]checkAndChangeView: Reach consensus,org_view=16347,org_changeCycle=0,cur_changeCycle=0,to_view=16348
info|2019-12-11 04:28:40.305545|[g:1][CONSENSUS]addRawPrepare,height=6,reqIdx=1,hash=21997f8a...
info|2019-12-11 04:28:40.306202|[g:1][CONSENSUS][PBFT]checkTimeout Succ,view=16348,toView=16349,nodeIdx=2,changeCycle=0,myNode=72961a87...,timecost=0.521
info|2019-12-11 04:28:40.307908|[g:1][CONSENSUS][PBFT]checkAndChangeView: Reach consensus,org_view=16348,org_changeCycle=0,cur_changeCycle=0,to_view=16349
