info|2019-12-13 14:00:00.467325|[g:1][CONSENSUS][SEALER]++++++++++++++++ Generating seal on,blkNum=158,tx=0,nodeIdx=2,hash=7f85e76e...
info|2019-12-13 14:00:00.468266|[g:1][CONSENSUS][PBFT]checkTimeout Succ,view=37,toView=38,nodeIdx=2,changeCycle=0,myNode=72961a87...,timecost=0.463
info|2019-12-13 14:00:00.471398|[g:1][CONSENSUS][PBFT]checkAndChangeView: Reach consensus,org_view=37,org_changeCycle=0,cur_changeCycle=0,to_view=38
info|2019-12-13 14:00:01.159518|[P2P][Service] heartBeat,connected count=3
info|2019-12-13 14:00:01.472909|[g:1][CONSENSUS]addRawPrepare,height=158,reqIdx=3,hash=ac42432c...
info|2019-12-13 14:00:01.473360|[g:1][CONSENSUS][PBFT]checkTimeout Succ,view=38,toView=39,nodeIdx=2,changeCycle=0,myNode=72961a87...,timecost=0.332
info|2019-12-13 14:00:01.474686|[g:1][CONSENSUS][PBFT]checkAndChangeView: Reach consensus,org_view=38,org_changeCycle=0,cur_changeCycle=0,to_view=39
info|2019-12-13 14:00:02.476314|[g:1][CONSENSUS]addRawPrepare,height=158,reqIdx=0,hash=af7c2fa9...
info|2019-12-13 14:00:02.476973|[g:1][CONSENSUS][PBFT]checkTimeout Succ,view=39,toView=40,nodeIdx=2,changeCycle=0,myNode=72961a87...,timecost=0.512
info|2019-12-13 14:00:02.479134|[g:1][CONSENSUS][PBFT]checkAndChangeView: Reach consensus,org_view=39,org_changeCycle=0,cur_changeCycle=0,to_view=40
info|2019-12-13 14:00:03.483194|[g:1][CONSENSUS]addRawPrepare,height=158,reqIdx=1,hash=d737662e...
info|2019-12-13 14:00:03.483726|[g:1][CONSENSUS][PBFT]checkTimeout Succ,view=40,toView=41,nodeIdx=2,changeCycle=0,myNode=72961a87...,timecost=0.38
info|2019-12-13 14:00:03.486695|[g:1][CONSENSUS][PBFT]checkAndChangeView: Reach consensus,org_view=40,org_changeCycle=0,cur_changeCycle=0,to_view=41
info|2019-12-13 14:00:04.486917|[g:1][CONSENSUS][SEALER]++++++++++++++++ Generating seal on,blkNum=158,tx=0,nodeIdx=2,hash=bae8f240...
info|2019-12-13 14:00:04.490295|[g:1][CONSENSUS][PBFT]checkTimeout Succ,view=41,toView=42,nodeIdx=2,changeCycle=0,myNode=72961a87...,timecost=0.512
info|2019-12-13 14:00:04.491124|[g:1][CONSENSUS][PBFT]checkAndChangeView: Reach consensus,org_view=41,org_changeCycle=0,cur_changeCycle=0,to_view=42
info|2019-12-13 14:00:05.492549|[g:1][CONSENSUS]addRawPrepare,height=158,reqIdx=3,hash=22f1d703...
info|2019-12-13 14:00:05.493111|[g:1][CONSENSUS][PBFT]checkTimeout Succ,view=42,toView=43,nodeIdx=2,changeCycle=0,myNode=72961a87...,timecost=0.432
info|2019-12-13 14:00:05.494443|[g:1][CONSENSUS][PBFT]checkAndChangeView: Reach consensus,org_view=42,org_changeCycle=0,cur_changeCycle=0,to_view=43
info|2019-12-13 14:00:06.496159|[g:1][CONSENSUS]addRawPrepare,height=158,reqIdx=0,hash=6299aa9c...
info|2019-12-13 14:00:06.496849|[g:1][CONSENSUS][PBFT]checkTimeout Succ,view=43,toView=44,nodeIdx=2,changeCycle=0,myNode=72961a87...,timecost=0.505
info|2019-12-13 14:00:06.498327|[g:1][CONSENSUS][PBFT]checkAndChangeView: Reach consensus,org_view=43,org_changeCycle=0,cur_changeCycle=0,to_view=44
info|2019-12-13 14:00:07.500578|[g:1][CONSENSUS]addRawPrepare,height=158,reqIdx=1,hash=251ae396...
info|2019-12-13 14:00:07.501443|[g:1][CONSENSUS][PBFT]checkTimeout Succ,view=44,toView=45,nodeIdx=2,changeCycle=0,myNode=72961a87...,timecost=0.745
info|2019-12-13 14:00:07.503652|[g:1][CONSENSUS][PBFT]checkAndChangeView: Reach consensus,org_view=44,org_changeCycle=0,cur_changeCycle=0,to_view=45
info|2019-12-13 14:00:08.504146|[g:1][CONSENSUS][SEALER]++++++++++++++++ Generating seal on,blkNum=158,tx=0,nodeIdx=2,hash=0c5902ae...
info|2019-12-13 14:00:08.505112|[g:1][CONSENSUS][PBFT]checkTimeout Succ,view=45,toView=46,nodeIdx=2,changeCycle=0,myNode=72961a87...,timecost=0.489
info|2019-12-13 14:00:08.507959|[g:1][CONSENSUS][PBFT]checkAndChangeView: Reach consensus,org_view=45,org_changeCycle=0,cur_changeCycle=0,to_view=46
info|2019-12-13 14:00:09.509927|[g:1][CONSENSUS]addRawPrepare,height=158,reqIdx=3,hash=b6bd6923...
info|2019-12-13 14:00:09.510900|[g:1][CONSENSUS][PBFT]checkTimeout Succ,view=46,toView=47,nodeIdx=2,changeCycle=0,myNode=72961a87...,timecost=0.724
info|2019-12-13 14:00:09.512221|[g:1][CONSENSUS][PBFT]checkAndChangeView: Reach consensus,org_view=46,org_changeCycle=0,cur_changeCycle=0,to_view=47
info|2019-12-13 14:00:10.513058|[g:1][CONSENSUS]addRawPrepare,height=158,reqIdx=0,hash=f579b966...
info|2019-12-13 14:00:10.513712|[g:1][CONSENSUS][PBFT]checkTimeout Succ,view=47,toView=48,nodeIdx=2,changeCycle=0,myNode=72961a87...,timecost=0.531
info|2019-12-13 14:00:10.515301|[g:1][CONSENSUS][PBFT]checkAndChangeView: Reach consensus,org_view=47,org_changeCycle=0,cur_changeCycle=0,to_view=48
info|2019-12-13 14:00:11.165762|[P2P][Service] heartBeat,connected count=3
info|2019-12-13 14:00:11.517964|[g:1][CONSENSUS]addRawPrepare,height=158,reqIdx=1,hash=4f036297...
info|2019-12-13 14:00:11.518734|[g:1][CONSENSUS][PBFT]checkTimeout Succ,view=48,toView=49,nodeIdx=2,changeCycle=0,myNode=72961a87...,timecost=0.592
info|2019-12-13 14:00:11.520209|[g:1][CONSENSUS][PBFT]checkAndChangeView: Reach consensus,org_view=48,org_changeCycle=0,cur_changeCycle=0,to_view=49
info|2019-12-13 14:00:12.521165|[g:1][CONSENSUS][SEALER]++++++++++++++++ Generating seal on,blkNum=158,tx=0,nodeIdx=2,hash=1fe0c737...
info|2019-12-13 14:00:12.524776|[g:1][CONSENSUS][PBFT]checkTimeout Succ,view=49,toView=50,nodeIdx=2,changeCycle=0,myNode=72961a87...,timecost=0.586
info|2019-12-13 14:00:12.525502|[g:1][CONSENSUS][PBFT]checkAndChangeView: Reach consensus,org_view=49,org_changeCycle=0,cur_changeCycle=0,to_view=50
info|2019-12-13 14:00:13.526851|[g:1][CONSENSUS]addRawPrepare,height=158,reqIdx=3,hash=41cc9de4...
info|2019-12-13 14:00:13.527325|[g:1][CONSENSUS][PBFT]checkTimeout Succ,view=50,toView=51,nodeIdx=2,changeCycle=0,myNode=72961a87...,timecost=0.354
info|2019-12-13 14:00:13.528478|[g:1][CONSENSUS][PBFT]checkAndChangeView: Reach consensus,org_view=50,org_changeCycle=0,cur_changeCycle=0,to_view=51
info|2019-12-13 14:00:14.529858|[g:1][CONSENSUS]addRawPrepare,height=158,reqIdx=0,hash=9a59d30c...
info|2019-12-13 14:00:14.530452|[g:1][CONSENSUS][PBFT]checkTimeout Succ,view=51,toView=52,nodeIdx=2,changeCycle=0,myNode=72961a87...,timecost=0.436
info|2019-12-13 14:00:14.531944|[g:1][CONSENSUS][PBFT]checkAndChangeView: Reach consensus,org_view=51,org_changeCycle=0,cur_changeCycle=0,to_view=52
info|2019-12-13 14:00:15.533285|[g:1][CONSENSUS]addRawPrepare,height=158,reqIdx=1,hash=de6d9228...
info|2019-12-13 14:00:15.533889|[g:1][CONSENSUS][PBFT]checkTimeout Succ,view=52,toView=53,nodeIdx=2,changeCycle=0,myNode=72961a87...,timecost=0.531
info|2019-12-13 14:00:15.535294|[g:1][CONSENSUS][PBFT]checkAndChangeView: Reach consensus,org_view=52,org_changeCycle=0,cur_changeCycle=0,to_view=53
info|2019-12-13 14:00:16.535667|[g:1][CONSENSUS][SEALER]++++++++++++++++ Generating seal on,blkNum=158,tx=0,nodeIdx=2,hash=bab0f8ac...
info|2019-12-13 14:00:16.538757|[g:1][CONSENSUS][PBFT]checkTimeout Succ,view=53,toView=54,nodeIdx=2,changeCycle=0,myNode=72961a87...,timecost=0.562
info|2019-12-13 14:00:16.539508|[g:1][CONSENSUS][PBFT]checkAndChangeView: Reach consensus,org_view=53,org_changeCycle=0,cur_changeCycle=0,to_view=54
info|2019-12-13 14:00:17.540227|[g:1][CONSENSUS]addRawPrepare,height=158,reqIdx=3,hash=c4a1eba3...
info|2019-12-13 14:00:17.541052|[g:1][CONSENSUS][PBFT]checkTimeout Succ,view=54,toView=55,nodeIdx=2,changeCycle=0,myNode=72961a87...,timecost=0.671
info|2019-12-13 14:00:17.542913|[g:1][CONSENSUS][PBFT]checkAndChangeView: Reach consensus,org_view=54,org_changeCycle=0,cur_changeCycle=0,to_view=55
info|2019-12-13 14:00:18.545366|[g:1][CONSENSUS]addRawPrepare,height=158,reqIdx=0,hash=dec1663b...
info|2019-12-13 14:00:18.546108|[g:1][CONSENSUS][PBFT]checkTimeout Succ,view=55,toView=56,nodeIdx=2,changeCycle=0,myNode=72961a87...,timecost=0.58
info|2019-12-13 14:00:18.547535|[g:1][CONSENSUS][PBFT]checkAndChangeView: Reach consensus,org_view=55,org_changeCycle=0,cur_changeCycle=0,to_view=56
info|2019-12-13 14:00:19.549641|[g:1][CONSENSUS]addRawPrepare,height=158,reqIdx=1,hash=437cdca9...
info|2019-12-13 14:00:19.550239|[g:1][CONSENSUS][PBFT]checkTimeout Succ,view=56,toView=57,nodeIdx=2,changeCycle=0,myNode=72961a87...,timecost=0.455
info|2019-12-13 14:00:19.552079|[g:1][CONSENSUS][PBFT]checkAndChangeView: Reach consensus,org_view=56,org_changeCycle=0,cur_changeCycle=0,to_view=57
info|2019-12-13 14:00:20.552648|[g:1][CONSENSUS][SEALER]++++++++++++++++ Generating seal on,blkNum=158,tx=0,nodeIdx=2,hash=73ad0866...
info|2019-12-13 14:00:20.553550|[g:1][CONSENSUS][PBFT]checkTimeout Succ,view=57,toView=58,nodeIdx=2,changeCycle=0,myNode=72961a87...,timecost=0.466
info|2019-12-13 14:00:20.555778|[g:1][CONSENSUS][PBFT]checkAndChangeView: Reach consensus,org_view=57,org_changeCycle=0,cur_changeCycle=0,to_view=58
info|2019-12-13 14:00:21.171745|[P2P][Service] heartBeat,connected count=3
info|2019-12-13 14:00:21.556891|[g:1][CONSENSUS]addRawPrepare,height=158,reqIdx=3,hash=4d5fdac7...
info|2019-12-13 14:00:21.557610|[g:1][CONSENSUS][PBFT]checkTimeout Succ,view=58,toView=59,nodeIdx=2,changeCycle=0,myNode=72961a87...,timecost=0.543
info|2019-12-13 14:00:21.559010|[g:1][CONSENSUS][PBFT]checkAndChangeView: Reach consensus,org_view=58,org_changeCycle=0,cur_changeCycle=0,to_view=59
info|2019-12-13 14:00:22.559843|[g:1][CONSENSUS]addRawPrepare,height=158,reqIdx=0,hash=d964989a...
info|2019-12-13 14:00:22.560987|[g:1][CONSENSUS][PBFT]checkTimeout Succ,view=59,toView=60,nodeIdx=2,changeCycle=0,myNode=72961a87...,timecost=1.002
info|2019-12-13 14:00:22.562491|[g:1][CONSENSUS][PBFT]checkAndChangeView: Reach consensus,org_view=59,org_changeCycle=0,cur_changeCycle=0,to_view=60
info|2019-12-13 14:00:23.563829|[g:1][CONSENSUS]addRawPrepare,height=158,reqIdx=1,hash=d716b482...
info|2019-12-13 14:00:23.564530|[g:1][CONSENSUS][PBFT]checkTimeout Succ,view=60,toView=61,nodeIdx=2,changeCycle=0,myNode=72961a87...,timecost=0.539
info|2019-12-13 14:00:23.566079|[g:1][CONSENSUS][PBFT]checkAndChangeView: Reach consensus,org_view=60,org_changeCycle=0,cur_changeCycle=0,to_view=61
info|2019-12-13 14:00:24.566514|[g:1][CONSENSUS][SEALER]++++++++++++++++ Generating seal on,blkNum=158,tx=0,nodeIdx=2,hash=b4d330c9...
info|2019-12-13 14:00:24.568960|[g:1][CONSENSUS][PBFT]checkTimeout Succ,view=61,toView=62,nodeIdx=2,changeCycle=0,myNode=72961a87...,timecost=0.53
info|2019-12-13 14:00:24.570307|[g:1][CONSENSUS][PBFT]checkAndChangeView: Reach consensus,org_view=61,org_changeCycle=0,cur_changeCycle=0,to_view=62
info|2019-12-13 14:00:25.572148|[g:1][CONSENSUS]addRawPrepare,height=158,reqIdx=3,hash=6c8a69d2...
info|2019-12-13 14:00:25.572729|[g:1][CONSENSUS][PBFT]checkTimeout Succ,view=62,toView=63,nodeIdx=2,changeCycle=0,myNode=72961a87...,timecost=0.463
info|2019-12-13 14:00:25.574136|[g:1][CONSENSUS][PBFT]checkAndChangeView: Reach consensus,org_view=62,org_changeCycle=0,cur_changeCycle=0,to_view=63
info|2019-12-13 14:00:26.576362|[g:1][CONSENSUS]addRawPrepare,height=158,reqIdx=0,hash=4e0c5bf3...
info|2019-12-13 14:00:26.576937|[g:1][CONSENSUS][PBFT]checkTimeout Succ,view=63,toView=64,nodeIdx=2,changeCycle=0,myNode=72961a87...,timecost=0.451
info|2019-12-13 14:00:26.578683|[g:1][CONSENSUS][PBFT]checkAndChangeView: Reach consensus,org_view=63,org_changeCycle=0,cur_changeCycle=0,to_view=64
info|2019-12-13 14:00:27.581154|[g:1][CONSENSUS]addRawPrepare,height=158,reqIdx=1,hash=2b17e9ea...
info|2019-12-13 14:00:27.581999|[g:1][CONSENSUS][PBFT]checkTimeout Succ,view=64,toView=65,nodeIdx=2,changeCycle=0,myNode=72961a87...,timecost=0.55
info|2019-12-13 14:00:27.583606|[g:1][CONSENSUS][PBFT]checkAndChangeView: Reach consensus,org_view=64,org_changeCycle=0,cur_changeCycle=0,to_view=65
info|2019-12-13 14:00:28.583602|[g:1][CONSENSUS][SEALER]++++++++++++++++ Generating seal on,blkNum=158,tx=0,nodeIdx=2,hash=99c77620...
info|2019-12-13 14:00:28.584475|[g:1][CONSENSUS][PBFT]checkTimeout Succ,view=65,toView=66,nodeIdx=2,changeCycle=0,myNode=72961a87...,timecost=0.396
info|2019-12-13 14:00:28.586619|[g:1][CONSENSUS][PBFT]checkAndChangeView: Reach consensus,org_view=65,org_changeCycle=0,cur_changeCycle=0,to_view=66
info|2019-12-13 14:00:29.589017|[g:1][CONSENSUS]addRawPrepare,height=158,reqIdx=3,hash=a1fd424d...
info|2019-12-13 14:00:29.589699|[g:1][CONSENSUS][PBFT]checkTimeout Succ,view=66,toView=67,nodeIdx=2,changeCycle=0,myNode=72961a87...,timecost=0.511
info|2019-12-13 14:00:29.591068|[g:1][CONSENSUS][PBFT]checkAndChangeView: Reach consensus,org_view=66,org_changeCycle=0,cur_changeCycle=0,to_view=67
info|2019-12-13 14:00:30.592075|[g:1][CONSENSUS]addRawPrepare,height=158,reqIdx=0,hash=d286407e...
info|2019-12-13 14:00:30.592604|[g:1][CONSENSUS][PBFT]checkTimeout Succ,view=67,toView=68,nodeIdx=2,changeCycle=0,myNode=72961a87...,timecost=0.424
info|2019-12-13 14:00:30.593764|[g:1][CONSENSUS][PBFT]checkAndChangeView: Reach consensus,org_view=67,org_changeCycle=0,cur_changeCycle=0,to_view=68
info|2019-12-13 14:00:31.180377|[P2P][Service] heartBeat,connected count=3
info|2019-12-13 14:00:31.595253|[g:1][CONSENSUS]addRawPrepare,height=158,reqIdx=1,hash=03f7f756...
info|2019-12-13 14:00:31.595832|[g:1][CONSENSUS][PBFT]checkTimeout Succ,view=68,toView=69,nodeIdx=2,changeCycle=0,myNode=72961a87...,timecost=0.444
info|2019-12-13 14:00:31.597123|[g:1][CONSENSUS][PBFT]checkAndChangeView: Reach consensus,org_view=68,org_changeCycle=0,cur_changeCycle=0,to_view=69
info|2019-12-13 14:00:32.597349|[g:1][CONSENSUS][SEALER]++++++++++++++++ Generating seal on,blkNum=158,tx=0,nodeIdx=2,hash=ada5605d...
info|2019-12-13 14:00:32.598490|[g:1][CONSENSUS][PBFT]checkTimeout Succ,view=69,toView=70,nodeIdx=2,changeCycle=0,myNode=72961a87...,timecost=0.689
info|2019-12-13 14:00:32.601006|[g:1][CONSENSUS][PBFT]checkAndChangeView: Reach consensus,org_view=69,org_changeCycle=0,cur_changeCycle=0,to_view=70
info|2019-12-13 14:00:33.602984|[g:1][CONSENSUS]addRawPrepare,height=158,reqIdx=3,hash=18c86396...
info|2019-12-13 14:00:33.603723|[g:1][CONSENSUS][PBFT]checkTimeout Succ,view=70,toView=71,nodeIdx=2,changeCycle=0,myNode=72961a87...,timecost=0.581
info|2019-12-13 14:00:33.605073|[g:1][CONSENSUS][PBFT]checkAndChangeView: Reach consensus,org_view=70,org_changeCycle=0,cur_changeCycle=0,to_view=71
info|2019-12-13 14:00:34.606983|[g:1][CONSENSUS]addRawPrepare,height=158,reqIdx=0,hash=c52184f6...
info|2019-12-13 14:00:34.607769|[g:1][CONSENSUS][PBFT]checkTimeout Succ,view=71,toView=72,nodeIdx=2,changeCycle=0,myNode=72961a87...,timecost=0.65
info|2019-12-13 14:00:34.609318|[g:1][CONSENSUS][PBFT]checkAndChangeView: Reach consensus,org_view=71,org_changeCycle=0,cur_changeCycle=0,to_view=72
info|2019-12-13 14:00:35.610998|[g:1][CONSENSUS]addRawPrepare,height=158,reqIdx=1,hash=d39553f2...
info|2019-12-13 14:00:35.611672|[g:1][CONSENSUS][PBFT]checkTimeout Succ,view=72,toView=73,nodeIdx=2,changeCycle=0,myNode=72961a87...,timecost=0.538
info|2019-12-13 14:00:35.613019|[g:1][CONSENSUS][PBFT]checkAndChangeView: Reach consensus,org_view=72,org_changeCycle=0,cur_changeCycle=0,to_view=73
info|2019-12-13 14:00:36.613377|[g:1][CONSENSUS][SEALER]++++++++++++++++ Generating seal on,blkNum=158,tx=0,nodeIdx=2,hash=c733141a...
info|2019-12-13 14:00:36.614308|[g:1][CONSENSUS][PBFT]checkTimeout Succ,view=73,toView=74,nodeIdx=2,changeCycle=0,myNode=72961a87...,timecost=0.377
info|2019-12-13 14:00:36.616511|[g:1][CONSENSUS][PBFT]checkAndChangeView: Reach consensus,org_view=73,org_changeCycle=0,cur_changeCycle=0,to_view=74
info|2019-12-13 14:00:37.618228|[g:1][CONSENSUS]addRawPrepare,height=158,reqIdx=3,hash=077d9f5f...
info|2019-12-13 14:00:37.619570|[g:1][CONSENSUS][PBFT]checkTimeout Succ,view=74,toView=75,nodeIdx=2,changeCycle=0,myNode=72961a87...,timecost=1.216
info|2019-12-13 14:00:37.621063|[g:1][CONSENSUS][PBFT]checkAndChangeView: Reach consensus,org_view=74,org_changeCycle=0,cur_changeCycle=0,to_view=75
info|2019-12-13 14:00:38.621403|[g:1][CONSENSUS]addRawPrepare,height=158,reqIdx=0,hash=49f7cc5b...
info|2019-12-13 14:00:38.622117|[g:1][CONSENSUS][PBFT]checkTimeout Succ,view=75,toView=76,nodeIdx=2,changeCycle=0,myNode=72961a87...,timecost=0.552
info|2019-12-13 14:00:38.623390|[g:1][CONSENSUS][PBFT]checkAndChangeView: Reach consensus,org_view=75,org_changeCycle=0,cur_changeCycle=0,to_view=76
info|2019-12-13 14:00:39.625009|[g:1][CONSENSUS]addRawPrepare,height=158,reqIdx=1,hash=17f58a1d...
info|2019-12-13 14:00:39.625479|[g:1][CONSENSUS][PBFT]checkTimeout Succ,view=76,toView=77,nodeIdx=2,changeCycle=0,myNode=72961a87...,timecost=0.37
info|2019-12-13 14:00:39.626472|[g:1][CONSENSUS][PBFT]checkAndChangeView: Reach consensus,org_view=76,org_changeCycle=0,cur_changeCycle=0,to_view=77
