warning|2019-11-14 00:29:09.004746|[g:1][CONSENSUS][PBFT]ViewChangeWarning: not caused by omit empty block ,v=98540,toV=98541,curNum=0,hash=f72cae63...,nodeIdx=2,myNode=72961a87...
info|2019-11-14 00:29:09.004919|[g:1][CONSENSUS][PBFT]checkTimeout Succ,view=98540,toView=98541,nodeIdx=2,changeCycle=1,myNode=72961a87...,timecost=0.631
info|2019-11-14 00:29:09.007182|[P2P][Service] heartBeat,connected count=3
info|2019-11-14 00:29:09.013933|[g:1][CONSENSUS][PBFT]checkAndChangeView: Reach consensus,org_view=98540,org_changeCycle=1,cur_changeCycle=1,to_view=98541
info|2019-11-14 00:29:10.015580|[g:1][CONSENSUS]addRawPrepare,height=1,reqIdx=1,hash=14411549...
info|2019-11-14 00:29:10.016060|[g:1][CONSENSUS][PBFT]checkTimeout Succ,view=98541,toView=98542,nodeIdx=2,changeCycle=0,myNode=72961a87...,timecost=0.369
info|2019-11-14 00:29:10.017742|[g:1][CONSENSUS][PBFT]checkAndChangeView: Reach consensus,org_view=98541,org_changeCycle=0,cur_changeCycle=0,to_view=98542
info|2019-11-14 00:29:11.017677|[g:1][CONSENSUS][SEALER]++++++++++++++++ Generating seal on,blkNum=1,tx=0,nodeIdx=2,hash=d134a712...
info|2019-11-14 00:29:11.020011|[g:1][CONSENSUS][PBFT]checkTimeout Succ,view=98542,toView=98543,nodeIdx=2,changeCycle=0,myNode=72961a87...,timecost=0.387
info|2019-11-14 00:29:11.020650|[g:1][CONSENSUS][PBFT]checkAndChangeView: Reach consensus,org_view=98542,org_changeCycle=0,cur_changeCycle=0,to_view=98543
info|2019-11-14 00:29:12.022870|[g:1][CONSENSUS]addRawPrepare,height=1,reqIdx=3,hash=3342a436...
info|2019-11-14 00:29:12.023611|[g:1][CONSENSUS][PBFT]checkTimeout Succ,view=98543,toView=98544,nodeIdx=2,changeCycle=0,myNode=72961a87...,timecost=0.562
info|2019-11-14 00:29:12.025253|[g:1][CONSENSUS][PBFT]checkAndChangeView: Reach consensus,org_view=98543,org_changeCycle=0,cur_changeCycle=0,to_view=98544
info|2019-11-14 00:29:13.026073|[g:1][CONSENSUS]addRawPrepare,height=1,reqIdx=0,hash=f44725fa...
info|2019-11-14 00:29:13.026623|[g:1][CONSENSUS][PBFT]checkTimeout Succ,view=98544,toView=98545,nodeIdx=2,changeCycle=0,myNode=72961a87...,timecost=0.468
info|2019-11-14 00:29:13.027725|[g:1][CONSENSUS][PBFT]checkAndChangeView: Reach consensus,org_view=98544,org_changeCycle=0,cur_changeCycle=0,to_view=98545
info|2019-11-14 00:29:14.028704|[g:1][CONSENSUS]addRawPrepare,height=1,reqIdx=1,hash=9b46084d...
info|2019-11-14 00:29:14.029535|[g:1][CONSENSUS][PBFT]checkTimeout Succ,view=98545,toView=98546,nodeIdx=2,changeCycle=0,myNode=72961a87...,timecost=0.737
info|2019-11-14 00:29:14.030847|[g:1][CONSENSUS][PBFT]checkAndChangeView: Reach consensus,org_view=98545,org_changeCycle=0,cur_changeCycle=0,to_view=98546
info|2019-11-14 00:29:15.030514|[g:1][CONSENSUS][SEALER]++++++++++++++++ Generating seal on,blkNum=1,tx=0,nodeIdx=2,hash=72e7a19c...
info|2019-11-14 00:29:15.033435|[g:1][CONSENSUS][PBFT]checkTimeout Succ,view=98546,toView=98547,nodeIdx=2,changeCycle=0,myNode=72961a87...,timecost=0.544
info|2019-11-14 00:29:15.035120|[g:1][CONSENSUS][PBFT]checkAndChangeView: Reach consensus,org_view=98546,org_changeCycle=0,cur_changeCycle=0,to_view=98547
info|2019-11-14 00:29:16.035562|[g:1][CONSENSUS]addRawPrepare,height=1,reqIdx=3,hash=ee74320c...
info|2019-11-14 00:29:16.036277|[g:1][CONSENSUS][PBFT]checkTimeout Succ,view=98547,toView=98548,nodeIdx=2,changeCycle=0,myNode=72961a87...,timecost=0.585
info|2019-11-14 00:29:16.038227|[g:1][CONSENSUS][PBFT]checkAndChangeView: Reach consensus,org_view=98547,org_changeCycle=0,cur_changeCycle=0,to_view=98548
info|2019-11-14 00:29:17.039538|[g:1][CONSENSUS]addRawPrepare,height=1,reqIdx=0,hash=94135d2f...
info|2019-11-14 00:29:17.040240|[g:1][CONSENSUS][PBFT]checkTimeout Succ,view=98548,toView=98549,nodeIdx=2,changeCycle=0,myNode=72961a87...,timecost=0.539
info|2019-11-14 00:29:17.041882|[g:1][CONSENSUS][PBFT]checkAndChangeView: Reach consensus,org_view=98548,org_changeCycle=0,cur_changeCycle=0,to_view=98549
info|2019-11-14 00:29:18.043240|[g:1][CONSENSUS]addRawPrepare,height=1,reqIdx=1,hash=5ccc3e46...
info|2019-11-14 00:29:18.043855|[g:1][CONSENSUS][PBFT]checkTimeout Succ,view=98549,toView=98550,nodeIdx=2,changeCycle=0,myNode=72961a87...,timecost=0.49
info|2019-11-14 00:29:18.045392|[g:1][CONSENSUS][PBFT]checkAndChangeView: Reach consensus,org_view=98549,org_changeCycle=0,cur_changeCycle=0,to_view=98550
info|2019-11-14 00:29:19.013343|[P2P][Service] heartBeat,connected count=3
info|2019-11-14 00:29:19.045453|[g:1][CONSENSUS][SEALER]++++++++++++++++ Generating seal on,blkNum=1,tx=0,nodeIdx=2,hash=d838aaa7...
info|2019-11-14 00:29:19.046538|[g:1][CONSENSUS][PBFT]checkTimeout Succ,view=98550,toView=98551,nodeIdx=2,changeCycle=0,myNode=72961a87...,timecost=0.627
info|2019-11-14 00:29:19.049030|[g:1][CONSENSUS][PBFT]checkAndChangeView: Reach consensus,org_view=98550,org_changeCycle=0,cur_changeCycle=0,to_view=98551
info|2019-11-14 00:29:20.050536|[g:1][CONSENSUS]addRawPrepare,height=1,reqIdx=3,hash=f10546bd...
info|2019-11-14 00:29:20.051151|[g:1][CONSENSUS][PBFT]checkTimeout Succ,view=98551,toView=98552,nodeIdx=2,changeCycle=0,myNode=72961a87...,timecost=0.49
info|2019-11-14 00:29:20.052631|[g:1][CONSENSUS][PBFT]checkAndChangeView: Reach consensus,org_view=98551,org_changeCycle=0,cur_changeCycle=0,to_view=98552
info|2019-11-14 00:29:21.054147|[g:1][CONSENSUS]addRawPrepare,height=1,reqIdx=0,hash=3980753e...
info|2019-11-14 00:29:21.054599|[g:1][CONSENSUS][PBFT]checkTimeout Succ,view=98552,toView=98553,nodeIdx=2,changeCycle=0,myNode=72961a87...,timecost=0.354
info|2019-11-14 00:29:21.055930|[g:1][CONSENSUS][PBFT]checkAndChangeView: Reach consensus,org_view=98552,org_changeCycle=0,cur_changeCycle=0,to_view=98553
info|2019-11-14 00:29:22.058082|[g:1][CONSENSUS]addRawPrepare,height=1,reqIdx=1,hash=695c40a1...
info|2019-11-14 00:29:22.058718|[g:1][CONSENSUS][PBFT]checkTimeout Succ,view=98553,toView=98554,nodeIdx=2,changeCycle=0,myNode=72961a87...,timecost=0.454
info|2019-11-14 00:29:22.060114|[g:1][CONSENSUS][PBFT]checkAndChangeView: Reach consensus,org_view=98553,org_changeCycle=0,cur_changeCycle=0,to_view=98554
info|2019-11-14 00:29:23.060744|[g:1][CONSENSUS][SEALER]++++++++++++++++ Generating seal on,blkNum=1,tx=0,nodeIdx=2,hash=d50a5024...
info|2019-11-14 00:29:23.063960|[g:1][CONSENSUS][PBFT]checkTimeout Succ,view=98554,toView=98555,nodeIdx=2,changeCycle=0,myNode=72961a87...,timecost=0.554
info|2019-11-14 00:29:23.064783|[g:1][CONSENSUS][PBFT]checkAndChangeView: Reach consensus,org_view=98554,org_changeCycle=0,cur_changeCycle=0,to_view=98555
info|2019-11-14 00:29:24.066211|[g:1][CONSENSUS]addRawPrepare,height=1,reqIdx=3,hash=aba074b9...
info|2019-11-14 00:29:24.066906|[g:1][CONSENSUS][PBFT]checkTimeout Succ,view=98555,toView=98556,nodeIdx=2,changeCycle=0,myNode=72961a87...,timecost=0.579
info|2019-11-14 00:29:24.068512|[g:1][CONSENSUS][PBFT]checkAndChangeView: Reach consensus,org_view=98555,org_changeCycle=0,cur_changeCycle=0,to_view=98556
info|2019-11-14 00:29:25.070920|[g:1][CONSENSUS]addRawPrepare,height=1,reqIdx=0,hash=74469e9a...
info|2019-11-14 00:29:25.071569|[g:1][CONSENSUS][PBFT]checkTimeout Succ,view=98556,toView=98557,nodeIdx=2,changeCycle=0,myNode=72961a87...,timecost=0.514
info|2019-11-14 00:29:25.073021|[g:1][CONSENSUS][PBFT]checkAndChangeView: Reach consensus,org_view=98556,org_changeCycle=0,cur_changeCycle=0,to_view=98557
info|2019-11-14 00:29:26.075963|[g:1][CONSENSUS]addRawPrepare,height=1,reqIdx=1,hash=587a69a3...
info|2019-11-14 00:29:26.076526|[g:1][CONSENSUS][PBFT]checkTimeout Succ,view=98557,toView=98558,nodeIdx=2,changeCycle=0,myNode=72961a87...,timecost=0.438
info|2019-11-14 00:29:26.078083|[g:1][CONSENSUS][PBFT]checkAndChangeView: Reach consensus,org_view=98557,org_changeCycle=0,cur_changeCycle=0,to_view=98558
info|2019-11-14 00:29:27.079571|[g:1][CONSENSUS][SEALER]++++++++++++++++ Generating seal on,blkNum=1,tx=0,nodeIdx=2,hash=7d8c4c91...
info|2019-11-14 00:29:27.082058|[g:1][CONSENSUS][PBFT]checkTimeout Succ,view=98558,toView=98559,nodeIdx=2,changeCycle=0,myNode=72961a87...,timecost=0.385
info|2019-11-14 00:29:27.083406|[g:1][CONSENSUS][PBFT]checkAndChangeView: Reach consensus,org_view=98558,org_changeCycle=0,cur_changeCycle=0,to_view=98559
info|2019-11-14 00:29:28.083480|[g:1][CONSENSUS]addRawPrepare,height=1,reqIdx=3,hash=842787e6...
info|2019-11-14 00:29:28.083936|[g:1][CONSENSUS][PBFT]checkTimeout Succ,view=98559,toView=98560,nodeIdx=2,changeCycle=0,myNode=72961a87...,timecost=0.34
info|2019-11-14 00:29:28.085353|[g:1][CONSENSUS][PBFT]checkAndChangeView: Reach consensus,org_view=98559,org_changeCycle=0,cur_changeCycle=0,to_view=98560
info|2019-11-14 00:29:29.020932|[P2P][Service] heartBeat,connected count=3
info|2019-11-14 00:29:29.087212|[g:1][CONSENSUS]addRawPrepare,height=1,reqIdx=0,hash=3c154094...
info|2019-11-14 00:29:29.087918|[g:1][CONSENSUS][PBFT]checkTimeout Succ,view=98560,toView=98561,nodeIdx=2,changeCycle=0,myNode=72961a87...,timecost=0.578
info|2019-11-14 00:29:29.089692|[g:1][CONSENSUS][PBFT]checkAndChangeView: Reach consensus,org_view=98560,org_changeCycle=0,cur_changeCycle=0,to_view=98561
info|2019-11-14 00:29:30.090909|[g:1][CONSENSUS]addRawPrepare,height=1,reqIdx=1,hash=b9e8cb68...
info|2019-11-14 00:29:30.091568|[g:1][CONSENSUS][PBFT]checkTimeout Succ,view=98561,toView=98562,nodeIdx=2,changeCycle=0,myNode=72961a87...,timecost=0.486
info|2019-11-14 00:29:30.093163|[g:1][CONSENSUS][PBFT]checkAndChangeView: Reach consensus,org_view=98561,org_changeCycle=0,cur_changeCycle=0,to_view=98562
info|2019-11-14 00:29:31.094147|[g:1][CONSENSUS][SEALER]++++++++++++++++ Generating seal on,blkNum=1,tx=0,nodeIdx=2,hash=9a0cfc5e...
info|2019-11-14 00:29:31.097574|[g:1][CONSENSUS][PBFT]checkTimeout Succ,view=98562,toView=98563,nodeIdx=2,changeCycle=0,myNode=72961a87...,timecost=0.555
info|2019-11-14 00:29:31.098299|[g:1][CONSENSUS][PBFT]checkAndChangeView: Reach consensus,org_view=98562,org_changeCycle=0,cur_changeCycle=0,to_view=98563
info|2019-11-14 00:29:32.099599|[g:1][CONSENSUS]addRawPrepare,height=1,reqIdx=3,hash=6baa73da...
info|2019-11-14 00:29:32.100301|[g:1][CONSENSUS][PBFT]checkTimeout Succ,view=98563,toView=98564,nodeIdx=2,changeCycle=0,myNode=72961a87...,timecost=0.544
info|2019-11-14 00:29:32.101692|[g:1][CONSENSUS][PBFT]checkAndChangeView: Reach consensus,org_view=98563,org_changeCycle=0,cur_changeCycle=0,to_view=98564
info|2019-11-14 00:29:33.102593|[g:1][CONSENSUS]addRawPrepare,height=1,reqIdx=0,hash=bffbbc13...
info|2019-11-14 00:29:33.103235|[g:1][CONSENSUS][PBFT]checkTimeout Succ,view=98564,toView=98565,nodeIdx=2,changeCycle=0,myNode=72961a87...,timecost=0.512
info|2019-11-14 00:29:33.104709|[g:1][CONSENSUS][PBFT]checkAndChangeView: Reach consensus,org_view=98564,org_changeCycle=0,cur_changeCycle=0,to_view=98565
info|2019-11-14 00:29:34.105907|[g:1][CONSENSUS]addRawPrepare,height=1,reqIdx=1,hash=542fced6...
info|2019-11-14 00:29:34.106950|[g:1][CONSENSUS][PBFT]checkTimeout Succ,view=98565,toView=98566,nodeIdx=2,changeCycle=0,myNode=72961a87...,timecost=0.872
info|2019-11-14 00:29:34.108529|[g:1][CONSENSUS][PBFT]checkAndChangeView: Reach consensus,org_view=98565,org_changeCycle=0,cur_changeCycle=0,to_view=98566
info|2019-11-14 00:29:35.109464|[g:1][CONSENSUS][SEALER]++++++++++++++++ Generating seal on,blkNum=1,tx=0,nodeIdx=2,hash=5e3543bb...
info|2019-11-14 00:29:35.110366|[g:1][CONSENSUS][PBFT]checkTimeout Succ,view=98566,toView=98567,nodeIdx=2,changeCycle=0,myNode=72961a87...,timecost=0.431
info|2019-11-14 00:29:35.112951|[g:1][CONSENSUS][PBFT]checkAndChangeView: Reach consensus,org_view=98566,org_changeCycle=0,cur_changeCycle=0,to_view=98567
info|2019-11-14 00:29:36.115811|[g:1][CONSENSUS]addRawPrepare,height=1,reqIdx=3,hash=e09dded7...
info|2019-11-14 00:29:36.116472|[g:1][CONSENSUS][PBFT]checkTimeout Succ,view=98567,toView=98568,nodeIdx=2,changeCycle=0,myNode=72961a87...,timecost=0.521
info|2019-11-14 00:29:36.118321|[g:1][CONSENSUS][PBFT]checkAndChangeView: Reach consensus,org_view=98567,org_changeCycle=0,cur_changeCycle=0,to_view=98568
info|2019-11-14 00:29:37.120059|[g:1][CONSENSUS]addRawPrepare,height=1,reqIdx=0,hash=51c0b78b...
info|2019-11-14 00:29:37.120656|[g:1][CONSENSUS][PBFT]checkTimeout Succ,view=98568,toView=98569,nodeIdx=2,changeCycle=0,myNode=72961a87...,timecost=0.465
info|2019-11-14 00:29:37.121965|[g:1][CONSENSUS][PBFT]checkAndChangeView: Reach consensus,org_view=98568,org_changeCycle=0,cur_changeCycle=0,to_view=98569
info|2019-11-14 00:29:38.124437|[g:1][CONSENSUS]addRawPrepare,height=1,reqIdx=1,hash=c1e547ff...
info|2019-11-14 00:29:38.125022|[g:1][CONSENSUS][PBFT]checkTimeout Succ,view=98569,toView=98570,nodeIdx=2,changeCycle=0,myNode=72961a87...,timecost=0.452
info|2019-11-14 00:29:38.126449|[g:1][CONSENSUS][PBFT]checkAndChangeView: Reach consensus,org_view=98569,org_changeCycle=0,cur_changeCycle=0,to_view=98570
info|2019-11-14 00:29:39.029411|[P2P][Service] heartBeat,connected count=3
info|2019-11-14 00:29:39.127722|[g:1][CONSENSUS][SEALER]++++++++++++++++ Generating seal on,blkNum=1,tx=0,nodeIdx=2,hash=21d59f3e...
info|2019-11-14 00:29:39.128800|[g:1][CONSENSUS][PBFT]checkTimeout Succ,view=98570,toView=98571,nodeIdx=2,changeCycle=0,myNode=72961a87...,timecost=0.614
info|2019-11-14 00:29:39.131594|[g:1][CONSENSUS][PBFT]checkAndChangeView: Reach consensus,org_view=98570,org_changeCycle=0,cur_changeCycle=0,to_view=98571
info|2019-11-14 00:29:40.132706|[g:1][CONSENSUS]addRawPrepare,height=1,reqIdx=3,hash=0000e2e6...
info|2019-11-14 00:29:40.133328|[g:1][CONSENSUS][PBFT]checkTimeout Succ,view=98571,toView=98572,nodeIdx=2,changeCycle=0,myNode=72961a87...,timecost=0.484
info|2019-11-14 00:29:40.134736|[g:1][CONSENSUS][PBFT]checkAndChangeView: Reach consensus,org_view=98571,org_changeCycle=0,cur_changeCycle=0,to_view=98572
info|2019-11-14 00:29:41.136272|[g:1][CONSENSUS]addRawPrepare,height=1,reqIdx=0,hash=92ff7158...
info|2019-11-14 00:29:41.136918|[g:1][CONSENSUS][PBFT]checkTimeout Succ,view=98572,toView=98573,nodeIdx=2,changeCycle=0,myNode=72961a87...,timecost=0.474
info|2019-11-14 00:29:41.138631|[g:1][CONSENSUS][PBFT]checkAndChangeView: Reach consensus,org_view=98572,org_changeCycle=0,cur_changeCycle=0,to_view=98573
info|2019-11-14 00:29:42.141091|[g:1][CONSENSUS]addRawPrepare,height=1,reqIdx=1,hash=561b2203...
info|2019-11-14 00:29:42.141753|[g:1][CONSENSUS][PBFT]checkTimeout Succ,view=98573,toView=98574,nodeIdx=2,changeCycle=0,myNode=72961a87...,timecost=0.488
info|2019-11-14 00:29:42.143473|[g:1][CONSENSUS][PBFT]checkAndChangeView: Reach consensus,org_view=98573,org_changeCycle=0,cur_changeCycle=0,to_view=98574
info|2019-11-14 00:29:43.144223|[g:1][CONSENSUS][SEALER]++++++++++++++++ Generating seal on,blkNum=1,tx=0,nodeIdx=2,hash=ee4f0603...
info|2019-11-14 00:29:43.145119|[g:1][CONSENSUS][PBFT]checkTimeout Succ,view=98574,toView=98575,nodeIdx=2,changeCycle=0,myNode=72961a87...,timecost=0.431
info|2019-11-14 00:29:43.147696|[g:1][CONSENSUS][PBFT]checkAndChangeView: Reach consensus,org_view=98574,org_changeCycle=0,cur_changeCycle=0,to_view=98575
info|2019-11-14 00:29:44.149572|[g:1][CONSENSUS]addRawPrepare,height=1,reqIdx=3,hash=defcee6a...
info|2019-11-14 00:29:44.150910|[g:1][CONSENSUS][PBFT]checkTimeout Succ,view=98575,toView=98576,nodeIdx=2,changeCycle=0,myNode=72961a87...,timecost=1.202
info|2019-11-14 00:29:44.152323|[g:1][CONSENSUS][PBFT]checkAndChangeView: Reach consensus,org_view=98575,org_changeCycle=0,cur_changeCycle=0,to_view=98576
info|2019-11-14 00:29:45.153718|[g:1][CONSENSUS]addRawPrepare,height=1,reqIdx=0,hash=bdfea59d...
info|2019-11-14 00:29:45.154317|[g:1][CONSENSUS][PBFT]checkTimeout Succ,view=98576,toView=98577,nodeIdx=2,changeCycle=0,myNode=72961a87...,timecost=0.452
info|2019-11-14 00:29:45.155547|[g:1][CONSENSUS][PBFT]checkAndChangeView: Reach consensus,org_view=98576,org_changeCycle=0,cur_changeCycle=0,to_view=98577
info|2019-11-14 00:29:46.156895|[g:1][CONSENSUS]addRawPrepare,height=1,reqIdx=1,hash=10c59ea4...
info|2019-11-14 00:29:46.157469|[g:1][CONSENSUS][PBFT]checkTimeout Succ,view=98577,toView=98578,nodeIdx=2,changeCycle=0,myNode=72961a87...,timecost=0.453
info|2019-11-14 00:29:46.158833|[g:1][CONSENSUS][PBFT]checkAndChangeView: Reach consensus,org_view=98577,org_changeCycle=0,cur_changeCycle=0,to_view=98578
info|2019-11-14 00:29:47.159033|[g:1][CONSENSUS][SEALER]++++++++++++++++ Generating seal on,blkNum=1,tx=0,nodeIdx=2,hash=d554ae4e...
info|2019-11-14 00:29:47.162619|[g:1][CONSENSUS][PBFT]checkTimeout Succ,view=98578,toView=98579,nodeIdx=2,changeCycle=0,myNode=72961a87...,timecost=0.477
info|2019-11-14 00:29:47.163301|[g:1][CONSENSUS][PBFT]checkAndChangeView: Reach consensus,org_view=98578,org_changeCycle=0,cur_changeCycle=0,to_view=98579
info|2019-11-14 00:29:48.163491|[g:1][CONSENSUS]addRawPrepare,height=1,reqIdx=3,hash=5ac9cfcb...
info|2019-11-14 00:29:48.164150|[g:1][CONSENSUS][PBFT]checkTimeout Succ,view=98579,toView=98580,nodeIdx=2,changeCycle=0,myNode=72961a87...,timecost=0.492
info|2019-11-14 00:29:48.165719|[g:1][CONSENSUS][PBFT]checkAndChangeView: Reach consensus,org_view=98579,org_changeCycle=0,cur_changeCycle=0,to_view=98580
info|2019-11-14 00:29:49.036326|[P2P][Service] heartBeat,connected count=3
info|2019-11-14 00:29:49.167123|[g:1][CONSENSUS]addRawPrepare,height=1,reqIdx=0,hash=2478f779...
info|2019-11-14 00:29:49.168314|[g:1][CONSENSUS][PBFT]checkTimeout Succ,view=98580,toView=98581,nodeIdx=2,changeCycle=0,myNode=72961a87...,timecost=1.073
info|2019-11-14 00:29:49.169514|[g:1][CONSENSUS][PBFT]checkAndChangeView: Reach consensus,org_view=98580,org_changeCycle=0,cur_changeCycle=0,to_view=98581
info|2019-11-14 00:29:50.683619|[g:1][CONSENSUS]addRawPrepare,height=1,reqIdx=1,hash=fbb1930b...
info|2019-11-14 00:29:50.684145|[g:1][CONSENSUS][PBFT]checkTimeout Succ,view=98581,toView=98582,nodeIdx=2,changeCycle=0,myNode=72961a87...,timecost=0.414
info|2019-11-14 00:29:50.685405|[g:1][CONSENSUS][PBFT]checkAndChangeView: Reach consensus,org_view=98581,org_changeCycle=0,cur_changeCycle=0,to_view=98582
info|2019-11-14 00:29:51.686103|[g:1][CONSENSUS][SEALER]++++++++++++++++ Generating seal on,blkNum=1,tx=0,nodeIdx=2,hash=29f13373...
info|2019-11-14 00:29:51.688722|[g:1][CONSENSUS][PBFT]checkTimeout Succ,view=98582,toView=98583,nodeIdx=2,changeCycle=0,myNode=72961a87...,timecost=0.341
info|2019-11-14 00:29:51.689317|[g:1][CONSENSUS][PBFT]checkAndChangeView: Reach consensus,org_view=98582,org_changeCycle=0,cur_changeCycle=0,to_view=98583
info|2019-11-14 00:29:52.689362|[g:1][CONSENSUS]addRawPrepare,height=1,reqIdx=3,hash=8ec12f2d...
info|2019-11-14 00:29:52.690074|[g:1][CONSENSUS][PBFT]checkTimeout Succ,view=98583,toView=98584,nodeIdx=2,changeCycle=0,myNode=72961a87...,timecost=0.547
info|2019-11-14 00:29:52.691837|[g:1][CONSENSUS][PBFT]checkAndChangeView: Reach consensus,org_view=98583,org_changeCycle=0,cur_changeCycle=0,to_view=98584
info|2019-11-14 00:29:53.692822|[g:1][CONSENSUS]addRawPrepare,height=1,reqIdx=0,hash=70c8ce96...
info|2019-11-14 00:29:53.693459|[g:1][CONSENSUS][PBFT]checkTimeout Succ,view=98584,toView=98585,nodeIdx=2,changeCycle=0,myNode=72961a87...,timecost=0.493
info|2019-11-14 00:29:53.695219|[g:1][CONSENSUS][PBFT]checkAndChangeView: Reach consensus,org_view=98584,org_changeCycle=0,cur_changeCycle=0,to_view=98585
info|2019-11-14 00:29:54.697637|[g:1][CONSENSUS]addRawPrepare,height=1,reqIdx=1,hash=2cb53194...
info|2019-11-14 00:29:54.698551|[g:1][CONSENSUS][PBFT]checkTimeout Succ,view=98585,toView=98586,nodeIdx=2,changeCycle=0,myNode=72961a87...,timecost=0.722
info|2019-11-14 00:29:54.699935|[g:1][CONSENSUS][PBFT]checkAndChangeView: Reach consensus,org_view=98585,org_changeCycle=0,cur_changeCycle=0,to_view=98586
info|2019-11-14 00:29:55.700255|[g:1][CONSENSUS][SEALER]++++++++++++++++ Generating seal on,blkNum=1,tx=0,nodeIdx=2,hash=955183f9...
info|2019-11-14 00:29:55.703608|[g:1][CONSENSUS][PBFT]checkTimeout Succ,view=98586,toView=98587,nodeIdx=2,changeCycle=0,myNode=72961a87...,timecost=0.401
info|2019-11-14 00:29:55.704413|[g:1][CONSENSUS][PBFT]checkAndChangeView: Reach consensus,org_view=98586,org_changeCycle=0,cur_changeCycle=0,to_view=98587
info|2019-11-14 00:29:56.705996|[g:1][CONSENSUS]addRawPrepare,height=1,reqIdx=3,hash=91f9675b...
info|2019-11-14 00:29:56.706658|[g:1][CONSENSUS][PBFT]checkTimeout Succ,view=98587,toView=98588,nodeIdx=2,changeCycle=0,myNode=72961a87...,timecost=0.5
info|2019-11-14 00:29:56.708006|[g:1][CONSENSUS][PBFT]checkAndChangeView: Reach consensus,org_view=98587,org_changeCycle=0,cur_changeCycle=0,to_view=98588
info|2019-11-14 00:29:57.708513|[g:1][CONSENSUS]addRawPrepare,height=1,reqIdx=0,hash=490139a8...
info|2019-11-14 00:29:57.709104|[g:1][CONSENSUS][PBFT]checkTimeout Succ,view=98588,toView=98589,nodeIdx=2,changeCycle=0,myNode=72961a87...,timecost=0.482
info|2019-11-14 00:29:57.710178|[g:1][CONSENSUS][PBFT]checkAndChangeView: Reach consensus,org_view=98588,org_changeCycle=0,cur_changeCycle=0,to_view=98589
info|2019-11-14 00:29:58.712106|[g:1][CONSENSUS]addRawPrepare,height=1,reqIdx=1,hash=2d88c47d...
info|2019-11-14 00:29:58.712712|[g:1][CONSENSUS][PBFT]checkTimeout Succ,view=98589,toView=98590,nodeIdx=2,changeCycle=0,myNode=72961a87...,timecost=0.442
info|2019-11-14 00:29:58.714136|[g:1][CONSENSUS][PBFT]checkAndChangeView: Reach consensus,org_view=98589,org_changeCycle=0,cur_changeCycle=0,to_view=98590
info|2019-11-14 00:29:59.045278|[P2P][Service] heartBeat,connected count=3
info|2019-11-14 00:29:59.715347|[g:1][CONSENSUS][SEALER]++++++++++++++++ Generating seal on,blkNum=1,tx=0,nodeIdx=2,hash=20ae37bf...
info|2019-11-14 00:29:59.716357|[g:1][CONSENSUS][PBFT]checkTimeout Succ,view=98590,toView=98591,nodeIdx=2,changeCycle=0,myNode=72961a87...,timecost=0.536
info|2019-11-14 00:29:59.718839|[g:1][CONSENSUS][PBFT]checkAndChangeView: Reach consensus,org_view=98590,org_changeCycle=0,cur_changeCycle=0,to_view=98591
info|2019-11-14 00:30:00.720458|[g:1][CONSENSUS]addRawPrepare,height=1,reqIdx=3,hash=1f010c48...
info|2019-11-14 00:30:00.721056|[g:1][CONSENSUS][PBFT]checkTimeout Succ,view=98591,toView=98592,nodeIdx=2,changeCycle=0,myNode=72961a87...,timecost=0.455
info|2019-11-14 00:30:00.722524|[g:1][CONSENSUS][PBFT]checkAndChangeView: Reach consensus,org_view=98591,org_changeCycle=0,cur_changeCycle=0,to_view=98592
info|2019-11-14 00:30:01.724505|[g:1][CONSENSUS]addRawPrepare,height=1,reqIdx=0,hash=379c70fc...
info|2019-11-14 00:30:01.725117|[g:1][CONSENSUS][PBFT]checkTimeout Succ,view=98592,toView=98593,nodeIdx=2,changeCycle=0,myNode=72961a87...,timecost=0.445
info|2019-11-14 00:30:01.726464|[g:1][CONSENSUS][PBFT]checkAndChangeView: Reach consensus,org_view=98592,org_changeCycle=0,cur_changeCycle=0,to_view=98593
info|2019-11-14 00:30:02.728284|[g:1][CONSENSUS]addRawPrepare,height=1,reqIdx=1,hash=db7a88ea...
info|2019-11-14 00:30:02.728953|[g:1][CONSENSUS][PBFT]checkTimeout Succ,view=98593,toView=98594,nodeIdx=2,changeCycle=0,myNode=72961a87...,timecost=0.486
info|2019-11-14 00:30:02.730436|[g:1][CONSENSUS][PBFT]checkAndChangeView: Reach consensus,org_view=98593,org_changeCycle=0,cur_changeCycle=0,to_view=98594
info|2019-11-14 00:30:03.731255|[g:1][CONSENSUS][SEALER]++++++++++++++++ Generating seal on,blkNum=1,tx=0,nodeIdx=2,hash=2e6bb204...
info|2019-11-14 00:30:03.734364|[g:1][CONSENSUS][PBFT]checkTimeout Succ,view=98594,toView=98595,nodeIdx=2,changeCycle=0,myNode=72961a87...,timecost=0.48
info|2019-11-14 00:30:03.735089|[g:1][CONSENSUS][PBFT]checkAndChangeView: Reach consensus,org_view=98594,org_changeCycle=0,cur_changeCycle=0,to_view=98595
info|2019-11-14 00:30:04.735492|[g:1][CONSENSUS]addRawPrepare,height=1,reqIdx=3,hash=a32eaa23...
info|2019-11-14 00:30:04.736024|[g:1][CONSENSUS][PBFT]checkTimeout Succ,view=98595,toView=98596,nodeIdx=2,changeCycle=0,myNode=72961a87...,timecost=0.41
info|2019-11-14 00:30:04.737249|[g:1][CONSENSUS][PBFT]checkAndChangeView: Reach consensus,org_view=98595,org_changeCycle=0,cur_changeCycle=0,to_view=98596
info|2019-11-14 00:30:05.738900|[g:1][CONSENSUS]addRawPrepare,height=1,reqIdx=0,hash=2a5728b9...
info|2019-11-14 00:30:05.739451|[g:1][CONSENSUS][PBFT]checkTimeout Succ,view=98596,toView=98597,nodeIdx=2,changeCycle=0,myNode=72961a87...,timecost=0.393
info|2019-11-14 00:30:05.740690|[g:1][CONSENSUS][PBFT]checkAndChangeView: Reach consensus,org_view=98596,org_changeCycle=0,cur_changeCycle=0,to_view=98597
info|2019-11-14 00:30:06.741955|[g:1][CONSENSUS]addRawPrepare,height=1,reqIdx=1,hash=2fa397c4...
info|2019-11-14 00:30:06.742773|[g:1][CONSENSUS][PBFT]checkTimeout Succ,view=98597,toView=98598,nodeIdx=2,changeCycle=0,myNode=72961a87...,timecost=0.632
info|2019-11-14 00:30:06.744272|[g:1][CONSENSUS][PBFT]checkAndChangeView: Reach consensus,org_view=98597,org_changeCycle=0,cur_changeCycle=0,to_view=98598
info|2019-11-14 00:30:07.745259|[g:1][CONSENSUS][SEALER]++++++++++++++++ Generating seal on,blkNum=1,tx=0,nodeIdx=2,hash=d59d3cdc...
info|2019-11-14 00:30:07.747761|[g:1][CONSENSUS][PBFT]checkTimeout Succ,view=98598,toView=98599,nodeIdx=2,changeCycle=0,myNode=72961a87...,timecost=0.406
info|2019-11-14 00:30:07.749109|[g:1][CONSENSUS][PBFT]checkAndChangeView: Reach consensus,org_view=98598,org_changeCycle=0,cur_changeCycle=0,to_view=98599
info|2019-11-14 00:30:08.750856|[g:1][CONSENSUS]addRawPrepare,height=1,reqIdx=3,hash=be676d2c...
info|2019-11-14 00:30:08.751376|[g:1][CONSENSUS][PBFT]checkTimeout Succ,view=98599,toView=98600,nodeIdx=2,changeCycle=0,myNode=72961a87...,timecost=0.406
info|2019-11-14 00:30:08.752772|[g:1][CONSENSUS][PBFT]checkAndChangeView: Reach consensus,org_view=98599,org_changeCycle=0,cur_changeCycle=0,to_view=98600
info|2019-11-14 00:30:09.049882|[P2P][Service] heartBeat,connected count=3
info|2019-11-14 00:30:09.754019|[g:1][CONSENSUS]addRawPrepare,height=1,reqIdx=0,hash=3f5e8300...
info|2019-11-14 00:30:09.754500|[g:1][CONSENSUS][PBFT]checkTimeout Succ,view=98600,toView=98601,nodeIdx=2,changeCycle=0,myNode=72961a87...,timecost=0.356
info|2019-11-14 00:30:09.755608|[g:1][CONSENSUS][PBFT]checkAndChangeView: Reach consensus,org_view=98600,org_changeCycle=0,cur_changeCycle=0,to_view=98601
info|2019-11-14 00:30:10.757474|[g:1][CONSENSUS]addRawPrepare,height=1,reqIdx=1,hash=f4e80667...
info|2019-11-14 00:30:10.758058|[g:1][CONSENSUS][PBFT]checkTimeout Succ,view=98601,toView=98602,nodeIdx=2,changeCycle=0,myNode=72961a87...,timecost=0.424
info|2019-11-14 00:30:10.759535|[g:1][CONSENSUS][PBFT]checkAndChangeView: Reach consensus,org_view=98601,org_changeCycle=0,cur_changeCycle=0,to_view=98602
info|2019-11-14 00:30:11.760190|[g:1][CONSENSUS][SEALER]++++++++++++++++ Generating seal on,blkNum=1,tx=0,nodeIdx=2,hash=a416bd09...
info|2019-11-14 00:30:11.762617|[g:1][CONSENSUS][PBFT]checkTimeout Succ,view=98602,toView=98603,nodeIdx=2,changeCycle=0,myNode=72961a87...,timecost=0.352
info|2019-11-14 00:30:11.763140|[g:1][CONSENSUS][PBFT]checkAndChangeView: Reach consensus,org_view=98602,org_changeCycle=0,cur_changeCycle=0,to_view=98603
info|2019-11-14 00:30:12.764650|[g:1][CONSENSUS]addRawPrepare,height=1,reqIdx=3,hash=559a80d5...
info|2019-11-14 00:30:12.765295|[g:1][CONSENSUS][PBFT]checkTimeout Succ,view=98603,toView=98604,nodeIdx=2,changeCycle=0,myNode=72961a87...,timecost=0.513
info|2019-11-14 00:30:12.767047|[g:1][CONSENSUS][PBFT]checkAndChangeView: Reach consensus,org_view=98603,org_changeCycle=0,cur_changeCycle=0,to_view=98604
info|2019-11-14 00:30:13.769257|[g:1][CONSENSUS]addRawPrepare,height=1,reqIdx=0,hash=60eeaac8...
info|2019-11-14 00:30:13.769941|[g:1][CONSENSUS][PBFT]checkTimeout Succ,view=98604,toView=98605,nodeIdx=2,changeCycle=0,myNode=72961a87...,timecost=0.519
info|2019-11-14 00:30:13.771856|[g:1][CONSENSUS][PBFT]checkAndChangeView: Reach consensus,org_view=98604,org_changeCycle=0,cur_changeCycle=0,to_view=98605
info|2019-11-14 00:30:14.772383|[g:1][CONSENSUS]addRawPrepare,height=1,reqIdx=1,hash=c5ef96b5...
info|2019-11-14 00:30:14.772896|[g:1][CONSENSUS][PBFT]checkTimeout Succ,view=98605,toView=98606,nodeIdx=2,changeCycle=0,myNode=72961a87...,timecost=0.429
info|2019-11-14 00:30:14.774015|[g:1][CONSENSUS][PBFT]checkAndChangeView: Reach consensus,org_view=98605,org_changeCycle=0,cur_changeCycle=0,to_view=98606
info|2019-11-14 00:30:15.775293|[g:1][CONSENSUS][SEALER]++++++++++++++++ Generating seal on,blkNum=1,tx=0,nodeIdx=2,hash=c60e6f52...
info|2019-11-14 00:30:15.775907|[g:1][CONSENSUS][PBFT]checkTimeout Succ,view=98606,toView=98607,nodeIdx=2,changeCycle=0,myNode=72961a87...,timecost=0.3
info|2019-11-14 00:30:15.777721|[g:1][CONSENSUS][PBFT]checkAndChangeView: Reach consensus,org_view=98606,org_changeCycle=0,cur_changeCycle=0,to_view=98607
info|2019-11-14 00:30:16.780275|[g:1][CONSENSUS]addRawPrepare,height=1,reqIdx=3,hash=6b72fa2a...
info|2019-11-14 00:30:16.780906|[g:1][CONSENSUS][PBFT]checkTimeout Succ,view=98607,toView=98608,nodeIdx=2,changeCycle=0,myNode=72961a87...,timecost=0.461
info|2019-11-14 00:30:16.782419|[g:1][CONSENSUS][PBFT]checkAndChangeView: Reach consensus,org_view=98607,org_changeCycle=0,cur_changeCycle=0,to_view=98608
