warning|2019-11-13 15:09:41.006804|[g:1][CONSENSUS][PBFT]ViewChangeWarning: not caused by omit empty block ,v=76160,toV=76161,curNum=0,hash=f72cae63...,nodeIdx=2,myNode=72961a87...
info|2019-11-13 15:09:41.008282|[g:1][CONSENSUS][PBFT]checkTimeout Succ,view=76160,toView=76161,nodeIdx=2,changeCycle=1,myNode=72961a87...,timecost=6.25
info|2019-11-13 15:09:41.010254|[P2P][Service] heartBeat,connected count=3
info|2019-11-13 15:09:41.015418|[g:1][CONSENSUS][PBFT]checkAndChangeView: Reach consensus,org_view=76160,org_changeCycle=1,cur_changeCycle=1,to_view=76161
info|2019-11-13 15:09:42.016610|[g:1][CONSENSUS]addRawPrepare,height=1,reqIdx=1,hash=58facdb5...
info|2019-11-13 15:09:42.017054|[g:1][CONSENSUS][PBFT]checkTimeout Succ,view=76161,toView=76162,nodeIdx=2,changeCycle=0,myNode=72961a87...,timecost=0.343
info|2019-11-13 15:09:42.017731|[g:1][CONSENSUS][PBFT]checkAndChangeView: Reach consensus,org_view=76161,org_changeCycle=0,cur_changeCycle=0,to_view=76162
info|2019-11-13 15:09:43.017446|[g:1][CONSENSUS][SEALER]++++++++++++++++ Generating seal on,blkNum=1,tx=0,nodeIdx=2,hash=f259e258...
info|2019-11-13 15:09:43.019878|[g:1][CONSENSUS][PBFT]checkTimeout Succ,view=76162,toView=76163,nodeIdx=2,changeCycle=0,myNode=72961a87...,timecost=0.31
info|2019-11-13 15:09:43.020618|[g:1][CONSENSUS][PBFT]checkAndChangeView: Reach consensus,org_view=76162,org_changeCycle=0,cur_changeCycle=0,to_view=76163
info|2019-11-13 15:09:44.022454|[g:1][CONSENSUS]addRawPrepare,height=1,reqIdx=3,hash=8d66ba23...
info|2019-11-13 15:09:44.022922|[g:1][CONSENSUS][PBFT]checkTimeout Succ,view=76163,toView=76164,nodeIdx=2,changeCycle=0,myNode=72961a87...,timecost=0.371
info|2019-11-13 15:09:44.024166|[g:1][CONSENSUS][PBFT]checkAndChangeView: Reach consensus,org_view=76163,org_changeCycle=0,cur_changeCycle=0,to_view=76164
info|2019-11-13 15:09:45.025807|[g:1][CONSENSUS]addRawPrepare,height=1,reqIdx=0,hash=533aa359...
info|2019-11-13 15:09:45.026262|[g:1][CONSENSUS][PBFT]checkTimeout Succ,view=76164,toView=76165,nodeIdx=2,changeCycle=0,myNode=72961a87...,timecost=0.358
info|2019-11-13 15:09:45.027287|[g:1][CONSENSUS][PBFT]checkAndChangeView: Reach consensus,org_view=76164,org_changeCycle=0,cur_changeCycle=0,to_view=76165
info|2019-11-13 15:09:46.028636|[g:1][CONSENSUS]addRawPrepare,height=1,reqIdx=1,hash=c287a9c4...
info|2019-11-13 15:09:46.029357|[g:1][CONSENSUS][PBFT]checkTimeout Succ,view=76165,toView=76166,nodeIdx=2,changeCycle=0,myNode=72961a87...,timecost=0.61
info|2019-11-13 15:09:46.030825|[g:1][CONSENSUS][PBFT]checkAndChangeView: Reach consensus,org_view=76165,org_changeCycle=0,cur_changeCycle=0,to_view=76166
info|2019-11-13 15:09:47.030285|[g:1][CONSENSUS][SEALER]++++++++++++++++ Generating seal on,blkNum=1,tx=0,nodeIdx=2,hash=fb5a661f...
info|2019-11-13 15:09:47.033627|[g:1][CONSENSUS][PBFT]checkTimeout Succ,view=76166,toView=76167,nodeIdx=2,changeCycle=0,myNode=72961a87...,timecost=0.509
info|2019-11-13 15:09:47.034410|[g:1][CONSENSUS][PBFT]checkAndChangeView: Reach consensus,org_view=76166,org_changeCycle=0,cur_changeCycle=0,to_view=76167
info|2019-11-13 15:09:48.034784|[g:1][CONSENSUS]addRawPrepare,height=1,reqIdx=3,hash=06fc35fc...
info|2019-11-13 15:09:48.035472|[g:1][CONSENSUS][PBFT]checkTimeout Succ,view=76167,toView=76168,nodeIdx=2,changeCycle=0,myNode=72961a87...,timecost=0.46
info|2019-11-13 15:09:48.036923|[g:1][CONSENSUS][PBFT]checkAndChangeView: Reach consensus,org_view=76167,org_changeCycle=0,cur_changeCycle=0,to_view=76168
info|2019-11-13 15:09:49.037890|[g:1][CONSENSUS]addRawPrepare,height=1,reqIdx=0,hash=37d764e6...
info|2019-11-13 15:09:49.038269|[g:1][CONSENSUS][PBFT]checkTimeout Succ,view=76168,toView=76169,nodeIdx=2,changeCycle=0,myNode=72961a87...,timecost=0.283
info|2019-11-13 15:09:49.039500|[g:1][CONSENSUS][PBFT]checkAndChangeView: Reach consensus,org_view=76168,org_changeCycle=0,cur_changeCycle=0,to_view=76169
info|2019-11-13 15:09:50.041241|[g:1][CONSENSUS]addRawPrepare,height=1,reqIdx=1,hash=7930b23f...
info|2019-11-13 15:09:50.041904|[g:1][CONSENSUS][PBFT]checkTimeout Succ,view=76169,toView=76170,nodeIdx=2,changeCycle=0,myNode=72961a87...,timecost=0.487
info|2019-11-13 15:09:50.043258|[g:1][CONSENSUS][PBFT]checkAndChangeView: Reach consensus,org_view=76169,org_changeCycle=0,cur_changeCycle=0,to_view=76170
info|2019-11-13 15:09:51.014004|[P2P][Service] heartBeat,connected count=3
info|2019-11-13 15:09:51.043374|[g:1][CONSENSUS][SEALER]++++++++++++++++ Generating seal on,blkNum=1,tx=0,nodeIdx=2,hash=fd32cf7c...
info|2019-11-13 15:09:51.046501|[g:1][CONSENSUS][PBFT]checkTimeout Succ,view=76170,toView=76171,nodeIdx=2,changeCycle=0,myNode=72961a87...,timecost=0.447
info|2019-11-13 15:09:51.047007|[g:1][CONSENSUS][PBFT]checkAndChangeView: Reach consensus,org_view=76170,org_changeCycle=0,cur_changeCycle=0,to_view=76171
info|2019-11-13 15:09:52.048199|[g:1][CONSENSUS]addRawPrepare,height=1,reqIdx=3,hash=3e561d8c...
info|2019-11-13 15:09:52.048871|[g:1][CONSENSUS][PBFT]checkTimeout Succ,view=76171,toView=76172,nodeIdx=2,changeCycle=0,myNode=72961a87...,timecost=0.535
info|2019-11-13 15:09:52.050299|[g:1][CONSENSUS][PBFT]checkAndChangeView: Reach consensus,org_view=76171,org_changeCycle=0,cur_changeCycle=0,to_view=76172
info|2019-11-13 15:09:53.051832|[g:1][CONSENSUS]addRawPrepare,height=1,reqIdx=0,hash=25fae2cd...
info|2019-11-13 15:09:53.052419|[g:1][CONSENSUS][PBFT]checkTimeout Succ,view=76172,toView=76173,nodeIdx=2,changeCycle=0,myNode=72961a87...,timecost=0.461
info|2019-11-13 15:09:53.053723|[g:1][CONSENSUS][PBFT]checkAndChangeView: Reach consensus,org_view=76172,org_changeCycle=0,cur_changeCycle=0,to_view=76173
info|2019-11-13 15:09:54.055441|[g:1][CONSENSUS]addRawPrepare,height=1,reqIdx=1,hash=a9c1dd23...
info|2019-11-13 15:09:54.056093|[g:1][CONSENSUS][PBFT]checkTimeout Succ,view=76173,toView=76174,nodeIdx=2,changeCycle=0,myNode=72961a87...,timecost=0.5
info|2019-11-13 15:09:54.057427|[g:1][CONSENSUS][PBFT]checkAndChangeView: Reach consensus,org_view=76173,org_changeCycle=0,cur_changeCycle=0,to_view=76174
info|2019-11-13 15:09:55.057581|[g:1][CONSENSUS][SEALER]++++++++++++++++ Generating seal on,blkNum=1,tx=0,nodeIdx=2,hash=eb33d4f4...
info|2019-11-13 15:09:55.060362|[g:1][CONSENSUS][PBFT]checkTimeout Succ,view=76174,toView=76175,nodeIdx=2,changeCycle=0,myNode=72961a87...,timecost=0.518
info|2019-11-13 15:09:55.061893|[g:1][CONSENSUS][PBFT]checkAndChangeView: Reach consensus,org_view=76174,org_changeCycle=0,cur_changeCycle=0,to_view=76175
info|2019-11-13 15:09:56.064127|[g:1][CONSENSUS]addRawPrepare,height=1,reqIdx=3,hash=5fa03cc1...
info|2019-11-13 15:09:56.064854|[g:1][CONSENSUS][PBFT]checkTimeout Succ,view=76175,toView=76176,nodeIdx=2,changeCycle=0,myNode=72961a87...,timecost=0.545
info|2019-11-13 15:09:56.066525|[g:1][CONSENSUS][PBFT]checkAndChangeView: Reach consensus,org_view=76175,org_changeCycle=0,cur_changeCycle=0,to_view=76176
