warning|2019-11-12 01:25:32.002906|[g:1][CONSENSUS][PBFT]ViewChangeWarning: not caused by omit empty block ,v=22341,toV=22342,curNum=0,hash=f72cae63...,nodeIdx=2,myNode=72961a87...
info|2019-11-12 01:25:32.003186|[P2P][Service] heartBeat,connected count=3
info|2019-11-12 01:25:32.004274|[g:1][CONSENSUS][PBFT]checkTimeout Succ,view=22341,toView=22342,nodeIdx=2,changeCycle=1,myNode=72961a87...,timecost=2.9
info|2019-11-12 01:25:32.007375|[g:1][CONSENSUS][PBFT]checkAndChangeView: Reach consensus,org_view=22341,org_changeCycle=1,cur_changeCycle=1,to_view=22342
info|2019-11-12 01:25:33.007816|[g:1][CONSENSUS][SEALER]++++++++++++++++ Generating seal on,blkNum=1,tx=0,nodeIdx=2,hash=7a3d3419...
info|2019-11-12 01:25:33.008429|[g:1][CONSENSUS][PBFT]checkTimeout Succ,view=22342,toView=22343,nodeIdx=2,changeCycle=0,myNode=72961a87...,timecost=0.319
info|2019-11-12 01:25:33.010349|[g:1][CONSENSUS][PBFT]checkAndChangeView: Reach consensus,org_view=22342,org_changeCycle=0,cur_changeCycle=0,to_view=22343
info|2019-11-12 01:25:34.012491|[g:1][CONSENSUS]addRawPrepare,height=1,reqIdx=3,hash=a620740c...
info|2019-11-12 01:25:34.012956|[g:1][CONSENSUS][PBFT]checkTimeout Succ,view=22343,toView=22344,nodeIdx=2,changeCycle=0,myNode=72961a87...,timecost=0.33
info|2019-11-12 01:25:34.014164|[g:1][CONSENSUS][PBFT]checkAndChangeView: Reach consensus,org_view=22343,org_changeCycle=0,cur_changeCycle=0,to_view=22344
info|2019-11-12 01:25:35.016171|[g:1][CONSENSUS]addRawPrepare,height=1,reqIdx=0,hash=c88b6fe5...
info|2019-11-12 01:25:35.016618|[g:1][CONSENSUS][PBFT]checkTimeout Succ,view=22344,toView=22345,nodeIdx=2,changeCycle=0,myNode=72961a87...,timecost=0.36
info|2019-11-12 01:25:35.017869|[g:1][CONSENSUS][PBFT]checkAndChangeView: Reach consensus,org_view=22344,org_changeCycle=0,cur_changeCycle=0,to_view=22345
info|2019-11-12 01:25:36.019790|[g:1][CONSENSUS]addRawPrepare,height=1,reqIdx=1,hash=d51b736c...
info|2019-11-12 01:25:36.020388|[g:1][CONSENSUS][PBFT]checkTimeout Succ,view=22345,toView=22346,nodeIdx=2,changeCycle=0,myNode=72961a87...,timecost=0.432
info|2019-11-12 01:25:36.021913|[g:1][CONSENSUS][PBFT]checkAndChangeView: Reach consensus,org_view=22345,org_changeCycle=0,cur_changeCycle=0,to_view=22346
info|2019-11-12 01:25:37.021686|[g:1][CONSENSUS][SEALER]++++++++++++++++ Generating seal on,blkNum=1,tx=0,nodeIdx=2,hash=f0587b9f...
info|2019-11-12 01:25:37.024274|[g:1][CONSENSUS][PBFT]checkTimeout Succ,view=22346,toView=22347,nodeIdx=2,changeCycle=0,myNode=72961a87...,timecost=0.444
info|2019-11-12 01:25:37.025413|[g:1][CONSENSUS][PBFT]checkAndChangeView: Reach consensus,org_view=22346,org_changeCycle=0,cur_changeCycle=0,to_view=22347
info|2019-11-12 01:25:38.027827|[g:1][CONSENSUS]addRawPrepare,height=1,reqIdx=3,hash=a467ee21...
info|2019-11-12 01:25:38.028442|[g:1][CONSENSUS][PBFT]checkTimeout Succ,view=22347,toView=22348,nodeIdx=2,changeCycle=0,myNode=72961a87...,timecost=0.479
info|2019-11-12 01:25:38.030319|[g:1][CONSENSUS][PBFT]checkAndChangeView: Reach consensus,org_view=22347,org_changeCycle=0,cur_changeCycle=0,to_view=22348
info|2019-11-12 01:25:39.032655|[g:1][CONSENSUS]addRawPrepare,height=1,reqIdx=0,hash=7f24c740...
info|2019-11-12 01:25:39.033306|[g:1][CONSENSUS][PBFT]checkTimeout Succ,view=22348,toView=22349,nodeIdx=2,changeCycle=0,myNode=72961a87...,timecost=0.475
info|2019-11-12 01:25:39.034911|[g:1][CONSENSUS][PBFT]checkAndChangeView: Reach consensus,org_view=22348,org_changeCycle=0,cur_changeCycle=0,to_view=22349
info|2019-11-12 01:25:40.035781|[g:1][CONSENSUS]addRawPrepare,height=1,reqIdx=1,hash=b7d42bbf...
info|2019-11-12 01:25:40.036382|[g:1][CONSENSUS][PBFT]checkTimeout Succ,view=22349,toView=22350,nodeIdx=2,changeCycle=0,myNode=72961a87...,timecost=0.481
info|2019-11-12 01:25:40.037831|[g:1][CONSENSUS][PBFT]checkAndChangeView: Reach consensus,org_view=22349,org_changeCycle=0,cur_changeCycle=0,to_view=22350
info|2019-11-12 01:25:41.038180|[g:1][CONSENSUS][SEALER]++++++++++++++++ Generating seal on,blkNum=1,tx=0,nodeIdx=2,hash=82aa775c...
info|2019-11-12 01:25:41.039156|[g:1][CONSENSUS][PBFT]checkTimeout Succ,view=22350,toView=22351,nodeIdx=2,changeCycle=0,myNode=72961a87...,timecost=0.514
info|2019-11-12 01:25:41.041590|[g:1][CONSENSUS][PBFT]checkAndChangeView: Reach consensus,org_view=22350,org_changeCycle=0,cur_changeCycle=0,to_view=22351
info|2019-11-12 01:25:42.007923|[P2P][Service] heartBeat,connected count=3
info|2019-11-12 01:25:42.042693|[g:1][CONSENSUS]addRawPrepare,height=1,reqIdx=3,hash=f0ebed08...
info|2019-11-12 01:25:42.043149|[g:1][CONSENSUS][PBFT]checkTimeout Succ,view=22351,toView=22352,nodeIdx=2,changeCycle=0,myNode=72961a87...,timecost=0.355
info|2019-11-12 01:25:42.044281|[g:1][CONSENSUS][PBFT]checkAndChangeView: Reach consensus,org_view=22351,org_changeCycle=0,cur_changeCycle=0,to_view=22352
info|2019-11-12 01:25:43.046909|[g:1][CONSENSUS]addRawPrepare,height=1,reqIdx=0,hash=2f5b3d2b...
info|2019-11-12 01:25:43.047570|[g:1][CONSENSUS][PBFT]checkTimeout Succ,view=22352,toView=22353,nodeIdx=2,changeCycle=0,myNode=72961a87...,timecost=0.481
info|2019-11-12 01:25:43.049056|[g:1][CONSENSUS][PBFT]checkAndChangeView: Reach consensus,org_view=22352,org_changeCycle=0,cur_changeCycle=0,to_view=22353
info|2019-11-12 01:25:44.050818|[g:1][CONSENSUS]addRawPrepare,height=1,reqIdx=1,hash=5df19a8e...
info|2019-11-12 01:25:44.051595|[g:1][CONSENSUS][PBFT]checkTimeout Succ,view=22353,toView=22354,nodeIdx=2,changeCycle=0,myNode=72961a87...,timecost=0.623
info|2019-11-12 01:25:44.052987|[g:1][CONSENSUS][PBFT]checkAndChangeView: Reach consensus,org_view=22353,org_changeCycle=0,cur_changeCycle=0,to_view=22354
info|2019-11-12 01:25:45.054042|[g:1][CONSENSUS][SEALER]++++++++++++++++ Generating seal on,blkNum=1,tx=0,nodeIdx=2,hash=38ce0728...
info|2019-11-12 01:25:45.054875|[g:1][CONSENSUS][PBFT]checkTimeout Succ,view=22354,toView=22355,nodeIdx=2,changeCycle=0,myNode=72961a87...,timecost=0.389
info|2019-11-12 01:25:45.057103|[g:1][CONSENSUS][PBFT]checkAndChangeView: Reach consensus,org_view=22354,org_changeCycle=0,cur_changeCycle=0,to_view=22355
info|2019-11-12 01:25:46.059308|[g:1][CONSENSUS]addRawPrepare,height=1,reqIdx=3,hash=f856e177...
info|2019-11-12 01:25:46.059937|[g:1][CONSENSUS][PBFT]checkTimeout Succ,view=22355,toView=22356,nodeIdx=2,changeCycle=0,myNode=72961a87...,timecost=0.482
info|2019-11-12 01:25:46.061302|[g:1][CONSENSUS][PBFT]checkAndChangeView: Reach consensus,org_view=22355,org_changeCycle=0,cur_changeCycle=0,to_view=22356
info|2019-11-12 01:25:47.063580|[g:1][CONSENSUS]addRawPrepare,height=1,reqIdx=0,hash=065dc08e...
info|2019-11-12 01:25:47.064942|[g:1][CONSENSUS][PBFT]checkTimeout Succ,view=22356,toView=22357,nodeIdx=2,changeCycle=0,myNode=72961a87...,timecost=1.206
info|2019-11-12 01:25:47.066459|[g:1][CONSENSUS][PBFT]checkAndChangeView: Reach consensus,org_view=22356,org_changeCycle=0,cur_changeCycle=0,to_view=22357
info|2019-11-12 01:25:48.067806|[g:1][CONSENSUS]addRawPrepare,height=1,reqIdx=1,hash=5480dc06...
info|2019-11-12 01:25:48.068415|[g:1][CONSENSUS][PBFT]checkTimeout Succ,view=22357,toView=22358,nodeIdx=2,changeCycle=0,myNode=72961a87...,timecost=0.46
info|2019-11-12 01:25:48.069909|[g:1][CONSENSUS][PBFT]checkAndChangeView: Reach consensus,org_view=22357,org_changeCycle=0,cur_changeCycle=0,to_view=22358
info|2019-11-12 01:25:49.069361|[g:1][CONSENSUS][SEALER]++++++++++++++++ Generating seal on,blkNum=1,tx=0,nodeIdx=2,hash=25ce3563...
info|2019-11-12 01:25:49.070327|[g:1][CONSENSUS][PBFT]checkTimeout Succ,view=22358,toView=22359,nodeIdx=2,changeCycle=0,myNode=72961a87...,timecost=0.474
info|2019-11-12 01:25:49.072856|[g:1][CONSENSUS][PBFT]checkAndChangeView: Reach consensus,org_view=22358,org_changeCycle=0,cur_changeCycle=0,to_view=22359
info|2019-11-12 01:25:50.075770|[g:1][CONSENSUS]addRawPrepare,height=1,reqIdx=3,hash=df836361...
info|2019-11-12 01:25:50.076392|[g:1][CONSENSUS][PBFT]checkTimeout Succ,view=22359,toView=22360,nodeIdx=2,changeCycle=0,myNode=72961a87...,timecost=0.442
info|2019-11-12 01:25:50.077928|[g:1][CONSENSUS][PBFT]checkAndChangeView: Reach consensus,org_view=22359,org_changeCycle=0,cur_changeCycle=0,to_view=22360
info|2019-11-12 01:25:51.078697|[g:1][CONSENSUS]addRawPrepare,height=1,reqIdx=0,hash=8b358798...
info|2019-11-12 01:25:51.079354|[g:1][CONSENSUS][PBFT]checkTimeout Succ,view=22360,toView=22361,nodeIdx=2,changeCycle=0,myNode=72961a87...,timecost=0.531
info|2019-11-12 01:25:51.080785|[g:1][CONSENSUS][PBFT]checkAndChangeView: Reach consensus,org_view=22360,org_changeCycle=0,cur_changeCycle=0,to_view=22361
info|2019-11-12 01:25:52.008614|[P2P][Service] heartBeat,connected count=3
info|2019-11-12 01:25:52.082350|[g:1][CONSENSUS]addRawPrepare,height=1,reqIdx=1,hash=d7ec5132...
info|2019-11-12 01:25:52.083322|[g:1][CONSENSUS][PBFT]checkTimeout Succ,view=22361,toView=22362,nodeIdx=2,changeCycle=0,myNode=72961a87...,timecost=0.842
info|2019-11-12 01:25:52.085050|[g:1][CONSENSUS][PBFT]checkAndChangeView: Reach consensus,org_view=22361,org_changeCycle=0,cur_changeCycle=0,to_view=22362
info|2019-11-12 01:25:53.085343|[g:1][CONSENSUS][SEALER]++++++++++++++++ Generating seal on,blkNum=1,tx=0,nodeIdx=2,hash=51b2d053...
info|2019-11-12 01:25:53.086404|[g:1][CONSENSUS][PBFT]checkTimeout Succ,view=22362,toView=22363,nodeIdx=2,changeCycle=0,myNode=72961a87...,timecost=0.584
info|2019-11-12 01:25:53.088746|[g:1][CONSENSUS][PBFT]checkAndChangeView: Reach consensus,org_view=22362,org_changeCycle=0,cur_changeCycle=0,to_view=22363
info|2019-11-12 01:25:54.090540|[g:1][CONSENSUS]addRawPrepare,height=1,reqIdx=3,hash=c119011a...
info|2019-11-12 01:25:54.091151|[g:1][CONSENSUS][PBFT]checkTimeout Succ,view=22363,toView=22364,nodeIdx=2,changeCycle=0,myNode=72961a87...,timecost=0.476
info|2019-11-12 01:25:54.092739|[g:1][CONSENSUS][PBFT]checkAndChangeView: Reach consensus,org_view=22363,org_changeCycle=0,cur_changeCycle=0,to_view=22364
info|2019-11-12 01:25:55.093500|[g:1][CONSENSUS]addRawPrepare,height=1,reqIdx=0,hash=4f4ed55b...
info|2019-11-12 01:25:55.094106|[g:1][CONSENSUS][PBFT]checkTimeout Succ,view=22364,toView=22365,nodeIdx=2,changeCycle=0,myNode=72961a87...,timecost=0.441
info|2019-11-12 01:25:55.095669|[g:1][CONSENSUS][PBFT]checkAndChangeView: Reach consensus,org_view=22364,org_changeCycle=0,cur_changeCycle=0,to_view=22365
info|2019-11-12 01:25:56.097016|[g:1][CONSENSUS]addRawPrepare,height=1,reqIdx=1,hash=a833a224...
info|2019-11-12 01:25:56.097699|[g:1][CONSENSUS][PBFT]checkTimeout Succ,view=22365,toView=22366,nodeIdx=2,changeCycle=0,myNode=72961a87...,timecost=0.503
info|2019-11-12 01:25:56.099491|[g:1][CONSENSUS][PBFT]checkAndChangeView: Reach consensus,org_view=22365,org_changeCycle=0,cur_changeCycle=0,to_view=22366
info|2019-11-12 01:25:57.099724|[g:1][CONSENSUS][SEALER]++++++++++++++++ Generating seal on,blkNum=1,tx=0,nodeIdx=2,hash=1900c2ca...
info|2019-11-12 01:25:57.100795|[g:1][CONSENSUS][PBFT]checkTimeout Succ,view=22366,toView=22367,nodeIdx=2,changeCycle=0,myNode=72961a87...,timecost=0.597
info|2019-11-12 01:25:57.103522|[g:1][CONSENSUS][PBFT]checkAndChangeView: Reach consensus,org_view=22366,org_changeCycle=0,cur_changeCycle=0,to_view=22367
info|2019-11-12 01:25:58.105944|[g:1][CONSENSUS]addRawPrepare,height=1,reqIdx=3,hash=4b7e612e...
info|2019-11-12 01:25:58.106596|[g:1][CONSENSUS][PBFT]checkTimeout Succ,view=22367,toView=22368,nodeIdx=2,changeCycle=0,myNode=72961a87...,timecost=0.537
info|2019-11-12 01:25:58.108129|[g:1][CONSENSUS][PBFT]checkAndChangeView: Reach consensus,org_view=22367,org_changeCycle=0,cur_changeCycle=0,to_view=22368
info|2019-11-12 01:25:59.108907|[g:1][CONSENSUS]addRawPrepare,height=1,reqIdx=0,hash=a6638638...
info|2019-11-12 01:25:59.109558|[g:1][CONSENSUS][PBFT]checkTimeout Succ,view=22368,toView=22369,nodeIdx=2,changeCycle=0,myNode=72961a87...,timecost=0.51
info|2019-11-12 01:25:59.111240|[g:1][CONSENSUS][PBFT]checkAndChangeView: Reach consensus,org_view=22368,org_changeCycle=0,cur_changeCycle=0,to_view=22369
info|2019-11-12 01:26:00.112831|[g:1][CONSENSUS]addRawPrepare,height=1,reqIdx=1,hash=d08e9b13...
info|2019-11-12 01:26:00.113540|[g:1][CONSENSUS][PBFT]checkTimeout Succ,view=22369,toView=22370,nodeIdx=2,changeCycle=0,myNode=72961a87...,timecost=0.537
info|2019-11-12 01:26:00.114951|[g:1][CONSENSUS][PBFT]checkAndChangeView: Reach consensus,org_view=22369,org_changeCycle=0,cur_changeCycle=0,to_view=22370
info|2019-11-12 01:26:01.114711|[g:1][CONSENSUS][SEALER]++++++++++++++++ Generating seal on,blkNum=1,tx=0,nodeIdx=2,hash=6ccb6ee1...
info|2019-11-12 01:26:01.117482|[g:1][CONSENSUS][PBFT]checkTimeout Succ,view=22370,toView=22371,nodeIdx=2,changeCycle=0,myNode=72961a87...,timecost=0.588
info|2019-11-12 01:26:01.118836|[g:1][CONSENSUS][PBFT]checkAndChangeView: Reach consensus,org_view=22370,org_changeCycle=0,cur_changeCycle=0,to_view=22371
info|2019-11-12 01:26:02.015872|[P2P][Service] heartBeat,connected count=3
info|2019-11-12 01:26:02.119915|[g:1][CONSENSUS]addRawPrepare,height=1,reqIdx=3,hash=ebc288dd...
info|2019-11-12 01:26:02.120986|[g:1][CONSENSUS][PBFT]checkTimeout Succ,view=22371,toView=22372,nodeIdx=2,changeCycle=0,myNode=72961a87...,timecost=0.846
info|2019-11-12 01:26:02.122458|[g:1][CONSENSUS][PBFT]checkAndChangeView: Reach consensus,org_view=22371,org_changeCycle=0,cur_changeCycle=0,to_view=22372
info|2019-11-12 01:26:03.124174|[g:1][CONSENSUS]addRawPrepare,height=1,reqIdx=0,hash=5ab484a7...
info|2019-11-12 01:26:03.124806|[g:1][CONSENSUS][PBFT]checkTimeout Succ,view=22372,toView=22373,nodeIdx=2,changeCycle=0,myNode=72961a87...,timecost=0.464
info|2019-11-12 01:26:03.126615|[g:1][CONSENSUS][PBFT]checkAndChangeView: Reach consensus,org_view=22372,org_changeCycle=0,cur_changeCycle=0,to_view=22373
info|2019-11-12 01:26:04.128976|[g:1][CONSENSUS]addRawPrepare,height=1,reqIdx=1,hash=7c140d5b...
info|2019-11-12 01:26:04.129887|[g:1][CONSENSUS][PBFT]checkTimeout Succ,view=22373,toView=22374,nodeIdx=2,changeCycle=0,myNode=72961a87...,timecost=0.65
info|2019-11-12 01:26:04.131265|[g:1][CONSENSUS][PBFT]checkAndChangeView: Reach consensus,org_view=22373,org_changeCycle=0,cur_changeCycle=0,to_view=22374
info|2019-11-12 01:26:05.131807|[g:1][CONSENSUS][SEALER]++++++++++++++++ Generating seal on,blkNum=1,tx=0,nodeIdx=2,hash=226e95f2...
info|2019-11-12 01:26:05.135176|[g:1][CONSENSUS][PBFT]checkTimeout Succ,view=22374,toView=22375,nodeIdx=2,changeCycle=0,myNode=72961a87...,timecost=0.537
info|2019-11-12 01:26:05.136080|[g:1][CONSENSUS][PBFT]checkAndChangeView: Reach consensus,org_view=22374,org_changeCycle=0,cur_changeCycle=0,to_view=22375
info|2019-11-12 01:26:06.138145|[g:1][CONSENSUS]addRawPrepare,height=1,reqIdx=3,hash=9b67b8eb...
info|2019-11-12 01:26:06.138752|[g:1][CONSENSUS][PBFT]checkTimeout Succ,view=22375,toView=22376,nodeIdx=2,changeCycle=0,myNode=72961a87...,timecost=0.41
info|2019-11-12 01:26:06.140359|[g:1][CONSENSUS][PBFT]checkAndChangeView: Reach consensus,org_view=22375,org_changeCycle=0,cur_changeCycle=0,to_view=22376
info|2019-11-12 01:26:07.142806|[g:1][CONSENSUS]addRawPrepare,height=1,reqIdx=0,hash=e0f5a4d8...
info|2019-11-12 01:26:07.143778|[g:1][CONSENSUS][PBFT]checkTimeout Succ,view=22376,toView=22377,nodeIdx=2,changeCycle=0,myNode=72961a87...,timecost=0.835
info|2019-11-12 01:26:07.145328|[g:1][CONSENSUS][PBFT]checkAndChangeView: Reach consensus,org_view=22376,org_changeCycle=0,cur_changeCycle=0,to_view=22377
info|2019-11-12 01:26:08.147742|[g:1][CONSENSUS]addRawPrepare,height=1,reqIdx=1,hash=df1b6540...
info|2019-11-12 01:26:08.148411|[g:1][CONSENSUS][PBFT]checkTimeout Succ,view=22377,toView=22378,nodeIdx=2,changeCycle=0,myNode=72961a87...,timecost=0.491
info|2019-11-12 01:26:08.150033|[g:1][CONSENSUS][PBFT]checkAndChangeView: Reach consensus,org_view=22377,org_changeCycle=0,cur_changeCycle=0,to_view=22378
info|2019-11-12 01:26:09.150790|[g:1][CONSENSUS][SEALER]++++++++++++++++ Generating seal on,blkNum=1,tx=0,nodeIdx=2,hash=e17c1f18...
info|2019-11-12 01:26:09.151780|[g:1][CONSENSUS][PBFT]checkTimeout Succ,view=22378,toView=22379,nodeIdx=2,changeCycle=0,myNode=72961a87...,timecost=0.506
info|2019-11-12 01:26:09.154214|[g:1][CONSENSUS][PBFT]checkAndChangeView: Reach consensus,org_view=22378,org_changeCycle=0,cur_changeCycle=0,to_view=22379
info|2019-11-12 01:26:10.156306|[g:1][CONSENSUS]addRawPrepare,height=1,reqIdx=3,hash=9f855e04...
info|2019-11-12 01:26:10.156915|[g:1][CONSENSUS][PBFT]checkTimeout Succ,view=22379,toView=22380,nodeIdx=2,changeCycle=0,myNode=72961a87...,timecost=0.473
info|2019-11-12 01:26:10.158464|[g:1][CONSENSUS][PBFT]checkAndChangeView: Reach consensus,org_view=22379,org_changeCycle=0,cur_changeCycle=0,to_view=22380
info|2019-11-12 01:26:11.160766|[g:1][CONSENSUS]addRawPrepare,height=1,reqIdx=0,hash=2131f479...
info|2019-11-12 01:26:11.161553|[g:1][CONSENSUS][PBFT]checkTimeout Succ,view=22380,toView=22381,nodeIdx=2,changeCycle=0,myNode=72961a87...,timecost=0.623
info|2019-11-12 01:26:11.162951|[g:1][CONSENSUS][PBFT]checkAndChangeView: Reach consensus,org_view=22380,org_changeCycle=0,cur_changeCycle=0,to_view=22381
info|2019-11-12 01:26:12.023267|[P2P][Service] heartBeat,connected count=3
info|2019-11-12 01:26:12.166044|[g:1][CONSENSUS]addRawPrepare,height=1,reqIdx=1,hash=2c3607e9...
info|2019-11-12 01:26:12.167101|[g:1][CONSENSUS][PBFT]checkTimeout Succ,view=22381,toView=22382,nodeIdx=2,changeCycle=0,myNode=72961a87...,timecost=0.891
info|2019-11-12 01:26:12.168621|[g:1][CONSENSUS][PBFT]checkAndChangeView: Reach consensus,org_view=22381,org_changeCycle=0,cur_changeCycle=0,to_view=22382
info|2019-11-12 01:26:13.168234|[g:1][CONSENSUS][SEALER]++++++++++++++++ Generating seal on,blkNum=1,tx=0,nodeIdx=2,hash=626e164c...
info|2019-11-12 01:26:13.169219|[g:1][CONSENSUS][PBFT]checkTimeout Succ,view=22382,toView=22383,nodeIdx=2,changeCycle=0,myNode=72961a87...,timecost=0.505
info|2019-11-12 01:26:13.171607|[g:1][CONSENSUS][PBFT]checkAndChangeView: Reach consensus,org_view=22382,org_changeCycle=0,cur_changeCycle=0,to_view=22383
info|2019-11-12 01:26:14.172094|[g:1][CONSENSUS]addRawPrepare,height=1,reqIdx=3,hash=2a272029...
info|2019-11-12 01:26:14.172583|[g:1][CONSENSUS][PBFT]checkTimeout Succ,view=22383,toView=22384,nodeIdx=2,changeCycle=0,myNode=72961a87...,timecost=0.373
info|2019-11-12 01:26:14.173947|[g:1][CONSENSUS][PBFT]checkAndChangeView: Reach consensus,org_view=22383,org_changeCycle=0,cur_changeCycle=0,to_view=22384
info|2019-11-12 01:26:15.176406|[g:1][CONSENSUS]addRawPrepare,height=1,reqIdx=0,hash=0222b9a7...
info|2019-11-12 01:26:15.177292|[g:1][CONSENSUS][PBFT]checkTimeout Succ,view=22384,toView=22385,nodeIdx=2,changeCycle=0,myNode=72961a87...,timecost=0.714
info|2019-11-12 01:26:15.179049|[g:1][CONSENSUS][PBFT]checkAndChangeView: Reach consensus,org_view=22384,org_changeCycle=0,cur_changeCycle=0,to_view=22385
info|2019-11-12 01:26:16.179705|[g:1][CONSENSUS]addRawPrepare,height=1,reqIdx=1,hash=74099051...
info|2019-11-12 01:26:16.180342|[g:1][CONSENSUS][PBFT]checkTimeout Succ,view=22385,toView=22386,nodeIdx=2,changeCycle=0,myNode=72961a87...,timecost=0.473
info|2019-11-12 01:26:16.182038|[g:1][CONSENSUS][PBFT]checkAndChangeView: Reach consensus,org_view=22385,org_changeCycle=0,cur_changeCycle=0,to_view=22386
info|2019-11-12 01:26:17.183358|[g:1][CONSENSUS][SEALER]++++++++++++++++ Generating seal on,blkNum=1,tx=0,nodeIdx=2,hash=bdaff2aa...
info|2019-11-12 01:26:17.184448|[g:1][CONSENSUS][PBFT]checkTimeout Succ,view=22386,toView=22387,nodeIdx=2,changeCycle=0,myNode=72961a87...,timecost=0.493
info|2019-11-12 01:26:17.187149|[g:1][CONSENSUS][PBFT]checkAndChangeView: Reach consensus,org_view=22386,org_changeCycle=0,cur_changeCycle=0,to_view=22387
info|2019-11-12 01:26:18.190110|[g:1][CONSENSUS]addRawPrepare,height=1,reqIdx=3,hash=2ac67dab...
info|2019-11-12 01:26:18.190763|[g:1][CONSENSUS][PBFT]checkTimeout Succ,view=22387,toView=22388,nodeIdx=2,changeCycle=0,myNode=72961a87...,timecost=0.521
info|2019-11-12 01:26:18.192190|[g:1][CONSENSUS][PBFT]checkAndChangeView: Reach consensus,org_view=22387,org_changeCycle=0,cur_changeCycle=0,to_view=22388
info|2019-11-12 01:26:19.194454|[g:1][CONSENSUS]addRawPrepare,height=1,reqIdx=0,hash=c812196b...
info|2019-11-12 01:26:19.195079|[g:1][CONSENSUS][PBFT]checkTimeout Succ,view=22388,toView=22389,nodeIdx=2,changeCycle=0,myNode=72961a87...,timecost=0.483
info|2019-11-12 01:26:19.196892|[g:1][CONSENSUS][PBFT]checkAndChangeView: Reach consensus,org_view=22388,org_changeCycle=0,cur_changeCycle=0,to_view=22389
info|2019-11-12 01:26:20.198421|[g:1][CONSENSUS]addRawPrepare,height=1,reqIdx=1,hash=a92f9faa...
info|2019-11-12 01:26:20.199093|[g:1][CONSENSUS][PBFT]checkTimeout Succ,view=22389,toView=22390,nodeIdx=2,changeCycle=0,myNode=72961a87...,timecost=0.521
info|2019-11-12 01:26:20.200564|[g:1][CONSENSUS][PBFT]checkAndChangeView: Reach consensus,org_view=22389,org_changeCycle=0,cur_changeCycle=0,to_view=22390
info|2019-11-12 01:26:21.201211|[g:1][CONSENSUS][SEALER]++++++++++++++++ Generating seal on,blkNum=1,tx=0,nodeIdx=2,hash=1be1516d...
info|2019-11-12 01:26:21.202259|[g:1][CONSENSUS][PBFT]checkTimeout Succ,view=22390,toView=22391,nodeIdx=2,changeCycle=0,myNode=72961a87...,timecost=0.552
info|2019-11-12 01:26:21.204743|[g:1][CONSENSUS][PBFT]checkAndChangeView: Reach consensus,org_view=22390,org_changeCycle=0,cur_changeCycle=0,to_view=22391
info|2019-11-12 01:26:22.030719|[P2P][Service] heartBeat,connected count=3
info|2019-11-12 01:26:22.206774|[g:1][CONSENSUS]addRawPrepare,height=1,reqIdx=3,hash=7a11b1a6...
info|2019-11-12 01:26:22.208164|[g:1][CONSENSUS][PBFT]checkTimeout Succ,view=22391,toView=22392,nodeIdx=2,changeCycle=0,myNode=72961a87...,timecost=1.231
info|2019-11-12 01:26:22.209598|[g:1][CONSENSUS][PBFT]checkAndChangeView: Reach consensus,org_view=22391,org_changeCycle=0,cur_changeCycle=0,to_view=22392
info|2019-11-12 01:26:23.210885|[g:1][CONSENSUS]addRawPrepare,height=1,reqIdx=0,hash=cc95767c...
info|2019-11-12 01:26:23.211553|[g:1][CONSENSUS][PBFT]checkTimeout Succ,view=22392,toView=22393,nodeIdx=2,changeCycle=0,myNode=72961a87...,timecost=0.538
info|2019-11-12 01:26:23.212985|[g:1][CONSENSUS][PBFT]checkAndChangeView: Reach consensus,org_view=22392,org_changeCycle=0,cur_changeCycle=0,to_view=22393
info|2019-11-12 01:26:24.215053|[g:1][CONSENSUS]addRawPrepare,height=1,reqIdx=1,hash=2256e841...
info|2019-11-12 01:26:24.215656|[g:1][CONSENSUS][PBFT]checkTimeout Succ,view=22393,toView=22394,nodeIdx=2,changeCycle=0,myNode=72961a87...,timecost=0.469
info|2019-11-12 01:26:24.217163|[g:1][CONSENSUS][PBFT]checkAndChangeView: Reach consensus,org_view=22393,org_changeCycle=0,cur_changeCycle=0,to_view=22394
info|2019-11-12 01:26:25.218186|[g:1][CONSENSUS][SEALER]++++++++++++++++ Generating seal on,blkNum=1,tx=0,nodeIdx=2,hash=0f9feda5...
info|2019-11-12 01:26:25.221287|[g:1][CONSENSUS][PBFT]checkTimeout Succ,view=22394,toView=22395,nodeIdx=2,changeCycle=0,myNode=72961a87...,timecost=0.583
info|2019-11-12 01:26:25.222056|[g:1][CONSENSUS][PBFT]checkAndChangeView: Reach consensus,org_view=22394,org_changeCycle=0,cur_changeCycle=0,to_view=22395
info|2019-11-12 01:26:26.222736|[g:1][CONSENSUS]addRawPrepare,height=1,reqIdx=3,hash=8b0bf00e...
info|2019-11-12 01:26:26.223377|[g:1][CONSENSUS][PBFT]checkTimeout Succ,view=22395,toView=22396,nodeIdx=2,changeCycle=0,myNode=72961a87...,timecost=0.499
info|2019-11-12 01:26:26.225141|[g:1][CONSENSUS][PBFT]checkAndChangeView: Reach consensus,org_view=22395,org_changeCycle=0,cur_changeCycle=0,to_view=22396
info|2019-11-12 01:26:27.226636|[g:1][CONSENSUS]addRawPrepare,height=1,reqIdx=0,hash=37a62bc4...
info|2019-11-12 01:26:27.227744|[g:1][CONSENSUS][PBFT]checkTimeout Succ,view=22396,toView=22397,nodeIdx=2,changeCycle=0,myNode=72961a87...,timecost=0.817
info|2019-11-12 01:26:27.229214|[g:1][CONSENSUS][PBFT]checkAndChangeView: Reach consensus,org_view=22396,org_changeCycle=0,cur_changeCycle=0,to_view=22397
info|2019-11-12 01:26:28.231583|[g:1][CONSENSUS]addRawPrepare,height=1,reqIdx=1,hash=e0cc4e87...
info|2019-11-12 01:26:28.232178|[g:1][CONSENSUS][PBFT]checkTimeout Succ,view=22397,toView=22398,nodeIdx=2,changeCycle=0,myNode=72961a87...,timecost=0.464
info|2019-11-12 01:26:28.233850|[g:1][CONSENSUS][PBFT]checkAndChangeView: Reach consensus,org_view=22397,org_changeCycle=0,cur_changeCycle=0,to_view=22398
info|2019-11-12 01:26:29.233819|[g:1][CONSENSUS][SEALER]++++++++++++++++ Generating seal on,blkNum=1,tx=0,nodeIdx=2,hash=eeac191e...
info|2019-11-12 01:26:29.237087|[g:1][CONSENSUS][PBFT]checkTimeout Succ,view=22398,toView=22399,nodeIdx=2,changeCycle=0,myNode=72961a87...,timecost=0.492
info|2019-11-12 01:26:29.237870|[g:1][CONSENSUS][PBFT]checkAndChangeView: Reach consensus,org_view=22398,org_changeCycle=0,cur_changeCycle=0,to_view=22399
info|2019-11-12 01:26:30.239473|[g:1][CONSENSUS]addRawPrepare,height=1,reqIdx=3,hash=77e6914b...
info|2019-11-12 01:26:30.240111|[g:1][CONSENSUS][PBFT]checkTimeout Succ,view=22399,toView=22400,nodeIdx=2,changeCycle=0,myNode=72961a87...,timecost=0.495
info|2019-11-12 01:26:30.242031|[g:1][CONSENSUS][PBFT]checkAndChangeView: Reach consensus,org_view=22399,org_changeCycle=0,cur_changeCycle=0,to_view=22400
info|2019-11-12 01:26:31.243726|[g:1][CONSENSUS]addRawPrepare,height=1,reqIdx=0,hash=830f7993...
info|2019-11-12 01:26:31.244311|[g:1][CONSENSUS][PBFT]checkTimeout Succ,view=22400,toView=22401,nodeIdx=2,changeCycle=0,myNode=72961a87...,timecost=0.461
info|2019-11-12 01:26:31.245741|[g:1][CONSENSUS][PBFT]checkAndChangeView: Reach consensus,org_view=22400,org_changeCycle=0,cur_changeCycle=0,to_view=22401
info|2019-11-12 01:26:32.036044|[P2P][Service] heartBeat,connected count=3
info|2019-11-12 01:26:32.248132|[g:1][CONSENSUS]addRawPrepare,height=1,reqIdx=1,hash=9d273955...
info|2019-11-12 01:26:32.249133|[g:1][CONSENSUS][PBFT]checkTimeout Succ,view=22401,toView=22402,nodeIdx=2,changeCycle=0,myNode=72961a87...,timecost=0.834
info|2019-11-12 01:26:32.250935|[g:1][CONSENSUS][PBFT]checkAndChangeView: Reach consensus,org_view=22401,org_changeCycle=0,cur_changeCycle=0,to_view=22402
info|2019-11-12 01:26:33.250376|[g:1][CONSENSUS][SEALER]++++++++++++++++ Generating seal on,blkNum=1,tx=0,nodeIdx=2,hash=5684778d...
info|2019-11-12 01:26:33.251351|[g:1][CONSENSUS][PBFT]checkTimeout Succ,view=22402,toView=22403,nodeIdx=2,changeCycle=0,myNode=72961a87...,timecost=0.493
info|2019-11-12 01:26:33.253575|[g:1][CONSENSUS][PBFT]checkAndChangeView: Reach consensus,org_view=22402,org_changeCycle=0,cur_changeCycle=0,to_view=22403
info|2019-11-12 01:26:34.254791|[g:1][CONSENSUS]addRawPrepare,height=1,reqIdx=3,hash=e4949e43...
info|2019-11-12 01:26:34.255492|[g:1][CONSENSUS][PBFT]checkTimeout Succ,view=22403,toView=22404,nodeIdx=2,changeCycle=0,myNode=72961a87...,timecost=0.561
info|2019-11-12 01:26:34.257034|[g:1][CONSENSUS][PBFT]checkAndChangeView: Reach consensus,org_view=22403,org_changeCycle=0,cur_changeCycle=0,to_view=22404
info|2019-11-12 01:26:35.259607|[g:1][CONSENSUS]addRawPrepare,height=1,reqIdx=0,hash=d020e4b6...
info|2019-11-12 01:26:35.260367|[g:1][CONSENSUS][PBFT]checkTimeout Succ,view=22404,toView=22405,nodeIdx=2,changeCycle=0,myNode=72961a87...,timecost=0.553
info|2019-11-12 01:26:35.262137|[g:1][CONSENSUS][PBFT]checkAndChangeView: Reach consensus,org_view=22404,org_changeCycle=0,cur_changeCycle=0,to_view=22405
info|2019-11-12 01:26:36.263052|[g:1][CONSENSUS]addRawPrepare,height=1,reqIdx=1,hash=eddf557a...
info|2019-11-12 01:26:36.263738|[g:1][CONSENSUS][PBFT]checkTimeout Succ,view=22405,toView=22406,nodeIdx=2,changeCycle=0,myNode=72961a87...,timecost=0.536
info|2019-11-12 01:26:36.265278|[g:1][CONSENSUS][PBFT]checkAndChangeView: Reach consensus,org_view=22405,org_changeCycle=0,cur_changeCycle=0,to_view=22406
info|2019-11-12 01:26:37.265615|[g:1][CONSENSUS][SEALER]++++++++++++++++ Generating seal on,blkNum=1,tx=0,nodeIdx=2,hash=899f2df6...
info|2019-11-12 01:26:37.266956|[g:1][CONSENSUS][PBFT]checkTimeout Succ,view=22406,toView=22407,nodeIdx=2,changeCycle=0,myNode=72961a87...,timecost=0.863
info|2019-11-12 01:26:37.269792|[g:1][CONSENSUS][PBFT]checkAndChangeView: Reach consensus,org_view=22406,org_changeCycle=0,cur_changeCycle=0,to_view=22407
info|2019-11-12 01:26:38.271212|[g:1][CONSENSUS]addRawPrepare,height=1,reqIdx=3,hash=9b315641...
info|2019-11-12 01:26:38.271881|[g:1][CONSENSUS][PBFT]checkTimeout Succ,view=22407,toView=22408,nodeIdx=2,changeCycle=0,myNode=72961a87...,timecost=0.52
info|2019-11-12 01:26:38.273179|[g:1][CONSENSUS][PBFT]checkAndChangeView: Reach consensus,org_view=22407,org_changeCycle=0,cur_changeCycle=0,to_view=22408
info|2019-11-12 01:26:39.275147|[g:1][CONSENSUS]addRawPrepare,height=1,reqIdx=0,hash=fd74c2e6...
info|2019-11-12 01:26:39.275782|[g:1][CONSENSUS][PBFT]checkTimeout Succ,view=22408,toView=22409,nodeIdx=2,changeCycle=0,myNode=72961a87...,timecost=0.439
info|2019-11-12 01:26:39.277393|[g:1][CONSENSUS][PBFT]checkAndChangeView: Reach consensus,org_view=22408,org_changeCycle=0,cur_changeCycle=0,to_view=22409
info|2019-11-12 01:26:40.278844|[g:1][CONSENSUS]addRawPrepare,height=1,reqIdx=1,hash=e9121098...
info|2019-11-12 01:26:40.279499|[g:1][CONSENSUS][PBFT]checkTimeout Succ,view=22409,toView=22410,nodeIdx=2,changeCycle=0,myNode=72961a87...,timecost=0.482
info|2019-11-12 01:26:40.281045|[g:1][CONSENSUS][PBFT]checkAndChangeView: Reach consensus,org_view=22409,org_changeCycle=0,cur_changeCycle=0,to_view=22410
info|2019-11-12 01:26:41.281514|[g:1][CONSENSUS][SEALER]++++++++++++++++ Generating seal on,blkNum=1,tx=0,nodeIdx=2,hash=1b48bcd4...
info|2019-11-12 01:26:41.282485|[g:1][CONSENSUS][PBFT]checkTimeout Succ,view=22410,toView=22411,nodeIdx=2,changeCycle=0,myNode=72961a87...,timecost=0.496
info|2019-11-12 01:26:41.285026|[g:1][CONSENSUS][PBFT]checkAndChangeView: Reach consensus,org_view=22410,org_changeCycle=0,cur_changeCycle=0,to_view=22411
info|2019-11-12 01:26:42.039908|[P2P][Service] heartBeat,connected count=3
info|2019-11-12 01:26:42.287437|[g:1][CONSENSUS]addRawPrepare,height=1,reqIdx=3,hash=1622797d...
info|2019-11-12 01:26:42.288312|[g:1][CONSENSUS][PBFT]checkTimeout Succ,view=22411,toView=22412,nodeIdx=2,changeCycle=0,myNode=72961a87...,timecost=0.766
info|2019-11-12 01:26:42.290254|[g:1][CONSENSUS][PBFT]checkAndChangeView: Reach consensus,org_view=22411,org_changeCycle=0,cur_changeCycle=0,to_view=22412
info|2019-11-12 01:26:43.292134|[g:1][CONSENSUS]addRawPrepare,height=1,reqIdx=0,hash=5d4005f7...
info|2019-11-12 01:26:43.292806|[g:1][CONSENSUS][PBFT]checkTimeout Succ,view=22412,toView=22413,nodeIdx=2,changeCycle=0,myNode=72961a87...,timecost=0.492
info|2019-11-12 01:26:43.294300|[g:1][CONSENSUS][PBFT]checkAndChangeView: Reach consensus,org_view=22412,org_changeCycle=0,cur_changeCycle=0,to_view=22413
info|2019-11-12 01:26:44.296467|[g:1][CONSENSUS]addRawPrepare,height=1,reqIdx=1,hash=60c38102...
info|2019-11-12 01:26:44.297037|[g:1][CONSENSUS][PBFT]checkTimeout Succ,view=22413,toView=22414,nodeIdx=2,changeCycle=0,myNode=72961a87...,timecost=0.445
info|2019-11-12 01:26:44.298621|[g:1][CONSENSUS][PBFT]checkAndChangeView: Reach consensus,org_view=22413,org_changeCycle=0,cur_changeCycle=0,to_view=22414
