info|2019-12-12 09:44:31.004066|[P2P][Service] heartBeat,connected count=3
warning|2019-12-12 09:44:31.007813|[g:1][CONSENSUS][PBFT]ViewChangeWarning: not caused by omit empty block ,v=49162,toV=49163,curNum=5,hash=a9fec021...,nodeIdx=2,myNode=72961a87...
info|2019-12-12 09:44:31.008471|[g:1][CONSENSUS][PBFT]checkTimeout Succ,view=49162,toView=49163,nodeIdx=2,changeCycle=1,myNode=72961a87...,timecost=1.134
info|2019-12-12 09:44:31.010430|[g:1][CONSENSUS][PBFT]checkAndChangeView: Reach consensus,org_view=49162,org_changeCycle=1,cur_changeCycle=1,to_view=49163
info|2019-12-12 09:44:32.011072|[g:1][CONSENSUS]addRawPrepare,height=6,reqIdx=0,hash=e4dc8b69...
info|2019-12-12 09:44:32.011629|[g:1][CONSENSUS][PBFT]checkTimeout Succ,view=49163,toView=49164,nodeIdx=2,changeCycle=0,myNode=72961a87...,timecost=0.42
info|2019-12-12 09:44:32.012745|[g:1][CONSENSUS][PBFT]checkAndChangeView: Reach consensus,org_view=49163,org_changeCycle=0,cur_changeCycle=0,to_view=49164
info|2019-12-12 09:44:33.013264|[g:1][CONSENSUS]addRawPrepare,height=6,reqIdx=1,hash=1bd5abd1...
info|2019-12-12 09:44:33.013734|[g:1][CONSENSUS][PBFT]checkTimeout Succ,view=49164,toView=49165,nodeIdx=2,changeCycle=0,myNode=72961a87...,timecost=0.371
info|2019-12-12 09:44:33.015114|[g:1][CONSENSUS][PBFT]checkAndChangeView: Reach consensus,org_view=49164,org_changeCycle=0,cur_changeCycle=0,to_view=49165
info|2019-12-12 09:44:34.015755|[g:1][CONSENSUS][SEALER]++++++++++++++++ Generating seal on,blkNum=6,tx=0,nodeIdx=2,hash=576ce56a...
info|2019-12-12 09:44:34.016454|[g:1][CONSENSUS][PBFT]checkTimeout Succ,view=49165,toView=49166,nodeIdx=2,changeCycle=0,myNode=72961a87...,timecost=0.341
info|2019-12-12 09:44:34.018247|[g:1][CONSENSUS][PBFT]checkAndChangeView: Reach consensus,org_view=49165,org_changeCycle=0,cur_changeCycle=0,to_view=49166
info|2019-12-12 09:44:35.019695|[g:1][CONSENSUS]addRawPrepare,height=6,reqIdx=3,hash=6cc3de6a...
info|2019-12-12 09:44:35.020213|[g:1][CONSENSUS][PBFT]checkTimeout Succ,view=49166,toView=49167,nodeIdx=2,changeCycle=0,myNode=72961a87...,timecost=0.384
info|2019-12-12 09:44:35.021297|[g:1][CONSENSUS][PBFT]checkAndChangeView: Reach consensus,org_view=49166,org_changeCycle=0,cur_changeCycle=0,to_view=49167
info|2019-12-12 09:44:36.023309|[g:1][CONSENSUS]addRawPrepare,height=6,reqIdx=0,hash=f23c7fac...
info|2019-12-12 09:44:36.023838|[g:1][CONSENSUS][PBFT]checkTimeout Succ,view=49167,toView=49168,nodeIdx=2,changeCycle=0,myNode=72961a87...,timecost=0.454
info|2019-12-12 09:44:36.025311|[g:1][CONSENSUS][PBFT]checkAndChangeView: Reach consensus,org_view=49167,org_changeCycle=0,cur_changeCycle=0,to_view=49168
info|2019-12-12 09:44:37.026344|[g:1][CONSENSUS]addRawPrepare,height=6,reqIdx=1,hash=ebb94c41...
info|2019-12-12 09:44:37.027061|[g:1][CONSENSUS][PBFT]checkTimeout Succ,view=49168,toView=49169,nodeIdx=2,changeCycle=0,myNode=72961a87...,timecost=0.575
info|2019-12-12 09:44:37.028607|[g:1][CONSENSUS][PBFT]checkAndChangeView: Reach consensus,org_view=49168,org_changeCycle=0,cur_changeCycle=0,to_view=49169
info|2019-12-12 09:44:38.028968|[g:1][CONSENSUS][SEALER]++++++++++++++++ Generating seal on,blkNum=6,tx=0,nodeIdx=2,hash=c897fd00...
info|2019-12-12 09:44:38.029841|[g:1][CONSENSUS][PBFT]checkTimeout Succ,view=49169,toView=49170,nodeIdx=2,changeCycle=0,myNode=72961a87...,timecost=0.423
info|2019-12-12 09:44:38.032237|[g:1][CONSENSUS][PBFT]checkAndChangeView: Reach consensus,org_view=49169,org_changeCycle=0,cur_changeCycle=0,to_view=49170
info|2019-12-12 09:44:39.033171|[g:1][CONSENSUS]addRawPrepare,height=6,reqIdx=3,hash=06e61704...
info|2019-12-12 09:44:39.033643|[g:1][CONSENSUS][PBFT]checkTimeout Succ,view=49170,toView=49171,nodeIdx=2,changeCycle=0,myNode=72961a87...,timecost=0.363
info|2019-12-12 09:44:39.034923|[g:1][CONSENSUS][PBFT]checkAndChangeView: Reach consensus,org_view=49170,org_changeCycle=0,cur_changeCycle=0,to_view=49171
warning|2019-12-12 09:44:38.698872|[g:1][CONSENSUS][PBFT]ViewChangeWarning: not caused by omit empty block ,v=49171,toV=49172,curNum=5,hash=a9fec021...,nodeIdx=2,myNode=72961a87...
info|2019-12-12 09:44:38.699058|[g:1][CONSENSUS][PBFT]checkTimeout Succ,view=49171,toView=49172,nodeIdx=2,changeCycle=1,myNode=72961a87...,timecost=0.479
info|2019-12-12 09:44:38.700530|[g:1][CONSENSUS][PBFT]checkAndChangeView: Reach consensus,org_view=49171,org_changeCycle=1,cur_changeCycle=1,to_view=49172
info|2019-12-12 09:44:39.701346|[g:1][CONSENSUS]addRawPrepare,height=6,reqIdx=1,hash=48531412...
info|2019-12-12 09:44:39.701858|[g:1][CONSENSUS][PBFT]checkTimeout Succ,view=49172,toView=49173,nodeIdx=2,changeCycle=0,myNode=72961a87...,timecost=0.391
info|2019-12-12 09:44:39.703285|[g:1][CONSENSUS][PBFT]checkAndChangeView: Reach consensus,org_view=49172,org_changeCycle=0,cur_changeCycle=0,to_view=49173
info|2019-12-12 09:44:40.703920|[g:1][CONSENSUS][SEALER]++++++++++++++++ Generating seal on,blkNum=6,tx=0,nodeIdx=2,hash=279597b4...
info|2019-12-12 09:44:40.709601|[g:1][CONSENSUS][PBFT]checkTimeout Succ,view=49173,toView=49174,nodeIdx=2,changeCycle=0,myNode=72961a87...,timecost=0.566
info|2019-12-12 09:44:40.711307|[g:1][CONSENSUS][PBFT]checkAndChangeView: Reach consensus,org_view=49173,org_changeCycle=0,cur_changeCycle=0,to_view=49174
info|2019-12-12 09:44:41.011486|[P2P][Service] heartBeat,connected count=3
info|2019-12-12 09:44:41.712619|[g:1][CONSENSUS]addRawPrepare,height=6,reqIdx=3,hash=ee20a990...
info|2019-12-12 09:44:41.713222|[g:1][CONSENSUS][PBFT]checkTimeout Succ,view=49174,toView=49175,nodeIdx=2,changeCycle=0,myNode=72961a87...,timecost=0.467
info|2019-12-12 09:44:41.714761|[g:1][CONSENSUS][PBFT]checkAndChangeView: Reach consensus,org_view=49174,org_changeCycle=0,cur_changeCycle=0,to_view=49175
info|2019-12-12 09:44:42.715522|[g:1][CONSENSUS]addRawPrepare,height=6,reqIdx=0,hash=7f56386c...
info|2019-12-12 09:44:42.716249|[g:1][CONSENSUS][PBFT]checkTimeout Succ,view=49175,toView=49176,nodeIdx=2,changeCycle=0,myNode=72961a87...,timecost=0.581
info|2019-12-12 09:44:42.717866|[g:1][CONSENSUS][PBFT]checkAndChangeView: Reach consensus,org_view=49175,org_changeCycle=0,cur_changeCycle=0,to_view=49176
info|2019-12-12 09:44:43.720808|[g:1][CONSENSUS]addRawPrepare,height=6,reqIdx=1,hash=efc9ef25...
info|2019-12-12 09:44:43.721477|[g:1][CONSENSUS][PBFT]checkTimeout Succ,view=49176,toView=49177,nodeIdx=2,changeCycle=0,myNode=72961a87...,timecost=0.504
info|2019-12-12 09:44:43.723288|[g:1][CONSENSUS][PBFT]checkAndChangeView: Reach consensus,org_view=49176,org_changeCycle=0,cur_changeCycle=0,to_view=49177
info|2019-12-12 09:44:44.723955|[g:1][CONSENSUS][SEALER]++++++++++++++++ Generating seal on,blkNum=6,tx=0,nodeIdx=2,hash=5add92c6...
info|2019-12-12 09:44:44.727143|[g:1][CONSENSUS][PBFT]checkTimeout Succ,view=49177,toView=49178,nodeIdx=2,changeCycle=0,myNode=72961a87...,timecost=0.493
info|2019-12-12 09:44:44.727981|[g:1][CONSENSUS][PBFT]checkAndChangeView: Reach consensus,org_view=49177,org_changeCycle=0,cur_changeCycle=0,to_view=49178
info|2019-12-12 09:44:45.728716|[g:1][CONSENSUS]addRawPrepare,height=6,reqIdx=3,hash=2c3440e0...
info|2019-12-12 09:44:45.729479|[g:1][CONSENSUS][PBFT]checkTimeout Succ,view=49178,toView=49179,nodeIdx=2,changeCycle=0,myNode=72961a87...,timecost=0.583
info|2019-12-12 09:44:45.731261|[g:1][CONSENSUS][PBFT]checkAndChangeView: Reach consensus,org_view=49178,org_changeCycle=0,cur_changeCycle=0,to_view=49179
info|2019-12-12 09:44:46.733429|[g:1][CONSENSUS]addRawPrepare,height=6,reqIdx=0,hash=981d49ba...
info|2019-12-12 09:44:46.734291|[g:1][CONSENSUS][PBFT]checkTimeout Succ,view=49179,toView=49180,nodeIdx=2,changeCycle=0,myNode=72961a87...,timecost=0.664
info|2019-12-12 09:44:46.736327|[g:1][CONSENSUS][PBFT]checkAndChangeView: Reach consensus,org_view=49179,org_changeCycle=0,cur_changeCycle=0,to_view=49180
