info|2019-11-13 00:24:01.007357|[P2P][Service] heartBeat,connected count=3
warning|2019-11-13 00:24:01.010469|[g:1][CONSENSUS][PBFT]ViewChangeWarning: not caused by omit empty block ,v=62009,toV=62010,curNum=0,hash=f72cae63...,nodeIdx=2,myNode=72961a87...
info|2019-11-13 00:24:01.010686|[g:1][CONSENSUS][PBFT]checkTimeout Succ,view=62009,toView=62010,nodeIdx=2,changeCycle=1,myNode=72961a87...,timecost=0.943
info|2019-11-13 00:24:01.016624|[g:1][CONSENSUS][PBFT]checkAndChangeView: Reach consensus,org_view=62009,org_changeCycle=1,cur_changeCycle=1,to_view=62010
info|2019-11-13 00:24:02.017388|[g:1][CONSENSUS][SEALER]++++++++++++++++ Generating seal on,blkNum=1,tx=0,nodeIdx=2,hash=2f51a1ae...
info|2019-11-13 00:24:02.017966|[g:1][CONSENSUS][PBFT]checkTimeout Succ,view=62010,toView=62011,nodeIdx=2,changeCycle=0,myNode=72961a87...,timecost=0.266
info|2019-11-13 00:24:02.020650|[g:1][CONSENSUS][PBFT]checkAndChangeView: Reach consensus,org_view=62010,org_changeCycle=0,cur_changeCycle=0,to_view=62011
info|2019-11-13 00:24:03.022396|[g:1][CONSENSUS]addRawPrepare,height=1,reqIdx=3,hash=6f28c0e4...
info|2019-11-13 00:24:03.022912|[g:1][CONSENSUS][PBFT]checkTimeout Succ,view=62011,toView=62012,nodeIdx=2,changeCycle=0,myNode=72961a87...,timecost=0.417
info|2019-11-13 00:24:03.024347|[g:1][CONSENSUS][PBFT]checkAndChangeView: Reach consensus,org_view=62011,org_changeCycle=0,cur_changeCycle=0,to_view=62012
info|2019-11-13 00:24:04.025078|[g:1][CONSENSUS]addRawPrepare,height=1,reqIdx=0,hash=71e9f113...
info|2019-11-13 00:24:04.025622|[g:1][CONSENSUS][PBFT]checkTimeout Succ,view=62012,toView=62013,nodeIdx=2,changeCycle=0,myNode=72961a87...,timecost=0.419
info|2019-11-13 00:24:04.026767|[g:1][CONSENSUS][PBFT]checkAndChangeView: Reach consensus,org_view=62012,org_changeCycle=0,cur_changeCycle=0,to_view=62013
info|2019-11-13 00:24:05.028425|[g:1][CONSENSUS]addRawPrepare,height=1,reqIdx=1,hash=dae03a0d...
info|2019-11-13 00:24:05.029029|[g:1][CONSENSUS][PBFT]checkTimeout Succ,view=62013,toView=62014,nodeIdx=2,changeCycle=0,myNode=72961a87...,timecost=0.473
info|2019-11-13 00:24:05.030488|[g:1][CONSENSUS][PBFT]checkAndChangeView: Reach consensus,org_view=62013,org_changeCycle=0,cur_changeCycle=0,to_view=62014
info|2019-11-13 00:24:06.030868|[g:1][CONSENSUS][SEALER]++++++++++++++++ Generating seal on,blkNum=1,tx=0,nodeIdx=2,hash=a4b5962f...
info|2019-11-13 00:24:06.031508|[g:1][CONSENSUS][PBFT]checkTimeout Succ,view=62014,toView=62015,nodeIdx=2,changeCycle=0,myNode=72961a87...,timecost=0.371
info|2019-11-13 00:24:06.033748|[g:1][CONSENSUS][PBFT]checkAndChangeView: Reach consensus,org_view=62014,org_changeCycle=0,cur_changeCycle=0,to_view=62015
info|2019-11-13 00:24:07.034628|[g:1][CONSENSUS]addRawPrepare,height=1,reqIdx=3,hash=d29d4885...
info|2019-11-13 00:24:07.035207|[g:1][CONSENSUS][PBFT]checkTimeout Succ,view=62015,toView=62016,nodeIdx=2,changeCycle=0,myNode=72961a87...,timecost=0.476
info|2019-11-13 00:24:07.036361|[g:1][CONSENSUS][PBFT]checkAndChangeView: Reach consensus,org_view=62015,org_changeCycle=0,cur_changeCycle=0,to_view=62016
info|2019-11-13 00:24:08.038243|[g:1][CONSENSUS]addRawPrepare,height=1,reqIdx=0,hash=d058b954...
info|2019-11-13 00:24:08.038833|[g:1][CONSENSUS][PBFT]checkTimeout Succ,view=62016,toView=62017,nodeIdx=2,changeCycle=0,myNode=72961a87...,timecost=0.453
info|2019-11-13 00:24:08.040233|[g:1][CONSENSUS][PBFT]checkAndChangeView: Reach consensus,org_view=62016,org_changeCycle=0,cur_changeCycle=0,to_view=62017
info|2019-11-13 00:24:09.040902|[g:1][CONSENSUS]addRawPrepare,height=1,reqIdx=1,hash=71519564...
info|2019-11-13 00:24:09.041465|[g:1][CONSENSUS][PBFT]checkTimeout Succ,view=62017,toView=62018,nodeIdx=2,changeCycle=0,myNode=72961a87...,timecost=0.456
info|2019-11-13 00:24:09.042515|[g:1][CONSENSUS][PBFT]checkAndChangeView: Reach consensus,org_view=62017,org_changeCycle=0,cur_changeCycle=0,to_view=62018
info|2019-11-13 00:24:10.043418|[g:1][CONSENSUS][SEALER]++++++++++++++++ Generating seal on,blkNum=1,tx=0,nodeIdx=2,hash=484f038d...
info|2019-11-13 00:24:10.045886|[g:1][CONSENSUS][PBFT]checkTimeout Succ,view=62018,toView=62019,nodeIdx=2,changeCycle=0,myNode=72961a87...,timecost=0.359
info|2019-11-13 00:24:10.046403|[g:1][CONSENSUS][PBFT]checkAndChangeView: Reach consensus,org_view=62018,org_changeCycle=0,cur_changeCycle=0,to_view=62019
info|2019-11-13 00:24:11.014209|[P2P][Service] heartBeat,connected count=3
info|2019-11-13 00:24:11.047434|[g:1][CONSENSUS]addRawPrepare,height=1,reqIdx=3,hash=5c827f83...
info|2019-11-13 00:24:11.048649|[g:1][CONSENSUS][PBFT]checkTimeout Succ,view=62019,toView=62020,nodeIdx=2,changeCycle=0,myNode=72961a87...,timecost=1.045
info|2019-11-13 00:24:11.050042|[g:1][CONSENSUS][PBFT]checkAndChangeView: Reach consensus,org_view=62019,org_changeCycle=0,cur_changeCycle=0,to_view=62020
info|2019-11-13 00:24:12.052391|[g:1][CONSENSUS]addRawPrepare,height=1,reqIdx=0,hash=63044156...
info|2019-11-13 00:24:12.053054|[g:1][CONSENSUS][PBFT]checkTimeout Succ,view=62020,toView=62021,nodeIdx=2,changeCycle=0,myNode=72961a87...,timecost=0.522
info|2019-11-13 00:24:12.054963|[g:1][CONSENSUS][PBFT]checkAndChangeView: Reach consensus,org_view=62020,org_changeCycle=0,cur_changeCycle=0,to_view=62021
info|2019-11-13 00:24:13.056154|[g:1][CONSENSUS]addRawPrepare,height=1,reqIdx=1,hash=b3615d56...
info|2019-11-13 00:24:13.056776|[g:1][CONSENSUS][PBFT]checkTimeout Succ,view=62021,toView=62022,nodeIdx=2,changeCycle=0,myNode=72961a87...,timecost=0.497
info|2019-11-13 00:24:13.058371|[g:1][CONSENSUS][PBFT]checkAndChangeView: Reach consensus,org_view=62021,org_changeCycle=0,cur_changeCycle=0,to_view=62022
info|2019-11-13 00:24:14.058435|[g:1][CONSENSUS][SEALER]++++++++++++++++ Generating seal on,blkNum=1,tx=0,nodeIdx=2,hash=fa6d431d...
info|2019-11-13 00:24:14.061746|[g:1][CONSENSUS][PBFT]checkTimeout Succ,view=62022,toView=62023,nodeIdx=2,changeCycle=0,myNode=72961a87...,timecost=0.507
info|2019-11-13 00:24:14.062526|[g:1][CONSENSUS][PBFT]checkAndChangeView: Reach consensus,org_view=62022,org_changeCycle=0,cur_changeCycle=0,to_view=62023
info|2019-11-13 00:24:15.063410|[g:1][CONSENSUS]addRawPrepare,height=1,reqIdx=3,hash=8b6cf58f...
info|2019-11-13 00:24:15.063934|[g:1][CONSENSUS][PBFT]checkTimeout Succ,view=62023,toView=62024,nodeIdx=2,changeCycle=0,myNode=72961a87...,timecost=0.386
info|2019-11-13 00:24:15.065269|[g:1][CONSENSUS][PBFT]checkAndChangeView: Reach consensus,org_view=62023,org_changeCycle=0,cur_changeCycle=0,to_view=62024
info|2019-11-13 00:24:16.067552|[g:1][CONSENSUS]addRawPrepare,height=1,reqIdx=0,hash=1077511f...
info|2019-11-13 00:24:16.068794|[g:1][CONSENSUS][PBFT]checkTimeout Succ,view=62024,toView=62025,nodeIdx=2,changeCycle=0,myNode=72961a87...,timecost=1.122
info|2019-11-13 00:24:16.070392|[g:1][CONSENSUS][PBFT]checkAndChangeView: Reach consensus,org_view=62024,org_changeCycle=0,cur_changeCycle=0,to_view=62025
info|2019-11-13 00:24:17.071672|[g:1][CONSENSUS]addRawPrepare,height=1,reqIdx=1,hash=75d47065...
info|2019-11-13 00:24:17.072679|[g:1][CONSENSUS][PBFT]checkTimeout Succ,view=62025,toView=62026,nodeIdx=2,changeCycle=0,myNode=72961a87...,timecost=0.733
info|2019-11-13 00:24:17.074092|[g:1][CONSENSUS][PBFT]checkAndChangeView: Reach consensus,org_view=62025,org_changeCycle=0,cur_changeCycle=0,to_view=62026
info|2019-11-13 00:24:18.075449|[g:1][CONSENSUS][SEALER]++++++++++++++++ Generating seal on,blkNum=1,tx=0,nodeIdx=2,hash=1f4b0649...
info|2019-11-13 00:24:18.076300|[g:1][CONSENSUS][PBFT]checkTimeout Succ,view=62026,toView=62027,nodeIdx=2,changeCycle=0,myNode=72961a87...,timecost=0.422
info|2019-11-13 00:24:18.078626|[g:1][CONSENSUS][PBFT]checkAndChangeView: Reach consensus,org_view=62026,org_changeCycle=0,cur_changeCycle=0,to_view=62027
info|2019-11-13 00:24:19.079543|[g:1][CONSENSUS]addRawPrepare,height=1,reqIdx=3,hash=14f49fc6...
info|2019-11-13 00:24:19.080177|[g:1][CONSENSUS][PBFT]checkTimeout Succ,view=62027,toView=62028,nodeIdx=2,changeCycle=0,myNode=72961a87...,timecost=0.51
info|2019-11-13 00:24:19.081620|[g:1][CONSENSUS][PBFT]checkAndChangeView: Reach consensus,org_view=62027,org_changeCycle=0,cur_changeCycle=0,to_view=62028
info|2019-11-13 00:24:20.082916|[g:1][CONSENSUS]addRawPrepare,height=1,reqIdx=0,hash=73ab854d...
info|2019-11-13 00:24:20.083548|[g:1][CONSENSUS][PBFT]checkTimeout Succ,view=62028,toView=62029,nodeIdx=2,changeCycle=0,myNode=72961a87...,timecost=0.496
info|2019-11-13 00:24:20.085383|[g:1][CONSENSUS][PBFT]checkAndChangeView: Reach consensus,org_view=62028,org_changeCycle=0,cur_changeCycle=0,to_view=62029
info|2019-11-13 00:24:21.014431|[P2P][Service] heartBeat,connected count=3
info|2019-11-13 00:24:21.087360|[g:1][CONSENSUS]addRawPrepare,height=1,reqIdx=1,hash=cf06723f...
info|2019-11-13 00:24:21.087808|[g:1][CONSENSUS][PBFT]checkTimeout Succ,view=62029,toView=62030,nodeIdx=2,changeCycle=0,myNode=72961a87...,timecost=0.341
info|2019-11-13 00:24:21.088939|[g:1][CONSENSUS][PBFT]checkAndChangeView: Reach consensus,org_view=62029,org_changeCycle=0,cur_changeCycle=0,to_view=62030
info|2019-11-13 00:24:22.088816|[g:1][CONSENSUS][SEALER]++++++++++++++++ Generating seal on,blkNum=1,tx=0,nodeIdx=2,hash=a31b3cdd...
info|2019-11-13 00:24:22.089788|[g:1][CONSENSUS][PBFT]checkTimeout Succ,view=62030,toView=62031,nodeIdx=2,changeCycle=0,myNode=72961a87...,timecost=0.392
info|2019-11-13 00:24:22.092323|[g:1][CONSENSUS][PBFT]checkAndChangeView: Reach consensus,org_view=62030,org_changeCycle=0,cur_changeCycle=0,to_view=62031
info|2019-11-13 00:24:23.094457|[g:1][CONSENSUS]addRawPrepare,height=1,reqIdx=3,hash=3fb11660...
info|2019-11-13 00:24:23.095105|[g:1][CONSENSUS][PBFT]checkTimeout Succ,view=62031,toView=62032,nodeIdx=2,changeCycle=0,myNode=72961a87...,timecost=0.493
info|2019-11-13 00:24:23.096499|[g:1][CONSENSUS][PBFT]checkAndChangeView: Reach consensus,org_view=62031,org_changeCycle=0,cur_changeCycle=0,to_view=62032
info|2019-11-13 00:24:24.097955|[g:1][CONSENSUS]addRawPrepare,height=1,reqIdx=0,hash=dccef0a6...
info|2019-11-13 00:24:24.098544|[g:1][CONSENSUS][PBFT]checkTimeout Succ,view=62032,toView=62033,nodeIdx=2,changeCycle=0,myNode=72961a87...,timecost=0.458
info|2019-11-13 00:24:24.099959|[g:1][CONSENSUS][PBFT]checkAndChangeView: Reach consensus,org_view=62032,org_changeCycle=0,cur_changeCycle=0,to_view=62033
info|2019-11-13 00:24:25.102224|[g:1][CONSENSUS]addRawPrepare,height=1,reqIdx=1,hash=6d54f73e...
info|2019-11-13 00:24:25.102995|[g:1][CONSENSUS][PBFT]checkTimeout Succ,view=62033,toView=62034,nodeIdx=2,changeCycle=0,myNode=72961a87...,timecost=0.526
info|2019-11-13 00:24:25.104403|[g:1][CONSENSUS][PBFT]checkAndChangeView: Reach consensus,org_view=62033,org_changeCycle=0,cur_changeCycle=0,to_view=62034
info|2019-11-13 00:24:26.104958|[g:1][CONSENSUS][SEALER]++++++++++++++++ Generating seal on,blkNum=1,tx=0,nodeIdx=2,hash=5f55b939...
info|2019-11-13 00:24:26.108759|[g:1][CONSENSUS][PBFT]checkTimeout Succ,view=62034,toView=62035,nodeIdx=2,changeCycle=0,myNode=72961a87...,timecost=0.6
info|2019-11-13 00:24:26.109479|[g:1][CONSENSUS][PBFT]checkAndChangeView: Reach consensus,org_view=62034,org_changeCycle=0,cur_changeCycle=0,to_view=62035
info|2019-11-13 00:24:27.109922|[g:1][CONSENSUS]addRawPrepare,height=1,reqIdx=3,hash=899ae5fb...
info|2019-11-13 00:24:27.110560|[g:1][CONSENSUS][PBFT]checkTimeout Succ,view=62035,toView=62036,nodeIdx=2,changeCycle=0,myNode=72961a87...,timecost=0.501
info|2019-11-13 00:24:27.112335|[g:1][CONSENSUS][PBFT]checkAndChangeView: Reach consensus,org_view=62035,org_changeCycle=0,cur_changeCycle=0,to_view=62036
info|2019-11-13 00:24:28.114201|[g:1][CONSENSUS]addRawPrepare,height=1,reqIdx=0,hash=228e74cd...
info|2019-11-13 00:24:28.114876|[g:1][CONSENSUS][PBFT]checkTimeout Succ,view=62036,toView=62037,nodeIdx=2,changeCycle=0,myNode=72961a87...,timecost=0.491
info|2019-11-13 00:24:28.116582|[g:1][CONSENSUS][PBFT]checkAndChangeView: Reach consensus,org_view=62036,org_changeCycle=0,cur_changeCycle=0,to_view=62037
info|2019-11-13 00:24:29.118465|[g:1][CONSENSUS]addRawPrepare,height=1,reqIdx=1,hash=45b8ac29...
info|2019-11-13 00:24:29.119045|[g:1][CONSENSUS][PBFT]checkTimeout Succ,view=62037,toView=62038,nodeIdx=2,changeCycle=0,myNode=72961a87...,timecost=0.456
info|2019-11-13 00:24:29.120419|[g:1][CONSENSUS][PBFT]checkAndChangeView: Reach consensus,org_view=62037,org_changeCycle=0,cur_changeCycle=0,to_view=62038
info|2019-11-13 00:24:30.121411|[g:1][CONSENSUS][SEALER]++++++++++++++++ Generating seal on,blkNum=1,tx=0,nodeIdx=2,hash=66651dc3...
info|2019-11-13 00:24:30.124039|[g:1][CONSENSUS][PBFT]checkTimeout Succ,view=62038,toView=62039,nodeIdx=2,changeCycle=0,myNode=72961a87...,timecost=0.4
info|2019-11-13 00:24:30.125508|[g:1][CONSENSUS][PBFT]checkAndChangeView: Reach consensus,org_view=62038,org_changeCycle=0,cur_changeCycle=0,to_view=62039
info|2019-11-13 00:24:31.020349|[P2P][Service] heartBeat,connected count=3
info|2019-11-13 00:24:31.126810|[g:1][CONSENSUS]addRawPrepare,height=1,reqIdx=3,hash=cc008393...
info|2019-11-13 00:24:31.128019|[g:1][CONSENSUS][PBFT]checkTimeout Succ,view=62039,toView=62040,nodeIdx=2,changeCycle=0,myNode=72961a87...,timecost=1.004
info|2019-11-13 00:24:31.129518|[g:1][CONSENSUS][PBFT]checkAndChangeView: Reach consensus,org_view=62039,org_changeCycle=0,cur_changeCycle=0,to_view=62040
info|2019-11-13 00:24:32.131180|[g:1][CONSENSUS]addRawPrepare,height=1,reqIdx=0,hash=708f925c...
info|2019-11-13 00:24:32.131726|[g:1][CONSENSUS][PBFT]checkTimeout Succ,view=62040,toView=62041,nodeIdx=2,changeCycle=0,myNode=72961a87...,timecost=0.427
info|2019-11-13 00:24:32.133088|[g:1][CONSENSUS][PBFT]checkAndChangeView: Reach consensus,org_view=62040,org_changeCycle=0,cur_changeCycle=0,to_view=62041
info|2019-11-13 00:24:33.134936|[g:1][CONSENSUS]addRawPrepare,height=1,reqIdx=1,hash=f2f48bbb...
info|2019-11-13 00:24:33.135547|[g:1][CONSENSUS][PBFT]checkTimeout Succ,view=62041,toView=62042,nodeIdx=2,changeCycle=0,myNode=72961a87...,timecost=0.459
info|2019-11-13 00:24:33.137092|[g:1][CONSENSUS][PBFT]checkAndChangeView: Reach consensus,org_view=62041,org_changeCycle=0,cur_changeCycle=0,to_view=62042
info|2019-11-13 00:24:34.137357|[g:1][CONSENSUS][SEALER]++++++++++++++++ Generating seal on,blkNum=1,tx=0,nodeIdx=2,hash=ad262753...
info|2019-11-13 00:24:34.138275|[g:1][CONSENSUS][PBFT]checkTimeout Succ,view=62042,toView=62043,nodeIdx=2,changeCycle=0,myNode=72961a87...,timecost=0.378
info|2019-11-13 00:24:34.141144|[g:1][CONSENSUS][PBFT]checkAndChangeView: Reach consensus,org_view=62042,org_changeCycle=0,cur_changeCycle=0,to_view=62043
info|2019-11-13 00:24:35.142544|[g:1][CONSENSUS]addRawPrepare,height=1,reqIdx=3,hash=19afa70b...
info|2019-11-13 00:24:35.143181|[g:1][CONSENSUS][PBFT]checkTimeout Succ,view=62043,toView=62044,nodeIdx=2,changeCycle=0,myNode=72961a87...,timecost=0.51
info|2019-11-13 00:24:35.144944|[g:1][CONSENSUS][PBFT]checkAndChangeView: Reach consensus,org_view=62043,org_changeCycle=0,cur_changeCycle=0,to_view=62044
info|2019-11-13 00:24:36.147258|[g:1][CONSENSUS]addRawPrepare,height=1,reqIdx=0,hash=b6ba5322...
info|2019-11-13 00:24:36.147989|[g:1][CONSENSUS][PBFT]checkTimeout Succ,view=62044,toView=62045,nodeIdx=2,changeCycle=0,myNode=72961a87...,timecost=0.562
info|2019-11-13 00:24:36.149762|[g:1][CONSENSUS][PBFT]checkAndChangeView: Reach consensus,org_view=62044,org_changeCycle=0,cur_changeCycle=0,to_view=62045
info|2019-11-13 00:24:37.151369|[g:1][CONSENSUS]addRawPrepare,height=1,reqIdx=1,hash=da5613f5...
info|2019-11-13 00:24:37.151862|[g:1][CONSENSUS][PBFT]checkTimeout Succ,view=62045,toView=62046,nodeIdx=2,changeCycle=0,myNode=72961a87...,timecost=0.371
info|2019-11-13 00:24:37.153055|[g:1][CONSENSUS][PBFT]checkAndChangeView: Reach consensus,org_view=62045,org_changeCycle=0,cur_changeCycle=0,to_view=62046
info|2019-11-13 00:24:38.153295|[g:1][CONSENSUS][SEALER]++++++++++++++++ Generating seal on,blkNum=1,tx=0,nodeIdx=2,hash=9fb6093a...
info|2019-11-13 00:24:38.154326|[g:1][CONSENSUS][PBFT]checkTimeout Succ,view=62046,toView=62047,nodeIdx=2,changeCycle=0,myNode=72961a87...,timecost=0.564
info|2019-11-13 00:24:38.157014|[g:1][CONSENSUS][PBFT]checkAndChangeView: Reach consensus,org_view=62046,org_changeCycle=0,cur_changeCycle=0,to_view=62047
info|2019-11-13 00:24:39.158631|[g:1][CONSENSUS]addRawPrepare,height=1,reqIdx=3,hash=b4326324...
info|2019-11-13 00:24:39.159240|[g:1][CONSENSUS][PBFT]checkTimeout Succ,view=62047,toView=62048,nodeIdx=2,changeCycle=0,myNode=72961a87...,timecost=0.483
info|2019-11-13 00:24:39.160654|[g:1][CONSENSUS][PBFT]checkAndChangeView: Reach consensus,org_view=62047,org_changeCycle=0,cur_changeCycle=0,to_view=62048
info|2019-11-13 00:24:40.163358|[g:1][CONSENSUS]addRawPrepare,height=1,reqIdx=0,hash=0f2f9ef7...
info|2019-11-13 00:24:40.163947|[g:1][CONSENSUS][PBFT]checkTimeout Succ,view=62048,toView=62049,nodeIdx=2,changeCycle=0,myNode=72961a87...,timecost=0.543
info|2019-11-13 00:24:40.165513|[g:1][CONSENSUS][PBFT]checkAndChangeView: Reach consensus,org_view=62048,org_changeCycle=0,cur_changeCycle=0,to_view=62049
info|2019-11-13 00:24:41.021947|[P2P][Service] heartBeat,connected count=3
info|2019-11-13 00:24:41.167902|[g:1][CONSENSUS]addRawPrepare,height=1,reqIdx=1,hash=e7ad3965...
info|2019-11-13 00:24:41.168842|[g:1][CONSENSUS][PBFT]checkTimeout Succ,view=62049,toView=62050,nodeIdx=2,changeCycle=0,myNode=72961a87...,timecost=0.807
info|2019-11-13 00:24:41.170178|[g:1][CONSENSUS][PBFT]checkAndChangeView: Reach consensus,org_view=62049,org_changeCycle=0,cur_changeCycle=0,to_view=62050
info|2019-11-13 00:24:42.171268|[g:1][CONSENSUS][SEALER]++++++++++++++++ Generating seal on,blkNum=1,tx=0,nodeIdx=2,hash=b07fbde9...
info|2019-11-13 00:24:42.172242|[g:1][CONSENSUS][PBFT]checkTimeout Succ,view=62050,toView=62051,nodeIdx=2,changeCycle=0,myNode=72961a87...,timecost=0.467
info|2019-11-13 00:24:42.175033|[g:1][CONSENSUS][PBFT]checkAndChangeView: Reach consensus,org_view=62050,org_changeCycle=0,cur_changeCycle=0,to_view=62051
info|2019-11-13 00:24:43.175377|[g:1][CONSENSUS]addRawPrepare,height=1,reqIdx=3,hash=449e34a4...
info|2019-11-13 00:24:43.176019|[g:1][CONSENSUS][PBFT]checkTimeout Succ,view=62051,toView=62052,nodeIdx=2,changeCycle=0,myNode=72961a87...,timecost=0.464
info|2019-11-13 00:24:43.177390|[g:1][CONSENSUS][PBFT]checkAndChangeView: Reach consensus,org_view=62051,org_changeCycle=0,cur_changeCycle=0,to_view=62052
info|2019-11-13 00:24:44.179902|[g:1][CONSENSUS]addRawPrepare,height=1,reqIdx=0,hash=10c5151a...
info|2019-11-13 00:24:44.180574|[g:1][CONSENSUS][PBFT]checkTimeout Succ,view=62052,toView=62053,nodeIdx=2,changeCycle=0,myNode=72961a87...,timecost=0.532
info|2019-11-13 00:24:44.181998|[g:1][CONSENSUS][PBFT]checkAndChangeView: Reach consensus,org_view=62052,org_changeCycle=0,cur_changeCycle=0,to_view=62053
info|2019-11-13 00:24:45.185017|[g:1][CONSENSUS]addRawPrepare,height=1,reqIdx=1,hash=4d89bb93...
info|2019-11-13 00:24:45.185622|[g:1][CONSENSUS][PBFT]checkTimeout Succ,view=62053,toView=62054,nodeIdx=2,changeCycle=0,myNode=72961a87...,timecost=0.452
info|2019-11-13 00:24:45.187028|[g:1][CONSENSUS][PBFT]checkAndChangeView: Reach consensus,org_view=62053,org_changeCycle=0,cur_changeCycle=0,to_view=62054
info|2019-11-13 00:24:46.188233|[g:1][CONSENSUS][SEALER]++++++++++++++++ Generating seal on,blkNum=1,tx=0,nodeIdx=2,hash=af8db138...
info|2019-11-13 00:24:46.191797|[g:1][CONSENSUS][PBFT]checkTimeout Succ,view=62054,toView=62055,nodeIdx=2,changeCycle=0,myNode=72961a87...,timecost=0.504
info|2019-11-13 00:24:46.192630|[g:1][CONSENSUS][PBFT]checkAndChangeView: Reach consensus,org_view=62054,org_changeCycle=0,cur_changeCycle=0,to_view=62055
info|2019-11-13 00:24:47.195304|[g:1][CONSENSUS]addRawPrepare,height=1,reqIdx=3,hash=2e60a078...
info|2019-11-13 00:24:47.196067|[g:1][CONSENSUS][PBFT]checkTimeout Succ,view=62055,toView=62056,nodeIdx=2,changeCycle=0,myNode=72961a87...,timecost=0.592
info|2019-11-13 00:24:47.197883|[g:1][CONSENSUS][PBFT]checkAndChangeView: Reach consensus,org_view=62055,org_changeCycle=0,cur_changeCycle=0,to_view=62056
info|2019-11-13 00:24:48.200816|[g:1][CONSENSUS]addRawPrepare,height=1,reqIdx=0,hash=95f32042...
info|2019-11-13 00:24:48.201420|[g:1][CONSENSUS][PBFT]checkTimeout Succ,view=62056,toView=62057,nodeIdx=2,changeCycle=0,myNode=72961a87...,timecost=0.471
info|2019-11-13 00:24:48.202971|[g:1][CONSENSUS][PBFT]checkAndChangeView: Reach consensus,org_view=62056,org_changeCycle=0,cur_changeCycle=0,to_view=62057
info|2019-11-13 00:24:49.203627|[g:1][CONSENSUS]addRawPrepare,height=1,reqIdx=1,hash=dd15b6ba...
info|2019-11-13 00:24:49.204456|[g:1][CONSENSUS][PBFT]checkTimeout Succ,view=62057,toView=62058,nodeIdx=2,changeCycle=0,myNode=72961a87...,timecost=0.549
info|2019-11-13 00:24:49.205865|[g:1][CONSENSUS][PBFT]checkAndChangeView: Reach consensus,org_view=62057,org_changeCycle=0,cur_changeCycle=0,to_view=62058
info|2019-11-13 00:24:50.206287|[g:1][CONSENSUS][SEALER]++++++++++++++++ Generating seal on,blkNum=1,tx=0,nodeIdx=2,hash=e53a8c5c...
info|2019-11-13 00:24:50.207184|[g:1][CONSENSUS][PBFT]checkTimeout Succ,view=62058,toView=62059,nodeIdx=2,changeCycle=0,myNode=72961a87...,timecost=0.422
info|2019-11-13 00:24:50.209939|[g:1][CONSENSUS][PBFT]checkAndChangeView: Reach consensus,org_view=62058,org_changeCycle=0,cur_changeCycle=0,to_view=62059
info|2019-11-13 00:24:51.028711|[P2P][Service] heartBeat,connected count=3
info|2019-11-13 00:24:51.211623|[g:1][CONSENSUS]addRawPrepare,height=1,reqIdx=3,hash=08fc089a...
info|2019-11-13 00:24:51.212350|[g:1][CONSENSUS][PBFT]checkTimeout Succ,view=62059,toView=62060,nodeIdx=2,changeCycle=0,myNode=72961a87...,timecost=0.59
info|2019-11-13 00:24:51.214554|[g:1][CONSENSUS][PBFT]checkAndChangeView: Reach consensus,org_view=62059,org_changeCycle=0,cur_changeCycle=0,to_view=62060
