info|2019-11-13 04:19:07.003193|[P2P][Service] heartBeat,connected count=3
warning|2019-11-13 04:19:07.008329|[g:1][CONSENSUS][PBFT]ViewChangeWarning: not caused by omit empty block ,v=62117,toV=62118,curNum=0,hash=f72cae63...,nodeIdx=2,myNode=72961a87...
info|2019-11-13 04:19:07.008560|[g:1][CONSENSUS][PBFT]checkTimeout Succ,view=62117,toView=62118,nodeIdx=2,changeCycle=1,myNode=72961a87...,timecost=0.83
info|2019-11-13 04:19:07.011959|[g:1][CONSENSUS][PBFT]checkAndChangeView: Reach consensus,org_view=62117,org_changeCycle=1,cur_changeCycle=1,to_view=62118
info|2019-11-13 04:19:08.011961|[g:1][CONSENSUS][SEALER]++++++++++++++++ Generating seal on,blkNum=1,tx=0,nodeIdx=2,hash=53540223...
info|2019-11-13 04:19:08.014465|[g:1][CONSENSUS][PBFT]checkTimeout Succ,view=62118,toView=62119,nodeIdx=2,changeCycle=0,myNode=72961a87...,timecost=0.39
info|2019-11-13 04:19:08.015081|[g:1][CONSENSUS][PBFT]checkAndChangeView: Reach consensus,org_view=62118,org_changeCycle=0,cur_changeCycle=0,to_view=62119
info|2019-11-13 04:19:09.016087|[g:1][CONSENSUS]addRawPrepare,height=1,reqIdx=3,hash=989dd1ea...
info|2019-11-13 04:19:09.016544|[g:1][CONSENSUS][PBFT]checkTimeout Succ,view=62119,toView=62120,nodeIdx=2,changeCycle=0,myNode=72961a87...,timecost=0.343
info|2019-11-13 04:19:09.017643|[g:1][CONSENSUS][PBFT]checkAndChangeView: Reach consensus,org_view=62119,org_changeCycle=0,cur_changeCycle=0,to_view=62120
info|2019-11-13 04:19:10.019068|[g:1][CONSENSUS]addRawPrepare,height=1,reqIdx=0,hash=7f1058cd...
info|2019-11-13 04:19:10.019758|[g:1][CONSENSUS][PBFT]checkTimeout Succ,view=62120,toView=62121,nodeIdx=2,changeCycle=0,myNode=72961a87...,timecost=0.541
info|2019-11-13 04:19:10.021443|[g:1][CONSENSUS][PBFT]checkAndChangeView: Reach consensus,org_view=62120,org_changeCycle=0,cur_changeCycle=0,to_view=62121
info|2019-11-13 04:19:11.022991|[g:1][CONSENSUS]addRawPrepare,height=1,reqIdx=1,hash=674c2e17...
info|2019-11-13 04:19:11.023511|[g:1][CONSENSUS][PBFT]checkTimeout Succ,view=62121,toView=62122,nodeIdx=2,changeCycle=0,myNode=72961a87...,timecost=0.399
info|2019-11-13 04:19:11.024548|[g:1][CONSENSUS][PBFT]checkAndChangeView: Reach consensus,org_view=62121,org_changeCycle=0,cur_changeCycle=0,to_view=62122
info|2019-11-13 04:19:12.024933|[g:1][CONSENSUS][SEALER]++++++++++++++++ Generating seal on,blkNum=1,tx=0,nodeIdx=2,hash=eabbdc39...
info|2019-11-13 04:19:12.025799|[g:1][CONSENSUS][PBFT]checkTimeout Succ,view=62122,toView=62123,nodeIdx=2,changeCycle=0,myNode=72961a87...,timecost=0.481
info|2019-11-13 04:19:12.028664|[g:1][CONSENSUS][PBFT]checkAndChangeView: Reach consensus,org_view=62122,org_changeCycle=0,cur_changeCycle=0,to_view=62123
info|2019-11-13 04:19:13.030266|[g:1][CONSENSUS]addRawPrepare,height=1,reqIdx=3,hash=34203a55...
info|2019-11-13 04:19:13.030722|[g:1][CONSENSUS][PBFT]checkTimeout Succ,view=62123,toView=62124,nodeIdx=2,changeCycle=0,myNode=72961a87...,timecost=0.359
info|2019-11-13 04:19:13.031843|[g:1][CONSENSUS][PBFT]checkAndChangeView: Reach consensus,org_view=62123,org_changeCycle=0,cur_changeCycle=0,to_view=62124
info|2019-11-13 04:19:14.033111|[g:1][CONSENSUS]addRawPrepare,height=1,reqIdx=0,hash=bb7ab847...
info|2019-11-13 04:19:14.033631|[g:1][CONSENSUS][PBFT]checkTimeout Succ,view=62124,toView=62125,nodeIdx=2,changeCycle=0,myNode=72961a87...,timecost=0.477
info|2019-11-13 04:19:14.034847|[g:1][CONSENSUS][PBFT]checkAndChangeView: Reach consensus,org_view=62124,org_changeCycle=0,cur_changeCycle=0,to_view=62125
info|2019-11-13 04:19:15.035727|[g:1][CONSENSUS]addRawPrepare,height=1,reqIdx=1,hash=d9c73aea...
info|2019-11-13 04:19:15.036450|[g:1][CONSENSUS][PBFT]checkTimeout Succ,view=62125,toView=62126,nodeIdx=2,changeCycle=0,myNode=72961a87...,timecost=0.547
info|2019-11-13 04:19:15.038135|[g:1][CONSENSUS][PBFT]checkAndChangeView: Reach consensus,org_view=62125,org_changeCycle=0,cur_changeCycle=0,to_view=62126
info|2019-11-13 04:19:16.038335|[g:1][CONSENSUS][SEALER]++++++++++++++++ Generating seal on,blkNum=1,tx=0,nodeIdx=2,hash=a820651e...
info|2019-11-13 04:19:16.042121|[g:1][CONSENSUS][PBFT]checkTimeout Succ,view=62126,toView=62127,nodeIdx=2,changeCycle=0,myNode=72961a87...,timecost=0.793
info|2019-11-13 04:19:16.042935|[g:1][CONSENSUS][PBFT]checkAndChangeView: Reach consensus,org_view=62126,org_changeCycle=0,cur_changeCycle=0,to_view=62127
info|2019-11-13 04:19:17.006567|[P2P][Service] heartBeat,connected count=3
info|2019-11-13 04:19:17.043782|[g:1][CONSENSUS]addRawPrepare,height=1,reqIdx=3,hash=5416a35d...
info|2019-11-13 04:19:17.044338|[g:1][CONSENSUS][PBFT]checkTimeout Succ,view=62127,toView=62128,nodeIdx=2,changeCycle=0,myNode=72961a87...,timecost=0.436
info|2019-11-13 04:19:17.045862|[g:1][CONSENSUS][PBFT]checkAndChangeView: Reach consensus,org_view=62127,org_changeCycle=0,cur_changeCycle=0,to_view=62128
info|2019-11-13 04:19:18.048550|[g:1][CONSENSUS]addRawPrepare,height=1,reqIdx=0,hash=abb631d3...
info|2019-11-13 04:19:18.049247|[g:1][CONSENSUS][PBFT]checkTimeout Succ,view=62128,toView=62129,nodeIdx=2,changeCycle=0,myNode=72961a87...,timecost=0.565
info|2019-11-13 04:19:18.050805|[g:1][CONSENSUS][PBFT]checkAndChangeView: Reach consensus,org_view=62128,org_changeCycle=0,cur_changeCycle=0,to_view=62129
info|2019-11-13 04:19:19.051458|[g:1][CONSENSUS]addRawPrepare,height=1,reqIdx=1,hash=adb68f09...
info|2019-11-13 04:19:19.052103|[g:1][CONSENSUS][PBFT]checkTimeout Succ,view=62129,toView=62130,nodeIdx=2,changeCycle=0,myNode=72961a87...,timecost=0.493
info|2019-11-13 04:19:19.053992|[g:1][CONSENSUS][PBFT]checkAndChangeView: Reach consensus,org_view=62129,org_changeCycle=0,cur_changeCycle=0,to_view=62130
info|2019-11-13 04:19:20.055154|[g:1][CONSENSUS][SEALER]++++++++++++++++ Generating seal on,blkNum=1,tx=0,nodeIdx=2,hash=8541aeeb...
info|2019-11-13 04:19:20.058029|[g:1][CONSENSUS][PBFT]checkTimeout Succ,view=62130,toView=62131,nodeIdx=2,changeCycle=0,myNode=72961a87...,timecost=0.495
info|2019-11-13 04:19:20.059553|[g:1][CONSENSUS][PBFT]checkAndChangeView: Reach consensus,org_view=62130,org_changeCycle=0,cur_changeCycle=0,to_view=62131
info|2019-11-13 04:19:21.060883|[g:1][CONSENSUS]addRawPrepare,height=1,reqIdx=3,hash=018df9d9...
info|2019-11-13 04:19:21.061601|[g:1][CONSENSUS][PBFT]checkTimeout Succ,view=62131,toView=62132,nodeIdx=2,changeCycle=0,myNode=72961a87...,timecost=0.516
info|2019-11-13 04:19:21.063129|[g:1][CONSENSUS][PBFT]checkAndChangeView: Reach consensus,org_view=62131,org_changeCycle=0,cur_changeCycle=0,to_view=62132
info|2019-11-13 04:19:22.064936|[g:1][CONSENSUS]addRawPrepare,height=1,reqIdx=0,hash=d3c891ca...
info|2019-11-13 04:19:22.065957|[g:1][CONSENSUS][PBFT]checkTimeout Succ,view=62132,toView=62133,nodeIdx=2,changeCycle=0,myNode=72961a87...,timecost=0.868
info|2019-11-13 04:19:22.067353|[g:1][CONSENSUS][PBFT]checkAndChangeView: Reach consensus,org_view=62132,org_changeCycle=0,cur_changeCycle=0,to_view=62133
info|2019-11-13 04:19:23.068065|[g:1][CONSENSUS]addRawPrepare,height=1,reqIdx=1,hash=4f132a62...
info|2019-11-13 04:19:23.068609|[g:1][CONSENSUS][PBFT]checkTimeout Succ,view=62133,toView=62134,nodeIdx=2,changeCycle=0,myNode=72961a87...,timecost=0.422
info|2019-11-13 04:19:23.069701|[g:1][CONSENSUS][PBFT]checkAndChangeView: Reach consensus,org_view=62133,org_changeCycle=0,cur_changeCycle=0,to_view=62134
info|2019-11-13 04:19:24.070688|[g:1][CONSENSUS][SEALER]++++++++++++++++ Generating seal on,blkNum=1,tx=0,nodeIdx=2,hash=24fc7a47...
info|2019-11-13 04:19:24.071619|[g:1][CONSENSUS][PBFT]checkTimeout Succ,view=62134,toView=62135,nodeIdx=2,changeCycle=0,myNode=72961a87...,timecost=0.453
info|2019-11-13 04:19:24.073987|[g:1][CONSENSUS][PBFT]checkAndChangeView: Reach consensus,org_view=62134,org_changeCycle=0,cur_changeCycle=0,to_view=62135
info|2019-11-13 04:19:25.076186|[g:1][CONSENSUS]addRawPrepare,height=1,reqIdx=3,hash=0ff1245e...
info|2019-11-13 04:19:25.076786|[g:1][CONSENSUS][PBFT]checkTimeout Succ,view=62135,toView=62136,nodeIdx=2,changeCycle=0,myNode=72961a87...,timecost=0.472
info|2019-11-13 04:19:25.078275|[g:1][CONSENSUS][PBFT]checkAndChangeView: Reach consensus,org_view=62135,org_changeCycle=0,cur_changeCycle=0,to_view=62136
info|2019-11-13 04:19:26.080697|[g:1][CONSENSUS]addRawPrepare,height=1,reqIdx=0,hash=8650ca64...
info|2019-11-13 04:19:26.081323|[g:1][CONSENSUS][PBFT]checkTimeout Succ,view=62136,toView=62137,nodeIdx=2,changeCycle=0,myNode=72961a87...,timecost=0.484
info|2019-11-13 04:19:26.083152|[g:1][CONSENSUS][PBFT]checkAndChangeView: Reach consensus,org_view=62136,org_changeCycle=0,cur_changeCycle=0,to_view=62137
info|2019-11-13 04:19:27.012687|[P2P][Service] heartBeat,connected count=3
info|2019-11-13 04:19:27.085036|[g:1][CONSENSUS]addRawPrepare,height=1,reqIdx=1,hash=02d3db07...
info|2019-11-13 04:19:27.085583|[g:1][CONSENSUS][PBFT]checkTimeout Succ,view=62137,toView=62138,nodeIdx=2,changeCycle=0,myNode=72961a87...,timecost=0.447
info|2019-11-13 04:19:27.087074|[g:1][CONSENSUS][PBFT]checkAndChangeView: Reach consensus,org_view=62137,org_changeCycle=0,cur_changeCycle=0,to_view=62138
info|2019-11-13 04:19:28.088168|[g:1][CONSENSUS][SEALER]++++++++++++++++ Generating seal on,blkNum=1,tx=0,nodeIdx=2,hash=d8b31112...
info|2019-11-13 04:19:28.089109|[g:1][CONSENSUS][PBFT]checkTimeout Succ,view=62138,toView=62139,nodeIdx=2,changeCycle=0,myNode=72961a87...,timecost=0.437
info|2019-11-13 04:19:28.092000|[g:1][CONSENSUS][PBFT]checkAndChangeView: Reach consensus,org_view=62138,org_changeCycle=0,cur_changeCycle=0,to_view=62139
info|2019-11-13 04:19:29.092634|[g:1][CONSENSUS]addRawPrepare,height=1,reqIdx=3,hash=7b4dbf3b...
info|2019-11-13 04:19:29.093277|[g:1][CONSENSUS][PBFT]checkTimeout Succ,view=62139,toView=62140,nodeIdx=2,changeCycle=0,myNode=72961a87...,timecost=0.499
info|2019-11-13 04:19:29.094614|[g:1][CONSENSUS][PBFT]checkAndChangeView: Reach consensus,org_view=62139,org_changeCycle=0,cur_changeCycle=0,to_view=62140
info|2019-11-13 04:19:30.095639|[g:1][CONSENSUS]addRawPrepare,height=1,reqIdx=0,hash=ce3871fd...
info|2019-11-13 04:19:30.096276|[g:1][CONSENSUS][PBFT]checkTimeout Succ,view=62140,toView=62141,nodeIdx=2,changeCycle=0,myNode=72961a87...,timecost=0.514
info|2019-11-13 04:19:30.097704|[g:1][CONSENSUS][PBFT]checkAndChangeView: Reach consensus,org_view=62140,org_changeCycle=0,cur_changeCycle=0,to_view=62141
info|2019-11-13 04:19:31.098802|[g:1][CONSENSUS]addRawPrepare,height=1,reqIdx=1,hash=c2ccb5f3...
info|2019-11-13 04:19:31.099562|[g:1][CONSENSUS][PBFT]checkTimeout Succ,view=62141,toView=62142,nodeIdx=2,changeCycle=0,myNode=72961a87...,timecost=0.59
info|2019-11-13 04:19:31.101114|[g:1][CONSENSUS][PBFT]checkAndChangeView: Reach consensus,org_view=62141,org_changeCycle=0,cur_changeCycle=0,to_view=62142
info|2019-11-13 04:19:32.102525|[g:1][CONSENSUS][SEALER]++++++++++++++++ Generating seal on,blkNum=1,tx=0,nodeIdx=2,hash=afc1bfe9...
info|2019-11-13 04:19:32.105305|[g:1][CONSENSUS][PBFT]checkTimeout Succ,view=62142,toView=62143,nodeIdx=2,changeCycle=0,myNode=72961a87...,timecost=0.479
info|2019-11-13 04:19:32.106589|[g:1][CONSENSUS][PBFT]checkAndChangeView: Reach consensus,org_view=62142,org_changeCycle=0,cur_changeCycle=0,to_view=62143
info|2019-11-13 04:19:33.108733|[g:1][CONSENSUS]addRawPrepare,height=1,reqIdx=3,hash=8ea94e4c...
info|2019-11-13 04:19:33.109357|[g:1][CONSENSUS][PBFT]checkTimeout Succ,view=62143,toView=62144,nodeIdx=2,changeCycle=0,myNode=72961a87...,timecost=0.497
info|2019-11-13 04:19:33.110851|[g:1][CONSENSUS][PBFT]checkAndChangeView: Reach consensus,org_view=62143,org_changeCycle=0,cur_changeCycle=0,to_view=62144
info|2019-11-13 04:19:34.111741|[g:1][CONSENSUS]addRawPrepare,height=1,reqIdx=0,hash=70a31048...
info|2019-11-13 04:19:34.112342|[g:1][CONSENSUS][PBFT]checkTimeout Succ,view=62144,toView=62145,nodeIdx=2,changeCycle=0,myNode=72961a87...,timecost=0.465
info|2019-11-13 04:19:34.113725|[g:1][CONSENSUS][PBFT]checkAndChangeView: Reach consensus,org_view=62144,org_changeCycle=0,cur_changeCycle=0,to_view=62145
info|2019-11-13 04:19:35.115309|[g:1][CONSENSUS]addRawPrepare,height=1,reqIdx=1,hash=6e73a1ab...
info|2019-11-13 04:19:35.115918|[g:1][CONSENSUS][PBFT]checkTimeout Succ,view=62145,toView=62146,nodeIdx=2,changeCycle=0,myNode=72961a87...,timecost=0.475
info|2019-11-13 04:19:35.117265|[g:1][CONSENSUS][PBFT]checkAndChangeView: Reach consensus,org_view=62145,org_changeCycle=0,cur_changeCycle=0,to_view=62146
info|2019-11-13 04:19:36.118246|[g:1][CONSENSUS][SEALER]++++++++++++++++ Generating seal on,blkNum=1,tx=0,nodeIdx=2,hash=f444b7fb...
info|2019-11-13 04:19:36.119271|[g:1][CONSENSUS][PBFT]checkTimeout Succ,view=62146,toView=62147,nodeIdx=2,changeCycle=0,myNode=72961a87...,timecost=0.53
info|2019-11-13 04:19:36.121660|[g:1][CONSENSUS][PBFT]checkAndChangeView: Reach consensus,org_view=62146,org_changeCycle=0,cur_changeCycle=0,to_view=62147
info|2019-11-13 04:19:37.017867|[P2P][Service] heartBeat,connected count=3
info|2019-11-13 04:19:37.123821|[g:1][CONSENSUS]addRawPrepare,height=1,reqIdx=3,hash=64dc4f38...
info|2019-11-13 04:19:37.124710|[g:1][CONSENSUS][PBFT]checkTimeout Succ,view=62147,toView=62148,nodeIdx=2,changeCycle=0,myNode=72961a87...,timecost=0.728
info|2019-11-13 04:19:37.126602|[g:1][CONSENSUS][PBFT]checkAndChangeView: Reach consensus,org_view=62147,org_changeCycle=0,cur_changeCycle=0,to_view=62148
info|2019-11-13 04:19:38.128320|[g:1][CONSENSUS]addRawPrepare,height=1,reqIdx=0,hash=19767699...
info|2019-11-13 04:19:38.129009|[g:1][CONSENSUS][PBFT]checkTimeout Succ,view=62148,toView=62149,nodeIdx=2,changeCycle=0,myNode=72961a87...,timecost=0.551
info|2019-11-13 04:19:38.130616|[g:1][CONSENSUS][PBFT]checkAndChangeView: Reach consensus,org_view=62148,org_changeCycle=0,cur_changeCycle=0,to_view=62149
info|2019-11-13 04:19:39.131930|[g:1][CONSENSUS]addRawPrepare,height=1,reqIdx=1,hash=0aba1529...
info|2019-11-13 04:19:39.132517|[g:1][CONSENSUS][PBFT]checkTimeout Succ,view=62149,toView=62150,nodeIdx=2,changeCycle=0,myNode=72961a87...,timecost=0.432
info|2019-11-13 04:19:39.134001|[g:1][CONSENSUS][PBFT]checkAndChangeView: Reach consensus,org_view=62149,org_changeCycle=0,cur_changeCycle=0,to_view=62150
info|2019-11-13 04:19:40.135421|[g:1][CONSENSUS][SEALER]++++++++++++++++ Generating seal on,blkNum=1,tx=0,nodeIdx=2,hash=b3669f8f...
info|2019-11-13 04:19:40.137869|[g:1][CONSENSUS][PBFT]checkTimeout Succ,view=62150,toView=62151,nodeIdx=2,changeCycle=0,myNode=72961a87...,timecost=0.379
info|2019-11-13 04:19:40.138417|[g:1][CONSENSUS][PBFT]checkAndChangeView: Reach consensus,org_view=62150,org_changeCycle=0,cur_changeCycle=0,to_view=62151
info|2019-11-13 04:19:41.138979|[g:1][CONSENSUS]addRawPrepare,height=1,reqIdx=3,hash=f9bcc3c3...
info|2019-11-13 04:19:41.139644|[g:1][CONSENSUS][PBFT]checkTimeout Succ,view=62151,toView=62152,nodeIdx=2,changeCycle=0,myNode=72961a87...,timecost=0.501
info|2019-11-13 04:19:41.141176|[g:1][CONSENSUS][PBFT]checkAndChangeView: Reach consensus,org_view=62151,org_changeCycle=0,cur_changeCycle=0,to_view=62152
info|2019-11-13 04:19:42.144047|[g:1][CONSENSUS]addRawPrepare,height=1,reqIdx=0,hash=422b0170...
info|2019-11-13 04:19:42.144812|[g:1][CONSENSUS][PBFT]checkTimeout Succ,view=62152,toView=62153,nodeIdx=2,changeCycle=0,myNode=72961a87...,timecost=0.627
info|2019-11-13 04:19:42.146493|[g:1][CONSENSUS][PBFT]checkAndChangeView: Reach consensus,org_view=62152,org_changeCycle=0,cur_changeCycle=0,to_view=62153
info|2019-11-13 04:19:43.147818|[g:1][CONSENSUS]addRawPrepare,height=1,reqIdx=1,hash=e7fe0ac1...
info|2019-11-13 04:19:43.148542|[g:1][CONSENSUS][PBFT]checkTimeout Succ,view=62153,toView=62154,nodeIdx=2,changeCycle=0,myNode=72961a87...,timecost=0.549
info|2019-11-13 04:19:43.149950|[g:1][CONSENSUS][PBFT]checkAndChangeView: Reach consensus,org_view=62153,org_changeCycle=0,cur_changeCycle=0,to_view=62154
info|2019-11-13 04:19:44.149804|[g:1][CONSENSUS][SEALER]++++++++++++++++ Generating seal on,blkNum=1,tx=0,nodeIdx=2,hash=ca5d9326...
info|2019-11-13 04:19:44.150907|[g:1][CONSENSUS][PBFT]checkTimeout Succ,view=62154,toView=62155,nodeIdx=2,changeCycle=0,myNode=72961a87...,timecost=0.627
info|2019-11-13 04:19:44.153293|[g:1][CONSENSUS][PBFT]checkAndChangeView: Reach consensus,org_view=62154,org_changeCycle=0,cur_changeCycle=0,to_view=62155
info|2019-11-13 04:19:45.155623|[g:1][CONSENSUS]addRawPrepare,height=1,reqIdx=3,hash=d2913688...
info|2019-11-13 04:19:45.156322|[g:1][CONSENSUS][PBFT]checkTimeout Succ,view=62155,toView=62156,nodeIdx=2,changeCycle=0,myNode=72961a87...,timecost=0.533
info|2019-11-13 04:19:45.157762|[g:1][CONSENSUS][PBFT]checkAndChangeView: Reach consensus,org_view=62155,org_changeCycle=0,cur_changeCycle=0,to_view=62156
info|2019-11-13 04:19:46.158791|[g:1][CONSENSUS]addRawPrepare,height=1,reqIdx=0,hash=9adec53c...
info|2019-11-13 04:19:46.159506|[g:1][CONSENSUS][PBFT]checkTimeout Succ,view=62156,toView=62157,nodeIdx=2,changeCycle=0,myNode=72961a87...,timecost=0.524
info|2019-11-13 04:19:46.160992|[g:1][CONSENSUS][PBFT]checkAndChangeView: Reach consensus,org_view=62156,org_changeCycle=0,cur_changeCycle=0,to_view=62157
info|2019-11-13 04:19:47.026774|[P2P][Service] heartBeat,connected count=3
info|2019-11-13 04:19:47.163482|[g:1][CONSENSUS]addRawPrepare,height=1,reqIdx=1,hash=7b1c257a...
info|2019-11-13 04:19:47.164886|[g:1][CONSENSUS][PBFT]checkTimeout Succ,view=62157,toView=62158,nodeIdx=2,changeCycle=0,myNode=72961a87...,timecost=1.265
info|2019-11-13 04:19:47.166353|[g:1][CONSENSUS][PBFT]checkAndChangeView: Reach consensus,org_view=62157,org_changeCycle=0,cur_changeCycle=0,to_view=62158
info|2019-11-13 04:19:48.167043|[g:1][CONSENSUS][SEALER]++++++++++++++++ Generating seal on,blkNum=1,tx=0,nodeIdx=2,hash=2f748a25...
info|2019-11-13 04:19:48.170358|[g:1][CONSENSUS][PBFT]checkTimeout Succ,view=62158,toView=62159,nodeIdx=2,changeCycle=0,myNode=72961a87...,timecost=0.565
info|2019-11-13 04:19:48.171086|[g:1][CONSENSUS][PBFT]checkAndChangeView: Reach consensus,org_view=62158,org_changeCycle=0,cur_changeCycle=0,to_view=62159
info|2019-11-13 04:19:50.365581|[g:1][CONSENSUS]addRawPrepare,height=1,reqIdx=3,hash=a1bac376...
info|2019-11-13 04:19:50.366733|[g:1][CONSENSUS][PBFT]checkTimeout Succ,view=62159,toView=62160,nodeIdx=2,changeCycle=0,myNode=72961a87...,timecost=0.795
info|2019-11-13 04:19:50.370250|[g:1][CONSENSUS][PBFT]checkAndChangeView: Reach consensus,org_view=62159,org_changeCycle=0,cur_changeCycle=0,to_view=62160
info|2019-11-13 04:19:51.372377|[g:1][CONSENSUS]addRawPrepare,height=1,reqIdx=0,hash=45fdaca3...
info|2019-11-13 04:19:51.373067|[g:1][CONSENSUS][PBFT]checkTimeout Succ,view=62160,toView=62161,nodeIdx=2,changeCycle=0,myNode=72961a87...,timecost=0.563
info|2019-11-13 04:19:51.374789|[g:1][CONSENSUS][PBFT]checkAndChangeView: Reach consensus,org_view=62160,org_changeCycle=0,cur_changeCycle=0,to_view=62161
info|2019-11-13 04:19:52.376026|[g:1][CONSENSUS]addRawPrepare,height=1,reqIdx=1,hash=2eff13cd...
info|2019-11-13 04:19:52.376632|[g:1][CONSENSUS][PBFT]checkTimeout Succ,view=62161,toView=62162,nodeIdx=2,changeCycle=0,myNode=72961a87...,timecost=0.472
info|2019-11-13 04:19:52.377817|[g:1][CONSENSUS][PBFT]checkAndChangeView: Reach consensus,org_view=62161,org_changeCycle=0,cur_changeCycle=0,to_view=62162
info|2019-11-13 04:19:53.377670|[g:1][CONSENSUS][SEALER]++++++++++++++++ Generating seal on,blkNum=1,tx=0,nodeIdx=2,hash=726f165a...
info|2019-11-13 04:19:53.378429|[g:1][CONSENSUS][PBFT]checkTimeout Succ,view=62162,toView=62163,nodeIdx=2,changeCycle=0,myNode=72961a87...,timecost=0.383
info|2019-11-13 04:19:53.381610|[g:1][CONSENSUS][PBFT]checkAndChangeView: Reach consensus,org_view=62162,org_changeCycle=0,cur_changeCycle=0,to_view=62163
info|2019-11-13 04:19:54.383934|[g:1][CONSENSUS]addRawPrepare,height=1,reqIdx=3,hash=c987e1ec...
info|2019-11-13 04:19:54.384604|[g:1][CONSENSUS][PBFT]checkTimeout Succ,view=62163,toView=62164,nodeIdx=2,changeCycle=0,myNode=72961a87...,timecost=0.5
info|2019-11-13 04:19:54.386242|[g:1][CONSENSUS][PBFT]checkAndChangeView: Reach consensus,org_view=62163,org_changeCycle=0,cur_changeCycle=0,to_view=62164
info|2019-11-13 04:19:55.389453|[g:1][CONSENSUS]addRawPrepare,height=1,reqIdx=0,hash=45d98995...
info|2019-11-13 04:19:55.390149|[g:1][CONSENSUS][PBFT]checkTimeout Succ,view=62164,toView=62165,nodeIdx=2,changeCycle=0,myNode=72961a87...,timecost=0.522
info|2019-11-13 04:19:55.391647|[g:1][CONSENSUS][PBFT]checkAndChangeView: Reach consensus,org_view=62164,org_changeCycle=0,cur_changeCycle=0,to_view=62165
info|2019-11-13 04:19:56.392613|[g:1][CONSENSUS]addRawPrepare,height=1,reqIdx=1,hash=1efc7683...
info|2019-11-13 04:19:56.393087|[g:1][CONSENSUS][PBFT]checkTimeout Succ,view=62165,toView=62166,nodeIdx=2,changeCycle=0,myNode=72961a87...,timecost=0.354
info|2019-11-13 04:19:56.394615|[g:1][CONSENSUS][PBFT]checkAndChangeView: Reach consensus,org_view=62165,org_changeCycle=0,cur_changeCycle=0,to_view=62166
info|2019-11-13 04:19:57.032448|[P2P][Service] heartBeat,connected count=3
info|2019-11-13 04:19:57.395010|[g:1][CONSENSUS][SEALER]++++++++++++++++ Generating seal on,blkNum=1,tx=0,nodeIdx=2,hash=a8d476c2...
info|2019-11-13 04:19:57.395890|[g:1][CONSENSUS][PBFT]checkTimeout Succ,view=62166,toView=62167,nodeIdx=2,changeCycle=0,myNode=72961a87...,timecost=0.413
info|2019-11-13 04:19:57.398616|[g:1][CONSENSUS][PBFT]checkAndChangeView: Reach consensus,org_view=62166,org_changeCycle=0,cur_changeCycle=0,to_view=62167
info|2019-11-13 04:19:58.400355|[g:1][CONSENSUS]addRawPrepare,height=1,reqIdx=3,hash=876c24fe...
info|2019-11-13 04:19:58.401047|[g:1][CONSENSUS][PBFT]checkTimeout Succ,view=62167,toView=62168,nodeIdx=2,changeCycle=0,myNode=72961a87...,timecost=0.488
info|2019-11-13 04:19:58.402573|[g:1][CONSENSUS][PBFT]checkAndChangeView: Reach consensus,org_view=62167,org_changeCycle=0,cur_changeCycle=0,to_view=62168
info|2019-11-13 04:19:59.404027|[g:1][CONSENSUS]addRawPrepare,height=1,reqIdx=0,hash=16992e51...
info|2019-11-13 04:19:59.404685|[g:1][CONSENSUS][PBFT]checkTimeout Succ,view=62168,toView=62169,nodeIdx=2,changeCycle=0,myNode=72961a87...,timecost=0.487
info|2019-11-13 04:19:59.406394|[g:1][CONSENSUS][PBFT]checkAndChangeView: Reach consensus,org_view=62168,org_changeCycle=0,cur_changeCycle=0,to_view=62169
info|2019-11-13 04:20:00.408497|[g:1][CONSENSUS]addRawPrepare,height=1,reqIdx=1,hash=098f0d0e...
info|2019-11-13 04:20:00.409378|[g:1][CONSENSUS][PBFT]checkTimeout Succ,view=62169,toView=62170,nodeIdx=2,changeCycle=0,myNode=72961a87...,timecost=0.758
info|2019-11-13 04:20:00.410794|[g:1][CONSENSUS][PBFT]checkAndChangeView: Reach consensus,org_view=62169,org_changeCycle=0,cur_changeCycle=0,to_view=62170
info|2019-11-13 04:20:01.411560|[g:1][CONSENSUS][SEALER]++++++++++++++++ Generating seal on,blkNum=1,tx=0,nodeIdx=2,hash=f2429d5b...
info|2019-11-13 04:20:01.414170|[g:1][CONSENSUS][PBFT]checkTimeout Succ,view=62170,toView=62171,nodeIdx=2,changeCycle=0,myNode=72961a87...,timecost=0.417
info|2019-11-13 04:20:01.415806|[g:1][CONSENSUS][PBFT]checkAndChangeView: Reach consensus,org_view=62170,org_changeCycle=0,cur_changeCycle=0,to_view=62171
info|2019-11-13 04:20:02.416723|[g:1][CONSENSUS]addRawPrepare,height=1,reqIdx=3,hash=c2e61fc4...
info|2019-11-13 04:20:02.417293|[g:1][CONSENSUS][PBFT]checkTimeout Succ,view=62171,toView=62172,nodeIdx=2,changeCycle=0,myNode=72961a87...,timecost=0.43
info|2019-11-13 04:20:02.418861|[g:1][CONSENSUS][PBFT]checkAndChangeView: Reach consensus,org_view=62171,org_changeCycle=0,cur_changeCycle=0,to_view=62172
info|2019-11-13 04:20:03.421053|[g:1][CONSENSUS]addRawPrepare,height=1,reqIdx=0,hash=627e98eb...
info|2019-11-13 04:20:03.421780|[g:1][CONSENSUS][PBFT]checkTimeout Succ,view=62172,toView=62173,nodeIdx=2,changeCycle=0,myNode=72961a87...,timecost=0.55
info|2019-11-13 04:20:03.423169|[g:1][CONSENSUS][PBFT]checkAndChangeView: Reach consensus,org_view=62172,org_changeCycle=0,cur_changeCycle=0,to_view=62173
info|2019-11-13 04:20:04.424837|[g:1][CONSENSUS]addRawPrepare,height=1,reqIdx=1,hash=3c2f4039...
info|2019-11-13 04:20:04.425445|[g:1][CONSENSUS][PBFT]checkTimeout Succ,view=62173,toView=62174,nodeIdx=2,changeCycle=0,myNode=72961a87...,timecost=0.474
info|2019-11-13 04:20:04.427036|[g:1][CONSENSUS][PBFT]checkAndChangeView: Reach consensus,org_view=62173,org_changeCycle=0,cur_changeCycle=0,to_view=62174
