warning|2019-11-15 00:27:11.008607|[g:1][CONSENSUS][PBFT]ViewChangeWarning: not caused by omit empty block ,v=121718,toV=121719,curNum=0,hash=f72cae63...,nodeIdx=2,myNode=72961a87...
info|2019-11-15 00:27:11.009202|[g:1][CONSENSUS][PBFT]checkTimeout Succ,view=121718,toView=121719,nodeIdx=2,changeCycle=1,myNode=72961a87...,timecost=5.415
info|2019-11-15 00:27:11.010628|[P2P][Service] heartBeat,connected count=3
info|2019-11-15 00:27:11.012969|[g:1][CONSENSUS][PBFT]checkAndChangeView: Reach consensus,org_view=121718,org_changeCycle=1,cur_changeCycle=1,to_view=121719
info|2019-11-15 00:27:12.016351|[g:1][CONSENSUS]addRawPrepare,height=1,reqIdx=3,hash=a64fe1a7...
info|2019-11-15 00:27:12.016881|[g:1][CONSENSUS][PBFT]checkTimeout Succ,view=121719,toView=121720,nodeIdx=2,changeCycle=0,myNode=72961a87...,timecost=0.409
info|2019-11-15 00:27:12.018095|[g:1][CONSENSUS][PBFT]checkAndChangeView: Reach consensus,org_view=121719,org_changeCycle=0,cur_changeCycle=0,to_view=121720
info|2019-11-15 00:27:13.019285|[g:1][CONSENSUS]addRawPrepare,height=1,reqIdx=0,hash=e82fd6bf...
info|2019-11-15 00:27:13.019777|[g:1][CONSENSUS][PBFT]checkTimeout Succ,view=121720,toView=121721,nodeIdx=2,changeCycle=0,myNode=72961a87...,timecost=0.382
info|2019-11-15 00:27:13.021181|[g:1][CONSENSUS][PBFT]checkAndChangeView: Reach consensus,org_view=121720,org_changeCycle=0,cur_changeCycle=0,to_view=121721
info|2019-11-15 00:27:14.022149|[g:1][CONSENSUS]addRawPrepare,height=1,reqIdx=1,hash=c12b3294...
info|2019-11-15 00:27:14.022810|[g:1][CONSENSUS][PBFT]checkTimeout Succ,view=121721,toView=121722,nodeIdx=2,changeCycle=0,myNode=72961a87...,timecost=0.524
info|2019-11-15 00:27:14.024068|[g:1][CONSENSUS][PBFT]checkAndChangeView: Reach consensus,org_view=121721,org_changeCycle=0,cur_changeCycle=0,to_view=121722
info|2019-11-15 00:27:15.024119|[g:1][CONSENSUS][SEALER]++++++++++++++++ Generating seal on,blkNum=1,tx=0,nodeIdx=2,hash=ea5e9cda...
info|2019-11-15 00:27:15.026562|[g:1][CONSENSUS][PBFT]checkTimeout Succ,view=121722,toView=121723,nodeIdx=2,changeCycle=0,myNode=72961a87...,timecost=0.382
info|2019-11-15 00:27:15.027195|[g:1][CONSENSUS][PBFT]checkAndChangeView: Reach consensus,org_view=121722,org_changeCycle=0,cur_changeCycle=0,to_view=121723
info|2019-11-15 00:27:16.028391|[g:1][CONSENSUS]addRawPrepare,height=1,reqIdx=3,hash=1b8d1093...
info|2019-11-15 00:27:16.028946|[g:1][CONSENSUS][PBFT]checkTimeout Succ,view=121723,toView=121724,nodeIdx=2,changeCycle=0,myNode=72961a87...,timecost=0.443
info|2019-11-15 00:27:16.030612|[g:1][CONSENSUS][PBFT]checkAndChangeView: Reach consensus,org_view=121723,org_changeCycle=0,cur_changeCycle=0,to_view=121724
info|2019-11-15 00:27:17.032222|[g:1][CONSENSUS]addRawPrepare,height=1,reqIdx=0,hash=56fb86f7...
info|2019-11-15 00:27:17.032747|[g:1][CONSENSUS][PBFT]checkTimeout Succ,view=121724,toView=121725,nodeIdx=2,changeCycle=0,myNode=72961a87...,timecost=0.405
info|2019-11-15 00:27:17.034029|[g:1][CONSENSUS][PBFT]checkAndChangeView: Reach consensus,org_view=121724,org_changeCycle=0,cur_changeCycle=0,to_view=121725
info|2019-11-15 00:27:18.036634|[g:1][CONSENSUS]addRawPrepare,height=1,reqIdx=1,hash=91b9ddd1...
info|2019-11-15 00:27:18.037281|[g:1][CONSENSUS][PBFT]checkTimeout Succ,view=121725,toView=121726,nodeIdx=2,changeCycle=0,myNode=72961a87...,timecost=0.506
info|2019-11-15 00:27:18.038952|[g:1][CONSENSUS][PBFT]checkAndChangeView: Reach consensus,org_view=121725,org_changeCycle=0,cur_changeCycle=0,to_view=121726
info|2019-11-15 00:27:19.039107|[g:1][CONSENSUS][SEALER]++++++++++++++++ Generating seal on,blkNum=1,tx=0,nodeIdx=2,hash=4fafeb49...
info|2019-11-15 00:27:19.042397|[g:1][CONSENSUS][PBFT]checkTimeout Succ,view=121726,toView=121727,nodeIdx=2,changeCycle=0,myNode=72961a87...,timecost=0.481
info|2019-11-15 00:27:19.043214|[g:1][CONSENSUS][PBFT]checkAndChangeView: Reach consensus,org_view=121726,org_changeCycle=0,cur_changeCycle=0,to_view=121727
info|2019-11-15 00:27:20.043866|[g:1][CONSENSUS]addRawPrepare,height=1,reqIdx=3,hash=389abf13...
info|2019-11-15 00:27:20.044501|[g:1][CONSENSUS][PBFT]checkTimeout Succ,view=121727,toView=121728,nodeIdx=2,changeCycle=0,myNode=72961a87...,timecost=0.462
info|2019-11-15 00:27:20.046081|[g:1][CONSENSUS][PBFT]checkAndChangeView: Reach consensus,org_view=121727,org_changeCycle=0,cur_changeCycle=0,to_view=121728
info|2019-11-15 00:27:21.019570|[P2P][Service] heartBeat,connected count=3
info|2019-11-15 00:27:21.048475|[g:1][CONSENSUS]addRawPrepare,height=1,reqIdx=0,hash=73c78949...
info|2019-11-15 00:27:21.049332|[g:1][CONSENSUS][PBFT]checkTimeout Succ,view=121728,toView=121729,nodeIdx=2,changeCycle=0,myNode=72961a87...,timecost=0.708
info|2019-11-15 00:27:21.050977|[g:1][CONSENSUS][PBFT]checkAndChangeView: Reach consensus,org_view=121728,org_changeCycle=0,cur_changeCycle=0,to_view=121729
info|2019-11-15 00:27:22.051999|[g:1][CONSENSUS]addRawPrepare,height=1,reqIdx=1,hash=6021c18c...
info|2019-11-15 00:27:22.052609|[g:1][CONSENSUS][PBFT]checkTimeout Succ,view=121729,toView=121730,nodeIdx=2,changeCycle=0,myNode=72961a87...,timecost=0.473
info|2019-11-15 00:27:22.054099|[g:1][CONSENSUS][PBFT]checkAndChangeView: Reach consensus,org_view=121729,org_changeCycle=0,cur_changeCycle=0,to_view=121730
info|2019-11-15 00:27:23.055482|[g:1][CONSENSUS][SEALER]++++++++++++++++ Generating seal on,blkNum=1,tx=0,nodeIdx=2,hash=19485b51...
info|2019-11-15 00:27:23.056316|[g:1][CONSENSUS][PBFT]checkTimeout Succ,view=121730,toView=121731,nodeIdx=2,changeCycle=0,myNode=72961a87...,timecost=0.413
info|2019-11-15 00:27:23.059043|[g:1][CONSENSUS][PBFT]checkAndChangeView: Reach consensus,org_view=121730,org_changeCycle=0,cur_changeCycle=0,to_view=121731
info|2019-11-15 00:27:24.061119|[g:1][CONSENSUS]addRawPrepare,height=1,reqIdx=3,hash=b59f97e8...
info|2019-11-15 00:27:24.061831|[g:1][CONSENSUS][PBFT]checkTimeout Succ,view=121731,toView=121732,nodeIdx=2,changeCycle=0,myNode=72961a87...,timecost=0.549
info|2019-11-15 00:27:24.063374|[g:1][CONSENSUS][PBFT]checkAndChangeView: Reach consensus,org_view=121731,org_changeCycle=0,cur_changeCycle=0,to_view=121732
info|2019-11-15 00:27:25.064884|[g:1][CONSENSUS]addRawPrepare,height=1,reqIdx=0,hash=8109528f...
info|2019-11-15 00:27:25.065527|[g:1][CONSENSUS][PBFT]checkTimeout Succ,view=121732,toView=121733,nodeIdx=2,changeCycle=0,myNode=72961a87...,timecost=0.478
info|2019-11-15 00:27:25.067468|[g:1][CONSENSUS][PBFT]checkAndChangeView: Reach consensus,org_view=121732,org_changeCycle=0,cur_changeCycle=0,to_view=121733
info|2019-11-15 00:27:26.068946|[g:1][CONSENSUS]addRawPrepare,height=1,reqIdx=1,hash=74c4ca93...
info|2019-11-15 00:27:26.069989|[g:1][CONSENSUS][PBFT]checkTimeout Succ,view=121733,toView=121734,nodeIdx=2,changeCycle=0,myNode=72961a87...,timecost=0.847
info|2019-11-15 00:27:26.071763|[g:1][CONSENSUS][PBFT]checkAndChangeView: Reach consensus,org_view=121733,org_changeCycle=0,cur_changeCycle=0,to_view=121734
info|2019-11-15 00:27:27.071378|[g:1][CONSENSUS][SEALER]++++++++++++++++ Generating seal on,blkNum=1,tx=0,nodeIdx=2,hash=80463f8f...
info|2019-11-15 00:27:27.074828|[g:1][CONSENSUS][PBFT]checkTimeout Succ,view=121734,toView=121735,nodeIdx=2,changeCycle=0,myNode=72961a87...,timecost=0.647
info|2019-11-15 00:27:27.075662|[g:1][CONSENSUS][PBFT]checkAndChangeView: Reach consensus,org_view=121734,org_changeCycle=0,cur_changeCycle=0,to_view=121735
info|2019-11-15 00:27:28.078096|[g:1][CONSENSUS]addRawPrepare,height=1,reqIdx=3,hash=c310050d...
info|2019-11-15 00:27:28.078730|[g:1][CONSENSUS][PBFT]checkTimeout Succ,view=121735,toView=121736,nodeIdx=2,changeCycle=0,myNode=72961a87...,timecost=0.5
info|2019-11-15 00:27:28.080487|[g:1][CONSENSUS][PBFT]checkAndChangeView: Reach consensus,org_view=121735,org_changeCycle=0,cur_changeCycle=0,to_view=121736
info|2019-11-15 00:27:29.082242|[g:1][CONSENSUS]addRawPrepare,height=1,reqIdx=0,hash=73c25ca3...
info|2019-11-15 00:27:29.082921|[g:1][CONSENSUS][PBFT]checkTimeout Succ,view=121736,toView=121737,nodeIdx=2,changeCycle=0,myNode=72961a87...,timecost=0.531
info|2019-11-15 00:27:29.084633|[g:1][CONSENSUS][PBFT]checkAndChangeView: Reach consensus,org_view=121736,org_changeCycle=0,cur_changeCycle=0,to_view=121737
info|2019-11-15 00:27:30.086248|[g:1][CONSENSUS]addRawPrepare,height=1,reqIdx=1,hash=ff9b9f79...
info|2019-11-15 00:27:30.087108|[g:1][CONSENSUS][PBFT]checkTimeout Succ,view=121737,toView=121738,nodeIdx=2,changeCycle=0,myNode=72961a87...,timecost=0.689
info|2019-11-15 00:27:30.088690|[g:1][CONSENSUS][PBFT]checkAndChangeView: Reach consensus,org_view=121737,org_changeCycle=0,cur_changeCycle=0,to_view=121738
info|2019-11-15 00:27:31.024281|[P2P][Service] heartBeat,connected count=3
info|2019-11-15 00:27:31.089330|[g:1][CONSENSUS][SEALER]++++++++++++++++ Generating seal on,blkNum=1,tx=0,nodeIdx=2,hash=eac8d1ce...
info|2019-11-15 00:27:31.090574|[g:1][CONSENSUS][PBFT]checkTimeout Succ,view=121738,toView=121739,nodeIdx=2,changeCycle=0,myNode=72961a87...,timecost=0.712
info|2019-11-15 00:27:31.093333|[g:1][CONSENSUS][PBFT]checkAndChangeView: Reach consensus,org_view=121738,org_changeCycle=0,cur_changeCycle=0,to_view=121739
info|2019-11-15 00:27:32.094641|[g:1][CONSENSUS]addRawPrepare,height=1,reqIdx=3,hash=994d4def...
info|2019-11-15 00:27:32.095234|[g:1][CONSENSUS][PBFT]checkTimeout Succ,view=121739,toView=121740,nodeIdx=2,changeCycle=0,myNode=72961a87...,timecost=0.465
info|2019-11-15 00:27:32.096677|[g:1][CONSENSUS][PBFT]checkAndChangeView: Reach consensus,org_view=121739,org_changeCycle=0,cur_changeCycle=0,to_view=121740
info|2019-11-15 00:27:33.099070|[g:1][CONSENSUS]addRawPrepare,height=1,reqIdx=0,hash=28b81a9f...
info|2019-11-15 00:27:33.099701|[g:1][CONSENSUS][PBFT]checkTimeout Succ,view=121740,toView=121741,nodeIdx=2,changeCycle=0,myNode=72961a87...,timecost=0.487
info|2019-11-15 00:27:33.101512|[g:1][CONSENSUS][PBFT]checkAndChangeView: Reach consensus,org_view=121740,org_changeCycle=0,cur_changeCycle=0,to_view=121741
info|2019-11-15 00:27:34.102540|[g:1][CONSENSUS]addRawPrepare,height=1,reqIdx=1,hash=a69ca4fc...
info|2019-11-15 00:27:34.103156|[g:1][CONSENSUS][PBFT]checkTimeout Succ,view=121741,toView=121742,nodeIdx=2,changeCycle=0,myNode=72961a87...,timecost=0.445
info|2019-11-15 00:27:34.104932|[g:1][CONSENSUS][PBFT]checkAndChangeView: Reach consensus,org_view=121741,org_changeCycle=0,cur_changeCycle=0,to_view=121742
info|2019-11-15 00:27:35.104547|[g:1][CONSENSUS][SEALER]++++++++++++++++ Generating seal on,blkNum=1,tx=0,nodeIdx=2,hash=fab229fb...
info|2019-11-15 00:27:35.105490|[g:1][CONSENSUS][PBFT]checkTimeout Succ,view=121742,toView=121743,nodeIdx=2,changeCycle=0,myNode=72961a87...,timecost=0.463
info|2019-11-15 00:27:35.108062|[g:1][CONSENSUS][PBFT]checkAndChangeView: Reach consensus,org_view=121742,org_changeCycle=0,cur_changeCycle=0,to_view=121743
info|2019-11-15 00:27:36.110392|[g:1][CONSENSUS]addRawPrepare,height=1,reqIdx=3,hash=aab32eaa...
info|2019-11-15 00:27:36.111054|[g:1][CONSENSUS][PBFT]checkTimeout Succ,view=121743,toView=121744,nodeIdx=2,changeCycle=0,myNode=72961a87...,timecost=0.493
info|2019-11-15 00:27:36.112875|[g:1][CONSENSUS][PBFT]checkAndChangeView: Reach consensus,org_view=121743,org_changeCycle=0,cur_changeCycle=0,to_view=121744
info|2019-11-15 00:27:37.114550|[g:1][CONSENSUS]addRawPrepare,height=1,reqIdx=0,hash=95ceb547...
info|2019-11-15 00:27:37.115221|[g:1][CONSENSUS][PBFT]checkTimeout Succ,view=121744,toView=121745,nodeIdx=2,changeCycle=0,myNode=72961a87...,timecost=0.5
info|2019-11-15 00:27:37.117452|[g:1][CONSENSUS][PBFT]checkAndChangeView: Reach consensus,org_view=121744,org_changeCycle=0,cur_changeCycle=0,to_view=121745
info|2019-11-15 00:27:38.119671|[g:1][CONSENSUS]addRawPrepare,height=1,reqIdx=1,hash=8e1f9a50...
info|2019-11-15 00:27:38.120324|[g:1][CONSENSUS][PBFT]checkTimeout Succ,view=121745,toView=121746,nodeIdx=2,changeCycle=0,myNode=72961a87...,timecost=0.512
info|2019-11-15 00:27:38.121778|[g:1][CONSENSUS][PBFT]checkAndChangeView: Reach consensus,org_view=121745,org_changeCycle=0,cur_changeCycle=0,to_view=121746
info|2019-11-15 00:27:39.121504|[g:1][CONSENSUS][SEALER]++++++++++++++++ Generating seal on,blkNum=1,tx=0,nodeIdx=2,hash=1ff1ff00...
info|2019-11-15 00:27:39.122349|[g:1][CONSENSUS][PBFT]checkTimeout Succ,view=121746,toView=121747,nodeIdx=2,changeCycle=0,myNode=72961a87...,timecost=0.466
info|2019-11-15 00:27:39.125097|[g:1][CONSENSUS][PBFT]checkAndChangeView: Reach consensus,org_view=121746,org_changeCycle=0,cur_changeCycle=0,to_view=121747
info|2019-11-15 00:27:40.127165|[g:1][CONSENSUS]addRawPrepare,height=1,reqIdx=3,hash=731c27f5...
info|2019-11-15 00:27:40.127771|[g:1][CONSENSUS][PBFT]checkTimeout Succ,view=121747,toView=121748,nodeIdx=2,changeCycle=0,myNode=72961a87...,timecost=0.485
info|2019-11-15 00:27:40.129192|[g:1][CONSENSUS][PBFT]checkAndChangeView: Reach consensus,org_view=121747,org_changeCycle=0,cur_changeCycle=0,to_view=121748
info|2019-11-15 00:27:41.033155|[P2P][Service] heartBeat,connected count=3
info|2019-11-15 00:27:41.131028|[g:1][CONSENSUS]addRawPrepare,height=1,reqIdx=0,hash=10b00fa4...
info|2019-11-15 00:27:41.131863|[g:1][CONSENSUS][PBFT]checkTimeout Succ,view=121748,toView=121749,nodeIdx=2,changeCycle=0,myNode=72961a87...,timecost=0.725
info|2019-11-15 00:27:41.133951|[g:1][CONSENSUS][PBFT]checkAndChangeView: Reach consensus,org_view=121748,org_changeCycle=0,cur_changeCycle=0,to_view=121749
info|2019-11-15 00:27:42.136440|[g:1][CONSENSUS]addRawPrepare,height=1,reqIdx=1,hash=b88765df...
info|2019-11-15 00:27:42.137020|[g:1][CONSENSUS][PBFT]checkTimeout Succ,view=121749,toView=121750,nodeIdx=2,changeCycle=0,myNode=72961a87...,timecost=0.444
info|2019-11-15 00:27:42.138318|[g:1][CONSENSUS][PBFT]checkAndChangeView: Reach consensus,org_view=121749,org_changeCycle=0,cur_changeCycle=0,to_view=121750
info|2019-11-15 00:27:43.138695|[g:1][CONSENSUS][SEALER]++++++++++++++++ Generating seal on,blkNum=1,tx=0,nodeIdx=2,hash=42092930...
info|2019-11-15 00:27:43.139650|[g:1][CONSENSUS][PBFT]checkTimeout Succ,view=121750,toView=121751,nodeIdx=2,changeCycle=0,myNode=72961a87...,timecost=0.406
info|2019-11-15 00:27:43.142281|[g:1][CONSENSUS][PBFT]checkAndChangeView: Reach consensus,org_view=121750,org_changeCycle=0,cur_changeCycle=0,to_view=121751
info|2019-11-15 00:27:44.144315|[g:1][CONSENSUS]addRawPrepare,height=1,reqIdx=3,hash=e9844b78...
info|2019-11-15 00:27:44.144886|[g:1][CONSENSUS][PBFT]checkTimeout Succ,view=121751,toView=121752,nodeIdx=2,changeCycle=0,myNode=72961a87...,timecost=0.432
info|2019-11-15 00:27:44.146177|[g:1][CONSENSUS][PBFT]checkAndChangeView: Reach consensus,org_view=121751,org_changeCycle=0,cur_changeCycle=0,to_view=121752
info|2019-11-15 00:27:45.147761|[g:1][CONSENSUS]addRawPrepare,height=1,reqIdx=0,hash=b805063e...
info|2019-11-15 00:27:45.148403|[g:1][CONSENSUS][PBFT]checkTimeout Succ,view=121752,toView=121753,nodeIdx=2,changeCycle=0,myNode=72961a87...,timecost=0.505
info|2019-11-15 00:27:45.149924|[g:1][CONSENSUS][PBFT]checkAndChangeView: Reach consensus,org_view=121752,org_changeCycle=0,cur_changeCycle=0,to_view=121753
info|2019-11-15 00:27:46.151402|[g:1][CONSENSUS]addRawPrepare,height=1,reqIdx=1,hash=d0d5cc59...
info|2019-11-15 00:27:46.152010|[g:1][CONSENSUS][PBFT]checkTimeout Succ,view=121753,toView=121754,nodeIdx=2,changeCycle=0,myNode=72961a87...,timecost=0.487
info|2019-11-15 00:27:46.153937|[g:1][CONSENSUS][PBFT]checkAndChangeView: Reach consensus,org_view=121753,org_changeCycle=0,cur_changeCycle=0,to_view=121754
info|2019-11-15 00:27:47.154384|[g:1][CONSENSUS][SEALER]++++++++++++++++ Generating seal on,blkNum=1,tx=0,nodeIdx=2,hash=96f9b123...
info|2019-11-15 00:27:47.155288|[g:1][CONSENSUS][PBFT]checkTimeout Succ,view=121754,toView=121755,nodeIdx=2,changeCycle=0,myNode=72961a87...,timecost=0.453
info|2019-11-15 00:27:47.157627|[g:1][CONSENSUS][PBFT]checkAndChangeView: Reach consensus,org_view=121754,org_changeCycle=0,cur_changeCycle=0,to_view=121755
info|2019-11-15 00:27:48.159886|[g:1][CONSENSUS]addRawPrepare,height=1,reqIdx=3,hash=ce52fb14...
info|2019-11-15 00:27:48.160486|[g:1][CONSENSUS][PBFT]checkTimeout Succ,view=121755,toView=121756,nodeIdx=2,changeCycle=0,myNode=72961a87...,timecost=0.462
info|2019-11-15 00:27:48.161912|[g:1][CONSENSUS][PBFT]checkAndChangeView: Reach consensus,org_view=121755,org_changeCycle=0,cur_changeCycle=0,to_view=121756
info|2019-11-15 00:27:49.164339|[g:1][CONSENSUS]addRawPrepare,height=1,reqIdx=0,hash=76a63a1a...
info|2019-11-15 00:27:49.164813|[g:1][CONSENSUS][PBFT]checkTimeout Succ,view=121756,toView=121757,nodeIdx=2,changeCycle=0,myNode=72961a87...,timecost=0.363
info|2019-11-15 00:27:49.166076|[g:1][CONSENSUS][PBFT]checkAndChangeView: Reach consensus,org_view=121756,org_changeCycle=0,cur_changeCycle=0,to_view=121757
info|2019-11-15 00:27:50.167916|[g:1][CONSENSUS]addRawPrepare,height=1,reqIdx=1,hash=196576a7...
info|2019-11-15 00:27:50.168503|[g:1][CONSENSUS][PBFT]checkTimeout Succ,view=121757,toView=121758,nodeIdx=2,changeCycle=0,myNode=72961a87...,timecost=0.434
info|2019-11-15 00:27:50.170175|[g:1][CONSENSUS][PBFT]checkAndChangeView: Reach consensus,org_view=121757,org_changeCycle=0,cur_changeCycle=0,to_view=121758
info|2019-11-15 00:27:51.037954|[P2P][Service] heartBeat,connected count=3
info|2019-11-15 00:27:51.171118|[g:1][CONSENSUS][SEALER]++++++++++++++++ Generating seal on,blkNum=1,tx=0,nodeIdx=2,hash=724c2a20...
info|2019-11-15 00:27:51.174424|[g:1][CONSENSUS][PBFT]checkTimeout Succ,view=121758,toView=121759,nodeIdx=2,changeCycle=0,myNode=72961a87...,timecost=0.427
info|2019-11-15 00:27:51.175110|[g:1][CONSENSUS][PBFT]checkAndChangeView: Reach consensus,org_view=121758,org_changeCycle=0,cur_changeCycle=0,to_view=121759
info|2019-11-15 00:27:52.176094|[g:1][CONSENSUS]addRawPrepare,height=1,reqIdx=3,hash=0cbb774b...
info|2019-11-15 00:27:52.176758|[g:1][CONSENSUS][PBFT]checkTimeout Succ,view=121759,toView=121760,nodeIdx=2,changeCycle=0,myNode=72961a87...,timecost=0.48
info|2019-11-15 00:27:52.178316|[g:1][CONSENSUS][PBFT]checkAndChangeView: Reach consensus,org_view=121759,org_changeCycle=0,cur_changeCycle=0,to_view=121760
info|2019-11-15 00:27:53.180384|[g:1][CONSENSUS]addRawPrepare,height=1,reqIdx=0,hash=1cde8251...
info|2019-11-15 00:27:53.181080|[g:1][CONSENSUS][PBFT]checkTimeout Succ,view=121760,toView=121761,nodeIdx=2,changeCycle=0,myNode=72961a87...,timecost=0.522
info|2019-11-15 00:27:53.182561|[g:1][CONSENSUS][PBFT]checkAndChangeView: Reach consensus,org_view=121760,org_changeCycle=0,cur_changeCycle=0,to_view=121761
info|2019-11-15 00:27:54.185041|[g:1][CONSENSUS]addRawPrepare,height=1,reqIdx=1,hash=af8a2f8e...
info|2019-11-15 00:27:54.185685|[g:1][CONSENSUS][PBFT]checkTimeout Succ,view=121761,toView=121762,nodeIdx=2,changeCycle=0,myNode=72961a87...,timecost=0.464
info|2019-11-15 00:27:54.187049|[g:1][CONSENSUS][PBFT]checkAndChangeView: Reach consensus,org_view=121761,org_changeCycle=0,cur_changeCycle=0,to_view=121762
info|2019-11-15 00:27:55.187868|[g:1][CONSENSUS][SEALER]++++++++++++++++ Generating seal on,blkNum=1,tx=0,nodeIdx=2,hash=279c5524...
info|2019-11-15 00:27:55.188885|[g:1][CONSENSUS][PBFT]checkTimeout Succ,view=121762,toView=121763,nodeIdx=2,changeCycle=0,myNode=72961a87...,timecost=0.551
info|2019-11-15 00:27:55.191303|[g:1][CONSENSUS][PBFT]checkAndChangeView: Reach consensus,org_view=121762,org_changeCycle=0,cur_changeCycle=0,to_view=121763
info|2019-11-15 00:27:56.193694|[g:1][CONSENSUS]addRawPrepare,height=1,reqIdx=3,hash=cae05f1d...
info|2019-11-15 00:27:56.194491|[g:1][CONSENSUS][PBFT]checkTimeout Succ,view=121763,toView=121764,nodeIdx=2,changeCycle=0,myNode=72961a87...,timecost=0.624
info|2019-11-15 00:27:56.196199|[g:1][CONSENSUS][PBFT]checkAndChangeView: Reach consensus,org_view=121763,org_changeCycle=0,cur_changeCycle=0,to_view=121764
info|2019-11-15 00:27:57.196966|[g:1][CONSENSUS]addRawPrepare,height=1,reqIdx=0,hash=53766f9a...
info|2019-11-15 00:27:57.197485|[g:1][CONSENSUS][PBFT]checkTimeout Succ,view=121764,toView=121765,nodeIdx=2,changeCycle=0,myNode=72961a87...,timecost=0.394
info|2019-11-15 00:27:57.198812|[g:1][CONSENSUS][PBFT]checkAndChangeView: Reach consensus,org_view=121764,org_changeCycle=0,cur_changeCycle=0,to_view=121765
info|2019-11-15 00:27:58.199861|[g:1][CONSENSUS]addRawPrepare,height=1,reqIdx=1,hash=5cb5999e...
info|2019-11-15 00:27:58.200596|[g:1][CONSENSUS][PBFT]checkTimeout Succ,view=121765,toView=121766,nodeIdx=2,changeCycle=0,myNode=72961a87...,timecost=0.564
info|2019-11-15 00:27:58.201975|[g:1][CONSENSUS][PBFT]checkAndChangeView: Reach consensus,org_view=121765,org_changeCycle=0,cur_changeCycle=0,to_view=121766
info|2019-11-15 00:27:59.201594|[g:1][CONSENSUS][SEALER]++++++++++++++++ Generating seal on,blkNum=1,tx=0,nodeIdx=2,hash=d0416586...
info|2019-11-15 00:27:59.203717|[g:1][CONSENSUS][PBFT]checkTimeout Succ,view=121766,toView=121767,nodeIdx=2,changeCycle=0,myNode=72961a87...,timecost=0.196
info|2019-11-15 00:27:59.204124|[g:1][CONSENSUS][PBFT]checkAndChangeView: Reach consensus,org_view=121766,org_changeCycle=0,cur_changeCycle=0,to_view=121767
info|2019-11-15 00:28:00.215496|[g:1][CONSENSUS]addRawPrepare,height=1,reqIdx=3,hash=610dcb94...
info|2019-11-15 00:28:00.216187|[g:1][CONSENSUS][PBFT]checkTimeout Succ,view=121767,toView=121768,nodeIdx=2,changeCycle=0,myNode=72961a87...,timecost=0.514
info|2019-11-15 00:28:00.217604|[g:1][CONSENSUS][PBFT]checkAndChangeView: Reach consensus,org_view=121767,org_changeCycle=0,cur_changeCycle=0,to_view=121768
info|2019-11-15 00:28:01.044639|[P2P][Service] heartBeat,connected count=3
info|2019-11-15 00:28:01.219506|[g:1][CONSENSUS]addRawPrepare,height=1,reqIdx=0,hash=c46ec33b...
info|2019-11-15 00:28:01.220235|[g:1][CONSENSUS][PBFT]checkTimeout Succ,view=121768,toView=121769,nodeIdx=2,changeCycle=0,myNode=72961a87...,timecost=0.606
info|2019-11-15 00:28:01.221821|[g:1][CONSENSUS][PBFT]checkAndChangeView: Reach consensus,org_view=121768,org_changeCycle=0,cur_changeCycle=0,to_view=121769
