info|2019-11-12 12:07:46.004210|[g:1][CONSENSUS][SEALER]++++++++++++++++ Generating seal on,blkNum=1,tx=0,nodeIdx=2,hash=4cd71703...
info|2019-11-12 12:07:46.024494|[g:1][CONSENSUS][PBFT]checkTimeout Succ,view=31134,toView=31135,nodeIdx=2,changeCycle=0,myNode=72961a87...,timecost=14.598
info|2019-11-12 12:07:46.024817|[P2P][Service] heartBeat,connected count=3
info|2019-11-12 12:07:46.028002|[g:1][CONSENSUS][PBFT]checkAndChangeView: Reach consensus,org_view=31134,org_changeCycle=0,cur_changeCycle=0,to_view=31135
info|2019-11-12 12:07:47.023370|[g:1][CONSENSUS]addRawPrepare,height=1,reqIdx=3,hash=5db17950...
info|2019-11-12 12:07:47.023914|[g:1][CONSENSUS][PBFT]checkTimeout Succ,view=31135,toView=31136,nodeIdx=2,changeCycle=0,myNode=72961a87...,timecost=0.409
info|2019-11-12 12:07:47.025140|[g:1][CONSENSUS][PBFT]checkAndChangeView: Reach consensus,org_view=31135,org_changeCycle=0,cur_changeCycle=0,to_view=31136
info|2019-11-12 12:07:48.026022|[g:1][CONSENSUS]addRawPrepare,height=1,reqIdx=0,hash=62c8a2e1...
info|2019-11-12 12:07:48.026515|[g:1][CONSENSUS][PBFT]checkTimeout Succ,view=31136,toView=31137,nodeIdx=2,changeCycle=0,myNode=72961a87...,timecost=0.38
info|2019-11-12 12:07:48.027896|[g:1][CONSENSUS][PBFT]checkAndChangeView: Reach consensus,org_view=31136,org_changeCycle=0,cur_changeCycle=0,to_view=31137
info|2019-11-12 12:07:49.028620|[g:1][CONSENSUS]addRawPrepare,height=1,reqIdx=1,hash=8476b0f3...
info|2019-11-12 12:07:49.029058|[g:1][CONSENSUS][PBFT]checkTimeout Succ,view=31137,toView=31138,nodeIdx=2,changeCycle=0,myNode=72961a87...,timecost=0.324
info|2019-11-12 12:07:49.030204|[g:1][CONSENSUS][PBFT]checkAndChangeView: Reach consensus,org_view=31137,org_changeCycle=0,cur_changeCycle=0,to_view=31138
info|2019-11-12 12:07:50.030156|[g:1][CONSENSUS][SEALER]++++++++++++++++ Generating seal on,blkNum=1,tx=0,nodeIdx=2,hash=ca4d5b37...
info|2019-11-12 12:07:50.032900|[g:1][CONSENSUS][PBFT]checkTimeout Succ,view=31138,toView=31139,nodeIdx=2,changeCycle=0,myNode=72961a87...,timecost=0.523
info|2019-11-12 12:07:50.034387|[g:1][CONSENSUS][PBFT]checkAndChangeView: Reach consensus,org_view=31138,org_changeCycle=0,cur_changeCycle=0,to_view=31139
info|2019-11-12 12:07:51.034952|[g:1][CONSENSUS]addRawPrepare,height=1,reqIdx=3,hash=4cb6fcb9...
info|2019-11-12 12:07:51.036245|[g:1][CONSENSUS][PBFT]checkTimeout Succ,view=31139,toView=31140,nodeIdx=2,changeCycle=0,myNode=72961a87...,timecost=1.134
info|2019-11-12 12:07:51.037461|[g:1][CONSENSUS][PBFT]checkAndChangeView: Reach consensus,org_view=31139,org_changeCycle=0,cur_changeCycle=0,to_view=31140
info|2019-11-12 12:07:52.040160|[g:1][CONSENSUS]addRawPrepare,height=1,reqIdx=0,hash=74eb103f...
info|2019-11-12 12:07:52.040813|[g:1][CONSENSUS][PBFT]checkTimeout Succ,view=31140,toView=31141,nodeIdx=2,changeCycle=0,myNode=72961a87...,timecost=0.512
info|2019-11-12 12:07:52.042308|[g:1][CONSENSUS][PBFT]checkAndChangeView: Reach consensus,org_view=31140,org_changeCycle=0,cur_changeCycle=0,to_view=31141
info|2019-11-12 12:07:53.044393|[g:1][CONSENSUS]addRawPrepare,height=1,reqIdx=1,hash=d76843b9...
info|2019-11-12 12:07:53.045025|[g:1][CONSENSUS][PBFT]checkTimeout Succ,view=31141,toView=31142,nodeIdx=2,changeCycle=0,myNode=72961a87...,timecost=0.459
info|2019-11-12 12:07:53.046335|[g:1][CONSENSUS][PBFT]checkAndChangeView: Reach consensus,org_view=31141,org_changeCycle=0,cur_changeCycle=0,to_view=31142
info|2019-11-12 12:07:54.046279|[g:1][CONSENSUS][SEALER]++++++++++++++++ Generating seal on,blkNum=1,tx=0,nodeIdx=2,hash=078b1ad7...
info|2019-11-12 12:07:54.048841|[g:1][CONSENSUS][PBFT]checkTimeout Succ,view=31142,toView=31143,nodeIdx=2,changeCycle=0,myNode=72961a87...,timecost=0.434
info|2019-11-12 12:07:54.050329|[g:1][CONSENSUS][PBFT]checkAndChangeView: Reach consensus,org_view=31142,org_changeCycle=0,cur_changeCycle=0,to_view=31143
info|2019-11-12 12:07:55.051328|[g:1][CONSENSUS]addRawPrepare,height=1,reqIdx=3,hash=13ad520d...
info|2019-11-12 12:07:55.051814|[g:1][CONSENSUS][PBFT]checkTimeout Succ,view=31143,toView=31144,nodeIdx=2,changeCycle=0,myNode=72961a87...,timecost=0.391
info|2019-11-12 12:07:55.053127|[g:1][CONSENSUS][PBFT]checkAndChangeView: Reach consensus,org_view=31143,org_changeCycle=0,cur_changeCycle=0,to_view=31144
info|2019-11-12 12:07:56.026031|[P2P][Service] heartBeat,connected count=3
info|2019-11-12 12:07:56.054722|[g:1][CONSENSUS]addRawPrepare,height=1,reqIdx=0,hash=9958150f...
info|2019-11-12 12:07:56.055216|[g:1][CONSENSUS][PBFT]checkTimeout Succ,view=31144,toView=31145,nodeIdx=2,changeCycle=0,myNode=72961a87...,timecost=0.412
info|2019-11-12 12:07:56.056563|[g:1][CONSENSUS][PBFT]checkAndChangeView: Reach consensus,org_view=31144,org_changeCycle=0,cur_changeCycle=0,to_view=31145
info|2019-11-12 12:07:57.058961|[g:1][CONSENSUS]addRawPrepare,height=1,reqIdx=1,hash=e3987f82...
info|2019-11-12 12:07:57.059603|[g:1][CONSENSUS][PBFT]checkTimeout Succ,view=31145,toView=31146,nodeIdx=2,changeCycle=0,myNode=72961a87...,timecost=0.483
info|2019-11-12 12:07:57.060983|[g:1][CONSENSUS][PBFT]checkAndChangeView: Reach consensus,org_view=31145,org_changeCycle=0,cur_changeCycle=0,to_view=31146
info|2019-11-12 12:07:58.061494|[g:1][CONSENSUS][SEALER]++++++++++++++++ Generating seal on,blkNum=1,tx=0,nodeIdx=2,hash=dd84ceae...
info|2019-11-12 12:07:58.062582|[g:1][CONSENSUS][PBFT]checkTimeout Succ,view=31146,toView=31147,nodeIdx=2,changeCycle=0,myNode=72961a87...,timecost=0.6
info|2019-11-12 12:07:58.064979|[g:1][CONSENSUS][PBFT]checkAndChangeView: Reach consensus,org_view=31146,org_changeCycle=0,cur_changeCycle=0,to_view=31147
info|2019-11-12 12:07:59.066822|[g:1][CONSENSUS]addRawPrepare,height=1,reqIdx=3,hash=170edc92...
info|2019-11-12 12:07:59.067457|[g:1][CONSENSUS][PBFT]checkTimeout Succ,view=31147,toView=31148,nodeIdx=2,changeCycle=0,myNode=72961a87...,timecost=0.52
info|2019-11-12 12:07:59.069081|[g:1][CONSENSUS][PBFT]checkAndChangeView: Reach consensus,org_view=31147,org_changeCycle=0,cur_changeCycle=0,to_view=31148
info|2019-11-12 12:08:00.071715|[g:1][CONSENSUS]addRawPrepare,height=1,reqIdx=0,hash=a5a530b9...
info|2019-11-12 12:08:00.072383|[g:1][CONSENSUS][PBFT]checkTimeout Succ,view=31148,toView=31149,nodeIdx=2,changeCycle=0,myNode=72961a87...,timecost=0.497
info|2019-11-12 12:08:00.074000|[g:1][CONSENSUS][PBFT]checkAndChangeView: Reach consensus,org_view=31148,org_changeCycle=0,cur_changeCycle=0,to_view=31149
info|2019-11-12 12:08:01.077262|[g:1][CONSENSUS]addRawPrepare,height=1,reqIdx=1,hash=f4bec933...
info|2019-11-12 12:08:01.078199|[g:1][CONSENSUS][PBFT]checkTimeout Succ,view=31149,toView=31150,nodeIdx=2,changeCycle=0,myNode=72961a87...,timecost=0.67
info|2019-11-12 12:08:01.079793|[g:1][CONSENSUS][PBFT]checkAndChangeView: Reach consensus,org_view=31149,org_changeCycle=0,cur_changeCycle=0,to_view=31150
info|2019-11-12 12:08:02.079411|[g:1][CONSENSUS][SEALER]++++++++++++++++ Generating seal on,blkNum=1,tx=0,nodeIdx=2,hash=33b083fe...
info|2019-11-12 12:08:02.080409|[g:1][CONSENSUS][PBFT]checkTimeout Succ,view=31150,toView=31151,nodeIdx=2,changeCycle=0,myNode=72961a87...,timecost=0.542
info|2019-11-12 12:08:02.082610|[g:1][CONSENSUS][PBFT]checkAndChangeView: Reach consensus,org_view=31150,org_changeCycle=0,cur_changeCycle=0,to_view=31151
info|2019-11-12 12:08:03.083950|[g:1][CONSENSUS]addRawPrepare,height=1,reqIdx=3,hash=d128fa44...
info|2019-11-12 12:08:03.084652|[g:1][CONSENSUS][PBFT]checkTimeout Succ,view=31151,toView=31152,nodeIdx=2,changeCycle=0,myNode=72961a87...,timecost=0.531
info|2019-11-12 12:08:03.086389|[g:1][CONSENSUS][PBFT]checkAndChangeView: Reach consensus,org_view=31151,org_changeCycle=0,cur_changeCycle=0,to_view=31152
info|2019-11-12 12:08:04.087627|[g:1][CONSENSUS]addRawPrepare,height=1,reqIdx=0,hash=309d5bff...
info|2019-11-12 12:08:04.088217|[g:1][CONSENSUS][PBFT]checkTimeout Succ,view=31152,toView=31153,nodeIdx=2,changeCycle=0,myNode=72961a87...,timecost=0.472
info|2019-11-12 12:08:04.089772|[g:1][CONSENSUS][PBFT]checkAndChangeView: Reach consensus,org_view=31152,org_changeCycle=0,cur_changeCycle=0,to_view=31153
info|2019-11-12 12:08:05.092341|[g:1][CONSENSUS]addRawPrepare,height=1,reqIdx=1,hash=97dfd31f...
info|2019-11-12 12:08:05.093050|[g:1][CONSENSUS][PBFT]checkTimeout Succ,view=31153,toView=31154,nodeIdx=2,changeCycle=0,myNode=72961a87...,timecost=0.522
info|2019-11-12 12:08:05.094939|[g:1][CONSENSUS][PBFT]checkAndChangeView: Reach consensus,org_view=31153,org_changeCycle=0,cur_changeCycle=0,to_view=31154
info|2019-11-12 12:08:06.026552|[P2P][Service] heartBeat,connected count=3
info|2019-11-12 12:08:06.094414|[g:1][CONSENSUS][SEALER]++++++++++++++++ Generating seal on,blkNum=1,tx=0,nodeIdx=2,hash=dc80f6cb...
info|2019-11-12 12:08:06.095434|[g:1][CONSENSUS][PBFT]checkTimeout Succ,view=31154,toView=31155,nodeIdx=2,changeCycle=0,myNode=72961a87...,timecost=0.528
info|2019-11-12 12:08:06.098448|[g:1][CONSENSUS][PBFT]checkAndChangeView: Reach consensus,org_view=31154,org_changeCycle=0,cur_changeCycle=0,to_view=31155
info|2019-11-12 12:08:07.099739|[g:1][CONSENSUS]addRawPrepare,height=1,reqIdx=3,hash=a4405f1a...
info|2019-11-12 12:08:07.100499|[g:1][CONSENSUS][PBFT]checkTimeout Succ,view=31155,toView=31156,nodeIdx=2,changeCycle=0,myNode=72961a87...,timecost=0.583
info|2019-11-12 12:08:07.102040|[g:1][CONSENSUS][PBFT]checkAndChangeView: Reach consensus,org_view=31155,org_changeCycle=0,cur_changeCycle=0,to_view=31156
info|2019-11-12 12:08:08.102704|[g:1][CONSENSUS]addRawPrepare,height=1,reqIdx=0,hash=fd2da467...
info|2019-11-12 12:08:08.103270|[g:1][CONSENSUS][PBFT]checkTimeout Succ,view=31156,toView=31157,nodeIdx=2,changeCycle=0,myNode=72961a87...,timecost=0.439
info|2019-11-12 12:08:08.104513|[g:1][CONSENSUS][PBFT]checkAndChangeView: Reach consensus,org_view=31156,org_changeCycle=0,cur_changeCycle=0,to_view=31157
info|2019-11-12 12:08:09.105263|[g:1][CONSENSUS]addRawPrepare,height=1,reqIdx=1,hash=1aa01fdd...
info|2019-11-12 12:08:09.105774|[g:1][CONSENSUS][PBFT]checkTimeout Succ,view=31157,toView=31158,nodeIdx=2,changeCycle=0,myNode=72961a87...,timecost=0.431
info|2019-11-12 12:08:09.106914|[g:1][CONSENSUS][PBFT]checkAndChangeView: Reach consensus,org_view=31157,org_changeCycle=0,cur_changeCycle=0,to_view=31158
info|2019-11-12 12:08:10.106648|[g:1][CONSENSUS][SEALER]++++++++++++++++ Generating seal on,blkNum=1,tx=0,nodeIdx=2,hash=4c4aecc4...
info|2019-11-12 12:08:10.107659|[g:1][CONSENSUS][PBFT]checkTimeout Succ,view=31158,toView=31159,nodeIdx=2,changeCycle=0,myNode=72961a87...,timecost=0.537
info|2019-11-12 12:08:10.110025|[g:1][CONSENSUS][PBFT]checkAndChangeView: Reach consensus,org_view=31158,org_changeCycle=0,cur_changeCycle=0,to_view=31159
info|2019-11-12 12:08:11.113107|[g:1][CONSENSUS]addRawPrepare,height=1,reqIdx=3,hash=550b9047...
info|2019-11-12 12:08:11.113983|[g:1][CONSENSUS][PBFT]checkTimeout Succ,view=31159,toView=31160,nodeIdx=2,changeCycle=0,myNode=72961a87...,timecost=0.735
info|2019-11-12 12:08:11.115552|[g:1][CONSENSUS][PBFT]checkAndChangeView: Reach consensus,org_view=31159,org_changeCycle=0,cur_changeCycle=0,to_view=31160
info|2019-11-12 12:08:12.118698|[g:1][CONSENSUS]addRawPrepare,height=1,reqIdx=0,hash=038111d7...
info|2019-11-12 12:08:12.119395|[g:1][CONSENSUS][PBFT]checkTimeout Succ,view=31160,toView=31161,nodeIdx=2,changeCycle=0,myNode=72961a87...,timecost=0.557
info|2019-11-12 12:08:12.120989|[g:1][CONSENSUS][PBFT]checkAndChangeView: Reach consensus,org_view=31160,org_changeCycle=0,cur_changeCycle=0,to_view=31161
info|2019-11-12 12:08:13.121092|[g:1][CONSENSUS]addRawPrepare,height=1,reqIdx=1,hash=15f5861f...
info|2019-11-12 12:08:13.121520|[g:1][CONSENSUS][PBFT]checkTimeout Succ,view=31161,toView=31162,nodeIdx=2,changeCycle=0,myNode=72961a87...,timecost=0.333
info|2019-11-12 12:08:13.122576|[g:1][CONSENSUS][PBFT]checkAndChangeView: Reach consensus,org_view=31161,org_changeCycle=0,cur_changeCycle=0,to_view=31162
info|2019-11-12 12:08:14.122698|[g:1][CONSENSUS][SEALER]++++++++++++++++ Generating seal on,blkNum=1,tx=0,nodeIdx=2,hash=402e2679...
info|2019-11-12 12:08:14.123359|[g:1][CONSENSUS][PBFT]checkTimeout Succ,view=31162,toView=31163,nodeIdx=2,changeCycle=0,myNode=72961a87...,timecost=0.357
info|2019-11-12 12:08:14.125342|[g:1][CONSENSUS][PBFT]checkAndChangeView: Reach consensus,org_view=31162,org_changeCycle=0,cur_changeCycle=0,to_view=31163
info|2019-11-12 12:08:15.127767|[g:1][CONSENSUS]addRawPrepare,height=1,reqIdx=3,hash=696ed390...
info|2019-11-12 12:08:15.128453|[g:1][CONSENSUS][PBFT]checkTimeout Succ,view=31163,toView=31164,nodeIdx=2,changeCycle=0,myNode=72961a87...,timecost=0.563
info|2019-11-12 12:08:15.129936|[g:1][CONSENSUS][PBFT]checkAndChangeView: Reach consensus,org_view=31163,org_changeCycle=0,cur_changeCycle=0,to_view=31164
info|2019-11-12 12:08:16.032935|[P2P][Service] heartBeat,connected count=3
info|2019-11-12 12:08:16.131656|[g:1][CONSENSUS]addRawPrepare,height=1,reqIdx=0,hash=9b14fb66...
info|2019-11-12 12:08:16.132478|[g:1][CONSENSUS][PBFT]checkTimeout Succ,view=31164,toView=31165,nodeIdx=2,changeCycle=0,myNode=72961a87...,timecost=0.66
info|2019-11-12 12:08:16.134230|[g:1][CONSENSUS][PBFT]checkAndChangeView: Reach consensus,org_view=31164,org_changeCycle=0,cur_changeCycle=0,to_view=31165
