info|2019-11-14 04:23:36.002993|[P2P][Service] heartBeat,connected count=3
warning|2019-11-14 04:23:36.006266|[g:1][CONSENSUS][PBFT]ViewChangeWarning: not caused by omit empty block ,v=98608,toV=98609,curNum=0,hash=f72cae63...,nodeIdx=2,myNode=72961a87...
info|2019-11-14 04:23:36.006643|[g:1][CONSENSUS][PBFT]checkTimeout Succ,view=98608,toView=98609,nodeIdx=2,changeCycle=1,myNode=72961a87...,timecost=2.338
info|2019-11-14 04:23:36.009768|[g:1][CONSENSUS][PBFT]checkAndChangeView: Reach consensus,org_view=98608,org_changeCycle=1,cur_changeCycle=1,to_view=98609
info|2019-11-14 04:23:37.010438|[g:1][CONSENSUS]addRawPrepare,height=1,reqIdx=1,hash=054bbe39...
info|2019-11-14 04:23:37.010873|[g:1][CONSENSUS][PBFT]checkTimeout Succ,view=98609,toView=98610,nodeIdx=2,changeCycle=0,myNode=72961a87...,timecost=0.35
info|2019-11-14 04:23:37.012037|[g:1][CONSENSUS][PBFT]checkAndChangeView: Reach consensus,org_view=98609,org_changeCycle=0,cur_changeCycle=0,to_view=98610
info|2019-11-14 04:23:38.012580|[g:1][CONSENSUS][SEALER]++++++++++++++++ Generating seal on,blkNum=1,tx=0,nodeIdx=2,hash=b496e609...
info|2019-11-14 04:23:38.013213|[g:1][CONSENSUS][PBFT]checkTimeout Succ,view=98610,toView=98611,nodeIdx=2,changeCycle=0,myNode=72961a87...,timecost=0.346
info|2019-11-14 04:23:38.015487|[g:1][CONSENSUS][PBFT]checkAndChangeView: Reach consensus,org_view=98610,org_changeCycle=0,cur_changeCycle=0,to_view=98611
info|2019-11-14 04:23:39.016672|[g:1][CONSENSUS]addRawPrepare,height=1,reqIdx=3,hash=9c0e3ec7...
info|2019-11-14 04:23:39.017193|[g:1][CONSENSUS][PBFT]checkTimeout Succ,view=98611,toView=98612,nodeIdx=2,changeCycle=0,myNode=72961a87...,timecost=0.392
info|2019-11-14 04:23:39.018382|[g:1][CONSENSUS][PBFT]checkAndChangeView: Reach consensus,org_view=98611,org_changeCycle=0,cur_changeCycle=0,to_view=98612
info|2019-11-14 04:23:40.019701|[g:1][CONSENSUS]addRawPrepare,height=1,reqIdx=0,hash=b6ef53b4...
info|2019-11-14 04:23:40.020317|[g:1][CONSENSUS][PBFT]checkTimeout Succ,view=98612,toView=98613,nodeIdx=2,changeCycle=0,myNode=72961a87...,timecost=0.47
info|2019-11-14 04:23:40.021401|[g:1][CONSENSUS][PBFT]checkAndChangeView: Reach consensus,org_view=98612,org_changeCycle=0,cur_changeCycle=0,to_view=98613
info|2019-11-14 04:23:41.022698|[g:1][CONSENSUS]addRawPrepare,height=1,reqIdx=1,hash=79feb95e...
info|2019-11-14 04:23:41.023171|[g:1][CONSENSUS][PBFT]checkTimeout Succ,view=98613,toView=98614,nodeIdx=2,changeCycle=0,myNode=72961a87...,timecost=0.395
info|2019-11-14 04:23:41.024555|[g:1][CONSENSUS][PBFT]checkAndChangeView: Reach consensus,org_view=98613,org_changeCycle=0,cur_changeCycle=0,to_view=98614
info|2019-11-14 04:23:42.024270|[g:1][CONSENSUS][SEALER]++++++++++++++++ Generating seal on,blkNum=1,tx=0,nodeIdx=2,hash=523c6f30...
info|2019-11-14 04:23:42.025019|[g:1][CONSENSUS][PBFT]checkTimeout Succ,view=98614,toView=98615,nodeIdx=2,changeCycle=0,myNode=72961a87...,timecost=0.34
info|2019-11-14 04:23:42.027105|[g:1][CONSENSUS][PBFT]checkAndChangeView: Reach consensus,org_view=98614,org_changeCycle=0,cur_changeCycle=0,to_view=98615
info|2019-11-14 04:23:43.027432|[g:1][CONSENSUS]addRawPrepare,height=1,reqIdx=3,hash=f2f1f6fb...
info|2019-11-14 04:23:43.027906|[g:1][CONSENSUS][PBFT]checkTimeout Succ,view=98615,toView=98616,nodeIdx=2,changeCycle=0,myNode=72961a87...,timecost=0.355
info|2019-11-14 04:23:43.028975|[g:1][CONSENSUS][PBFT]checkAndChangeView: Reach consensus,org_view=98615,org_changeCycle=0,cur_changeCycle=0,to_view=98616
info|2019-11-14 04:23:44.030388|[g:1][CONSENSUS]addRawPrepare,height=1,reqIdx=0,hash=6bf1da16...
info|2019-11-14 04:23:44.031001|[g:1][CONSENSUS][PBFT]checkTimeout Succ,view=98616,toView=98617,nodeIdx=2,changeCycle=0,myNode=72961a87...,timecost=0.48
info|2019-11-14 04:23:44.033319|[g:1][CONSENSUS][PBFT]checkAndChangeView: Reach consensus,org_view=98616,org_changeCycle=0,cur_changeCycle=0,to_view=98617
info|2019-11-14 04:23:45.034773|[g:1][CONSENSUS]addRawPrepare,height=1,reqIdx=1,hash=99c95fc5...
info|2019-11-14 04:23:45.035486|[g:1][CONSENSUS][PBFT]checkTimeout Succ,view=98617,toView=98618,nodeIdx=2,changeCycle=0,myNode=72961a87...,timecost=0.552
info|2019-11-14 04:23:45.036892|[g:1][CONSENSUS][PBFT]checkAndChangeView: Reach consensus,org_view=98617,org_changeCycle=0,cur_changeCycle=0,to_view=98618
info|2019-11-14 04:23:46.010692|[P2P][Service] heartBeat,connected count=3
info|2019-11-14 04:23:46.036209|[g:1][CONSENSUS][SEALER]++++++++++++++++ Generating seal on,blkNum=1,tx=0,nodeIdx=2,hash=3408207e...
info|2019-11-14 04:23:46.039882|[g:1][CONSENSUS][PBFT]checkTimeout Succ,view=98618,toView=98619,nodeIdx=2,changeCycle=0,myNode=72961a87...,timecost=0.488
info|2019-11-14 04:23:46.040689|[g:1][CONSENSUS][PBFT]checkAndChangeView: Reach consensus,org_view=98618,org_changeCycle=0,cur_changeCycle=0,to_view=98619
info|2019-11-14 04:23:47.042671|[g:1][CONSENSUS]addRawPrepare,height=1,reqIdx=3,hash=14ce8a36...
info|2019-11-14 04:23:47.043372|[g:1][CONSENSUS][PBFT]checkTimeout Succ,view=98619,toView=98620,nodeIdx=2,changeCycle=0,myNode=72961a87...,timecost=0.537
info|2019-11-14 04:23:47.044918|[g:1][CONSENSUS][PBFT]checkAndChangeView: Reach consensus,org_view=98619,org_changeCycle=0,cur_changeCycle=0,to_view=98620
info|2019-11-14 04:23:48.047025|[g:1][CONSENSUS]addRawPrepare,height=1,reqIdx=0,hash=3b534740...
info|2019-11-14 04:23:48.047652|[g:1][CONSENSUS][PBFT]checkTimeout Succ,view=98620,toView=98621,nodeIdx=2,changeCycle=0,myNode=72961a87...,timecost=0.491
info|2019-11-14 04:23:48.049367|[g:1][CONSENSUS][PBFT]checkAndChangeView: Reach consensus,org_view=98620,org_changeCycle=0,cur_changeCycle=0,to_view=98621
info|2019-11-14 04:23:49.050706|[g:1][CONSENSUS]addRawPrepare,height=1,reqIdx=1,hash=276c57bf...
info|2019-11-14 04:23:49.051414|[g:1][CONSENSUS][PBFT]checkTimeout Succ,view=98621,toView=98622,nodeIdx=2,changeCycle=0,myNode=72961a87...,timecost=0.554
info|2019-11-14 04:23:49.053091|[g:1][CONSENSUS][PBFT]checkAndChangeView: Reach consensus,org_view=98621,org_changeCycle=0,cur_changeCycle=0,to_view=98622
info|2019-11-14 04:23:50.054697|[g:1][CONSENSUS][SEALER]++++++++++++++++ Generating seal on,blkNum=1,tx=0,nodeIdx=2,hash=fb40c60d...
info|2019-11-14 04:23:50.057980|[g:1][CONSENSUS][PBFT]checkTimeout Succ,view=98622,toView=98623,nodeIdx=2,changeCycle=0,myNode=72961a87...,timecost=0.489
info|2019-11-14 04:23:50.058806|[g:1][CONSENSUS][PBFT]checkAndChangeView: Reach consensus,org_view=98622,org_changeCycle=0,cur_changeCycle=0,to_view=98623
info|2019-11-14 04:23:51.059984|[g:1][CONSENSUS]addRawPrepare,height=1,reqIdx=3,hash=0d3cc5d2...
info|2019-11-14 04:23:51.060836|[g:1][CONSENSUS][PBFT]checkTimeout Succ,view=98623,toView=98624,nodeIdx=2,changeCycle=0,myNode=72961a87...,timecost=0.735
info|2019-11-14 04:23:51.062473|[g:1][CONSENSUS][PBFT]checkAndChangeView: Reach consensus,org_view=98623,org_changeCycle=0,cur_changeCycle=0,to_view=98624
info|2019-11-14 04:23:52.064216|[g:1][CONSENSUS]addRawPrepare,height=1,reqIdx=0,hash=c7a4b8db...
info|2019-11-14 04:23:52.064880|[g:1][CONSENSUS][PBFT]checkTimeout Succ,view=98624,toView=98625,nodeIdx=2,changeCycle=0,myNode=72961a87...,timecost=0.509
info|2019-11-14 04:23:52.066724|[g:1][CONSENSUS][PBFT]checkAndChangeView: Reach consensus,org_view=98624,org_changeCycle=0,cur_changeCycle=0,to_view=98625
info|2019-11-14 04:23:53.068213|[g:1][CONSENSUS]addRawPrepare,height=1,reqIdx=1,hash=aa90f0ee...
info|2019-11-14 04:23:53.068917|[g:1][CONSENSUS][PBFT]checkTimeout Succ,view=98625,toView=98626,nodeIdx=2,changeCycle=0,myNode=72961a87...,timecost=0.538
info|2019-11-14 04:23:53.070395|[g:1][CONSENSUS][PBFT]checkAndChangeView: Reach consensus,org_view=98625,org_changeCycle=0,cur_changeCycle=0,to_view=98626
info|2019-11-14 04:23:54.070708|[g:1][CONSENSUS][SEALER]++++++++++++++++ Generating seal on,blkNum=1,tx=0,nodeIdx=2,hash=94cfc558...
info|2019-11-14 04:23:54.071402|[g:1][CONSENSUS][PBFT]checkTimeout Succ,view=98626,toView=98627,nodeIdx=2,changeCycle=0,myNode=72961a87...,timecost=0.329
info|2019-11-14 04:23:54.073165|[g:1][CONSENSUS][PBFT]checkAndChangeView: Reach consensus,org_view=98626,org_changeCycle=0,cur_changeCycle=0,to_view=98627
info|2019-11-14 04:23:55.075146|[g:1][CONSENSUS]addRawPrepare,height=1,reqIdx=3,hash=2cca0683...
info|2019-11-14 04:23:55.075710|[g:1][CONSENSUS][PBFT]checkTimeout Succ,view=98627,toView=98628,nodeIdx=2,changeCycle=0,myNode=72961a87...,timecost=0.431
info|2019-11-14 04:23:55.076864|[g:1][CONSENSUS][PBFT]checkAndChangeView: Reach consensus,org_view=98627,org_changeCycle=0,cur_changeCycle=0,to_view=98628
info|2019-11-14 04:23:56.015881|[P2P][Service] heartBeat,connected count=3
info|2019-11-14 04:23:56.078894|[g:1][CONSENSUS]addRawPrepare,height=1,reqIdx=0,hash=bb105278...
info|2019-11-14 04:23:56.079590|[g:1][CONSENSUS][PBFT]checkTimeout Succ,view=98628,toView=98629,nodeIdx=2,changeCycle=0,myNode=72961a87...,timecost=0.529
info|2019-11-14 04:23:56.081494|[g:1][CONSENSUS][PBFT]checkAndChangeView: Reach consensus,org_view=98628,org_changeCycle=0,cur_changeCycle=0,to_view=98629
info|2019-11-14 04:23:57.082834|[g:1][CONSENSUS]addRawPrepare,height=1,reqIdx=1,hash=eab86fd2...
info|2019-11-14 04:23:57.083600|[g:1][CONSENSUS][PBFT]checkTimeout Succ,view=98629,toView=98630,nodeIdx=2,changeCycle=0,myNode=72961a87...,timecost=0.537
info|2019-11-14 04:23:57.085047|[g:1][CONSENSUS][PBFT]checkAndChangeView: Reach consensus,org_view=98629,org_changeCycle=0,cur_changeCycle=0,to_view=98630
info|2019-11-14 04:23:58.085603|[g:1][CONSENSUS][SEALER]++++++++++++++++ Generating seal on,blkNum=1,tx=0,nodeIdx=2,hash=6d39be07...
info|2019-11-14 04:23:58.086530|[g:1][CONSENSUS][PBFT]checkTimeout Succ,view=98630,toView=98631,nodeIdx=2,changeCycle=0,myNode=72961a87...,timecost=0.456
info|2019-11-14 04:23:58.089058|[g:1][CONSENSUS][PBFT]checkAndChangeView: Reach consensus,org_view=98630,org_changeCycle=0,cur_changeCycle=0,to_view=98631
info|2019-11-14 04:23:59.091128|[g:1][CONSENSUS]addRawPrepare,height=1,reqIdx=3,hash=b5069300...
info|2019-11-14 04:23:59.091871|[g:1][CONSENSUS][PBFT]checkTimeout Succ,view=98631,toView=98632,nodeIdx=2,changeCycle=0,myNode=72961a87...,timecost=0.558
info|2019-11-14 04:23:59.093219|[g:1][CONSENSUS][PBFT]checkAndChangeView: Reach consensus,org_view=98631,org_changeCycle=0,cur_changeCycle=0,to_view=98632
info|2019-11-14 04:24:00.094787|[g:1][CONSENSUS]addRawPrepare,height=1,reqIdx=0,hash=3a58025e...
info|2019-11-14 04:24:00.095369|[g:1][CONSENSUS][PBFT]checkTimeout Succ,view=98632,toView=98633,nodeIdx=2,changeCycle=0,myNode=72961a87...,timecost=0.46
info|2019-11-14 04:24:00.096813|[g:1][CONSENSUS][PBFT]checkAndChangeView: Reach consensus,org_view=98632,org_changeCycle=0,cur_changeCycle=0,to_view=98633
info|2019-11-14 04:24:01.099183|[g:1][CONSENSUS]addRawPrepare,height=1,reqIdx=1,hash=8c2b1ecc...
info|2019-11-14 04:24:01.100395|[g:1][CONSENSUS][PBFT]checkTimeout Succ,view=98633,toView=98634,nodeIdx=2,changeCycle=0,myNode=72961a87...,timecost=1.007
info|2019-11-14 04:24:01.101919|[g:1][CONSENSUS][PBFT]checkAndChangeView: Reach consensus,org_view=98633,org_changeCycle=0,cur_changeCycle=0,to_view=98634
info|2019-11-14 04:24:02.101842|[g:1][CONSENSUS][SEALER]++++++++++++++++ Generating seal on,blkNum=1,tx=0,nodeIdx=2,hash=73e8b3a1...
info|2019-11-14 04:24:02.104551|[g:1][CONSENSUS][PBFT]checkTimeout Succ,view=98634,toView=98635,nodeIdx=2,changeCycle=0,myNode=72961a87...,timecost=0.556
info|2019-11-14 04:24:02.106126|[g:1][CONSENSUS][PBFT]checkAndChangeView: Reach consensus,org_view=98634,org_changeCycle=0,cur_changeCycle=0,to_view=98635
info|2019-11-14 04:24:03.106692|[g:1][CONSENSUS]addRawPrepare,height=1,reqIdx=3,hash=0cfbe589...
info|2019-11-14 04:24:03.107318|[g:1][CONSENSUS][PBFT]checkTimeout Succ,view=98635,toView=98636,nodeIdx=2,changeCycle=0,myNode=72961a87...,timecost=0.472
info|2019-11-14 04:24:03.108710|[g:1][CONSENSUS][PBFT]checkAndChangeView: Reach consensus,org_view=98635,org_changeCycle=0,cur_changeCycle=0,to_view=98636
info|2019-11-14 04:24:04.110750|[g:1][CONSENSUS]addRawPrepare,height=1,reqIdx=0,hash=a7c7bed9...
info|2019-11-14 04:24:04.111473|[g:1][CONSENSUS][PBFT]checkTimeout Succ,view=98636,toView=98637,nodeIdx=2,changeCycle=0,myNode=72961a87...,timecost=0.563
info|2019-11-14 04:24:04.113021|[g:1][CONSENSUS][PBFT]checkAndChangeView: Reach consensus,org_view=98636,org_changeCycle=0,cur_changeCycle=0,to_view=98637
info|2019-11-14 04:24:05.113839|[g:1][CONSENSUS]addRawPrepare,height=1,reqIdx=1,hash=3175db04...
info|2019-11-14 04:24:05.114812|[g:1][CONSENSUS][PBFT]checkTimeout Succ,view=98637,toView=98638,nodeIdx=2,changeCycle=0,myNode=72961a87...,timecost=0.749
info|2019-11-14 04:24:05.116272|[g:1][CONSENSUS][PBFT]checkAndChangeView: Reach consensus,org_view=98637,org_changeCycle=0,cur_changeCycle=0,to_view=98638
info|2019-11-14 04:24:06.022533|[P2P][Service] heartBeat,connected count=3
info|2019-11-14 04:24:06.117147|[g:1][CONSENSUS][SEALER]++++++++++++++++ Generating seal on,blkNum=1,tx=0,nodeIdx=2,hash=260d68ab...
info|2019-11-14 04:24:06.118336|[g:1][CONSENSUS][PBFT]checkTimeout Succ,view=98638,toView=98639,nodeIdx=2,changeCycle=0,myNode=72961a87...,timecost=0.625
info|2019-11-14 04:24:06.121144|[g:1][CONSENSUS][PBFT]checkAndChangeView: Reach consensus,org_view=98638,org_changeCycle=0,cur_changeCycle=0,to_view=98639
info|2019-11-14 04:24:07.122879|[g:1][CONSENSUS]addRawPrepare,height=1,reqIdx=3,hash=d1b0a8e0...
info|2019-11-14 04:24:07.123555|[g:1][CONSENSUS][PBFT]checkTimeout Succ,view=98639,toView=98640,nodeIdx=2,changeCycle=0,myNode=72961a87...,timecost=0.488
info|2019-11-14 04:24:07.125113|[g:1][CONSENSUS][PBFT]checkAndChangeView: Reach consensus,org_view=98639,org_changeCycle=0,cur_changeCycle=0,to_view=98640
info|2019-11-14 04:24:08.126577|[g:1][CONSENSUS]addRawPrepare,height=1,reqIdx=0,hash=b270be8b...
info|2019-11-14 04:24:08.127239|[g:1][CONSENSUS][PBFT]checkTimeout Succ,view=98640,toView=98641,nodeIdx=2,changeCycle=0,myNode=72961a87...,timecost=0.519
info|2019-11-14 04:24:08.128779|[g:1][CONSENSUS][PBFT]checkAndChangeView: Reach consensus,org_view=98640,org_changeCycle=0,cur_changeCycle=0,to_view=98641
info|2019-11-14 04:24:09.129524|[g:1][CONSENSUS]addRawPrepare,height=1,reqIdx=1,hash=b3807122...
info|2019-11-14 04:24:09.130389|[g:1][CONSENSUS][PBFT]checkTimeout Succ,view=98641,toView=98642,nodeIdx=2,changeCycle=0,myNode=72961a87...,timecost=0.605
info|2019-11-14 04:24:09.131907|[g:1][CONSENSUS][PBFT]checkAndChangeView: Reach consensus,org_view=98641,org_changeCycle=0,cur_changeCycle=0,to_view=98642
info|2019-11-14 04:24:10.132469|[g:1][CONSENSUS][SEALER]++++++++++++++++ Generating seal on,blkNum=1,tx=0,nodeIdx=2,hash=26e07028...
info|2019-11-14 04:24:10.135821|[g:1][CONSENSUS][PBFT]checkTimeout Succ,view=98642,toView=98643,nodeIdx=2,changeCycle=0,myNode=72961a87...,timecost=0.603
info|2019-11-14 04:24:10.136520|[g:1][CONSENSUS][PBFT]checkAndChangeView: Reach consensus,org_view=98642,org_changeCycle=0,cur_changeCycle=0,to_view=98643
info|2019-11-14 04:24:11.136717|[g:1][CONSENSUS]addRawPrepare,height=1,reqIdx=3,hash=ec1c6108...
info|2019-11-14 04:24:11.137495|[g:1][CONSENSUS][PBFT]checkTimeout Succ,view=98643,toView=98644,nodeIdx=2,changeCycle=0,myNode=72961a87...,timecost=0.659
info|2019-11-14 04:24:11.139114|[g:1][CONSENSUS][PBFT]checkAndChangeView: Reach consensus,org_view=98643,org_changeCycle=0,cur_changeCycle=0,to_view=98644
info|2019-11-14 04:24:12.141394|[g:1][CONSENSUS]addRawPrepare,height=1,reqIdx=0,hash=4796e788...
info|2019-11-14 04:24:12.142031|[g:1][CONSENSUS][PBFT]checkTimeout Succ,view=98644,toView=98645,nodeIdx=2,changeCycle=0,myNode=72961a87...,timecost=0.515
info|2019-11-14 04:24:12.143529|[g:1][CONSENSUS][PBFT]checkAndChangeView: Reach consensus,org_view=98644,org_changeCycle=0,cur_changeCycle=0,to_view=98645
info|2019-11-14 04:24:13.144745|[g:1][CONSENSUS]addRawPrepare,height=1,reqIdx=1,hash=aa3a02dd...
info|2019-11-14 04:24:13.145404|[g:1][CONSENSUS][PBFT]checkTimeout Succ,view=98645,toView=98646,nodeIdx=2,changeCycle=0,myNode=72961a87...,timecost=0.474
info|2019-11-14 04:24:13.146988|[g:1][CONSENSUS][PBFT]checkAndChangeView: Reach consensus,org_view=98645,org_changeCycle=0,cur_changeCycle=0,to_view=98646
info|2019-11-14 04:24:14.147509|[g:1][CONSENSUS][SEALER]++++++++++++++++ Generating seal on,blkNum=1,tx=0,nodeIdx=2,hash=4befcebd...
info|2019-11-14 04:24:14.148454|[g:1][CONSENSUS][PBFT]checkTimeout Succ,view=98646,toView=98647,nodeIdx=2,changeCycle=0,myNode=72961a87...,timecost=0.504
info|2019-11-14 04:24:14.151034|[g:1][CONSENSUS][PBFT]checkAndChangeView: Reach consensus,org_view=98646,org_changeCycle=0,cur_changeCycle=0,to_view=98647
info|2019-11-14 04:24:15.152201|[g:1][CONSENSUS]addRawPrepare,height=1,reqIdx=3,hash=dd7ce14a...
info|2019-11-14 04:24:15.152964|[g:1][CONSENSUS][PBFT]checkTimeout Succ,view=98647,toView=98648,nodeIdx=2,changeCycle=0,myNode=72961a87...,timecost=0.551
info|2019-11-14 04:24:15.154479|[g:1][CONSENSUS][PBFT]checkAndChangeView: Reach consensus,org_view=98647,org_changeCycle=0,cur_changeCycle=0,to_view=98648
info|2019-11-14 04:24:16.029205|[P2P][Service] heartBeat,connected count=3
info|2019-11-14 04:24:16.156412|[g:1][CONSENSUS]addRawPrepare,height=1,reqIdx=0,hash=62544f11...
info|2019-11-14 04:24:16.157093|[g:1][CONSENSUS][PBFT]checkTimeout Succ,view=98648,toView=98649,nodeIdx=2,changeCycle=0,myNode=72961a87...,timecost=0.502
info|2019-11-14 04:24:16.158760|[g:1][CONSENSUS][PBFT]checkAndChangeView: Reach consensus,org_view=98648,org_changeCycle=0,cur_changeCycle=0,to_view=98649
info|2019-11-14 04:24:17.648723|[g:1][CONSENSUS]addRawPrepare,height=1,reqIdx=1,hash=35d2c711...
info|2019-11-14 04:24:17.649844|[g:1][CONSENSUS][PBFT]checkTimeout Succ,view=98649,toView=98650,nodeIdx=2,changeCycle=0,myNode=72961a87...,timecost=0.714
info|2019-11-14 04:24:17.652436|[g:1][CONSENSUS][PBFT]checkAndChangeView: Reach consensus,org_view=98649,org_changeCycle=0,cur_changeCycle=0,to_view=98650
info|2019-11-14 04:24:18.653102|[g:1][CONSENSUS][SEALER]++++++++++++++++ Generating seal on,blkNum=1,tx=0,nodeIdx=2,hash=b5607a20...
info|2019-11-14 04:24:18.655583|[g:1][CONSENSUS][PBFT]checkTimeout Succ,view=98650,toView=98651,nodeIdx=2,changeCycle=0,myNode=72961a87...,timecost=0.45
info|2019-11-14 04:24:18.656251|[g:1][CONSENSUS][PBFT]checkAndChangeView: Reach consensus,org_view=98650,org_changeCycle=0,cur_changeCycle=0,to_view=98651
info|2019-11-14 04:24:19.657672|[g:1][CONSENSUS]addRawPrepare,height=1,reqIdx=3,hash=be07a7ad...
info|2019-11-14 04:24:19.658317|[g:1][CONSENSUS][PBFT]checkTimeout Succ,view=98651,toView=98652,nodeIdx=2,changeCycle=0,myNode=72961a87...,timecost=0.479
info|2019-11-14 04:24:19.660013|[g:1][CONSENSUS][PBFT]checkAndChangeView: Reach consensus,org_view=98651,org_changeCycle=0,cur_changeCycle=0,to_view=98652
info|2019-11-14 04:24:20.661483|[g:1][CONSENSUS]addRawPrepare,height=1,reqIdx=0,hash=193c7341...
info|2019-11-14 04:24:20.662103|[g:1][CONSENSUS][PBFT]checkTimeout Succ,view=98652,toView=98653,nodeIdx=2,changeCycle=0,myNode=72961a87...,timecost=0.492
info|2019-11-14 04:24:20.663730|[g:1][CONSENSUS][PBFT]checkAndChangeView: Reach consensus,org_view=98652,org_changeCycle=0,cur_changeCycle=0,to_view=98653
info|2019-11-14 04:24:21.664692|[g:1][CONSENSUS]addRawPrepare,height=1,reqIdx=1,hash=3d776bf6...
info|2019-11-14 04:24:21.665309|[g:1][CONSENSUS][PBFT]checkTimeout Succ,view=98653,toView=98654,nodeIdx=2,changeCycle=0,myNode=72961a87...,timecost=0.493
info|2019-11-14 04:24:21.666901|[g:1][CONSENSUS][PBFT]checkAndChangeView: Reach consensus,org_view=98653,org_changeCycle=0,cur_changeCycle=0,to_view=98654
info|2019-11-14 04:24:22.666786|[g:1][CONSENSUS][SEALER]++++++++++++++++ Generating seal on,blkNum=1,tx=0,nodeIdx=2,hash=0a461a33...
info|2019-11-14 04:24:22.667790|[g:1][CONSENSUS][PBFT]checkTimeout Succ,view=98654,toView=98655,nodeIdx=2,changeCycle=0,myNode=72961a87...,timecost=0.529
info|2019-11-14 04:24:22.670346|[g:1][CONSENSUS][PBFT]checkAndChangeView: Reach consensus,org_view=98654,org_changeCycle=0,cur_changeCycle=0,to_view=98655
info|2019-11-14 04:24:23.671711|[g:1][CONSENSUS]addRawPrepare,height=1,reqIdx=3,hash=6a657c46...
info|2019-11-14 04:24:23.672435|[g:1][CONSENSUS][PBFT]checkTimeout Succ,view=98655,toView=98656,nodeIdx=2,changeCycle=0,myNode=72961a87...,timecost=0.59
info|2019-11-14 04:24:23.674100|[g:1][CONSENSUS][PBFT]checkAndChangeView: Reach consensus,org_view=98655,org_changeCycle=0,cur_changeCycle=0,to_view=98656
info|2019-11-14 04:24:24.676528|[g:1][CONSENSUS]addRawPrepare,height=1,reqIdx=0,hash=141ea9ba...
info|2019-11-14 04:24:24.677159|[g:1][CONSENSUS][PBFT]checkTimeout Succ,view=98656,toView=98657,nodeIdx=2,changeCycle=0,myNode=72961a87...,timecost=0.468
info|2019-11-14 04:24:24.678550|[g:1][CONSENSUS][PBFT]checkAndChangeView: Reach consensus,org_view=98656,org_changeCycle=0,cur_changeCycle=0,to_view=98657
info|2019-11-14 04:24:25.680269|[g:1][CONSENSUS]addRawPrepare,height=1,reqIdx=1,hash=7b33c07a...
info|2019-11-14 04:24:25.681231|[g:1][CONSENSUS][PBFT]checkTimeout Succ,view=98657,toView=98658,nodeIdx=2,changeCycle=0,myNode=72961a87...,timecost=0.802
info|2019-11-14 04:24:25.682959|[g:1][CONSENSUS][PBFT]checkAndChangeView: Reach consensus,org_view=98657,org_changeCycle=0,cur_changeCycle=0,to_view=98658
info|2019-11-14 04:24:26.039092|[P2P][Service] heartBeat,connected count=3
info|2019-11-14 04:24:26.682590|[g:1][CONSENSUS][SEALER]++++++++++++++++ Generating seal on,blkNum=1,tx=0,nodeIdx=2,hash=cfb9fab7...
info|2019-11-14 04:24:26.685900|[g:1][CONSENSUS][PBFT]checkTimeout Succ,view=98658,toView=98659,nodeIdx=2,changeCycle=0,myNode=72961a87...,timecost=0.478
info|2019-11-14 04:24:26.686687|[g:1][CONSENSUS][PBFT]checkAndChangeView: Reach consensus,org_view=98658,org_changeCycle=0,cur_changeCycle=0,to_view=98659
info|2019-11-14 04:24:27.687797|[g:1][CONSENSUS]addRawPrepare,height=1,reqIdx=3,hash=335ecd33...
info|2019-11-14 04:24:27.688366|[g:1][CONSENSUS][PBFT]checkTimeout Succ,view=98659,toView=98660,nodeIdx=2,changeCycle=0,myNode=72961a87...,timecost=0.446
info|2019-11-14 04:24:27.689465|[g:1][CONSENSUS][PBFT]checkAndChangeView: Reach consensus,org_view=98659,org_changeCycle=0,cur_changeCycle=0,to_view=98660
info|2019-11-14 04:24:28.691233|[g:1][CONSENSUS]addRawPrepare,height=1,reqIdx=0,hash=9c714c86...
info|2019-11-14 04:24:28.691885|[g:1][CONSENSUS][PBFT]checkTimeout Succ,view=98660,toView=98661,nodeIdx=2,changeCycle=0,myNode=72961a87...,timecost=0.504
info|2019-11-14 04:24:28.693570|[g:1][CONSENSUS][PBFT]checkAndChangeView: Reach consensus,org_view=98660,org_changeCycle=0,cur_changeCycle=0,to_view=98661
info|2019-11-14 04:24:29.695672|[g:1][CONSENSUS]addRawPrepare,height=1,reqIdx=1,hash=7365d665...
info|2019-11-14 04:24:29.696395|[g:1][CONSENSUS][PBFT]checkTimeout Succ,view=98661,toView=98662,nodeIdx=2,changeCycle=0,myNode=72961a87...,timecost=0.6
info|2019-11-14 04:24:29.698230|[g:1][CONSENSUS][PBFT]checkAndChangeView: Reach consensus,org_view=98661,org_changeCycle=0,cur_changeCycle=0,to_view=98662
info|2019-11-14 04:24:30.699046|[g:1][CONSENSUS][SEALER]++++++++++++++++ Generating seal on,blkNum=1,tx=0,nodeIdx=2,hash=8debfbc9...
info|2019-11-14 04:24:30.700025|[g:1][CONSENSUS][PBFT]checkTimeout Succ,view=98662,toView=98663,nodeIdx=2,changeCycle=0,myNode=72961a87...,timecost=0.471
info|2019-11-14 04:24:30.702668|[g:1][CONSENSUS][PBFT]checkAndChangeView: Reach consensus,org_view=98662,org_changeCycle=0,cur_changeCycle=0,to_view=98663
info|2019-11-14 04:24:31.703583|[g:1][CONSENSUS]addRawPrepare,height=1,reqIdx=3,hash=50213eca...
info|2019-11-14 04:24:31.704218|[g:1][CONSENSUS][PBFT]checkTimeout Succ,view=98663,toView=98664,nodeIdx=2,changeCycle=0,myNode=72961a87...,timecost=0.459
info|2019-11-14 04:24:31.705768|[g:1][CONSENSUS][PBFT]checkAndChangeView: Reach consensus,org_view=98663,org_changeCycle=0,cur_changeCycle=0,to_view=98664
