warning|2019-12-13 09:42:18.002834|[g:1][CONSENSUS][PBFT]ViewChangeWarning: not caused by omit empty block ,v=476,toV=477,curNum=68,hash=685b9589...,nodeIdx=2,myNode=72961a87...
info|2019-12-13 09:42:18.003085|[g:1][CONSENSUS][PBFT]checkTimeout Succ,view=476,toView=477,nodeIdx=2,changeCycle=1,myNode=72961a87...,timecost=0.776
info|2019-12-13 09:42:18.005825|[P2P][Service] heartBeat,connected count=3
info|2019-12-13 09:42:18.012364|[g:1][CONSENSUS][PBFT]checkAndChangeView: Reach consensus,org_view=476,org_changeCycle=1,cur_changeCycle=1,to_view=477
info|2019-12-13 09:42:19.013344|[g:1][CONSENSUS]addRawPrepare,height=69,reqIdx=1,hash=00e6c7f8...
info|2019-12-13 09:42:19.013832|[g:1][CONSENSUS][PBFT]checkTimeout Succ,view=477,toView=478,nodeIdx=2,changeCycle=0,myNode=72961a87...,timecost=0.346
info|2019-12-13 09:42:19.014396|[g:1][CONSENSUS][PBFT]checkAndChangeView: Reach consensus,org_view=477,org_changeCycle=0,cur_changeCycle=0,to_view=478
info|2019-12-13 09:42:20.015618|[g:1][CONSENSUS][SEALER]++++++++++++++++ Generating seal on,blkNum=69,tx=0,nodeIdx=2,hash=f34060be...
info|2019-12-13 09:42:20.018166|[g:1][CONSENSUS][PBFT]checkTimeout Succ,view=478,toView=479,nodeIdx=2,changeCycle=0,myNode=72961a87...,timecost=0.36
info|2019-12-13 09:42:20.018688|[g:1][CONSENSUS][PBFT]checkAndChangeView: Reach consensus,org_view=478,org_changeCycle=0,cur_changeCycle=0,to_view=479
info|2019-12-13 09:42:21.019992|[g:1][CONSENSUS]addRawPrepare,height=69,reqIdx=3,hash=d1477995...
info|2019-12-13 09:42:21.020564|[g:1][CONSENSUS][PBFT]checkTimeout Succ,view=479,toView=480,nodeIdx=2,changeCycle=0,myNode=72961a87...,timecost=0.44
info|2019-12-13 09:42:21.021711|[g:1][CONSENSUS][PBFT]checkAndChangeView: Reach consensus,org_view=479,org_changeCycle=0,cur_changeCycle=0,to_view=480
info|2019-12-13 09:42:22.023773|[g:1][CONSENSUS]addRawPrepare,height=69,reqIdx=0,hash=3ab16077...
info|2019-12-13 09:42:22.024380|[g:1][CONSENSUS][PBFT]checkTimeout Succ,view=480,toView=481,nodeIdx=2,changeCycle=0,myNode=72961a87...,timecost=0.469
info|2019-12-13 09:42:22.025779|[g:1][CONSENSUS][PBFT]checkAndChangeView: Reach consensus,org_view=480,org_changeCycle=0,cur_changeCycle=0,to_view=481
info|2019-12-13 09:42:23.026423|[g:1][CONSENSUS]addRawPrepare,height=69,reqIdx=1,hash=5e1dad40...
info|2019-12-13 09:42:23.027523|[g:1][CONSENSUS][PBFT]checkTimeout Succ,view=481,toView=482,nodeIdx=2,changeCycle=0,myNode=72961a87...,timecost=0.935
info|2019-12-13 09:42:23.028865|[g:1][CONSENSUS][PBFT]checkAndChangeView: Reach consensus,org_view=481,org_changeCycle=0,cur_changeCycle=0,to_view=482
info|2019-12-13 09:42:24.028273|[g:1][CONSENSUS][SEALER]++++++++++++++++ Generating seal on,blkNum=69,tx=0,nodeIdx=2,hash=ec6ce778...
info|2019-12-13 09:42:24.030844|[g:1][CONSENSUS][PBFT]checkTimeout Succ,view=482,toView=483,nodeIdx=2,changeCycle=0,myNode=72961a87...,timecost=0.38
info|2019-12-13 09:42:24.032297|[g:1][CONSENSUS][PBFT]checkAndChangeView: Reach consensus,org_view=482,org_changeCycle=0,cur_changeCycle=0,to_view=483
info|2019-12-13 09:42:25.033899|[g:1][CONSENSUS]addRawPrepare,height=69,reqIdx=3,hash=ed0b941a...
info|2019-12-13 09:42:25.034526|[g:1][CONSENSUS][PBFT]checkTimeout Succ,view=483,toView=484,nodeIdx=2,changeCycle=0,myNode=72961a87...,timecost=0.442
info|2019-12-13 09:42:25.036205|[g:1][CONSENSUS][PBFT]checkAndChangeView: Reach consensus,org_view=483,org_changeCycle=0,cur_changeCycle=0,to_view=484
info|2019-12-13 09:42:26.038454|[g:1][CONSENSUS]addRawPrepare,height=69,reqIdx=0,hash=f364d4bc...
info|2019-12-13 09:42:26.039007|[g:1][CONSENSUS][PBFT]checkTimeout Succ,view=484,toView=485,nodeIdx=2,changeCycle=0,myNode=72961a87...,timecost=0.446
info|2019-12-13 09:42:26.039925|[g:1][CONSENSUS][PBFT]checkAndChangeView: Reach consensus,org_view=484,org_changeCycle=0,cur_changeCycle=0,to_view=485
info|2019-12-13 09:42:27.041439|[g:1][CONSENSUS]addRawPrepare,height=69,reqIdx=1,hash=9cf8a3c0...
info|2019-12-13 09:42:27.042040|[g:1][CONSENSUS][PBFT]checkTimeout Succ,view=485,toView=486,nodeIdx=2,changeCycle=0,myNode=72961a87...,timecost=0.449
info|2019-12-13 09:42:27.043717|[g:1][CONSENSUS][PBFT]checkAndChangeView: Reach consensus,org_view=485,org_changeCycle=0,cur_changeCycle=0,to_view=486
info|2019-12-13 09:42:28.013274|[P2P][Service] heartBeat,connected count=3
info|2019-12-13 09:42:28.044499|[g:1][CONSENSUS][SEALER]++++++++++++++++ Generating seal on,blkNum=69,tx=0,nodeIdx=2,hash=41884236...
info|2019-12-13 09:42:28.047381|[g:1][CONSENSUS][PBFT]checkTimeout Succ,view=486,toView=487,nodeIdx=2,changeCycle=0,myNode=72961a87...,timecost=0.495
info|2019-12-13 09:42:28.048685|[g:1][CONSENSUS][PBFT]checkAndChangeView: Reach consensus,org_view=486,org_changeCycle=0,cur_changeCycle=0,to_view=487
info|2019-12-13 09:42:29.050464|[g:1][CONSENSUS]addRawPrepare,height=69,reqIdx=3,hash=8108a152...
info|2019-12-13 09:42:29.051064|[g:1][CONSENSUS][PBFT]checkTimeout Succ,view=487,toView=488,nodeIdx=2,changeCycle=0,myNode=72961a87...,timecost=0.447
info|2019-12-13 09:42:29.052949|[g:1][CONSENSUS][PBFT]checkAndChangeView: Reach consensus,org_view=487,org_changeCycle=0,cur_changeCycle=0,to_view=488
info|2019-12-13 09:42:30.054071|[g:1][CONSENSUS]addRawPrepare,height=69,reqIdx=0,hash=d394c517...
info|2019-12-13 09:42:30.054733|[g:1][CONSENSUS][PBFT]checkTimeout Succ,view=488,toView=489,nodeIdx=2,changeCycle=0,myNode=72961a87...,timecost=0.51
info|2019-12-13 09:42:30.056298|[g:1][CONSENSUS][PBFT]checkAndChangeView: Reach consensus,org_view=488,org_changeCycle=0,cur_changeCycle=0,to_view=489
info|2019-12-13 09:42:31.057742|[g:1][CONSENSUS]addRawPrepare,height=69,reqIdx=1,hash=3b49ba77...
info|2019-12-13 09:42:31.058336|[g:1][CONSENSUS][PBFT]checkTimeout Succ,view=489,toView=490,nodeIdx=2,changeCycle=0,myNode=72961a87...,timecost=0.444
info|2019-12-13 09:42:31.059626|[g:1][CONSENSUS][PBFT]checkAndChangeView: Reach consensus,org_view=489,org_changeCycle=0,cur_changeCycle=0,to_view=490
info|2019-12-13 09:42:32.060139|[g:1][CONSENSUS][SEALER]++++++++++++++++ Generating seal on,blkNum=69,tx=0,nodeIdx=2,hash=f9040ba2...
info|2019-12-13 09:42:32.063442|[g:1][CONSENSUS][PBFT]checkTimeout Succ,view=490,toView=491,nodeIdx=2,changeCycle=0,myNode=72961a87...,timecost=0.549
info|2019-12-13 09:42:32.064135|[g:1][CONSENSUS][PBFT]checkAndChangeView: Reach consensus,org_view=490,org_changeCycle=0,cur_changeCycle=0,to_view=491
info|2019-12-13 09:42:33.065615|[g:1][CONSENSUS]addRawPrepare,height=69,reqIdx=3,hash=f4e96331...
info|2019-12-13 09:42:33.066851|[g:1][CONSENSUS][PBFT]checkTimeout Succ,view=491,toView=492,nodeIdx=2,changeCycle=0,myNode=72961a87...,timecost=1.088
info|2019-12-13 09:42:33.068091|[g:1][CONSENSUS][PBFT]checkAndChangeView: Reach consensus,org_view=491,org_changeCycle=0,cur_changeCycle=0,to_view=492
info|2019-12-13 09:42:34.070033|[g:1][CONSENSUS]addRawPrepare,height=69,reqIdx=0,hash=58d3232b...
info|2019-12-13 09:42:34.070662|[g:1][CONSENSUS][PBFT]checkTimeout Succ,view=492,toView=493,nodeIdx=2,changeCycle=0,myNode=72961a87...,timecost=0.489
info|2019-12-13 09:42:34.072097|[g:1][CONSENSUS][PBFT]checkAndChangeView: Reach consensus,org_view=492,org_changeCycle=0,cur_changeCycle=0,to_view=493
info|2019-12-13 09:42:35.074951|[g:1][CONSENSUS]addRawPrepare,height=69,reqIdx=1,hash=d69b99ce...
info|2019-12-13 09:42:35.075665|[g:1][CONSENSUS][PBFT]checkTimeout Succ,view=493,toView=494,nodeIdx=2,changeCycle=0,myNode=72961a87...,timecost=0.578
info|2019-12-13 09:42:35.077214|[g:1][CONSENSUS][PBFT]checkAndChangeView: Reach consensus,org_view=493,org_changeCycle=0,cur_changeCycle=0,to_view=494
info|2019-12-13 09:42:36.077630|[g:1][CONSENSUS][SEALER]++++++++++++++++ Generating seal on,blkNum=69,tx=0,nodeIdx=2,hash=d9cab858...
info|2019-12-13 09:42:36.078574|[g:1][CONSENSUS][PBFT]checkTimeout Succ,view=494,toView=495,nodeIdx=2,changeCycle=0,myNode=72961a87...,timecost=0.466
info|2019-12-13 09:42:36.080973|[g:1][CONSENSUS][PBFT]checkAndChangeView: Reach consensus,org_view=494,org_changeCycle=0,cur_changeCycle=0,to_view=495
info|2019-12-13 09:42:37.082326|[g:1][CONSENSUS]addRawPrepare,height=69,reqIdx=3,hash=28daa527...
info|2019-12-13 09:42:37.082781|[g:1][CONSENSUS][PBFT]checkTimeout Succ,view=495,toView=496,nodeIdx=2,changeCycle=0,myNode=72961a87...,timecost=0.334
info|2019-12-13 09:42:37.083862|[g:1][CONSENSUS][PBFT]checkAndChangeView: Reach consensus,org_view=495,org_changeCycle=0,cur_changeCycle=0,to_view=496
info|2019-12-13 09:42:38.022357|[P2P][Service] heartBeat,connected count=3
info|2019-12-13 09:42:38.085003|[g:1][CONSENSUS]addRawPrepare,height=69,reqIdx=0,hash=85b18b33...
info|2019-12-13 09:42:38.085884|[g:1][CONSENSUS][PBFT]checkTimeout Succ,view=496,toView=497,nodeIdx=2,changeCycle=0,myNode=72961a87...,timecost=0.739
info|2019-12-13 09:42:38.087768|[g:1][CONSENSUS][PBFT]checkAndChangeView: Reach consensus,org_view=496,org_changeCycle=0,cur_changeCycle=0,to_view=497
info|2019-12-13 09:42:39.089576|[g:1][CONSENSUS]addRawPrepare,height=69,reqIdx=1,hash=5896ccca...
info|2019-12-13 09:42:39.090234|[g:1][CONSENSUS][PBFT]checkTimeout Succ,view=497,toView=498,nodeIdx=2,changeCycle=0,myNode=72961a87...,timecost=0.53
info|2019-12-13 09:42:39.091758|[g:1][CONSENSUS][PBFT]checkAndChangeView: Reach consensus,org_view=497,org_changeCycle=0,cur_changeCycle=0,to_view=498
info|2019-12-13 09:42:40.091459|[g:1][CONSENSUS][SEALER]++++++++++++++++ Generating seal on,blkNum=69,tx=0,nodeIdx=2,hash=3b17927f...
info|2019-12-13 09:42:40.092524|[g:1][CONSENSUS][PBFT]checkTimeout Succ,view=498,toView=499,nodeIdx=2,changeCycle=0,myNode=72961a87...,timecost=0.598
info|2019-12-13 09:42:40.094865|[g:1][CONSENSUS][PBFT]checkAndChangeView: Reach consensus,org_view=498,org_changeCycle=0,cur_changeCycle=0,to_view=499
info|2019-12-13 09:42:41.096083|[g:1][CONSENSUS]addRawPrepare,height=69,reqIdx=3,hash=00ea8f92...
info|2019-12-13 09:42:41.096626|[g:1][CONSENSUS][PBFT]checkTimeout Succ,view=499,toView=500,nodeIdx=2,changeCycle=0,myNode=72961a87...,timecost=0.415
info|2019-12-13 09:42:41.098173|[g:1][CONSENSUS][PBFT]checkAndChangeView: Reach consensus,org_view=499,org_changeCycle=0,cur_changeCycle=0,to_view=500
info|2019-12-13 09:42:42.100678|[g:1][CONSENSUS]addRawPrepare,height=69,reqIdx=0,hash=8d639f2a...
info|2019-12-13 09:42:42.101317|[g:1][CONSENSUS][PBFT]checkTimeout Succ,view=500,toView=501,nodeIdx=2,changeCycle=0,myNode=72961a87...,timecost=0.47
info|2019-12-13 09:42:42.102642|[g:1][CONSENSUS][PBFT]checkAndChangeView: Reach consensus,org_view=500,org_changeCycle=0,cur_changeCycle=0,to_view=501
info|2019-12-13 09:42:43.104738|[g:1][CONSENSUS]addRawPrepare,height=69,reqIdx=1,hash=f7a86940...
info|2019-12-13 09:42:43.105382|[g:1][CONSENSUS][PBFT]checkTimeout Succ,view=501,toView=502,nodeIdx=2,changeCycle=0,myNode=72961a87...,timecost=0.527
info|2019-12-13 09:42:43.106974|[g:1][CONSENSUS][PBFT]checkAndChangeView: Reach consensus,org_view=501,org_changeCycle=0,cur_changeCycle=0,to_view=502
info|2019-12-13 09:42:44.106989|[g:1][CONSENSUS][SEALER]++++++++++++++++ Generating seal on,blkNum=69,tx=0,nodeIdx=2,hash=e9a58d74...
info|2019-12-13 09:42:44.110258|[g:1][CONSENSUS][PBFT]checkTimeout Succ,view=502,toView=503,nodeIdx=2,changeCycle=0,myNode=72961a87...,timecost=0.474
info|2019-12-13 09:42:44.111062|[g:1][CONSENSUS][PBFT]checkAndChangeView: Reach consensus,org_view=502,org_changeCycle=0,cur_changeCycle=0,to_view=503
info|2019-12-13 09:42:45.111849|[g:1][CONSENSUS]addRawPrepare,height=69,reqIdx=3,hash=41db15ef...
info|2019-12-13 09:42:45.112587|[g:1][CONSENSUS][PBFT]checkTimeout Succ,view=503,toView=504,nodeIdx=2,changeCycle=0,myNode=72961a87...,timecost=0.568
info|2019-12-13 09:42:45.114045|[g:1][CONSENSUS][PBFT]checkAndChangeView: Reach consensus,org_view=503,org_changeCycle=0,cur_changeCycle=0,to_view=504
info|2019-12-13 09:42:46.116498|[g:1][CONSENSUS]addRawPrepare,height=69,reqIdx=0,hash=de38c11d...
info|2019-12-13 09:42:46.117131|[g:1][CONSENSUS][PBFT]checkTimeout Succ,view=504,toView=505,nodeIdx=2,changeCycle=0,myNode=72961a87...,timecost=0.471
info|2019-12-13 09:42:46.118608|[g:1][CONSENSUS][PBFT]checkAndChangeView: Reach consensus,org_view=504,org_changeCycle=0,cur_changeCycle=0,to_view=505
info|2019-12-13 09:42:47.120874|[g:1][CONSENSUS]addRawPrepare,height=69,reqIdx=1,hash=1bb57b73...
info|2019-12-13 09:42:47.121546|[g:1][CONSENSUS][PBFT]checkTimeout Succ,view=505,toView=506,nodeIdx=2,changeCycle=0,myNode=72961a87...,timecost=0.494
info|2019-12-13 09:42:47.123107|[g:1][CONSENSUS][PBFT]checkAndChangeView: Reach consensus,org_view=505,org_changeCycle=0,cur_changeCycle=0,to_view=506
info|2019-12-13 09:42:48.023356|[P2P][Service] heartBeat,connected count=3
info|2019-12-13 09:42:48.123832|[g:1][CONSENSUS][SEALER]++++++++++++++++ Generating seal on,blkNum=69,tx=0,nodeIdx=2,hash=8560bbf8...
info|2019-12-13 09:42:48.124887|[g:1][CONSENSUS][PBFT]checkTimeout Succ,view=506,toView=507,nodeIdx=2,changeCycle=0,myNode=72961a87...,timecost=0.615
info|2019-12-13 09:42:48.127486|[g:1][CONSENSUS][PBFT]checkAndChangeView: Reach consensus,org_view=506,org_changeCycle=0,cur_changeCycle=0,to_view=507
info|2019-12-13 09:42:49.129211|[g:1][CONSENSUS]addRawPrepare,height=69,reqIdx=3,hash=0b56d578...
info|2019-12-13 09:42:49.129789|[g:1][CONSENSUS][PBFT]checkTimeout Succ,view=507,toView=508,nodeIdx=2,changeCycle=0,myNode=72961a87...,timecost=0.427
info|2019-12-13 09:42:49.131448|[g:1][CONSENSUS][PBFT]checkAndChangeView: Reach consensus,org_view=507,org_changeCycle=0,cur_changeCycle=0,to_view=508
info|2019-12-13 09:42:50.133540|[g:1][CONSENSUS]addRawPrepare,height=69,reqIdx=0,hash=470d3275...
info|2019-12-13 09:42:50.134118|[g:1][CONSENSUS][PBFT]checkTimeout Succ,view=508,toView=509,nodeIdx=2,changeCycle=0,myNode=72961a87...,timecost=0.425
info|2019-12-13 09:42:50.135891|[g:1][CONSENSUS][PBFT]checkAndChangeView: Reach consensus,org_view=508,org_changeCycle=0,cur_changeCycle=0,to_view=509
info|2019-12-13 09:42:51.140924|[g:1][CONSENSUS]addRawPrepare,height=69,reqIdx=1,hash=8b2d37d1...
info|2019-12-13 09:42:51.141565|[g:1][CONSENSUS][PBFT]checkTimeout Succ,view=509,toView=510,nodeIdx=2,changeCycle=0,myNode=72961a87...,timecost=0.474
info|2019-12-13 09:42:51.143043|[g:1][CONSENSUS][PBFT]checkAndChangeView: Reach consensus,org_view=509,org_changeCycle=0,cur_changeCycle=0,to_view=510
info|2019-12-13 09:42:52.144522|[g:1][CONSENSUS][SEALER]++++++++++++++++ Generating seal on,blkNum=69,tx=0,nodeIdx=2,hash=eb0ba3a9...
info|2019-12-13 09:42:52.147680|[g:1][CONSENSUS][PBFT]checkTimeout Succ,view=510,toView=511,nodeIdx=2,changeCycle=0,myNode=72961a87...,timecost=0.519
info|2019-12-13 09:42:52.148343|[g:1][CONSENSUS][PBFT]checkAndChangeView: Reach consensus,org_view=510,org_changeCycle=0,cur_changeCycle=0,to_view=511
info|2019-12-13 09:42:53.149319|[g:1][CONSENSUS]addRawPrepare,height=69,reqIdx=3,hash=5d79d548...
info|2019-12-13 09:42:53.150277|[g:1][CONSENSUS][PBFT]checkTimeout Succ,view=511,toView=512,nodeIdx=2,changeCycle=0,myNode=72961a87...,timecost=0.828
info|2019-12-13 09:42:53.151269|[g:1][CONSENSUS][PBFT]checkAndChangeView: Reach consensus,org_view=511,org_changeCycle=0,cur_changeCycle=0,to_view=512
info|2019-12-13 09:42:54.153551|[g:1][CONSENSUS]addRawPrepare,height=69,reqIdx=0,hash=ce926884...
info|2019-12-13 09:42:54.154123|[g:1][CONSENSUS][PBFT]checkTimeout Succ,view=512,toView=513,nodeIdx=2,changeCycle=0,myNode=72961a87...,timecost=0.454
info|2019-12-13 09:42:54.155679|[g:1][CONSENSUS][PBFT]checkAndChangeView: Reach consensus,org_view=512,org_changeCycle=0,cur_changeCycle=0,to_view=513
info|2019-12-13 09:42:55.157759|[g:1][CONSENSUS]addRawPrepare,height=69,reqIdx=1,hash=9521a5ad...
info|2019-12-13 09:42:55.158280|[g:1][CONSENSUS][PBFT]checkTimeout Succ,view=513,toView=514,nodeIdx=2,changeCycle=0,myNode=72961a87...,timecost=0.39
info|2019-12-13 09:42:55.159353|[g:1][CONSENSUS][PBFT]checkAndChangeView: Reach consensus,org_view=513,org_changeCycle=0,cur_changeCycle=0,to_view=514
info|2019-12-13 09:42:56.159572|[g:1][CONSENSUS][SEALER]++++++++++++++++ Generating seal on,blkNum=69,tx=0,nodeIdx=2,hash=d1b2f260...
info|2019-12-13 09:42:56.160288|[g:1][CONSENSUS][PBFT]checkTimeout Succ,view=514,toView=515,nodeIdx=2,changeCycle=0,myNode=72961a87...,timecost=0.348
info|2019-12-13 09:42:56.162031|[g:1][CONSENSUS][PBFT]checkAndChangeView: Reach consensus,org_view=514,org_changeCycle=0,cur_changeCycle=0,to_view=515
info|2019-12-13 09:42:57.164654|[g:1][CONSENSUS]addRawPrepare,height=69,reqIdx=3,hash=8159ca1a...
info|2019-12-13 09:42:57.165460|[g:1][CONSENSUS][PBFT]checkTimeout Succ,view=515,toView=516,nodeIdx=2,changeCycle=0,myNode=72961a87...,timecost=0.488
info|2019-12-13 09:42:57.166867|[g:1][CONSENSUS][PBFT]checkAndChangeView: Reach consensus,org_view=515,org_changeCycle=0,cur_changeCycle=0,to_view=516
info|2019-12-13 09:42:58.028576|[P2P][Service] heartBeat,connected count=3
info|2019-12-13 09:42:58.168554|[g:1][CONSENSUS]addRawPrepare,height=69,reqIdx=0,hash=be3f1944...
info|2019-12-13 09:42:58.169879|[g:1][CONSENSUS][PBFT]checkTimeout Succ,view=516,toView=517,nodeIdx=2,changeCycle=0,myNode=72961a87...,timecost=1.194
info|2019-12-13 09:42:58.171167|[g:1][CONSENSUS][PBFT]checkAndChangeView: Reach consensus,org_view=516,org_changeCycle=0,cur_changeCycle=0,to_view=517
info|2019-12-13 09:42:59.172237|[g:1][CONSENSUS]addRawPrepare,height=69,reqIdx=1,hash=1d3ec93e...
info|2019-12-13 09:42:59.172799|[g:1][CONSENSUS][PBFT]checkTimeout Succ,view=517,toView=518,nodeIdx=2,changeCycle=0,myNode=72961a87...,timecost=0.438
info|2019-12-13 09:42:59.174591|[g:1][CONSENSUS][PBFT]checkAndChangeView: Reach consensus,org_view=517,org_changeCycle=0,cur_changeCycle=0,to_view=518
