warning|2019-12-12 01:25:09.007795|[g:1][CONSENSUS][PBFT]ViewChangeWarning: not caused by omit empty block ,v=49052,toV=49053,curNum=5,hash=a9fec021...,nodeIdx=2,myNode=72961a87...
info|2019-12-12 01:25:09.010230|[g:1][CONSENSUS][PBFT]checkTimeout Succ,view=49052,toView=49053,nodeIdx=2,changeCycle=1,myNode=72961a87...,timecost=8.345
info|2019-12-12 01:25:09.010310|[P2P][Service] heartBeat,connected count=3
info|2019-12-12 01:25:09.012999|[g:1][CONSENSUS][PBFT]checkAndChangeView: Reach consensus,org_view=49052,org_changeCycle=1,cur_changeCycle=1,to_view=49053
info|2019-12-12 01:25:10.014320|[g:1][CONSENSUS][SEALER]++++++++++++++++ Generating seal on,blkNum=6,tx=0,nodeIdx=2,hash=a214fa7e...
info|2019-12-12 01:25:10.016843|[g:1][CONSENSUS][PBFT]checkTimeout Succ,view=49053,toView=49054,nodeIdx=2,changeCycle=0,myNode=72961a87...,timecost=0.381
info|2019-12-12 01:25:10.017471|[g:1][CONSENSUS][PBFT]checkAndChangeView: Reach consensus,org_view=49053,org_changeCycle=0,cur_changeCycle=0,to_view=49054
info|2019-12-12 01:25:11.018201|[g:1][CONSENSUS]addRawPrepare,height=6,reqIdx=3,hash=be0a5ede...
info|2019-12-12 01:25:11.018934|[g:1][CONSENSUS][PBFT]checkTimeout Succ,view=49054,toView=49055,nodeIdx=2,changeCycle=0,myNode=72961a87...,timecost=0.504
info|2019-12-12 01:25:11.020417|[g:1][CONSENSUS][PBFT]checkAndChangeView: Reach consensus,org_view=49054,org_changeCycle=0,cur_changeCycle=0,to_view=49055
info|2019-12-12 01:25:12.021238|[g:1][CONSENSUS]addRawPrepare,height=6,reqIdx=0,hash=c4051969...
info|2019-12-12 01:25:12.021689|[g:1][CONSENSUS][PBFT]checkTimeout Succ,view=49055,toView=49056,nodeIdx=2,changeCycle=0,myNode=72961a87...,timecost=0.348
info|2019-12-12 01:25:12.023058|[g:1][CONSENSUS][PBFT]checkAndChangeView: Reach consensus,org_view=49055,org_changeCycle=0,cur_changeCycle=0,to_view=49056
info|2019-12-12 01:25:13.023457|[g:1][CONSENSUS]addRawPrepare,height=6,reqIdx=1,hash=4a6c60a9...
info|2019-12-12 01:25:13.023965|[g:1][CONSENSUS][PBFT]checkTimeout Succ,view=49056,toView=49057,nodeIdx=2,changeCycle=0,myNode=72961a87...,timecost=0.361
info|2019-12-12 01:25:13.025349|[g:1][CONSENSUS][PBFT]checkAndChangeView: Reach consensus,org_view=49056,org_changeCycle=0,cur_changeCycle=0,to_view=49057
info|2019-12-12 01:25:14.025310|[g:1][CONSENSUS][SEALER]++++++++++++++++ Generating seal on,blkNum=6,tx=0,nodeIdx=2,hash=77d37da9...
info|2019-12-12 01:25:14.026100|[g:1][CONSENSUS][PBFT]checkTimeout Succ,view=49057,toView=49058,nodeIdx=2,changeCycle=0,myNode=72961a87...,timecost=0.453
info|2019-12-12 01:25:14.028242|[g:1][CONSENSUS][PBFT]checkAndChangeView: Reach consensus,org_view=49057,org_changeCycle=0,cur_changeCycle=0,to_view=49058
info|2019-12-12 01:25:15.029443|[g:1][CONSENSUS]addRawPrepare,height=6,reqIdx=3,hash=f14be021...
info|2019-12-12 01:25:15.029949|[g:1][CONSENSUS][PBFT]checkTimeout Succ,view=49058,toView=49059,nodeIdx=2,changeCycle=0,myNode=72961a87...,timecost=0.31
info|2019-12-12 01:25:15.031033|[g:1][CONSENSUS][PBFT]checkAndChangeView: Reach consensus,org_view=49058,org_changeCycle=0,cur_changeCycle=0,to_view=49059
info|2019-12-12 01:25:16.032890|[g:1][CONSENSUS]addRawPrepare,height=6,reqIdx=0,hash=c2fe1b97...
info|2019-12-12 01:25:16.033498|[g:1][CONSENSUS][PBFT]checkTimeout Succ,view=49059,toView=49060,nodeIdx=2,changeCycle=0,myNode=72961a87...,timecost=0.432
info|2019-12-12 01:25:16.034796|[g:1][CONSENSUS][PBFT]checkAndChangeView: Reach consensus,org_view=49059,org_changeCycle=0,cur_changeCycle=0,to_view=49060
info|2019-12-12 01:25:17.036903|[g:1][CONSENSUS]addRawPrepare,height=6,reqIdx=1,hash=cc478de5...
info|2019-12-12 01:25:17.037589|[g:1][CONSENSUS][PBFT]checkTimeout Succ,view=49060,toView=49061,nodeIdx=2,changeCycle=0,myNode=72961a87...,timecost=0.541
info|2019-12-12 01:25:17.039196|[g:1][CONSENSUS][PBFT]checkAndChangeView: Reach consensus,org_view=49060,org_changeCycle=0,cur_changeCycle=0,to_view=49061
info|2019-12-12 01:25:18.040214|[g:1][CONSENSUS][SEALER]++++++++++++++++ Generating seal on,blkNum=6,tx=0,nodeIdx=2,hash=e5626ae0...
info|2019-12-12 01:25:18.040853|[g:1][CONSENSUS][PBFT]checkTimeout Succ,view=49061,toView=49062,nodeIdx=2,changeCycle=0,myNode=72961a87...,timecost=0.35
info|2019-12-12 01:25:18.042945|[g:1][CONSENSUS][PBFT]checkAndChangeView: Reach consensus,org_view=49061,org_changeCycle=0,cur_changeCycle=0,to_view=49062
info|2019-12-12 01:25:19.014217|[P2P][Service] heartBeat,connected count=3
info|2019-12-12 01:25:19.045745|[g:1][CONSENSUS]addRawPrepare,height=6,reqIdx=3,hash=6552223d...
info|2019-12-12 01:25:19.046313|[g:1][CONSENSUS][PBFT]checkTimeout Succ,view=49062,toView=49063,nodeIdx=2,changeCycle=0,myNode=72961a87...,timecost=0.388
info|2019-12-12 01:25:19.047759|[g:1][CONSENSUS][PBFT]checkAndChangeView: Reach consensus,org_view=49062,org_changeCycle=0,cur_changeCycle=0,to_view=49063
info|2019-12-12 01:25:20.049547|[g:1][CONSENSUS]addRawPrepare,height=6,reqIdx=0,hash=134b7b1c...
info|2019-12-12 01:25:20.050281|[g:1][CONSENSUS][PBFT]checkTimeout Succ,view=49063,toView=49064,nodeIdx=2,changeCycle=0,myNode=72961a87...,timecost=0.593
info|2019-12-12 01:25:20.051667|[g:1][CONSENSUS][PBFT]checkAndChangeView: Reach consensus,org_view=49063,org_changeCycle=0,cur_changeCycle=0,to_view=49064
info|2019-12-12 01:25:21.052723|[g:1][CONSENSUS]addRawPrepare,height=6,reqIdx=1,hash=14f1cc4e...
info|2019-12-12 01:25:21.053408|[g:1][CONSENSUS][PBFT]checkTimeout Succ,view=49064,toView=49065,nodeIdx=2,changeCycle=0,myNode=72961a87...,timecost=0.529
info|2019-12-12 01:25:21.055054|[g:1][CONSENSUS][PBFT]checkAndChangeView: Reach consensus,org_view=49064,org_changeCycle=0,cur_changeCycle=0,to_view=49065
info|2019-12-12 01:25:22.056581|[g:1][CONSENSUS][SEALER]++++++++++++++++ Generating seal on,blkNum=6,tx=0,nodeIdx=2,hash=566d1b1f...
info|2019-12-12 01:25:22.059061|[g:1][CONSENSUS][PBFT]checkTimeout Succ,view=49065,toView=49066,nodeIdx=2,changeCycle=0,myNode=72961a87...,timecost=0.46
info|2019-12-12 01:25:22.060342|[g:1][CONSENSUS][PBFT]checkAndChangeView: Reach consensus,org_view=49065,org_changeCycle=0,cur_changeCycle=0,to_view=49066
info|2019-12-12 01:25:23.062388|[g:1][CONSENSUS]addRawPrepare,height=6,reqIdx=3,hash=0f9050de...
info|2019-12-12 01:25:23.062978|[g:1][CONSENSUS][PBFT]checkTimeout Succ,view=49066,toView=49067,nodeIdx=2,changeCycle=0,myNode=72961a87...,timecost=0.45
info|2019-12-12 01:25:23.064899|[g:1][CONSENSUS][PBFT]checkAndChangeView: Reach consensus,org_view=49066,org_changeCycle=0,cur_changeCycle=0,to_view=49067
info|2019-12-12 01:25:24.066854|[g:1][CONSENSUS]addRawPrepare,height=6,reqIdx=0,hash=fa07c5d0...
info|2019-12-12 01:25:24.068342|[g:1][CONSENSUS][PBFT]checkTimeout Succ,view=49067,toView=49068,nodeIdx=2,changeCycle=0,myNode=72961a87...,timecost=1.288
info|2019-12-12 01:25:24.069843|[g:1][CONSENSUS][PBFT]checkAndChangeView: Reach consensus,org_view=49067,org_changeCycle=0,cur_changeCycle=0,to_view=49068
info|2019-12-12 01:25:25.070796|[g:1][CONSENSUS]addRawPrepare,height=6,reqIdx=1,hash=d41ea23d...
info|2019-12-12 01:25:25.071441|[g:1][CONSENSUS][PBFT]checkTimeout Succ,view=49068,toView=49069,nodeIdx=2,changeCycle=0,myNode=72961a87...,timecost=0.512
info|2019-12-12 01:25:25.072946|[g:1][CONSENSUS][PBFT]checkAndChangeView: Reach consensus,org_view=49068,org_changeCycle=0,cur_changeCycle=0,to_view=49069
info|2019-12-12 01:25:26.073608|[g:1][CONSENSUS][SEALER]++++++++++++++++ Generating seal on,blkNum=6,tx=0,nodeIdx=2,hash=96d0952c...
info|2019-12-12 01:25:26.076209|[g:1][CONSENSUS][PBFT]checkTimeout Succ,view=49069,toView=49070,nodeIdx=2,changeCycle=0,myNode=72961a87...,timecost=0.456
info|2019-12-12 01:25:26.077861|[g:1][CONSENSUS][PBFT]checkAndChangeView: Reach consensus,org_view=49069,org_changeCycle=0,cur_changeCycle=0,to_view=49070
info|2019-12-12 01:25:27.080199|[g:1][CONSENSUS]addRawPrepare,height=6,reqIdx=3,hash=cea813fe...
info|2019-12-12 01:25:27.080822|[g:1][CONSENSUS][PBFT]checkTimeout Succ,view=49070,toView=49071,nodeIdx=2,changeCycle=0,myNode=72961a87...,timecost=0.487
info|2019-12-12 01:25:27.082334|[g:1][CONSENSUS][PBFT]checkAndChangeView: Reach consensus,org_view=49070,org_changeCycle=0,cur_changeCycle=0,to_view=49071
info|2019-12-12 01:25:28.083353|[g:1][CONSENSUS]addRawPrepare,height=6,reqIdx=0,hash=85152f8e...
info|2019-12-12 01:25:28.084000|[g:1][CONSENSUS][PBFT]checkTimeout Succ,view=49071,toView=49072,nodeIdx=2,changeCycle=0,myNode=72961a87...,timecost=0.491
info|2019-12-12 01:25:28.085325|[g:1][CONSENSUS][PBFT]checkAndChangeView: Reach consensus,org_view=49071,org_changeCycle=0,cur_changeCycle=0,to_view=49072
info|2019-12-12 01:25:29.021547|[P2P][Service] heartBeat,connected count=3
info|2019-12-12 01:25:29.087068|[g:1][CONSENSUS]addRawPrepare,height=6,reqIdx=1,hash=9f9abdd8...
info|2019-12-12 01:25:29.087867|[g:1][CONSENSUS][PBFT]checkTimeout Succ,view=49072,toView=49073,nodeIdx=2,changeCycle=0,myNode=72961a87...,timecost=0.613
info|2019-12-12 01:25:29.089454|[g:1][CONSENSUS][PBFT]checkAndChangeView: Reach consensus,org_view=49072,org_changeCycle=0,cur_changeCycle=0,to_view=49073
info|2019-12-12 01:25:30.089379|[g:1][CONSENSUS][SEALER]++++++++++++++++ Generating seal on,blkNum=6,tx=0,nodeIdx=2,hash=b125c450...
info|2019-12-12 01:25:30.092626|[g:1][CONSENSUS][PBFT]checkTimeout Succ,view=49073,toView=49074,nodeIdx=2,changeCycle=0,myNode=72961a87...,timecost=0.492
info|2019-12-12 01:25:30.093341|[g:1][CONSENSUS][PBFT]checkAndChangeView: Reach consensus,org_view=49073,org_changeCycle=0,cur_changeCycle=0,to_view=49074
info|2019-12-12 01:25:31.093918|[g:1][CONSENSUS]addRawPrepare,height=6,reqIdx=3,hash=749293ed...
info|2019-12-12 01:25:31.094719|[g:1][CONSENSUS][PBFT]checkTimeout Succ,view=49074,toView=49075,nodeIdx=2,changeCycle=0,myNode=72961a87...,timecost=0.643
info|2019-12-12 01:25:31.096154|[g:1][CONSENSUS][PBFT]checkAndChangeView: Reach consensus,org_view=49074,org_changeCycle=0,cur_changeCycle=0,to_view=49075
info|2019-12-12 01:25:32.096286|[g:1][CONSENSUS]addRawPrepare,height=6,reqIdx=0,hash=3f8c0fdf...
info|2019-12-12 01:25:32.097025|[g:1][CONSENSUS][PBFT]checkTimeout Succ,view=49075,toView=49076,nodeIdx=2,changeCycle=0,myNode=72961a87...,timecost=0.587
info|2019-12-12 01:25:32.098626|[g:1][CONSENSUS][PBFT]checkAndChangeView: Reach consensus,org_view=49075,org_changeCycle=0,cur_changeCycle=0,to_view=49076
info|2019-12-12 01:25:33.100032|[g:1][CONSENSUS]addRawPrepare,height=6,reqIdx=1,hash=31a08c6c...
info|2019-12-12 01:25:33.100666|[g:1][CONSENSUS][PBFT]checkTimeout Succ,view=49076,toView=49077,nodeIdx=2,changeCycle=0,myNode=72961a87...,timecost=0.477
info|2019-12-12 01:25:33.102100|[g:1][CONSENSUS][PBFT]checkAndChangeView: Reach consensus,org_view=49076,org_changeCycle=0,cur_changeCycle=0,to_view=49077
info|2019-12-12 01:25:34.102895|[g:1][CONSENSUS][SEALER]++++++++++++++++ Generating seal on,blkNum=6,tx=0,nodeIdx=2,hash=dceb1611...
info|2019-12-12 01:25:34.106697|[g:1][CONSENSUS][PBFT]checkTimeout Succ,view=49077,toView=49078,nodeIdx=2,changeCycle=0,myNode=72961a87...,timecost=0.557
info|2019-12-12 01:25:34.107497|[g:1][CONSENSUS][PBFT]checkAndChangeView: Reach consensus,org_view=49077,org_changeCycle=0,cur_changeCycle=0,to_view=49078
info|2019-12-12 01:25:35.108060|[g:1][CONSENSUS]addRawPrepare,height=6,reqIdx=3,hash=0bd3e9a1...
info|2019-12-12 01:25:35.108768|[g:1][CONSENSUS][PBFT]checkTimeout Succ,view=49078,toView=49079,nodeIdx=2,changeCycle=0,myNode=72961a87...,timecost=0.545
info|2019-12-12 01:25:35.110303|[g:1][CONSENSUS][PBFT]checkAndChangeView: Reach consensus,org_view=49078,org_changeCycle=0,cur_changeCycle=0,to_view=49079
info|2019-12-12 01:25:36.111747|[g:1][CONSENSUS]addRawPrepare,height=6,reqIdx=0,hash=4522d43b...
info|2019-12-12 01:25:36.112362|[g:1][CONSENSUS][PBFT]checkTimeout Succ,view=49079,toView=49080,nodeIdx=2,changeCycle=0,myNode=72961a87...,timecost=0.452
info|2019-12-12 01:25:36.113842|[g:1][CONSENSUS][PBFT]checkAndChangeView: Reach consensus,org_view=49079,org_changeCycle=0,cur_changeCycle=0,to_view=49080
info|2019-12-12 01:25:37.115895|[g:1][CONSENSUS]addRawPrepare,height=6,reqIdx=1,hash=52eb7cca...
info|2019-12-12 01:25:37.116530|[g:1][CONSENSUS][PBFT]checkTimeout Succ,view=49080,toView=49081,nodeIdx=2,changeCycle=0,myNode=72961a87...,timecost=0.506
info|2019-12-12 01:25:37.118038|[g:1][CONSENSUS][PBFT]checkAndChangeView: Reach consensus,org_view=49080,org_changeCycle=0,cur_changeCycle=0,to_view=49081
info|2019-12-12 01:25:38.119176|[g:1][CONSENSUS][SEALER]++++++++++++++++ Generating seal on,blkNum=6,tx=0,nodeIdx=2,hash=1dfa2547...
info|2019-12-12 01:25:38.119774|[g:1][CONSENSUS][PBFT]checkTimeout Succ,view=49081,toView=49082,nodeIdx=2,changeCycle=0,myNode=72961a87...,timecost=0.308
info|2019-12-12 01:25:38.121752|[g:1][CONSENSUS][PBFT]checkAndChangeView: Reach consensus,org_view=49081,org_changeCycle=0,cur_changeCycle=0,to_view=49082
info|2019-12-12 01:25:39.026288|[P2P][Service] heartBeat,connected count=3
info|2019-12-12 01:25:39.124082|[g:1][CONSENSUS]addRawPrepare,height=6,reqIdx=3,hash=67567a46...
info|2019-12-12 01:25:39.124876|[g:1][CONSENSUS][PBFT]checkTimeout Succ,view=49082,toView=49083,nodeIdx=2,changeCycle=0,myNode=72961a87...,timecost=0.615
info|2019-12-12 01:25:39.125996|[g:1][CONSENSUS][PBFT]checkAndChangeView: Reach consensus,org_view=49082,org_changeCycle=0,cur_changeCycle=0,to_view=49083
info|2019-12-12 01:25:40.127744|[g:1][CONSENSUS]addRawPrepare,height=6,reqIdx=0,hash=feb38dc5...
info|2019-12-12 01:25:40.128487|[g:1][CONSENSUS][PBFT]checkTimeout Succ,view=49083,toView=49084,nodeIdx=2,changeCycle=0,myNode=72961a87...,timecost=0.533
info|2019-12-12 01:25:40.129807|[g:1][CONSENSUS][PBFT]checkAndChangeView: Reach consensus,org_view=49083,org_changeCycle=0,cur_changeCycle=0,to_view=49084
info|2019-12-12 01:25:41.131876|[g:1][CONSENSUS]addRawPrepare,height=6,reqIdx=1,hash=bddad8f6...
info|2019-12-12 01:25:41.132524|[g:1][CONSENSUS][PBFT]checkTimeout Succ,view=49084,toView=49085,nodeIdx=2,changeCycle=0,myNode=72961a87...,timecost=0.535
info|2019-12-12 01:25:41.134085|[g:1][CONSENSUS][PBFT]checkAndChangeView: Reach consensus,org_view=49084,org_changeCycle=0,cur_changeCycle=0,to_view=49085
info|2019-12-12 01:25:42.135654|[g:1][CONSENSUS][SEALER]++++++++++++++++ Generating seal on,blkNum=6,tx=0,nodeIdx=2,hash=bdb65fff...
info|2019-12-12 01:25:42.136537|[g:1][CONSENSUS][PBFT]checkTimeout Succ,view=49085,toView=49086,nodeIdx=2,changeCycle=0,myNode=72961a87...,timecost=0.444
info|2019-12-12 01:25:42.138983|[g:1][CONSENSUS][PBFT]checkAndChangeView: Reach consensus,org_view=49085,org_changeCycle=0,cur_changeCycle=0,to_view=49086
info|2019-12-12 01:25:43.140441|[g:1][CONSENSUS]addRawPrepare,height=6,reqIdx=3,hash=07b82802...
info|2019-12-12 01:25:43.141021|[g:1][CONSENSUS][PBFT]checkTimeout Succ,view=49086,toView=49087,nodeIdx=2,changeCycle=0,myNode=72961a87...,timecost=0.432
info|2019-12-12 01:25:43.142416|[g:1][CONSENSUS][PBFT]checkAndChangeView: Reach consensus,org_view=49086,org_changeCycle=0,cur_changeCycle=0,to_view=49087
info|2019-12-12 01:25:44.144431|[g:1][CONSENSUS]addRawPrepare,height=6,reqIdx=0,hash=1d4e184b...
info|2019-12-12 01:25:44.145329|[g:1][CONSENSUS][PBFT]checkTimeout Succ,view=49087,toView=49088,nodeIdx=2,changeCycle=0,myNode=72961a87...,timecost=0.822
info|2019-12-12 01:25:44.146721|[g:1][CONSENSUS][PBFT]checkAndChangeView: Reach consensus,org_view=49087,org_changeCycle=0,cur_changeCycle=0,to_view=49088
info|2019-12-12 01:25:45.148209|[g:1][CONSENSUS]addRawPrepare,height=6,reqIdx=1,hash=22a86b50...
info|2019-12-12 01:25:45.148836|[g:1][CONSENSUS][PBFT]checkTimeout Succ,view=49088,toView=49089,nodeIdx=2,changeCycle=0,myNode=72961a87...,timecost=0.455
info|2019-12-12 01:25:45.150382|[g:1][CONSENSUS][PBFT]checkAndChangeView: Reach consensus,org_view=49088,org_changeCycle=0,cur_changeCycle=0,to_view=49089
info|2019-12-12 01:25:46.150163|[g:1][CONSENSUS][SEALER]++++++++++++++++ Generating seal on,blkNum=6,tx=0,nodeIdx=2,hash=130108e5...
info|2019-12-12 01:25:46.152635|[g:1][CONSENSUS][PBFT]checkTimeout Succ,view=49089,toView=49090,nodeIdx=2,changeCycle=0,myNode=72961a87...,timecost=0.448
info|2019-12-12 01:25:46.153991|[g:1][CONSENSUS][PBFT]checkAndChangeView: Reach consensus,org_view=49089,org_changeCycle=0,cur_changeCycle=0,to_view=49090
info|2019-12-12 01:25:47.154634|[g:1][CONSENSUS]addRawPrepare,height=6,reqIdx=3,hash=2ce530dd...
info|2019-12-12 01:25:47.155221|[g:1][CONSENSUS][PBFT]checkTimeout Succ,view=49090,toView=49091,nodeIdx=2,changeCycle=0,myNode=72961a87...,timecost=0.409
info|2019-12-12 01:25:47.156723|[g:1][CONSENSUS][PBFT]checkAndChangeView: Reach consensus,org_view=49090,org_changeCycle=0,cur_changeCycle=0,to_view=49091
info|2019-12-12 01:25:48.157463|[g:1][CONSENSUS]addRawPrepare,height=6,reqIdx=0,hash=1b349170...
info|2019-12-12 01:25:48.158106|[g:1][CONSENSUS][PBFT]checkTimeout Succ,view=49091,toView=49092,nodeIdx=2,changeCycle=0,myNode=72961a87...,timecost=0.479
info|2019-12-12 01:25:48.159738|[g:1][CONSENSUS][PBFT]checkAndChangeView: Reach consensus,org_view=49091,org_changeCycle=0,cur_changeCycle=0,to_view=49092
info|2019-12-12 01:25:49.032945|[P2P][Service] heartBeat,connected count=3
info|2019-12-12 01:25:49.161419|[g:1][CONSENSUS]addRawPrepare,height=6,reqIdx=1,hash=87e68a3b...
info|2019-12-12 01:25:49.161939|[g:1][CONSENSUS][PBFT]checkTimeout Succ,view=49092,toView=49093,nodeIdx=2,changeCycle=0,myNode=72961a87...,timecost=0.339
info|2019-12-12 01:25:49.166117|[g:1][CONSENSUS][PBFT]checkAndChangeView: Reach consensus,org_view=49092,org_changeCycle=0,cur_changeCycle=0,to_view=49093
info|2019-12-12 01:25:50.167024|[g:1][CONSENSUS][SEALER]++++++++++++++++ Generating seal on,blkNum=6,tx=0,nodeIdx=2,hash=b0989cd4...
info|2019-12-12 01:25:50.167997|[g:1][CONSENSUS][PBFT]checkTimeout Succ,view=49093,toView=49094,nodeIdx=2,changeCycle=0,myNode=72961a87...,timecost=0.502
info|2019-12-12 01:25:50.170577|[g:1][CONSENSUS][PBFT]checkAndChangeView: Reach consensus,org_view=49093,org_changeCycle=0,cur_changeCycle=0,to_view=49094
info|2019-12-12 01:25:51.171148|[g:1][CONSENSUS]addRawPrepare,height=6,reqIdx=3,hash=89e5e47c...
info|2019-12-12 01:25:51.171653|[g:1][CONSENSUS][PBFT]checkTimeout Succ,view=49094,toView=49095,nodeIdx=2,changeCycle=0,myNode=72961a87...,timecost=0.417
info|2019-12-12 01:25:51.172917|[g:1][CONSENSUS][PBFT]checkAndChangeView: Reach consensus,org_view=49094,org_changeCycle=0,cur_changeCycle=0,to_view=49095
info|2019-12-12 01:25:52.174131|[g:1][CONSENSUS]addRawPrepare,height=6,reqIdx=0,hash=0796b9cc...
info|2019-12-12 01:25:52.174808|[g:1][CONSENSUS][PBFT]checkTimeout Succ,view=49095,toView=49096,nodeIdx=2,changeCycle=0,myNode=72961a87...,timecost=0.498
info|2019-12-12 01:25:52.176416|[g:1][CONSENSUS][PBFT]checkAndChangeView: Reach consensus,org_view=49095,org_changeCycle=0,cur_changeCycle=0,to_view=49096
info|2019-12-12 01:25:53.177377|[g:1][CONSENSUS]addRawPrepare,height=6,reqIdx=1,hash=b598282d...
info|2019-12-12 01:25:53.178110|[g:1][CONSENSUS][PBFT]checkTimeout Succ,view=49096,toView=49097,nodeIdx=2,changeCycle=0,myNode=72961a87...,timecost=0.544
info|2019-12-12 01:25:53.179919|[g:1][CONSENSUS][PBFT]checkAndChangeView: Reach consensus,org_view=49096,org_changeCycle=0,cur_changeCycle=0,to_view=49097
info|2019-12-12 01:25:54.180178|[g:1][CONSENSUS][SEALER]++++++++++++++++ Generating seal on,blkNum=6,tx=0,nodeIdx=2,hash=4a4e0d03...
info|2019-12-12 01:25:54.183938|[g:1][CONSENSUS][PBFT]checkTimeout Succ,view=49097,toView=49098,nodeIdx=2,changeCycle=0,myNode=72961a87...,timecost=0.59
info|2019-12-12 01:25:54.184566|[g:1][CONSENSUS][PBFT]checkAndChangeView: Reach consensus,org_view=49097,org_changeCycle=0,cur_changeCycle=0,to_view=49098
info|2019-12-12 01:25:55.185977|[g:1][CONSENSUS]addRawPrepare,height=6,reqIdx=3,hash=5d059aa2...
info|2019-12-12 01:25:55.186643|[g:1][CONSENSUS][PBFT]checkTimeout Succ,view=49098,toView=49099,nodeIdx=2,changeCycle=0,myNode=72961a87...,timecost=0.493
info|2019-12-12 01:25:55.188240|[g:1][CONSENSUS][PBFT]checkAndChangeView: Reach consensus,org_view=49098,org_changeCycle=0,cur_changeCycle=0,to_view=49099
info|2019-12-12 01:25:56.190329|[g:1][CONSENSUS]addRawPrepare,height=6,reqIdx=0,hash=b2d335a8...
info|2019-12-12 01:25:56.191081|[g:1][CONSENSUS][PBFT]checkTimeout Succ,view=49099,toView=49100,nodeIdx=2,changeCycle=0,myNode=72961a87...,timecost=0.593
info|2019-12-12 01:25:56.192594|[g:1][CONSENSUS][PBFT]checkAndChangeView: Reach consensus,org_view=49099,org_changeCycle=0,cur_changeCycle=0,to_view=49100
info|2019-12-12 01:25:57.193811|[g:1][CONSENSUS]addRawPrepare,height=6,reqIdx=1,hash=7d270285...
info|2019-12-12 01:25:57.194474|[g:1][CONSENSUS][PBFT]checkTimeout Succ,view=49100,toView=49101,nodeIdx=2,changeCycle=0,myNode=72961a87...,timecost=0.475
info|2019-12-12 01:25:57.195912|[g:1][CONSENSUS][PBFT]checkAndChangeView: Reach consensus,org_view=49100,org_changeCycle=0,cur_changeCycle=0,to_view=49101
info|2019-12-12 01:25:58.196300|[g:1][CONSENSUS][SEALER]++++++++++++++++ Generating seal on,blkNum=6,tx=0,nodeIdx=2,hash=742131db...
info|2019-12-12 01:25:58.198823|[g:1][CONSENSUS][PBFT]checkTimeout Succ,view=49101,toView=49102,nodeIdx=2,changeCycle=0,myNode=72961a87...,timecost=0.38
info|2019-12-12 01:25:58.200133|[g:1][CONSENSUS][PBFT]checkAndChangeView: Reach consensus,org_view=49101,org_changeCycle=0,cur_changeCycle=0,to_view=49102
info|2019-12-12 01:25:59.039145|[P2P][Service] heartBeat,connected count=3
info|2019-12-12 01:25:59.201199|[g:1][CONSENSUS]addRawPrepare,height=6,reqIdx=3,hash=b346cae8...
info|2019-12-12 01:25:59.201932|[g:1][CONSENSUS][PBFT]checkTimeout Succ,view=49102,toView=49103,nodeIdx=2,changeCycle=0,myNode=72961a87...,timecost=0.591
info|2019-12-12 01:25:59.203706|[g:1][CONSENSUS][PBFT]checkAndChangeView: Reach consensus,org_view=49102,org_changeCycle=0,cur_changeCycle=0,to_view=49103
info|2019-12-12 01:26:00.205583|[g:1][CONSENSUS]addRawPrepare,height=6,reqIdx=0,hash=e07579ca...
info|2019-12-12 01:26:00.206218|[g:1][CONSENSUS][PBFT]checkTimeout Succ,view=49103,toView=49104,nodeIdx=2,changeCycle=0,myNode=72961a87...,timecost=0.518
info|2019-12-12 01:26:00.207570|[g:1][CONSENSUS][PBFT]checkAndChangeView: Reach consensus,org_view=49103,org_changeCycle=0,cur_changeCycle=0,to_view=49104
info|2019-12-12 01:26:01.209640|[g:1][CONSENSUS]addRawPrepare,height=6,reqIdx=1,hash=ab0a7d89...
info|2019-12-12 01:26:01.210218|[g:1][CONSENSUS][PBFT]checkTimeout Succ,view=49104,toView=49105,nodeIdx=2,changeCycle=0,myNode=72961a87...,timecost=0.454
info|2019-12-12 01:26:01.211734|[g:1][CONSENSUS][PBFT]checkAndChangeView: Reach consensus,org_view=49104,org_changeCycle=0,cur_changeCycle=0,to_view=49105
