warning|2019-12-11 14:20:00.003646|[g:1][CONSENSUS][PBFT]ViewChangeWarning: not caused by omit empty block ,v=29588,toV=29589,curNum=5,hash=a9fec021...,nodeIdx=2,myNode=72961a87...
info|2019-12-11 14:20:00.003793|[g:1][CONSENSUS][PBFT]checkTimeout Succ,view=29588,toView=29589,nodeIdx=2,changeCycle=1,myNode=72961a87...,timecost=0.796
info|2019-12-11 14:20:00.009609|[P2P][Service] heartBeat,connected count=3
info|2019-12-11 14:20:00.012993|[g:1][CONSENSUS][PBFT]checkAndChangeView: Reach consensus,org_view=29588,org_changeCycle=1,cur_changeCycle=1,to_view=29589
info|2019-12-11 14:20:01.013990|[g:1][CONSENSUS][SEALER]++++++++++++++++ Generating seal on,blkNum=6,tx=0,nodeIdx=2,hash=81e2b2e0...
info|2019-12-11 14:20:01.015853|[g:1][CONSENSUS][PBFT]checkTimeout Succ,view=29589,toView=29590,nodeIdx=2,changeCycle=0,myNode=72961a87...,timecost=0.395
info|2019-12-11 14:20:01.016929|[g:1][CONSENSUS][PBFT]checkAndChangeView: Reach consensus,org_view=29589,org_changeCycle=0,cur_changeCycle=0,to_view=29590
info|2019-12-11 14:20:02.017279|[g:1][CONSENSUS]addRawPrepare,height=6,reqIdx=3,hash=9ec79a52...
info|2019-12-11 14:20:02.017849|[g:1][CONSENSUS][PBFT]checkTimeout Succ,view=29590,toView=29591,nodeIdx=2,changeCycle=0,myNode=72961a87...,timecost=0.44
info|2019-12-11 14:20:02.018997|[g:1][CONSENSUS][PBFT]checkAndChangeView: Reach consensus,org_view=29590,org_changeCycle=0,cur_changeCycle=0,to_view=29591
info|2019-12-11 14:20:03.021110|[g:1][CONSENSUS]addRawPrepare,height=6,reqIdx=0,hash=6d374d6c...
info|2019-12-11 14:20:03.021688|[g:1][CONSENSUS][PBFT]checkTimeout Succ,view=29591,toView=29592,nodeIdx=2,changeCycle=0,myNode=72961a87...,timecost=0.442
info|2019-12-11 14:20:03.022954|[g:1][CONSENSUS][PBFT]checkAndChangeView: Reach consensus,org_view=29591,org_changeCycle=0,cur_changeCycle=0,to_view=29592
info|2019-12-11 14:20:04.024045|[g:1][CONSENSUS]addRawPrepare,height=6,reqIdx=1,hash=4c306b05...
info|2019-12-11 14:20:04.024499|[g:1][CONSENSUS][PBFT]checkTimeout Succ,view=29592,toView=29593,nodeIdx=2,changeCycle=0,myNode=72961a87...,timecost=0.341
info|2019-12-11 14:20:04.025700|[g:1][CONSENSUS][PBFT]checkAndChangeView: Reach consensus,org_view=29592,org_changeCycle=0,cur_changeCycle=0,to_view=29593
info|2019-12-11 14:20:05.026149|[g:1][CONSENSUS][SEALER]++++++++++++++++ Generating seal on,blkNum=6,tx=0,nodeIdx=2,hash=70dcc07c...
info|2019-12-11 14:20:05.028360|[g:1][CONSENSUS][PBFT]checkTimeout Succ,view=29593,toView=29594,nodeIdx=2,changeCycle=0,myNode=72961a87...,timecost=0.473
info|2019-12-11 14:20:05.029258|[g:1][CONSENSUS][PBFT]checkAndChangeView: Reach consensus,org_view=29593,org_changeCycle=0,cur_changeCycle=0,to_view=29594
info|2019-12-11 14:20:06.030351|[g:1][CONSENSUS]addRawPrepare,height=6,reqIdx=3,hash=de45ca72...
info|2019-12-11 14:20:06.030849|[g:1][CONSENSUS][PBFT]checkTimeout Succ,view=29594,toView=29595,nodeIdx=2,changeCycle=0,myNode=72961a87...,timecost=0.369
info|2019-12-11 14:20:06.032106|[g:1][CONSENSUS][PBFT]checkAndChangeView: Reach consensus,org_view=29594,org_changeCycle=0,cur_changeCycle=0,to_view=29595
info|2019-12-11 14:20:07.034004|[g:1][CONSENSUS]addRawPrepare,height=6,reqIdx=0,hash=7ab4ee37...
info|2019-12-11 14:20:07.034560|[g:1][CONSENSUS][PBFT]checkTimeout Succ,view=29595,toView=29596,nodeIdx=2,changeCycle=0,myNode=72961a87...,timecost=0.414
info|2019-12-11 14:20:07.035750|[g:1][CONSENSUS][PBFT]checkAndChangeView: Reach consensus,org_view=29595,org_changeCycle=0,cur_changeCycle=0,to_view=29596
info|2019-12-11 14:20:08.037386|[g:1][CONSENSUS]addRawPrepare,height=6,reqIdx=1,hash=9480c8b2...
info|2019-12-11 14:20:08.037965|[g:1][CONSENSUS][PBFT]checkTimeout Succ,view=29596,toView=29597,nodeIdx=2,changeCycle=0,myNode=72961a87...,timecost=0.453
info|2019-12-11 14:20:08.039262|[g:1][CONSENSUS][PBFT]checkAndChangeView: Reach consensus,org_view=29596,org_changeCycle=0,cur_changeCycle=0,to_view=29597
info|2019-12-11 14:20:09.039460|[g:1][CONSENSUS][SEALER]++++++++++++++++ Generating seal on,blkNum=6,tx=0,nodeIdx=2,hash=7c047a9f...
info|2019-12-11 14:20:09.040214|[g:1][CONSENSUS][PBFT]checkTimeout Succ,view=29597,toView=29598,nodeIdx=2,changeCycle=0,myNode=72961a87...,timecost=0.36
info|2019-12-11 14:20:09.042149|[g:1][CONSENSUS][PBFT]checkAndChangeView: Reach consensus,org_view=29597,org_changeCycle=0,cur_changeCycle=0,to_view=29598
info|2019-12-11 14:20:10.011934|[P2P][Service] heartBeat,connected count=3
info|2019-12-11 14:20:10.043126|[g:1][CONSENSUS]addRawPrepare,height=6,reqIdx=3,hash=00cf8a24...
info|2019-12-11 14:20:10.043705|[g:1][CONSENSUS][PBFT]checkTimeout Succ,view=29598,toView=29599,nodeIdx=2,changeCycle=0,myNode=72961a87...,timecost=0.465
info|2019-12-11 14:20:10.044792|[g:1][CONSENSUS][PBFT]checkAndChangeView: Reach consensus,org_view=29598,org_changeCycle=0,cur_changeCycle=0,to_view=29599
info|2019-12-11 14:20:11.047012|[g:1][CONSENSUS]addRawPrepare,height=6,reqIdx=0,hash=dcda9eb3...
info|2019-12-11 14:20:11.047471|[g:1][CONSENSUS][PBFT]checkTimeout Succ,view=29599,toView=29600,nodeIdx=2,changeCycle=0,myNode=72961a87...,timecost=0.341
info|2019-12-11 14:20:11.048683|[g:1][CONSENSUS][PBFT]checkAndChangeView: Reach consensus,org_view=29599,org_changeCycle=0,cur_changeCycle=0,to_view=29600
info|2019-12-11 14:20:12.050233|[g:1][CONSENSUS]addRawPrepare,height=6,reqIdx=1,hash=0d73c657...
info|2019-12-11 14:20:12.050705|[g:1][CONSENSUS][PBFT]checkTimeout Succ,view=29600,toView=29601,nodeIdx=2,changeCycle=0,myNode=72961a87...,timecost=0.38
info|2019-12-11 14:20:12.051697|[g:1][CONSENSUS][PBFT]checkAndChangeView: Reach consensus,org_view=29600,org_changeCycle=0,cur_changeCycle=0,to_view=29601
info|2019-12-11 14:20:13.052356|[g:1][CONSENSUS][SEALER]++++++++++++++++ Generating seal on,blkNum=6,tx=0,nodeIdx=2,hash=e5279dcd...
info|2019-12-11 14:20:13.054715|[g:1][CONSENSUS][PBFT]checkTimeout Succ,view=29601,toView=29602,nodeIdx=2,changeCycle=0,myNode=72961a87...,timecost=0.398
info|2019-12-11 14:20:13.055223|[g:1][CONSENSUS][PBFT]checkAndChangeView: Reach consensus,org_view=29601,org_changeCycle=0,cur_changeCycle=0,to_view=29602
info|2019-12-11 14:20:14.055660|[g:1][CONSENSUS]addRawPrepare,height=6,reqIdx=3,hash=ccc3699b...
info|2019-12-11 14:20:14.056369|[g:1][CONSENSUS][PBFT]checkTimeout Succ,view=29602,toView=29603,nodeIdx=2,changeCycle=0,myNode=72961a87...,timecost=0.541
info|2019-12-11 14:20:14.057924|[g:1][CONSENSUS][PBFT]checkAndChangeView: Reach consensus,org_view=29602,org_changeCycle=0,cur_changeCycle=0,to_view=29603
info|2019-12-11 14:20:15.059644|[g:1][CONSENSUS]addRawPrepare,height=6,reqIdx=0,hash=fc57e814...
info|2019-12-11 14:20:15.060247|[g:1][CONSENSUS][PBFT]checkTimeout Succ,view=29603,toView=29604,nodeIdx=2,changeCycle=0,myNode=72961a87...,timecost=0.522
info|2019-12-11 14:20:15.061470|[g:1][CONSENSUS][PBFT]checkAndChangeView: Reach consensus,org_view=29603,org_changeCycle=0,cur_changeCycle=0,to_view=29604
info|2019-12-11 14:20:16.062144|[g:1][CONSENSUS]addRawPrepare,height=6,reqIdx=1,hash=71d389af...
info|2019-12-11 14:20:16.062651|[g:1][CONSENSUS][PBFT]checkTimeout Succ,view=29604,toView=29605,nodeIdx=2,changeCycle=0,myNode=72961a87...,timecost=0.386
info|2019-12-11 14:20:16.063768|[g:1][CONSENSUS][PBFT]checkAndChangeView: Reach consensus,org_view=29604,org_changeCycle=0,cur_changeCycle=0,to_view=29605
info|2019-12-11 14:20:17.063802|[g:1][CONSENSUS][SEALER]++++++++++++++++ Generating seal on,blkNum=6,tx=0,nodeIdx=2,hash=20c9e6da...
info|2019-12-11 14:20:17.064387|[g:1][CONSENSUS][PBFT]checkTimeout Succ,view=29605,toView=29606,nodeIdx=2,changeCycle=0,myNode=72961a87...,timecost=0.286
info|2019-12-11 14:20:17.066302|[g:1][CONSENSUS][PBFT]checkAndChangeView: Reach consensus,org_view=29605,org_changeCycle=0,cur_changeCycle=0,to_view=29606
info|2019-12-11 14:20:18.067613|[g:1][CONSENSUS]addRawPrepare,height=6,reqIdx=3,hash=4aca6325...
info|2019-12-11 14:20:18.068245|[g:1][CONSENSUS][PBFT]checkTimeout Succ,view=29606,toView=29607,nodeIdx=2,changeCycle=0,myNode=72961a87...,timecost=0.447
info|2019-12-11 14:20:18.069751|[g:1][CONSENSUS][PBFT]checkAndChangeView: Reach consensus,org_view=29606,org_changeCycle=0,cur_changeCycle=0,to_view=29607
info|2019-12-11 14:20:19.070921|[g:1][CONSENSUS]addRawPrepare,height=6,reqIdx=0,hash=78cd2ef5...
info|2019-12-11 14:20:19.071400|[g:1][CONSENSUS][PBFT]checkTimeout Succ,view=29607,toView=29608,nodeIdx=2,changeCycle=0,myNode=72961a87...,timecost=0.378
info|2019-12-11 14:20:19.072445|[g:1][CONSENSUS][PBFT]checkAndChangeView: Reach consensus,org_view=29607,org_changeCycle=0,cur_changeCycle=0,to_view=29608
info|2019-12-11 14:20:20.015687|[P2P][Service] heartBeat,connected count=3
info|2019-12-11 14:20:20.073864|[g:1][CONSENSUS]addRawPrepare,height=6,reqIdx=1,hash=fef35e69...
info|2019-12-11 14:20:20.074743|[g:1][CONSENSUS][PBFT]checkTimeout Succ,view=29608,toView=29609,nodeIdx=2,changeCycle=0,myNode=72961a87...,timecost=0.709
info|2019-12-11 14:20:20.076179|[g:1][CONSENSUS][PBFT]checkAndChangeView: Reach consensus,org_view=29608,org_changeCycle=0,cur_changeCycle=0,to_view=29609
info|2019-12-11 14:20:21.076568|[g:1][CONSENSUS][SEALER]++++++++++++++++ Generating seal on,blkNum=6,tx=0,nodeIdx=2,hash=b3a0d8c8...
info|2019-12-11 14:20:21.077513|[g:1][CONSENSUS][PBFT]checkTimeout Succ,view=29609,toView=29610,nodeIdx=2,changeCycle=0,myNode=72961a87...,timecost=0.467
info|2019-12-11 14:20:21.079914|[g:1][CONSENSUS][PBFT]checkAndChangeView: Reach consensus,org_view=29609,org_changeCycle=0,cur_changeCycle=0,to_view=29610
info|2019-12-11 14:20:22.081805|[g:1][CONSENSUS]addRawPrepare,height=6,reqIdx=3,hash=8b817270...
info|2019-12-11 14:20:22.082237|[g:1][CONSENSUS][PBFT]checkTimeout Succ,view=29610,toView=29611,nodeIdx=2,changeCycle=0,myNode=72961a87...,timecost=0.326
info|2019-12-11 14:20:22.083388|[g:1][CONSENSUS][PBFT]checkAndChangeView: Reach consensus,org_view=29610,org_changeCycle=0,cur_changeCycle=0,to_view=29611
info|2019-12-11 14:20:23.085345|[g:1][CONSENSUS]addRawPrepare,height=6,reqIdx=0,hash=6fafe352...
info|2019-12-11 14:20:23.085969|[g:1][CONSENSUS][PBFT]checkTimeout Succ,view=29611,toView=29612,nodeIdx=2,changeCycle=0,myNode=72961a87...,timecost=0.484
info|2019-12-11 14:20:23.087512|[g:1][CONSENSUS][PBFT]checkAndChangeView: Reach consensus,org_view=29611,org_changeCycle=0,cur_changeCycle=0,to_view=29612
info|2019-12-11 14:20:24.089031|[g:1][CONSENSUS]addRawPrepare,height=6,reqIdx=1,hash=084e13f5...
info|2019-12-11 14:20:24.089496|[g:1][CONSENSUS][PBFT]checkTimeout Succ,view=29612,toView=29613,nodeIdx=2,changeCycle=0,myNode=72961a87...,timecost=0.374
info|2019-12-11 14:20:24.090718|[g:1][CONSENSUS][PBFT]checkAndChangeView: Reach consensus,org_view=29612,org_changeCycle=0,cur_changeCycle=0,to_view=29613
info|2019-12-11 14:20:25.091106|[g:1][CONSENSUS][SEALER]++++++++++++++++ Generating seal on,blkNum=6,tx=0,nodeIdx=2,hash=da44d899...
info|2019-12-11 14:20:25.092132|[g:1][CONSENSUS][PBFT]checkTimeout Succ,view=29613,toView=29614,nodeIdx=2,changeCycle=0,myNode=72961a87...,timecost=0.581
info|2019-12-11 14:20:25.095123|[g:1][CONSENSUS][PBFT]checkAndChangeView: Reach consensus,org_view=29613,org_changeCycle=0,cur_changeCycle=0,to_view=29614
info|2019-12-11 14:20:26.097232|[g:1][CONSENSUS]addRawPrepare,height=6,reqIdx=3,hash=0c4d4994...
info|2019-12-11 14:20:26.097841|[g:1][CONSENSUS][PBFT]checkTimeout Succ,view=29614,toView=29615,nodeIdx=2,changeCycle=0,myNode=72961a87...,timecost=0.483
info|2019-12-11 14:20:26.098914|[g:1][CONSENSUS][PBFT]checkAndChangeView: Reach consensus,org_view=29614,org_changeCycle=0,cur_changeCycle=0,to_view=29615
info|2019-12-11 14:20:27.099079|[g:1][CONSENSUS]addRawPrepare,height=6,reqIdx=0,hash=f45029f2...
info|2019-12-11 14:20:27.099664|[g:1][CONSENSUS][PBFT]checkTimeout Succ,view=29615,toView=29616,nodeIdx=2,changeCycle=0,myNode=72961a87...,timecost=0.469
info|2019-12-11 14:20:27.101061|[g:1][CONSENSUS][PBFT]checkAndChangeView: Reach consensus,org_view=29615,org_changeCycle=0,cur_changeCycle=0,to_view=29616
info|2019-12-11 14:20:28.101526|[g:1][CONSENSUS]addRawPrepare,height=6,reqIdx=1,hash=b15b78d3...
info|2019-12-11 14:20:28.102010|[g:1][CONSENSUS][PBFT]checkTimeout Succ,view=29616,toView=29617,nodeIdx=2,changeCycle=0,myNode=72961a87...,timecost=0.382
info|2019-12-11 14:20:28.103093|[g:1][CONSENSUS][PBFT]checkAndChangeView: Reach consensus,org_view=29616,org_changeCycle=0,cur_changeCycle=0,to_view=29617
info|2019-12-11 14:20:29.104373|[g:1][CONSENSUS][SEALER]++++++++++++++++ Generating seal on,blkNum=6,tx=0,nodeIdx=2,hash=13c66411...
info|2019-12-11 14:20:29.107625|[g:1][CONSENSUS][PBFT]checkTimeout Succ,view=29617,toView=29618,nodeIdx=2,changeCycle=0,myNode=72961a87...,timecost=0.503
info|2019-12-11 14:20:29.108294|[g:1][CONSENSUS][PBFT]checkAndChangeView: Reach consensus,org_view=29617,org_changeCycle=0,cur_changeCycle=0,to_view=29618
info|2019-12-11 14:20:30.018194|[P2P][Service] heartBeat,connected count=3
info|2019-12-11 14:20:30.109337|[g:1][CONSENSUS]addRawPrepare,height=6,reqIdx=3,hash=64cdc6d6...
info|2019-12-11 14:20:30.110021|[g:1][CONSENSUS][PBFT]checkTimeout Succ,view=29618,toView=29619,nodeIdx=2,changeCycle=0,myNode=72961a87...,timecost=0.599
info|2019-12-11 14:20:30.111249|[g:1][CONSENSUS][PBFT]checkAndChangeView: Reach consensus,org_view=29618,org_changeCycle=0,cur_changeCycle=0,to_view=29619
info|2019-12-11 14:20:31.112536|[g:1][CONSENSUS]addRawPrepare,height=6,reqIdx=0,hash=8e5ae22b...
info|2019-12-11 14:20:31.113136|[g:1][CONSENSUS][PBFT]checkTimeout Succ,view=29619,toView=29620,nodeIdx=2,changeCycle=0,myNode=72961a87...,timecost=0.452
info|2019-12-11 14:20:31.114219|[g:1][CONSENSUS][PBFT]checkAndChangeView: Reach consensus,org_view=29619,org_changeCycle=0,cur_changeCycle=0,to_view=29620
info|2019-12-11 14:20:32.115081|[g:1][CONSENSUS]addRawPrepare,height=6,reqIdx=1,hash=fe404684...
info|2019-12-11 14:20:32.115547|[g:1][CONSENSUS][PBFT]checkTimeout Succ,view=29620,toView=29621,nodeIdx=2,changeCycle=0,myNode=72961a87...,timecost=0.372
info|2019-12-11 14:20:32.116781|[g:1][CONSENSUS][PBFT]checkAndChangeView: Reach consensus,org_view=29620,org_changeCycle=0,cur_changeCycle=0,to_view=29621
info|2019-12-11 14:20:33.116672|[g:1][CONSENSUS][SEALER]++++++++++++++++ Generating seal on,blkNum=6,tx=0,nodeIdx=2,hash=3eace6f0...
info|2019-12-11 14:20:33.117345|[g:1][CONSENSUS][PBFT]checkTimeout Succ,view=29621,toView=29622,nodeIdx=2,changeCycle=0,myNode=72961a87...,timecost=0.381
info|2019-12-11 14:20:33.119563|[g:1][CONSENSUS][PBFT]checkAndChangeView: Reach consensus,org_view=29621,org_changeCycle=0,cur_changeCycle=0,to_view=29622
info|2019-12-11 14:20:34.120134|[g:1][CONSENSUS]addRawPrepare,height=6,reqIdx=3,hash=7b5304d0...
info|2019-12-11 14:20:34.120672|[g:1][CONSENSUS][PBFT]checkTimeout Succ,view=29622,toView=29623,nodeIdx=2,changeCycle=0,myNode=72961a87...,timecost=0.43
info|2019-12-11 14:20:34.122185|[g:1][CONSENSUS][PBFT]checkAndChangeView: Reach consensus,org_view=29622,org_changeCycle=0,cur_changeCycle=0,to_view=29623
info|2019-12-11 14:20:35.123667|[g:1][CONSENSUS]addRawPrepare,height=6,reqIdx=0,hash=c5ddf940...
info|2019-12-11 14:20:35.124155|[g:1][CONSENSUS][PBFT]checkTimeout Succ,view=29623,toView=29624,nodeIdx=2,changeCycle=0,myNode=72961a87...,timecost=0.357
info|2019-12-11 14:20:35.126916|[g:1][CONSENSUS][PBFT]checkAndChangeView: Reach consensus,org_view=29623,org_changeCycle=0,cur_changeCycle=0,to_view=29624
info|2019-12-11 14:20:36.127331|[g:1][CONSENSUS]addRawPrepare,height=6,reqIdx=1,hash=82520e16...
info|2019-12-11 14:20:36.127937|[g:1][CONSENSUS][PBFT]checkTimeout Succ,view=29624,toView=29625,nodeIdx=2,changeCycle=0,myNode=72961a87...,timecost=0.437
info|2019-12-11 14:20:36.129475|[g:1][CONSENSUS][PBFT]checkAndChangeView: Reach consensus,org_view=29624,org_changeCycle=0,cur_changeCycle=0,to_view=29625
info|2019-12-11 14:20:37.129886|[g:1][CONSENSUS][SEALER]++++++++++++++++ Generating seal on,blkNum=6,tx=0,nodeIdx=2,hash=d58b483a...
info|2019-12-11 14:20:37.132487|[g:1][CONSENSUS][PBFT]checkTimeout Succ,view=29625,toView=29626,nodeIdx=2,changeCycle=0,myNode=72961a87...,timecost=0.405
info|2019-12-11 14:20:37.133142|[g:1][CONSENSUS][PBFT]checkAndChangeView: Reach consensus,org_view=29625,org_changeCycle=0,cur_changeCycle=0,to_view=29626
info|2019-12-11 14:20:38.134667|[g:1][CONSENSUS]addRawPrepare,height=6,reqIdx=3,hash=0d92cadd...
info|2019-12-11 14:20:38.135329|[g:1][CONSENSUS][PBFT]checkTimeout Succ,view=29626,toView=29627,nodeIdx=2,changeCycle=0,myNode=72961a87...,timecost=0.465
info|2019-12-11 14:20:38.137053|[g:1][CONSENSUS][PBFT]checkAndChangeView: Reach consensus,org_view=29626,org_changeCycle=0,cur_changeCycle=0,to_view=29627
info|2019-12-11 14:20:39.137768|[g:1][CONSENSUS]addRawPrepare,height=6,reqIdx=0,hash=4d88dd55...
info|2019-12-11 14:20:39.138392|[g:1][CONSENSUS][PBFT]checkTimeout Succ,view=29627,toView=29628,nodeIdx=2,changeCycle=0,myNode=72961a87...,timecost=0.505
info|2019-12-11 14:20:39.139622|[g:1][CONSENSUS][PBFT]checkAndChangeView: Reach consensus,org_view=29627,org_changeCycle=0,cur_changeCycle=0,to_view=29628
info|2019-12-11 14:20:40.021204|[P2P][Service] heartBeat,connected count=3
info|2019-12-11 14:20:40.140761|[g:1][CONSENSUS]addRawPrepare,height=6,reqIdx=1,hash=40108797...
info|2019-12-11 14:20:40.141624|[g:1][CONSENSUS][PBFT]checkTimeout Succ,view=29628,toView=29629,nodeIdx=2,changeCycle=0,myNode=72961a87...,timecost=0.741
info|2019-12-11 14:20:40.143160|[g:1][CONSENSUS][PBFT]checkAndChangeView: Reach consensus,org_view=29628,org_changeCycle=0,cur_changeCycle=0,to_view=29629
info|2019-12-11 14:20:41.144488|[g:1][CONSENSUS][SEALER]++++++++++++++++ Generating seal on,blkNum=6,tx=0,nodeIdx=2,hash=8ad71974...
info|2019-12-11 14:20:41.146799|[g:1][CONSENSUS][PBFT]checkTimeout Succ,view=29629,toView=29630,nodeIdx=2,changeCycle=0,myNode=72961a87...,timecost=0.32
info|2019-12-11 14:20:41.147314|[g:1][CONSENSUS][PBFT]checkAndChangeView: Reach consensus,org_view=29629,org_changeCycle=0,cur_changeCycle=0,to_view=29630
info|2019-12-11 14:20:42.149026|[g:1][CONSENSUS]addRawPrepare,height=6,reqIdx=3,hash=7cf949ec...
info|2019-12-11 14:20:42.149469|[g:1][CONSENSUS][PBFT]checkTimeout Succ,view=29630,toView=29631,nodeIdx=2,changeCycle=0,myNode=72961a87...,timecost=0.343
info|2019-12-11 14:20:42.150824|[g:1][CONSENSUS][PBFT]checkAndChangeView: Reach consensus,org_view=29630,org_changeCycle=0,cur_changeCycle=0,to_view=29631
info|2019-12-11 14:20:43.152063|[g:1][CONSENSUS]addRawPrepare,height=6,reqIdx=0,hash=631d4066...
info|2019-12-11 14:20:43.152482|[g:1][CONSENSUS][PBFT]checkTimeout Succ,view=29631,toView=29632,nodeIdx=2,changeCycle=0,myNode=72961a87...,timecost=0.326
info|2019-12-11 14:20:43.153686|[g:1][CONSENSUS][PBFT]checkAndChangeView: Reach consensus,org_view=29631,org_changeCycle=0,cur_changeCycle=0,to_view=29632
info|2019-12-11 14:20:44.154867|[g:1][CONSENSUS]addRawPrepare,height=6,reqIdx=1,hash=db804b43...
info|2019-12-11 14:20:44.155515|[g:1][CONSENSUS][PBFT]checkTimeout Succ,view=29632,toView=29633,nodeIdx=2,changeCycle=0,myNode=72961a87...,timecost=0.513
info|2019-12-11 14:20:44.156655|[g:1][CONSENSUS][PBFT]checkAndChangeView: Reach consensus,org_view=29632,org_changeCycle=0,cur_changeCycle=0,to_view=29633
info|2019-12-11 14:20:45.156530|[g:1][CONSENSUS][SEALER]++++++++++++++++ Generating seal on,blkNum=6,tx=0,nodeIdx=2,hash=08969b13...
info|2019-12-11 14:20:45.157294|[g:1][CONSENSUS][PBFT]checkTimeout Succ,view=29633,toView=29634,nodeIdx=2,changeCycle=0,myNode=72961a87...,timecost=0.399
info|2019-12-11 14:20:45.159196|[g:1][CONSENSUS][PBFT]checkAndChangeView: Reach consensus,org_view=29633,org_changeCycle=0,cur_changeCycle=0,to_view=29634
info|2019-12-11 14:20:46.160448|[g:1][CONSENSUS]addRawPrepare,height=6,reqIdx=3,hash=5346e741...
info|2019-12-11 14:20:46.160991|[g:1][CONSENSUS][PBFT]checkTimeout Succ,view=29634,toView=29635,nodeIdx=2,changeCycle=0,myNode=72961a87...,timecost=0.417
info|2019-12-11 14:20:46.162181|[g:1][CONSENSUS][PBFT]checkAndChangeView: Reach consensus,org_view=29634,org_changeCycle=0,cur_changeCycle=0,to_view=29635
info|2019-12-11 14:20:47.163719|[g:1][CONSENSUS]addRawPrepare,height=6,reqIdx=0,hash=bfe12277...
info|2019-12-11 14:20:47.164126|[g:1][CONSENSUS][PBFT]checkTimeout Succ,view=29635,toView=29636,nodeIdx=2,changeCycle=0,myNode=72961a87...,timecost=0.307
info|2019-12-11 14:20:47.165228|[g:1][CONSENSUS][PBFT]checkAndChangeView: Reach consensus,org_view=29635,org_changeCycle=0,cur_changeCycle=0,to_view=29636
info|2019-12-11 14:20:48.166278|[g:1][CONSENSUS]addRawPrepare,height=6,reqIdx=1,hash=a2f0e8a1...
info|2019-12-11 14:20:48.166742|[g:1][CONSENSUS][PBFT]checkTimeout Succ,view=29636,toView=29637,nodeIdx=2,changeCycle=0,myNode=72961a87...,timecost=0.363
info|2019-12-11 14:20:48.167815|[g:1][CONSENSUS][PBFT]checkAndChangeView: Reach consensus,org_view=29636,org_changeCycle=0,cur_changeCycle=0,to_view=29637
info|2019-12-11 14:20:49.168114|[g:1][CONSENSUS][SEALER]++++++++++++++++ Generating seal on,blkNum=6,tx=0,nodeIdx=2,hash=ff0d3663...
info|2019-12-11 14:20:49.168879|[g:1][CONSENSUS][PBFT]checkTimeout Succ,view=29637,toView=29638,nodeIdx=2,changeCycle=0,myNode=72961a87...,timecost=0.348
info|2019-12-11 14:20:49.171089|[g:1][CONSENSUS][PBFT]checkAndChangeView: Reach consensus,org_view=29637,org_changeCycle=0,cur_changeCycle=0,to_view=29638
info|2019-12-11 14:20:50.025663|[P2P][Service] heartBeat,connected count=3
info|2019-12-11 14:20:50.173368|[g:1][CONSENSUS]addRawPrepare,height=6,reqIdx=3,hash=07365ce3...
info|2019-12-11 14:20:50.173990|[g:1][CONSENSUS][PBFT]checkTimeout Succ,view=29638,toView=29639,nodeIdx=2,changeCycle=0,myNode=72961a87...,timecost=0.43
info|2019-12-11 14:20:50.175287|[g:1][CONSENSUS][PBFT]checkAndChangeView: Reach consensus,org_view=29638,org_changeCycle=0,cur_changeCycle=0,to_view=29639
info|2019-12-11 14:20:51.176468|[g:1][CONSENSUS]addRawPrepare,height=6,reqIdx=0,hash=b02e97ec...
info|2019-12-11 14:20:51.177117|[g:1][CONSENSUS][PBFT]checkTimeout Succ,view=29639,toView=29640,nodeIdx=2,changeCycle=0,myNode=72961a87...,timecost=0.513
info|2019-12-11 14:20:51.178677|[g:1][CONSENSUS][PBFT]checkAndChangeView: Reach consensus,org_view=29639,org_changeCycle=0,cur_changeCycle=0,to_view=29640
info|2019-12-11 14:20:52.179734|[g:1][CONSENSUS]addRawPrepare,height=6,reqIdx=1,hash=eb17b476...
info|2019-12-11 14:20:52.180222|[g:1][CONSENSUS][PBFT]checkTimeout Succ,view=29640,toView=29641,nodeIdx=2,changeCycle=0,myNode=72961a87...,timecost=0.359
info|2019-12-11 14:20:52.181179|[g:1][CONSENSUS][PBFT]checkAndChangeView: Reach consensus,org_view=29640,org_changeCycle=0,cur_changeCycle=0,to_view=29641
info|2019-12-11 14:20:53.181759|[g:1][CONSENSUS][SEALER]++++++++++++++++ Generating seal on,blkNum=6,tx=0,nodeIdx=2,hash=3dcff321...
info|2019-12-11 14:20:53.182442|[g:1][CONSENSUS][PBFT]checkTimeout Succ,view=29641,toView=29642,nodeIdx=2,changeCycle=0,myNode=72961a87...,timecost=0.354
info|2019-12-11 14:20:53.184768|[g:1][CONSENSUS][PBFT]checkAndChangeView: Reach consensus,org_view=29641,org_changeCycle=0,cur_changeCycle=0,to_view=29642
info|2019-12-11 14:20:54.185890|[g:1][CONSENSUS]addRawPrepare,height=6,reqIdx=3,hash=966b927d...
info|2019-12-11 14:20:54.186456|[g:1][CONSENSUS][PBFT]checkTimeout Succ,view=29642,toView=29643,nodeIdx=2,changeCycle=0,myNode=72961a87...,timecost=0.438
info|2019-12-11 14:20:54.187757|[g:1][CONSENSUS][PBFT]checkAndChangeView: Reach consensus,org_view=29642,org_changeCycle=0,cur_changeCycle=0,to_view=29643
info|2019-12-11 14:20:55.188253|[g:1][CONSENSUS]addRawPrepare,height=6,reqIdx=0,hash=6ad118bd...
info|2019-12-11 14:20:55.188853|[g:1][CONSENSUS][PBFT]checkTimeout Succ,view=29643,toView=29644,nodeIdx=2,changeCycle=0,myNode=72961a87...,timecost=0.435
info|2019-12-11 14:20:55.190250|[g:1][CONSENSUS][PBFT]checkAndChangeView: Reach consensus,org_view=29643,org_changeCycle=0,cur_changeCycle=0,to_view=29644
info|2019-12-11 14:20:56.191223|[g:1][CONSENSUS]addRawPrepare,height=6,reqIdx=1,hash=a17ade4d...
info|2019-12-11 14:20:56.191679|[g:1][CONSENSUS][PBFT]checkTimeout Succ,view=29644,toView=29645,nodeIdx=2,changeCycle=0,myNode=72961a87...,timecost=0.356
info|2019-12-11 14:20:56.192897|[g:1][CONSENSUS][PBFT]checkAndChangeView: Reach consensus,org_view=29644,org_changeCycle=0,cur_changeCycle=0,to_view=29645
info|2019-12-11 14:20:57.192251|[g:1][CONSENSUS][SEALER]++++++++++++++++ Generating seal on,blkNum=6,tx=0,nodeIdx=2,hash=ed795552...
info|2019-12-11 14:20:57.192961|[g:1][CONSENSUS][PBFT]checkTimeout Succ,view=29645,toView=29646,nodeIdx=2,changeCycle=0,myNode=72961a87...,timecost=0.34
info|2019-12-11 14:20:57.194805|[g:1][CONSENSUS][PBFT]checkAndChangeView: Reach consensus,org_view=29645,org_changeCycle=0,cur_changeCycle=0,to_view=29646
info|2019-12-11 14:20:58.196169|[g:1][CONSENSUS]addRawPrepare,height=6,reqIdx=3,hash=7a6d00be...
info|2019-12-11 14:20:58.196675|[g:1][CONSENSUS][PBFT]checkTimeout Succ,view=29646,toView=29647,nodeIdx=2,changeCycle=0,myNode=72961a87...,timecost=0.41
info|2019-12-11 14:20:58.198023|[g:1][CONSENSUS][PBFT]checkAndChangeView: Reach consensus,org_view=29646,org_changeCycle=0,cur_changeCycle=0,to_view=29647
info|2019-12-11 14:20:59.198972|[g:1][CONSENSUS]addRawPrepare,height=6,reqIdx=0,hash=755b490a...
info|2019-12-11 14:20:59.199458|[g:1][CONSENSUS][PBFT]checkTimeout Succ,view=29647,toView=29648,nodeIdx=2,changeCycle=0,myNode=72961a87...,timecost=0.36
info|2019-12-11 14:20:59.200434|[g:1][CONSENSUS][PBFT]checkAndChangeView: Reach consensus,org_view=29647,org_changeCycle=0,cur_changeCycle=0,to_view=29648
info|2019-12-11 14:21:00.027343|[P2P][Service] heartBeat,connected count=3
info|2019-12-11 14:21:00.201209|[g:1][CONSENSUS]addRawPrepare,height=6,reqIdx=1,hash=2f5b14ff...
info|2019-12-11 14:21:00.201750|[g:1][CONSENSUS][PBFT]checkTimeout Succ,view=29648,toView=29649,nodeIdx=2,changeCycle=0,myNode=72961a87...,timecost=0.41
info|2019-12-11 14:21:00.203087|[g:1][CONSENSUS][PBFT]checkAndChangeView: Reach consensus,org_view=29648,org_changeCycle=0,cur_changeCycle=0,to_view=29649
info|2019-12-11 14:21:01.203913|[g:1][CONSENSUS][SEALER]++++++++++++++++ Generating seal on,blkNum=6,tx=0,nodeIdx=2,hash=118d0166...
info|2019-12-11 14:21:01.206512|[g:1][CONSENSUS][PBFT]checkTimeout Succ,view=29649,toView=29650,nodeIdx=2,changeCycle=0,myNode=72961a87...,timecost=0.399
info|2019-12-11 14:21:01.207150|[g:1][CONSENSUS][PBFT]checkAndChangeView: Reach consensus,org_view=29649,org_changeCycle=0,cur_changeCycle=0,to_view=29650
info|2019-12-11 14:21:02.207549|[g:1][CONSENSUS]addRawPrepare,height=6,reqIdx=3,hash=c46996e0...
info|2019-12-11 14:21:02.208220|[g:1][CONSENSUS][PBFT]checkTimeout Succ,view=29650,toView=29651,nodeIdx=2,changeCycle=0,myNode=72961a87...,timecost=0.482
info|2019-12-11 14:21:02.209840|[g:1][CONSENSUS][PBFT]checkAndChangeView: Reach consensus,org_view=29650,org_changeCycle=0,cur_changeCycle=0,to_view=29651
info|2019-12-11 14:21:03.211117|[g:1][CONSENSUS]addRawPrepare,height=6,reqIdx=0,hash=8149bb5e...
info|2019-12-11 14:21:03.211783|[g:1][CONSENSUS][PBFT]checkTimeout Succ,view=29651,toView=29652,nodeIdx=2,changeCycle=0,myNode=72961a87...,timecost=0.466
info|2019-12-11 14:21:03.213060|[g:1][CONSENSUS][PBFT]checkAndChangeView: Reach consensus,org_view=29651,org_changeCycle=0,cur_changeCycle=0,to_view=29652
info|2019-12-11 14:21:04.214464|[g:1][CONSENSUS]addRawPrepare,height=6,reqIdx=1,hash=2b37ec52...
info|2019-12-11 14:21:04.215043|[g:1][CONSENSUS][PBFT]checkTimeout Succ,view=29652,toView=29653,nodeIdx=2,changeCycle=0,myNode=72961a87...,timecost=0.42
info|2019-12-11 14:21:04.216171|[g:1][CONSENSUS][PBFT]checkAndChangeView: Reach consensus,org_view=29652,org_changeCycle=0,cur_changeCycle=0,to_view=29653
info|2019-12-11 14:21:05.216657|[g:1][CONSENSUS][SEALER]++++++++++++++++ Generating seal on,blkNum=6,tx=0,nodeIdx=2,hash=84195284...
info|2019-12-11 14:21:05.217686|[g:1][CONSENSUS][PBFT]checkTimeout Succ,view=29653,toView=29654,nodeIdx=2,changeCycle=0,myNode=72961a87...,timecost=0.561
info|2019-12-11 14:21:05.220623|[g:1][CONSENSUS][PBFT]checkAndChangeView: Reach consensus,org_view=29653,org_changeCycle=0,cur_changeCycle=0,to_view=29654
info|2019-12-11 14:21:06.223624|[g:1][CONSENSUS]addRawPrepare,height=6,reqIdx=3,hash=f93d475a...
info|2019-12-11 14:21:06.224267|[g:1][CONSENSUS][PBFT]checkTimeout Succ,view=29654,toView=29655,nodeIdx=2,changeCycle=0,myNode=72961a87...,timecost=0.482
info|2019-12-11 14:21:06.225704|[g:1][CONSENSUS][PBFT]checkAndChangeView: Reach consensus,org_view=29654,org_changeCycle=0,cur_changeCycle=0,to_view=29655
info|2019-12-11 14:21:07.226915|[g:1][CONSENSUS]addRawPrepare,height=6,reqIdx=0,hash=a95d451a...
info|2019-12-11 14:21:07.227610|[g:1][CONSENSUS][PBFT]checkTimeout Succ,view=29655,toView=29656,nodeIdx=2,changeCycle=0,myNode=72961a87...,timecost=0.541
info|2019-12-11 14:21:07.229443|[g:1][CONSENSUS][PBFT]checkAndChangeView: Reach consensus,org_view=29655,org_changeCycle=0,cur_changeCycle=0,to_view=29656
info|2019-12-11 14:21:08.231317|[g:1][CONSENSUS]addRawPrepare,height=6,reqIdx=1,hash=b34918e1...
info|2019-12-11 14:21:08.231978|[g:1][CONSENSUS][PBFT]checkTimeout Succ,view=29656,toView=29657,nodeIdx=2,changeCycle=0,myNode=72961a87...,timecost=0.399
info|2019-12-11 14:21:08.233167|[g:1][CONSENSUS][PBFT]checkAndChangeView: Reach consensus,org_view=29656,org_changeCycle=0,cur_changeCycle=0,to_view=29657
info|2019-12-11 14:21:09.233763|[g:1][CONSENSUS][SEALER]++++++++++++++++ Generating seal on,blkNum=6,tx=0,nodeIdx=2,hash=9497d1e5...
info|2019-12-11 14:21:09.237069|[g:1][CONSENSUS][PBFT]checkTimeout Succ,view=29657,toView=29658,nodeIdx=2,changeCycle=0,myNode=72961a87...,timecost=0.496
info|2019-12-11 14:21:09.237822|[g:1][CONSENSUS][PBFT]checkAndChangeView: Reach consensus,org_view=29657,org_changeCycle=0,cur_changeCycle=0,to_view=29658
info|2019-12-11 14:21:10.028181|[P2P][Service] heartBeat,connected count=3
info|2019-12-11 14:21:10.239097|[g:1][CONSENSUS]addRawPrepare,height=6,reqIdx=3,hash=354272f0...
info|2019-12-11 14:21:10.239730|[g:1][CONSENSUS][PBFT]checkTimeout Succ,view=29658,toView=29659,nodeIdx=2,changeCycle=0,myNode=72961a87...,timecost=0.525
info|2019-12-11 14:21:10.240994|[g:1][CONSENSUS][PBFT]checkAndChangeView: Reach consensus,org_view=29658,org_changeCycle=0,cur_changeCycle=0,to_view=29659
info|2019-12-11 14:21:11.243411|[g:1][CONSENSUS]addRawPrepare,height=6,reqIdx=0,hash=c1345c3d...
info|2019-12-11 14:21:11.244112|[g:1][CONSENSUS][PBFT]checkTimeout Succ,view=29659,toView=29660,nodeIdx=2,changeCycle=0,myNode=72961a87...,timecost=0.541
info|2019-12-11 14:21:11.245548|[g:1][CONSENSUS][PBFT]checkAndChangeView: Reach consensus,org_view=29659,org_changeCycle=0,cur_changeCycle=0,to_view=29660
info|2019-12-11 14:21:12.246280|[g:1][CONSENSUS]addRawPrepare,height=6,reqIdx=1,hash=a98c159e...
info|2019-12-11 14:21:12.246848|[g:1][CONSENSUS][PBFT]checkTimeout Succ,view=29660,toView=29661,nodeIdx=2,changeCycle=0,myNode=72961a87...,timecost=0.431
info|2019-12-11 14:21:12.247963|[g:1][CONSENSUS][PBFT]checkAndChangeView: Reach consensus,org_view=29660,org_changeCycle=0,cur_changeCycle=0,to_view=29661
info|2019-12-11 14:21:13.247624|[g:1][CONSENSUS][SEALER]++++++++++++++++ Generating seal on,blkNum=6,tx=0,nodeIdx=2,hash=853c2102...
info|2019-12-11 14:21:13.250321|[g:1][CONSENSUS][PBFT]checkTimeout Succ,view=29661,toView=29662,nodeIdx=2,changeCycle=0,myNode=72961a87...,timecost=0.467
info|2019-12-11 14:21:13.250910|[g:1][CONSENSUS][PBFT]checkAndChangeView: Reach consensus,org_view=29661,org_changeCycle=0,cur_changeCycle=0,to_view=29662
info|2019-12-11 14:21:14.251126|[g:1][CONSENSUS]addRawPrepare,height=6,reqIdx=3,hash=1a08fb9c...
info|2019-12-11 14:21:14.251574|[g:1][CONSENSUS][PBFT]checkTimeout Succ,view=29662,toView=29663,nodeIdx=2,changeCycle=0,myNode=72961a87...,timecost=0.348
info|2019-12-11 14:21:14.252675|[g:1][CONSENSUS][PBFT]checkAndChangeView: Reach consensus,org_view=29662,org_changeCycle=0,cur_changeCycle=0,to_view=29663
info|2019-12-11 14:21:15.253542|[g:1][CONSENSUS]addRawPrepare,height=6,reqIdx=0,hash=8d00c842...
info|2019-12-11 14:21:15.254929|[g:1][CONSENSUS][PBFT]checkTimeout Succ,view=29663,toView=29664,nodeIdx=2,changeCycle=0,myNode=72961a87...,timecost=1.224
info|2019-12-11 14:21:15.256572|[g:1][CONSENSUS][PBFT]checkAndChangeView: Reach consensus,org_view=29663,org_changeCycle=0,cur_changeCycle=0,to_view=29664
info|2019-12-11 14:21:16.257680|[g:1][CONSENSUS]addRawPrepare,height=6,reqIdx=1,hash=bf46eb33...
info|2019-12-11 14:21:16.258479|[g:1][CONSENSUS][PBFT]checkTimeout Succ,view=29664,toView=29665,nodeIdx=2,changeCycle=0,myNode=72961a87...,timecost=0.636
info|2019-12-11 14:21:16.260020|[g:1][CONSENSUS][PBFT]checkAndChangeView: Reach consensus,org_view=29664,org_changeCycle=0,cur_changeCycle=0,to_view=29665
info|2019-12-11 14:21:17.260333|[g:1][CONSENSUS][SEALER]++++++++++++++++ Generating seal on,blkNum=6,tx=0,nodeIdx=2,hash=92ddc45e...
info|2019-12-11 14:21:17.261366|[g:1][CONSENSUS][PBFT]checkTimeout Succ,view=29665,toView=29666,nodeIdx=2,changeCycle=0,myNode=72961a87...,timecost=0.496
info|2019-12-11 14:21:17.264204|[g:1][CONSENSUS][PBFT]checkAndChangeView: Reach consensus,org_view=29665,org_changeCycle=0,cur_changeCycle=0,to_view=29666
info|2019-12-11 14:21:18.265220|[g:1][CONSENSUS]addRawPrepare,height=6,reqIdx=3,hash=336b1ae9...
info|2019-12-11 14:21:18.266094|[g:1][CONSENSUS][PBFT]checkTimeout Succ,view=29666,toView=29667,nodeIdx=2,changeCycle=0,myNode=72961a87...,timecost=0.711
info|2019-12-11 14:21:18.267351|[g:1][CONSENSUS][PBFT]checkAndChangeView: Reach consensus,org_view=29666,org_changeCycle=0,cur_changeCycle=0,to_view=29667
info|2019-12-11 14:21:19.268856|[g:1][CONSENSUS]addRawPrepare,height=6,reqIdx=0,hash=26f08699...
info|2019-12-11 14:21:19.269486|[g:1][CONSENSUS][PBFT]checkTimeout Succ,view=29667,toView=29668,nodeIdx=2,changeCycle=0,myNode=72961a87...,timecost=0.5
info|2019-12-11 14:21:19.270775|[g:1][CONSENSUS][PBFT]checkAndChangeView: Reach consensus,org_view=29667,org_changeCycle=0,cur_changeCycle=0,to_view=29668
info|2019-12-11 14:21:20.030162|[P2P][Service] heartBeat,connected count=3
info|2019-12-11 14:21:20.272738|[g:1][CONSENSUS]addRawPrepare,height=6,reqIdx=1,hash=c1e7b509...
info|2019-12-11 14:21:20.273459|[g:1][CONSENSUS][PBFT]checkTimeout Succ,view=29668,toView=29669,nodeIdx=2,changeCycle=0,myNode=72961a87...,timecost=0.545
info|2019-12-11 14:21:20.275559|[g:1][CONSENSUS][PBFT]checkAndChangeView: Reach consensus,org_view=29668,org_changeCycle=0,cur_changeCycle=0,to_view=29669
info|2019-12-11 14:21:21.275484|[g:1][CONSENSUS][SEALER]++++++++++++++++ Generating seal on,blkNum=6,tx=0,nodeIdx=2,hash=f9ad16f9...
info|2019-12-11 14:21:21.276190|[g:1][CONSENSUS][PBFT]checkTimeout Succ,view=29669,toView=29670,nodeIdx=2,changeCycle=0,myNode=72961a87...,timecost=0.328
info|2019-12-11 14:21:21.277961|[g:1][CONSENSUS][PBFT]checkAndChangeView: Reach consensus,org_view=29669,org_changeCycle=0,cur_changeCycle=0,to_view=29670
info|2019-12-11 14:21:22.279698|[g:1][CONSENSUS]addRawPrepare,height=6,reqIdx=3,hash=fb93d4bb...
info|2019-12-11 14:21:22.280317|[g:1][CONSENSUS][PBFT]checkTimeout Succ,view=29670,toView=29671,nodeIdx=2,changeCycle=0,myNode=72961a87...,timecost=0.479
info|2019-12-11 14:21:22.281739|[g:1][CONSENSUS][PBFT]checkAndChangeView: Reach consensus,org_view=29670,org_changeCycle=0,cur_changeCycle=0,to_view=29671
info|2019-12-11 14:21:23.282528|[g:1][CONSENSUS]addRawPrepare,height=6,reqIdx=0,hash=bdc8e289...
info|2019-12-11 14:21:23.283015|[g:1][CONSENSUS][PBFT]checkTimeout Succ,view=29671,toView=29672,nodeIdx=2,changeCycle=0,myNode=72961a87...,timecost=0.357
info|2019-12-11 14:21:23.284626|[g:1][CONSENSUS][PBFT]checkAndChangeView: Reach consensus,org_view=29671,org_changeCycle=0,cur_changeCycle=0,to_view=29672
info|2019-12-11 14:21:24.286390|[g:1][CONSENSUS]addRawPrepare,height=6,reqIdx=1,hash=fe748652...
info|2019-12-11 14:21:24.286878|[g:1][CONSENSUS][PBFT]checkTimeout Succ,view=29672,toView=29673,nodeIdx=2,changeCycle=0,myNode=72961a87...,timecost=0.358
info|2019-12-11 14:21:24.288058|[g:1][CONSENSUS][PBFT]checkAndChangeView: Reach consensus,org_view=29672,org_changeCycle=0,cur_changeCycle=0,to_view=29673
info|2019-12-11 14:21:25.289388|[g:1][CONSENSUS][SEALER]++++++++++++++++ Generating seal on,blkNum=6,tx=0,nodeIdx=2,hash=05465a60...
info|2019-12-11 14:21:25.292183|[g:1][CONSENSUS][PBFT]checkTimeout Succ,view=29673,toView=29674,nodeIdx=2,changeCycle=0,myNode=72961a87...,timecost=0.448
info|2019-12-11 14:21:25.293416|[g:1][CONSENSUS][PBFT]checkAndChangeView: Reach consensus,org_view=29673,org_changeCycle=0,cur_changeCycle=0,to_view=29674
info|2019-12-11 14:21:26.295803|[g:1][CONSENSUS]addRawPrepare,height=6,reqIdx=3,hash=48e762bd...
info|2019-12-11 14:21:26.296466|[g:1][CONSENSUS][PBFT]checkTimeout Succ,view=29674,toView=29675,nodeIdx=2,changeCycle=0,myNode=72961a87...,timecost=0.523
info|2019-12-11 14:21:26.298184|[g:1][CONSENSUS][PBFT]checkAndChangeView: Reach consensus,org_view=29674,org_changeCycle=0,cur_changeCycle=0,to_view=29675
info|2019-12-11 14:21:27.300588|[g:1][CONSENSUS]addRawPrepare,height=6,reqIdx=0,hash=f05fdd10...
info|2019-12-11 14:21:27.301258|[g:1][CONSENSUS][PBFT]checkTimeout Succ,view=29675,toView=29676,nodeIdx=2,changeCycle=0,myNode=72961a87...,timecost=0.522
info|2019-12-11 14:21:27.302709|[g:1][CONSENSUS][PBFT]checkAndChangeView: Reach consensus,org_view=29675,org_changeCycle=0,cur_changeCycle=0,to_view=29676
info|2019-12-11 14:21:28.304298|[g:1][CONSENSUS]addRawPrepare,height=6,reqIdx=1,hash=1a4e0865...
info|2019-12-11 14:21:28.304982|[g:1][CONSENSUS][PBFT]checkTimeout Succ,view=29676,toView=29677,nodeIdx=2,changeCycle=0,myNode=72961a87...,timecost=0.563
info|2019-12-11 14:21:28.306615|[g:1][CONSENSUS][PBFT]checkAndChangeView: Reach consensus,org_view=29676,org_changeCycle=0,cur_changeCycle=0,to_view=29677
info|2019-12-11 14:21:29.306577|[g:1][CONSENSUS][SEALER]++++++++++++++++ Generating seal on,blkNum=6,tx=0,nodeIdx=2,hash=d8030692...
info|2019-12-11 14:21:29.307160|[g:1][CONSENSUS][PBFT]checkTimeout Succ,view=29677,toView=29678,nodeIdx=2,changeCycle=0,myNode=72961a87...,timecost=0.289
info|2019-12-11 14:21:29.309312|[g:1][CONSENSUS][PBFT]checkAndChangeView: Reach consensus,org_view=29677,org_changeCycle=0,cur_changeCycle=0,to_view=29678
info|2019-12-11 14:21:30.031591|[P2P][Service] heartBeat,connected count=3
info|2019-12-11 14:21:30.310861|[g:1][CONSENSUS]addRawPrepare,height=6,reqIdx=3,hash=0f1dd7bd...
info|2019-12-11 14:21:30.312134|[g:1][CONSENSUS][PBFT]checkTimeout Succ,view=29678,toView=29679,nodeIdx=2,changeCycle=0,myNode=72961a87...,timecost=1.154
info|2019-12-11 14:21:30.313576|[g:1][CONSENSUS][PBFT]checkAndChangeView: Reach consensus,org_view=29678,org_changeCycle=0,cur_changeCycle=0,to_view=29679
info|2019-12-11 14:21:31.316037|[g:1][CONSENSUS]addRawPrepare,height=6,reqIdx=0,hash=d4a38951...
info|2019-12-11 14:21:31.316805|[g:1][CONSENSUS][PBFT]checkTimeout Succ,view=29679,toView=29680,nodeIdx=2,changeCycle=0,myNode=72961a87...,timecost=0.624
info|2019-12-11 14:21:31.318206|[g:1][CONSENSUS][PBFT]checkAndChangeView: Reach consensus,org_view=29679,org_changeCycle=0,cur_changeCycle=0,to_view=29680
info|2019-12-11 14:21:32.320430|[g:1][CONSENSUS]addRawPrepare,height=6,reqIdx=1,hash=e1598c1f...
info|2019-12-11 14:21:32.321101|[g:1][CONSENSUS][PBFT]checkTimeout Succ,view=29680,toView=29681,nodeIdx=2,changeCycle=0,myNode=72961a87...,timecost=0.503
info|2019-12-11 14:21:32.322704|[g:1][CONSENSUS][PBFT]checkAndChangeView: Reach consensus,org_view=29680,org_changeCycle=0,cur_changeCycle=0,to_view=29681
info|2019-12-11 14:21:33.322719|[g:1][CONSENSUS][SEALER]++++++++++++++++ Generating seal on,blkNum=6,tx=0,nodeIdx=2,hash=fff3f295...
info|2019-12-11 14:21:33.325936|[g:1][CONSENSUS][PBFT]checkTimeout Succ,view=29681,toView=29682,nodeIdx=2,changeCycle=0,myNode=72961a87...,timecost=0.496
info|2019-12-11 14:21:33.326734|[g:1][CONSENSUS][PBFT]checkAndChangeView: Reach consensus,org_view=29681,org_changeCycle=0,cur_changeCycle=0,to_view=29682
info|2019-12-11 14:21:34.328810|[g:1][CONSENSUS]addRawPrepare,height=6,reqIdx=3,hash=302ea782...
info|2019-12-11 14:21:34.329506|[g:1][CONSENSUS][PBFT]checkTimeout Succ,view=29682,toView=29683,nodeIdx=2,changeCycle=0,myNode=72961a87...,timecost=0.54
info|2019-12-11 14:21:34.331050|[g:1][CONSENSUS][PBFT]checkAndChangeView: Reach consensus,org_view=29682,org_changeCycle=0,cur_changeCycle=0,to_view=29683
info|2019-12-11 14:21:35.332934|[g:1][CONSENSUS]addRawPrepare,height=6,reqIdx=0,hash=c11ea158...
info|2019-12-11 14:21:35.333656|[g:1][CONSENSUS][PBFT]checkTimeout Succ,view=29683,toView=29684,nodeIdx=2,changeCycle=0,myNode=72961a87...,timecost=0.565
info|2019-12-11 14:21:35.335317|[g:1][CONSENSUS][PBFT]checkAndChangeView: Reach consensus,org_view=29683,org_changeCycle=0,cur_changeCycle=0,to_view=29684
info|2019-12-11 14:21:36.336714|[g:1][CONSENSUS]addRawPrepare,height=6,reqIdx=1,hash=2ee1c9f8...
info|2019-12-11 14:21:36.337322|[g:1][CONSENSUS][PBFT]checkTimeout Succ,view=29684,toView=29685,nodeIdx=2,changeCycle=0,myNode=72961a87...,timecost=0.474
info|2019-12-11 14:21:36.339213|[g:1][CONSENSUS][PBFT]checkAndChangeView: Reach consensus,org_view=29684,org_changeCycle=0,cur_changeCycle=0,to_view=29685
info|2019-12-11 14:21:37.339597|[g:1][CONSENSUS][SEALER]++++++++++++++++ Generating seal on,blkNum=6,tx=0,nodeIdx=2,hash=903597dc...
info|2019-12-11 14:21:37.340547|[g:1][CONSENSUS][PBFT]checkTimeout Succ,view=29685,toView=29686,nodeIdx=2,changeCycle=0,myNode=72961a87...,timecost=0.474
info|2019-12-11 14:21:37.342953|[g:1][CONSENSUS][PBFT]checkAndChangeView: Reach consensus,org_view=29685,org_changeCycle=0,cur_changeCycle=0,to_view=29686
info|2019-12-11 14:21:38.345787|[g:1][CONSENSUS]addRawPrepare,height=6,reqIdx=3,hash=bd8df5d0...
info|2019-12-11 14:21:38.346466|[g:1][CONSENSUS][PBFT]checkTimeout Succ,view=29686,toView=29687,nodeIdx=2,changeCycle=0,myNode=72961a87...,timecost=0.521
info|2019-12-11 14:21:38.348208|[g:1][CONSENSUS][PBFT]checkAndChangeView: Reach consensus,org_view=29686,org_changeCycle=0,cur_changeCycle=0,to_view=29687
info|2019-12-11 14:21:39.349622|[g:1][CONSENSUS]addRawPrepare,height=6,reqIdx=0,hash=1d92945e...
info|2019-12-11 14:21:39.350275|[g:1][CONSENSUS][PBFT]checkTimeout Succ,view=29687,toView=29688,nodeIdx=2,changeCycle=0,myNode=72961a87...,timecost=0.516
info|2019-12-11 14:21:39.351802|[g:1][CONSENSUS][PBFT]checkAndChangeView: Reach consensus,org_view=29687,org_changeCycle=0,cur_changeCycle=0,to_view=29688
info|2019-12-11 14:21:40.038550|[P2P][Service] heartBeat,connected count=3
info|2019-12-11 14:21:40.353809|[g:1][CONSENSUS]addRawPrepare,height=6,reqIdx=1,hash=0135d3d3...
info|2019-12-11 14:21:40.354435|[g:1][CONSENSUS][PBFT]checkTimeout Succ,view=29688,toView=29689,nodeIdx=2,changeCycle=0,myNode=72961a87...,timecost=0.484
info|2019-12-11 14:21:40.356267|[g:1][CONSENSUS][PBFT]checkAndChangeView: Reach consensus,org_view=29688,org_changeCycle=0,cur_changeCycle=0,to_view=29689
info|2019-12-11 14:21:41.356386|[g:1][CONSENSUS][SEALER]++++++++++++++++ Generating seal on,blkNum=6,tx=0,nodeIdx=2,hash=821259e1...
info|2019-12-11 14:21:41.357340|[g:1][CONSENSUS][PBFT]checkTimeout Succ,view=29689,toView=29690,nodeIdx=2,changeCycle=0,myNode=72961a87...,timecost=0.471
info|2019-12-11 14:21:41.359690|[g:1][CONSENSUS][PBFT]checkAndChangeView: Reach consensus,org_view=29689,org_changeCycle=0,cur_changeCycle=0,to_view=29690
info|2019-12-11 14:21:42.362413|[g:1][CONSENSUS]addRawPrepare,height=6,reqIdx=3,hash=4b78e7cd...
info|2019-12-11 14:21:42.363026|[g:1][CONSENSUS][PBFT]checkTimeout Succ,view=29690,toView=29691,nodeIdx=2,changeCycle=0,myNode=72961a87...,timecost=0.473
info|2019-12-11 14:21:42.364571|[g:1][CONSENSUS][PBFT]checkAndChangeView: Reach consensus,org_view=29690,org_changeCycle=0,cur_changeCycle=0,to_view=29691
info|2019-12-11 14:21:43.366099|[g:1][CONSENSUS]addRawPrepare,height=6,reqIdx=0,hash=a1029dcf...
info|2019-12-11 14:21:43.366713|[g:1][CONSENSUS][PBFT]checkTimeout Succ,view=29691,toView=29692,nodeIdx=2,changeCycle=0,myNode=72961a87...,timecost=0.493
info|2019-12-11 14:21:43.368384|[g:1][CONSENSUS][PBFT]checkAndChangeView: Reach consensus,org_view=29691,org_changeCycle=0,cur_changeCycle=0,to_view=29692
info|2019-12-11 14:21:44.370430|[g:1][CONSENSUS]addRawPrepare,height=6,reqIdx=1,hash=b611abe4...
info|2019-12-11 14:21:44.371064|[g:1][CONSENSUS][PBFT]checkTimeout Succ,view=29692,toView=29693,nodeIdx=2,changeCycle=0,myNode=72961a87...,timecost=0.454
info|2019-12-11 14:21:44.372432|[g:1][CONSENSUS][PBFT]checkAndChangeView: Reach consensus,org_view=29692,org_changeCycle=0,cur_changeCycle=0,to_view=29693
info|2019-12-11 14:21:45.373567|[g:1][CONSENSUS][SEALER]++++++++++++++++ Generating seal on,blkNum=6,tx=0,nodeIdx=2,hash=f7d89d2c...
info|2019-12-11 14:21:45.377244|[g:1][CONSENSUS][PBFT]checkTimeout Succ,view=29693,toView=29694,nodeIdx=2,changeCycle=0,myNode=72961a87...,timecost=0.612
info|2019-12-11 14:21:45.377967|[g:1][CONSENSUS][PBFT]checkAndChangeView: Reach consensus,org_view=29693,org_changeCycle=0,cur_changeCycle=0,to_view=29694
