warning|2019-12-13 08:02:02.002399|[g:1][CONSENSUS][PBFT]ViewChangeWarning: not caused by omit empty block ,v=359,toV=360,curNum=68,hash=685b9589...,nodeIdx=2,myNode=72961a87...
info|2019-12-13 08:02:02.002560|[g:1][CONSENSUS][PBFT]checkTimeout Succ,view=359,toView=360,nodeIdx=2,changeCycle=1,myNode=72961a87...,timecost=0.578
info|2019-12-13 08:02:02.006761|[P2P][Service] heartBeat,connected count=3
info|2019-12-13 08:02:02.011079|[g:1][CONSENSUS][PBFT]checkAndChangeView: Reach consensus,org_view=359,org_changeCycle=1,cur_changeCycle=1,to_view=360
info|2019-12-13 08:02:03.009345|[g:1][CONSENSUS]addRawPrepare,height=69,reqIdx=0,hash=11d3e16d...
info|2019-12-13 08:02:03.009808|[g:1][CONSENSUS][PBFT]checkTimeout Succ,view=360,toView=361,nodeIdx=2,changeCycle=0,myNode=72961a87...,timecost=0.337
info|2019-12-13 08:02:03.011106|[g:1][CONSENSUS][PBFT]checkAndChangeView: Reach consensus,org_view=360,org_changeCycle=0,cur_changeCycle=0,to_view=361
info|2019-12-13 08:02:04.012599|[g:1][CONSENSUS]addRawPrepare,height=69,reqIdx=1,hash=1ef9d9e1...
info|2019-12-13 08:02:04.013324|[g:1][CONSENSUS][PBFT]checkTimeout Succ,view=361,toView=362,nodeIdx=2,changeCycle=0,myNode=72961a87...,timecost=0.563
info|2019-12-13 08:02:04.015054|[g:1][CONSENSUS][PBFT]checkAndChangeView: Reach consensus,org_view=361,org_changeCycle=0,cur_changeCycle=0,to_view=362
info|2019-12-13 08:02:05.016293|[g:1][CONSENSUS][SEALER]++++++++++++++++ Generating seal on,blkNum=69,tx=0,nodeIdx=2,hash=ace755a3...
info|2019-12-13 08:02:05.018092|[g:1][CONSENSUS][PBFT]checkTimeout Succ,view=362,toView=363,nodeIdx=2,changeCycle=0,myNode=72961a87...,timecost=0.464
info|2019-12-13 08:02:05.019333|[g:1][CONSENSUS][PBFT]checkAndChangeView: Reach consensus,org_view=362,org_changeCycle=0,cur_changeCycle=0,to_view=363
info|2019-12-13 08:02:06.019290|[g:1][CONSENSUS]addRawPrepare,height=69,reqIdx=3,hash=50b74e14...
info|2019-12-13 08:02:06.020142|[g:1][CONSENSUS][PBFT]checkTimeout Succ,view=363,toView=364,nodeIdx=2,changeCycle=0,myNode=72961a87...,timecost=0.733
info|2019-12-13 08:02:06.021567|[g:1][CONSENSUS][PBFT]checkAndChangeView: Reach consensus,org_view=363,org_changeCycle=0,cur_changeCycle=0,to_view=364
info|2019-12-13 08:02:07.023128|[g:1][CONSENSUS]addRawPrepare,height=69,reqIdx=0,hash=db652e48...
info|2019-12-13 08:02:07.023895|[g:1][CONSENSUS][PBFT]checkTimeout Succ,view=364,toView=365,nodeIdx=2,changeCycle=0,myNode=72961a87...,timecost=0.648
info|2019-12-13 08:02:07.025651|[g:1][CONSENSUS][PBFT]checkAndChangeView: Reach consensus,org_view=364,org_changeCycle=0,cur_changeCycle=0,to_view=365
info|2019-12-13 08:02:08.026499|[g:1][CONSENSUS]addRawPrepare,height=69,reqIdx=1,hash=7f1a949d...
info|2019-12-13 08:02:08.027007|[g:1][CONSENSUS][PBFT]checkTimeout Succ,view=365,toView=366,nodeIdx=2,changeCycle=0,myNode=72961a87...,timecost=0.385
info|2019-12-13 08:02:08.028382|[g:1][CONSENSUS][PBFT]checkAndChangeView: Reach consensus,org_view=365,org_changeCycle=0,cur_changeCycle=0,to_view=366
info|2019-12-13 08:02:09.028527|[g:1][CONSENSUS][SEALER]++++++++++++++++ Generating seal on,blkNum=69,tx=0,nodeIdx=2,hash=0be5a633...
info|2019-12-13 08:02:09.029311|[g:1][CONSENSUS][PBFT]checkTimeout Succ,view=366,toView=367,nodeIdx=2,changeCycle=0,myNode=72961a87...,timecost=0.413
info|2019-12-13 08:02:09.031972|[g:1][CONSENSUS][PBFT]checkAndChangeView: Reach consensus,org_view=366,org_changeCycle=0,cur_changeCycle=0,to_view=367
info|2019-12-13 08:02:10.033533|[g:1][CONSENSUS]addRawPrepare,height=69,reqIdx=3,hash=fbc8e0f4...
info|2019-12-13 08:02:10.034127|[g:1][CONSENSUS][PBFT]checkTimeout Succ,view=367,toView=368,nodeIdx=2,changeCycle=0,myNode=72961a87...,timecost=0.436
info|2019-12-13 08:02:10.035630|[g:1][CONSENSUS][PBFT]checkAndChangeView: Reach consensus,org_view=367,org_changeCycle=0,cur_changeCycle=0,to_view=368
info|2019-12-13 08:02:11.037496|[g:1][CONSENSUS]addRawPrepare,height=69,reqIdx=0,hash=8996e58b...
info|2019-12-13 08:02:11.038294|[g:1][CONSENSUS][PBFT]checkTimeout Succ,view=368,toView=369,nodeIdx=2,changeCycle=0,myNode=72961a87...,timecost=0.506
info|2019-12-13 08:02:11.040175|[g:1][CONSENSUS][PBFT]checkAndChangeView: Reach consensus,org_view=368,org_changeCycle=0,cur_changeCycle=0,to_view=369
info|2019-12-13 08:02:12.014221|[P2P][Service] heartBeat,connected count=3
info|2019-12-13 08:02:12.040659|[g:1][CONSENSUS]addRawPrepare,height=69,reqIdx=1,hash=69b75fd3...
info|2019-12-13 08:02:12.041405|[g:1][CONSENSUS][PBFT]checkTimeout Succ,view=369,toView=370,nodeIdx=2,changeCycle=0,myNode=72961a87...,timecost=0.65
info|2019-12-13 08:02:12.042795|[g:1][CONSENSUS][PBFT]checkAndChangeView: Reach consensus,org_view=369,org_changeCycle=0,cur_changeCycle=0,to_view=370
info|2019-12-13 08:02:13.042728|[g:1][CONSENSUS][SEALER]++++++++++++++++ Generating seal on,blkNum=69,tx=0,nodeIdx=2,hash=7df3f10d...
info|2019-12-13 08:02:13.045356|[g:1][CONSENSUS][PBFT]checkTimeout Succ,view=370,toView=371,nodeIdx=2,changeCycle=0,myNode=72961a87...,timecost=0.415
info|2019-12-13 08:02:13.045937|[g:1][CONSENSUS][PBFT]checkAndChangeView: Reach consensus,org_view=370,org_changeCycle=0,cur_changeCycle=0,to_view=371
info|2019-12-13 08:02:14.046142|[g:1][CONSENSUS]addRawPrepare,height=69,reqIdx=3,hash=25eddb43...
info|2019-12-13 08:02:14.046730|[g:1][CONSENSUS][PBFT]checkTimeout Succ,view=371,toView=372,nodeIdx=2,changeCycle=0,myNode=72961a87...,timecost=0.449
info|2019-12-13 08:02:14.047997|[g:1][CONSENSUS][PBFT]checkAndChangeView: Reach consensus,org_view=371,org_changeCycle=0,cur_changeCycle=0,to_view=372
info|2019-12-13 08:02:15.048863|[g:1][CONSENSUS]addRawPrepare,height=69,reqIdx=0,hash=0713e39e...
info|2019-12-13 08:02:15.049502|[g:1][CONSENSUS][PBFT]checkTimeout Succ,view=372,toView=373,nodeIdx=2,changeCycle=0,myNode=72961a87...,timecost=0.501
info|2019-12-13 08:02:15.050972|[g:1][CONSENSUS][PBFT]checkAndChangeView: Reach consensus,org_view=372,org_changeCycle=0,cur_changeCycle=0,to_view=373
info|2019-12-13 08:02:16.051414|[g:1][CONSENSUS]addRawPrepare,height=69,reqIdx=1,hash=673ea6b2...
info|2019-12-13 08:02:16.052017|[g:1][CONSENSUS][PBFT]checkTimeout Succ,view=373,toView=374,nodeIdx=2,changeCycle=0,myNode=72961a87...,timecost=0.431
info|2019-12-13 08:02:16.053155|[g:1][CONSENSUS][PBFT]checkAndChangeView: Reach consensus,org_view=373,org_changeCycle=0,cur_changeCycle=0,to_view=374
info|2019-12-13 08:02:17.053589|[g:1][CONSENSUS][SEALER]++++++++++++++++ Generating seal on,blkNum=69,tx=0,nodeIdx=2,hash=f627f16a...
info|2019-12-13 08:02:17.057136|[g:1][CONSENSUS][PBFT]checkTimeout Succ,view=374,toView=375,nodeIdx=2,changeCycle=0,myNode=72961a87...,timecost=0.583
info|2019-12-13 08:02:17.057811|[g:1][CONSENSUS][PBFT]checkAndChangeView: Reach consensus,org_view=374,org_changeCycle=0,cur_changeCycle=0,to_view=375
info|2019-12-13 08:02:18.059185|[g:1][CONSENSUS]addRawPrepare,height=69,reqIdx=3,hash=2bacc09b...
info|2019-12-13 08:02:18.059897|[g:1][CONSENSUS][PBFT]checkTimeout Succ,view=375,toView=376,nodeIdx=2,changeCycle=0,myNode=72961a87...,timecost=0.577
info|2019-12-13 08:02:18.061480|[g:1][CONSENSUS][PBFT]checkAndChangeView: Reach consensus,org_view=375,org_changeCycle=0,cur_changeCycle=0,to_view=376
info|2019-12-13 08:02:19.064007|[g:1][CONSENSUS]addRawPrepare,height=69,reqIdx=0,hash=4891436d...
info|2019-12-13 08:02:19.064643|[g:1][CONSENSUS][PBFT]checkTimeout Succ,view=376,toView=377,nodeIdx=2,changeCycle=0,myNode=72961a87...,timecost=0.467
info|2019-12-13 08:02:19.066145|[g:1][CONSENSUS][PBFT]checkAndChangeView: Reach consensus,org_view=376,org_changeCycle=0,cur_changeCycle=0,to_view=377
info|2019-12-13 08:02:20.067963|[g:1][CONSENSUS]addRawPrepare,height=69,reqIdx=1,hash=f696f815...
info|2019-12-13 08:02:20.068595|[g:1][CONSENSUS][PBFT]checkTimeout Succ,view=377,toView=378,nodeIdx=2,changeCycle=0,myNode=72961a87...,timecost=0.499
info|2019-12-13 08:02:20.070101|[g:1][CONSENSUS][PBFT]checkAndChangeView: Reach consensus,org_view=377,org_changeCycle=0,cur_changeCycle=0,to_view=378
info|2019-12-13 08:02:21.071292|[g:1][CONSENSUS][SEALER]++++++++++++++++ Generating seal on,blkNum=69,tx=0,nodeIdx=2,hash=d68a254b...
info|2019-12-13 08:02:21.073662|[g:1][CONSENSUS][PBFT]checkTimeout Succ,view=378,toView=379,nodeIdx=2,changeCycle=0,myNode=72961a87...,timecost=0.432
info|2019-12-13 08:02:21.074266|[g:1][CONSENSUS][PBFT]checkAndChangeView: Reach consensus,org_view=378,org_changeCycle=0,cur_changeCycle=0,to_view=379
info|2019-12-13 08:02:22.017416|[P2P][Service] heartBeat,connected count=3
info|2019-12-13 08:02:22.075430|[g:1][CONSENSUS]addRawPrepare,height=69,reqIdx=3,hash=ae574c5d...
info|2019-12-13 08:02:22.076275|[g:1][CONSENSUS][PBFT]checkTimeout Succ,view=379,toView=380,nodeIdx=2,changeCycle=0,myNode=72961a87...,timecost=0.722
info|2019-12-13 08:02:22.077765|[g:1][CONSENSUS][PBFT]checkAndChangeView: Reach consensus,org_view=379,org_changeCycle=0,cur_changeCycle=0,to_view=380
info|2019-12-13 08:02:23.079389|[g:1][CONSENSUS]addRawPrepare,height=69,reqIdx=0,hash=c6750af0...
info|2019-12-13 08:02:23.079848|[g:1][CONSENSUS][PBFT]checkTimeout Succ,view=380,toView=381,nodeIdx=2,changeCycle=0,myNode=72961a87...,timecost=0.365
info|2019-12-13 08:02:23.080887|[g:1][CONSENSUS][PBFT]checkAndChangeView: Reach consensus,org_view=380,org_changeCycle=0,cur_changeCycle=0,to_view=381
info|2019-12-13 08:02:24.082504|[g:1][CONSENSUS]addRawPrepare,height=69,reqIdx=1,hash=a5973b1c...
info|2019-12-13 08:02:24.083106|[g:1][CONSENSUS][PBFT]checkTimeout Succ,view=381,toView=382,nodeIdx=2,changeCycle=0,myNode=72961a87...,timecost=0.482
info|2019-12-13 08:02:24.084549|[g:1][CONSENSUS][PBFT]checkAndChangeView: Reach consensus,org_view=381,org_changeCycle=0,cur_changeCycle=0,to_view=382
info|2019-12-13 08:02:25.084833|[g:1][CONSENSUS][SEALER]++++++++++++++++ Generating seal on,blkNum=69,tx=0,nodeIdx=2,hash=c71f512b...
info|2019-12-13 08:02:25.085807|[g:1][CONSENSUS][PBFT]checkTimeout Succ,view=382,toView=383,nodeIdx=2,changeCycle=0,myNode=72961a87...,timecost=0.447
info|2019-12-13 08:02:25.088269|[g:1][CONSENSUS][PBFT]checkAndChangeView: Reach consensus,org_view=382,org_changeCycle=0,cur_changeCycle=0,to_view=383
info|2019-12-13 08:02:26.090187|[g:1][CONSENSUS]addRawPrepare,height=69,reqIdx=3,hash=7dcd35a8...
info|2019-12-13 08:02:26.091145|[g:1][CONSENSUS][PBFT]checkTimeout Succ,view=383,toView=384,nodeIdx=2,changeCycle=0,myNode=72961a87...,timecost=0.786
info|2019-12-13 08:02:26.092733|[g:1][CONSENSUS][PBFT]checkAndChangeView: Reach consensus,org_view=383,org_changeCycle=0,cur_changeCycle=0,to_view=384
info|2019-12-13 08:02:27.093866|[g:1][CONSENSUS]addRawPrepare,height=69,reqIdx=0,hash=b17eb825...
info|2019-12-13 08:02:27.094498|[g:1][CONSENSUS][PBFT]checkTimeout Succ,view=384,toView=385,nodeIdx=2,changeCycle=0,myNode=72961a87...,timecost=0.525
info|2019-12-13 08:02:27.096293|[g:1][CONSENSUS][PBFT]checkAndChangeView: Reach consensus,org_view=384,org_changeCycle=0,cur_changeCycle=0,to_view=385
info|2019-12-13 08:02:28.097726|[g:1][CONSENSUS]addRawPrepare,height=69,reqIdx=1,hash=8bbd2568...
info|2019-12-13 08:02:28.098381|[g:1][CONSENSUS][PBFT]checkTimeout Succ,view=385,toView=386,nodeIdx=2,changeCycle=0,myNode=72961a87...,timecost=0.516
info|2019-12-13 08:02:28.100185|[g:1][CONSENSUS][PBFT]checkAndChangeView: Reach consensus,org_view=385,org_changeCycle=0,cur_changeCycle=0,to_view=386
info|2019-12-13 08:02:29.101120|[g:1][CONSENSUS][SEALER]++++++++++++++++ Generating seal on,blkNum=69,tx=0,nodeIdx=2,hash=ca52c9aa...
info|2019-12-13 08:02:29.102045|[g:1][CONSENSUS][PBFT]checkTimeout Succ,view=386,toView=387,nodeIdx=2,changeCycle=0,myNode=72961a87...,timecost=0.467
info|2019-12-13 08:02:29.104543|[g:1][CONSENSUS][PBFT]checkAndChangeView: Reach consensus,org_view=386,org_changeCycle=0,cur_changeCycle=0,to_view=387
info|2019-12-13 08:02:30.106304|[g:1][CONSENSUS]addRawPrepare,height=69,reqIdx=3,hash=3e7efba0...
info|2019-12-13 08:02:30.106990|[g:1][CONSENSUS][PBFT]checkTimeout Succ,view=387,toView=388,nodeIdx=2,changeCycle=0,myNode=72961a87...,timecost=0.556
info|2019-12-13 08:02:30.108519|[g:1][CONSENSUS][PBFT]checkAndChangeView: Reach consensus,org_view=387,org_changeCycle=0,cur_changeCycle=0,to_view=388
info|2019-12-13 08:02:31.108936|[g:1][CONSENSUS]addRawPrepare,height=69,reqIdx=0,hash=c7bf980c...
info|2019-12-13 08:02:31.109394|[g:1][CONSENSUS][PBFT]checkTimeout Succ,view=388,toView=389,nodeIdx=2,changeCycle=0,myNode=72961a87...,timecost=0.337
info|2019-12-13 08:02:31.110514|[g:1][CONSENSUS][PBFT]checkAndChangeView: Reach consensus,org_view=388,org_changeCycle=0,cur_changeCycle=0,to_view=389
info|2019-12-13 08:02:32.024606|[P2P][Service] heartBeat,connected count=3
info|2019-12-13 08:02:32.111649|[g:1][CONSENSUS]addRawPrepare,height=69,reqIdx=1,hash=d85846d1...
info|2019-12-13 08:02:32.112483|[g:1][CONSENSUS][PBFT]checkTimeout Succ,view=389,toView=390,nodeIdx=2,changeCycle=0,myNode=72961a87...,timecost=0.693
info|2019-12-13 08:02:32.114032|[g:1][CONSENSUS][PBFT]checkAndChangeView: Reach consensus,org_view=389,org_changeCycle=0,cur_changeCycle=0,to_view=390
info|2019-12-13 08:02:33.115765|[g:1][CONSENSUS][SEALER]++++++++++++++++ Generating seal on,blkNum=69,tx=0,nodeIdx=2,hash=0d39966f...
info|2019-12-13 08:02:33.118581|[g:1][CONSENSUS][PBFT]checkTimeout Succ,view=390,toView=391,nodeIdx=2,changeCycle=0,myNode=72961a87...,timecost=0.57
info|2019-12-13 08:02:33.120040|[g:1][CONSENSUS][PBFT]checkAndChangeView: Reach consensus,org_view=390,org_changeCycle=0,cur_changeCycle=0,to_view=391
info|2019-12-13 08:02:34.120473|[g:1][CONSENSUS]addRawPrepare,height=69,reqIdx=3,hash=72e80132...
info|2019-12-13 08:02:34.121266|[g:1][CONSENSUS][PBFT]checkTimeout Succ,view=391,toView=392,nodeIdx=2,changeCycle=0,myNode=72961a87...,timecost=0.628
info|2019-12-13 08:02:34.122475|[g:1][CONSENSUS][PBFT]checkAndChangeView: Reach consensus,org_view=391,org_changeCycle=0,cur_changeCycle=0,to_view=392
info|2019-12-13 08:02:35.123746|[g:1][CONSENSUS]addRawPrepare,height=69,reqIdx=0,hash=958a2b60...
info|2019-12-13 08:02:35.124397|[g:1][CONSENSUS][PBFT]checkTimeout Succ,view=392,toView=393,nodeIdx=2,changeCycle=0,myNode=72961a87...,timecost=0.479
info|2019-12-13 08:02:35.125887|[g:1][CONSENSUS][PBFT]checkAndChangeView: Reach consensus,org_view=392,org_changeCycle=0,cur_changeCycle=0,to_view=393
info|2019-12-13 08:02:36.126456|[g:1][CONSENSUS]addRawPrepare,height=69,reqIdx=1,hash=35f90d69...
info|2019-12-13 08:02:36.127197|[g:1][CONSENSUS][PBFT]checkTimeout Succ,view=393,toView=394,nodeIdx=2,changeCycle=0,myNode=72961a87...,timecost=0.61
info|2019-12-13 08:02:36.128750|[g:1][CONSENSUS][PBFT]checkAndChangeView: Reach consensus,org_view=393,org_changeCycle=0,cur_changeCycle=0,to_view=394
info|2019-12-13 08:02:37.128399|[g:1][CONSENSUS][SEALER]++++++++++++++++ Generating seal on,blkNum=69,tx=0,nodeIdx=2,hash=4ed5ce94...
info|2019-12-13 08:02:37.131176|[g:1][CONSENSUS][PBFT]checkTimeout Succ,view=394,toView=395,nodeIdx=2,changeCycle=0,myNode=72961a87...,timecost=0.529
info|2019-12-13 08:02:37.132726|[g:1][CONSENSUS][PBFT]checkAndChangeView: Reach consensus,org_view=394,org_changeCycle=0,cur_changeCycle=0,to_view=395
info|2019-12-13 08:02:38.134100|[g:1][CONSENSUS]addRawPrepare,height=69,reqIdx=3,hash=7ca3a492...
info|2019-12-13 08:02:38.134667|[g:1][CONSENSUS][PBFT]checkTimeout Succ,view=395,toView=396,nodeIdx=2,changeCycle=0,myNode=72961a87...,timecost=0.43
info|2019-12-13 08:02:38.135933|[g:1][CONSENSUS][PBFT]checkAndChangeView: Reach consensus,org_view=395,org_changeCycle=0,cur_changeCycle=0,to_view=396
info|2019-12-13 08:02:39.137427|[g:1][CONSENSUS]addRawPrepare,height=69,reqIdx=0,hash=1b30c32c...
info|2019-12-13 08:02:39.137909|[g:1][CONSENSUS][PBFT]checkTimeout Succ,view=396,toView=397,nodeIdx=2,changeCycle=0,myNode=72961a87...,timecost=0.366
info|2019-12-13 08:02:39.138951|[g:1][CONSENSUS][PBFT]checkAndChangeView: Reach consensus,org_view=396,org_changeCycle=0,cur_changeCycle=0,to_view=397
info|2019-12-13 08:02:40.140537|[g:1][CONSENSUS]addRawPrepare,height=69,reqIdx=1,hash=b57b6b70...
info|2019-12-13 08:02:40.141028|[g:1][CONSENSUS][PBFT]checkTimeout Succ,view=397,toView=398,nodeIdx=2,changeCycle=0,myNode=72961a87...,timecost=0.375
info|2019-12-13 08:02:40.142230|[g:1][CONSENSUS][PBFT]checkAndChangeView: Reach consensus,org_view=397,org_changeCycle=0,cur_changeCycle=0,to_view=398
info|2019-12-13 08:02:41.143532|[g:1][CONSENSUS][SEALER]++++++++++++++++ Generating seal on,blkNum=69,tx=0,nodeIdx=2,hash=b7b969bd...
info|2019-12-13 08:02:41.146335|[g:1][CONSENSUS][PBFT]checkTimeout Succ,view=398,toView=399,nodeIdx=2,changeCycle=0,myNode=72961a87...,timecost=0.446
info|2019-12-13 08:02:41.146897|[g:1][CONSENSUS][PBFT]checkAndChangeView: Reach consensus,org_view=398,org_changeCycle=0,cur_changeCycle=0,to_view=399
info|2019-12-13 08:02:42.031790|[P2P][Service] heartBeat,connected count=3
info|2019-12-13 08:02:42.147714|[g:1][CONSENSUS]addRawPrepare,height=69,reqIdx=3,hash=db47fadc...
info|2019-12-13 08:02:42.148193|[g:1][CONSENSUS][PBFT]checkTimeout Succ,view=399,toView=400,nodeIdx=2,changeCycle=0,myNode=72961a87...,timecost=0.393
info|2019-12-13 08:02:42.149598|[g:1][CONSENSUS][PBFT]checkAndChangeView: Reach consensus,org_view=399,org_changeCycle=0,cur_changeCycle=0,to_view=400
warning|2019-12-13 08:02:42.085550|[g:1][CONSENSUS][PBFT]ViewChangeWarning: not caused by omit empty block ,v=400,toV=401,curNum=68,hash=685b9589...,nodeIdx=2,myNode=72961a87...
info|2019-12-13 08:02:42.085697|[g:1][CONSENSUS][PBFT]checkTimeout Succ,view=400,toView=401,nodeIdx=2,changeCycle=1,myNode=72961a87...,timecost=0.426
info|2019-12-13 08:02:42.093620|[g:1][CONSENSUS][PBFT]checkAndChangeView: Reach consensus,org_view=400,org_changeCycle=1,cur_changeCycle=1,to_view=401
info|2019-12-13 08:02:43.092651|[g:1][CONSENSUS]addRawPrepare,height=69,reqIdx=1,hash=2fd7e65c...
info|2019-12-13 08:02:43.093102|[g:1][CONSENSUS][PBFT]checkTimeout Succ,view=401,toView=402,nodeIdx=2,changeCycle=0,myNode=72961a87...,timecost=0.354
info|2019-12-13 08:02:43.094420|[g:1][CONSENSUS][PBFT]checkAndChangeView: Reach consensus,org_view=401,org_changeCycle=0,cur_changeCycle=0,to_view=402
info|2019-12-13 08:02:44.095132|[g:1][CONSENSUS][SEALER]++++++++++++++++ Generating seal on,blkNum=69,tx=0,nodeIdx=2,hash=a0da6ca1...
info|2019-12-13 08:02:44.096918|[g:1][CONSENSUS][PBFT]checkTimeout Succ,view=402,toView=403,nodeIdx=2,changeCycle=0,myNode=72961a87...,timecost=0.371
info|2019-12-13 08:02:44.098020|[g:1][CONSENSUS][PBFT]checkAndChangeView: Reach consensus,org_view=402,org_changeCycle=0,cur_changeCycle=0,to_view=403
info|2019-12-13 08:02:45.099314|[g:1][CONSENSUS]addRawPrepare,height=69,reqIdx=3,hash=5e654cc0...
info|2019-12-13 08:02:45.099693|[g:1][CONSENSUS][PBFT]checkTimeout Succ,view=403,toView=404,nodeIdx=2,changeCycle=0,myNode=72961a87...,timecost=0.284
info|2019-12-13 08:02:45.100559|[g:1][CONSENSUS][PBFT]checkAndChangeView: Reach consensus,org_view=403,org_changeCycle=0,cur_changeCycle=0,to_view=404
info|2019-12-13 08:02:46.103176|[g:1][CONSENSUS]addRawPrepare,height=69,reqIdx=0,hash=cc1a47ad...
info|2019-12-13 08:02:46.103656|[g:1][CONSENSUS][PBFT]checkTimeout Succ,view=404,toView=405,nodeIdx=2,changeCycle=0,myNode=72961a87...,timecost=0.381
info|2019-12-13 08:02:46.104717|[g:1][CONSENSUS][PBFT]checkAndChangeView: Reach consensus,org_view=404,org_changeCycle=0,cur_changeCycle=0,to_view=405
info|2019-12-13 08:02:47.106916|[g:1][CONSENSUS]addRawPrepare,height=69,reqIdx=1,hash=222d5318...
info|2019-12-13 08:02:47.107488|[g:1][CONSENSUS][PBFT]checkTimeout Succ,view=405,toView=406,nodeIdx=2,changeCycle=0,myNode=72961a87...,timecost=0.404
info|2019-12-13 08:02:47.108695|[g:1][CONSENSUS][PBFT]checkAndChangeView: Reach consensus,org_view=405,org_changeCycle=0,cur_changeCycle=0,to_view=406
info|2019-12-13 08:02:48.109370|[g:1][CONSENSUS][SEALER]++++++++++++++++ Generating seal on,blkNum=69,tx=0,nodeIdx=2,hash=3c63a3c6...
info|2019-12-13 08:02:48.110162|[g:1][CONSENSUS][PBFT]checkTimeout Succ,view=406,toView=407,nodeIdx=2,changeCycle=0,myNode=72961a87...,timecost=0.414
info|2019-12-13 08:02:48.112551|[g:1][CONSENSUS][PBFT]checkAndChangeView: Reach consensus,org_view=406,org_changeCycle=0,cur_changeCycle=0,to_view=407
info|2019-12-13 08:02:49.116065|[g:1][CONSENSUS]addRawPrepare,height=69,reqIdx=3,hash=8d1f1e9a...
info|2019-12-13 08:02:49.116522|[g:1][CONSENSUS][PBFT]checkTimeout Succ,view=407,toView=408,nodeIdx=2,changeCycle=0,myNode=72961a87...,timecost=0.358
info|2019-12-13 08:02:49.117887|[g:1][CONSENSUS][PBFT]checkAndChangeView: Reach consensus,org_view=407,org_changeCycle=0,cur_changeCycle=0,to_view=408
info|2019-12-13 08:02:50.118466|[g:1][CONSENSUS]addRawPrepare,height=69,reqIdx=0,hash=bab1781c...
info|2019-12-13 08:02:50.118881|[g:1][CONSENSUS][PBFT]checkTimeout Succ,view=408,toView=409,nodeIdx=2,changeCycle=0,myNode=72961a87...,timecost=0.315
info|2019-12-13 08:02:50.119872|[g:1][CONSENSUS][PBFT]checkAndChangeView: Reach consensus,org_view=408,org_changeCycle=0,cur_changeCycle=0,to_view=409
info|2019-12-13 08:02:51.122285|[g:1][CONSENSUS]addRawPrepare,height=69,reqIdx=1,hash=5ea6fd77...
info|2019-12-13 08:02:51.122749|[g:1][CONSENSUS][PBFT]checkTimeout Succ,view=409,toView=410,nodeIdx=2,changeCycle=0,myNode=72961a87...,timecost=0.364
info|2019-12-13 08:02:51.123785|[g:1][CONSENSUS][PBFT]checkAndChangeView: Reach consensus,org_view=409,org_changeCycle=0,cur_changeCycle=0,to_view=410
info|2019-12-13 08:02:52.037469|[P2P][Service] heartBeat,connected count=3
info|2019-12-13 08:02:52.124090|[g:1][CONSENSUS][SEALER]++++++++++++++++ Generating seal on,blkNum=69,tx=0,nodeIdx=2,hash=eab88190...
info|2019-12-13 08:02:52.124747|[g:1][CONSENSUS][PBFT]checkTimeout Succ,view=410,toView=411,nodeIdx=2,changeCycle=0,myNode=72961a87...,timecost=0.277
info|2019-12-13 08:02:52.126696|[g:1][CONSENSUS][PBFT]checkAndChangeView: Reach consensus,org_view=410,org_changeCycle=0,cur_changeCycle=0,to_view=411
info|2019-12-13 08:02:53.129489|[g:1][CONSENSUS]addRawPrepare,height=69,reqIdx=3,hash=2bb59b97...
info|2019-12-13 08:02:53.130205|[g:1][CONSENSUS][PBFT]checkTimeout Succ,view=411,toView=412,nodeIdx=2,changeCycle=0,myNode=72961a87...,timecost=0.498
info|2019-12-13 08:02:53.132098|[g:1][CONSENSUS][PBFT]checkAndChangeView: Reach consensus,org_view=411,org_changeCycle=0,cur_changeCycle=0,to_view=412
info|2019-12-13 08:02:54.132408|[g:1][CONSENSUS]addRawPrepare,height=69,reqIdx=0,hash=c2d8754a...
info|2019-12-13 08:02:54.132887|[g:1][CONSENSUS][PBFT]checkTimeout Succ,view=412,toView=413,nodeIdx=2,changeCycle=0,myNode=72961a87...,timecost=0.377
info|2019-12-13 08:02:54.134065|[g:1][CONSENSUS][PBFT]checkAndChangeView: Reach consensus,org_view=412,org_changeCycle=0,cur_changeCycle=0,to_view=413
info|2019-12-13 08:02:55.135799|[g:1][CONSENSUS]addRawPrepare,height=69,reqIdx=1,hash=feaf4314...
info|2019-12-13 08:02:55.136570|[g:1][CONSENSUS][PBFT]checkTimeout Succ,view=413,toView=414,nodeIdx=2,changeCycle=0,myNode=72961a87...,timecost=0.576
info|2019-12-13 08:02:55.138245|[g:1][CONSENSUS][PBFT]checkAndChangeView: Reach consensus,org_view=413,org_changeCycle=0,cur_changeCycle=0,to_view=414
info|2019-12-13 08:02:56.139207|[g:1][CONSENSUS][SEALER]++++++++++++++++ Generating seal on,blkNum=69,tx=0,nodeIdx=2,hash=2a6aaca2...
info|2019-12-13 08:02:56.142547|[g:1][CONSENSUS][PBFT]checkTimeout Succ,view=414,toView=415,nodeIdx=2,changeCycle=0,myNode=72961a87...,timecost=0.549
info|2019-12-13 08:02:56.143318|[g:1][CONSENSUS][PBFT]checkAndChangeView: Reach consensus,org_view=414,org_changeCycle=0,cur_changeCycle=0,to_view=415
info|2019-12-13 08:41:44.006835|[P2P][Service] heartBeat,connected count=3
warning|2019-12-13 08:41:44.008614|[g:1][CONSENSUS][PBFT]ViewChangeWarning: not caused by omit empty block ,v=415,toV=416,curNum=68,hash=685b9589...,nodeIdx=2,myNode=72961a87...
info|2019-12-13 08:41:44.008795|[g:1][CONSENSUS][PBFT]checkTimeout Succ,view=415,toView=416,nodeIdx=2,changeCycle=1,myNode=72961a87...,timecost=0.806
info|2019-12-13 08:41:44.011850|[g:1][CONSENSUS][PBFT]checkAndChangeView: Reach consensus,org_view=415,org_changeCycle=1,cur_changeCycle=1,to_view=416
info|2019-12-13 08:41:45.012938|[g:1][CONSENSUS]addRawPrepare,height=69,reqIdx=0,hash=441a0a8a...
info|2019-12-13 08:41:45.013380|[g:1][CONSENSUS][PBFT]checkTimeout Succ,view=416,toView=417,nodeIdx=2,changeCycle=0,myNode=72961a87...,timecost=0.32
info|2019-12-13 08:41:45.014615|[g:1][CONSENSUS][PBFT]checkAndChangeView: Reach consensus,org_view=416,org_changeCycle=0,cur_changeCycle=0,to_view=417
info|2019-12-13 08:41:46.015475|[g:1][CONSENSUS]addRawPrepare,height=69,reqIdx=1,hash=ca8d373b...
info|2019-12-13 08:41:46.016085|[g:1][CONSENSUS][PBFT]checkTimeout Succ,view=417,toView=418,nodeIdx=2,changeCycle=0,myNode=72961a87...,timecost=0.493
info|2019-12-13 08:41:46.017213|[g:1][CONSENSUS][PBFT]checkAndChangeView: Reach consensus,org_view=417,org_changeCycle=0,cur_changeCycle=0,to_view=418
info|2019-12-13 08:41:47.018166|[g:1][CONSENSUS][SEALER]++++++++++++++++ Generating seal on,blkNum=69,tx=0,nodeIdx=2,hash=a056e1d2...
info|2019-12-13 08:41:47.021017|[g:1][CONSENSUS][PBFT]checkTimeout Succ,view=418,toView=419,nodeIdx=2,changeCycle=0,myNode=72961a87...,timecost=0.389
info|2019-12-13 08:41:47.021668|[g:1][CONSENSUS][PBFT]checkAndChangeView: Reach consensus,org_view=418,org_changeCycle=0,cur_changeCycle=0,to_view=419
info|2019-12-13 08:41:48.022893|[g:1][CONSENSUS]addRawPrepare,height=69,reqIdx=3,hash=27b94086...
info|2019-12-13 08:41:48.023425|[g:1][CONSENSUS][PBFT]checkTimeout Succ,view=419,toView=420,nodeIdx=2,changeCycle=0,myNode=72961a87...,timecost=0.421
info|2019-12-13 08:41:48.024757|[g:1][CONSENSUS][PBFT]checkAndChangeView: Reach consensus,org_view=419,org_changeCycle=0,cur_changeCycle=0,to_view=420
info|2019-12-13 08:41:49.026387|[g:1][CONSENSUS]addRawPrepare,height=69,reqIdx=0,hash=809bfdb3...
info|2019-12-13 08:41:49.027556|[g:1][CONSENSUS][PBFT]checkTimeout Succ,view=420,toView=421,nodeIdx=2,changeCycle=0,myNode=72961a87...,timecost=1.046
info|2019-12-13 08:41:49.028819|[g:1][CONSENSUS][PBFT]checkAndChangeView: Reach consensus,org_view=420,org_changeCycle=0,cur_changeCycle=0,to_view=421
info|2019-12-13 08:41:50.030767|[g:1][CONSENSUS]addRawPrepare,height=69,reqIdx=1,hash=0d3b913f...
info|2019-12-13 08:41:50.031647|[g:1][CONSENSUS][PBFT]checkTimeout Succ,view=421,toView=422,nodeIdx=2,changeCycle=0,myNode=72961a87...,timecost=0.713
info|2019-12-13 08:41:50.033405|[g:1][CONSENSUS][PBFT]checkAndChangeView: Reach consensus,org_view=421,org_changeCycle=0,cur_changeCycle=0,to_view=422
info|2019-12-13 08:41:51.033310|[g:1][CONSENSUS][SEALER]++++++++++++++++ Generating seal on,blkNum=69,tx=0,nodeIdx=2,hash=35cc2178...
info|2019-12-13 08:41:51.033999|[g:1][CONSENSUS][PBFT]checkTimeout Succ,view=422,toView=423,nodeIdx=2,changeCycle=0,myNode=72961a87...,timecost=0.32
info|2019-12-13 08:41:51.035755|[g:1][CONSENSUS][PBFT]checkAndChangeView: Reach consensus,org_view=422,org_changeCycle=0,cur_changeCycle=0,to_view=423
info|2019-12-13 08:41:52.038155|[g:1][CONSENSUS]addRawPrepare,height=69,reqIdx=3,hash=b7c5402e...
info|2019-12-13 08:41:52.038678|[g:1][CONSENSUS][PBFT]checkTimeout Succ,view=423,toView=424,nodeIdx=2,changeCycle=0,myNode=72961a87...,timecost=0.363
info|2019-12-13 08:41:52.039668|[g:1][CONSENSUS][PBFT]checkAndChangeView: Reach consensus,org_view=423,org_changeCycle=0,cur_changeCycle=0,to_view=424
info|2019-12-13 08:41:53.040336|[g:1][CONSENSUS]addRawPrepare,height=69,reqIdx=0,hash=a615f199...
info|2019-12-13 08:41:53.040872|[g:1][CONSENSUS][PBFT]checkTimeout Succ,view=424,toView=425,nodeIdx=2,changeCycle=0,myNode=72961a87...,timecost=0.415
info|2019-12-13 08:41:53.041970|[g:1][CONSENSUS][PBFT]checkAndChangeView: Reach consensus,org_view=424,org_changeCycle=0,cur_changeCycle=0,to_view=425
info|2019-12-13 08:41:54.014882|[P2P][Service] heartBeat,connected count=3
info|2019-12-13 08:41:54.042457|[g:1][CONSENSUS]addRawPrepare,height=69,reqIdx=1,hash=a007c688...
info|2019-12-13 08:41:54.043452|[g:1][CONSENSUS][PBFT]checkTimeout Succ,view=425,toView=426,nodeIdx=2,changeCycle=0,myNode=72961a87...,timecost=0.915
info|2019-12-13 08:41:54.044584|[g:1][CONSENSUS][PBFT]checkAndChangeView: Reach consensus,org_view=425,org_changeCycle=0,cur_changeCycle=0,to_view=426
info|2019-12-13 08:41:55.044573|[g:1][CONSENSUS][SEALER]++++++++++++++++ Generating seal on,blkNum=69,tx=0,nodeIdx=2,hash=cd860c09...
info|2019-12-13 08:41:55.045356|[g:1][CONSENSUS][PBFT]checkTimeout Succ,view=426,toView=427,nodeIdx=2,changeCycle=0,myNode=72961a87...,timecost=0.378
info|2019-12-13 08:41:55.047508|[g:1][CONSENSUS][PBFT]checkAndChangeView: Reach consensus,org_view=426,org_changeCycle=0,cur_changeCycle=0,to_view=427
info|2019-12-13 08:41:56.049193|[g:1][CONSENSUS]addRawPrepare,height=69,reqIdx=3,hash=2b4e8ca3...
info|2019-12-13 08:41:56.049763|[g:1][CONSENSUS][PBFT]checkTimeout Succ,view=427,toView=428,nodeIdx=2,changeCycle=0,myNode=72961a87...,timecost=0.45
info|2019-12-13 08:41:56.051404|[g:1][CONSENSUS][PBFT]checkAndChangeView: Reach consensus,org_view=427,org_changeCycle=0,cur_changeCycle=0,to_view=428
info|2019-12-13 08:41:57.053537|[g:1][CONSENSUS]addRawPrepare,height=69,reqIdx=0,hash=df03f713...
info|2019-12-13 08:41:57.054147|[g:1][CONSENSUS][PBFT]checkTimeout Succ,view=428,toView=429,nodeIdx=2,changeCycle=0,myNode=72961a87...,timecost=0.463
info|2019-12-13 08:41:57.055697|[g:1][CONSENSUS][PBFT]checkAndChangeView: Reach consensus,org_view=428,org_changeCycle=0,cur_changeCycle=0,to_view=429
info|2019-12-13 08:41:58.057868|[g:1][CONSENSUS]addRawPrepare,height=69,reqIdx=1,hash=6baba7b0...
info|2019-12-13 08:41:58.058507|[g:1][CONSENSUS][PBFT]checkTimeout Succ,view=429,toView=430,nodeIdx=2,changeCycle=0,myNode=72961a87...,timecost=0.491
info|2019-12-13 08:41:58.060445|[g:1][CONSENSUS][PBFT]checkAndChangeView: Reach consensus,org_view=429,org_changeCycle=0,cur_changeCycle=0,to_view=430
info|2019-12-13 08:41:59.061032|[g:1][CONSENSUS][SEALER]++++++++++++++++ Generating seal on,blkNum=69,tx=0,nodeIdx=2,hash=e1b8ef31...
info|2019-12-13 08:41:59.061962|[g:1][CONSENSUS][PBFT]checkTimeout Succ,view=430,toView=431,nodeIdx=2,changeCycle=0,myNode=72961a87...,timecost=0.487
info|2019-12-13 08:41:59.064631|[g:1][CONSENSUS][PBFT]checkAndChangeView: Reach consensus,org_view=430,org_changeCycle=0,cur_changeCycle=0,to_view=431
info|2019-12-13 08:42:00.066219|[g:1][CONSENSUS]addRawPrepare,height=69,reqIdx=3,hash=4d7b4b43...
info|2019-12-13 08:42:00.066982|[g:1][CONSENSUS][PBFT]checkTimeout Succ,view=431,toView=432,nodeIdx=2,changeCycle=0,myNode=72961a87...,timecost=0.615
info|2019-12-13 08:42:00.068341|[g:1][CONSENSUS][PBFT]checkAndChangeView: Reach consensus,org_view=431,org_changeCycle=0,cur_changeCycle=0,to_view=432
info|2019-12-13 08:42:01.070481|[g:1][CONSENSUS]addRawPrepare,height=69,reqIdx=0,hash=159341a4...
info|2019-12-13 08:42:01.071039|[g:1][CONSENSUS][PBFT]checkTimeout Succ,view=432,toView=433,nodeIdx=2,changeCycle=0,myNode=72961a87...,timecost=0.447
info|2019-12-13 08:42:01.072239|[g:1][CONSENSUS][PBFT]checkAndChangeView: Reach consensus,org_view=432,org_changeCycle=0,cur_changeCycle=0,to_view=433
info|2019-12-13 08:42:02.075370|[g:1][CONSENSUS]addRawPrepare,height=69,reqIdx=1,hash=33acf7dd...
info|2019-12-13 08:42:02.076065|[g:1][CONSENSUS][PBFT]checkTimeout Succ,view=433,toView=434,nodeIdx=2,changeCycle=0,myNode=72961a87...,timecost=0.565
info|2019-12-13 08:42:02.078151|[g:1][CONSENSUS][PBFT]checkAndChangeView: Reach consensus,org_view=433,org_changeCycle=0,cur_changeCycle=0,to_view=434
info|2019-12-13 08:42:03.079438|[g:1][CONSENSUS][SEALER]++++++++++++++++ Generating seal on,blkNum=69,tx=0,nodeIdx=2,hash=3a616335...
info|2019-12-13 08:42:03.083306|[g:1][CONSENSUS][PBFT]checkTimeout Succ,view=434,toView=435,nodeIdx=2,changeCycle=0,myNode=72961a87...,timecost=0.599
info|2019-12-13 08:42:03.084094|[g:1][CONSENSUS][PBFT]checkAndChangeView: Reach consensus,org_view=434,org_changeCycle=0,cur_changeCycle=0,to_view=435
info|2019-12-13 08:42:04.022822|[P2P][Service] heartBeat,connected count=3
info|2019-12-13 08:42:04.085297|[g:1][CONSENSUS]addRawPrepare,height=69,reqIdx=3,hash=760d7280...
info|2019-12-13 08:42:04.086752|[g:1][CONSENSUS][PBFT]checkTimeout Succ,view=435,toView=436,nodeIdx=2,changeCycle=0,myNode=72961a87...,timecost=1.259
info|2019-12-13 08:42:04.088397|[g:1][CONSENSUS][PBFT]checkAndChangeView: Reach consensus,org_view=435,org_changeCycle=0,cur_changeCycle=0,to_view=436
info|2019-12-13 08:42:05.090110|[g:1][CONSENSUS]addRawPrepare,height=69,reqIdx=0,hash=22865050...
info|2019-12-13 08:42:05.090700|[g:1][CONSENSUS][PBFT]checkTimeout Succ,view=436,toView=437,nodeIdx=2,changeCycle=0,myNode=72961a87...,timecost=0.451
info|2019-12-13 08:42:05.092141|[g:1][CONSENSUS][PBFT]checkAndChangeView: Reach consensus,org_view=436,org_changeCycle=0,cur_changeCycle=0,to_view=437
info|2019-12-13 08:42:06.093975|[g:1][CONSENSUS]addRawPrepare,height=69,reqIdx=1,hash=7261ca1c...
info|2019-12-13 08:42:06.094755|[g:1][CONSENSUS][PBFT]checkTimeout Succ,view=437,toView=438,nodeIdx=2,changeCycle=0,myNode=72961a87...,timecost=0.599
info|2019-12-13 08:42:06.096512|[g:1][CONSENSUS][PBFT]checkAndChangeView: Reach consensus,org_view=437,org_changeCycle=0,cur_changeCycle=0,to_view=438
info|2019-12-13 08:42:07.096911|[g:1][CONSENSUS][SEALER]++++++++++++++++ Generating seal on,blkNum=69,tx=0,nodeIdx=2,hash=32a8ba79...
info|2019-12-13 08:42:07.100313|[g:1][CONSENSUS][PBFT]checkTimeout Succ,view=438,toView=439,nodeIdx=2,changeCycle=0,myNode=72961a87...,timecost=0.455
info|2019-12-13 08:42:07.100852|[g:1][CONSENSUS][PBFT]checkAndChangeView: Reach consensus,org_view=438,org_changeCycle=0,cur_changeCycle=0,to_view=439
info|2019-12-13 08:42:08.103123|[g:1][CONSENSUS]addRawPrepare,height=69,reqIdx=3,hash=753140cb...
info|2019-12-13 08:42:08.103969|[g:1][CONSENSUS][PBFT]checkTimeout Succ,view=439,toView=440,nodeIdx=2,changeCycle=0,myNode=72961a87...,timecost=0.68
info|2019-12-13 08:42:08.105461|[g:1][CONSENSUS][PBFT]checkAndChangeView: Reach consensus,org_view=439,org_changeCycle=0,cur_changeCycle=0,to_view=440
info|2019-12-13 08:42:09.106817|[g:1][CONSENSUS]addRawPrepare,height=69,reqIdx=0,hash=606ca5e7...
info|2019-12-13 08:42:09.108194|[g:1][CONSENSUS][PBFT]checkTimeout Succ,view=440,toView=441,nodeIdx=2,changeCycle=0,myNode=72961a87...,timecost=1.246
info|2019-12-13 08:42:09.109809|[g:1][CONSENSUS][PBFT]checkAndChangeView: Reach consensus,org_view=440,org_changeCycle=0,cur_changeCycle=0,to_view=441
info|2019-12-13 08:42:10.110233|[g:1][CONSENSUS]addRawPrepare,height=69,reqIdx=1,hash=6cae9564...
info|2019-12-13 08:42:10.110708|[g:1][CONSENSUS][PBFT]checkTimeout Succ,view=441,toView=442,nodeIdx=2,changeCycle=0,myNode=72961a87...,timecost=0.378
info|2019-12-13 08:42:10.111868|[g:1][CONSENSUS][PBFT]checkAndChangeView: Reach consensus,org_view=441,org_changeCycle=0,cur_changeCycle=0,to_view=442
info|2019-12-13 08:42:11.112015|[g:1][CONSENSUS][SEALER]++++++++++++++++ Generating seal on,blkNum=69,tx=0,nodeIdx=2,hash=417ac4c9...
info|2019-12-13 08:42:11.115554|[g:1][CONSENSUS][PBFT]checkTimeout Succ,view=442,toView=443,nodeIdx=2,changeCycle=0,myNode=72961a87...,timecost=0.519
info|2019-12-13 08:42:11.116281|[g:1][CONSENSUS][PBFT]checkAndChangeView: Reach consensus,org_view=442,org_changeCycle=0,cur_changeCycle=0,to_view=443
info|2019-12-13 08:42:12.118080|[g:1][CONSENSUS]addRawPrepare,height=69,reqIdx=3,hash=42a50338...
info|2019-12-13 08:42:12.118694|[g:1][CONSENSUS][PBFT]checkTimeout Succ,view=443,toView=444,nodeIdx=2,changeCycle=0,myNode=72961a87...,timecost=0.398
info|2019-12-13 08:42:12.120063|[g:1][CONSENSUS][PBFT]checkAndChangeView: Reach consensus,org_view=443,org_changeCycle=0,cur_changeCycle=0,to_view=444
info|2019-12-13 08:42:13.121609|[g:1][CONSENSUS]addRawPrepare,height=69,reqIdx=0,hash=216196e7...
info|2019-12-13 08:42:13.122305|[g:1][CONSENSUS][PBFT]checkTimeout Succ,view=444,toView=445,nodeIdx=2,changeCycle=0,myNode=72961a87...,timecost=0.561
info|2019-12-13 08:42:13.123781|[g:1][CONSENSUS][PBFT]checkAndChangeView: Reach consensus,org_view=444,org_changeCycle=0,cur_changeCycle=0,to_view=445
info|2019-12-13 08:42:14.027182|[P2P][Service] heartBeat,connected count=3
info|2019-12-13 08:42:14.125006|[g:1][CONSENSUS]addRawPrepare,height=69,reqIdx=1,hash=28d7092e...
info|2019-12-13 08:42:14.125907|[g:1][CONSENSUS][PBFT]checkTimeout Succ,view=445,toView=446,nodeIdx=2,changeCycle=0,myNode=72961a87...,timecost=0.736
info|2019-12-13 08:42:14.128102|[g:1][CONSENSUS][PBFT]checkAndChangeView: Reach consensus,org_view=445,org_changeCycle=0,cur_changeCycle=0,to_view=446
info|2019-12-13 08:42:15.128560|[g:1][CONSENSUS][SEALER]++++++++++++++++ Generating seal on,blkNum=69,tx=0,nodeIdx=2,hash=40256fe1...
info|2019-12-13 08:42:15.132218|[g:1][CONSENSUS][PBFT]checkTimeout Succ,view=446,toView=447,nodeIdx=2,changeCycle=0,myNode=72961a87...,timecost=0.633
info|2019-12-13 08:42:15.133047|[g:1][CONSENSUS][PBFT]checkAndChangeView: Reach consensus,org_view=446,org_changeCycle=0,cur_changeCycle=0,to_view=447
info|2019-12-13 08:42:16.134849|[g:1][CONSENSUS]addRawPrepare,height=69,reqIdx=3,hash=c483b7f7...
info|2019-12-13 08:42:16.135748|[g:1][CONSENSUS][PBFT]checkTimeout Succ,view=447,toView=448,nodeIdx=2,changeCycle=0,myNode=72961a87...,timecost=0.564
info|2019-12-13 08:42:16.137205|[g:1][CONSENSUS][PBFT]checkAndChangeView: Reach consensus,org_view=447,org_changeCycle=0,cur_changeCycle=0,to_view=448
info|2019-12-13 08:42:17.139126|[g:1][CONSENSUS]addRawPrepare,height=69,reqIdx=0,hash=a24b576b...
info|2019-12-13 08:42:17.139579|[g:1][CONSENSUS][PBFT]checkTimeout Succ,view=448,toView=449,nodeIdx=2,changeCycle=0,myNode=72961a87...,timecost=0.329
info|2019-12-13 08:42:17.140590|[g:1][CONSENSUS][PBFT]checkAndChangeView: Reach consensus,org_view=448,org_changeCycle=0,cur_changeCycle=0,to_view=449
info|2019-12-13 08:42:18.141112|[g:1][CONSENSUS]addRawPrepare,height=69,reqIdx=1,hash=d7b6abb9...
info|2019-12-13 08:42:18.141622|[g:1][CONSENSUS][PBFT]checkTimeout Succ,view=449,toView=450,nodeIdx=2,changeCycle=0,myNode=72961a87...,timecost=0.364
info|2019-12-13 08:42:18.142763|[g:1][CONSENSUS][PBFT]checkAndChangeView: Reach consensus,org_view=449,org_changeCycle=0,cur_changeCycle=0,to_view=450
info|2019-12-13 08:42:19.142287|[g:1][CONSENSUS][SEALER]++++++++++++++++ Generating seal on,blkNum=69,tx=0,nodeIdx=2,hash=a84fb7cd...
info|2019-12-13 08:42:19.144859|[g:1][CONSENSUS][PBFT]checkTimeout Succ,view=450,toView=451,nodeIdx=2,changeCycle=0,myNode=72961a87...,timecost=0.36
info|2019-12-13 08:42:19.145471|[g:1][CONSENSUS][PBFT]checkAndChangeView: Reach consensus,org_view=450,org_changeCycle=0,cur_changeCycle=0,to_view=451
info|2019-12-13 08:42:20.146850|[g:1][CONSENSUS]addRawPrepare,height=69,reqIdx=3,hash=66bf407b...
info|2019-12-13 08:42:20.147347|[g:1][CONSENSUS][PBFT]checkTimeout Succ,view=451,toView=452,nodeIdx=2,changeCycle=0,myNode=72961a87...,timecost=0.403
info|2019-12-13 08:42:20.148525|[g:1][CONSENSUS][PBFT]checkAndChangeView: Reach consensus,org_view=451,org_changeCycle=0,cur_changeCycle=0,to_view=452
info|2019-12-13 08:42:21.149534|[g:1][CONSENSUS]addRawPrepare,height=69,reqIdx=0,hash=03090d06...
info|2019-12-13 08:42:21.150031|[g:1][CONSENSUS][PBFT]checkTimeout Succ,view=452,toView=453,nodeIdx=2,changeCycle=0,myNode=72961a87...,timecost=0.367
info|2019-12-13 08:42:21.151170|[g:1][CONSENSUS][PBFT]checkAndChangeView: Reach consensus,org_view=452,org_changeCycle=0,cur_changeCycle=0,to_view=453
info|2019-12-13 08:42:22.153065|[g:1][CONSENSUS]addRawPrepare,height=69,reqIdx=1,hash=c20bd01b...
info|2019-12-13 08:42:22.153504|[g:1][CONSENSUS][PBFT]checkTimeout Succ,view=453,toView=454,nodeIdx=2,changeCycle=0,myNode=72961a87...,timecost=0.354
info|2019-12-13 08:42:22.154847|[g:1][CONSENSUS][PBFT]checkAndChangeView: Reach consensus,org_view=453,org_changeCycle=0,cur_changeCycle=0,to_view=454
info|2019-12-13 08:42:23.155057|[g:1][CONSENSUS][SEALER]++++++++++++++++ Generating seal on,blkNum=69,tx=0,nodeIdx=2,hash=185e4dc1...
info|2019-12-13 08:42:23.157523|[g:1][CONSENSUS][PBFT]checkTimeout Succ,view=454,toView=455,nodeIdx=2,changeCycle=0,myNode=72961a87...,timecost=0.405
info|2019-12-13 08:42:23.158125|[g:1][CONSENSUS][PBFT]checkAndChangeView: Reach consensus,org_view=454,org_changeCycle=0,cur_changeCycle=0,to_view=455
info|2019-12-13 08:42:24.036430|[P2P][Service] heartBeat,connected count=3
info|2019-12-13 08:42:24.158857|[g:1][CONSENSUS]addRawPrepare,height=69,reqIdx=3,hash=5c0900bf...
info|2019-12-13 08:42:24.159813|[g:1][CONSENSUS][PBFT]checkTimeout Succ,view=455,toView=456,nodeIdx=2,changeCycle=0,myNode=72961a87...,timecost=0.843
info|2019-12-13 08:42:24.160979|[g:1][CONSENSUS][PBFT]checkAndChangeView: Reach consensus,org_view=455,org_changeCycle=0,cur_changeCycle=0,to_view=456
info|2019-12-13 08:42:25.161569|[g:1][CONSENSUS]addRawPrepare,height=69,reqIdx=0,hash=d2a71204...
info|2019-12-13 08:42:25.162096|[g:1][CONSENSUS][PBFT]checkTimeout Succ,view=456,toView=457,nodeIdx=2,changeCycle=0,myNode=72961a87...,timecost=0.395
info|2019-12-13 08:42:25.163544|[g:1][CONSENSUS][PBFT]checkAndChangeView: Reach consensus,org_view=456,org_changeCycle=0,cur_changeCycle=0,to_view=457
info|2019-12-13 08:42:26.164872|[g:1][CONSENSUS]addRawPrepare,height=69,reqIdx=1,hash=cc90da8f...
info|2019-12-13 08:42:26.165443|[g:1][CONSENSUS][PBFT]checkTimeout Succ,view=457,toView=458,nodeIdx=2,changeCycle=0,myNode=72961a87...,timecost=0.451
info|2019-12-13 08:42:26.166750|[g:1][CONSENSUS][PBFT]checkAndChangeView: Reach consensus,org_view=457,org_changeCycle=0,cur_changeCycle=0,to_view=458
info|2019-12-13 08:42:27.167254|[g:1][CONSENSUS][SEALER]++++++++++++++++ Generating seal on,blkNum=69,tx=0,nodeIdx=2,hash=ab591a4d...
info|2019-12-13 08:42:27.168027|[g:1][CONSENSUS][PBFT]checkTimeout Succ,view=458,toView=459,nodeIdx=2,changeCycle=0,myNode=72961a87...,timecost=0.387
info|2019-12-13 08:42:27.170555|[g:1][CONSENSUS][PBFT]checkAndChangeView: Reach consensus,org_view=458,org_changeCycle=0,cur_changeCycle=0,to_view=459
info|2019-12-13 08:42:28.172302|[g:1][CONSENSUS]addRawPrepare,height=69,reqIdx=3,hash=d9138935...
info|2019-12-13 08:42:28.172971|[g:1][CONSENSUS][PBFT]checkTimeout Succ,view=459,toView=460,nodeIdx=2,changeCycle=0,myNode=72961a87...,timecost=0.543
info|2019-12-13 08:42:28.174528|[g:1][CONSENSUS][PBFT]checkAndChangeView: Reach consensus,org_view=459,org_changeCycle=0,cur_changeCycle=0,to_view=460
info|2019-12-13 08:42:29.176583|[g:1][CONSENSUS]addRawPrepare,height=69,reqIdx=0,hash=7dec06df...
info|2019-12-13 08:42:29.177562|[g:1][CONSENSUS][PBFT]checkTimeout Succ,view=460,toView=461,nodeIdx=2,changeCycle=0,myNode=72961a87...,timecost=0.787
info|2019-12-13 08:42:29.179843|[g:1][CONSENSUS][PBFT]checkAndChangeView: Reach consensus,org_view=460,org_changeCycle=0,cur_changeCycle=0,to_view=461
info|2019-12-13 08:42:30.180796|[g:1][CONSENSUS]addRawPrepare,height=69,reqIdx=1,hash=437e7195...
info|2019-12-13 08:42:30.181587|[g:1][CONSENSUS][PBFT]checkTimeout Succ,view=461,toView=462,nodeIdx=2,changeCycle=0,myNode=72961a87...,timecost=0.602
info|2019-12-13 08:42:30.183379|[g:1][CONSENSUS][PBFT]checkAndChangeView: Reach consensus,org_view=461,org_changeCycle=0,cur_changeCycle=0,to_view=462
info|2019-12-13 08:42:31.183478|[g:1][CONSENSUS][SEALER]++++++++++++++++ Generating seal on,blkNum=69,tx=0,nodeIdx=2,hash=633d50e6...
info|2019-12-13 08:42:31.184529|[g:1][CONSENSUS][PBFT]checkTimeout Succ,view=462,toView=463,nodeIdx=2,changeCycle=0,myNode=72961a87...,timecost=0.594
info|2019-12-13 08:42:31.187717|[g:1][CONSENSUS][PBFT]checkAndChangeView: Reach consensus,org_view=462,org_changeCycle=0,cur_changeCycle=0,to_view=463
info|2019-12-13 08:42:32.190065|[g:1][CONSENSUS]addRawPrepare,height=69,reqIdx=3,hash=5dc42b6f...
info|2019-12-13 08:42:32.191107|[g:1][CONSENSUS][PBFT]checkTimeout Succ,view=463,toView=464,nodeIdx=2,changeCycle=0,myNode=72961a87...,timecost=0.806
info|2019-12-13 08:42:32.193321|[g:1][CONSENSUS][PBFT]checkAndChangeView: Reach consensus,org_view=463,org_changeCycle=0,cur_changeCycle=0,to_view=464
info|2019-12-13 08:42:33.195592|[g:1][CONSENSUS]addRawPrepare,height=69,reqIdx=0,hash=9744194c...
info|2019-12-13 08:42:33.196485|[g:1][CONSENSUS][PBFT]checkTimeout Succ,view=464,toView=465,nodeIdx=2,changeCycle=0,myNode=72961a87...,timecost=0.656
info|2019-12-13 08:42:33.198637|[g:1][CONSENSUS][PBFT]checkAndChangeView: Reach consensus,org_view=464,org_changeCycle=0,cur_changeCycle=0,to_view=465
info|2019-12-13 08:42:34.041511|[P2P][Service] heartBeat,connected count=3
info|2019-12-13 08:42:34.201798|[g:1][CONSENSUS]addRawPrepare,height=69,reqIdx=1,hash=6026575c...
info|2019-12-13 08:42:34.203235|[g:1][CONSENSUS][PBFT]checkTimeout Succ,view=465,toView=466,nodeIdx=2,changeCycle=0,myNode=72961a87...,timecost=1.192
info|2019-12-13 08:42:34.205368|[g:1][CONSENSUS][PBFT]checkAndChangeView: Reach consensus,org_view=465,org_changeCycle=0,cur_changeCycle=0,to_view=466
info|2019-12-13 08:42:35.206264|[g:1][CONSENSUS][SEALER]++++++++++++++++ Generating seal on,blkNum=69,tx=0,nodeIdx=2,hash=4d08376e...
info|2019-12-13 08:42:35.207513|[g:1][CONSENSUS][PBFT]checkTimeout Succ,view=466,toView=467,nodeIdx=2,changeCycle=0,myNode=72961a87...,timecost=0.712
info|2019-12-13 08:42:35.211281|[g:1][CONSENSUS][PBFT]checkAndChangeView: Reach consensus,org_view=466,org_changeCycle=0,cur_changeCycle=0,to_view=467
info|2019-12-13 08:42:36.213866|[g:1][CONSENSUS]addRawPrepare,height=69,reqIdx=3,hash=eb4e1547...
info|2019-12-13 08:42:36.214771|[g:1][CONSENSUS][PBFT]checkTimeout Succ,view=467,toView=468,nodeIdx=2,changeCycle=0,myNode=72961a87...,timecost=0.734
info|2019-12-13 08:42:36.217425|[g:1][CONSENSUS][PBFT]checkAndChangeView: Reach consensus,org_view=467,org_changeCycle=0,cur_changeCycle=0,to_view=468
info|2019-12-13 08:42:37.219840|[g:1][CONSENSUS]addRawPrepare,height=69,reqIdx=0,hash=fc60272d...
info|2019-12-13 08:42:37.220767|[g:1][CONSENSUS][PBFT]checkTimeout Succ,view=468,toView=469,nodeIdx=2,changeCycle=0,myNode=72961a87...,timecost=0.686
info|2019-12-13 08:42:37.222969|[g:1][CONSENSUS][PBFT]checkAndChangeView: Reach consensus,org_view=468,org_changeCycle=0,cur_changeCycle=0,to_view=469
info|2019-12-13 08:42:38.225690|[g:1][CONSENSUS]addRawPrepare,height=69,reqIdx=1,hash=f84f5272...
info|2019-12-13 08:42:38.226653|[g:1][CONSENSUS][PBFT]checkTimeout Succ,view=469,toView=470,nodeIdx=2,changeCycle=0,myNode=72961a87...,timecost=0.726
info|2019-12-13 08:42:38.229169|[g:1][CONSENSUS][PBFT]checkAndChangeView: Reach consensus,org_view=469,org_changeCycle=0,cur_changeCycle=0,to_view=470
info|2019-12-13 08:42:39.230146|[g:1][CONSENSUS][SEALER]++++++++++++++++ Generating seal on,blkNum=69,tx=0,nodeIdx=2,hash=e6938c19...
info|2019-12-13 08:42:39.234806|[g:1][CONSENSUS][PBFT]checkTimeout Succ,view=470,toView=471,nodeIdx=2,changeCycle=0,myNode=72961a87...,timecost=0.559
info|2019-12-13 08:42:39.236187|[g:1][CONSENSUS][PBFT]checkAndChangeView: Reach consensus,org_view=470,org_changeCycle=0,cur_changeCycle=0,to_view=471
info|2019-12-13 08:42:40.237905|[g:1][CONSENSUS]addRawPrepare,height=69,reqIdx=3,hash=f6f1fca4...
info|2019-12-13 08:42:40.239065|[g:1][CONSENSUS][PBFT]checkTimeout Succ,view=471,toView=472,nodeIdx=2,changeCycle=0,myNode=72961a87...,timecost=0.853
info|2019-12-13 08:42:40.241514|[g:1][CONSENSUS][PBFT]checkAndChangeView: Reach consensus,org_view=471,org_changeCycle=0,cur_changeCycle=0,to_view=472
info|2019-12-13 08:42:41.243335|[g:1][CONSENSUS]addRawPrepare,height=69,reqIdx=0,hash=8b18a533...
info|2019-12-13 08:42:41.244308|[g:1][CONSENSUS][PBFT]checkTimeout Succ,view=472,toView=473,nodeIdx=2,changeCycle=0,myNode=72961a87...,timecost=0.81
info|2019-12-13 08:42:41.246347|[g:1][CONSENSUS][PBFT]checkAndChangeView: Reach consensus,org_view=472,org_changeCycle=0,cur_changeCycle=0,to_view=473
info|2019-12-13 08:42:42.248349|[g:1][CONSENSUS]addRawPrepare,height=69,reqIdx=1,hash=0441a98e...
info|2019-12-13 08:42:42.249146|[g:1][CONSENSUS][PBFT]checkTimeout Succ,view=473,toView=474,nodeIdx=2,changeCycle=0,myNode=72961a87...,timecost=0.606
info|2019-12-13 08:42:42.251488|[g:1][CONSENSUS][PBFT]checkAndChangeView: Reach consensus,org_view=473,org_changeCycle=0,cur_changeCycle=0,to_view=474
info|2019-12-13 08:42:43.251960|[g:1][CONSENSUS][SEALER]++++++++++++++++ Generating seal on,blkNum=69,tx=0,nodeIdx=2,hash=63c2cc40...
info|2019-12-13 08:42:43.255729|[g:1][CONSENSUS][PBFT]checkTimeout Succ,view=474,toView=475,nodeIdx=2,changeCycle=0,myNode=72961a87...,timecost=0.585
info|2019-12-13 08:42:43.256672|[g:1][CONSENSUS][PBFT]checkAndChangeView: Reach consensus,org_view=474,org_changeCycle=0,cur_changeCycle=0,to_view=475
info|2019-12-13 08:42:44.049629|[P2P][Service] heartBeat,connected count=3
info|2019-12-13 08:42:44.257508|[g:1][CONSENSUS]addRawPrepare,height=69,reqIdx=3,hash=7d16fcc4...
info|2019-12-13 08:42:44.258710|[g:1][CONSENSUS][PBFT]checkTimeout Succ,view=475,toView=476,nodeIdx=2,changeCycle=0,myNode=72961a87...,timecost=1.028
info|2019-12-13 08:42:44.260452|[g:1][CONSENSUS][PBFT]checkAndChangeView: Reach consensus,org_view=475,org_changeCycle=0,cur_changeCycle=0,to_view=476
