info|2019-11-12 07:39:34.005065|[g:1][CONSENSUS][SEALER]++++++++++++++++ Generating seal on,blkNum=1,tx=0,nodeIdx=2,hash=c7924b26...
info|2019-11-12 07:39:34.006640|[P2P][Service] heartBeat,connected count=3
info|2019-11-12 07:39:34.007054|[g:1][CONSENSUS][PBFT]checkTimeout Succ,view=22414,toView=22415,nodeIdx=2,changeCycle=0,myNode=72961a87...,timecost=0.486
info|2019-11-12 07:39:34.011589|[g:1][CONSENSUS][PBFT]checkAndChangeView: Reach consensus,org_view=22414,org_changeCycle=0,cur_changeCycle=0,to_view=22415
info|2019-11-12 07:39:35.014288|[g:1][CONSENSUS]addRawPrepare,height=1,reqIdx=3,hash=ce7eed0b...
info|2019-11-12 07:39:35.014920|[g:1][CONSENSUS][PBFT]checkTimeout Succ,view=22415,toView=22416,nodeIdx=2,changeCycle=0,myNode=72961a87...,timecost=0.517
info|2019-11-12 07:39:35.016746|[g:1][CONSENSUS][PBFT]checkAndChangeView: Reach consensus,org_view=22415,org_changeCycle=0,cur_changeCycle=0,to_view=22416
info|2019-11-12 07:39:36.017849|[g:1][CONSENSUS]addRawPrepare,height=1,reqIdx=0,hash=a291ff35...
info|2019-11-12 07:39:36.018329|[g:1][CONSENSUS][PBFT]checkTimeout Succ,view=22416,toView=22417,nodeIdx=2,changeCycle=0,myNode=72961a87...,timecost=0.337
info|2019-11-12 07:39:36.019437|[g:1][CONSENSUS][PBFT]checkAndChangeView: Reach consensus,org_view=22416,org_changeCycle=0,cur_changeCycle=0,to_view=22417
info|2019-11-12 07:39:37.020313|[g:1][CONSENSUS]addRawPrepare,height=1,reqIdx=1,hash=4097e382...
info|2019-11-12 07:39:37.020947|[g:1][CONSENSUS][PBFT]checkTimeout Succ,view=22417,toView=22418,nodeIdx=2,changeCycle=0,myNode=72961a87...,timecost=0.516
info|2019-11-12 07:39:37.022124|[g:1][CONSENSUS][PBFT]checkAndChangeView: Reach consensus,org_view=22417,org_changeCycle=0,cur_changeCycle=0,to_view=22418
info|2019-11-12 07:39:38.023555|[g:1][CONSENSUS][SEALER]++++++++++++++++ Generating seal on,blkNum=1,tx=0,nodeIdx=2,hash=685d26c4...
info|2019-11-12 07:39:38.026230|[g:1][CONSENSUS][PBFT]checkTimeout Succ,view=22418,toView=22419,nodeIdx=2,changeCycle=0,myNode=72961a87...,timecost=0.374
info|2019-11-12 07:39:38.026712|[g:1][CONSENSUS][PBFT]checkAndChangeView: Reach consensus,org_view=22418,org_changeCycle=0,cur_changeCycle=0,to_view=22419
info|2019-11-12 07:39:39.028339|[g:1][CONSENSUS]addRawPrepare,height=1,reqIdx=3,hash=d13c8af6...
info|2019-11-12 07:39:39.029317|[g:1][CONSENSUS][PBFT]checkTimeout Succ,view=22419,toView=22420,nodeIdx=2,changeCycle=0,myNode=72961a87...,timecost=0.804
info|2019-11-12 07:39:39.030557|[g:1][CONSENSUS][PBFT]checkAndChangeView: Reach consensus,org_view=22419,org_changeCycle=0,cur_changeCycle=0,to_view=22420
info|2019-11-12 07:39:40.032624|[g:1][CONSENSUS]addRawPrepare,height=1,reqIdx=0,hash=e449e86d...
info|2019-11-12 07:39:40.033260|[g:1][CONSENSUS][PBFT]checkTimeout Succ,view=22420,toView=22421,nodeIdx=2,changeCycle=0,myNode=72961a87...,timecost=0.462
info|2019-11-12 07:39:40.034935|[g:1][CONSENSUS][PBFT]checkAndChangeView: Reach consensus,org_view=22420,org_changeCycle=0,cur_changeCycle=0,to_view=22421
info|2019-11-12 07:39:41.036166|[g:1][CONSENSUS]addRawPrepare,height=1,reqIdx=1,hash=1591bfdf...
info|2019-11-12 07:39:41.036682|[g:1][CONSENSUS][PBFT]checkTimeout Succ,view=22421,toView=22422,nodeIdx=2,changeCycle=0,myNode=72961a87...,timecost=0.392
info|2019-11-12 07:39:41.038161|[g:1][CONSENSUS][PBFT]checkAndChangeView: Reach consensus,org_view=22421,org_changeCycle=0,cur_changeCycle=0,to_view=22422
info|2019-11-12 07:39:42.039366|[g:1][CONSENSUS][SEALER]++++++++++++++++ Generating seal on,blkNum=1,tx=0,nodeIdx=2,hash=9c01535c...
info|2019-11-12 07:39:42.040274|[g:1][CONSENSUS][PBFT]checkTimeout Succ,view=22422,toView=22423,nodeIdx=2,changeCycle=0,myNode=72961a87...,timecost=0.511
info|2019-11-12 07:39:42.043078|[g:1][CONSENSUS][PBFT]checkAndChangeView: Reach consensus,org_view=22422,org_changeCycle=0,cur_changeCycle=0,to_view=22423
info|2019-11-12 07:39:43.045959|[g:1][CONSENSUS]addRawPrepare,height=1,reqIdx=3,hash=2a46a543...
info|2019-11-12 07:39:43.046726|[g:1][CONSENSUS][PBFT]checkTimeout Succ,view=22423,toView=22424,nodeIdx=2,changeCycle=0,myNode=72961a87...,timecost=0.615
info|2019-11-12 07:39:43.048088|[g:1][CONSENSUS][PBFT]checkAndChangeView: Reach consensus,org_view=22423,org_changeCycle=0,cur_changeCycle=0,to_view=22424
info|2019-11-12 07:39:44.014981|[P2P][Service] heartBeat,connected count=3
info|2019-11-12 07:39:44.048925|[g:1][CONSENSUS]addRawPrepare,height=1,reqIdx=0,hash=3167a57d...
info|2019-11-12 07:39:44.049487|[g:1][CONSENSUS][PBFT]checkTimeout Succ,view=22424,toView=22425,nodeIdx=2,changeCycle=0,myNode=72961a87...,timecost=0.394
info|2019-11-12 07:39:44.050805|[g:1][CONSENSUS][PBFT]checkAndChangeView: Reach consensus,org_view=22424,org_changeCycle=0,cur_changeCycle=0,to_view=22425
info|2019-11-12 07:39:45.052632|[g:1][CONSENSUS]addRawPrepare,height=1,reqIdx=1,hash=4c07dcaf...
info|2019-11-12 07:39:45.053392|[g:1][CONSENSUS][PBFT]checkTimeout Succ,view=22425,toView=22426,nodeIdx=2,changeCycle=0,myNode=72961a87...,timecost=0.596
info|2019-11-12 07:39:45.054920|[g:1][CONSENSUS][PBFT]checkAndChangeView: Reach consensus,org_view=22425,org_changeCycle=0,cur_changeCycle=0,to_view=22426
info|2019-11-12 07:39:46.055184|[g:1][CONSENSUS][SEALER]++++++++++++++++ Generating seal on,blkNum=1,tx=0,nodeIdx=2,hash=9af3801a...
info|2019-11-12 07:39:46.056076|[g:1][CONSENSUS][PBFT]checkTimeout Succ,view=22426,toView=22427,nodeIdx=2,changeCycle=0,myNode=72961a87...,timecost=0.468
info|2019-11-12 07:39:46.058797|[g:1][CONSENSUS][PBFT]checkAndChangeView: Reach consensus,org_view=22426,org_changeCycle=0,cur_changeCycle=0,to_view=22427
info|2019-11-12 07:39:47.060641|[g:1][CONSENSUS]addRawPrepare,height=1,reqIdx=3,hash=d52e0460...
info|2019-11-12 07:39:47.061247|[g:1][CONSENSUS][PBFT]checkTimeout Succ,view=22427,toView=22428,nodeIdx=2,changeCycle=0,myNode=72961a87...,timecost=0.467
info|2019-11-12 07:39:47.062963|[g:1][CONSENSUS][PBFT]checkAndChangeView: Reach consensus,org_view=22427,org_changeCycle=0,cur_changeCycle=0,to_view=22428
info|2019-11-12 07:39:48.065408|[g:1][CONSENSUS]addRawPrepare,height=1,reqIdx=0,hash=446cae6f...
info|2019-11-12 07:39:48.066083|[g:1][CONSENSUS][PBFT]checkTimeout Succ,view=22428,toView=22429,nodeIdx=2,changeCycle=0,myNode=72961a87...,timecost=0.553
info|2019-11-12 07:39:48.067485|[g:1][CONSENSUS][PBFT]checkAndChangeView: Reach consensus,org_view=22428,org_changeCycle=0,cur_changeCycle=0,to_view=22429
info|2019-11-12 07:39:49.069653|[g:1][CONSENSUS]addRawPrepare,height=1,reqIdx=1,hash=221f7f80...
info|2019-11-12 07:39:49.070344|[g:1][CONSENSUS][PBFT]checkTimeout Succ,view=22429,toView=22430,nodeIdx=2,changeCycle=0,myNode=72961a87...,timecost=0.571
info|2019-11-12 07:39:49.071914|[g:1][CONSENSUS][PBFT]checkAndChangeView: Reach consensus,org_view=22429,org_changeCycle=0,cur_changeCycle=0,to_view=22430
info|2019-11-12 07:39:50.071746|[g:1][CONSENSUS][SEALER]++++++++++++++++ Generating seal on,blkNum=1,tx=0,nodeIdx=2,hash=18a86e9b...
info|2019-11-12 07:39:50.072770|[g:1][CONSENSUS][PBFT]checkTimeout Succ,view=22430,toView=22431,nodeIdx=2,changeCycle=0,myNode=72961a87...,timecost=0.557
info|2019-11-12 07:39:50.075290|[g:1][CONSENSUS][PBFT]checkAndChangeView: Reach consensus,org_view=22430,org_changeCycle=0,cur_changeCycle=0,to_view=22431
info|2019-11-12 07:39:51.077584|[g:1][CONSENSUS]addRawPrepare,height=1,reqIdx=3,hash=907c6286...
info|2019-11-12 07:39:51.078215|[g:1][CONSENSUS][PBFT]checkTimeout Succ,view=22431,toView=22432,nodeIdx=2,changeCycle=0,myNode=72961a87...,timecost=0.499
info|2019-11-12 07:39:51.079681|[g:1][CONSENSUS][PBFT]checkAndChangeView: Reach consensus,org_view=22431,org_changeCycle=0,cur_changeCycle=0,to_view=22432
info|2019-11-12 07:39:52.081350|[g:1][CONSENSUS]addRawPrepare,height=1,reqIdx=0,hash=77cc7271...
info|2019-11-12 07:39:52.081992|[g:1][CONSENSUS][PBFT]checkTimeout Succ,view=22432,toView=22433,nodeIdx=2,changeCycle=0,myNode=72961a87...,timecost=0.5
info|2019-11-12 07:39:52.083375|[g:1][CONSENSUS][PBFT]checkAndChangeView: Reach consensus,org_view=22432,org_changeCycle=0,cur_changeCycle=0,to_view=22433
info|2019-11-12 07:39:53.085184|[g:1][CONSENSUS]addRawPrepare,height=1,reqIdx=1,hash=9a21e9a8...
info|2019-11-12 07:39:53.085962|[g:1][CONSENSUS][PBFT]checkTimeout Succ,view=22433,toView=22434,nodeIdx=2,changeCycle=0,myNode=72961a87...,timecost=0.568
info|2019-11-12 07:39:53.087585|[g:1][CONSENSUS][PBFT]checkAndChangeView: Reach consensus,org_view=22433,org_changeCycle=0,cur_changeCycle=0,to_view=22434
info|2019-11-12 07:39:54.024758|[P2P][Service] heartBeat,connected count=3
info|2019-11-12 07:39:54.088342|[g:1][CONSENSUS][SEALER]++++++++++++++++ Generating seal on,blkNum=1,tx=0,nodeIdx=2,hash=0312f4ad...
info|2019-11-12 07:39:54.089485|[g:1][CONSENSUS][PBFT]checkTimeout Succ,view=22434,toView=22435,nodeIdx=2,changeCycle=0,myNode=72961a87...,timecost=0.689
info|2019-11-12 07:39:54.092316|[g:1][CONSENSUS][PBFT]checkAndChangeView: Reach consensus,org_view=22434,org_changeCycle=0,cur_changeCycle=0,to_view=22435
info|2019-11-12 07:39:55.094556|[g:1][CONSENSUS]addRawPrepare,height=1,reqIdx=3,hash=eee4f3d4...
info|2019-11-12 07:39:55.095154|[g:1][CONSENSUS][PBFT]checkTimeout Succ,view=22435,toView=22436,nodeIdx=2,changeCycle=0,myNode=72961a87...,timecost=0.449
info|2019-11-12 07:39:55.096525|[g:1][CONSENSUS][PBFT]checkAndChangeView: Reach consensus,org_view=22435,org_changeCycle=0,cur_changeCycle=0,to_view=22436
info|2019-11-12 07:39:56.097749|[g:1][CONSENSUS]addRawPrepare,height=1,reqIdx=0,hash=284f514e...
info|2019-11-12 07:39:56.098341|[g:1][CONSENSUS][PBFT]checkTimeout Succ,view=22436,toView=22437,nodeIdx=2,changeCycle=0,myNode=72961a87...,timecost=0.461
info|2019-11-12 07:39:56.099877|[g:1][CONSENSUS][PBFT]checkAndChangeView: Reach consensus,org_view=22436,org_changeCycle=0,cur_changeCycle=0,to_view=22437
info|2019-11-12 07:39:57.103090|[g:1][CONSENSUS]addRawPrepare,height=1,reqIdx=1,hash=925b6ed3...
info|2019-11-12 07:39:57.103845|[g:1][CONSENSUS][PBFT]checkTimeout Succ,view=22437,toView=22438,nodeIdx=2,changeCycle=0,myNode=72961a87...,timecost=0.612
info|2019-11-12 07:39:57.105343|[g:1][CONSENSUS][PBFT]checkAndChangeView: Reach consensus,org_view=22437,org_changeCycle=0,cur_changeCycle=0,to_view=22438
info|2019-11-12 07:39:58.106377|[g:1][CONSENSUS][SEALER]++++++++++++++++ Generating seal on,blkNum=1,tx=0,nodeIdx=2,hash=45e0bca5...
info|2019-11-12 07:39:58.109618|[g:1][CONSENSUS][PBFT]checkTimeout Succ,view=22438,toView=22439,nodeIdx=2,changeCycle=0,myNode=72961a87...,timecost=0.523
info|2019-11-12 07:39:58.110340|[g:1][CONSENSUS][PBFT]checkAndChangeView: Reach consensus,org_view=22438,org_changeCycle=0,cur_changeCycle=0,to_view=22439
info|2019-11-12 07:39:59.111599|[g:1][CONSENSUS]addRawPrepare,height=1,reqIdx=3,hash=d1b64656...
info|2019-11-12 07:39:59.112496|[g:1][CONSENSUS][PBFT]checkTimeout Succ,view=22439,toView=22440,nodeIdx=2,changeCycle=0,myNode=72961a87...,timecost=0.741
info|2019-11-12 07:39:59.114676|[g:1][CONSENSUS][PBFT]checkAndChangeView: Reach consensus,org_view=22439,org_changeCycle=0,cur_changeCycle=0,to_view=22440
info|2019-11-12 07:40:00.116772|[g:1][CONSENSUS]addRawPrepare,height=1,reqIdx=0,hash=fd65925b...
info|2019-11-12 07:40:00.117395|[g:1][CONSENSUS][PBFT]checkTimeout Succ,view=22440,toView=22441,nodeIdx=2,changeCycle=0,myNode=72961a87...,timecost=0.477
info|2019-11-12 07:40:00.119016|[g:1][CONSENSUS][PBFT]checkAndChangeView: Reach consensus,org_view=22440,org_changeCycle=0,cur_changeCycle=0,to_view=22441
info|2019-11-12 07:40:01.121943|[g:1][CONSENSUS]addRawPrepare,height=1,reqIdx=1,hash=4283a6b2...
info|2019-11-12 07:40:01.122862|[g:1][CONSENSUS][PBFT]checkTimeout Succ,view=22441,toView=22442,nodeIdx=2,changeCycle=0,myNode=72961a87...,timecost=0.67
info|2019-11-12 07:40:01.124165|[g:1][CONSENSUS][PBFT]checkAndChangeView: Reach consensus,org_view=22441,org_changeCycle=0,cur_changeCycle=0,to_view=22442
info|2019-11-12 07:40:02.124230|[g:1][CONSENSUS][SEALER]++++++++++++++++ Generating seal on,blkNum=1,tx=0,nodeIdx=2,hash=c17770b5...
info|2019-11-12 07:40:02.126901|[g:1][CONSENSUS][PBFT]checkTimeout Succ,view=22442,toView=22443,nodeIdx=2,changeCycle=0,myNode=72961a87...,timecost=0.489
info|2019-11-12 07:40:02.128273|[g:1][CONSENSUS][PBFT]checkAndChangeView: Reach consensus,org_view=22442,org_changeCycle=0,cur_changeCycle=0,to_view=22443
info|2019-11-12 07:40:03.129492|[g:1][CONSENSUS]addRawPrepare,height=1,reqIdx=3,hash=3340144a...
info|2019-11-12 07:40:03.130104|[g:1][CONSENSUS][PBFT]checkTimeout Succ,view=22443,toView=22444,nodeIdx=2,changeCycle=0,myNode=72961a87...,timecost=0.471
info|2019-11-12 07:40:03.131643|[g:1][CONSENSUS][PBFT]checkAndChangeView: Reach consensus,org_view=22443,org_changeCycle=0,cur_changeCycle=0,to_view=22444
info|2019-11-12 07:40:04.029422|[P2P][Service] heartBeat,connected count=3
info|2019-11-12 07:40:04.133466|[g:1][CONSENSUS]addRawPrepare,height=1,reqIdx=0,hash=46a5ad47...
info|2019-11-12 07:40:04.134727|[g:1][CONSENSUS][PBFT]checkTimeout Succ,view=22444,toView=22445,nodeIdx=2,changeCycle=0,myNode=72961a87...,timecost=1.137
info|2019-11-12 07:40:04.136150|[g:1][CONSENSUS][PBFT]checkAndChangeView: Reach consensus,org_view=22444,org_changeCycle=0,cur_changeCycle=0,to_view=22445
info|2019-11-12 07:40:05.138401|[g:1][CONSENSUS]addRawPrepare,height=1,reqIdx=1,hash=a707527a...
info|2019-11-12 07:40:05.139000|[g:1][CONSENSUS][PBFT]checkTimeout Succ,view=22445,toView=22446,nodeIdx=2,changeCycle=0,myNode=72961a87...,timecost=0.362
info|2019-11-12 07:40:05.140113|[g:1][CONSENSUS][PBFT]checkAndChangeView: Reach consensus,org_view=22445,org_changeCycle=0,cur_changeCycle=0,to_view=22446
info|2019-11-12 07:40:06.141608|[g:1][CONSENSUS][SEALER]++++++++++++++++ Generating seal on,blkNum=1,tx=0,nodeIdx=2,hash=31bd3dec...
info|2019-11-12 07:40:06.144665|[g:1][CONSENSUS][PBFT]checkTimeout Succ,view=22446,toView=22447,nodeIdx=2,changeCycle=0,myNode=72961a87...,timecost=0.5
info|2019-11-12 07:40:06.145370|[g:1][CONSENSUS][PBFT]checkAndChangeView: Reach consensus,org_view=22446,org_changeCycle=0,cur_changeCycle=0,to_view=22447
info|2019-11-12 07:40:07.146114|[g:1][CONSENSUS]addRawPrepare,height=1,reqIdx=3,hash=7697bbed...
info|2019-11-12 07:40:07.146736|[g:1][CONSENSUS][PBFT]checkTimeout Succ,view=22447,toView=22448,nodeIdx=2,changeCycle=0,myNode=72961a87...,timecost=0.488
info|2019-11-12 07:40:07.148438|[g:1][CONSENSUS][PBFT]checkAndChangeView: Reach consensus,org_view=22447,org_changeCycle=0,cur_changeCycle=0,to_view=22448
info|2019-11-12 07:40:08.150950|[g:1][CONSENSUS]addRawPrepare,height=1,reqIdx=0,hash=6d99e2cf...
info|2019-11-12 07:40:08.151636|[g:1][CONSENSUS][PBFT]checkTimeout Succ,view=22448,toView=22449,nodeIdx=2,changeCycle=0,myNode=72961a87...,timecost=0.557
info|2019-11-12 07:40:08.153095|[g:1][CONSENSUS][PBFT]checkAndChangeView: Reach consensus,org_view=22448,org_changeCycle=0,cur_changeCycle=0,to_view=22449
info|2019-11-12 07:40:09.156030|[g:1][CONSENSUS]addRawPrepare,height=1,reqIdx=1,hash=f049038e...
info|2019-11-12 07:40:09.157288|[g:1][CONSENSUS][PBFT]checkTimeout Succ,view=22449,toView=22450,nodeIdx=2,changeCycle=0,myNode=72961a87...,timecost=0.97
info|2019-11-12 07:40:09.158883|[g:1][CONSENSUS][PBFT]checkAndChangeView: Reach consensus,org_view=22449,org_changeCycle=0,cur_changeCycle=0,to_view=22450
info|2019-11-12 07:40:10.158606|[g:1][CONSENSUS][SEALER]++++++++++++++++ Generating seal on,blkNum=1,tx=0,nodeIdx=2,hash=9fa3c2eb...
info|2019-11-12 07:40:10.161878|[g:1][CONSENSUS][PBFT]checkTimeout Succ,view=22450,toView=22451,nodeIdx=2,changeCycle=0,myNode=72961a87...,timecost=0.524
info|2019-11-12 07:40:10.162579|[g:1][CONSENSUS][PBFT]checkAndChangeView: Reach consensus,org_view=22450,org_changeCycle=0,cur_changeCycle=0,to_view=22451
info|2019-11-12 07:40:11.165266|[g:1][CONSENSUS]addRawPrepare,height=1,reqIdx=3,hash=b78e2c43...
info|2019-11-12 07:40:11.166072|[g:1][CONSENSUS][PBFT]checkTimeout Succ,view=22451,toView=22452,nodeIdx=2,changeCycle=0,myNode=72961a87...,timecost=0.627
info|2019-11-12 07:40:11.167482|[g:1][CONSENSUS][PBFT]checkAndChangeView: Reach consensus,org_view=22451,org_changeCycle=0,cur_changeCycle=0,to_view=22452
info|2019-11-12 07:40:12.169923|[g:1][CONSENSUS]addRawPrepare,height=1,reqIdx=0,hash=ad816ab2...
info|2019-11-12 07:40:12.170661|[g:1][CONSENSUS][PBFT]checkTimeout Succ,view=22452,toView=22453,nodeIdx=2,changeCycle=0,myNode=72961a87...,timecost=0.57
info|2019-11-12 07:40:12.172111|[g:1][CONSENSUS][PBFT]checkAndChangeView: Reach consensus,org_view=22452,org_changeCycle=0,cur_changeCycle=0,to_view=22453
info|2019-11-12 07:40:13.174050|[g:1][CONSENSUS]addRawPrepare,height=1,reqIdx=1,hash=9f085e50...
info|2019-11-12 07:40:13.174721|[g:1][CONSENSUS][PBFT]checkTimeout Succ,view=22453,toView=22454,nodeIdx=2,changeCycle=0,myNode=72961a87...,timecost=0.501
info|2019-11-12 07:40:13.176042|[g:1][CONSENSUS][PBFT]checkAndChangeView: Reach consensus,org_view=22453,org_changeCycle=0,cur_changeCycle=0,to_view=22454
info|2019-11-12 07:40:14.036312|[P2P][Service] heartBeat,connected count=3
info|2019-11-12 07:40:14.176390|[g:1][CONSENSUS][SEALER]++++++++++++++++ Generating seal on,blkNum=1,tx=0,nodeIdx=2,hash=08eba243...
info|2019-11-12 07:40:14.177332|[g:1][CONSENSUS][PBFT]checkTimeout Succ,view=22454,toView=22455,nodeIdx=2,changeCycle=0,myNode=72961a87...,timecost=0.55
info|2019-11-12 07:40:14.180099|[g:1][CONSENSUS][PBFT]checkAndChangeView: Reach consensus,org_view=22454,org_changeCycle=0,cur_changeCycle=0,to_view=22455
info|2019-11-12 07:40:15.181960|[g:1][CONSENSUS]addRawPrepare,height=1,reqIdx=3,hash=6678de7c...
info|2019-11-12 07:40:15.182536|[g:1][CONSENSUS][PBFT]checkTimeout Succ,view=22455,toView=22456,nodeIdx=2,changeCycle=0,myNode=72961a87...,timecost=0.431
info|2019-11-12 07:40:15.183913|[g:1][CONSENSUS][PBFT]checkAndChangeView: Reach consensus,org_view=22455,org_changeCycle=0,cur_changeCycle=0,to_view=22456
info|2019-11-12 07:40:16.186534|[g:1][CONSENSUS]addRawPrepare,height=1,reqIdx=0,hash=475fc306...
info|2019-11-12 07:40:16.187200|[g:1][CONSENSUS][PBFT]checkTimeout Succ,view=22456,toView=22457,nodeIdx=2,changeCycle=0,myNode=72961a87...,timecost=0.504
info|2019-11-12 07:40:16.188756|[g:1][CONSENSUS][PBFT]checkAndChangeView: Reach consensus,org_view=22456,org_changeCycle=0,cur_changeCycle=0,to_view=22457
info|2019-11-12 07:40:17.190201|[g:1][CONSENSUS]addRawPrepare,height=1,reqIdx=1,hash=b81820bb...
info|2019-11-12 07:40:17.190695|[g:1][CONSENSUS][PBFT]checkTimeout Succ,view=22457,toView=22458,nodeIdx=2,changeCycle=0,myNode=72961a87...,timecost=0.374
info|2019-11-12 07:40:17.191774|[g:1][CONSENSUS][PBFT]checkAndChangeView: Reach consensus,org_view=22457,org_changeCycle=0,cur_changeCycle=0,to_view=22458
info|2019-11-12 07:40:18.192155|[g:1][CONSENSUS][SEALER]++++++++++++++++ Generating seal on,blkNum=1,tx=0,nodeIdx=2,hash=ac0de649...
info|2019-11-12 07:40:18.194551|[g:1][CONSENSUS][PBFT]checkTimeout Succ,view=22458,toView=22459,nodeIdx=2,changeCycle=0,myNode=72961a87...,timecost=0.425
info|2019-11-12 07:40:18.195895|[g:1][CONSENSUS][PBFT]checkAndChangeView: Reach consensus,org_view=22458,org_changeCycle=0,cur_changeCycle=0,to_view=22459
info|2019-11-12 07:40:19.197014|[g:1][CONSENSUS]addRawPrepare,height=1,reqIdx=3,hash=e4357152...
info|2019-11-12 07:40:19.197784|[g:1][CONSENSUS][PBFT]checkTimeout Succ,view=22459,toView=22460,nodeIdx=2,changeCycle=0,myNode=72961a87...,timecost=0.64
info|2019-11-12 07:40:19.199629|[g:1][CONSENSUS][PBFT]checkAndChangeView: Reach consensus,org_view=22459,org_changeCycle=0,cur_changeCycle=0,to_view=22460
