info|2019-12-12 02:57:42.005746|[g:1][CONSENSUS][SEALER]++++++++++++++++ Generating seal on,blkNum=6,tx=0,nodeIdx=2,hash=23b7917a...
info|2019-12-12 02:57:42.008821|[P2P][Service] heartBeat,connected count=3
info|2019-12-12 02:57:42.009839|[g:1][CONSENSUS][PBFT]checkTimeout Succ,view=49105,toView=49106,nodeIdx=2,changeCycle=0,myNode=72961a87...,timecost=1.974
info|2019-12-12 02:57:42.011989|[g:1][CONSENSUS][PBFT]checkAndChangeView: Reach consensus,org_view=49105,org_changeCycle=0,cur_changeCycle=0,to_view=49106
info|2019-12-12 02:57:43.013563|[g:1][CONSENSUS]addRawPrepare,height=6,reqIdx=3,hash=cd3d8730...
info|2019-12-12 02:57:43.014058|[g:1][CONSENSUS][PBFT]checkTimeout Succ,view=49106,toView=49107,nodeIdx=2,changeCycle=0,myNode=72961a87...,timecost=0.384
info|2019-12-12 02:57:43.015433|[g:1][CONSENSUS][PBFT]checkAndChangeView: Reach consensus,org_view=49106,org_changeCycle=0,cur_changeCycle=0,to_view=49107
info|2019-12-12 02:57:44.016361|[g:1][CONSENSUS]addRawPrepare,height=6,reqIdx=0,hash=70b800d0...
info|2019-12-12 02:57:44.016819|[g:1][CONSENSUS][PBFT]checkTimeout Succ,view=49107,toView=49108,nodeIdx=2,changeCycle=0,myNode=72961a87...,timecost=0.326
info|2019-12-12 02:57:44.017936|[g:1][CONSENSUS][PBFT]checkAndChangeView: Reach consensus,org_view=49107,org_changeCycle=0,cur_changeCycle=0,to_view=49108
info|2019-12-12 02:57:45.020508|[g:1][CONSENSUS]addRawPrepare,height=6,reqIdx=1,hash=802fef10...
info|2019-12-12 02:57:45.021075|[g:1][CONSENSUS][PBFT]checkTimeout Succ,view=49108,toView=49109,nodeIdx=2,changeCycle=0,myNode=72961a87...,timecost=0.397
info|2019-12-12 02:57:45.022525|[g:1][CONSENSUS][PBFT]checkAndChangeView: Reach consensus,org_view=49108,org_changeCycle=0,cur_changeCycle=0,to_view=49109
info|2019-12-12 02:57:46.023160|[g:1][CONSENSUS][SEALER]++++++++++++++++ Generating seal on,blkNum=6,tx=0,nodeIdx=2,hash=1b2254ab...
info|2019-12-12 02:57:46.023797|[g:1][CONSENSUS][PBFT]checkTimeout Succ,view=49109,toView=49110,nodeIdx=2,changeCycle=0,myNode=72961a87...,timecost=0.277
info|2019-12-12 02:57:46.025868|[g:1][CONSENSUS][PBFT]checkAndChangeView: Reach consensus,org_view=49109,org_changeCycle=0,cur_changeCycle=0,to_view=49110
info|2019-12-12 02:57:47.028600|[g:1][CONSENSUS]addRawPrepare,height=6,reqIdx=3,hash=d5b51f3e...
info|2019-12-12 02:57:47.029327|[g:1][CONSENSUS][PBFT]checkTimeout Succ,view=49110,toView=49111,nodeIdx=2,changeCycle=0,myNode=72961a87...,timecost=0.569
info|2019-12-12 02:57:47.030982|[g:1][CONSENSUS][PBFT]checkAndChangeView: Reach consensus,org_view=49110,org_changeCycle=0,cur_changeCycle=0,to_view=49111
info|2019-12-12 02:57:48.032599|[g:1][CONSENSUS]addRawPrepare,height=6,reqIdx=0,hash=6fa7053e...
info|2019-12-12 02:57:48.033140|[g:1][CONSENSUS][PBFT]checkTimeout Succ,view=49111,toView=49112,nodeIdx=2,changeCycle=0,myNode=72961a87...,timecost=0.407
info|2019-12-12 02:57:48.034311|[g:1][CONSENSUS][PBFT]checkAndChangeView: Reach consensus,org_view=49111,org_changeCycle=0,cur_changeCycle=0,to_view=49112
info|2019-12-12 02:57:49.036328|[g:1][CONSENSUS]addRawPrepare,height=6,reqIdx=1,hash=b89a8c03...
info|2019-12-12 02:57:49.036837|[g:1][CONSENSUS][PBFT]checkTimeout Succ,view=49112,toView=49113,nodeIdx=2,changeCycle=0,myNode=72961a87...,timecost=0.417
info|2019-12-12 02:57:49.037860|[g:1][CONSENSUS][PBFT]checkAndChangeView: Reach consensus,org_view=49112,org_changeCycle=0,cur_changeCycle=0,to_view=49113
info|2019-12-12 02:57:50.037504|[g:1][CONSENSUS][SEALER]++++++++++++++++ Generating seal on,blkNum=6,tx=0,nodeIdx=2,hash=d6c191e4...
info|2019-12-12 02:57:50.038139|[g:1][CONSENSUS][PBFT]checkTimeout Succ,view=49113,toView=49114,nodeIdx=2,changeCycle=0,myNode=72961a87...,timecost=0.327
info|2019-12-12 02:57:50.040428|[g:1][CONSENSUS][PBFT]checkAndChangeView: Reach consensus,org_view=49113,org_changeCycle=0,cur_changeCycle=0,to_view=49114
info|2019-12-12 02:57:51.042520|[g:1][CONSENSUS]addRawPrepare,height=6,reqIdx=3,hash=85e87dd8...
info|2019-12-12 02:57:51.043074|[g:1][CONSENSUS][PBFT]checkTimeout Succ,view=49114,toView=49115,nodeIdx=2,changeCycle=0,myNode=72961a87...,timecost=0.421
info|2019-12-12 02:57:51.044616|[g:1][CONSENSUS][PBFT]checkAndChangeView: Reach consensus,org_view=49114,org_changeCycle=0,cur_changeCycle=0,to_view=49115
info|2019-12-12 02:57:52.016060|[P2P][Service] heartBeat,connected count=3
info|2019-12-12 02:57:52.046032|[g:1][CONSENSUS]addRawPrepare,height=6,reqIdx=0,hash=704fb71a...
info|2019-12-12 02:57:52.047053|[g:1][CONSENSUS][PBFT]checkTimeout Succ,view=49115,toView=49116,nodeIdx=2,changeCycle=0,myNode=72961a87...,timecost=0.899
info|2019-12-12 02:57:52.048031|[g:1][CONSENSUS][PBFT]checkAndChangeView: Reach consensus,org_view=49115,org_changeCycle=0,cur_changeCycle=0,to_view=49116
info|2019-12-12 02:57:53.050705|[g:1][CONSENSUS]addRawPrepare,height=6,reqIdx=1,hash=2676e55e...
info|2019-12-12 02:57:53.051416|[g:1][CONSENSUS][PBFT]checkTimeout Succ,view=49116,toView=49117,nodeIdx=2,changeCycle=0,myNode=72961a87...,timecost=0.556
info|2019-12-12 02:57:53.053311|[g:1][CONSENSUS][PBFT]checkAndChangeView: Reach consensus,org_view=49116,org_changeCycle=0,cur_changeCycle=0,to_view=49117
info|2019-12-12 02:57:54.053586|[g:1][CONSENSUS][SEALER]++++++++++++++++ Generating seal on,blkNum=6,tx=0,nodeIdx=2,hash=11ee3fda...
info|2019-12-12 02:57:54.054993|[g:1][CONSENSUS][PBFT]checkTimeout Succ,view=49117,toView=49118,nodeIdx=2,changeCycle=0,myNode=72961a87...,timecost=0.633
info|2019-12-12 02:57:54.058858|[g:1][CONSENSUS][PBFT]checkAndChangeView: Reach consensus,org_view=49117,org_changeCycle=0,cur_changeCycle=0,to_view=49118
info|2019-12-12 02:57:55.060691|[g:1][CONSENSUS]addRawPrepare,height=6,reqIdx=3,hash=63a620a5...
info|2019-12-12 02:57:55.061746|[g:1][CONSENSUS][PBFT]checkTimeout Succ,view=49118,toView=49119,nodeIdx=2,changeCycle=0,myNode=72961a87...,timecost=0.719
info|2019-12-12 02:57:55.065019|[g:1][CONSENSUS][PBFT]checkAndChangeView: Reach consensus,org_view=49118,org_changeCycle=0,cur_changeCycle=0,to_view=49119
info|2019-12-12 02:57:56.067615|[g:1][CONSENSUS]addRawPrepare,height=6,reqIdx=0,hash=acbd71d1...
info|2019-12-12 02:57:56.069095|[g:1][CONSENSUS][PBFT]checkTimeout Succ,view=49119,toView=49120,nodeIdx=2,changeCycle=0,myNode=72961a87...,timecost=1.101
info|2019-12-12 02:57:56.071044|[g:1][CONSENSUS][PBFT]checkAndChangeView: Reach consensus,org_view=49119,org_changeCycle=0,cur_changeCycle=0,to_view=49120
info|2019-12-12 02:57:57.072852|[g:1][CONSENSUS]addRawPrepare,height=6,reqIdx=1,hash=bfad6052...
info|2019-12-12 02:57:57.074302|[g:1][CONSENSUS][PBFT]checkTimeout Succ,view=49120,toView=49121,nodeIdx=2,changeCycle=0,myNode=72961a87...,timecost=1.17
info|2019-12-12 02:57:57.077462|[g:1][CONSENSUS][PBFT]checkAndChangeView: Reach consensus,org_view=49120,org_changeCycle=0,cur_changeCycle=0,to_view=49121
info|2019-12-12 02:57:58.077293|[g:1][CONSENSUS][SEALER]++++++++++++++++ Generating seal on,blkNum=6,tx=0,nodeIdx=2,hash=9284944b...
info|2019-12-12 02:57:58.080795|[g:1][CONSENSUS][PBFT]checkTimeout Succ,view=49121,toView=49122,nodeIdx=2,changeCycle=0,myNode=72961a87...,timecost=0.691
info|2019-12-12 02:57:58.085499|[g:1][CONSENSUS][PBFT]checkAndChangeView: Reach consensus,org_view=49121,org_changeCycle=0,cur_changeCycle=0,to_view=49122
info|2019-12-12 02:57:59.090858|[g:1][CONSENSUS]addRawPrepare,height=6,reqIdx=3,hash=2cf7f6fd...
info|2019-12-12 02:57:59.093005|[g:1][CONSENSUS][PBFT]checkTimeout Succ,view=49122,toView=49123,nodeIdx=2,changeCycle=0,myNode=72961a87...,timecost=1.763
info|2019-12-12 02:57:59.098959|[g:1][CONSENSUS][PBFT]checkAndChangeView: Reach consensus,org_view=49122,org_changeCycle=0,cur_changeCycle=0,to_view=49123
info|2019-12-12 02:58:00.104831|[g:1][CONSENSUS]addRawPrepare,height=6,reqIdx=0,hash=037364b0...
info|2019-12-12 02:58:00.106398|[g:1][CONSENSUS][PBFT]checkTimeout Succ,view=49123,toView=49124,nodeIdx=2,changeCycle=0,myNode=72961a87...,timecost=1.195
info|2019-12-12 02:58:00.110748|[g:1][CONSENSUS][PBFT]checkAndChangeView: Reach consensus,org_view=49123,org_changeCycle=0,cur_changeCycle=0,to_view=49124
info|2019-12-12 02:58:01.112842|[g:1][CONSENSUS]addRawPrepare,height=6,reqIdx=1,hash=1c294f9f...
info|2019-12-12 02:58:01.114385|[g:1][CONSENSUS][PBFT]checkTimeout Succ,view=49124,toView=49125,nodeIdx=2,changeCycle=0,myNode=72961a87...,timecost=1.195
info|2019-12-12 02:58:01.118278|[g:1][CONSENSUS][PBFT]checkAndChangeView: Reach consensus,org_view=49124,org_changeCycle=0,cur_changeCycle=0,to_view=49125
info|2019-12-12 02:58:02.024565|[P2P][Service] heartBeat,connected count=3
info|2019-12-12 02:58:02.118960|[g:1][CONSENSUS][SEALER]++++++++++++++++ Generating seal on,blkNum=6,tx=0,nodeIdx=2,hash=c008261f...
info|2019-12-12 02:58:02.121213|[g:1][CONSENSUS][PBFT]checkTimeout Succ,view=49125,toView=49126,nodeIdx=2,changeCycle=0,myNode=72961a87...,timecost=1.411
info|2019-12-12 02:58:02.127325|[g:1][CONSENSUS][PBFT]checkAndChangeView: Reach consensus,org_view=49125,org_changeCycle=0,cur_changeCycle=0,to_view=49126
info|2019-12-12 02:58:03.131016|[g:1][CONSENSUS]addRawPrepare,height=6,reqIdx=3,hash=d3ede5c0...
info|2019-12-12 02:58:03.132441|[g:1][CONSENSUS][PBFT]checkTimeout Succ,view=49126,toView=49127,nodeIdx=2,changeCycle=0,myNode=72961a87...,timecost=1.072
info|2019-12-12 02:58:03.135793|[g:1][CONSENSUS][PBFT]checkAndChangeView: Reach consensus,org_view=49126,org_changeCycle=0,cur_changeCycle=0,to_view=49127
info|2019-12-12 02:58:04.139870|[g:1][CONSENSUS]addRawPrepare,height=6,reqIdx=0,hash=e59b590a...
info|2019-12-12 02:58:04.141901|[g:1][CONSENSUS][PBFT]checkTimeout Succ,view=49127,toView=49128,nodeIdx=2,changeCycle=0,myNode=72961a87...,timecost=1.646
info|2019-12-12 02:58:04.146099|[g:1][CONSENSUS][PBFT]checkAndChangeView: Reach consensus,org_view=49127,org_changeCycle=0,cur_changeCycle=0,to_view=49128
info|2019-12-12 02:58:05.148518|[g:1][CONSENSUS]addRawPrepare,height=6,reqIdx=1,hash=8bee4529...
info|2019-12-12 02:58:05.149687|[g:1][CONSENSUS][PBFT]checkTimeout Succ,view=49128,toView=49129,nodeIdx=2,changeCycle=0,myNode=72961a87...,timecost=0.933
info|2019-12-12 02:58:05.152755|[g:1][CONSENSUS][PBFT]checkAndChangeView: Reach consensus,org_view=49128,org_changeCycle=0,cur_changeCycle=0,to_view=49129
info|2019-12-12 02:58:06.153466|[g:1][CONSENSUS][SEALER]++++++++++++++++ Generating seal on,blkNum=6,tx=0,nodeIdx=2,hash=7e76ad31...
info|2019-12-12 02:58:06.154939|[g:1][CONSENSUS][PBFT]checkTimeout Succ,view=49129,toView=49130,nodeIdx=2,changeCycle=0,myNode=72961a87...,timecost=0.702
info|2019-12-12 02:58:06.159278|[g:1][CONSENSUS][PBFT]checkAndChangeView: Reach consensus,org_view=49129,org_changeCycle=0,cur_changeCycle=0,to_view=49130
info|2019-12-12 02:58:07.161578|[g:1][CONSENSUS]addRawPrepare,height=6,reqIdx=3,hash=f7d70cb3...
info|2019-12-12 02:58:07.162781|[g:1][CONSENSUS][PBFT]checkTimeout Succ,view=49130,toView=49131,nodeIdx=2,changeCycle=0,myNode=72961a87...,timecost=0.984
info|2019-12-12 02:58:07.164950|[g:1][CONSENSUS][PBFT]checkAndChangeView: Reach consensus,org_view=49130,org_changeCycle=0,cur_changeCycle=0,to_view=49131
info|2019-12-12 02:58:08.166883|[g:1][CONSENSUS]addRawPrepare,height=6,reqIdx=0,hash=4addc6d9...
info|2019-12-12 02:58:08.167971|[g:1][CONSENSUS][PBFT]checkTimeout Succ,view=49131,toView=49132,nodeIdx=2,changeCycle=0,myNode=72961a87...,timecost=0.861
info|2019-12-12 02:58:08.170366|[g:1][CONSENSUS][PBFT]checkAndChangeView: Reach consensus,org_view=49131,org_changeCycle=0,cur_changeCycle=0,to_view=49132
info|2019-12-12 02:58:09.172598|[g:1][CONSENSUS]addRawPrepare,height=6,reqIdx=1,hash=34d3204a...
info|2019-12-12 02:58:09.173514|[g:1][CONSENSUS][PBFT]checkTimeout Succ,view=49132,toView=49133,nodeIdx=2,changeCycle=0,myNode=72961a87...,timecost=0.722
info|2019-12-12 02:58:09.175252|[g:1][CONSENSUS][PBFT]checkAndChangeView: Reach consensus,org_view=49132,org_changeCycle=0,cur_changeCycle=0,to_view=49133
info|2019-12-12 02:58:10.175883|[g:1][CONSENSUS][SEALER]++++++++++++++++ Generating seal on,blkNum=6,tx=0,nodeIdx=2,hash=47da210f...
info|2019-12-12 02:58:10.179630|[g:1][CONSENSUS][PBFT]checkTimeout Succ,view=49133,toView=49134,nodeIdx=2,changeCycle=0,myNode=72961a87...,timecost=0.56
info|2019-12-12 02:58:10.180607|[g:1][CONSENSUS][PBFT]checkAndChangeView: Reach consensus,org_view=49133,org_changeCycle=0,cur_changeCycle=0,to_view=49134
info|2019-12-12 02:58:11.181419|[g:1][CONSENSUS]addRawPrepare,height=6,reqIdx=3,hash=f097ed46...
info|2019-12-12 02:58:11.182364|[g:1][CONSENSUS][PBFT]checkTimeout Succ,view=49134,toView=49135,nodeIdx=2,changeCycle=0,myNode=72961a87...,timecost=0.778
info|2019-12-12 02:58:11.184042|[g:1][CONSENSUS][PBFT]checkAndChangeView: Reach consensus,org_view=49134,org_changeCycle=0,cur_changeCycle=0,to_view=49135
info|2019-12-12 02:58:12.030171|[P2P][Service] heartBeat,connected count=3
info|2019-12-12 02:58:12.185827|[g:1][CONSENSUS]addRawPrepare,height=6,reqIdx=0,hash=e270b3b6...
info|2019-12-12 02:58:12.186816|[g:1][CONSENSUS][PBFT]checkTimeout Succ,view=49135,toView=49136,nodeIdx=2,changeCycle=0,myNode=72961a87...,timecost=0.838
info|2019-12-12 02:58:12.189000|[g:1][CONSENSUS][PBFT]checkAndChangeView: Reach consensus,org_view=49135,org_changeCycle=0,cur_changeCycle=0,to_view=49136
info|2019-12-12 02:58:13.189549|[g:1][CONSENSUS]addRawPrepare,height=6,reqIdx=1,hash=aacbaff9...
info|2019-12-12 02:58:13.190284|[g:1][CONSENSUS][PBFT]checkTimeout Succ,view=49136,toView=49137,nodeIdx=2,changeCycle=0,myNode=72961a87...,timecost=0.585
info|2019-12-12 02:58:13.191971|[g:1][CONSENSUS][PBFT]checkAndChangeView: Reach consensus,org_view=49136,org_changeCycle=0,cur_changeCycle=0,to_view=49137
info|2019-12-12 02:58:14.192534|[g:1][CONSENSUS][SEALER]++++++++++++++++ Generating seal on,blkNum=6,tx=0,nodeIdx=2,hash=bcfa7275...
info|2019-12-12 02:58:14.193468|[g:1][CONSENSUS][PBFT]checkTimeout Succ,view=49137,toView=49138,nodeIdx=2,changeCycle=0,myNode=72961a87...,timecost=0.451
info|2019-12-12 02:58:14.195971|[g:1][CONSENSUS][PBFT]checkAndChangeView: Reach consensus,org_view=49137,org_changeCycle=0,cur_changeCycle=0,to_view=49138
info|2019-12-12 02:58:15.199045|[g:1][CONSENSUS]addRawPrepare,height=6,reqIdx=3,hash=eda41498...
info|2019-12-12 02:58:15.199691|[g:1][CONSENSUS][PBFT]checkTimeout Succ,view=49138,toView=49139,nodeIdx=2,changeCycle=0,myNode=72961a87...,timecost=0.484
info|2019-12-12 02:58:15.201532|[g:1][CONSENSUS][PBFT]checkAndChangeView: Reach consensus,org_view=49138,org_changeCycle=0,cur_changeCycle=0,to_view=49139
info|2019-12-12 02:58:16.203883|[g:1][CONSENSUS]addRawPrepare,height=6,reqIdx=0,hash=0b672f96...
info|2019-12-12 02:58:16.204582|[g:1][CONSENSUS][PBFT]checkTimeout Succ,view=49139,toView=49140,nodeIdx=2,changeCycle=0,myNode=72961a87...,timecost=0.537
info|2019-12-12 02:58:16.206064|[g:1][CONSENSUS][PBFT]checkAndChangeView: Reach consensus,org_view=49139,org_changeCycle=0,cur_changeCycle=0,to_view=49140
info|2019-12-12 02:58:17.206781|[g:1][CONSENSUS]addRawPrepare,height=6,reqIdx=1,hash=42d52186...
info|2019-12-12 02:58:17.207952|[g:1][CONSENSUS][PBFT]checkTimeout Succ,view=49140,toView=49141,nodeIdx=2,changeCycle=0,myNode=72961a87...,timecost=1.043
info|2019-12-12 02:58:17.209403|[g:1][CONSENSUS][PBFT]checkAndChangeView: Reach consensus,org_view=49140,org_changeCycle=0,cur_changeCycle=0,to_view=49141
info|2019-12-12 02:58:18.210635|[g:1][CONSENSUS][SEALER]++++++++++++++++ Generating seal on,blkNum=6,tx=0,nodeIdx=2,hash=5199ed6e...
info|2019-12-12 02:58:18.213916|[g:1][CONSENSUS][PBFT]checkTimeout Succ,view=49141,toView=49142,nodeIdx=2,changeCycle=0,myNode=72961a87...,timecost=0.465
info|2019-12-12 02:58:18.214674|[g:1][CONSENSUS][PBFT]checkAndChangeView: Reach consensus,org_view=49141,org_changeCycle=0,cur_changeCycle=0,to_view=49142
info|2019-12-12 02:58:19.214796|[g:1][CONSENSUS]addRawPrepare,height=6,reqIdx=3,hash=11c19fb5...
info|2019-12-12 02:58:19.215441|[g:1][CONSENSUS][PBFT]checkTimeout Succ,view=49142,toView=49143,nodeIdx=2,changeCycle=0,myNode=72961a87...,timecost=0.483
info|2019-12-12 02:58:19.216732|[g:1][CONSENSUS][PBFT]checkAndChangeView: Reach consensus,org_view=49142,org_changeCycle=0,cur_changeCycle=0,to_view=49143
info|2019-12-12 02:58:20.218968|[g:1][CONSENSUS]addRawPrepare,height=6,reqIdx=0,hash=956b2017...
info|2019-12-12 02:58:20.219645|[g:1][CONSENSUS][PBFT]checkTimeout Succ,view=49143,toView=49144,nodeIdx=2,changeCycle=0,myNode=72961a87...,timecost=0.495
info|2019-12-12 02:58:20.221252|[g:1][CONSENSUS][PBFT]checkAndChangeView: Reach consensus,org_view=49143,org_changeCycle=0,cur_changeCycle=0,to_view=49144
info|2019-12-12 02:58:21.222571|[g:1][CONSENSUS]addRawPrepare,height=6,reqIdx=1,hash=0737834c...
info|2019-12-12 02:58:21.223176|[g:1][CONSENSUS][PBFT]checkTimeout Succ,view=49144,toView=49145,nodeIdx=2,changeCycle=0,myNode=72961a87...,timecost=0.475
info|2019-12-12 02:58:21.224947|[g:1][CONSENSUS][PBFT]checkAndChangeView: Reach consensus,org_view=49144,org_changeCycle=0,cur_changeCycle=0,to_view=49145
info|2019-12-12 02:58:22.033949|[P2P][Service] heartBeat,connected count=3
info|2019-12-12 02:58:22.225085|[g:1][CONSENSUS][SEALER]++++++++++++++++ Generating seal on,blkNum=6,tx=0,nodeIdx=2,hash=5237a93c...
info|2019-12-12 02:58:22.228062|[g:1][CONSENSUS][PBFT]checkTimeout Succ,view=49145,toView=49146,nodeIdx=2,changeCycle=0,myNode=72961a87...,timecost=0.534
info|2019-12-12 02:58:22.229292|[g:1][CONSENSUS][PBFT]checkAndChangeView: Reach consensus,org_view=49145,org_changeCycle=0,cur_changeCycle=0,to_view=49146
info|2019-12-12 02:58:23.230475|[g:1][CONSENSUS]addRawPrepare,height=6,reqIdx=3,hash=fefbcb79...
info|2019-12-12 02:58:23.231170|[g:1][CONSENSUS][PBFT]checkTimeout Succ,view=49146,toView=49147,nodeIdx=2,changeCycle=0,myNode=72961a87...,timecost=0.483
info|2019-12-12 02:58:23.232449|[g:1][CONSENSUS][PBFT]checkAndChangeView: Reach consensus,org_view=49146,org_changeCycle=0,cur_changeCycle=0,to_view=49147
info|2019-12-12 02:58:24.233879|[g:1][CONSENSUS]addRawPrepare,height=6,reqIdx=0,hash=d2f7e7ba...
info|2019-12-12 02:58:24.234520|[g:1][CONSENSUS][PBFT]checkTimeout Succ,view=49147,toView=49148,nodeIdx=2,changeCycle=0,myNode=72961a87...,timecost=0.473
info|2019-12-12 02:58:24.236394|[g:1][CONSENSUS][PBFT]checkAndChangeView: Reach consensus,org_view=49147,org_changeCycle=0,cur_changeCycle=0,to_view=49148
info|2019-12-12 02:58:25.237607|[g:1][CONSENSUS]addRawPrepare,height=6,reqIdx=1,hash=064b048e...
info|2019-12-12 02:58:25.238268|[g:1][CONSENSUS][PBFT]checkTimeout Succ,view=49148,toView=49149,nodeIdx=2,changeCycle=0,myNode=72961a87...,timecost=0.523
info|2019-12-12 02:58:25.240002|[g:1][CONSENSUS][PBFT]checkAndChangeView: Reach consensus,org_view=49148,org_changeCycle=0,cur_changeCycle=0,to_view=49149
info|2019-12-12 02:58:26.240702|[g:1][CONSENSUS][SEALER]++++++++++++++++ Generating seal on,blkNum=6,tx=0,nodeIdx=2,hash=bbf8a0ec...
info|2019-12-12 02:58:26.241805|[g:1][CONSENSUS][PBFT]checkTimeout Succ,view=49149,toView=49150,nodeIdx=2,changeCycle=0,myNode=72961a87...,timecost=0.625
info|2019-12-12 02:58:26.244090|[g:1][CONSENSUS][PBFT]checkAndChangeView: Reach consensus,org_view=49149,org_changeCycle=0,cur_changeCycle=0,to_view=49150
info|2019-12-12 02:58:27.244960|[g:1][CONSENSUS]addRawPrepare,height=6,reqIdx=3,hash=bb45ae2d...
info|2019-12-12 02:58:27.248134|[g:1][CONSENSUS][PBFT]checkTimeout Succ,view=49150,toView=49151,nodeIdx=2,changeCycle=0,myNode=72961a87...,timecost=0.38
info|2019-12-12 02:58:27.249203|[g:1][CONSENSUS][PBFT]checkAndChangeView: Reach consensus,org_view=49150,org_changeCycle=0,cur_changeCycle=0,to_view=49151
info|2019-12-12 02:58:28.249790|[g:1][CONSENSUS]addRawPrepare,height=6,reqIdx=0,hash=69d43ea1...
info|2019-12-12 02:58:28.250418|[g:1][CONSENSUS][PBFT]checkTimeout Succ,view=49151,toView=49152,nodeIdx=2,changeCycle=0,myNode=72961a87...,timecost=0.49
info|2019-12-12 02:58:28.252143|[g:1][CONSENSUS][PBFT]checkAndChangeView: Reach consensus,org_view=49151,org_changeCycle=0,cur_changeCycle=0,to_view=49152
info|2019-12-12 02:58:29.253447|[g:1][CONSENSUS]addRawPrepare,height=6,reqIdx=1,hash=ca60d7c8...
info|2019-12-12 02:58:29.253965|[g:1][CONSENSUS][PBFT]checkTimeout Succ,view=49152,toView=49153,nodeIdx=2,changeCycle=0,myNode=72961a87...,timecost=0.389
info|2019-12-12 02:58:29.255097|[g:1][CONSENSUS][PBFT]checkAndChangeView: Reach consensus,org_view=49152,org_changeCycle=0,cur_changeCycle=0,to_view=49153
info|2019-12-12 02:58:30.255996|[g:1][CONSENSUS][SEALER]++++++++++++++++ Generating seal on,blkNum=6,tx=0,nodeIdx=2,hash=757346ee...
info|2019-12-12 02:58:30.256947|[g:1][CONSENSUS][PBFT]checkTimeout Succ,view=49153,toView=49154,nodeIdx=2,changeCycle=0,myNode=72961a87...,timecost=0.482
info|2019-12-12 02:58:30.259397|[g:1][CONSENSUS][PBFT]checkAndChangeView: Reach consensus,org_view=49153,org_changeCycle=0,cur_changeCycle=0,to_view=49154
info|2019-12-12 02:58:31.260239|[g:1][CONSENSUS]addRawPrepare,height=6,reqIdx=3,hash=26f35b0f...
info|2019-12-12 02:58:31.260907|[g:1][CONSENSUS][PBFT]checkTimeout Succ,view=49154,toView=49155,nodeIdx=2,changeCycle=0,myNode=72961a87...,timecost=0.511
info|2019-12-12 02:58:31.261813|[g:1][CONSENSUS][PBFT]checkAndChangeView: Reach consensus,org_view=49154,org_changeCycle=0,cur_changeCycle=0,to_view=49155
info|2019-12-12 02:58:32.037621|[P2P][Service] heartBeat,connected count=3
info|2019-12-12 02:58:32.262972|[g:1][CONSENSUS]addRawPrepare,height=6,reqIdx=0,hash=10199e7e...
info|2019-12-12 02:58:32.263681|[g:1][CONSENSUS][PBFT]checkTimeout Succ,view=49155,toView=49156,nodeIdx=2,changeCycle=0,myNode=72961a87...,timecost=0.564
info|2019-12-12 02:58:32.265490|[g:1][CONSENSUS][PBFT]checkAndChangeView: Reach consensus,org_view=49155,org_changeCycle=0,cur_changeCycle=0,to_view=49156
info|2019-12-12 02:58:33.266937|[g:1][CONSENSUS]addRawPrepare,height=6,reqIdx=1,hash=d96a9a71...
info|2019-12-12 02:58:33.267550|[g:1][CONSENSUS][PBFT]checkTimeout Succ,view=49156,toView=49157,nodeIdx=2,changeCycle=0,myNode=72961a87...,timecost=0.492
info|2019-12-12 02:58:33.269207|[g:1][CONSENSUS][PBFT]checkAndChangeView: Reach consensus,org_view=49156,org_changeCycle=0,cur_changeCycle=0,to_view=49157
info|2019-12-12 02:58:34.270624|[g:1][CONSENSUS][SEALER]++++++++++++++++ Generating seal on,blkNum=6,tx=0,nodeIdx=2,hash=14224882...
info|2019-12-12 02:58:34.271488|[g:1][CONSENSUS][PBFT]checkTimeout Succ,view=49157,toView=49158,nodeIdx=2,changeCycle=0,myNode=72961a87...,timecost=0.422
info|2019-12-12 02:58:34.273749|[g:1][CONSENSUS][PBFT]checkAndChangeView: Reach consensus,org_view=49157,org_changeCycle=0,cur_changeCycle=0,to_view=49158
info|2019-12-12 02:58:35.275285|[g:1][CONSENSUS]addRawPrepare,height=6,reqIdx=3,hash=7f22711e...
info|2019-12-12 02:58:35.276001|[g:1][CONSENSUS][PBFT]checkTimeout Succ,view=49158,toView=49159,nodeIdx=2,changeCycle=0,myNode=72961a87...,timecost=0.582
info|2019-12-12 02:58:35.277502|[g:1][CONSENSUS][PBFT]checkAndChangeView: Reach consensus,org_view=49158,org_changeCycle=0,cur_changeCycle=0,to_view=49159
info|2019-12-12 02:58:36.279891|[g:1][CONSENSUS]addRawPrepare,height=6,reqIdx=0,hash=834f3502...
info|2019-12-12 02:58:36.280332|[g:1][CONSENSUS][PBFT]checkTimeout Succ,view=49159,toView=49160,nodeIdx=2,changeCycle=0,myNode=72961a87...,timecost=0.329
info|2019-12-12 02:58:36.281319|[g:1][CONSENSUS][PBFT]checkAndChangeView: Reach consensus,org_view=49159,org_changeCycle=0,cur_changeCycle=0,to_view=49160
info|2019-12-12 02:58:37.282539|[g:1][CONSENSUS]addRawPrepare,height=6,reqIdx=1,hash=c1e7ad19...
info|2019-12-12 02:58:37.283540|[g:1][CONSENSUS][PBFT]checkTimeout Succ,view=49160,toView=49161,nodeIdx=2,changeCycle=0,myNode=72961a87...,timecost=0.854
info|2019-12-12 02:58:37.285173|[g:1][CONSENSUS][PBFT]checkAndChangeView: Reach consensus,org_view=49160,org_changeCycle=0,cur_changeCycle=0,to_view=49161
info|2019-12-12 02:58:38.286700|[g:1][CONSENSUS][SEALER]++++++++++++++++ Generating seal on,blkNum=6,tx=0,nodeIdx=2,hash=0daa1b17...
info|2019-12-12 02:58:38.289298|[g:1][CONSENSUS][PBFT]checkTimeout Succ,view=49161,toView=49162,nodeIdx=2,changeCycle=0,myNode=72961a87...,timecost=0.445
info|2019-12-12 02:58:38.290882|[g:1][CONSENSUS][PBFT]checkAndChangeView: Reach consensus,org_view=49161,org_changeCycle=0,cur_changeCycle=0,to_view=49162
