info|2019-12-13 09:42:18.008907|[g:1][CONSENSUS][SEALER]++++++++++++++++ Generating seal on,blkNum=69,tx=0,nodeIdx=0,hash=e168324f...
warning|2019-12-13 09:42:18.009148|[g:1][CONSENSUS][PBFT]ViewChangeWarning: not caused by omit empty block ,v=476,toV=477,curNum=68,hash=685b9589...,nodeIdx=0,myNode=19b3f6e2...
info|2019-12-13 09:42:18.010471|[g:1][CONSENSUS][PBFT]checkTimeout Succ,view=476,toView=477,nodeIdx=0,changeCycle=1,myNode=19b3f6e2...,timecost=2.998
info|2019-12-13 09:42:18.010562|[P2P][Service] heartBeat,connected count=3
info|2019-12-13 09:42:18.012828|[g:1][CONSENSUS][PBFT]checkTimeout Succ,view=476,toView=478,nodeIdx=0,changeCycle=0,myNode=19b3f6e2...,timecost=0.515
info|2019-12-13 09:42:19.012971|[g:1][CONSENSUS][PBFT]FutureBlock,EINFO=handlePrepareMsg,reqIdx=1,view=477,reqNum=69,curNum=68,consNum=69,fromIp=127.0.0.1:30301,hash=00e6c7f8...,nodeIdx=0,myNode=19b3f6e2...,curChangeCycle=0
info|2019-12-13 09:42:19.012988|[g:1][CONSENSUS]addFuturePrepareCache,height=69,reqIdx=1,hash=00e6c7f8...
info|2019-12-13 09:42:19.013786|[g:1][CONSENSUS][PBFT]FutureBlock,EINFO=handlePrepareMsg,reqIdx=1,view=477,reqNum=69,curNum=68,consNum=69,fromIp=127.0.0.1:30303,hash=00e6c7f8...,nodeIdx=0,myNode=19b3f6e2...,curChangeCycle=0
info|2019-12-13 09:42:19.013821|[g:1][CONSENSUS][PBFT]FutureBlock,EINFO=handlePrepareMsg,reqIdx=1,view=477,reqNum=69,curNum=68,consNum=69,fromIp=127.0.0.1:30300,hash=00e6c7f8...,nodeIdx=0,myNode=19b3f6e2...,curChangeCycle=0
info|2019-12-13 09:42:19.014494|[g:1][CONSENSUS][PBFT]checkAndChangeView, update m_changeCycle to 1
info|2019-12-13 09:42:19.014503|[g:1][CONSENSUS][PBFT]checkAndChangeView: Reach consensus,org_view=476,org_changeCycle=0,cur_changeCycle=1,to_view=478
info|2019-12-13 09:42:20.016426|[g:1][CONSENSUS]addRawPrepare,height=69,reqIdx=2,hash=f34060be...
info|2019-12-13 09:42:20.016933|[g:1][CONSENSUS][PBFT]checkTimeout Succ,view=478,toView=479,nodeIdx=0,changeCycle=0,myNode=19b3f6e2...,timecost=0.406
info|2019-12-13 09:42:20.018443|[g:1][CONSENSUS][PBFT]checkAndChangeView: Reach consensus,org_view=478,org_changeCycle=0,cur_changeCycle=0,to_view=479
info|2019-12-13 09:42:21.019927|[g:1][CONSENSUS]addRawPrepare,height=69,reqIdx=3,hash=d1477995...
info|2019-12-13 09:42:21.020463|[g:1][CONSENSUS][PBFT]checkTimeout Succ,view=479,toView=480,nodeIdx=0,changeCycle=0,myNode=19b3f6e2...,timecost=0.398
info|2019-12-13 09:42:21.021709|[g:1][CONSENSUS][PBFT]checkAndChangeView: Reach consensus,org_view=479,org_changeCycle=0,cur_changeCycle=0,to_view=480
info|2019-12-13 09:42:22.022476|[g:1][CONSENSUS][SEALER]++++++++++++++++ Generating seal on,blkNum=69,tx=0,nodeIdx=0,hash=3ab16077...
info|2019-12-13 09:42:22.023408|[g:1][CONSENSUS][PBFT]checkTimeout Succ,view=480,toView=481,nodeIdx=0,changeCycle=0,myNode=19b3f6e2...,timecost=0.463
info|2019-12-13 09:42:22.026033|[g:1][CONSENSUS][PBFT]checkAndChangeView: Reach consensus,org_view=480,org_changeCycle=0,cur_changeCycle=0,to_view=481
info|2019-12-13 09:42:23.026474|[g:1][CONSENSUS]addRawPrepare,height=69,reqIdx=1,hash=5e1dad40...
info|2019-12-13 09:42:23.027595|[g:1][CONSENSUS][PBFT]checkTimeout Succ,view=481,toView=482,nodeIdx=0,changeCycle=0,myNode=19b3f6e2...,timecost=0.962
info|2019-12-13 09:42:23.029084|[g:1][CONSENSUS][PBFT]checkAndChangeView: Reach consensus,org_view=481,org_changeCycle=0,cur_changeCycle=0,to_view=482
info|2019-12-13 09:42:24.029536|[g:1][CONSENSUS]addRawPrepare,height=69,reqIdx=2,hash=ec6ce778...
info|2019-12-13 09:42:24.030123|[g:1][CONSENSUS][PBFT]checkTimeout Succ,view=482,toView=483,nodeIdx=0,changeCycle=0,myNode=19b3f6e2...,timecost=0.426
info|2019-12-13 09:42:24.032003|[g:1][CONSENSUS][PBFT]checkAndChangeView: Reach consensus,org_view=482,org_changeCycle=0,cur_changeCycle=0,to_view=483
info|2019-12-13 09:42:25.033874|[g:1][CONSENSUS]addRawPrepare,height=69,reqIdx=3,hash=ed0b941a...
info|2019-12-13 09:42:25.034654|[g:1][CONSENSUS][PBFT]checkTimeout Succ,view=483,toView=484,nodeIdx=0,changeCycle=0,myNode=19b3f6e2...,timecost=0.649
info|2019-12-13 09:42:25.036340|[g:1][CONSENSUS][PBFT]checkAndChangeView: Reach consensus,org_view=483,org_changeCycle=0,cur_changeCycle=0,to_view=484
info|2019-12-13 09:42:26.037464|[g:1][CONSENSUS][SEALER]++++++++++++++++ Generating seal on,blkNum=69,tx=0,nodeIdx=0,hash=f364d4bc...
info|2019-12-13 09:42:26.038102|[g:1][CONSENSUS][PBFT]checkTimeout Succ,view=484,toView=485,nodeIdx=0,changeCycle=0,myNode=19b3f6e2...,timecost=0.276
info|2019-12-13 09:42:26.039900|[g:1][CONSENSUS][PBFT]checkAndChangeView: Reach consensus,org_view=484,org_changeCycle=0,cur_changeCycle=0,to_view=485
info|2019-12-13 09:42:27.041444|[g:1][CONSENSUS]addRawPrepare,height=69,reqIdx=1,hash=9cf8a3c0...
info|2019-12-13 09:42:27.042042|[g:1][CONSENSUS][PBFT]checkTimeout Succ,view=485,toView=486,nodeIdx=0,changeCycle=0,myNode=19b3f6e2...,timecost=0.438
info|2019-12-13 09:42:27.043761|[g:1][CONSENSUS][PBFT]checkAndChangeView: Reach consensus,org_view=485,org_changeCycle=0,cur_changeCycle=0,to_view=486
info|2019-12-13 09:42:28.013309|[P2P][Service] heartBeat,connected count=3
info|2019-12-13 09:42:28.045738|[g:1][CONSENSUS]addRawPrepare,height=69,reqIdx=2,hash=41884236...
info|2019-12-13 09:42:28.046651|[g:1][CONSENSUS][PBFT]checkTimeout Succ,view=486,toView=487,nodeIdx=0,changeCycle=0,myNode=19b3f6e2...,timecost=0.752
info|2019-12-13 09:42:28.048535|[g:1][CONSENSUS][PBFT]checkAndChangeView: Reach consensus,org_view=486,org_changeCycle=0,cur_changeCycle=0,to_view=487
info|2019-12-13 09:42:29.050464|[g:1][CONSENSUS]addRawPrepare,height=69,reqIdx=3,hash=8108a152...
info|2019-12-13 09:42:29.051102|[g:1][CONSENSUS][PBFT]checkTimeout Succ,view=487,toView=488,nodeIdx=0,changeCycle=0,myNode=19b3f6e2...,timecost=0.483
info|2019-12-13 09:42:29.052915|[g:1][CONSENSUS][PBFT]checkAndChangeView: Reach consensus,org_view=487,org_changeCycle=0,cur_changeCycle=0,to_view=488
info|2019-12-13 09:42:30.052979|[g:1][CONSENSUS][SEALER]++++++++++++++++ Generating seal on,blkNum=69,tx=0,nodeIdx=0,hash=d394c517...
info|2019-12-13 09:42:30.055564|[g:1][CONSENSUS][PBFT]checkTimeout Succ,view=488,toView=489,nodeIdx=0,changeCycle=0,myNode=19b3f6e2...,timecost=0.418
info|2019-12-13 09:42:30.056967|[g:1][CONSENSUS][PBFT]checkAndChangeView: Reach consensus,org_view=488,org_changeCycle=0,cur_changeCycle=0,to_view=489
info|2019-12-13 09:42:31.057756|[g:1][CONSENSUS]addRawPrepare,height=69,reqIdx=1,hash=3b49ba77...
info|2019-12-13 09:42:31.058342|[g:1][CONSENSUS][PBFT]checkTimeout Succ,view=489,toView=490,nodeIdx=0,changeCycle=0,myNode=19b3f6e2...,timecost=0.446
info|2019-12-13 09:42:31.059687|[g:1][CONSENSUS][PBFT]checkAndChangeView: Reach consensus,org_view=489,org_changeCycle=0,cur_changeCycle=0,to_view=490
info|2019-12-13 09:42:32.061378|[g:1][CONSENSUS]addRawPrepare,height=69,reqIdx=2,hash=f9040ba2...
info|2019-12-13 09:42:32.061983|[g:1][CONSENSUS][PBFT]checkTimeout Succ,view=490,toView=491,nodeIdx=0,changeCycle=0,myNode=19b3f6e2...,timecost=0.465
info|2019-12-13 09:42:32.063815|[g:1][CONSENSUS][PBFT]checkAndChangeView: Reach consensus,org_view=490,org_changeCycle=0,cur_changeCycle=0,to_view=491
info|2019-12-13 09:42:33.065669|[g:1][CONSENSUS]addRawPrepare,height=69,reqIdx=3,hash=f4e96331...
info|2019-12-13 09:42:33.066544|[g:1][CONSENSUS][PBFT]checkTimeout Succ,view=491,toView=492,nodeIdx=0,changeCycle=0,myNode=19b3f6e2...,timecost=0.681
info|2019-12-13 09:42:33.068033|[g:1][CONSENSUS][PBFT]checkAndChangeView: Reach consensus,org_view=491,org_changeCycle=0,cur_changeCycle=0,to_view=492
info|2019-12-13 09:42:34.068630|[g:1][CONSENSUS][SEALER]++++++++++++++++ Generating seal on,blkNum=69,tx=0,nodeIdx=0,hash=58d3232b...
info|2019-12-13 09:42:34.069675|[g:1][CONSENSUS][PBFT]checkTimeout Succ,view=492,toView=493,nodeIdx=0,changeCycle=0,myNode=19b3f6e2...,timecost=0.542
info|2019-12-13 09:42:34.072173|[g:1][CONSENSUS][PBFT]checkAndChangeView: Reach consensus,org_view=492,org_changeCycle=0,cur_changeCycle=0,to_view=493
info|2019-12-13 09:42:35.075007|[g:1][CONSENSUS]addRawPrepare,height=69,reqIdx=1,hash=d69b99ce...
info|2019-12-13 09:42:35.075702|[g:1][CONSENSUS][PBFT]checkTimeout Succ,view=493,toView=494,nodeIdx=0,changeCycle=0,myNode=19b3f6e2...,timecost=0.507
info|2019-12-13 09:42:35.077529|[g:1][CONSENSUS][PBFT]checkAndChangeView: Reach consensus,org_view=493,org_changeCycle=0,cur_changeCycle=0,to_view=494
info|2019-12-13 09:42:36.078945|[g:1][CONSENSUS]addRawPrepare,height=69,reqIdx=2,hash=d9cab858...
info|2019-12-13 09:42:36.079489|[g:1][CONSENSUS][PBFT]checkTimeout Succ,view=494,toView=495,nodeIdx=0,changeCycle=0,myNode=19b3f6e2...,timecost=0.429
info|2019-12-13 09:42:36.080874|[g:1][CONSENSUS][PBFT]checkAndChangeView: Reach consensus,org_view=494,org_changeCycle=0,cur_changeCycle=0,to_view=495
info|2019-12-13 09:42:37.082338|[g:1][CONSENSUS]addRawPrepare,height=69,reqIdx=3,hash=28daa527...
info|2019-12-13 09:42:37.082852|[g:1][CONSENSUS][PBFT]checkTimeout Succ,view=495,toView=496,nodeIdx=0,changeCycle=0,myNode=19b3f6e2...,timecost=0.386
info|2019-12-13 09:42:37.083784|[g:1][CONSENSUS][PBFT]checkAndChangeView: Reach consensus,org_view=495,org_changeCycle=0,cur_changeCycle=0,to_view=496
info|2019-12-13 09:42:38.022358|[P2P][Service] heartBeat,connected count=3
info|2019-12-13 09:42:38.083713|[g:1][CONSENSUS][SEALER]++++++++++++++++ Generating seal on,blkNum=69,tx=0,nodeIdx=0,hash=85b18b33...
info|2019-12-13 09:42:38.086635|[g:1][CONSENSUS][PBFT]checkTimeout Succ,view=496,toView=497,nodeIdx=0,changeCycle=0,myNode=19b3f6e2...,timecost=0.537
info|2019-12-13 09:42:38.088015|[g:1][CONSENSUS][PBFT]checkAndChangeView: Reach consensus,org_view=496,org_changeCycle=0,cur_changeCycle=0,to_view=497
info|2019-12-13 09:42:39.089607|[g:1][CONSENSUS]addRawPrepare,height=69,reqIdx=1,hash=5896ccca...
info|2019-12-13 09:42:39.090367|[g:1][CONSENSUS][PBFT]checkTimeout Succ,view=497,toView=498,nodeIdx=0,changeCycle=0,myNode=19b3f6e2...,timecost=0.547
info|2019-12-13 09:42:39.092139|[g:1][CONSENSUS][PBFT]checkAndChangeView: Reach consensus,org_view=497,org_changeCycle=0,cur_changeCycle=0,to_view=498
info|2019-12-13 09:42:40.092889|[g:1][CONSENSUS]addRawPrepare,height=69,reqIdx=2,hash=3b17927f...
info|2019-12-13 09:42:40.093481|[g:1][CONSENSUS][PBFT]checkTimeout Succ,view=498,toView=499,nodeIdx=0,changeCycle=0,myNode=19b3f6e2...,timecost=0.467
info|2019-12-13 09:42:40.094872|[g:1][CONSENSUS][PBFT]checkAndChangeView: Reach consensus,org_view=498,org_changeCycle=0,cur_changeCycle=0,to_view=499
info|2019-12-13 09:42:41.096065|[g:1][CONSENSUS]addRawPrepare,height=69,reqIdx=3,hash=00ea8f92...
info|2019-12-13 09:42:41.096630|[g:1][CONSENSUS][PBFT]checkTimeout Succ,view=499,toView=500,nodeIdx=0,changeCycle=0,myNode=19b3f6e2...,timecost=0.42
info|2019-12-13 09:42:41.098011|[g:1][CONSENSUS][PBFT]checkAndChangeView: Reach consensus,org_view=499,org_changeCycle=0,cur_changeCycle=0,to_view=500
info|2019-12-13 09:42:42.099137|[g:1][CONSENSUS][SEALER]++++++++++++++++ Generating seal on,blkNum=69,tx=0,nodeIdx=0,hash=8d639f2a...
info|2019-12-13 09:42:42.100284|[g:1][CONSENSUS][PBFT]checkTimeout Succ,view=500,toView=501,nodeIdx=0,changeCycle=0,myNode=19b3f6e2...,timecost=0.444
info|2019-12-13 09:42:42.103522|[g:1][CONSENSUS][PBFT]checkAndChangeView: Reach consensus,org_view=500,org_changeCycle=0,cur_changeCycle=0,to_view=501
info|2019-12-13 09:42:43.104704|[g:1][CONSENSUS]addRawPrepare,height=69,reqIdx=1,hash=f7a86940...
info|2019-12-13 09:42:43.105483|[g:1][CONSENSUS][PBFT]checkTimeout Succ,view=501,toView=502,nodeIdx=0,changeCycle=0,myNode=19b3f6e2...,timecost=0.65
info|2019-12-13 09:42:43.106895|[g:1][CONSENSUS][PBFT]checkAndChangeView: Reach consensus,org_view=501,org_changeCycle=0,cur_changeCycle=0,to_view=502
info|2019-12-13 09:42:44.108187|[g:1][CONSENSUS]addRawPrepare,height=69,reqIdx=2,hash=e9a58d74...
info|2019-12-13 09:42:44.108835|[g:1][CONSENSUS][PBFT]checkTimeout Succ,view=502,toView=503,nodeIdx=0,changeCycle=0,myNode=19b3f6e2...,timecost=0.473
info|2019-12-13 09:42:44.110451|[g:1][CONSENSUS][PBFT]checkAndChangeView: Reach consensus,org_view=502,org_changeCycle=0,cur_changeCycle=0,to_view=503
info|2019-12-13 09:42:45.111941|[g:1][CONSENSUS]addRawPrepare,height=69,reqIdx=3,hash=41db15ef...
info|2019-12-13 09:42:45.112959|[g:1][CONSENSUS][PBFT]checkTimeout Succ,view=503,toView=504,nodeIdx=0,changeCycle=0,myNode=19b3f6e2...,timecost=0.754
info|2019-12-13 09:42:45.114527|[g:1][CONSENSUS][PBFT]checkAndChangeView: Reach consensus,org_view=503,org_changeCycle=0,cur_changeCycle=0,to_view=504
info|2019-12-13 09:42:46.115155|[g:1][CONSENSUS][SEALER]++++++++++++++++ Generating seal on,blkNum=69,tx=0,nodeIdx=0,hash=de38c11d...
info|2019-12-13 09:42:46.116133|[g:1][CONSENSUS][PBFT]checkTimeout Succ,view=504,toView=505,nodeIdx=0,changeCycle=0,myNode=19b3f6e2...,timecost=0.472
info|2019-12-13 09:42:46.118771|[g:1][CONSENSUS][PBFT]checkAndChangeView: Reach consensus,org_view=504,org_changeCycle=0,cur_changeCycle=0,to_view=505
info|2019-12-13 09:42:47.120909|[g:1][CONSENSUS]addRawPrepare,height=69,reqIdx=1,hash=1bb57b73...
info|2019-12-13 09:42:47.121547|[g:1][CONSENSUS][PBFT]checkTimeout Succ,view=505,toView=506,nodeIdx=0,changeCycle=0,myNode=19b3f6e2...,timecost=0.472
info|2019-12-13 09:42:47.123183|[g:1][CONSENSUS][PBFT]checkAndChangeView: Reach consensus,org_view=505,org_changeCycle=0,cur_changeCycle=0,to_view=506
info|2019-12-13 09:42:48.023330|[P2P][Service] heartBeat,connected count=3
info|2019-12-13 09:42:48.125232|[g:1][CONSENSUS]addRawPrepare,height=69,reqIdx=2,hash=8560bbf8...
info|2019-12-13 09:42:48.126034|[g:1][CONSENSUS][PBFT]checkTimeout Succ,view=506,toView=507,nodeIdx=0,changeCycle=0,myNode=19b3f6e2...,timecost=0.674
info|2019-12-13 09:42:48.127528|[g:1][CONSENSUS][PBFT]checkAndChangeView: Reach consensus,org_view=506,org_changeCycle=0,cur_changeCycle=0,to_view=507
info|2019-12-13 09:42:49.129144|[g:1][CONSENSUS]addRawPrepare,height=69,reqIdx=3,hash=0b56d578...
info|2019-12-13 09:42:49.129697|[g:1][CONSENSUS][PBFT]checkTimeout Succ,view=507,toView=508,nodeIdx=0,changeCycle=0,myNode=19b3f6e2...,timecost=0.429
info|2019-12-13 09:42:49.131132|[g:1][CONSENSUS][PBFT]checkAndChangeView: Reach consensus,org_view=507,org_changeCycle=0,cur_changeCycle=0,to_view=508
info|2019-12-13 09:42:50.132336|[g:1][CONSENSUS][SEALER]++++++++++++++++ Generating seal on,blkNum=69,tx=0,nodeIdx=0,hash=470d3275...
info|2019-12-13 09:42:50.135354|[g:1][CONSENSUS][PBFT]checkTimeout Succ,view=508,toView=509,nodeIdx=0,changeCycle=0,myNode=19b3f6e2...,timecost=0.396
info|2019-12-13 09:42:50.135906|[g:1][CONSENSUS][PBFT]checkAndChangeView: Reach consensus,org_view=508,org_changeCycle=0,cur_changeCycle=0,to_view=509
info|2019-12-13 09:42:51.140961|[g:1][CONSENSUS]addRawPrepare,height=69,reqIdx=1,hash=8b2d37d1...
info|2019-12-13 09:42:51.141559|[g:1][CONSENSUS][PBFT]checkTimeout Succ,view=509,toView=510,nodeIdx=0,changeCycle=0,myNode=19b3f6e2...,timecost=0.461
info|2019-12-13 09:42:51.142999|[g:1][CONSENSUS][PBFT]checkAndChangeView: Reach consensus,org_view=509,org_changeCycle=0,cur_changeCycle=0,to_view=510
info|2019-12-13 09:42:52.145740|[g:1][CONSENSUS]addRawPrepare,height=69,reqIdx=2,hash=eb0ba3a9...
info|2019-12-13 09:42:52.146349|[g:1][CONSENSUS][PBFT]checkTimeout Succ,view=510,toView=511,nodeIdx=0,changeCycle=0,myNode=19b3f6e2...,timecost=0.441
info|2019-12-13 09:42:52.147905|[g:1][CONSENSUS][PBFT]checkAndChangeView: Reach consensus,org_view=510,org_changeCycle=0,cur_changeCycle=0,to_view=511
info|2019-12-13 09:42:53.149285|[g:1][CONSENSUS]addRawPrepare,height=69,reqIdx=3,hash=5d79d548...
info|2019-12-13 09:42:53.150213|[g:1][CONSENSUS][PBFT]checkTimeout Succ,view=511,toView=512,nodeIdx=0,changeCycle=0,myNode=19b3f6e2...,timecost=0.835
info|2019-12-13 09:42:53.151300|[g:1][CONSENSUS][PBFT]checkAndChangeView: Reach consensus,org_view=511,org_changeCycle=0,cur_changeCycle=0,to_view=512
info|2019-12-13 09:42:54.152403|[g:1][CONSENSUS][SEALER]++++++++++++++++ Generating seal on,blkNum=69,tx=0,nodeIdx=0,hash=ce926884...
info|2019-12-13 09:42:54.155468|[g:1][CONSENSUS][PBFT]checkTimeout Succ,view=512,toView=513,nodeIdx=0,changeCycle=0,myNode=19b3f6e2...,timecost=0.439
info|2019-12-13 09:42:54.156262|[g:1][CONSENSUS][PBFT]checkAndChangeView: Reach consensus,org_view=512,org_changeCycle=0,cur_changeCycle=0,to_view=513
info|2019-12-13 09:42:55.157747|[g:1][CONSENSUS]addRawPrepare,height=69,reqIdx=1,hash=9521a5ad...
info|2019-12-13 09:42:55.158241|[g:1][CONSENSUS][PBFT]checkTimeout Succ,view=513,toView=514,nodeIdx=0,changeCycle=0,myNode=19b3f6e2...,timecost=0.401
info|2019-12-13 09:42:55.159371|[g:1][CONSENSUS][PBFT]checkAndChangeView: Reach consensus,org_view=513,org_changeCycle=0,cur_changeCycle=0,to_view=514
info|2019-12-13 09:42:56.160567|[g:1][CONSENSUS]addRawPrepare,height=69,reqIdx=2,hash=d1b2f260...
info|2019-12-13 09:42:56.161034|[g:1][CONSENSUS][PBFT]checkTimeout Succ,view=514,toView=515,nodeIdx=0,changeCycle=0,myNode=19b3f6e2...,timecost=0.341
info|2019-12-13 09:42:56.161965|[g:1][CONSENSUS][PBFT]checkAndChangeView: Reach consensus,org_view=514,org_changeCycle=0,cur_changeCycle=0,to_view=515
info|2019-12-13 09:42:57.164553|[g:1][CONSENSUS]addRawPrepare,height=69,reqIdx=3,hash=8159ca1a...
info|2019-12-13 09:42:57.165103|[g:1][CONSENSUS][PBFT]checkTimeout Succ,view=515,toView=516,nodeIdx=0,changeCycle=0,myNode=19b3f6e2...,timecost=0.428
info|2019-12-13 09:42:57.166354|[g:1][CONSENSUS][PBFT]checkAndChangeView: Reach consensus,org_view=515,org_changeCycle=0,cur_changeCycle=0,to_view=516
info|2019-12-13 09:42:58.028521|[P2P][Service] heartBeat,connected count=3
info|2019-12-13 09:42:58.167018|[g:1][CONSENSUS][SEALER]++++++++++++++++ Generating seal on,blkNum=69,tx=0,nodeIdx=0,hash=be3f1944...
info|2019-12-13 09:42:58.168256|[g:1][CONSENSUS][PBFT]checkTimeout Succ,view=516,toView=517,nodeIdx=0,changeCycle=0,myNode=19b3f6e2...,timecost=0.756
info|2019-12-13 09:42:58.170876|[g:1][CONSENSUS][PBFT]checkAndChangeView: Reach consensus,org_view=516,org_changeCycle=0,cur_changeCycle=0,to_view=517
info|2019-12-13 09:42:59.172278|[g:1][CONSENSUS]addRawPrepare,height=69,reqIdx=1,hash=1d3ec93e...
info|2019-12-13 09:42:59.173002|[g:1][CONSENSUS][PBFT]checkTimeout Succ,view=517,toView=518,nodeIdx=0,changeCycle=0,myNode=19b3f6e2...,timecost=0.564
info|2019-12-13 09:42:59.174603|[g:1][CONSENSUS][PBFT]checkAndChangeView: Reach consensus,org_view=517,org_changeCycle=0,cur_changeCycle=0,to_view=518
