info|2019-11-12 07:39:34.002696|[P2P][Service] heartBeat,connected count=3
warning|2019-11-12 07:39:34.007352|[g:1][CONSENSUS][PBFT]ViewChangeWarning: not caused by omit empty block ,v=22414,toV=22415,curNum=0,hash=f72cae63...,nodeIdx=0,myNode=19b3f6e2...
info|2019-11-12 07:39:34.007499|[g:1][CONSENSUS][PBFT]checkTimeout Succ,view=22414,toView=22415,nodeIdx=0,changeCycle=1,myNode=19b3f6e2...,timecost=0.669
info|2019-11-12 07:39:34.011267|[g:1][CONSENSUS][PBFT]checkAndChangeView: Reach consensus,org_view=22414,org_changeCycle=1,cur_changeCycle=1,to_view=22415
info|2019-11-12 07:39:35.014296|[g:1][CONSENSUS]addRawPrepare,height=1,reqIdx=3,hash=ce7eed0b...
info|2019-11-12 07:39:35.014961|[g:1][CONSENSUS][PBFT]checkTimeout Succ,view=22415,toView=22416,nodeIdx=0,changeCycle=0,myNode=19b3f6e2...,timecost=0.554
info|2019-11-12 07:39:35.016626|[g:1][CONSENSUS][PBFT]checkAndChangeView: Reach consensus,org_view=22415,org_changeCycle=0,cur_changeCycle=0,to_view=22416
info|2019-11-12 07:39:36.016969|[g:1][CONSENSUS][SEALER]++++++++++++++++ Generating seal on,blkNum=1,tx=0,nodeIdx=0,hash=a291ff35...
info|2019-11-12 07:39:36.019469|[g:1][CONSENSUS][PBFT]checkTimeout Succ,view=22416,toView=22417,nodeIdx=0,changeCycle=0,myNode=19b3f6e2...,timecost=0.406
info|2019-11-12 07:39:36.020005|[g:1][CONSENSUS][PBFT]checkAndChangeView: Reach consensus,org_view=22416,org_changeCycle=0,cur_changeCycle=0,to_view=22417
info|2019-11-12 07:39:37.020280|[g:1][CONSENSUS]addRawPrepare,height=1,reqIdx=1,hash=4097e382...
info|2019-11-12 07:39:37.020760|[g:1][CONSENSUS][PBFT]checkTimeout Succ,view=22417,toView=22418,nodeIdx=0,changeCycle=0,myNode=19b3f6e2...,timecost=0.347
info|2019-11-12 07:39:37.021885|[g:1][CONSENSUS][PBFT]checkAndChangeView: Reach consensus,org_view=22417,org_changeCycle=0,cur_changeCycle=0,to_view=22418
info|2019-11-12 07:39:38.024446|[g:1][CONSENSUS]addRawPrepare,height=1,reqIdx=2,hash=685d26c4...
info|2019-11-12 07:39:38.025004|[g:1][CONSENSUS][PBFT]checkTimeout Succ,view=22418,toView=22419,nodeIdx=0,changeCycle=0,myNode=19b3f6e2...,timecost=0.432
info|2019-11-12 07:39:38.026110|[g:1][CONSENSUS][PBFT]checkAndChangeView: Reach consensus,org_view=22418,org_changeCycle=0,cur_changeCycle=0,to_view=22419
info|2019-11-12 07:39:39.028340|[g:1][CONSENSUS]addRawPrepare,height=1,reqIdx=3,hash=d13c8af6...
info|2019-11-12 07:39:39.029349|[g:1][CONSENSUS][PBFT]checkTimeout Succ,view=22419,toView=22420,nodeIdx=0,changeCycle=0,myNode=19b3f6e2...,timecost=0.875
info|2019-11-12 07:39:39.030506|[g:1][CONSENSUS][PBFT]checkAndChangeView: Reach consensus,org_view=22419,org_changeCycle=0,cur_changeCycle=0,to_view=22420
info|2019-11-12 07:39:40.031394|[g:1][CONSENSUS][SEALER]++++++++++++++++ Generating seal on,blkNum=1,tx=0,nodeIdx=0,hash=e449e86d...
info|2019-11-12 07:39:40.034528|[g:1][CONSENSUS][PBFT]checkTimeout Succ,view=22420,toView=22421,nodeIdx=0,changeCycle=0,myNode=19b3f6e2...,timecost=0.395
info|2019-11-12 07:39:40.035270|[g:1][CONSENSUS][PBFT]checkAndChangeView: Reach consensus,org_view=22420,org_changeCycle=0,cur_changeCycle=0,to_view=22421
info|2019-11-12 07:39:41.036176|[g:1][CONSENSUS]addRawPrepare,height=1,reqIdx=1,hash=1591bfdf...
info|2019-11-12 07:39:41.036764|[g:1][CONSENSUS][PBFT]checkTimeout Succ,view=22421,toView=22422,nodeIdx=0,changeCycle=0,myNode=19b3f6e2...,timecost=0.381
info|2019-11-12 07:39:41.037966|[g:1][CONSENSUS][PBFT]checkAndChangeView: Reach consensus,org_view=22421,org_changeCycle=0,cur_changeCycle=0,to_view=22422
info|2019-11-12 07:39:42.040668|[g:1][CONSENSUS]addRawPrepare,height=1,reqIdx=2,hash=9c01535c...
info|2019-11-12 07:39:42.041327|[g:1][CONSENSUS][PBFT]checkTimeout Succ,view=22422,toView=22423,nodeIdx=0,changeCycle=0,myNode=19b3f6e2...,timecost=0.481
info|2019-11-12 07:39:42.043160|[g:1][CONSENSUS][PBFT]checkAndChangeView: Reach consensus,org_view=22422,org_changeCycle=0,cur_changeCycle=0,to_view=22423
info|2019-11-12 07:39:43.045891|[g:1][CONSENSUS]addRawPrepare,height=1,reqIdx=3,hash=2a46a543...
info|2019-11-12 07:39:43.046409|[g:1][CONSENSUS][PBFT]checkTimeout Succ,view=22423,toView=22424,nodeIdx=0,changeCycle=0,myNode=19b3f6e2...,timecost=0.392
info|2019-11-12 07:39:43.047533|[g:1][CONSENSUS][PBFT]checkAndChangeView: Reach consensus,org_view=22423,org_changeCycle=0,cur_changeCycle=0,to_view=22424
info|2019-11-12 07:39:44.009094|[P2P][Service] heartBeat,connected count=3
info|2019-11-12 07:39:44.047907|[g:1][CONSENSUS][SEALER]++++++++++++++++ Generating seal on,blkNum=1,tx=0,nodeIdx=0,hash=3167a57d...
info|2019-11-12 07:39:44.048634|[g:1][CONSENSUS][PBFT]checkTimeout Succ,view=22424,toView=22425,nodeIdx=0,changeCycle=0,myNode=19b3f6e2...,timecost=0.406
info|2019-11-12 07:39:44.050973|[g:1][CONSENSUS][PBFT]checkAndChangeView: Reach consensus,org_view=22424,org_changeCycle=0,cur_changeCycle=0,to_view=22425
info|2019-11-12 07:39:45.052622|[g:1][CONSENSUS]addRawPrepare,height=1,reqIdx=1,hash=4c07dcaf...
info|2019-11-12 07:39:45.053278|[g:1][CONSENSUS][PBFT]checkTimeout Succ,view=22425,toView=22426,nodeIdx=0,changeCycle=0,myNode=19b3f6e2...,timecost=0.492
info|2019-11-12 07:39:45.054827|[g:1][CONSENSUS][PBFT]checkAndChangeView: Reach consensus,org_view=22425,org_changeCycle=0,cur_changeCycle=0,to_view=22426
info|2019-11-12 07:39:46.056450|[g:1][CONSENSUS]addRawPrepare,height=1,reqIdx=2,hash=9af3801a...
info|2019-11-12 07:39:46.057081|[g:1][CONSENSUS][PBFT]checkTimeout Succ,view=22426,toView=22427,nodeIdx=0,changeCycle=0,myNode=19b3f6e2...,timecost=0.504
info|2019-11-12 07:39:46.058720|[g:1][CONSENSUS][PBFT]checkAndChangeView: Reach consensus,org_view=22426,org_changeCycle=0,cur_changeCycle=0,to_view=22427
info|2019-11-12 07:39:47.060664|[g:1][CONSENSUS]addRawPrepare,height=1,reqIdx=3,hash=d52e0460...
info|2019-11-12 07:39:47.061352|[g:1][CONSENSUS][PBFT]checkTimeout Succ,view=22427,toView=22428,nodeIdx=0,changeCycle=0,myNode=19b3f6e2...,timecost=0.502
info|2019-11-12 07:39:47.063033|[g:1][CONSENSUS][PBFT]checkAndChangeView: Reach consensus,org_view=22427,org_changeCycle=0,cur_changeCycle=0,to_view=22428
info|2019-11-12 07:39:48.063966|[g:1][CONSENSUS][SEALER]++++++++++++++++ Generating seal on,blkNum=1,tx=0,nodeIdx=0,hash=446cae6f...
info|2019-11-12 07:39:48.064946|[g:1][CONSENSUS][PBFT]checkTimeout Succ,view=22428,toView=22429,nodeIdx=0,changeCycle=0,myNode=19b3f6e2...,timecost=0.499
info|2019-11-12 07:39:48.067379|[g:1][CONSENSUS][PBFT]checkAndChangeView: Reach consensus,org_view=22428,org_changeCycle=0,cur_changeCycle=0,to_view=22429
info|2019-11-12 07:39:49.069673|[g:1][CONSENSUS]addRawPrepare,height=1,reqIdx=1,hash=221f7f80...
info|2019-11-12 07:39:49.070978|[g:1][CONSENSUS][PBFT]checkTimeout Succ,view=22429,toView=22430,nodeIdx=0,changeCycle=0,myNode=19b3f6e2...,timecost=1.145
info|2019-11-12 07:39:49.072436|[g:1][CONSENSUS][PBFT]checkAndChangeView: Reach consensus,org_view=22429,org_changeCycle=0,cur_changeCycle=0,to_view=22430
info|2019-11-12 07:39:50.073206|[g:1][CONSENSUS]addRawPrepare,height=1,reqIdx=2,hash=18a86e9b...
info|2019-11-12 07:39:50.073848|[g:1][CONSENSUS][PBFT]checkTimeout Succ,view=22430,toView=22431,nodeIdx=0,changeCycle=0,myNode=19b3f6e2...,timecost=0.513
info|2019-11-12 07:39:50.075578|[g:1][CONSENSUS][PBFT]checkAndChangeView: Reach consensus,org_view=22430,org_changeCycle=0,cur_changeCycle=0,to_view=22431
info|2019-11-12 07:39:51.077598|[g:1][CONSENSUS]addRawPrepare,height=1,reqIdx=3,hash=907c6286...
info|2019-11-12 07:39:51.078552|[g:1][CONSENSUS][PBFT]checkTimeout Succ,view=22431,toView=22432,nodeIdx=0,changeCycle=0,myNode=19b3f6e2...,timecost=0.77
info|2019-11-12 07:39:51.079946|[g:1][CONSENSUS][PBFT]checkAndChangeView: Reach consensus,org_view=22431,org_changeCycle=0,cur_changeCycle=0,to_view=22432
info|2019-11-12 07:39:52.079931|[g:1][CONSENSUS][SEALER]++++++++++++++++ Generating seal on,blkNum=1,tx=0,nodeIdx=0,hash=77cc7271...
info|2019-11-12 07:39:52.080895|[g:1][CONSENSUS][PBFT]checkTimeout Succ,view=22432,toView=22433,nodeIdx=0,changeCycle=0,myNode=19b3f6e2...,timecost=0.493
info|2019-11-12 07:39:52.083581|[g:1][CONSENSUS][PBFT]checkAndChangeView: Reach consensus,org_view=22432,org_changeCycle=0,cur_changeCycle=0,to_view=22433
info|2019-11-12 07:39:53.085112|[g:1][CONSENSUS]addRawPrepare,height=1,reqIdx=1,hash=9a21e9a8...
info|2019-11-12 07:39:53.085907|[g:1][CONSENSUS][PBFT]checkTimeout Succ,view=22433,toView=22434,nodeIdx=0,changeCycle=0,myNode=19b3f6e2...,timecost=0.583
info|2019-11-12 07:39:53.087516|[g:1][CONSENSUS][PBFT]checkAndChangeView: Reach consensus,org_view=22433,org_changeCycle=0,cur_changeCycle=0,to_view=22434
info|2019-11-12 07:39:54.009622|[P2P][Service] heartBeat,connected count=3
info|2019-11-12 07:39:54.089870|[g:1][CONSENSUS]addRawPrepare,height=1,reqIdx=2,hash=0312f4ad...
info|2019-11-12 07:39:54.090940|[g:1][CONSENSUS][PBFT]checkTimeout Succ,view=22434,toView=22435,nodeIdx=0,changeCycle=0,myNode=19b3f6e2...,timecost=0.951
info|2019-11-12 07:39:54.092585|[g:1][CONSENSUS][PBFT]checkAndChangeView: Reach consensus,org_view=22434,org_changeCycle=0,cur_changeCycle=0,to_view=22435
info|2019-11-12 07:39:55.094518|[g:1][CONSENSUS]addRawPrepare,height=1,reqIdx=3,hash=eee4f3d4...
info|2019-11-12 07:39:55.095147|[g:1][CONSENSUS][PBFT]checkTimeout Succ,view=22435,toView=22436,nodeIdx=0,changeCycle=0,myNode=19b3f6e2...,timecost=0.472
info|2019-11-12 07:39:55.096724|[g:1][CONSENSUS][PBFT]checkAndChangeView: Reach consensus,org_view=22435,org_changeCycle=0,cur_changeCycle=0,to_view=22436
info|2019-11-12 07:39:56.096555|[g:1][CONSENSUS][SEALER]++++++++++++++++ Generating seal on,blkNum=1,tx=0,nodeIdx=0,hash=284f514e...
info|2019-11-12 07:39:56.099061|[g:1][CONSENSUS][PBFT]checkTimeout Succ,view=22436,toView=22437,nodeIdx=0,changeCycle=0,myNode=19b3f6e2...,timecost=0.431
info|2019-11-12 07:39:56.100468|[g:1][CONSENSUS][PBFT]checkAndChangeView: Reach consensus,org_view=22436,org_changeCycle=0,cur_changeCycle=0,to_view=22437
info|2019-11-12 07:39:57.103063|[g:1][CONSENSUS]addRawPrepare,height=1,reqIdx=1,hash=925b6ed3...
info|2019-11-12 07:39:57.103760|[g:1][CONSENSUS][PBFT]checkTimeout Succ,view=22437,toView=22438,nodeIdx=0,changeCycle=0,myNode=19b3f6e2...,timecost=0.52
info|2019-11-12 07:39:57.105210|[g:1][CONSENSUS][PBFT]checkAndChangeView: Reach consensus,org_view=22437,org_changeCycle=0,cur_changeCycle=0,to_view=22438
info|2019-11-12 07:39:58.107603|[g:1][CONSENSUS]addRawPrepare,height=1,reqIdx=2,hash=45e0bca5...
info|2019-11-12 07:39:58.108278|[g:1][CONSENSUS][PBFT]checkTimeout Succ,view=22438,toView=22439,nodeIdx=0,changeCycle=0,myNode=19b3f6e2...,timecost=0.512
info|2019-11-12 07:39:58.109640|[g:1][CONSENSUS][PBFT]checkAndChangeView: Reach consensus,org_view=22438,org_changeCycle=0,cur_changeCycle=0,to_view=22439
info|2019-11-12 07:39:59.111594|[g:1][CONSENSUS]addRawPrepare,height=1,reqIdx=3,hash=d1b64656...
info|2019-11-12 07:39:59.113058|[g:1][CONSENSUS][PBFT]checkTimeout Succ,view=22439,toView=22440,nodeIdx=0,changeCycle=0,myNode=19b3f6e2...,timecost=1.337
info|2019-11-12 07:39:59.114840|[g:1][CONSENSUS][PBFT]checkAndChangeView: Reach consensus,org_view=22439,org_changeCycle=0,cur_changeCycle=0,to_view=22440
info|2019-11-12 07:40:00.115493|[g:1][CONSENSUS][SEALER]++++++++++++++++ Generating seal on,blkNum=1,tx=0,nodeIdx=0,hash=fd65925b...
info|2019-11-12 07:40:00.118158|[g:1][CONSENSUS][PBFT]checkTimeout Succ,view=22440,toView=22441,nodeIdx=0,changeCycle=0,myNode=19b3f6e2...,timecost=0.385
info|2019-11-12 07:40:00.119473|[g:1][CONSENSUS][PBFT]checkAndChangeView: Reach consensus,org_view=22440,org_changeCycle=0,cur_changeCycle=0,to_view=22441
info|2019-11-12 07:40:01.121833|[g:1][CONSENSUS]addRawPrepare,height=1,reqIdx=1,hash=4283a6b2...
info|2019-11-12 07:40:01.122490|[g:1][CONSENSUS][PBFT]checkTimeout Succ,view=22441,toView=22442,nodeIdx=0,changeCycle=0,myNode=19b3f6e2...,timecost=0.52
info|2019-11-12 07:40:01.123973|[g:1][CONSENSUS][PBFT]checkAndChangeView: Reach consensus,org_view=22441,org_changeCycle=0,cur_changeCycle=0,to_view=22442
info|2019-11-12 07:40:02.125507|[g:1][CONSENSUS]addRawPrepare,height=1,reqIdx=2,hash=c17770b5...
info|2019-11-12 07:40:02.126475|[g:1][CONSENSUS][PBFT]checkTimeout Succ,view=22442,toView=22443,nodeIdx=0,changeCycle=0,myNode=19b3f6e2...,timecost=0.798
info|2019-11-12 07:40:02.127780|[g:1][CONSENSUS][PBFT]checkAndChangeView: Reach consensus,org_view=22442,org_changeCycle=0,cur_changeCycle=0,to_view=22443
info|2019-11-12 07:40:03.129489|[g:1][CONSENSUS]addRawPrepare,height=1,reqIdx=3,hash=3340144a...
info|2019-11-12 07:40:03.130410|[g:1][CONSENSUS][PBFT]checkTimeout Succ,view=22443,toView=22444,nodeIdx=0,changeCycle=0,myNode=19b3f6e2...,timecost=0.755
info|2019-11-12 07:40:03.131773|[g:1][CONSENSUS][PBFT]checkAndChangeView: Reach consensus,org_view=22443,org_changeCycle=0,cur_changeCycle=0,to_view=22444
info|2019-11-12 07:40:04.018357|[P2P][Service] heartBeat,connected count=3
info|2019-11-12 07:40:04.132082|[g:1][CONSENSUS][SEALER]++++++++++++++++ Generating seal on,blkNum=1,tx=0,nodeIdx=0,hash=46a5ad47...
info|2019-11-12 07:40:04.135126|[g:1][CONSENSUS][PBFT]checkTimeout Succ,view=22444,toView=22445,nodeIdx=0,changeCycle=0,myNode=19b3f6e2...,timecost=0.484
info|2019-11-12 07:40:04.136573|[g:1][CONSENSUS][PBFT]checkAndChangeView: Reach consensus,org_view=22444,org_changeCycle=0,cur_changeCycle=0,to_view=22445
info|2019-11-12 07:40:05.138337|[g:1][CONSENSUS]addRawPrepare,height=1,reqIdx=1,hash=a707527a...
info|2019-11-12 07:40:05.138767|[g:1][CONSENSUS][PBFT]checkTimeout Succ,view=22445,toView=22446,nodeIdx=0,changeCycle=0,myNode=19b3f6e2...,timecost=0.336
info|2019-11-12 07:40:05.140188|[g:1][CONSENSUS][PBFT]checkAndChangeView: Reach consensus,org_view=22445,org_changeCycle=0,cur_changeCycle=0,to_view=22446
info|2019-11-12 07:40:06.142697|[g:1][CONSENSUS]addRawPrepare,height=1,reqIdx=2,hash=31bd3dec...
info|2019-11-12 07:40:06.143363|[g:1][CONSENSUS][PBFT]checkTimeout Succ,view=22446,toView=22447,nodeIdx=0,changeCycle=0,myNode=19b3f6e2...,timecost=0.552
info|2019-11-12 07:40:06.144730|[g:1][CONSENSUS][PBFT]checkAndChangeView: Reach consensus,org_view=22446,org_changeCycle=0,cur_changeCycle=0,to_view=22447
info|2019-11-12 07:40:07.146218|[g:1][CONSENSUS]addRawPrepare,height=1,reqIdx=3,hash=7697bbed...
info|2019-11-12 07:40:07.146905|[g:1][CONSENSUS][PBFT]checkTimeout Succ,view=22447,toView=22448,nodeIdx=0,changeCycle=0,myNode=19b3f6e2...,timecost=0.486
info|2019-11-12 07:40:07.148442|[g:1][CONSENSUS][PBFT]checkAndChangeView: Reach consensus,org_view=22447,org_changeCycle=0,cur_changeCycle=0,to_view=22448
info|2019-11-12 07:40:08.149561|[g:1][CONSENSUS][SEALER]++++++++++++++++ Generating seal on,blkNum=1,tx=0,nodeIdx=0,hash=6d99e2cf...
info|2019-11-12 07:40:08.150584|[g:1][CONSENSUS][PBFT]checkTimeout Succ,view=22448,toView=22449,nodeIdx=0,changeCycle=0,myNode=19b3f6e2...,timecost=0.526
info|2019-11-12 07:40:08.153217|[g:1][CONSENSUS][PBFT]checkAndChangeView: Reach consensus,org_view=22448,org_changeCycle=0,cur_changeCycle=0,to_view=22449
info|2019-11-12 07:40:09.155960|[g:1][CONSENSUS]addRawPrepare,height=1,reqIdx=1,hash=f049038e...
info|2019-11-12 07:40:09.157596|[g:1][CONSENSUS][PBFT]checkTimeout Succ,view=22449,toView=22450,nodeIdx=0,changeCycle=0,myNode=19b3f6e2...,timecost=1.508
info|2019-11-12 07:40:09.159198|[g:1][CONSENSUS][PBFT]checkAndChangeView: Reach consensus,org_view=22449,org_changeCycle=0,cur_changeCycle=0,to_view=22450
info|2019-11-12 07:40:10.159854|[g:1][CONSENSUS]addRawPrepare,height=1,reqIdx=2,hash=9fa3c2eb...
info|2019-11-12 07:40:10.160457|[g:1][CONSENSUS][PBFT]checkTimeout Succ,view=22450,toView=22451,nodeIdx=0,changeCycle=0,myNode=19b3f6e2...,timecost=0.477
info|2019-11-12 07:40:10.162170|[g:1][CONSENSUS][PBFT]checkAndChangeView: Reach consensus,org_view=22450,org_changeCycle=0,cur_changeCycle=0,to_view=22451
info|2019-11-12 07:40:11.165277|[g:1][CONSENSUS]addRawPrepare,height=1,reqIdx=3,hash=b78e2c43...
info|2019-11-12 07:40:11.165942|[g:1][CONSENSUS][PBFT]checkTimeout Succ,view=22451,toView=22452,nodeIdx=0,changeCycle=0,myNode=19b3f6e2...,timecost=0.503
info|2019-11-12 07:40:11.167319|[g:1][CONSENSUS][PBFT]checkAndChangeView: Reach consensus,org_view=22451,org_changeCycle=0,cur_changeCycle=0,to_view=22452
info|2019-11-12 07:40:12.168707|[g:1][CONSENSUS][SEALER]++++++++++++++++ Generating seal on,blkNum=1,tx=0,nodeIdx=0,hash=ad816ab2...
info|2019-11-12 07:40:12.172114|[g:1][CONSENSUS][PBFT]checkTimeout Succ,view=22452,toView=22453,nodeIdx=0,changeCycle=0,myNode=19b3f6e2...,timecost=0.609
info|2019-11-12 07:40:12.172921|[g:1][CONSENSUS][PBFT]checkAndChangeView: Reach consensus,org_view=22452,org_changeCycle=0,cur_changeCycle=0,to_view=22453
info|2019-11-12 07:40:13.174009|[g:1][CONSENSUS]addRawPrepare,height=1,reqIdx=1,hash=9f085e50...
info|2019-11-12 07:40:13.174634|[g:1][CONSENSUS][PBFT]checkTimeout Succ,view=22453,toView=22454,nodeIdx=0,changeCycle=0,myNode=19b3f6e2...,timecost=0.494
info|2019-11-12 07:40:13.176029|[g:1][CONSENSUS][PBFT]checkAndChangeView: Reach consensus,org_view=22453,org_changeCycle=0,cur_changeCycle=0,to_view=22454
info|2019-11-12 07:40:14.021237|[P2P][Service] heartBeat,connected count=3
info|2019-11-12 07:40:14.177698|[g:1][CONSENSUS]addRawPrepare,height=1,reqIdx=2,hash=08eba243...
info|2019-11-12 07:40:14.178535|[g:1][CONSENSUS][PBFT]checkTimeout Succ,view=22454,toView=22455,nodeIdx=0,changeCycle=0,myNode=19b3f6e2...,timecost=0.674
info|2019-11-12 07:40:14.179941|[g:1][CONSENSUS][PBFT]checkAndChangeView: Reach consensus,org_view=22454,org_changeCycle=0,cur_changeCycle=0,to_view=22455
info|2019-11-12 07:40:15.182029|[g:1][CONSENSUS]addRawPrepare,height=1,reqIdx=3,hash=6678de7c...
info|2019-11-12 07:40:15.182669|[g:1][CONSENSUS][PBFT]checkTimeout Succ,view=22455,toView=22456,nodeIdx=0,changeCycle=0,myNode=19b3f6e2...,timecost=0.488
info|2019-11-12 07:40:15.184200|[g:1][CONSENSUS][PBFT]checkAndChangeView: Reach consensus,org_view=22455,org_changeCycle=0,cur_changeCycle=0,to_view=22456
info|2019-11-12 07:40:16.185055|[g:1][CONSENSUS][SEALER]++++++++++++++++ Generating seal on,blkNum=1,tx=0,nodeIdx=0,hash=475fc306...
info|2019-11-12 07:40:16.186081|[g:1][CONSENSUS][PBFT]checkTimeout Succ,view=22456,toView=22457,nodeIdx=0,changeCycle=0,myNode=19b3f6e2...,timecost=0.545
info|2019-11-12 07:40:16.188821|[g:1][CONSENSUS][PBFT]checkAndChangeView: Reach consensus,org_view=22456,org_changeCycle=0,cur_changeCycle=0,to_view=22457
info|2019-11-12 07:40:17.190188|[g:1][CONSENSUS]addRawPrepare,height=1,reqIdx=1,hash=b81820bb...
info|2019-11-12 07:40:17.190717|[g:1][CONSENSUS][PBFT]checkTimeout Succ,view=22457,toView=22458,nodeIdx=0,changeCycle=0,myNode=19b3f6e2...,timecost=0.414
info|2019-11-12 07:40:17.191937|[g:1][CONSENSUS][PBFT]checkAndChangeView: Reach consensus,org_view=22457,org_changeCycle=0,cur_changeCycle=0,to_view=22458
info|2019-11-12 07:40:18.193249|[g:1][CONSENSUS]addRawPrepare,height=1,reqIdx=2,hash=ac0de649...
info|2019-11-12 07:40:18.193840|[g:1][CONSENSUS][PBFT]checkTimeout Succ,view=22458,toView=22459,nodeIdx=0,changeCycle=0,myNode=19b3f6e2...,timecost=0.474
info|2019-11-12 07:40:18.195506|[g:1][CONSENSUS][PBFT]checkAndChangeView: Reach consensus,org_view=22458,org_changeCycle=0,cur_changeCycle=0,to_view=22459
info|2019-11-12 07:40:19.196974|[g:1][CONSENSUS]addRawPrepare,height=1,reqIdx=3,hash=e4357152...
info|2019-11-12 07:40:19.198223|[g:1][CONSENSUS][PBFT]checkTimeout Succ,view=22459,toView=22460,nodeIdx=0,changeCycle=0,myNode=19b3f6e2...,timecost=1.093
info|2019-11-12 07:40:19.199437|[g:1][CONSENSUS][PBFT]checkAndChangeView: Reach consensus,org_view=22459,org_changeCycle=0,cur_changeCycle=0,to_view=22460
