info|2019-11-15 02:24:01.002981|[P2P][Service] heartBeat,connected count=3
warning|2019-11-15 02:24:01.005815|[g:1][CONSENSUS][PBFT]ViewChangeWarning: not caused by omit empty block ,v=121769,toV=121770,curNum=0,hash=f72cae63...,nodeIdx=0,myNode=19b3f6e2...
info|2019-11-15 02:24:01.005999|[g:1][CONSENSUS][PBFT]checkTimeout Succ,view=121769,toView=121770,nodeIdx=0,changeCycle=1,myNode=19b3f6e2...,timecost=0.528
info|2019-11-15 02:24:01.009008|[g:1][CONSENSUS][PBFT]checkAndChangeView: Reach consensus,org_view=121769,org_changeCycle=1,cur_changeCycle=1,to_view=121770
info|2019-11-15 02:24:02.011197|[g:1][CONSENSUS]addRawPrepare,height=1,reqIdx=2,hash=50c44364...
info|2019-11-15 02:24:02.011761|[g:1][CONSENSUS][PBFT]checkTimeout Succ,view=121770,toView=121771,nodeIdx=0,changeCycle=0,myNode=19b3f6e2...,timecost=0.419
info|2019-11-15 02:24:02.013038|[g:1][CONSENSUS][PBFT]checkAndChangeView: Reach consensus,org_view=121770,org_changeCycle=0,cur_changeCycle=0,to_view=121771
info|2019-11-15 02:24:03.015217|[g:1][CONSENSUS]addRawPrepare,height=1,reqIdx=3,hash=1209602d...
info|2019-11-15 02:24:03.015854|[g:1][CONSENSUS][PBFT]checkTimeout Succ,view=121771,toView=121772,nodeIdx=0,changeCycle=0,myNode=19b3f6e2...,timecost=0.431
info|2019-11-15 02:24:03.016884|[g:1][CONSENSUS][PBFT]checkAndChangeView: Reach consensus,org_view=121771,org_changeCycle=0,cur_changeCycle=0,to_view=121772
info|2019-11-15 02:24:04.017374|[g:1][CONSENSUS][SEALER]++++++++++++++++ Generating seal on,blkNum=1,tx=0,nodeIdx=0,hash=b4d16170...
info|2019-11-15 02:24:04.018000|[g:1][CONSENSUS][PBFT]checkTimeout Succ,view=121772,toView=121773,nodeIdx=0,changeCycle=0,myNode=19b3f6e2...,timecost=0.276
info|2019-11-15 02:24:04.020290|[g:1][CONSENSUS][PBFT]checkAndChangeView: Reach consensus,org_view=121772,org_changeCycle=0,cur_changeCycle=0,to_view=121773
info|2019-11-15 02:24:05.021380|[g:1][CONSENSUS]addRawPrepare,height=1,reqIdx=1,hash=4096e0eb...
info|2019-11-15 02:24:05.021862|[g:1][CONSENSUS][PBFT]checkTimeout Succ,view=121773,toView=121774,nodeIdx=0,changeCycle=0,myNode=19b3f6e2...,timecost=0.369
info|2019-11-15 02:24:05.023064|[g:1][CONSENSUS][PBFT]checkAndChangeView: Reach consensus,org_view=121773,org_changeCycle=0,cur_changeCycle=0,to_view=121774
info|2019-11-15 02:24:06.024785|[g:1][CONSENSUS]addRawPrepare,height=1,reqIdx=2,hash=17f1dfa8...
info|2019-11-15 02:24:06.025441|[g:1][CONSENSUS][PBFT]checkTimeout Succ,view=121774,toView=121775,nodeIdx=0,changeCycle=0,myNode=19b3f6e2...,timecost=0.498
info|2019-11-15 02:24:06.027032|[g:1][CONSENSUS][PBFT]checkAndChangeView: Reach consensus,org_view=121774,org_changeCycle=0,cur_changeCycle=0,to_view=121775
info|2019-11-15 02:24:07.027168|[g:1][CONSENSUS]addRawPrepare,height=1,reqIdx=3,hash=691dd95e...
info|2019-11-15 02:24:07.027728|[g:1][CONSENSUS][PBFT]checkTimeout Succ,view=121775,toView=121776,nodeIdx=0,changeCycle=0,myNode=19b3f6e2...,timecost=0.419
info|2019-11-15 02:24:07.028967|[g:1][CONSENSUS][PBFT]checkAndChangeView: Reach consensus,org_view=121775,org_changeCycle=0,cur_changeCycle=0,to_view=121776
info|2019-11-15 02:24:08.028670|[g:1][CONSENSUS][SEALER]++++++++++++++++ Generating seal on,blkNum=1,tx=0,nodeIdx=0,hash=51247e85...
info|2019-11-15 02:24:08.029380|[g:1][CONSENSUS][PBFT]checkTimeout Succ,view=121776,toView=121777,nodeIdx=0,changeCycle=0,myNode=19b3f6e2...,timecost=0.317
info|2019-11-15 02:24:08.031248|[g:1][CONSENSUS][PBFT]checkAndChangeView: Reach consensus,org_view=121776,org_changeCycle=0,cur_changeCycle=0,to_view=121777
info|2019-11-15 02:24:09.032825|[g:1][CONSENSUS]addRawPrepare,height=1,reqIdx=1,hash=0dbec6d8...
info|2019-11-15 02:24:09.033489|[g:1][CONSENSUS][PBFT]checkTimeout Succ,view=121777,toView=121778,nodeIdx=0,changeCycle=0,myNode=19b3f6e2...,timecost=0.502
info|2019-11-15 02:24:09.035128|[g:1][CONSENSUS][PBFT]checkAndChangeView: Reach consensus,org_view=121777,org_changeCycle=0,cur_changeCycle=0,to_view=121778
info|2019-11-15 02:24:10.037384|[g:1][CONSENSUS]addRawPrepare,height=1,reqIdx=2,hash=75f1b0fd...
info|2019-11-15 02:24:10.038067|[g:1][CONSENSUS][PBFT]checkTimeout Succ,view=121778,toView=121779,nodeIdx=0,changeCycle=0,myNode=19b3f6e2...,timecost=0.508
info|2019-11-15 02:24:10.039889|[g:1][CONSENSUS][PBFT]checkAndChangeView: Reach consensus,org_view=121778,org_changeCycle=0,cur_changeCycle=0,to_view=121779
info|2019-11-15 02:24:11.010910|[P2P][Service] heartBeat,connected count=3
info|2019-11-15 02:24:11.041451|[g:1][CONSENSUS]addRawPrepare,height=1,reqIdx=3,hash=2c81d873...
info|2019-11-15 02:24:11.042190|[g:1][CONSENSUS][PBFT]checkTimeout Succ,view=121779,toView=121780,nodeIdx=0,changeCycle=0,myNode=19b3f6e2...,timecost=0.575
info|2019-11-15 02:24:11.043983|[g:1][CONSENSUS][PBFT]checkAndChangeView: Reach consensus,org_view=121779,org_changeCycle=0,cur_changeCycle=0,to_view=121780
info|2019-11-15 02:24:12.045258|[g:1][CONSENSUS][SEALER]++++++++++++++++ Generating seal on,blkNum=1,tx=0,nodeIdx=0,hash=ee9dd7fe...
info|2019-11-15 02:24:12.046259|[g:1][CONSENSUS][PBFT]checkTimeout Succ,view=121780,toView=121781,nodeIdx=0,changeCycle=0,myNode=19b3f6e2...,timecost=0.508
info|2019-11-15 02:24:12.048705|[g:1][CONSENSUS][PBFT]checkAndChangeView: Reach consensus,org_view=121780,org_changeCycle=0,cur_changeCycle=0,to_view=121781
info|2019-11-15 02:24:13.050626|[g:1][CONSENSUS]addRawPrepare,height=1,reqIdx=1,hash=8e8c2103...
info|2019-11-15 02:24:13.051243|[g:1][CONSENSUS][PBFT]checkTimeout Succ,view=121781,toView=121782,nodeIdx=0,changeCycle=0,myNode=19b3f6e2...,timecost=0.485
info|2019-11-15 02:24:13.052750|[g:1][CONSENSUS][PBFT]checkAndChangeView: Reach consensus,org_view=121781,org_changeCycle=0,cur_changeCycle=0,to_view=121782
info|2019-11-15 02:24:14.054380|[g:1][CONSENSUS]addRawPrepare,height=1,reqIdx=2,hash=a699c7bc...
info|2019-11-15 02:24:14.054853|[g:1][CONSENSUS][PBFT]checkTimeout Succ,view=121782,toView=121783,nodeIdx=0,changeCycle=0,myNode=19b3f6e2...,timecost=0.363
info|2019-11-15 02:24:14.055979|[g:1][CONSENSUS][PBFT]checkAndChangeView: Reach consensus,org_view=121782,org_changeCycle=0,cur_changeCycle=0,to_view=121783
info|2019-11-15 02:24:15.058721|[g:1][CONSENSUS]addRawPrepare,height=1,reqIdx=3,hash=e43c0b1a...
info|2019-11-15 02:24:15.059456|[g:1][CONSENSUS][PBFT]checkTimeout Succ,view=121783,toView=121784,nodeIdx=0,changeCycle=0,myNode=19b3f6e2...,timecost=0.571
info|2019-11-15 02:24:15.060849|[g:1][CONSENSUS][PBFT]checkAndChangeView: Reach consensus,org_view=121783,org_changeCycle=0,cur_changeCycle=0,to_view=121784
info|2019-11-15 02:24:16.061031|[g:1][CONSENSUS][SEALER]++++++++++++++++ Generating seal on,blkNum=1,tx=0,nodeIdx=0,hash=6fd3ac20...
info|2019-11-15 02:24:16.064040|[g:1][CONSENSUS][PBFT]checkTimeout Succ,view=121784,toView=121785,nodeIdx=0,changeCycle=0,myNode=19b3f6e2...,timecost=0.467
info|2019-11-15 02:24:16.065552|[g:1][CONSENSUS][PBFT]checkAndChangeView: Reach consensus,org_view=121784,org_changeCycle=0,cur_changeCycle=0,to_view=121785
info|2019-11-15 02:24:17.067793|[g:1][CONSENSUS]addRawPrepare,height=1,reqIdx=1,hash=fb2e89b7...
info|2019-11-15 02:24:17.068393|[g:1][CONSENSUS][PBFT]checkTimeout Succ,view=121785,toView=121786,nodeIdx=0,changeCycle=0,myNode=19b3f6e2...,timecost=0.475
info|2019-11-15 02:24:17.069977|[g:1][CONSENSUS][PBFT]checkAndChangeView: Reach consensus,org_view=121785,org_changeCycle=0,cur_changeCycle=0,to_view=121786
info|2019-11-15 02:24:18.071233|[g:1][CONSENSUS]addRawPrepare,height=1,reqIdx=2,hash=94f31c1d...
info|2019-11-15 02:24:18.071899|[g:1][CONSENSUS][PBFT]checkTimeout Succ,view=121786,toView=121787,nodeIdx=0,changeCycle=0,myNode=19b3f6e2...,timecost=0.534
info|2019-11-15 02:24:18.073429|[g:1][CONSENSUS][PBFT]checkAndChangeView: Reach consensus,org_view=121786,org_changeCycle=0,cur_changeCycle=0,to_view=121787
info|2019-11-15 02:24:19.076137|[g:1][CONSENSUS]addRawPrepare,height=1,reqIdx=3,hash=13ed5aa7...
info|2019-11-15 02:24:19.076711|[g:1][CONSENSUS][PBFT]checkTimeout Succ,view=121787,toView=121788,nodeIdx=0,changeCycle=0,myNode=19b3f6e2...,timecost=0.435
info|2019-11-15 02:24:19.078345|[g:1][CONSENSUS][PBFT]checkAndChangeView: Reach consensus,org_view=121787,org_changeCycle=0,cur_changeCycle=0,to_view=121788
info|2019-11-15 02:24:20.078676|[g:1][CONSENSUS][SEALER]++++++++++++++++ Generating seal on,blkNum=1,tx=0,nodeIdx=0,hash=784caf85...
info|2019-11-15 02:24:20.081850|[g:1][CONSENSUS][PBFT]checkTimeout Succ,view=121788,toView=121789,nodeIdx=0,changeCycle=0,myNode=19b3f6e2...,timecost=0.493
info|2019-11-15 02:24:20.082595|[g:1][CONSENSUS][PBFT]checkAndChangeView: Reach consensus,org_view=121788,org_changeCycle=0,cur_changeCycle=0,to_view=121789
info|2019-11-15 02:24:21.013481|[P2P][Service] heartBeat,connected count=3
info|2019-11-15 02:24:21.084994|[g:1][CONSENSUS]addRawPrepare,height=1,reqIdx=1,hash=dc48b8a6...
info|2019-11-15 02:24:21.086495|[g:1][CONSENSUS][PBFT]checkTimeout Succ,view=121789,toView=121790,nodeIdx=0,changeCycle=0,myNode=19b3f6e2...,timecost=1.328
info|2019-11-15 02:24:21.087945|[g:1][CONSENSUS][PBFT]checkAndChangeView: Reach consensus,org_view=121789,org_changeCycle=0,cur_changeCycle=0,to_view=121790
info|2019-11-15 02:24:22.090033|[g:1][CONSENSUS]addRawPrepare,height=1,reqIdx=2,hash=8b2f8512...
info|2019-11-15 02:24:22.090765|[g:1][CONSENSUS][PBFT]checkTimeout Succ,view=121790,toView=121791,nodeIdx=0,changeCycle=0,myNode=19b3f6e2...,timecost=0.577
info|2019-11-15 02:24:22.092087|[g:1][CONSENSUS][PBFT]checkAndChangeView: Reach consensus,org_view=121790,org_changeCycle=0,cur_changeCycle=0,to_view=121791
info|2019-11-15 02:24:23.094905|[g:1][CONSENSUS]addRawPrepare,height=1,reqIdx=3,hash=a232695b...
info|2019-11-15 02:24:23.095524|[g:1][CONSENSUS][PBFT]checkTimeout Succ,view=121791,toView=121792,nodeIdx=0,changeCycle=0,myNode=19b3f6e2...,timecost=0.461
info|2019-11-15 02:24:23.097235|[g:1][CONSENSUS][PBFT]checkAndChangeView: Reach consensus,org_view=121791,org_changeCycle=0,cur_changeCycle=0,to_view=121792
info|2019-11-15 02:24:24.097223|[g:1][CONSENSUS][SEALER]++++++++++++++++ Generating seal on,blkNum=1,tx=0,nodeIdx=0,hash=d18bc01a...
info|2019-11-15 02:24:24.098066|[g:1][CONSENSUS][PBFT]checkTimeout Succ,view=121792,toView=121793,nodeIdx=0,changeCycle=0,myNode=19b3f6e2...,timecost=0.408
info|2019-11-15 02:24:24.099790|[g:1][CONSENSUS][PBFT]checkAndChangeView: Reach consensus,org_view=121792,org_changeCycle=0,cur_changeCycle=0,to_view=121793
info|2019-11-15 02:24:25.101621|[g:1][CONSENSUS]addRawPrepare,height=1,reqIdx=1,hash=124e5205...
info|2019-11-15 02:24:25.102345|[g:1][CONSENSUS][PBFT]checkTimeout Succ,view=121793,toView=121794,nodeIdx=0,changeCycle=0,myNode=19b3f6e2...,timecost=0.543
info|2019-11-15 02:24:25.103837|[g:1][CONSENSUS][PBFT]checkAndChangeView: Reach consensus,org_view=121793,org_changeCycle=0,cur_changeCycle=0,to_view=121794
info|2019-11-15 02:24:26.105422|[g:1][CONSENSUS]addRawPrepare,height=1,reqIdx=2,hash=33a0ca04...
info|2019-11-15 02:24:26.106106|[g:1][CONSENSUS][PBFT]checkTimeout Succ,view=121794,toView=121795,nodeIdx=0,changeCycle=0,myNode=19b3f6e2...,timecost=0.509
info|2019-11-15 02:24:26.107695|[g:1][CONSENSUS][PBFT]checkAndChangeView: Reach consensus,org_view=121794,org_changeCycle=0,cur_changeCycle=0,to_view=121795
info|2019-11-15 02:24:27.109213|[g:1][CONSENSUS]addRawPrepare,height=1,reqIdx=3,hash=cc272d45...
info|2019-11-15 02:24:27.109785|[g:1][CONSENSUS][PBFT]checkTimeout Succ,view=121795,toView=121796,nodeIdx=0,changeCycle=0,myNode=19b3f6e2...,timecost=0.435
info|2019-11-15 02:24:27.111229|[g:1][CONSENSUS][PBFT]checkAndChangeView: Reach consensus,org_view=121795,org_changeCycle=0,cur_changeCycle=0,to_view=121796
info|2019-11-15 02:24:28.112238|[g:1][CONSENSUS][SEALER]++++++++++++++++ Generating seal on,blkNum=1,tx=0,nodeIdx=0,hash=4bdcf06a...
info|2019-11-15 02:24:28.115571|[g:1][CONSENSUS][PBFT]checkTimeout Succ,view=121796,toView=121797,nodeIdx=0,changeCycle=0,myNode=19b3f6e2...,timecost=0.533
info|2019-11-15 02:24:28.116435|[g:1][CONSENSUS][PBFT]checkAndChangeView: Reach consensus,org_view=121796,org_changeCycle=0,cur_changeCycle=0,to_view=121797
info|2019-11-15 02:24:29.117889|[g:1][CONSENSUS]addRawPrepare,height=1,reqIdx=1,hash=9338541f...
info|2019-11-15 02:24:29.118518|[g:1][CONSENSUS][PBFT]checkTimeout Succ,view=121797,toView=121798,nodeIdx=0,changeCycle=0,myNode=19b3f6e2...,timecost=0.497
info|2019-11-15 02:24:29.120024|[g:1][CONSENSUS][PBFT]checkAndChangeView: Reach consensus,org_view=121797,org_changeCycle=0,cur_changeCycle=0,to_view=121798
info|2019-11-15 02:24:30.122500|[g:1][CONSENSUS]addRawPrepare,height=1,reqIdx=2,hash=7d8485a2...
info|2019-11-15 02:24:30.123235|[g:1][CONSENSUS][PBFT]checkTimeout Succ,view=121798,toView=121799,nodeIdx=0,changeCycle=0,myNode=19b3f6e2...,timecost=0.608
info|2019-11-15 02:24:30.124887|[g:1][CONSENSUS][PBFT]checkAndChangeView: Reach consensus,org_view=121798,org_changeCycle=0,cur_changeCycle=0,to_view=121799
info|2019-11-15 02:24:31.018107|[P2P][Service] heartBeat,connected count=3
info|2019-11-15 02:24:31.127071|[g:1][CONSENSUS]addRawPrepare,height=1,reqIdx=3,hash=05b4de3a...
info|2019-11-15 02:24:31.127701|[g:1][CONSENSUS][PBFT]checkTimeout Succ,view=121799,toView=121800,nodeIdx=0,changeCycle=0,myNode=19b3f6e2...,timecost=0.476
info|2019-11-15 02:24:31.129455|[g:1][CONSENSUS][PBFT]checkAndChangeView: Reach consensus,org_view=121799,org_changeCycle=0,cur_changeCycle=0,to_view=121800
info|2019-11-15 02:24:32.130316|[g:1][CONSENSUS][SEALER]++++++++++++++++ Generating seal on,blkNum=1,tx=0,nodeIdx=0,hash=b07452f3...
info|2019-11-15 02:24:32.131270|[g:1][CONSENSUS][PBFT]checkTimeout Succ,view=121800,toView=121801,nodeIdx=0,changeCycle=0,myNode=19b3f6e2...,timecost=0.476
info|2019-11-15 02:24:32.133929|[g:1][CONSENSUS][PBFT]checkAndChangeView: Reach consensus,org_view=121800,org_changeCycle=0,cur_changeCycle=0,to_view=121801
info|2019-11-15 02:24:33.136562|[g:1][CONSENSUS]addRawPrepare,height=1,reqIdx=1,hash=a874a0a6...
info|2019-11-15 02:24:33.137210|[g:1][CONSENSUS][PBFT]checkTimeout Succ,view=121801,toView=121802,nodeIdx=0,changeCycle=0,myNode=19b3f6e2...,timecost=0.479
info|2019-11-15 02:24:33.138683|[g:1][CONSENSUS][PBFT]checkAndChangeView: Reach consensus,org_view=121801,org_changeCycle=0,cur_changeCycle=0,to_view=121802
info|2019-11-15 02:24:34.140959|[g:1][CONSENSUS]addRawPrepare,height=1,reqIdx=2,hash=f7e8954e...
info|2019-11-15 02:24:34.141727|[g:1][CONSENSUS][PBFT]checkTimeout Succ,view=121802,toView=121803,nodeIdx=0,changeCycle=0,myNode=19b3f6e2...,timecost=0.65
info|2019-11-15 02:24:34.143410|[g:1][CONSENSUS][PBFT]checkAndChangeView: Reach consensus,org_view=121802,org_changeCycle=0,cur_changeCycle=0,to_view=121803
info|2019-11-15 02:24:35.145675|[g:1][CONSENSUS]addRawPrepare,height=1,reqIdx=3,hash=491b130d...
info|2019-11-15 02:24:35.146248|[g:1][CONSENSUS][PBFT]checkTimeout Succ,view=121803,toView=121804,nodeIdx=0,changeCycle=0,myNode=19b3f6e2...,timecost=0.434
info|2019-11-15 02:24:35.147666|[g:1][CONSENSUS][PBFT]checkAndChangeView: Reach consensus,org_view=121803,org_changeCycle=0,cur_changeCycle=0,to_view=121804
info|2019-11-15 02:24:36.148690|[g:1][CONSENSUS][SEALER]++++++++++++++++ Generating seal on,blkNum=1,tx=0,nodeIdx=0,hash=42f8b79a...
info|2019-11-15 02:24:36.149886|[g:1][CONSENSUS][PBFT]checkTimeout Succ,view=121804,toView=121805,nodeIdx=0,changeCycle=0,myNode=19b3f6e2...,timecost=0.728
info|2019-11-15 02:24:36.152621|[g:1][CONSENSUS][PBFT]checkAndChangeView: Reach consensus,org_view=121804,org_changeCycle=0,cur_changeCycle=0,to_view=121805
info|2019-11-15 02:24:37.153744|[g:1][CONSENSUS]addRawPrepare,height=1,reqIdx=1,hash=64601730...
info|2019-11-15 02:24:37.154366|[g:1][CONSENSUS][PBFT]checkTimeout Succ,view=121805,toView=121806,nodeIdx=0,changeCycle=0,myNode=19b3f6e2...,timecost=0.471
info|2019-11-15 02:24:37.155926|[g:1][CONSENSUS][PBFT]checkAndChangeView: Reach consensus,org_view=121805,org_changeCycle=0,cur_changeCycle=0,to_view=121806
info|2019-11-15 02:24:38.158269|[g:1][CONSENSUS]addRawPrepare,height=1,reqIdx=2,hash=0486ee08...
info|2019-11-15 02:24:38.158920|[g:1][CONSENSUS][PBFT]checkTimeout Succ,view=121806,toView=121807,nodeIdx=0,changeCycle=0,myNode=19b3f6e2...,timecost=0.472
info|2019-11-15 02:24:38.160300|[g:1][CONSENSUS][PBFT]checkAndChangeView: Reach consensus,org_view=121806,org_changeCycle=0,cur_changeCycle=0,to_view=121807
info|2019-11-15 02:24:39.161849|[g:1][CONSENSUS]addRawPrepare,height=1,reqIdx=3,hash=a10989ec...
info|2019-11-15 02:24:39.162723|[g:1][CONSENSUS][PBFT]checkTimeout Succ,view=121807,toView=121808,nodeIdx=0,changeCycle=0,myNode=19b3f6e2...,timecost=0.654
info|2019-11-15 02:24:39.164411|[g:1][CONSENSUS][PBFT]checkAndChangeView: Reach consensus,org_view=121807,org_changeCycle=0,cur_changeCycle=0,to_view=121808
info|2019-11-15 02:24:40.164520|[g:1][CONSENSUS][SEALER]++++++++++++++++ Generating seal on,blkNum=1,tx=0,nodeIdx=0,hash=92a48e05...
info|2019-11-15 02:24:40.167742|[g:1][CONSENSUS][PBFT]checkTimeout Succ,view=121808,toView=121809,nodeIdx=0,changeCycle=0,myNode=19b3f6e2...,timecost=0.525
info|2019-11-15 02:24:40.168539|[g:1][CONSENSUS][PBFT]checkAndChangeView: Reach consensus,org_view=121808,org_changeCycle=0,cur_changeCycle=0,to_view=121809
info|2019-11-15 02:24:41.024231|[P2P][Service] heartBeat,connected count=3
info|2019-11-15 02:24:41.168765|[g:1][CONSENSUS]addRawPrepare,height=1,reqIdx=1,hash=c22525de...
info|2019-11-15 02:24:41.169703|[g:1][CONSENSUS][PBFT]checkTimeout Succ,view=121809,toView=121810,nodeIdx=0,changeCycle=0,myNode=19b3f6e2...,timecost=0.765
info|2019-11-15 02:24:41.171448|[g:1][CONSENSUS][PBFT]checkAndChangeView: Reach consensus,org_view=121809,org_changeCycle=0,cur_changeCycle=0,to_view=121810
info|2019-11-15 02:24:42.173693|[g:1][CONSENSUS]addRawPrepare,height=1,reqIdx=2,hash=5cc3e724...
info|2019-11-15 02:24:42.174394|[g:1][CONSENSUS][PBFT]checkTimeout Succ,view=121810,toView=121811,nodeIdx=0,changeCycle=0,myNode=19b3f6e2...,timecost=0.555
info|2019-11-15 02:24:42.175844|[g:1][CONSENSUS][PBFT]checkAndChangeView: Reach consensus,org_view=121810,org_changeCycle=0,cur_changeCycle=0,to_view=121811
info|2019-11-15 02:24:43.178334|[g:1][CONSENSUS]addRawPrepare,height=1,reqIdx=3,hash=713d3de5...
info|2019-11-15 02:24:43.178807|[g:1][CONSENSUS][PBFT]checkTimeout Succ,view=121811,toView=121812,nodeIdx=0,changeCycle=0,myNode=19b3f6e2...,timecost=0.349
info|2019-11-15 02:24:43.179966|[g:1][CONSENSUS][PBFT]checkAndChangeView: Reach consensus,org_view=121811,org_changeCycle=0,cur_changeCycle=0,to_view=121812
info|2019-11-15 02:24:44.180438|[g:1][CONSENSUS][SEALER]++++++++++++++++ Generating seal on,blkNum=1,tx=0,nodeIdx=0,hash=515cedd7...
info|2019-11-15 02:24:44.183636|[g:1][CONSENSUS][PBFT]checkTimeout Succ,view=121812,toView=121813,nodeIdx=0,changeCycle=0,myNode=19b3f6e2...,timecost=0.472
info|2019-11-15 02:24:44.184314|[g:1][CONSENSUS][PBFT]checkAndChangeView: Reach consensus,org_view=121812,org_changeCycle=0,cur_changeCycle=0,to_view=121813
info|2019-11-15 02:24:45.185057|[g:1][CONSENSUS]addRawPrepare,height=1,reqIdx=1,hash=f8a90599...
info|2019-11-15 02:24:45.185651|[g:1][CONSENSUS][PBFT]checkTimeout Succ,view=121813,toView=121814,nodeIdx=0,changeCycle=0,myNode=19b3f6e2...,timecost=0.468
info|2019-11-15 02:24:45.186949|[g:1][CONSENSUS][PBFT]checkAndChangeView: Reach consensus,org_view=121813,org_changeCycle=0,cur_changeCycle=0,to_view=121814
info|2019-11-15 02:24:46.189417|[g:1][CONSENSUS]addRawPrepare,height=1,reqIdx=2,hash=b9813fdd...
info|2019-11-15 02:24:46.190453|[g:1][CONSENSUS][PBFT]checkTimeout Succ,view=121814,toView=121815,nodeIdx=0,changeCycle=0,myNode=19b3f6e2...,timecost=0.91
info|2019-11-15 02:24:46.191945|[g:1][CONSENSUS][PBFT]checkAndChangeView: Reach consensus,org_view=121814,org_changeCycle=0,cur_changeCycle=0,to_view=121815
info|2019-11-15 02:24:47.194045|[g:1][CONSENSUS]addRawPrepare,height=1,reqIdx=3,hash=0b5e18e6...
info|2019-11-15 02:24:47.194698|[g:1][CONSENSUS][PBFT]checkTimeout Succ,view=121815,toView=121816,nodeIdx=0,changeCycle=0,myNode=19b3f6e2...,timecost=0.469
info|2019-11-15 02:24:47.196415|[g:1][CONSENSUS][PBFT]checkAndChangeView: Reach consensus,org_view=121815,org_changeCycle=0,cur_changeCycle=0,to_view=121816
info|2019-11-15 02:24:48.196793|[g:1][CONSENSUS][SEALER]++++++++++++++++ Generating seal on,blkNum=1,tx=0,nodeIdx=0,hash=7fe7a29e...
info|2019-11-15 02:24:48.199233|[g:1][CONSENSUS][PBFT]checkTimeout Succ,view=121816,toView=121817,nodeIdx=0,changeCycle=0,myNode=19b3f6e2...,timecost=0.396
info|2019-11-15 02:24:48.200516|[g:1][CONSENSUS][PBFT]checkAndChangeView: Reach consensus,org_view=121816,org_changeCycle=0,cur_changeCycle=0,to_view=121817
info|2019-11-15 02:24:49.201972|[g:1][CONSENSUS]addRawPrepare,height=1,reqIdx=1,hash=e313211a...
info|2019-11-15 02:24:49.202702|[g:1][CONSENSUS][PBFT]checkTimeout Succ,view=121817,toView=121818,nodeIdx=0,changeCycle=0,myNode=19b3f6e2...,timecost=0.503
info|2019-11-15 02:24:49.204178|[g:1][CONSENSUS][PBFT]checkAndChangeView: Reach consensus,org_view=121817,org_changeCycle=0,cur_changeCycle=0,to_view=121818
info|2019-11-15 02:24:50.205830|[g:1][CONSENSUS]addRawPrepare,height=1,reqIdx=2,hash=82ca2a49...
info|2019-11-15 02:24:50.206464|[g:1][CONSENSUS][PBFT]checkTimeout Succ,view=121818,toView=121819,nodeIdx=0,changeCycle=0,myNode=19b3f6e2...,timecost=0.456
info|2019-11-15 02:24:50.207979|[g:1][CONSENSUS][PBFT]checkAndChangeView: Reach consensus,org_view=121818,org_changeCycle=0,cur_changeCycle=0,to_view=121819
info|2019-11-15 02:24:51.030718|[P2P][Service] heartBeat,connected count=3
info|2019-11-15 02:24:51.210916|[g:1][CONSENSUS]addRawPrepare,height=1,reqIdx=3,hash=a63d4415...
info|2019-11-15 02:24:51.212020|[g:1][CONSENSUS][PBFT]checkTimeout Succ,view=121819,toView=121820,nodeIdx=0,changeCycle=0,myNode=19b3f6e2...,timecost=0.973
info|2019-11-15 02:24:51.213386|[g:1][CONSENSUS][PBFT]checkAndChangeView: Reach consensus,org_view=121819,org_changeCycle=0,cur_changeCycle=0,to_view=121820
info|2019-11-15 02:24:52.213728|[g:1][CONSENSUS][SEALER]++++++++++++++++ Generating seal on,blkNum=1,tx=0,nodeIdx=0,hash=81b1e213...
info|2019-11-15 02:24:52.214586|[g:1][CONSENSUS][PBFT]checkTimeout Succ,view=121820,toView=121821,nodeIdx=0,changeCycle=0,myNode=19b3f6e2...,timecost=0.413
info|2019-11-15 02:24:52.216933|[g:1][CONSENSUS][PBFT]checkAndChangeView: Reach consensus,org_view=121820,org_changeCycle=0,cur_changeCycle=0,to_view=121821
info|2019-11-15 02:24:53.218510|[g:1][CONSENSUS]addRawPrepare,height=1,reqIdx=1,hash=0839b829...
info|2019-11-15 02:24:53.219086|[g:1][CONSENSUS][PBFT]checkTimeout Succ,view=121821,toView=121822,nodeIdx=0,changeCycle=0,myNode=19b3f6e2...,timecost=0.457
info|2019-11-15 02:24:53.220728|[g:1][CONSENSUS][PBFT]checkAndChangeView: Reach consensus,org_view=121821,org_changeCycle=0,cur_changeCycle=0,to_view=121822
info|2019-11-15 02:24:54.222207|[g:1][CONSENSUS]addRawPrepare,height=1,reqIdx=2,hash=dbb8955c...
info|2019-11-15 02:24:54.222647|[g:1][CONSENSUS][PBFT]checkTimeout Succ,view=121822,toView=121823,nodeIdx=0,changeCycle=0,myNode=19b3f6e2...,timecost=0.314
info|2019-11-15 02:24:54.223622|[g:1][CONSENSUS][PBFT]checkAndChangeView: Reach consensus,org_view=121822,org_changeCycle=0,cur_changeCycle=0,to_view=121823
info|2019-11-15 02:24:55.225107|[g:1][CONSENSUS]addRawPrepare,height=1,reqIdx=3,hash=f5938bd0...
info|2019-11-15 02:24:55.225784|[g:1][CONSENSUS][PBFT]checkTimeout Succ,view=121823,toView=121824,nodeIdx=0,changeCycle=0,myNode=19b3f6e2...,timecost=0.504
info|2019-11-15 02:24:55.227249|[g:1][CONSENSUS][PBFT]checkAndChangeView: Reach consensus,org_view=121823,org_changeCycle=0,cur_changeCycle=0,to_view=121824
info|2019-11-15 02:24:56.227767|[g:1][CONSENSUS][SEALER]++++++++++++++++ Generating seal on,blkNum=1,tx=0,nodeIdx=0,hash=1caf2d83...
info|2019-11-15 02:24:56.231378|[g:1][CONSENSUS][PBFT]checkTimeout Succ,view=121824,toView=121825,nodeIdx=0,changeCycle=0,myNode=19b3f6e2...,timecost=0.472
info|2019-11-15 02:24:56.232146|[g:1][CONSENSUS][PBFT]checkAndChangeView: Reach consensus,org_view=121824,org_changeCycle=0,cur_changeCycle=0,to_view=121825
info|2019-11-15 02:24:57.234491|[g:1][CONSENSUS]addRawPrepare,height=1,reqIdx=1,hash=976f076e...
info|2019-11-15 02:24:57.235211|[g:1][CONSENSUS][PBFT]checkTimeout Succ,view=121825,toView=121826,nodeIdx=0,changeCycle=0,myNode=19b3f6e2...,timecost=0.523
info|2019-11-15 02:24:57.236596|[g:1][CONSENSUS][PBFT]checkAndChangeView: Reach consensus,org_view=121825,org_changeCycle=0,cur_changeCycle=0,to_view=121826
info|2019-11-15 02:24:58.240068|[g:1][CONSENSUS]addRawPrepare,height=1,reqIdx=2,hash=1eeeb694...
info|2019-11-15 02:24:58.240937|[g:1][CONSENSUS][PBFT]checkTimeout Succ,view=121826,toView=121827,nodeIdx=0,changeCycle=0,myNode=19b3f6e2...,timecost=0.68
info|2019-11-15 02:24:58.242289|[g:1][CONSENSUS][PBFT]checkAndChangeView: Reach consensus,org_view=121826,org_changeCycle=0,cur_changeCycle=0,to_view=121827
info|2019-11-15 02:24:59.244559|[g:1][CONSENSUS]addRawPrepare,height=1,reqIdx=3,hash=c670da77...
info|2019-11-15 02:24:59.245234|[g:1][CONSENSUS][PBFT]checkTimeout Succ,view=121827,toView=121828,nodeIdx=0,changeCycle=0,myNode=19b3f6e2...,timecost=0.518
info|2019-11-15 02:24:59.246867|[g:1][CONSENSUS][PBFT]checkAndChangeView: Reach consensus,org_view=121827,org_changeCycle=0,cur_changeCycle=0,to_view=121828
info|2019-11-15 02:25:00.247082|[g:1][CONSENSUS][SEALER]++++++++++++++++ Generating seal on,blkNum=1,tx=0,nodeIdx=0,hash=20478e03...
info|2019-11-15 02:25:00.248065|[g:1][CONSENSUS][PBFT]checkTimeout Succ,view=121828,toView=121829,nodeIdx=0,changeCycle=0,myNode=19b3f6e2...,timecost=0.512
info|2019-11-15 02:25:00.250574|[g:1][CONSENSUS][PBFT]checkAndChangeView: Reach consensus,org_view=121828,org_changeCycle=0,cur_changeCycle=0,to_view=121829
info|2019-11-15 02:25:01.035745|[P2P][Service] heartBeat,connected count=3
info|2019-11-15 02:25:01.253005|[g:1][CONSENSUS]addRawPrepare,height=1,reqIdx=1,hash=6f7bf0d6...
info|2019-11-15 02:25:01.254446|[g:1][CONSENSUS][PBFT]checkTimeout Succ,view=121829,toView=121830,nodeIdx=0,changeCycle=0,myNode=19b3f6e2...,timecost=1.178
info|2019-11-15 02:25:01.255910|[g:1][CONSENSUS][PBFT]checkAndChangeView: Reach consensus,org_view=121829,org_changeCycle=0,cur_changeCycle=0,to_view=121830
info|2019-11-15 02:25:02.256644|[g:1][CONSENSUS]addRawPrepare,height=1,reqIdx=2,hash=68611427...
info|2019-11-15 02:25:02.257438|[g:1][CONSENSUS][PBFT]checkTimeout Succ,view=121830,toView=121831,nodeIdx=0,changeCycle=0,myNode=19b3f6e2...,timecost=0.62
info|2019-11-15 02:25:02.258966|[g:1][CONSENSUS][PBFT]checkAndChangeView: Reach consensus,org_view=121830,org_changeCycle=0,cur_changeCycle=0,to_view=121831
info|2019-11-15 02:25:03.260386|[g:1][CONSENSUS]addRawPrepare,height=1,reqIdx=3,hash=15a894b9...
info|2019-11-15 02:25:03.261294|[g:1][CONSENSUS][PBFT]checkTimeout Succ,view=121831,toView=121832,nodeIdx=0,changeCycle=0,myNode=19b3f6e2...,timecost=0.751
info|2019-11-15 02:25:03.262691|[g:1][CONSENSUS][PBFT]checkAndChangeView: Reach consensus,org_view=121831,org_changeCycle=0,cur_changeCycle=0,to_view=121832
info|2019-11-15 02:25:04.262598|[g:1][CONSENSUS][SEALER]++++++++++++++++ Generating seal on,blkNum=1,tx=0,nodeIdx=0,hash=40bc6370...
info|2019-11-15 02:25:04.263573|[g:1][CONSENSUS][PBFT]checkTimeout Succ,view=121832,toView=121833,nodeIdx=0,changeCycle=0,myNode=19b3f6e2...,timecost=0.487
info|2019-11-15 02:25:04.266241|[g:1][CONSENSUS][PBFT]checkAndChangeView: Reach consensus,org_view=121832,org_changeCycle=0,cur_changeCycle=0,to_view=121833
info|2019-11-15 02:25:05.267939|[g:1][CONSENSUS]addRawPrepare,height=1,reqIdx=1,hash=5125bc47...
info|2019-11-15 02:25:05.268596|[g:1][CONSENSUS][PBFT]checkTimeout Succ,view=121833,toView=121834,nodeIdx=0,changeCycle=0,myNode=19b3f6e2...,timecost=0.484
info|2019-11-15 02:25:05.270053|[g:1][CONSENSUS][PBFT]checkAndChangeView: Reach consensus,org_view=121833,org_changeCycle=0,cur_changeCycle=0,to_view=121834
info|2019-11-15 02:25:06.272489|[g:1][CONSENSUS]addRawPrepare,height=1,reqIdx=2,hash=815cc26f...
info|2019-11-15 02:25:06.273639|[g:1][CONSENSUS][PBFT]checkTimeout Succ,view=121834,toView=121835,nodeIdx=0,changeCycle=0,myNode=19b3f6e2...,timecost=0.919
info|2019-11-15 02:25:06.275150|[g:1][CONSENSUS][PBFT]checkAndChangeView: Reach consensus,org_view=121834,org_changeCycle=0,cur_changeCycle=0,to_view=121835
info|2019-11-15 02:25:07.275899|[g:1][CONSENSUS]addRawPrepare,height=1,reqIdx=3,hash=762e8530...
info|2019-11-15 02:25:07.276683|[g:1][CONSENSUS][PBFT]checkTimeout Succ,view=121835,toView=121836,nodeIdx=0,changeCycle=0,myNode=19b3f6e2...,timecost=0.647
info|2019-11-15 02:25:07.278166|[g:1][CONSENSUS][PBFT]checkAndChangeView: Reach consensus,org_view=121835,org_changeCycle=0,cur_changeCycle=0,to_view=121836
info|2019-11-15 02:25:08.278922|[g:1][CONSENSUS][SEALER]++++++++++++++++ Generating seal on,blkNum=1,tx=0,nodeIdx=0,hash=ee2c4c37...
info|2019-11-15 02:25:08.279870|[g:1][CONSENSUS][PBFT]checkTimeout Succ,view=121836,toView=121837,nodeIdx=0,changeCycle=0,myNode=19b3f6e2...,timecost=0.475
info|2019-11-15 02:25:08.282441|[g:1][CONSENSUS][PBFT]checkAndChangeView: Reach consensus,org_view=121836,org_changeCycle=0,cur_changeCycle=0,to_view=121837
info|2019-11-15 02:25:09.283736|[g:1][CONSENSUS]addRawPrepare,height=1,reqIdx=1,hash=851c20a1...
info|2019-11-15 02:25:09.284200|[g:1][CONSENSUS][PBFT]checkTimeout Succ,view=121837,toView=121838,nodeIdx=0,changeCycle=0,myNode=19b3f6e2...,timecost=0.368
info|2019-11-15 02:25:09.285233|[g:1][CONSENSUS][PBFT]checkAndChangeView: Reach consensus,org_view=121837,org_changeCycle=0,cur_changeCycle=0,to_view=121838
info|2019-11-15 02:25:10.287117|[g:1][CONSENSUS]addRawPrepare,height=1,reqIdx=2,hash=2eee782f...
info|2019-11-15 02:25:10.287771|[g:1][CONSENSUS][PBFT]checkTimeout Succ,view=121838,toView=121839,nodeIdx=0,changeCycle=0,myNode=19b3f6e2...,timecost=0.522
info|2019-11-15 02:25:10.289265|[g:1][CONSENSUS][PBFT]checkAndChangeView: Reach consensus,org_view=121838,org_changeCycle=0,cur_changeCycle=0,to_view=121839
info|2019-11-15 02:25:11.040444|[P2P][Service] heartBeat,connected count=3
info|2019-11-15 02:25:11.291125|[g:1][CONSENSUS]addRawPrepare,height=1,reqIdx=3,hash=df889226...
info|2019-11-15 02:25:11.292249|[g:1][CONSENSUS][PBFT]checkTimeout Succ,view=121839,toView=121840,nodeIdx=0,changeCycle=0,myNode=19b3f6e2...,timecost=0.933
info|2019-11-15 02:25:11.293745|[g:1][CONSENSUS][PBFT]checkAndChangeView: Reach consensus,org_view=121839,org_changeCycle=0,cur_changeCycle=0,to_view=121840
info|2019-11-15 02:25:12.294287|[g:1][CONSENSUS][SEALER]++++++++++++++++ Generating seal on,blkNum=1,tx=0,nodeIdx=0,hash=1ccd5596...
info|2019-11-15 02:25:12.296841|[g:1][CONSENSUS][PBFT]checkTimeout Succ,view=121840,toView=121841,nodeIdx=0,changeCycle=0,myNode=19b3f6e2...,timecost=0.405
info|2019-11-15 02:25:12.298037|[g:1][CONSENSUS][PBFT]checkAndChangeView: Reach consensus,org_view=121840,org_changeCycle=0,cur_changeCycle=0,to_view=121841
info|2019-11-15 02:25:13.299868|[g:1][CONSENSUS]addRawPrepare,height=1,reqIdx=1,hash=32c374bb...
info|2019-11-15 02:25:13.300519|[g:1][CONSENSUS][PBFT]checkTimeout Succ,view=121841,toView=121842,nodeIdx=0,changeCycle=0,myNode=19b3f6e2...,timecost=0.48
info|2019-11-15 02:25:13.302137|[g:1][CONSENSUS][PBFT]checkAndChangeView: Reach consensus,org_view=121841,org_changeCycle=0,cur_changeCycle=0,to_view=121842
