info|2019-12-13 14:00:00.468646|[g:1][CONSENSUS]addRawPrepare,height=158,reqIdx=2,hash=7f85e76e...
info|2019-12-13 14:00:00.469277|[g:1][CONSENSUS][PBFT]checkTimeout Succ,view=37,toView=38,nodeIdx=0,changeCycle=0,myNode=19b3f6e2...,timecost=0.502
info|2019-12-13 14:00:00.471146|[g:1][CONSENSUS][PBFT]checkAndChangeView: Reach consensus,org_view=37,org_changeCycle=0,cur_changeCycle=0,to_view=38
info|2019-12-13 14:00:01.159520|[P2P][Service] heartBeat,connected count=3
info|2019-12-13 14:00:01.472880|[g:1][CONSENSUS]addRawPrepare,height=158,reqIdx=3,hash=ac42432c...
info|2019-12-13 14:00:01.473348|[g:1][CONSENSUS][PBFT]checkTimeout Succ,view=38,toView=39,nodeIdx=0,changeCycle=0,myNode=19b3f6e2...,timecost=0.369
info|2019-12-13 14:00:01.474673|[g:1][CONSENSUS][PBFT]checkAndChangeView: Reach consensus,org_view=38,org_changeCycle=0,cur_changeCycle=0,to_view=39
info|2019-12-13 14:00:02.475023|[g:1][CONSENSUS][SEALER]++++++++++++++++ Generating seal on,blkNum=158,tx=0,nodeIdx=0,hash=af7c2fa9...
info|2019-12-13 14:00:02.478625|[g:1][CONSENSUS][PBFT]checkTimeout Succ,view=39,toView=40,nodeIdx=0,changeCycle=0,myNode=19b3f6e2...,timecost=0.504
info|2019-12-13 14:00:02.479415|[g:1][CONSENSUS][PBFT]checkAndChangeView: Reach consensus,org_view=39,org_changeCycle=0,cur_changeCycle=0,to_view=40
info|2019-12-13 14:00:03.483531|[g:1][CONSENSUS]addRawPrepare,height=158,reqIdx=1,hash=d737662e...
info|2019-12-13 14:00:03.484216|[g:1][CONSENSUS][PBFT]checkTimeout Succ,view=40,toView=41,nodeIdx=0,changeCycle=0,myNode=19b3f6e2...,timecost=0.526
info|2019-12-13 14:00:03.486628|[g:1][CONSENSUS][PBFT]checkAndChangeView: Reach consensus,org_view=40,org_changeCycle=0,cur_changeCycle=0,to_view=41
info|2019-12-13 14:00:04.488194|[g:1][CONSENSUS]addRawPrepare,height=158,reqIdx=2,hash=bae8f240...
info|2019-12-13 14:00:04.489032|[g:1][CONSENSUS][PBFT]checkTimeout Succ,view=41,toView=42,nodeIdx=0,changeCycle=0,myNode=19b3f6e2...,timecost=0.644
info|2019-12-13 14:00:04.490794|[g:1][CONSENSUS][PBFT]checkAndChangeView: Reach consensus,org_view=41,org_changeCycle=0,cur_changeCycle=0,to_view=42
info|2019-12-13 14:00:05.492436|[g:1][CONSENSUS]addRawPrepare,height=158,reqIdx=3,hash=22f1d703...
info|2019-12-13 14:00:05.492907|[g:1][CONSENSUS][PBFT]checkTimeout Succ,view=42,toView=43,nodeIdx=0,changeCycle=0,myNode=19b3f6e2...,timecost=0.351
info|2019-12-13 14:00:05.494422|[g:1][CONSENSUS][PBFT]checkAndChangeView: Reach consensus,org_view=42,org_changeCycle=0,cur_changeCycle=0,to_view=43
info|2019-12-13 14:00:06.494963|[g:1][CONSENSUS][SEALER]++++++++++++++++ Generating seal on,blkNum=158,tx=0,nodeIdx=0,hash=6299aa9c...
info|2019-12-13 14:00:06.497609|[g:1][CONSENSUS][PBFT]checkTimeout Succ,view=43,toView=44,nodeIdx=0,changeCycle=0,myNode=19b3f6e2...,timecost=0.393
info|2019-12-13 14:00:06.498956|[g:1][CONSENSUS][PBFT]checkAndChangeView: Reach consensus,org_view=43,org_changeCycle=0,cur_changeCycle=0,to_view=44
info|2019-12-13 14:00:07.500726|[g:1][CONSENSUS]addRawPrepare,height=158,reqIdx=1,hash=251ae396...
info|2019-12-13 14:00:07.501882|[g:1][CONSENSUS][PBFT]checkTimeout Succ,view=44,toView=45,nodeIdx=0,changeCycle=0,myNode=19b3f6e2...,timecost=0.953
info|2019-12-13 14:00:07.503651|[g:1][CONSENSUS][PBFT]checkAndChangeView: Reach consensus,org_view=44,org_changeCycle=0,cur_changeCycle=0,to_view=45
info|2019-12-13 14:00:08.505534|[g:1][CONSENSUS]addRawPrepare,height=158,reqIdx=2,hash=0c5902ae...
info|2019-12-13 14:00:08.506226|[g:1][CONSENSUS][PBFT]checkTimeout Succ,view=45,toView=46,nodeIdx=0,changeCycle=0,myNode=19b3f6e2...,timecost=0.529
info|2019-12-13 14:00:08.507667|[g:1][CONSENSUS][PBFT]checkAndChangeView: Reach consensus,org_view=45,org_changeCycle=0,cur_changeCycle=0,to_view=46
info|2019-12-13 14:00:09.509846|[g:1][CONSENSUS]addRawPrepare,height=158,reqIdx=3,hash=b6bd6923...
info|2019-12-13 14:00:09.510465|[g:1][CONSENSUS][PBFT]checkTimeout Succ,view=46,toView=47,nodeIdx=0,changeCycle=0,myNode=19b3f6e2...,timecost=0.486
info|2019-12-13 14:00:09.511910|[g:1][CONSENSUS][PBFT]checkAndChangeView: Reach consensus,org_view=46,org_changeCycle=0,cur_changeCycle=0,to_view=47
info|2019-12-13 14:00:10.511772|[g:1][CONSENSUS][SEALER]++++++++++++++++ Generating seal on,blkNum=158,tx=0,nodeIdx=0,hash=f579b966...
info|2019-12-13 14:00:10.512674|[g:1][CONSENSUS][PBFT]checkTimeout Succ,view=47,toView=48,nodeIdx=0,changeCycle=0,myNode=19b3f6e2...,timecost=0.422
info|2019-12-13 14:00:10.515118|[g:1][CONSENSUS][PBFT]checkAndChangeView: Reach consensus,org_view=47,org_changeCycle=0,cur_changeCycle=0,to_view=48
info|2019-12-13 14:00:11.165755|[P2P][Service] heartBeat,connected count=3
info|2019-12-13 14:00:11.517962|[g:1][CONSENSUS]addRawPrepare,height=158,reqIdx=1,hash=4f036297...
info|2019-12-13 14:00:11.518589|[g:1][CONSENSUS][PBFT]checkTimeout Succ,view=48,toView=49,nodeIdx=0,changeCycle=0,myNode=19b3f6e2...,timecost=0.464
info|2019-12-13 14:00:11.520024|[g:1][CONSENSUS][PBFT]checkAndChangeView: Reach consensus,org_view=48,org_changeCycle=0,cur_changeCycle=0,to_view=49
info|2019-12-13 14:00:12.522431|[g:1][CONSENSUS]addRawPrepare,height=158,reqIdx=2,hash=1fe0c737...
info|2019-12-13 14:00:12.523154|[g:1][CONSENSUS][PBFT]checkTimeout Succ,view=49,toView=50,nodeIdx=0,changeCycle=0,myNode=19b3f6e2...,timecost=0.556
info|2019-12-13 14:00:12.524866|[g:1][CONSENSUS][PBFT]checkAndChangeView: Reach consensus,org_view=49,org_changeCycle=0,cur_changeCycle=0,to_view=50
info|2019-12-13 14:00:13.526847|[g:1][CONSENSUS]addRawPrepare,height=158,reqIdx=3,hash=41cc9de4...
info|2019-12-13 14:00:13.527403|[g:1][CONSENSUS][PBFT]checkTimeout Succ,view=50,toView=51,nodeIdx=0,changeCycle=0,myNode=19b3f6e2...,timecost=0.437
info|2019-12-13 14:00:13.528687|[g:1][CONSENSUS][PBFT]checkAndChangeView: Reach consensus,org_view=50,org_changeCycle=0,cur_changeCycle=0,to_view=51
info|2019-12-13 14:00:14.528763|[g:1][CONSENSUS][SEALER]++++++++++++++++ Generating seal on,blkNum=158,tx=0,nodeIdx=0,hash=9a59d30c...
info|2019-12-13 14:00:14.531887|[g:1][CONSENSUS][PBFT]checkTimeout Succ,view=51,toView=52,nodeIdx=0,changeCycle=0,myNode=19b3f6e2...,timecost=0.606
info|2019-12-13 14:00:14.532598|[g:1][CONSENSUS][PBFT]checkAndChangeView: Reach consensus,org_view=51,org_changeCycle=0,cur_changeCycle=0,to_view=52
info|2019-12-13 14:00:15.533345|[g:1][CONSENSUS]addRawPrepare,height=158,reqIdx=1,hash=de6d9228...
info|2019-12-13 14:00:15.534141|[g:1][CONSENSUS][PBFT]checkTimeout Succ,view=52,toView=53,nodeIdx=0,changeCycle=0,myNode=19b3f6e2...,timecost=0.615
info|2019-12-13 14:00:15.535508|[g:1][CONSENSUS][PBFT]checkAndChangeView: Reach consensus,org_view=52,org_changeCycle=0,cur_changeCycle=0,to_view=53
info|2019-12-13 14:00:16.536773|[g:1][CONSENSUS]addRawPrepare,height=158,reqIdx=2,hash=bab0f8ac...
info|2019-12-13 14:00:16.537461|[g:1][CONSENSUS][PBFT]checkTimeout Succ,view=53,toView=54,nodeIdx=0,changeCycle=0,myNode=19b3f6e2...,timecost=0.539
info|2019-12-13 14:00:16.538950|[g:1][CONSENSUS][PBFT]checkAndChangeView: Reach consensus,org_view=53,org_changeCycle=0,cur_changeCycle=0,to_view=54
info|2019-12-13 14:00:17.540225|[g:1][CONSENSUS]addRawPrepare,height=158,reqIdx=3,hash=c4a1eba3...
info|2019-12-13 14:00:17.541449|[g:1][CONSENSUS][PBFT]checkTimeout Succ,view=54,toView=55,nodeIdx=0,changeCycle=0,myNode=19b3f6e2...,timecost=1.037
info|2019-12-13 14:00:17.543012|[g:1][CONSENSUS][PBFT]checkAndChangeView: Reach consensus,org_view=54,org_changeCycle=0,cur_changeCycle=0,to_view=55
info|2019-12-13 14:00:18.543960|[g:1][CONSENSUS][SEALER]++++++++++++++++ Generating seal on,blkNum=158,tx=0,nodeIdx=0,hash=dec1663b...
info|2019-12-13 14:00:18.544905|[g:1][CONSENSUS][PBFT]checkTimeout Succ,view=55,toView=56,nodeIdx=0,changeCycle=0,myNode=19b3f6e2...,timecost=0.471
info|2019-12-13 14:00:18.547378|[g:1][CONSENSUS][PBFT]checkAndChangeView: Reach consensus,org_view=55,org_changeCycle=0,cur_changeCycle=0,to_view=56
info|2019-12-13 14:00:19.549712|[g:1][CONSENSUS]addRawPrepare,height=158,reqIdx=1,hash=437cdca9...
info|2019-12-13 14:00:19.550413|[g:1][CONSENSUS][PBFT]checkTimeout Succ,view=56,toView=57,nodeIdx=0,changeCycle=0,myNode=19b3f6e2...,timecost=0.498
info|2019-12-13 14:00:19.552220|[g:1][CONSENSUS][PBFT]checkAndChangeView: Reach consensus,org_view=56,org_changeCycle=0,cur_changeCycle=0,to_view=57
info|2019-12-13 14:00:20.553896|[g:1][CONSENSUS]addRawPrepare,height=158,reqIdx=2,hash=73ad0866...
info|2019-12-13 14:00:20.554443|[g:1][CONSENSUS][PBFT]checkTimeout Succ,view=57,toView=58,nodeIdx=0,changeCycle=0,myNode=19b3f6e2...,timecost=0.42
info|2019-12-13 14:00:20.555723|[g:1][CONSENSUS][PBFT]checkAndChangeView: Reach consensus,org_view=57,org_changeCycle=0,cur_changeCycle=0,to_view=58
info|2019-12-13 14:00:21.171746|[P2P][Service] heartBeat,connected count=3
info|2019-12-13 14:00:21.556810|[g:1][CONSENSUS]addRawPrepare,height=158,reqIdx=3,hash=4d5fdac7...
info|2019-12-13 14:00:21.557408|[g:1][CONSENSUS][PBFT]checkTimeout Succ,view=58,toView=59,nodeIdx=0,changeCycle=0,myNode=19b3f6e2...,timecost=0.454
info|2019-12-13 14:00:21.558806|[g:1][CONSENSUS][PBFT]checkAndChangeView: Reach consensus,org_view=58,org_changeCycle=0,cur_changeCycle=0,to_view=59
info|2019-12-13 14:00:22.558408|[g:1][CONSENSUS][SEALER]++++++++++++++++ Generating seal on,blkNum=158,tx=0,nodeIdx=0,hash=d964989a...
info|2019-12-13 14:00:22.559479|[g:1][CONSENSUS][PBFT]checkTimeout Succ,view=59,toView=60,nodeIdx=0,changeCycle=0,myNode=19b3f6e2...,timecost=0.624
info|2019-12-13 14:00:22.562076|[g:1][CONSENSUS][PBFT]checkAndChangeView: Reach consensus,org_view=59,org_changeCycle=0,cur_changeCycle=0,to_view=60
info|2019-12-13 14:00:23.563829|[g:1][CONSENSUS]addRawPrepare,height=158,reqIdx=1,hash=d716b482...
info|2019-12-13 14:00:23.564540|[g:1][CONSENSUS][PBFT]checkTimeout Succ,view=60,toView=61,nodeIdx=0,changeCycle=0,myNode=19b3f6e2...,timecost=0.586
info|2019-12-13 14:00:23.566110|[g:1][CONSENSUS][PBFT]checkAndChangeView: Reach consensus,org_view=60,org_changeCycle=0,cur_changeCycle=0,to_view=61
info|2019-12-13 14:00:24.567665|[g:1][CONSENSUS]addRawPrepare,height=158,reqIdx=2,hash=b4d330c9...
info|2019-12-13 14:00:24.568554|[g:1][CONSENSUS][PBFT]checkTimeout Succ,view=61,toView=62,nodeIdx=0,changeCycle=0,myNode=19b3f6e2...,timecost=0.755
info|2019-12-13 14:00:24.570014|[g:1][CONSENSUS][PBFT]checkAndChangeView: Reach consensus,org_view=61,org_changeCycle=0,cur_changeCycle=0,to_view=62
info|2019-12-13 14:00:25.572165|[g:1][CONSENSUS]addRawPrepare,height=158,reqIdx=3,hash=6c8a69d2...
info|2019-12-13 14:00:25.572795|[g:1][CONSENSUS][PBFT]checkTimeout Succ,view=62,toView=63,nodeIdx=0,changeCycle=0,myNode=19b3f6e2...,timecost=0.477
info|2019-12-13 14:00:25.574130|[g:1][CONSENSUS][PBFT]checkAndChangeView: Reach consensus,org_view=62,org_changeCycle=0,cur_changeCycle=0,to_view=63
info|2019-12-13 14:00:26.575275|[g:1][CONSENSUS][SEALER]++++++++++++++++ Generating seal on,blkNum=158,tx=0,nodeIdx=0,hash=4e0c5bf3...
info|2019-12-13 14:00:26.577625|[g:1][CONSENSUS][PBFT]checkTimeout Succ,view=63,toView=64,nodeIdx=0,changeCycle=0,myNode=19b3f6e2...,timecost=0.436
info|2019-12-13 14:00:26.578729|[g:1][CONSENSUS][PBFT]checkAndChangeView: Reach consensus,org_view=63,org_changeCycle=0,cur_changeCycle=0,to_view=64
info|2019-12-13 14:00:27.581245|[g:1][CONSENSUS]addRawPrepare,height=158,reqIdx=1,hash=2b17e9ea...
info|2019-12-13 14:00:27.582001|[g:1][CONSENSUS][PBFT]checkTimeout Succ,view=64,toView=65,nodeIdx=0,changeCycle=0,myNode=19b3f6e2...,timecost=0.57
info|2019-12-13 14:00:27.584015|[g:1][CONSENSUS][PBFT]checkAndChangeView: Reach consensus,org_view=64,org_changeCycle=0,cur_changeCycle=0,to_view=65
info|2019-12-13 14:00:28.584832|[g:1][CONSENSUS]addRawPrepare,height=158,reqIdx=2,hash=99c77620...
info|2019-12-13 14:00:28.585357|[g:1][CONSENSUS][PBFT]checkTimeout Succ,view=65,toView=66,nodeIdx=0,changeCycle=0,myNode=19b3f6e2...,timecost=0.396
info|2019-12-13 14:00:28.586523|[g:1][CONSENSUS][PBFT]checkAndChangeView: Reach consensus,org_view=65,org_changeCycle=0,cur_changeCycle=0,to_view=66
info|2019-12-13 14:00:29.588948|[g:1][CONSENSUS]addRawPrepare,height=158,reqIdx=3,hash=a1fd424d...
info|2019-12-13 14:00:29.589525|[g:1][CONSENSUS][PBFT]checkTimeout Succ,view=66,toView=67,nodeIdx=0,changeCycle=0,myNode=19b3f6e2...,timecost=0.433
info|2019-12-13 14:00:29.590845|[g:1][CONSENSUS][PBFT]checkAndChangeView: Reach consensus,org_view=66,org_changeCycle=0,cur_changeCycle=0,to_view=67
info|2019-12-13 14:00:30.591029|[g:1][CONSENSUS][SEALER]++++++++++++++++ Generating seal on,blkNum=158,tx=0,nodeIdx=0,hash=d286407e...
info|2019-12-13 14:00:30.591789|[g:1][CONSENSUS][PBFT]checkTimeout Succ,view=67,toView=68,nodeIdx=0,changeCycle=0,myNode=19b3f6e2...,timecost=0.353
info|2019-12-13 14:00:30.593830|[g:1][CONSENSUS][PBFT]checkAndChangeView: Reach consensus,org_view=67,org_changeCycle=0,cur_changeCycle=0,to_view=68
info|2019-12-13 14:00:31.180394|[P2P][Service] heartBeat,connected count=3
info|2019-12-13 14:00:31.595325|[g:1][CONSENSUS]addRawPrepare,height=158,reqIdx=1,hash=03f7f756...
info|2019-12-13 14:00:31.596176|[g:1][CONSENSUS][PBFT]checkTimeout Succ,view=68,toView=69,nodeIdx=0,changeCycle=0,myNode=19b3f6e2...,timecost=0.637
info|2019-12-13 14:00:31.597804|[g:1][CONSENSUS][PBFT]checkAndChangeView: Reach consensus,org_view=68,org_changeCycle=0,cur_changeCycle=0,to_view=69
info|2019-12-13 14:00:32.598833|[g:1][CONSENSUS]addRawPrepare,height=158,reqIdx=2,hash=ada5605d...
info|2019-12-13 14:00:32.599637|[g:1][CONSENSUS][PBFT]checkTimeout Succ,view=69,toView=70,nodeIdx=0,changeCycle=0,myNode=19b3f6e2...,timecost=0.671
info|2019-12-13 14:00:32.601017|[g:1][CONSENSUS][PBFT]checkAndChangeView: Reach consensus,org_view=69,org_changeCycle=0,cur_changeCycle=0,to_view=70
info|2019-12-13 14:00:33.603060|[g:1][CONSENSUS]addRawPrepare,height=158,reqIdx=3,hash=18c86396...
info|2019-12-13 14:00:33.603740|[g:1][CONSENSUS][PBFT]checkTimeout Succ,view=70,toView=71,nodeIdx=0,changeCycle=0,myNode=19b3f6e2...,timecost=0.468
info|2019-12-13 14:00:33.605082|[g:1][CONSENSUS][PBFT]checkAndChangeView: Reach consensus,org_view=70,org_changeCycle=0,cur_changeCycle=0,to_view=71
info|2019-12-13 14:00:34.605753|[g:1][CONSENSUS][SEALER]++++++++++++++++ Generating seal on,blkNum=158,tx=0,nodeIdx=0,hash=c52184f6...
info|2019-12-13 14:00:34.606554|[g:1][CONSENSUS][PBFT]checkTimeout Succ,view=71,toView=72,nodeIdx=0,changeCycle=0,myNode=19b3f6e2...,timecost=0.349
info|2019-12-13 14:00:34.609019|[g:1][CONSENSUS][PBFT]checkAndChangeView: Reach consensus,org_view=71,org_changeCycle=0,cur_changeCycle=0,to_view=72
info|2019-12-13 14:00:35.611006|[g:1][CONSENSUS]addRawPrepare,height=158,reqIdx=1,hash=d39553f2...
info|2019-12-13 14:00:35.611623|[g:1][CONSENSUS][PBFT]checkTimeout Succ,view=72,toView=73,nodeIdx=0,changeCycle=0,myNode=19b3f6e2...,timecost=0.445
info|2019-12-13 14:00:35.613255|[g:1][CONSENSUS][PBFT]checkAndChangeView: Reach consensus,org_view=72,org_changeCycle=0,cur_changeCycle=0,to_view=73
info|2019-12-13 14:00:36.614696|[g:1][CONSENSUS]addRawPrepare,height=158,reqIdx=2,hash=c733141a...
info|2019-12-13 14:00:36.615492|[g:1][CONSENSUS][PBFT]checkTimeout Succ,view=73,toView=74,nodeIdx=0,changeCycle=0,myNode=19b3f6e2...,timecost=0.56
info|2019-12-13 14:00:36.616767|[g:1][CONSENSUS][PBFT]checkAndChangeView: Reach consensus,org_view=73,org_changeCycle=0,cur_changeCycle=0,to_view=74
info|2019-12-13 14:00:37.618165|[g:1][CONSENSUS]addRawPrepare,height=158,reqIdx=3,hash=077d9f5f...
info|2019-12-13 14:00:37.618870|[g:1][CONSENSUS][PBFT]checkTimeout Succ,view=74,toView=75,nodeIdx=0,changeCycle=0,myNode=19b3f6e2...,timecost=0.555
info|2019-12-13 14:00:37.620410|[g:1][CONSENSUS][PBFT]checkAndChangeView: Reach consensus,org_view=74,org_changeCycle=0,cur_changeCycle=0,to_view=75
info|2019-12-13 14:00:38.620236|[g:1][CONSENSUS][SEALER]++++++++++++++++ Generating seal on,blkNum=158,tx=0,nodeIdx=0,hash=49f7cc5b...
info|2019-12-13 14:00:38.622761|[g:1][CONSENSUS][PBFT]checkTimeout Succ,view=75,toView=76,nodeIdx=0,changeCycle=0,myNode=19b3f6e2...,timecost=0.407
info|2019-12-13 14:00:38.624092|[g:1][CONSENSUS][PBFT]checkAndChangeView: Reach consensus,org_view=75,org_changeCycle=0,cur_changeCycle=0,to_view=76
info|2019-12-13 14:00:39.625035|[g:1][CONSENSUS]addRawPrepare,height=158,reqIdx=1,hash=17f58a1d...
info|2019-12-13 14:00:39.625498|[g:1][CONSENSUS][PBFT]checkTimeout Succ,view=76,toView=77,nodeIdx=0,changeCycle=0,myNode=19b3f6e2...,timecost=0.347
info|2019-12-13 14:00:39.626651|[g:1][CONSENSUS][PBFT]checkAndChangeView: Reach consensus,org_view=76,org_changeCycle=0,cur_changeCycle=0,to_view=77
