info|2019-11-12 00:26:16.008744|[g:1][CONSENSUS][SEALER]++++++++++++++++ Generating seal on,blkNum=1,tx=0,nodeIdx=0,hash=22b66755...
info|2019-11-12 00:26:16.008941|[P2P][Service] heartBeat,connected count=3
info|2019-11-12 00:26:16.011069|[g:1][CONSENSUS][PBFT]checkTimeout Succ,view=22272,toView=22273,nodeIdx=0,changeCycle=0,myNode=19b3f6e2...,timecost=0.483
info|2019-11-12 00:26:16.022487|[g:1][CONSENSUS][PBFT]checkAndChangeView: Reach consensus,org_view=22272,org_changeCycle=0,cur_changeCycle=0,to_view=22273
info|2019-11-12 00:26:17.013505|[g:1][CONSENSUS]addRawPrepare,height=1,reqIdx=1,hash=90bd404f...
info|2019-11-12 00:26:17.014133|[g:1][CONSENSUS][PBFT]checkTimeout Succ,view=22273,toView=22274,nodeIdx=0,changeCycle=0,myNode=19b3f6e2...,timecost=0.382
info|2019-11-12 00:26:17.015699|[g:1][CONSENSUS][PBFT]checkAndChangeView: Reach consensus,org_view=22273,org_changeCycle=0,cur_changeCycle=0,to_view=22274
info|2019-11-12 00:26:18.018058|[g:1][CONSENSUS]addRawPrepare,height=1,reqIdx=2,hash=ac09e8da...
info|2019-11-12 00:26:18.018782|[g:1][CONSENSUS][PBFT]checkTimeout Succ,view=22274,toView=22275,nodeIdx=0,changeCycle=0,myNode=19b3f6e2...,timecost=0.558
info|2019-11-12 00:26:18.020485|[g:1][CONSENSUS][PBFT]checkAndChangeView: Reach consensus,org_view=22274,org_changeCycle=0,cur_changeCycle=0,to_view=22275
info|2019-11-12 00:26:19.022314|[g:1][CONSENSUS]addRawPrepare,height=1,reqIdx=3,hash=dad3ce14...
info|2019-11-12 00:26:19.022768|[g:1][CONSENSUS][PBFT]checkTimeout Succ,view=22275,toView=22276,nodeIdx=0,changeCycle=0,myNode=19b3f6e2...,timecost=0.326
info|2019-11-12 00:26:19.024077|[g:1][CONSENSUS][PBFT]checkAndChangeView: Reach consensus,org_view=22275,org_changeCycle=0,cur_changeCycle=0,to_view=22276
info|2019-11-12 00:26:20.024602|[g:1][CONSENSUS][SEALER]++++++++++++++++ Generating seal on,blkNum=1,tx=0,nodeIdx=0,hash=a6c14f00...
info|2019-11-12 00:26:20.025242|[g:1][CONSENSUS][PBFT]checkTimeout Succ,view=22276,toView=22277,nodeIdx=0,changeCycle=0,myNode=19b3f6e2...,timecost=0.346
info|2019-11-12 00:26:20.027220|[g:1][CONSENSUS][PBFT]checkAndChangeView: Reach consensus,org_view=22276,org_changeCycle=0,cur_changeCycle=0,to_view=22277
info|2019-11-12 00:26:21.029667|[g:1][CONSENSUS]addRawPrepare,height=1,reqIdx=1,hash=cfbb777b...
info|2019-11-12 00:26:21.030237|[g:1][CONSENSUS][PBFT]checkTimeout Succ,view=22277,toView=22278,nodeIdx=0,changeCycle=0,myNode=19b3f6e2...,timecost=0.474
info|2019-11-12 00:26:21.031662|[g:1][CONSENSUS][PBFT]checkAndChangeView: Reach consensus,org_view=22277,org_changeCycle=0,cur_changeCycle=0,to_view=22278
info|2019-11-12 00:26:22.034594|[g:1][CONSENSUS]addRawPrepare,height=1,reqIdx=2,hash=e1064050...
info|2019-11-12 00:26:22.035214|[g:1][CONSENSUS][PBFT]checkTimeout Succ,view=22278,toView=22279,nodeIdx=0,changeCycle=0,myNode=19b3f6e2...,timecost=0.467
info|2019-11-12 00:26:22.036823|[g:1][CONSENSUS][PBFT]checkAndChangeView: Reach consensus,org_view=22278,org_changeCycle=0,cur_changeCycle=0,to_view=22279
info|2019-11-12 00:26:23.038887|[g:1][CONSENSUS]addRawPrepare,height=1,reqIdx=3,hash=5521e8b0...
info|2019-11-12 00:26:23.039569|[g:1][CONSENSUS][PBFT]checkTimeout Succ,view=22279,toView=22280,nodeIdx=0,changeCycle=0,myNode=19b3f6e2...,timecost=0.556
info|2019-11-12 00:26:23.041096|[g:1][CONSENSUS][PBFT]checkAndChangeView: Reach consensus,org_view=22279,org_changeCycle=0,cur_changeCycle=0,to_view=22280
info|2019-11-12 00:26:24.041372|[g:1][CONSENSUS][SEALER]++++++++++++++++ Generating seal on,blkNum=1,tx=0,nodeIdx=0,hash=8986f093...
info|2019-11-12 00:26:24.042334|[g:1][CONSENSUS][PBFT]checkTimeout Succ,view=22280,toView=22281,nodeIdx=0,changeCycle=0,myNode=19b3f6e2...,timecost=0.484
info|2019-11-12 00:26:24.044915|[g:1][CONSENSUS][PBFT]checkAndChangeView: Reach consensus,org_view=22280,org_changeCycle=0,cur_changeCycle=0,to_view=22281
info|2019-11-12 00:26:25.046830|[g:1][CONSENSUS]addRawPrepare,height=1,reqIdx=1,hash=7e00c5e8...
info|2019-11-12 00:26:25.047461|[g:1][CONSENSUS][PBFT]checkTimeout Succ,view=22281,toView=22282,nodeIdx=0,changeCycle=0,myNode=19b3f6e2...,timecost=0.504
info|2019-11-12 00:26:25.048979|[g:1][CONSENSUS][PBFT]checkAndChangeView: Reach consensus,org_view=22281,org_changeCycle=0,cur_changeCycle=0,to_view=22282
info|2019-11-12 00:26:26.011600|[P2P][Service] heartBeat,connected count=3
info|2019-11-12 00:26:26.051176|[g:1][CONSENSUS]addRawPrepare,height=1,reqIdx=2,hash=ab71ac51...
info|2019-11-12 00:26:26.052539|[g:1][CONSENSUS][PBFT]checkTimeout Succ,view=22282,toView=22283,nodeIdx=0,changeCycle=0,myNode=19b3f6e2...,timecost=1.22
info|2019-11-12 00:26:26.054292|[g:1][CONSENSUS][PBFT]checkAndChangeView: Reach consensus,org_view=22282,org_changeCycle=0,cur_changeCycle=0,to_view=22283
info|2019-11-12 00:26:27.054561|[g:1][CONSENSUS]addRawPrepare,height=1,reqIdx=3,hash=fd7586c6...
info|2019-11-12 00:26:27.055181|[g:1][CONSENSUS][PBFT]checkTimeout Succ,view=22283,toView=22284,nodeIdx=0,changeCycle=0,myNode=19b3f6e2...,timecost=0.478
info|2019-11-12 00:26:27.056514|[g:1][CONSENSUS][PBFT]checkAndChangeView: Reach consensus,org_view=22283,org_changeCycle=0,cur_changeCycle=0,to_view=22284
info|2019-11-12 00:26:28.056777|[g:1][CONSENSUS][SEALER]++++++++++++++++ Generating seal on,blkNum=1,tx=0,nodeIdx=0,hash=00555617...
info|2019-11-12 00:26:28.057708|[g:1][CONSENSUS][PBFT]checkTimeout Succ,view=22284,toView=22285,nodeIdx=0,changeCycle=0,myNode=19b3f6e2...,timecost=0.437
info|2019-11-12 00:26:28.060334|[g:1][CONSENSUS][PBFT]checkAndChangeView: Reach consensus,org_view=22284,org_changeCycle=0,cur_changeCycle=0,to_view=22285
info|2019-11-12 00:26:29.061770|[g:1][CONSENSUS]addRawPrepare,height=1,reqIdx=1,hash=e38d5e7d...
info|2019-11-12 00:26:29.062412|[g:1][CONSENSUS][PBFT]checkTimeout Succ,view=22285,toView=22286,nodeIdx=0,changeCycle=0,myNode=19b3f6e2...,timecost=0.506
info|2019-11-12 00:26:29.063832|[g:1][CONSENSUS][PBFT]checkAndChangeView: Reach consensus,org_view=22285,org_changeCycle=0,cur_changeCycle=0,to_view=22286
info|2019-11-12 00:26:30.064733|[g:1][CONSENSUS]addRawPrepare,height=1,reqIdx=2,hash=edaf30e5...
info|2019-11-12 00:26:30.065377|[g:1][CONSENSUS][PBFT]checkTimeout Succ,view=22286,toView=22287,nodeIdx=0,changeCycle=0,myNode=19b3f6e2...,timecost=0.502
info|2019-11-12 00:26:30.066983|[g:1][CONSENSUS][PBFT]checkAndChangeView: Reach consensus,org_view=22286,org_changeCycle=0,cur_changeCycle=0,to_view=22287
info|2019-11-12 00:26:31.070071|[g:1][CONSENSUS]addRawPrepare,height=1,reqIdx=3,hash=38bf8ada...
info|2019-11-12 00:26:31.071075|[g:1][CONSENSUS][PBFT]checkTimeout Succ,view=22287,toView=22288,nodeIdx=0,changeCycle=0,myNode=19b3f6e2...,timecost=0.856
info|2019-11-12 00:26:31.072656|[g:1][CONSENSUS][PBFT]checkAndChangeView: Reach consensus,org_view=22287,org_changeCycle=0,cur_changeCycle=0,to_view=22288
info|2019-11-12 00:26:32.073484|[g:1][CONSENSUS][SEALER]++++++++++++++++ Generating seal on,blkNum=1,tx=0,nodeIdx=0,hash=83e01bd8...
info|2019-11-12 00:26:32.074605|[g:1][CONSENSUS][PBFT]checkTimeout Succ,view=22288,toView=22289,nodeIdx=0,changeCycle=0,myNode=19b3f6e2...,timecost=0.537
info|2019-11-12 00:26:32.077199|[g:1][CONSENSUS][PBFT]checkAndChangeView: Reach consensus,org_view=22288,org_changeCycle=0,cur_changeCycle=0,to_view=22289
info|2019-11-12 00:26:33.078769|[g:1][CONSENSUS]addRawPrepare,height=1,reqIdx=1,hash=4818d879...
info|2019-11-12 00:26:33.079560|[g:1][CONSENSUS][PBFT]checkTimeout Succ,view=22289,toView=22290,nodeIdx=0,changeCycle=0,myNode=19b3f6e2...,timecost=0.627
info|2019-11-12 00:26:33.081142|[g:1][CONSENSUS][PBFT]checkAndChangeView: Reach consensus,org_view=22289,org_changeCycle=0,cur_changeCycle=0,to_view=22290
info|2019-11-12 00:26:34.083590|[g:1][CONSENSUS]addRawPrepare,height=1,reqIdx=2,hash=4da18fe5...
info|2019-11-12 00:26:34.084176|[g:1][CONSENSUS][PBFT]checkTimeout Succ,view=22290,toView=22291,nodeIdx=0,changeCycle=0,myNode=19b3f6e2...,timecost=0.446
info|2019-11-12 00:26:34.085712|[g:1][CONSENSUS][PBFT]checkAndChangeView: Reach consensus,org_view=22290,org_changeCycle=0,cur_changeCycle=0,to_view=22291
info|2019-11-12 00:26:35.086748|[g:1][CONSENSUS]addRawPrepare,height=1,reqIdx=3,hash=50c0fa6b...
info|2019-11-12 00:26:35.087394|[g:1][CONSENSUS][PBFT]checkTimeout Succ,view=22291,toView=22292,nodeIdx=0,changeCycle=0,myNode=19b3f6e2...,timecost=0.444
info|2019-11-12 00:26:35.088685|[g:1][CONSENSUS][PBFT]checkAndChangeView: Reach consensus,org_view=22291,org_changeCycle=0,cur_changeCycle=0,to_view=22292
info|2019-11-12 00:26:36.020156|[P2P][Service] heartBeat,connected count=3
info|2019-11-12 00:26:36.088492|[g:1][CONSENSUS][SEALER]++++++++++++++++ Generating seal on,blkNum=1,tx=0,nodeIdx=0,hash=6707e2f5...
info|2019-11-12 00:26:36.092184|[g:1][CONSENSUS][PBFT]checkTimeout Succ,view=22292,toView=22293,nodeIdx=0,changeCycle=0,myNode=19b3f6e2...,timecost=0.609
info|2019-11-12 00:26:36.092990|[g:1][CONSENSUS][PBFT]checkAndChangeView: Reach consensus,org_view=22292,org_changeCycle=0,cur_changeCycle=0,to_view=22293
info|2019-11-12 00:26:37.093987|[g:1][CONSENSUS]addRawPrepare,height=1,reqIdx=1,hash=282b9b8e...
info|2019-11-12 00:26:37.094549|[g:1][CONSENSUS][PBFT]checkTimeout Succ,view=22293,toView=22294,nodeIdx=0,changeCycle=0,myNode=19b3f6e2...,timecost=0.47
info|2019-11-12 00:26:37.095919|[g:1][CONSENSUS][PBFT]checkAndChangeView: Reach consensus,org_view=22293,org_changeCycle=0,cur_changeCycle=0,to_view=22294
info|2019-11-12 00:26:38.097067|[g:1][CONSENSUS]addRawPrepare,height=1,reqIdx=2,hash=dd7eeb3c...
info|2019-11-12 00:26:38.097729|[g:1][CONSENSUS][PBFT]checkTimeout Succ,view=22294,toView=22295,nodeIdx=0,changeCycle=0,myNode=19b3f6e2...,timecost=0.492
info|2019-11-12 00:26:38.099308|[g:1][CONSENSUS][PBFT]checkAndChangeView: Reach consensus,org_view=22294,org_changeCycle=0,cur_changeCycle=0,to_view=22295
info|2019-11-12 00:26:39.101397|[g:1][CONSENSUS]addRawPrepare,height=1,reqIdx=3,hash=3b2652b6...
info|2019-11-12 00:26:39.102009|[g:1][CONSENSUS][PBFT]checkTimeout Succ,view=22295,toView=22296,nodeIdx=0,changeCycle=0,myNode=19b3f6e2...,timecost=0.474
info|2019-11-12 00:26:39.103442|[g:1][CONSENSUS][PBFT]checkAndChangeView: Reach consensus,org_view=22295,org_changeCycle=0,cur_changeCycle=0,to_view=22296
info|2019-11-12 00:26:40.103823|[g:1][CONSENSUS][SEALER]++++++++++++++++ Generating seal on,blkNum=1,tx=0,nodeIdx=0,hash=95aea1bf...
info|2019-11-12 00:26:40.104828|[g:1][CONSENSUS][PBFT]checkTimeout Succ,view=22296,toView=22297,nodeIdx=0,changeCycle=0,myNode=19b3f6e2...,timecost=0.512
info|2019-11-12 00:26:40.107530|[g:1][CONSENSUS][PBFT]checkAndChangeView: Reach consensus,org_view=22296,org_changeCycle=0,cur_changeCycle=0,to_view=22297
info|2019-11-12 00:26:41.109953|[g:1][CONSENSUS]addRawPrepare,height=1,reqIdx=1,hash=fa370848...
info|2019-11-12 00:26:41.111118|[g:1][CONSENSUS][PBFT]checkTimeout Succ,view=22297,toView=22298,nodeIdx=0,changeCycle=0,myNode=19b3f6e2...,timecost=1.037
info|2019-11-12 00:26:41.112575|[g:1][CONSENSUS][PBFT]checkAndChangeView: Reach consensus,org_view=22297,org_changeCycle=0,cur_changeCycle=0,to_view=22298
info|2019-11-12 00:26:42.114639|[g:1][CONSENSUS]addRawPrepare,height=1,reqIdx=2,hash=4058b620...
info|2019-11-12 00:26:42.115235|[g:1][CONSENSUS][PBFT]checkTimeout Succ,view=22298,toView=22299,nodeIdx=0,changeCycle=0,myNode=19b3f6e2...,timecost=0.451
info|2019-11-12 00:26:42.116604|[g:1][CONSENSUS][PBFT]checkAndChangeView: Reach consensus,org_view=22298,org_changeCycle=0,cur_changeCycle=0,to_view=22299
info|2019-11-12 00:26:43.117189|[g:1][CONSENSUS]addRawPrepare,height=1,reqIdx=3,hash=e95f8f75...
info|2019-11-12 00:26:43.117727|[g:1][CONSENSUS][PBFT]checkTimeout Succ,view=22299,toView=22300,nodeIdx=0,changeCycle=0,myNode=19b3f6e2...,timecost=0.404
info|2019-11-12 00:26:43.118726|[g:1][CONSENSUS][PBFT]checkAndChangeView: Reach consensus,org_view=22299,org_changeCycle=0,cur_changeCycle=0,to_view=22300
info|2019-11-12 00:26:44.119450|[g:1][CONSENSUS][SEALER]++++++++++++++++ Generating seal on,blkNum=1,tx=0,nodeIdx=0,hash=264264cd...
info|2019-11-12 00:26:44.120498|[g:1][CONSENSUS][PBFT]checkTimeout Succ,view=22300,toView=22301,nodeIdx=0,changeCycle=0,myNode=19b3f6e2...,timecost=0.526
info|2019-11-12 00:26:44.123137|[g:1][CONSENSUS][PBFT]checkAndChangeView: Reach consensus,org_view=22300,org_changeCycle=0,cur_changeCycle=0,to_view=22301
info|2019-11-12 00:26:45.125122|[g:1][CONSENSUS]addRawPrepare,height=1,reqIdx=1,hash=0534e26a...
info|2019-11-12 00:26:45.126041|[g:1][CONSENSUS][PBFT]checkTimeout Succ,view=22301,toView=22302,nodeIdx=0,changeCycle=0,myNode=19b3f6e2...,timecost=0.745
info|2019-11-12 00:26:45.127466|[g:1][CONSENSUS][PBFT]checkAndChangeView: Reach consensus,org_view=22301,org_changeCycle=0,cur_changeCycle=0,to_view=22302
info|2019-11-12 00:26:46.027843|[P2P][Service] heartBeat,connected count=3
info|2019-11-12 00:26:46.128582|[g:1][CONSENSUS]addRawPrepare,height=1,reqIdx=2,hash=f31754d2...
info|2019-11-12 00:26:46.129172|[g:1][CONSENSUS][PBFT]checkTimeout Succ,view=22302,toView=22303,nodeIdx=0,changeCycle=0,myNode=19b3f6e2...,timecost=0.455
info|2019-11-12 00:26:46.131036|[g:1][CONSENSUS][PBFT]checkAndChangeView: Reach consensus,org_view=22302,org_changeCycle=0,cur_changeCycle=0,to_view=22303
info|2019-11-12 00:26:47.133010|[g:1][CONSENSUS]addRawPrepare,height=1,reqIdx=3,hash=0fedc15f...
info|2019-11-12 00:26:47.133765|[g:1][CONSENSUS][PBFT]checkTimeout Succ,view=22303,toView=22304,nodeIdx=0,changeCycle=0,myNode=19b3f6e2...,timecost=0.443
info|2019-11-12 00:26:47.134908|[g:1][CONSENSUS][PBFT]checkAndChangeView: Reach consensus,org_view=22303,org_changeCycle=0,cur_changeCycle=0,to_view=22304
info|2019-11-12 00:26:48.135178|[g:1][CONSENSUS][SEALER]++++++++++++++++ Generating seal on,blkNum=1,tx=0,nodeIdx=0,hash=8071a632...
info|2019-11-12 00:26:48.136134|[g:1][CONSENSUS][PBFT]checkTimeout Succ,view=22304,toView=22305,nodeIdx=0,changeCycle=0,myNode=19b3f6e2...,timecost=0.46
info|2019-11-12 00:26:48.138879|[g:1][CONSENSUS][PBFT]checkAndChangeView: Reach consensus,org_view=22304,org_changeCycle=0,cur_changeCycle=0,to_view=22305
info|2019-11-12 00:26:49.140836|[g:1][CONSENSUS]addRawPrepare,height=1,reqIdx=1,hash=95a2ce53...
info|2019-11-12 00:26:49.141646|[g:1][CONSENSUS][PBFT]checkTimeout Succ,view=22305,toView=22306,nodeIdx=0,changeCycle=0,myNode=19b3f6e2...,timecost=0.687
info|2019-11-12 00:26:49.143423|[g:1][CONSENSUS][PBFT]checkAndChangeView: Reach consensus,org_view=22305,org_changeCycle=0,cur_changeCycle=0,to_view=22306
info|2019-11-12 00:26:50.145547|[g:1][CONSENSUS]addRawPrepare,height=1,reqIdx=2,hash=7edb053d...
info|2019-11-12 00:26:50.146245|[g:1][CONSENSUS][PBFT]checkTimeout Succ,view=22306,toView=22307,nodeIdx=0,changeCycle=0,myNode=19b3f6e2...,timecost=0.545
info|2019-11-12 00:26:50.147727|[g:1][CONSENSUS][PBFT]checkAndChangeView: Reach consensus,org_view=22306,org_changeCycle=0,cur_changeCycle=0,to_view=22307
info|2019-11-12 00:26:51.149633|[g:1][CONSENSUS]addRawPrepare,height=1,reqIdx=3,hash=ab26badb...
info|2019-11-12 00:26:51.150988|[g:1][CONSENSUS][PBFT]checkTimeout Succ,view=22307,toView=22308,nodeIdx=0,changeCycle=0,myNode=19b3f6e2...,timecost=1.184
info|2019-11-12 00:26:51.152330|[g:1][CONSENSUS][PBFT]checkAndChangeView: Reach consensus,org_view=22307,org_changeCycle=0,cur_changeCycle=0,to_view=22308
info|2019-11-12 00:26:52.153382|[g:1][CONSENSUS][SEALER]++++++++++++++++ Generating seal on,blkNum=1,tx=0,nodeIdx=0,hash=20516318...
info|2019-11-12 00:26:52.154027|[g:1][CONSENSUS][PBFT]checkTimeout Succ,view=22308,toView=22309,nodeIdx=0,changeCycle=0,myNode=19b3f6e2...,timecost=0.311
info|2019-11-12 00:26:52.155860|[g:1][CONSENSUS][PBFT]checkAndChangeView: Reach consensus,org_view=22308,org_changeCycle=0,cur_changeCycle=0,to_view=22309
info|2019-11-12 00:26:53.156635|[g:1][CONSENSUS]addRawPrepare,height=1,reqIdx=1,hash=42b182a2...
info|2019-11-12 00:26:53.157298|[g:1][CONSENSUS][PBFT]checkTimeout Succ,view=22309,toView=22310,nodeIdx=0,changeCycle=0,myNode=19b3f6e2...,timecost=0.49
info|2019-11-12 00:26:53.158876|[g:1][CONSENSUS][PBFT]checkAndChangeView: Reach consensus,org_view=22309,org_changeCycle=0,cur_changeCycle=0,to_view=22310
info|2019-11-12 00:26:54.160479|[g:1][CONSENSUS]addRawPrepare,height=1,reqIdx=2,hash=d293b6a8...
info|2019-11-12 00:26:54.161203|[g:1][CONSENSUS][PBFT]checkTimeout Succ,view=22310,toView=22311,nodeIdx=0,changeCycle=0,myNode=19b3f6e2...,timecost=0.563
info|2019-11-12 00:26:54.162905|[g:1][CONSENSUS][PBFT]checkAndChangeView: Reach consensus,org_view=22310,org_changeCycle=0,cur_changeCycle=0,to_view=22311
info|2019-11-12 00:26:55.164595|[g:1][CONSENSUS]addRawPrepare,height=1,reqIdx=3,hash=bceb084b...
info|2019-11-12 00:26:55.165422|[g:1][CONSENSUS][PBFT]checkTimeout Succ,view=22311,toView=22312,nodeIdx=0,changeCycle=0,myNode=19b3f6e2...,timecost=0.684
info|2019-11-12 00:26:55.167105|[g:1][CONSENSUS][PBFT]checkAndChangeView: Reach consensus,org_view=22311,org_changeCycle=0,cur_changeCycle=0,to_view=22312
info|2019-11-12 00:26:56.034712|[P2P][Service] heartBeat,connected count=3
info|2019-11-12 00:26:56.167346|[g:1][CONSENSUS][SEALER]++++++++++++++++ Generating seal on,blkNum=1,tx=0,nodeIdx=0,hash=f71117ac...
info|2019-11-12 00:26:56.169699|[g:1][CONSENSUS][PBFT]checkTimeout Succ,view=22312,toView=22313,nodeIdx=0,changeCycle=0,myNode=19b3f6e2...,timecost=0.339
info|2019-11-12 00:26:56.170702|[g:1][CONSENSUS][PBFT]checkAndChangeView: Reach consensus,org_view=22312,org_changeCycle=0,cur_changeCycle=0,to_view=22313
info|2019-11-12 00:26:57.171199|[g:1][CONSENSUS]addRawPrepare,height=1,reqIdx=1,hash=f739440e...
info|2019-11-12 00:26:57.171637|[g:1][CONSENSUS][PBFT]checkTimeout Succ,view=22313,toView=22314,nodeIdx=0,changeCycle=0,myNode=19b3f6e2...,timecost=0.336
info|2019-11-12 00:26:57.172818|[g:1][CONSENSUS][PBFT]checkAndChangeView: Reach consensus,org_view=22313,org_changeCycle=0,cur_changeCycle=0,to_view=22314
info|2019-11-12 00:26:58.174603|[g:1][CONSENSUS]addRawPrepare,height=1,reqIdx=2,hash=a8c190b7...
info|2019-11-12 00:26:58.175314|[g:1][CONSENSUS][PBFT]checkTimeout Succ,view=22314,toView=22315,nodeIdx=0,changeCycle=0,myNode=19b3f6e2...,timecost=0.562
info|2019-11-12 00:26:58.177378|[g:1][CONSENSUS][PBFT]checkAndChangeView: Reach consensus,org_view=22314,org_changeCycle=0,cur_changeCycle=0,to_view=22315
info|2019-11-12 00:26:59.179733|[g:1][CONSENSUS]addRawPrepare,height=1,reqIdx=3,hash=2a6e0aee...
info|2019-11-12 00:26:59.180454|[g:1][CONSENSUS][PBFT]checkTimeout Succ,view=22315,toView=22316,nodeIdx=0,changeCycle=0,myNode=19b3f6e2...,timecost=0.539
info|2019-11-12 00:26:59.182398|[g:1][CONSENSUS][PBFT]checkAndChangeView: Reach consensus,org_view=22315,org_changeCycle=0,cur_changeCycle=0,to_view=22316
info|2019-11-12 00:27:00.183603|[g:1][CONSENSUS][SEALER]++++++++++++++++ Generating seal on,blkNum=1,tx=0,nodeIdx=0,hash=f296e1bb...
info|2019-11-12 00:27:00.186284|[g:1][CONSENSUS][PBFT]checkTimeout Succ,view=22316,toView=22317,nodeIdx=0,changeCycle=0,myNode=19b3f6e2...,timecost=0.444
info|2019-11-12 00:27:00.187747|[g:1][CONSENSUS][PBFT]checkAndChangeView: Reach consensus,org_view=22316,org_changeCycle=0,cur_changeCycle=0,to_view=22317
info|2019-11-12 00:27:01.189126|[g:1][CONSENSUS]addRawPrepare,height=1,reqIdx=1,hash=26403c9f...
info|2019-11-12 00:27:01.190415|[g:1][CONSENSUS][PBFT]checkTimeout Succ,view=22317,toView=22318,nodeIdx=0,changeCycle=0,myNode=19b3f6e2...,timecost=1.14
info|2019-11-12 00:27:01.192012|[g:1][CONSENSUS][PBFT]checkAndChangeView: Reach consensus,org_view=22317,org_changeCycle=0,cur_changeCycle=0,to_view=22318
info|2019-11-12 00:27:02.194019|[g:1][CONSENSUS]addRawPrepare,height=1,reqIdx=2,hash=5bc838f8...
info|2019-11-12 00:27:02.194717|[g:1][CONSENSUS][PBFT]checkTimeout Succ,view=22318,toView=22319,nodeIdx=0,changeCycle=0,myNode=19b3f6e2...,timecost=0.562
info|2019-11-12 00:27:02.196145|[g:1][CONSENSUS][PBFT]checkAndChangeView: Reach consensus,org_view=22318,org_changeCycle=0,cur_changeCycle=0,to_view=22319
info|2019-11-12 00:27:03.197964|[g:1][CONSENSUS]addRawPrepare,height=1,reqIdx=3,hash=d4322797...
info|2019-11-12 00:27:03.198595|[g:1][CONSENSUS][PBFT]checkTimeout Succ,view=22319,toView=22320,nodeIdx=0,changeCycle=0,myNode=19b3f6e2...,timecost=0.459
info|2019-11-12 00:27:03.200185|[g:1][CONSENSUS][PBFT]checkAndChangeView: Reach consensus,org_view=22319,org_changeCycle=0,cur_changeCycle=0,to_view=22320
info|2019-11-12 00:27:04.200447|[g:1][CONSENSUS][SEALER]++++++++++++++++ Generating seal on,blkNum=1,tx=0,nodeIdx=0,hash=2accf956...
info|2019-11-12 00:27:04.201483|[g:1][CONSENSUS][PBFT]checkTimeout Succ,view=22320,toView=22321,nodeIdx=0,changeCycle=0,myNode=19b3f6e2...,timecost=0.55
info|2019-11-12 00:27:04.204121|[g:1][CONSENSUS][PBFT]checkAndChangeView: Reach consensus,org_view=22320,org_changeCycle=0,cur_changeCycle=0,to_view=22321
info|2019-11-12 00:27:05.206169|[g:1][CONSENSUS]addRawPrepare,height=1,reqIdx=1,hash=d31bef06...
info|2019-11-12 00:27:05.206874|[g:1][CONSENSUS][PBFT]checkTimeout Succ,view=22321,toView=22322,nodeIdx=0,changeCycle=0,myNode=19b3f6e2...,timecost=0.552
info|2019-11-12 00:27:05.208435|[g:1][CONSENSUS][PBFT]checkAndChangeView: Reach consensus,org_view=22321,org_changeCycle=0,cur_changeCycle=0,to_view=22322
info|2019-11-12 00:27:06.043199|[P2P][Service] heartBeat,connected count=3
info|2019-11-12 00:27:06.209809|[g:1][CONSENSUS]addRawPrepare,height=1,reqIdx=2,hash=b472474c...
info|2019-11-12 00:27:06.210607|[g:1][CONSENSUS][PBFT]checkTimeout Succ,view=22322,toView=22323,nodeIdx=0,changeCycle=0,myNode=19b3f6e2...,timecost=0.642
info|2019-11-12 00:27:06.212271|[g:1][CONSENSUS][PBFT]checkAndChangeView: Reach consensus,org_view=22322,org_changeCycle=0,cur_changeCycle=0,to_view=22323
info|2019-11-12 00:27:07.214671|[g:1][CONSENSUS]addRawPrepare,height=1,reqIdx=3,hash=b35779e5...
info|2019-11-12 00:27:07.215360|[g:1][CONSENSUS][PBFT]checkTimeout Succ,view=22323,toView=22324,nodeIdx=0,changeCycle=0,myNode=19b3f6e2...,timecost=0.552
info|2019-11-12 00:27:07.216834|[g:1][CONSENSUS][PBFT]checkAndChangeView: Reach consensus,org_view=22323,org_changeCycle=0,cur_changeCycle=0,to_view=22324
info|2019-11-12 00:27:08.217420|[g:1][CONSENSUS][SEALER]++++++++++++++++ Generating seal on,blkNum=1,tx=0,nodeIdx=0,hash=b56e720a...
info|2019-11-12 00:27:08.218325|[g:1][CONSENSUS][PBFT]checkTimeout Succ,view=22324,toView=22325,nodeIdx=0,changeCycle=0,myNode=19b3f6e2...,timecost=0.353
info|2019-11-12 00:27:08.220196|[g:1][CONSENSUS][PBFT]checkAndChangeView: Reach consensus,org_view=22324,org_changeCycle=0,cur_changeCycle=0,to_view=22325
info|2019-11-12 00:27:09.221647|[g:1][CONSENSUS]addRawPrepare,height=1,reqIdx=1,hash=e3a69a7f...
info|2019-11-12 00:27:09.222287|[g:1][CONSENSUS][PBFT]checkTimeout Succ,view=22325,toView=22326,nodeIdx=0,changeCycle=0,myNode=19b3f6e2...,timecost=0.476
info|2019-11-12 00:27:09.223743|[g:1][CONSENSUS][PBFT]checkAndChangeView: Reach consensus,org_view=22325,org_changeCycle=0,cur_changeCycle=0,to_view=22326
info|2019-11-12 00:27:10.225323|[g:1][CONSENSUS]addRawPrepare,height=1,reqIdx=2,hash=846e5955...
info|2019-11-12 00:27:10.225943|[g:1][CONSENSUS][PBFT]checkTimeout Succ,view=22326,toView=22327,nodeIdx=0,changeCycle=0,myNode=19b3f6e2...,timecost=0.466
info|2019-11-12 00:27:10.227619|[g:1][CONSENSUS][PBFT]checkAndChangeView: Reach consensus,org_view=22326,org_changeCycle=0,cur_changeCycle=0,to_view=22327
info|2019-11-12 00:27:11.230113|[g:1][CONSENSUS]addRawPrepare,height=1,reqIdx=3,hash=c5c6b22e...
info|2019-11-12 00:27:11.231485|[g:1][CONSENSUS][PBFT]checkTimeout Succ,view=22327,toView=22328,nodeIdx=0,changeCycle=0,myNode=19b3f6e2...,timecost=1.186
info|2019-11-12 00:27:11.232881|[g:1][CONSENSUS][PBFT]checkAndChangeView: Reach consensus,org_view=22327,org_changeCycle=0,cur_changeCycle=0,to_view=22328
info|2019-11-12 00:27:12.232950|[g:1][CONSENSUS][SEALER]++++++++++++++++ Generating seal on,blkNum=1,tx=0,nodeIdx=0,hash=f018521e...
info|2019-11-12 00:27:12.236411|[g:1][CONSENSUS][PBFT]checkTimeout Succ,view=22328,toView=22329,nodeIdx=0,changeCycle=0,myNode=19b3f6e2...,timecost=0.618
info|2019-11-12 00:27:12.237178|[g:1][CONSENSUS][PBFT]checkAndChangeView: Reach consensus,org_view=22328,org_changeCycle=0,cur_changeCycle=0,to_view=22329
info|2019-11-12 00:27:13.239115|[g:1][CONSENSUS]addRawPrepare,height=1,reqIdx=1,hash=011350a1...
info|2019-11-12 00:27:13.240086|[g:1][CONSENSUS][PBFT]checkTimeout Succ,view=22329,toView=22330,nodeIdx=0,changeCycle=0,myNode=19b3f6e2...,timecost=0.808
info|2019-11-12 00:27:13.241569|[g:1][CONSENSUS][PBFT]checkAndChangeView: Reach consensus,org_view=22329,org_changeCycle=0,cur_changeCycle=0,to_view=22330
info|2019-11-12 00:27:14.243071|[g:1][CONSENSUS]addRawPrepare,height=1,reqIdx=2,hash=46fe0987...
info|2019-11-12 00:27:14.243571|[g:1][CONSENSUS][PBFT]checkTimeout Succ,view=22330,toView=22331,nodeIdx=0,changeCycle=0,myNode=19b3f6e2...,timecost=0.408
info|2019-11-12 00:27:14.244696|[g:1][CONSENSUS][PBFT]checkAndChangeView: Reach consensus,org_view=22330,org_changeCycle=0,cur_changeCycle=0,to_view=22331
info|2019-11-12 00:27:15.247187|[g:1][CONSENSUS]addRawPrepare,height=1,reqIdx=3,hash=a283c873...
info|2019-11-12 00:27:15.247827|[g:1][CONSENSUS][PBFT]checkTimeout Succ,view=22331,toView=22332,nodeIdx=0,changeCycle=0,myNode=19b3f6e2...,timecost=0.475
info|2019-11-12 00:27:15.249251|[g:1][CONSENSUS][PBFT]checkAndChangeView: Reach consensus,org_view=22331,org_changeCycle=0,cur_changeCycle=0,to_view=22332
info|2019-11-12 00:27:16.050510|[P2P][Service] heartBeat,connected count=3
info|2019-11-12 00:27:16.250270|[g:1][CONSENSUS][SEALER]++++++++++++++++ Generating seal on,blkNum=1,tx=0,nodeIdx=0,hash=1ab8bc42...
info|2019-11-12 00:27:16.251235|[g:1][CONSENSUS][PBFT]checkTimeout Succ,view=22332,toView=22333,nodeIdx=0,changeCycle=0,myNode=19b3f6e2...,timecost=0.568
info|2019-11-12 00:27:16.253415|[g:1][CONSENSUS][PBFT]checkAndChangeView: Reach consensus,org_view=22332,org_changeCycle=0,cur_changeCycle=0,to_view=22333
info|2019-11-12 00:27:17.255153|[g:1][CONSENSUS]addRawPrepare,height=1,reqIdx=1,hash=821473be...
info|2019-11-12 00:27:17.255718|[g:1][CONSENSUS][PBFT]checkTimeout Succ,view=22333,toView=22334,nodeIdx=0,changeCycle=0,myNode=19b3f6e2...,timecost=0.417
info|2019-11-12 00:27:17.257133|[g:1][CONSENSUS][PBFT]checkAndChangeView: Reach consensus,org_view=22333,org_changeCycle=0,cur_changeCycle=0,to_view=22334
info|2019-11-12 00:27:18.258611|[g:1][CONSENSUS]addRawPrepare,height=1,reqIdx=2,hash=ba932288...
info|2019-11-12 00:27:18.259218|[g:1][CONSENSUS][PBFT]checkTimeout Succ,view=22334,toView=22335,nodeIdx=0,changeCycle=0,myNode=19b3f6e2...,timecost=0.462
info|2019-11-12 00:27:18.260886|[g:1][CONSENSUS][PBFT]checkAndChangeView: Reach consensus,org_view=22334,org_changeCycle=0,cur_changeCycle=0,to_view=22335
info|2019-11-12 00:27:19.261668|[g:1][CONSENSUS]addRawPrepare,height=1,reqIdx=3,hash=0e1b3233...
info|2019-11-12 00:27:19.262256|[g:1][CONSENSUS][PBFT]checkTimeout Succ,view=22335,toView=22336,nodeIdx=0,changeCycle=0,myNode=19b3f6e2...,timecost=0.455
info|2019-11-12 00:27:19.263963|[g:1][CONSENSUS][PBFT]checkAndChangeView: Reach consensus,org_view=22335,org_changeCycle=0,cur_changeCycle=0,to_view=22336
info|2019-11-12 00:27:20.264562|[g:1][CONSENSUS][SEALER]++++++++++++++++ Generating seal on,blkNum=1,tx=0,nodeIdx=0,hash=bc0010a7...
info|2019-11-12 00:27:20.267889|[g:1][CONSENSUS][PBFT]checkTimeout Succ,view=22336,toView=22337,nodeIdx=0,changeCycle=0,myNode=19b3f6e2...,timecost=0.542
info|2019-11-12 00:27:20.268667|[g:1][CONSENSUS][PBFT]checkAndChangeView: Reach consensus,org_view=22336,org_changeCycle=0,cur_changeCycle=0,to_view=22337
info|2019-11-12 00:27:21.270623|[g:1][CONSENSUS]addRawPrepare,height=1,reqIdx=1,hash=bbb09d3b...
info|2019-11-12 00:27:21.271385|[g:1][CONSENSUS][PBFT]checkTimeout Succ,view=22337,toView=22338,nodeIdx=0,changeCycle=0,myNode=19b3f6e2...,timecost=0.625
info|2019-11-12 00:27:21.273128|[g:1][CONSENSUS][PBFT]checkAndChangeView: Reach consensus,org_view=22337,org_changeCycle=0,cur_changeCycle=0,to_view=22338
info|2019-11-12 00:27:22.275482|[g:1][CONSENSUS]addRawPrepare,height=1,reqIdx=2,hash=dcb1cd01...
info|2019-11-12 00:27:22.276107|[g:1][CONSENSUS][PBFT]checkTimeout Succ,view=22338,toView=22339,nodeIdx=0,changeCycle=0,myNode=19b3f6e2...,timecost=0.487
info|2019-11-12 00:27:22.277596|[g:1][CONSENSUS][PBFT]checkAndChangeView: Reach consensus,org_view=22338,org_changeCycle=0,cur_changeCycle=0,to_view=22339
info|2019-11-12 00:27:23.279552|[g:1][CONSENSUS]addRawPrepare,height=1,reqIdx=3,hash=e500d54c...
info|2019-11-12 00:27:23.280334|[g:1][CONSENSUS][PBFT]checkTimeout Succ,view=22339,toView=22340,nodeIdx=0,changeCycle=0,myNode=19b3f6e2...,timecost=0.681
info|2019-11-12 00:27:23.282042|[g:1][CONSENSUS][PBFT]checkAndChangeView: Reach consensus,org_view=22339,org_changeCycle=0,cur_changeCycle=0,to_view=22340
info|2019-11-12 00:27:24.282930|[g:1][CONSENSUS][SEALER]++++++++++++++++ Generating seal on,blkNum=1,tx=0,nodeIdx=0,hash=ab0f0edd...
info|2019-11-12 00:27:24.283824|[g:1][CONSENSUS][PBFT]checkTimeout Succ,view=22340,toView=22341,nodeIdx=0,changeCycle=0,myNode=19b3f6e2...,timecost=0.508
info|2019-11-12 00:27:24.286561|[g:1][CONSENSUS][PBFT]checkAndChangeView: Reach consensus,org_view=22340,org_changeCycle=0,cur_changeCycle=0,to_view=22341
