warning|2019-11-12 01:25:32.003026|[g:1][CONSENSUS][PBFT]ViewChangeWarning: not caused by omit empty block ,v=22341,toV=22342,curNum=0,hash=f72cae63...,nodeIdx=0,myNode=19b3f6e2...
info|2019-11-12 01:25:32.004361|[g:1][CONSENSUS][PBFT]checkTimeout Succ,view=22341,toView=22342,nodeIdx=0,changeCycle=1,myNode=19b3f6e2...,timecost=2.876
info|2019-11-12 01:25:32.004403|[P2P][Service] heartBeat,connected count=3
info|2019-11-12 01:25:32.007675|[g:1][CONSENSUS][PBFT]checkAndChangeView: Reach consensus,org_view=22341,org_changeCycle=1,cur_changeCycle=1,to_view=22342
info|2019-11-12 01:25:33.008755|[g:1][CONSENSUS]addRawPrepare,height=1,reqIdx=2,hash=7a3d3419...
info|2019-11-12 01:25:33.009287|[g:1][CONSENSUS][PBFT]checkTimeout Succ,view=22342,toView=22343,nodeIdx=0,changeCycle=0,myNode=19b3f6e2...,timecost=0.461
info|2019-11-12 01:25:33.010416|[g:1][CONSENSUS][PBFT]checkAndChangeView: Reach consensus,org_view=22342,org_changeCycle=0,cur_changeCycle=0,to_view=22343
info|2019-11-12 01:25:34.012477|[g:1][CONSENSUS]addRawPrepare,height=1,reqIdx=3,hash=a620740c...
info|2019-11-12 01:25:34.013027|[g:1][CONSENSUS][PBFT]checkTimeout Succ,view=22343,toView=22344,nodeIdx=0,changeCycle=0,myNode=19b3f6e2...,timecost=0.452
info|2019-11-12 01:25:34.014091|[g:1][CONSENSUS][PBFT]checkAndChangeView: Reach consensus,org_view=22343,org_changeCycle=0,cur_changeCycle=0,to_view=22344
info|2019-11-12 01:25:35.015369|[g:1][CONSENSUS][SEALER]++++++++++++++++ Generating seal on,blkNum=1,tx=0,nodeIdx=0,hash=c88b6fe5...
info|2019-11-12 01:25:35.017620|[g:1][CONSENSUS][PBFT]checkTimeout Succ,view=22344,toView=22345,nodeIdx=0,changeCycle=0,myNode=19b3f6e2...,timecost=0.377
info|2019-11-12 01:25:35.018254|[g:1][CONSENSUS][PBFT]checkAndChangeView: Reach consensus,org_view=22344,org_changeCycle=0,cur_changeCycle=0,to_view=22345
info|2019-11-12 01:25:36.019757|[g:1][CONSENSUS]addRawPrepare,height=1,reqIdx=1,hash=d51b736c...
info|2019-11-12 01:25:36.020350|[g:1][CONSENSUS][PBFT]checkTimeout Succ,view=22345,toView=22346,nodeIdx=0,changeCycle=0,myNode=19b3f6e2...,timecost=0.461
info|2019-11-12 01:25:36.021822|[g:1][CONSENSUS][PBFT]checkAndChangeView: Reach consensus,org_view=22345,org_changeCycle=0,cur_changeCycle=0,to_view=22346
info|2019-11-12 01:25:37.022973|[g:1][CONSENSUS]addRawPrepare,height=1,reqIdx=2,hash=f0587b9f...
info|2019-11-12 01:25:37.023923|[g:1][CONSENSUS][PBFT]checkTimeout Succ,view=22346,toView=22347,nodeIdx=0,changeCycle=0,myNode=19b3f6e2...,timecost=0.794
info|2019-11-12 01:25:37.025129|[g:1][CONSENSUS][PBFT]checkAndChangeView: Reach consensus,org_view=22346,org_changeCycle=0,cur_changeCycle=0,to_view=22347
info|2019-11-12 01:25:38.027852|[g:1][CONSENSUS]addRawPrepare,height=1,reqIdx=3,hash=a467ee21...
info|2019-11-12 01:25:38.028527|[g:1][CONSENSUS][PBFT]checkTimeout Succ,view=22347,toView=22348,nodeIdx=0,changeCycle=0,myNode=19b3f6e2...,timecost=0.467
info|2019-11-12 01:25:38.030234|[g:1][CONSENSUS][PBFT]checkAndChangeView: Reach consensus,org_view=22347,org_changeCycle=0,cur_changeCycle=0,to_view=22348
info|2019-11-12 01:25:39.031410|[g:1][CONSENSUS][SEALER]++++++++++++++++ Generating seal on,blkNum=1,tx=0,nodeIdx=0,hash=7f24c740...
info|2019-11-12 01:25:39.034102|[g:1][CONSENSUS][PBFT]checkTimeout Succ,view=22348,toView=22349,nodeIdx=0,changeCycle=0,myNode=19b3f6e2...,timecost=0.37
info|2019-11-12 01:25:39.035451|[g:1][CONSENSUS][PBFT]checkAndChangeView: Reach consensus,org_view=22348,org_changeCycle=0,cur_changeCycle=0,to_view=22349
info|2019-11-12 01:25:40.035778|[g:1][CONSENSUS]addRawPrepare,height=1,reqIdx=1,hash=b7d42bbf...
info|2019-11-12 01:25:40.036411|[g:1][CONSENSUS][PBFT]checkTimeout Succ,view=22349,toView=22350,nodeIdx=0,changeCycle=0,myNode=19b3f6e2...,timecost=0.518
info|2019-11-12 01:25:40.038034|[g:1][CONSENSUS][PBFT]checkAndChangeView: Reach consensus,org_view=22349,org_changeCycle=0,cur_changeCycle=0,to_view=22350
info|2019-11-12 01:25:41.039563|[g:1][CONSENSUS]addRawPrepare,height=1,reqIdx=2,hash=82aa775c...
info|2019-11-12 01:25:41.040436|[g:1][CONSENSUS][PBFT]checkTimeout Succ,view=22350,toView=22351,nodeIdx=0,changeCycle=0,myNode=19b3f6e2...,timecost=0.696
info|2019-11-12 01:25:41.041959|[g:1][CONSENSUS][PBFT]checkAndChangeView: Reach consensus,org_view=22350,org_changeCycle=0,cur_changeCycle=0,to_view=22351
info|2019-11-12 01:25:42.007940|[P2P][Service] heartBeat,connected count=3
info|2019-11-12 01:25:42.042769|[g:1][CONSENSUS]addRawPrepare,height=1,reqIdx=3,hash=f0ebed08...
info|2019-11-12 01:25:42.043648|[g:1][CONSENSUS][PBFT]checkTimeout Succ,view=22351,toView=22352,nodeIdx=0,changeCycle=0,myNode=19b3f6e2...,timecost=0.727
info|2019-11-12 01:25:42.044676|[g:1][CONSENSUS][PBFT]checkAndChangeView: Reach consensus,org_view=22351,org_changeCycle=0,cur_changeCycle=0,to_view=22352
info|2019-11-12 01:25:43.045679|[g:1][CONSENSUS][SEALER]++++++++++++++++ Generating seal on,blkNum=1,tx=0,nodeIdx=0,hash=2f5b3d2b...
info|2019-11-12 01:25:43.048918|[g:1][CONSENSUS][PBFT]checkTimeout Succ,view=22352,toView=22353,nodeIdx=0,changeCycle=0,myNode=19b3f6e2...,timecost=0.51
info|2019-11-12 01:25:43.049674|[g:1][CONSENSUS][PBFT]checkAndChangeView: Reach consensus,org_view=22352,org_changeCycle=0,cur_changeCycle=0,to_view=22353
info|2019-11-12 01:25:44.050815|[g:1][CONSENSUS]addRawPrepare,height=1,reqIdx=1,hash=5df19a8e...
info|2019-11-12 01:25:44.051438|[g:1][CONSENSUS][PBFT]checkTimeout Succ,view=22353,toView=22354,nodeIdx=0,changeCycle=0,myNode=19b3f6e2...,timecost=0.484
info|2019-11-12 01:25:44.052917|[g:1][CONSENSUS][PBFT]checkAndChangeView: Reach consensus,org_view=22353,org_changeCycle=0,cur_changeCycle=0,to_view=22354
info|2019-11-12 01:25:45.055189|[g:1][CONSENSUS]addRawPrepare,height=1,reqIdx=2,hash=38ce0728...
info|2019-11-12 01:25:45.055678|[g:1][CONSENSUS][PBFT]checkTimeout Succ,view=22354,toView=22355,nodeIdx=0,changeCycle=0,myNode=19b3f6e2...,timecost=0.356
info|2019-11-12 01:25:45.057007|[g:1][CONSENSUS][PBFT]checkAndChangeView: Reach consensus,org_view=22354,org_changeCycle=0,cur_changeCycle=0,to_view=22355
info|2019-11-12 01:25:46.059366|[g:1][CONSENSUS]addRawPrepare,height=1,reqIdx=3,hash=f856e177...
info|2019-11-12 01:25:46.060108|[g:1][CONSENSUS][PBFT]checkTimeout Succ,view=22355,toView=22356,nodeIdx=0,changeCycle=0,myNode=19b3f6e2...,timecost=0.547
info|2019-11-12 01:25:46.061477|[g:1][CONSENSUS][PBFT]checkAndChangeView: Reach consensus,org_view=22355,org_changeCycle=0,cur_changeCycle=0,to_view=22356
info|2019-11-12 01:25:47.062170|[g:1][CONSENSUS][SEALER]++++++++++++++++ Generating seal on,blkNum=1,tx=0,nodeIdx=0,hash=065dc08e...
info|2019-11-12 01:25:47.063220|[g:1][CONSENSUS][PBFT]checkTimeout Succ,view=22356,toView=22357,nodeIdx=0,changeCycle=0,myNode=19b3f6e2...,timecost=0.549
info|2019-11-12 01:25:47.066104|[g:1][CONSENSUS][PBFT]checkAndChangeView: Reach consensus,org_view=22356,org_changeCycle=0,cur_changeCycle=0,to_view=22357
info|2019-11-12 01:25:48.067746|[g:1][CONSENSUS]addRawPrepare,height=1,reqIdx=1,hash=5480dc06...
info|2019-11-12 01:25:48.068399|[g:1][CONSENSUS][PBFT]checkTimeout Succ,view=22357,toView=22358,nodeIdx=0,changeCycle=0,myNode=19b3f6e2...,timecost=0.49
info|2019-11-12 01:25:48.069833|[g:1][CONSENSUS][PBFT]checkAndChangeView: Reach consensus,org_view=22357,org_changeCycle=0,cur_changeCycle=0,to_view=22358
info|2019-11-12 01:25:49.070781|[g:1][CONSENSUS]addRawPrepare,height=1,reqIdx=2,hash=25ce3563...
info|2019-11-12 01:25:49.071366|[g:1][CONSENSUS][PBFT]checkTimeout Succ,view=22358,toView=22359,nodeIdx=0,changeCycle=0,myNode=19b3f6e2...,timecost=0.459
info|2019-11-12 01:25:49.072793|[g:1][CONSENSUS][PBFT]checkAndChangeView: Reach consensus,org_view=22358,org_changeCycle=0,cur_changeCycle=0,to_view=22359
info|2019-11-12 01:25:50.075740|[g:1][CONSENSUS]addRawPrepare,height=1,reqIdx=3,hash=df836361...
info|2019-11-12 01:25:50.076378|[g:1][CONSENSUS][PBFT]checkTimeout Succ,view=22359,toView=22360,nodeIdx=0,changeCycle=0,myNode=19b3f6e2...,timecost=0.493
info|2019-11-12 01:25:50.077900|[g:1][CONSENSUS][PBFT]checkAndChangeView: Reach consensus,org_view=22359,org_changeCycle=0,cur_changeCycle=0,to_view=22360
info|2019-11-12 01:25:51.077388|[g:1][CONSENSUS][SEALER]++++++++++++++++ Generating seal on,blkNum=1,tx=0,nodeIdx=0,hash=8b358798...
info|2019-11-12 01:25:51.078394|[g:1][CONSENSUS][PBFT]checkTimeout Succ,view=22360,toView=22361,nodeIdx=0,changeCycle=0,myNode=19b3f6e2...,timecost=0.527
info|2019-11-12 01:25:51.080757|[g:1][CONSENSUS][PBFT]checkAndChangeView: Reach consensus,org_view=22360,org_changeCycle=0,cur_changeCycle=0,to_view=22361
info|2019-11-12 01:25:52.008622|[P2P][Service] heartBeat,connected count=3
info|2019-11-12 01:25:52.082332|[g:1][CONSENSUS]addRawPrepare,height=1,reqIdx=1,hash=d7ec5132...
info|2019-11-12 01:25:52.083132|[g:1][CONSENSUS][PBFT]checkTimeout Succ,view=22361,toView=22362,nodeIdx=0,changeCycle=0,myNode=19b3f6e2...,timecost=0.667
info|2019-11-12 01:25:52.085141|[g:1][CONSENSUS][PBFT]checkAndChangeView: Reach consensus,org_view=22361,org_changeCycle=0,cur_changeCycle=0,to_view=22362
info|2019-11-12 01:25:53.086765|[g:1][CONSENSUS]addRawPrepare,height=1,reqIdx=2,hash=51b2d053...
info|2019-11-12 01:25:53.087409|[g:1][CONSENSUS][PBFT]checkTimeout Succ,view=22362,toView=22363,nodeIdx=0,changeCycle=0,myNode=19b3f6e2...,timecost=0.519
info|2019-11-12 01:25:53.088959|[g:1][CONSENSUS][PBFT]checkAndChangeView: Reach consensus,org_view=22362,org_changeCycle=0,cur_changeCycle=0,to_view=22363
info|2019-11-12 01:25:54.090554|[g:1][CONSENSUS]addRawPrepare,height=1,reqIdx=3,hash=c119011a...
info|2019-11-12 01:25:54.091174|[g:1][CONSENSUS][PBFT]checkTimeout Succ,view=22363,toView=22364,nodeIdx=0,changeCycle=0,myNode=19b3f6e2...,timecost=0.461
info|2019-11-12 01:25:54.092635|[g:1][CONSENSUS][PBFT]checkAndChangeView: Reach consensus,org_view=22363,org_changeCycle=0,cur_changeCycle=0,to_view=22364
info|2019-11-12 01:25:55.092286|[g:1][CONSENSUS][SEALER]++++++++++++++++ Generating seal on,blkNum=1,tx=0,nodeIdx=0,hash=4f4ed55b...
info|2019-11-12 01:25:55.095414|[g:1][CONSENSUS][PBFT]checkTimeout Succ,view=22364,toView=22365,nodeIdx=0,changeCycle=0,myNode=19b3f6e2...,timecost=0.505
info|2019-11-12 01:25:55.096207|[g:1][CONSENSUS][PBFT]checkAndChangeView: Reach consensus,org_view=22364,org_changeCycle=0,cur_changeCycle=0,to_view=22365
info|2019-11-12 01:25:56.096940|[g:1][CONSENSUS]addRawPrepare,height=1,reqIdx=1,hash=a833a224...
info|2019-11-12 01:25:56.097622|[g:1][CONSENSUS][PBFT]checkTimeout Succ,view=22365,toView=22366,nodeIdx=0,changeCycle=0,myNode=19b3f6e2...,timecost=0.529
info|2019-11-12 01:25:56.099490|[g:1][CONSENSUS][PBFT]checkAndChangeView: Reach consensus,org_view=22365,org_changeCycle=0,cur_changeCycle=0,to_view=22366
info|2019-11-12 01:25:57.101239|[g:1][CONSENSUS]addRawPrepare,height=1,reqIdx=2,hash=1900c2ca...
info|2019-11-12 01:25:57.102053|[g:1][CONSENSUS][PBFT]checkTimeout Succ,view=22366,toView=22367,nodeIdx=0,changeCycle=0,myNode=19b3f6e2...,timecost=0.685
info|2019-11-12 01:25:57.103637|[g:1][CONSENSUS][PBFT]checkAndChangeView: Reach consensus,org_view=22366,org_changeCycle=0,cur_changeCycle=0,to_view=22367
info|2019-11-12 01:25:58.105976|[g:1][CONSENSUS]addRawPrepare,height=1,reqIdx=3,hash=4b7e612e...
info|2019-11-12 01:25:58.106527|[g:1][CONSENSUS][PBFT]checkTimeout Succ,view=22367,toView=22368,nodeIdx=0,changeCycle=0,myNode=19b3f6e2...,timecost=0.411
info|2019-11-12 01:25:58.107781|[g:1][CONSENSUS][PBFT]checkAndChangeView: Reach consensus,org_view=22367,org_changeCycle=0,cur_changeCycle=0,to_view=22368
info|2019-11-12 01:25:59.107683|[g:1][CONSENSUS][SEALER]++++++++++++++++ Generating seal on,blkNum=1,tx=0,nodeIdx=0,hash=a6638638...
info|2019-11-12 01:25:59.110979|[g:1][CONSENSUS][PBFT]checkTimeout Succ,view=22368,toView=22369,nodeIdx=0,changeCycle=0,myNode=19b3f6e2...,timecost=0.563
info|2019-11-12 01:25:59.111797|[g:1][CONSENSUS][PBFT]checkAndChangeView: Reach consensus,org_view=22368,org_changeCycle=0,cur_changeCycle=0,to_view=22369
info|2019-11-12 01:26:00.112842|[g:1][CONSENSUS]addRawPrepare,height=1,reqIdx=1,hash=d08e9b13...
info|2019-11-12 01:26:00.113445|[g:1][CONSENSUS][PBFT]checkTimeout Succ,view=22369,toView=22370,nodeIdx=0,changeCycle=0,myNode=19b3f6e2...,timecost=0.471
info|2019-11-12 01:26:00.114861|[g:1][CONSENSUS][PBFT]checkAndChangeView: Reach consensus,org_view=22369,org_changeCycle=0,cur_changeCycle=0,to_view=22370
info|2019-11-12 01:26:01.116012|[g:1][CONSENSUS]addRawPrepare,height=1,reqIdx=2,hash=6ccb6ee1...
info|2019-11-12 01:26:01.116909|[g:1][CONSENSUS][PBFT]checkTimeout Succ,view=22370,toView=22371,nodeIdx=0,changeCycle=0,myNode=19b3f6e2...,timecost=0.735
info|2019-11-12 01:26:01.118269|[g:1][CONSENSUS][PBFT]checkAndChangeView: Reach consensus,org_view=22370,org_changeCycle=0,cur_changeCycle=0,to_view=22371
info|2019-11-12 01:26:02.015844|[P2P][Service] heartBeat,connected count=3
info|2019-11-12 01:26:02.119927|[g:1][CONSENSUS]addRawPrepare,height=1,reqIdx=3,hash=ebc288dd...
info|2019-11-12 01:26:02.121096|[g:1][CONSENSUS][PBFT]checkTimeout Succ,view=22371,toView=22372,nodeIdx=0,changeCycle=0,myNode=19b3f6e2...,timecost=0.963
info|2019-11-12 01:26:02.122518|[g:1][CONSENSUS][PBFT]checkAndChangeView: Reach consensus,org_view=22371,org_changeCycle=0,cur_changeCycle=0,to_view=22372
info|2019-11-12 01:26:03.122912|[g:1][CONSENSUS][SEALER]++++++++++++++++ Generating seal on,blkNum=1,tx=0,nodeIdx=0,hash=5ab484a7...
info|2019-11-12 01:26:03.126288|[g:1][CONSENSUS][PBFT]checkTimeout Succ,view=22372,toView=22373,nodeIdx=0,changeCycle=0,myNode=19b3f6e2...,timecost=0.516
info|2019-11-12 01:26:03.127021|[g:1][CONSENSUS][PBFT]checkAndChangeView: Reach consensus,org_view=22372,org_changeCycle=0,cur_changeCycle=0,to_view=22373
info|2019-11-12 01:26:04.128872|[g:1][CONSENSUS]addRawPrepare,height=1,reqIdx=1,hash=7c140d5b...
info|2019-11-12 01:26:04.129476|[g:1][CONSENSUS][PBFT]checkTimeout Succ,view=22373,toView=22374,nodeIdx=0,changeCycle=0,myNode=19b3f6e2...,timecost=0.475
info|2019-11-12 01:26:04.130906|[g:1][CONSENSUS][PBFT]checkAndChangeView: Reach consensus,org_view=22373,org_changeCycle=0,cur_changeCycle=0,to_view=22374
info|2019-11-12 01:26:05.133075|[g:1][CONSENSUS]addRawPrepare,height=1,reqIdx=2,hash=226e95f2...
info|2019-11-12 01:26:05.133832|[g:1][CONSENSUS][PBFT]checkTimeout Succ,view=22374,toView=22375,nodeIdx=0,changeCycle=0,myNode=19b3f6e2...,timecost=0.619
info|2019-11-12 01:26:05.135729|[g:1][CONSENSUS][PBFT]checkAndChangeView: Reach consensus,org_view=22374,org_changeCycle=0,cur_changeCycle=0,to_view=22375
info|2019-11-12 01:26:06.138168|[g:1][CONSENSUS]addRawPrepare,height=1,reqIdx=3,hash=9b67b8eb...
info|2019-11-12 01:26:06.138839|[g:1][CONSENSUS][PBFT]checkTimeout Succ,view=22375,toView=22376,nodeIdx=0,changeCycle=0,myNode=19b3f6e2...,timecost=0.467
info|2019-11-12 01:26:06.140657|[g:1][CONSENSUS][PBFT]checkAndChangeView: Reach consensus,org_view=22375,org_changeCycle=0,cur_changeCycle=0,to_view=22376
info|2019-11-12 01:26:07.141237|[g:1][CONSENSUS][SEALER]++++++++++++++++ Generating seal on,blkNum=1,tx=0,nodeIdx=0,hash=e0f5a4d8...
info|2019-11-12 01:26:07.142449|[g:1][CONSENSUS][PBFT]checkTimeout Succ,view=22376,toView=22377,nodeIdx=0,changeCycle=0,myNode=19b3f6e2...,timecost=0.71
info|2019-11-12 01:26:07.145195|[g:1][CONSENSUS][PBFT]checkAndChangeView: Reach consensus,org_view=22376,org_changeCycle=0,cur_changeCycle=0,to_view=22377
info|2019-11-12 01:26:08.147726|[g:1][CONSENSUS]addRawPrepare,height=1,reqIdx=1,hash=df1b6540...
info|2019-11-12 01:26:08.148371|[g:1][CONSENSUS][PBFT]checkTimeout Succ,view=22377,toView=22378,nodeIdx=0,changeCycle=0,myNode=19b3f6e2...,timecost=0.523
info|2019-11-12 01:26:08.149853|[g:1][CONSENSUS][PBFT]checkAndChangeView: Reach consensus,org_view=22377,org_changeCycle=0,cur_changeCycle=0,to_view=22378
info|2019-11-12 01:26:09.152184|[g:1][CONSENSUS]addRawPrepare,height=1,reqIdx=2,hash=e17c1f18...
info|2019-11-12 01:26:09.152849|[g:1][CONSENSUS][PBFT]checkTimeout Succ,view=22378,toView=22379,nodeIdx=0,changeCycle=0,myNode=19b3f6e2...,timecost=0.524
info|2019-11-12 01:26:09.154531|[g:1][CONSENSUS][PBFT]checkAndChangeView: Reach consensus,org_view=22378,org_changeCycle=0,cur_changeCycle=0,to_view=22379
info|2019-11-12 01:26:10.156397|[g:1][CONSENSUS]addRawPrepare,height=1,reqIdx=3,hash=9f855e04...
info|2019-11-12 01:26:10.157048|[g:1][CONSENSUS][PBFT]checkTimeout Succ,view=22379,toView=22380,nodeIdx=0,changeCycle=0,myNode=19b3f6e2...,timecost=0.515
info|2019-11-12 01:26:10.158446|[g:1][CONSENSUS][PBFT]checkAndChangeView: Reach consensus,org_view=22379,org_changeCycle=0,cur_changeCycle=0,to_view=22380
info|2019-11-12 01:26:11.159251|[g:1][CONSENSUS][SEALER]++++++++++++++++ Generating seal on,blkNum=1,tx=0,nodeIdx=0,hash=2131f479...
info|2019-11-12 01:26:11.160351|[g:1][CONSENSUS][PBFT]checkTimeout Succ,view=22380,toView=22381,nodeIdx=0,changeCycle=0,myNode=19b3f6e2...,timecost=0.599
info|2019-11-12 01:26:11.162844|[g:1][CONSENSUS][PBFT]checkAndChangeView: Reach consensus,org_view=22380,org_changeCycle=0,cur_changeCycle=0,to_view=22381
info|2019-11-12 01:26:12.023245|[P2P][Service] heartBeat,connected count=3
info|2019-11-12 01:26:12.166058|[g:1][CONSENSUS]addRawPrepare,height=1,reqIdx=1,hash=2c3607e9...
info|2019-11-12 01:26:12.166807|[g:1][CONSENSUS][PBFT]checkTimeout Succ,view=22381,toView=22382,nodeIdx=0,changeCycle=0,myNode=19b3f6e2...,timecost=0.636
info|2019-11-12 01:26:12.168319|[g:1][CONSENSUS][PBFT]checkAndChangeView: Reach consensus,org_view=22381,org_changeCycle=0,cur_changeCycle=0,to_view=22382
info|2019-11-12 01:26:13.169647|[g:1][CONSENSUS]addRawPrepare,height=1,reqIdx=2,hash=626e164c...
info|2019-11-12 01:26:13.170338|[g:1][CONSENSUS][PBFT]checkTimeout Succ,view=22382,toView=22383,nodeIdx=0,changeCycle=0,myNode=19b3f6e2...,timecost=0.572
info|2019-11-12 01:26:13.171775|[g:1][CONSENSUS][PBFT]checkAndChangeView: Reach consensus,org_view=22382,org_changeCycle=0,cur_changeCycle=0,to_view=22383
info|2019-11-12 01:26:14.172331|[g:1][CONSENSUS]addRawPrepare,height=1,reqIdx=3,hash=2a272029...
info|2019-11-12 01:26:14.172965|[g:1][CONSENSUS][PBFT]checkTimeout Succ,view=22383,toView=22384,nodeIdx=0,changeCycle=0,myNode=19b3f6e2...,timecost=0.451
info|2019-11-12 01:26:14.174186|[g:1][CONSENSUS][PBFT]checkAndChangeView: Reach consensus,org_view=22383,org_changeCycle=0,cur_changeCycle=0,to_view=22384
info|2019-11-12 01:26:15.175171|[g:1][CONSENSUS][SEALER]++++++++++++++++ Generating seal on,blkNum=1,tx=0,nodeIdx=0,hash=0222b9a7...
info|2019-11-12 01:26:15.176023|[g:1][CONSENSUS][PBFT]checkTimeout Succ,view=22384,toView=22385,nodeIdx=0,changeCycle=0,myNode=19b3f6e2...,timecost=0.431
info|2019-11-12 01:26:15.178549|[g:1][CONSENSUS][PBFT]checkAndChangeView: Reach consensus,org_view=22384,org_changeCycle=0,cur_changeCycle=0,to_view=22385
info|2019-11-12 01:26:16.179684|[g:1][CONSENSUS]addRawPrepare,height=1,reqIdx=1,hash=74099051...
info|2019-11-12 01:26:16.180504|[g:1][CONSENSUS][PBFT]checkTimeout Succ,view=22385,toView=22386,nodeIdx=0,changeCycle=0,myNode=19b3f6e2...,timecost=0.66
info|2019-11-12 01:26:16.182178|[g:1][CONSENSUS][PBFT]checkAndChangeView: Reach consensus,org_view=22385,org_changeCycle=0,cur_changeCycle=0,to_view=22386
info|2019-11-12 01:26:17.184763|[g:1][CONSENSUS]addRawPrepare,height=1,reqIdx=2,hash=bdaff2aa...
info|2019-11-12 01:26:17.185390|[g:1][CONSENSUS][PBFT]checkTimeout Succ,view=22386,toView=22387,nodeIdx=0,changeCycle=0,myNode=19b3f6e2...,timecost=0.51
info|2019-11-12 01:26:17.186963|[g:1][CONSENSUS][PBFT]checkAndChangeView: Reach consensus,org_view=22386,org_changeCycle=0,cur_changeCycle=0,to_view=22387
info|2019-11-12 01:26:18.190247|[g:1][CONSENSUS]addRawPrepare,height=1,reqIdx=3,hash=2ac67dab...
info|2019-11-12 01:26:18.190899|[g:1][CONSENSUS][PBFT]checkTimeout Succ,view=22387,toView=22388,nodeIdx=0,changeCycle=0,myNode=19b3f6e2...,timecost=0.478
info|2019-11-12 01:26:18.192368|[g:1][CONSENSUS][PBFT]checkAndChangeView: Reach consensus,org_view=22387,org_changeCycle=0,cur_changeCycle=0,to_view=22388
info|2019-11-12 01:26:19.193208|[g:1][CONSENSUS][SEALER]++++++++++++++++ Generating seal on,blkNum=1,tx=0,nodeIdx=0,hash=c812196b...
info|2019-11-12 01:26:19.195804|[g:1][CONSENSUS][PBFT]checkTimeout Succ,view=22388,toView=22389,nodeIdx=0,changeCycle=0,myNode=19b3f6e2...,timecost=0.486
info|2019-11-12 01:26:19.197202|[g:1][CONSENSUS][PBFT]checkAndChangeView: Reach consensus,org_view=22388,org_changeCycle=0,cur_changeCycle=0,to_view=22389
info|2019-11-12 01:26:20.198379|[g:1][CONSENSUS]addRawPrepare,height=1,reqIdx=1,hash=a92f9faa...
info|2019-11-12 01:26:20.199004|[g:1][CONSENSUS][PBFT]checkTimeout Succ,view=22389,toView=22390,nodeIdx=0,changeCycle=0,myNode=19b3f6e2...,timecost=0.476
info|2019-11-12 01:26:20.200465|[g:1][CONSENSUS][PBFT]checkAndChangeView: Reach consensus,org_view=22389,org_changeCycle=0,cur_changeCycle=0,to_view=22390
info|2019-11-12 01:26:21.202663|[g:1][CONSENSUS]addRawPrepare,height=1,reqIdx=2,hash=1be1516d...
info|2019-11-12 01:26:21.203445|[g:1][CONSENSUS][PBFT]checkTimeout Succ,view=22390,toView=22391,nodeIdx=0,changeCycle=0,myNode=19b3f6e2...,timecost=0.468
info|2019-11-12 01:26:21.205060|[g:1][CONSENSUS][PBFT]checkAndChangeView: Reach consensus,org_view=22390,org_changeCycle=0,cur_changeCycle=0,to_view=22391
info|2019-11-12 01:26:22.030933|[P2P][Service] heartBeat,connected count=3
info|2019-11-12 01:26:22.206781|[g:1][CONSENSUS]addRawPrepare,height=1,reqIdx=3,hash=7a11b1a6...
info|2019-11-12 01:26:22.208225|[g:1][CONSENSUS][PBFT]checkTimeout Succ,view=22391,toView=22392,nodeIdx=0,changeCycle=0,myNode=19b3f6e2...,timecost=1.183
info|2019-11-12 01:26:22.209769|[g:1][CONSENSUS][PBFT]checkAndChangeView: Reach consensus,org_view=22391,org_changeCycle=0,cur_changeCycle=0,to_view=22392
info|2019-11-12 01:26:23.209461|[g:1][CONSENSUS][SEALER]++++++++++++++++ Generating seal on,blkNum=1,tx=0,nodeIdx=0,hash=cc95767c...
info|2019-11-12 01:26:23.210529|[g:1][CONSENSUS][PBFT]checkTimeout Succ,view=22392,toView=22393,nodeIdx=0,changeCycle=0,myNode=19b3f6e2...,timecost=0.523
info|2019-11-12 01:26:23.213077|[g:1][CONSENSUS][PBFT]checkAndChangeView: Reach consensus,org_view=22392,org_changeCycle=0,cur_changeCycle=0,to_view=22393
info|2019-11-12 01:26:24.215039|[g:1][CONSENSUS]addRawPrepare,height=1,reqIdx=1,hash=2256e841...
info|2019-11-12 01:26:24.215904|[g:1][CONSENSUS][PBFT]checkTimeout Succ,view=22393,toView=22394,nodeIdx=0,changeCycle=0,myNode=19b3f6e2...,timecost=0.702
info|2019-11-12 01:26:24.217255|[g:1][CONSENSUS][PBFT]checkAndChangeView: Reach consensus,org_view=22393,org_changeCycle=0,cur_changeCycle=0,to_view=22394
info|2019-11-12 01:26:25.219257|[g:1][CONSENSUS]addRawPrepare,height=1,reqIdx=2,hash=0f9feda5...
info|2019-11-12 01:26:25.219909|[g:1][CONSENSUS][PBFT]checkTimeout Succ,view=22394,toView=22395,nodeIdx=0,changeCycle=0,myNode=19b3f6e2...,timecost=0.491
info|2019-11-12 01:26:25.221490|[g:1][CONSENSUS][PBFT]checkAndChangeView: Reach consensus,org_view=22394,org_changeCycle=0,cur_changeCycle=0,to_view=22395
info|2019-11-12 01:26:26.222774|[g:1][CONSENSUS]addRawPrepare,height=1,reqIdx=3,hash=8b0bf00e...
info|2019-11-12 01:26:26.223410|[g:1][CONSENSUS][PBFT]checkTimeout Succ,view=22395,toView=22396,nodeIdx=0,changeCycle=0,myNode=19b3f6e2...,timecost=0.468
info|2019-11-12 01:26:26.224952|[g:1][CONSENSUS][PBFT]checkAndChangeView: Reach consensus,org_view=22395,org_changeCycle=0,cur_changeCycle=0,to_view=22396
info|2019-11-12 01:26:27.224975|[g:1][CONSENSUS][SEALER]++++++++++++++++ Generating seal on,blkNum=1,tx=0,nodeIdx=0,hash=37a62bc4...
info|2019-11-12 01:26:27.226069|[g:1][CONSENSUS][PBFT]checkTimeout Succ,view=22396,toView=22397,nodeIdx=0,changeCycle=0,myNode=19b3f6e2...,timecost=0.624
info|2019-11-12 01:26:27.228911|[g:1][CONSENSUS][PBFT]checkAndChangeView: Reach consensus,org_view=22396,org_changeCycle=0,cur_changeCycle=0,to_view=22397
info|2019-11-12 01:26:28.231553|[g:1][CONSENSUS]addRawPrepare,height=1,reqIdx=1,hash=e0cc4e87...
info|2019-11-12 01:26:28.232210|[g:1][CONSENSUS][PBFT]checkTimeout Succ,view=22397,toView=22398,nodeIdx=0,changeCycle=0,myNode=19b3f6e2...,timecost=0.501
info|2019-11-12 01:26:28.233760|[g:1][CONSENSUS][PBFT]checkAndChangeView: Reach consensus,org_view=22397,org_changeCycle=0,cur_changeCycle=0,to_view=22398
info|2019-11-12 01:26:29.235004|[g:1][CONSENSUS]addRawPrepare,height=1,reqIdx=2,hash=eeac191e...
info|2019-11-12 01:26:29.235673|[g:1][CONSENSUS][PBFT]checkTimeout Succ,view=22398,toView=22399,nodeIdx=0,changeCycle=0,myNode=19b3f6e2...,timecost=0.5
info|2019-11-12 01:26:29.237143|[g:1][CONSENSUS][PBFT]checkAndChangeView: Reach consensus,org_view=22398,org_changeCycle=0,cur_changeCycle=0,to_view=22399
info|2019-11-12 01:26:30.239574|[g:1][CONSENSUS]addRawPrepare,height=1,reqIdx=3,hash=77e6914b...
info|2019-11-12 01:26:30.240231|[g:1][CONSENSUS][PBFT]checkTimeout Succ,view=22399,toView=22400,nodeIdx=0,changeCycle=0,myNode=19b3f6e2...,timecost=0.492
info|2019-11-12 01:26:30.242054|[g:1][CONSENSUS][PBFT]checkAndChangeView: Reach consensus,org_view=22399,org_changeCycle=0,cur_changeCycle=0,to_view=22400
info|2019-11-12 01:26:31.242333|[g:1][CONSENSUS][SEALER]++++++++++++++++ Generating seal on,blkNum=1,tx=0,nodeIdx=0,hash=830f7993...
info|2019-11-12 01:26:31.243332|[g:1][CONSENSUS][PBFT]checkTimeout Succ,view=22400,toView=22401,nodeIdx=0,changeCycle=0,myNode=19b3f6e2...,timecost=0.477
info|2019-11-12 01:26:31.245962|[g:1][CONSENSUS][PBFT]checkAndChangeView: Reach consensus,org_view=22400,org_changeCycle=0,cur_changeCycle=0,to_view=22401
info|2019-11-12 01:26:32.036019|[P2P][Service] heartBeat,connected count=3
info|2019-11-12 01:26:32.248032|[g:1][CONSENSUS]addRawPrepare,height=1,reqIdx=1,hash=9d273955...
info|2019-11-12 01:26:32.248664|[g:1][CONSENSUS][PBFT]checkTimeout Succ,view=22401,toView=22402,nodeIdx=0,changeCycle=0,myNode=19b3f6e2...,timecost=0.456
info|2019-11-12 01:26:32.250436|[g:1][CONSENSUS][PBFT]checkAndChangeView: Reach consensus,org_view=22401,org_changeCycle=0,cur_changeCycle=0,to_view=22402
info|2019-11-12 01:26:33.251681|[g:1][CONSENSUS]addRawPrepare,height=1,reqIdx=2,hash=5684778d...
info|2019-11-12 01:26:33.252348|[g:1][CONSENSUS][PBFT]checkTimeout Succ,view=22402,toView=22403,nodeIdx=0,changeCycle=0,myNode=19b3f6e2...,timecost=0.448
info|2019-11-12 01:26:33.253534|[g:1][CONSENSUS][PBFT]checkAndChangeView: Reach consensus,org_view=22402,org_changeCycle=0,cur_changeCycle=0,to_view=22403
info|2019-11-12 01:26:34.254845|[g:1][CONSENSUS]addRawPrepare,height=1,reqIdx=3,hash=e4949e43...
info|2019-11-12 01:26:34.255751|[g:1][CONSENSUS][PBFT]checkTimeout Succ,view=22403,toView=22404,nodeIdx=0,changeCycle=0,myNode=19b3f6e2...,timecost=0.736
info|2019-11-12 01:26:34.257469|[g:1][CONSENSUS][PBFT]checkAndChangeView: Reach consensus,org_view=22403,org_changeCycle=0,cur_changeCycle=0,to_view=22404
info|2019-11-12 01:26:35.258249|[g:1][CONSENSUS][SEALER]++++++++++++++++ Generating seal on,blkNum=1,tx=0,nodeIdx=0,hash=d020e4b6...
info|2019-11-12 01:26:35.259204|[g:1][CONSENSUS][PBFT]checkTimeout Succ,view=22404,toView=22405,nodeIdx=0,changeCycle=0,myNode=19b3f6e2...,timecost=0.478
info|2019-11-12 01:26:35.261748|[g:1][CONSENSUS][PBFT]checkAndChangeView: Reach consensus,org_view=22404,org_changeCycle=0,cur_changeCycle=0,to_view=22405
info|2019-11-12 01:26:36.263098|[g:1][CONSENSUS]addRawPrepare,height=1,reqIdx=1,hash=eddf557a...
info|2019-11-12 01:26:36.263692|[g:1][CONSENSUS][PBFT]checkTimeout Succ,view=22405,toView=22406,nodeIdx=0,changeCycle=0,myNode=19b3f6e2...,timecost=0.453
info|2019-11-12 01:26:36.265360|[g:1][CONSENSUS][PBFT]checkAndChangeView: Reach consensus,org_view=22405,org_changeCycle=0,cur_changeCycle=0,to_view=22406
info|2019-11-12 01:26:37.267089|[g:1][CONSENSUS]addRawPrepare,height=1,reqIdx=2,hash=899f2df6...
info|2019-11-12 01:26:37.268354|[g:1][CONSENSUS][PBFT]checkTimeout Succ,view=22406,toView=22407,nodeIdx=0,changeCycle=0,myNode=19b3f6e2...,timecost=1.002
info|2019-11-12 01:26:37.270026|[g:1][CONSENSUS][PBFT]checkAndChangeView: Reach consensus,org_view=22406,org_changeCycle=0,cur_changeCycle=0,to_view=22407
info|2019-11-12 01:26:38.271293|[g:1][CONSENSUS]addRawPrepare,height=1,reqIdx=3,hash=9b315641...
info|2019-11-12 01:26:38.271878|[g:1][CONSENSUS][PBFT]checkTimeout Succ,view=22407,toView=22408,nodeIdx=0,changeCycle=0,myNode=19b3f6e2...,timecost=0.444
info|2019-11-12 01:26:38.273329|[g:1][CONSENSUS][PBFT]checkAndChangeView: Reach consensus,org_view=22407,org_changeCycle=0,cur_changeCycle=0,to_view=22408
info|2019-11-12 01:26:39.273879|[g:1][CONSENSUS][SEALER]++++++++++++++++ Generating seal on,blkNum=1,tx=0,nodeIdx=0,hash=fd74c2e6...
info|2019-11-12 01:26:39.276620|[g:1][CONSENSUS][PBFT]checkTimeout Succ,view=22408,toView=22409,nodeIdx=0,changeCycle=0,myNode=19b3f6e2...,timecost=0.404
info|2019-11-12 01:26:39.277988|[g:1][CONSENSUS][PBFT]checkAndChangeView: Reach consensus,org_view=22408,org_changeCycle=0,cur_changeCycle=0,to_view=22409
info|2019-11-12 01:26:40.278774|[g:1][CONSENSUS]addRawPrepare,height=1,reqIdx=1,hash=e9121098...
info|2019-11-12 01:26:40.279423|[g:1][CONSENSUS][PBFT]checkTimeout Succ,view=22409,toView=22410,nodeIdx=0,changeCycle=0,myNode=19b3f6e2...,timecost=0.511
info|2019-11-12 01:26:40.281158|[g:1][CONSENSUS][PBFT]checkAndChangeView: Reach consensus,org_view=22409,org_changeCycle=0,cur_changeCycle=0,to_view=22410
info|2019-11-12 01:26:41.282927|[g:1][CONSENSUS]addRawPrepare,height=1,reqIdx=2,hash=1b48bcd4...
info|2019-11-12 01:26:41.283546|[g:1][CONSENSUS][PBFT]checkTimeout Succ,view=22410,toView=22411,nodeIdx=0,changeCycle=0,myNode=19b3f6e2...,timecost=0.456
info|2019-11-12 01:26:41.285327|[g:1][CONSENSUS][PBFT]checkAndChangeView: Reach consensus,org_view=22410,org_changeCycle=0,cur_changeCycle=0,to_view=22411
info|2019-11-12 01:26:42.039921|[P2P][Service] heartBeat,connected count=3
info|2019-11-12 01:26:42.287502|[g:1][CONSENSUS]addRawPrepare,height=1,reqIdx=3,hash=1622797d...
info|2019-11-12 01:26:42.288618|[g:1][CONSENSUS][PBFT]checkTimeout Succ,view=22411,toView=22412,nodeIdx=0,changeCycle=0,myNode=19b3f6e2...,timecost=0.937
info|2019-11-12 01:26:42.290222|[g:1][CONSENSUS][PBFT]checkAndChangeView: Reach consensus,org_view=22411,org_changeCycle=0,cur_changeCycle=0,to_view=22412
info|2019-11-12 01:26:43.290697|[g:1][CONSENSUS][SEALER]++++++++++++++++ Generating seal on,blkNum=1,tx=0,nodeIdx=0,hash=5d4005f7...
info|2019-11-12 01:26:43.291752|[g:1][CONSENSUS][PBFT]checkTimeout Succ,view=22412,toView=22413,nodeIdx=0,changeCycle=0,myNode=19b3f6e2...,timecost=0.561
info|2019-11-12 01:26:43.294245|[g:1][CONSENSUS][PBFT]checkAndChangeView: Reach consensus,org_view=22412,org_changeCycle=0,cur_changeCycle=0,to_view=22413
info|2019-11-12 01:26:44.296442|[g:1][CONSENSUS]addRawPrepare,height=1,reqIdx=1,hash=60c38102...
info|2019-11-12 01:26:44.297083|[g:1][CONSENSUS][PBFT]checkTimeout Succ,view=22413,toView=22414,nodeIdx=0,changeCycle=0,myNode=19b3f6e2...,timecost=0.524
info|2019-11-12 01:26:44.298644|[g:1][CONSENSUS][PBFT]checkAndChangeView: Reach consensus,org_view=22413,org_changeCycle=0,cur_changeCycle=0,to_view=22414
