info|2019-12-12 09:44:31.005044|[P2P][Service] heartBeat,connected count=3
warning|2019-12-12 09:44:31.008049|[g:1][CONSENSUS][PBFT]ViewChangeWarning: not caused by omit empty block ,v=49162,toV=49163,curNum=5,hash=a9fec021...,nodeIdx=0,myNode=19b3f6e2...
info|2019-12-12 09:44:31.008339|[g:1][CONSENSUS][PBFT]checkTimeout Succ,view=49162,toView=49163,nodeIdx=0,changeCycle=1,myNode=19b3f6e2...,timecost=0.825
info|2019-12-12 09:44:31.010610|[g:1][CONSENSUS][PBFT]checkAndChangeView: Reach consensus,org_view=49162,org_changeCycle=1,cur_changeCycle=1,to_view=49163
info|2019-12-12 09:44:32.010176|[g:1][CONSENSUS][SEALER]++++++++++++++++ Generating seal on,blkNum=6,tx=0,nodeIdx=0,hash=e4dc8b69...
info|2019-12-12 09:44:32.010873|[g:1][CONSENSUS][PBFT]checkTimeout Succ,view=49163,toView=49164,nodeIdx=0,changeCycle=0,myNode=19b3f6e2...,timecost=0.379
info|2019-12-12 09:44:32.012679|[g:1][CONSENSUS][PBFT]checkAndChangeView: Reach consensus,org_view=49163,org_changeCycle=0,cur_changeCycle=0,to_view=49164
info|2019-12-12 09:44:33.013285|[g:1][CONSENSUS]addRawPrepare,height=6,reqIdx=1,hash=1bd5abd1...
info|2019-12-12 09:44:33.013757|[g:1][CONSENSUS][PBFT]checkTimeout Succ,view=49164,toView=49165,nodeIdx=0,changeCycle=0,myNode=19b3f6e2...,timecost=0.339
info|2019-12-12 09:44:33.014992|[g:1][CONSENSUS][PBFT]checkAndChangeView: Reach consensus,org_view=49164,org_changeCycle=0,cur_changeCycle=0,to_view=49165
info|2019-12-12 09:44:34.016753|[g:1][CONSENSUS]addRawPrepare,height=6,reqIdx=2,hash=576ce56a...
info|2019-12-12 09:44:34.017259|[g:1][CONSENSUS][PBFT]checkTimeout Succ,view=49165,toView=49166,nodeIdx=0,changeCycle=0,myNode=19b3f6e2...,timecost=0.414
info|2019-12-12 09:44:34.018298|[g:1][CONSENSUS][PBFT]checkAndChangeView: Reach consensus,org_view=49165,org_changeCycle=0,cur_changeCycle=0,to_view=49166
info|2019-12-12 09:44:35.019718|[g:1][CONSENSUS]addRawPrepare,height=6,reqIdx=3,hash=6cc3de6a...
info|2019-12-12 09:44:35.020251|[g:1][CONSENSUS][PBFT]checkTimeout Succ,view=49166,toView=49167,nodeIdx=0,changeCycle=0,myNode=19b3f6e2...,timecost=0.382
info|2019-12-12 09:44:35.021576|[g:1][CONSENSUS][PBFT]checkAndChangeView: Reach consensus,org_view=49166,org_changeCycle=0,cur_changeCycle=0,to_view=49167
info|2019-12-12 09:44:36.022339|[g:1][CONSENSUS][SEALER]++++++++++++++++ Generating seal on,blkNum=6,tx=0,nodeIdx=0,hash=f23c7fac...
info|2019-12-12 09:44:36.023071|[g:1][CONSENSUS][PBFT]checkTimeout Succ,view=49167,toView=49168,nodeIdx=0,changeCycle=0,myNode=19b3f6e2...,timecost=0.394
info|2019-12-12 09:44:36.025034|[g:1][CONSENSUS][PBFT]checkAndChangeView: Reach consensus,org_view=49167,org_changeCycle=0,cur_changeCycle=0,to_view=49168
info|2019-12-12 09:44:37.026444|[g:1][CONSENSUS]addRawPrepare,height=6,reqIdx=1,hash=ebb94c41...
info|2019-12-12 09:44:37.027095|[g:1][CONSENSUS][PBFT]checkTimeout Succ,view=49168,toView=49169,nodeIdx=0,changeCycle=0,myNode=19b3f6e2...,timecost=0.48
info|2019-12-12 09:44:37.028545|[g:1][CONSENSUS][PBFT]checkAndChangeView: Reach consensus,org_view=49168,org_changeCycle=0,cur_changeCycle=0,to_view=49169
info|2019-12-12 09:44:38.030237|[g:1][CONSENSUS]addRawPrepare,height=6,reqIdx=2,hash=c897fd00...
info|2019-12-12 09:44:38.030891|[g:1][CONSENSUS][PBFT]checkTimeout Succ,view=49169,toView=49170,nodeIdx=0,changeCycle=0,myNode=19b3f6e2...,timecost=0.496
info|2019-12-12 09:44:38.032178|[g:1][CONSENSUS][PBFT]checkAndChangeView: Reach consensus,org_view=49169,org_changeCycle=0,cur_changeCycle=0,to_view=49170
info|2019-12-12 09:44:39.033191|[g:1][CONSENSUS]addRawPrepare,height=6,reqIdx=3,hash=06e61704...
info|2019-12-12 09:44:39.033693|[g:1][CONSENSUS][PBFT]checkTimeout Succ,view=49170,toView=49171,nodeIdx=0,changeCycle=0,myNode=19b3f6e2...,timecost=0.366
info|2019-12-12 09:44:39.034758|[g:1][CONSENSUS][PBFT]checkAndChangeView: Reach consensus,org_view=49170,org_changeCycle=0,cur_changeCycle=0,to_view=49171
info|2019-12-12 09:44:38.695460|[g:1][CONSENSUS][SEALER]++++++++++++++++ Generating seal on,blkNum=6,tx=0,nodeIdx=0,hash=c3a7f9dd...
info|2019-12-12 09:44:38.699822|[g:1][CONSENSUS][PBFT]checkTimeout Succ,view=49171,toView=49172,nodeIdx=0,changeCycle=0,myNode=19b3f6e2...,timecost=0.366
info|2019-12-12 09:44:38.701093|[g:1][CONSENSUS][PBFT]checkAndChangeView: Reach consensus,org_view=49171,org_changeCycle=0,cur_changeCycle=0,to_view=49172
info|2019-12-12 09:44:39.701419|[g:1][CONSENSUS]addRawPrepare,height=6,reqIdx=1,hash=48531412...
info|2019-12-12 09:44:39.701867|[g:1][CONSENSUS][PBFT]checkTimeout Succ,view=49172,toView=49173,nodeIdx=0,changeCycle=0,myNode=19b3f6e2...,timecost=0.355
info|2019-12-12 09:44:39.703123|[g:1][CONSENSUS][PBFT]checkAndChangeView: Reach consensus,org_view=49172,org_changeCycle=0,cur_changeCycle=0,to_view=49173
info|2019-12-12 09:44:40.707204|[g:1][CONSENSUS]addRawPrepare,height=6,reqIdx=2,hash=279597b4...
info|2019-12-12 09:44:40.707860|[g:1][CONSENSUS][PBFT]checkTimeout Succ,view=49173,toView=49174,nodeIdx=0,changeCycle=0,myNode=19b3f6e2...,timecost=0.447
info|2019-12-12 09:44:40.710715|[g:1][CONSENSUS][PBFT]checkAndChangeView: Reach consensus,org_view=49173,org_changeCycle=0,cur_changeCycle=0,to_view=49174
info|2019-12-12 09:44:41.011487|[P2P][Service] heartBeat,connected count=3
info|2019-12-12 09:44:41.712687|[g:1][CONSENSUS]addRawPrepare,height=6,reqIdx=3,hash=ee20a990...
info|2019-12-12 09:44:41.713259|[g:1][CONSENSUS][PBFT]checkTimeout Succ,view=49174,toView=49175,nodeIdx=0,changeCycle=0,myNode=19b3f6e2...,timecost=0.438
info|2019-12-12 09:44:41.714631|[g:1][CONSENSUS][PBFT]checkAndChangeView: Reach consensus,org_view=49174,org_changeCycle=0,cur_changeCycle=0,to_view=49175
info|2019-12-12 09:44:42.714295|[g:1][CONSENSUS][SEALER]++++++++++++++++ Generating seal on,blkNum=6,tx=0,nodeIdx=0,hash=7f56386c...
info|2019-12-12 09:44:42.717077|[g:1][CONSENSUS][PBFT]checkTimeout Succ,view=49175,toView=49176,nodeIdx=0,changeCycle=0,myNode=19b3f6e2...,timecost=0.383
info|2019-12-12 09:44:42.718745|[g:1][CONSENSUS][PBFT]checkAndChangeView: Reach consensus,org_view=49175,org_changeCycle=0,cur_changeCycle=0,to_view=49176
info|2019-12-12 09:44:43.720839|[g:1][CONSENSUS]addRawPrepare,height=6,reqIdx=1,hash=efc9ef25...
info|2019-12-12 09:44:43.721462|[g:1][CONSENSUS][PBFT]checkTimeout Succ,view=49176,toView=49177,nodeIdx=0,changeCycle=0,myNode=19b3f6e2...,timecost=0.485
info|2019-12-12 09:44:43.723204|[g:1][CONSENSUS][PBFT]checkAndChangeView: Reach consensus,org_view=49176,org_changeCycle=0,cur_changeCycle=0,to_view=49177
info|2019-12-12 09:44:44.725049|[g:1][CONSENSUS]addRawPrepare,height=6,reqIdx=2,hash=5add92c6...
info|2019-12-12 09:44:44.725728|[g:1][CONSENSUS][PBFT]checkTimeout Succ,view=49177,toView=49178,nodeIdx=0,changeCycle=0,myNode=19b3f6e2...,timecost=0.504
info|2019-12-12 09:44:44.727463|[g:1][CONSENSUS][PBFT]checkAndChangeView: Reach consensus,org_view=49177,org_changeCycle=0,cur_changeCycle=0,to_view=49178
info|2019-12-12 09:44:45.728723|[g:1][CONSENSUS]addRawPrepare,height=6,reqIdx=3,hash=2c3440e0...
info|2019-12-12 09:44:45.729409|[g:1][CONSENSUS][PBFT]checkTimeout Succ,view=49178,toView=49179,nodeIdx=0,changeCycle=0,myNode=19b3f6e2...,timecost=0.554
info|2019-12-12 09:44:45.731365|[g:1][CONSENSUS][PBFT]checkAndChangeView: Reach consensus,org_view=49178,org_changeCycle=0,cur_changeCycle=0,to_view=49179
info|2019-12-12 09:44:46.732046|[g:1][CONSENSUS][SEALER]++++++++++++++++ Generating seal on,blkNum=6,tx=0,nodeIdx=0,hash=981d49ba...
info|2019-12-12 09:44:46.735316|[g:1][CONSENSUS][PBFT]checkTimeout Succ,view=49179,toView=49180,nodeIdx=0,changeCycle=0,myNode=19b3f6e2...,timecost=0.579
info|2019-12-12 09:44:46.736971|[g:1][CONSENSUS][PBFT]checkAndChangeView: Reach consensus,org_view=49179,org_changeCycle=0,cur_changeCycle=0,to_view=49180
