warning|2019-11-14 00:29:09.009298|[g:1][CONSENSUS][PBFT]ViewChangeWarning: not caused by omit empty block ,v=98540,toV=98541,curNum=0,hash=f72cae63...,nodeIdx=0,myNode=19b3f6e2...
info|2019-11-14 00:29:09.011158|[g:1][CONSENSUS][PBFT]checkTimeout Succ,view=98540,toView=98541,nodeIdx=0,changeCycle=1,myNode=19b3f6e2...,timecost=6.64
info|2019-11-14 00:29:09.011432|[P2P][Service] heartBeat,connected count=3
info|2019-11-14 00:29:09.014368|[g:1][CONSENSUS][PBFT]checkAndChangeView: Reach consensus,org_view=98540,org_changeCycle=1,cur_changeCycle=1,to_view=98541
info|2019-11-14 00:29:10.015818|[g:1][CONSENSUS]addRawPrepare,height=1,reqIdx=1,hash=14411549...
info|2019-11-14 00:29:10.016378|[g:1][CONSENSUS][PBFT]checkTimeout Succ,view=98541,toView=98542,nodeIdx=0,changeCycle=0,myNode=19b3f6e2...,timecost=0.424
info|2019-11-14 00:29:10.017502|[g:1][CONSENSUS][PBFT]checkAndChangeView: Reach consensus,org_view=98541,org_changeCycle=0,cur_changeCycle=0,to_view=98542
info|2019-11-14 00:29:11.018465|[g:1][CONSENSUS]addRawPrepare,height=1,reqIdx=2,hash=d134a712...
info|2019-11-14 00:29:11.019001|[g:1][CONSENSUS][PBFT]checkTimeout Succ,view=98542,toView=98543,nodeIdx=0,changeCycle=0,myNode=19b3f6e2...,timecost=0.422
info|2019-11-14 00:29:11.020428|[g:1][CONSENSUS][PBFT]checkAndChangeView: Reach consensus,org_view=98542,org_changeCycle=0,cur_changeCycle=0,to_view=98543
info|2019-11-14 00:29:12.022884|[g:1][CONSENSUS]addRawPrepare,height=1,reqIdx=3,hash=3342a436...
info|2019-11-14 00:29:12.023543|[g:1][CONSENSUS][PBFT]checkTimeout Succ,view=98543,toView=98544,nodeIdx=0,changeCycle=0,myNode=19b3f6e2...,timecost=0.478
info|2019-11-14 00:29:12.025230|[g:1][CONSENSUS][PBFT]checkAndChangeView: Reach consensus,org_view=98543,org_changeCycle=0,cur_changeCycle=0,to_view=98544
info|2019-11-14 00:29:13.025163|[g:1][CONSENSUS][SEALER]++++++++++++++++ Generating seal on,blkNum=1,tx=0,nodeIdx=0,hash=f44725fa...
info|2019-11-14 00:29:13.025781|[g:1][CONSENSUS][PBFT]checkTimeout Succ,view=98544,toView=98545,nodeIdx=0,changeCycle=0,myNode=19b3f6e2...,timecost=0.303
info|2019-11-14 00:29:13.028015|[g:1][CONSENSUS][PBFT]checkAndChangeView: Reach consensus,org_view=98544,org_changeCycle=0,cur_changeCycle=0,to_view=98545
info|2019-11-14 00:29:14.028630|[g:1][CONSENSUS]addRawPrepare,height=1,reqIdx=1,hash=9b46084d...
info|2019-11-14 00:29:14.029728|[g:1][CONSENSUS][PBFT]checkTimeout Succ,view=98545,toView=98546,nodeIdx=0,changeCycle=0,myNode=19b3f6e2...,timecost=0.977
info|2019-11-14 00:29:14.031038|[g:1][CONSENSUS][PBFT]checkAndChangeView: Reach consensus,org_view=98545,org_changeCycle=0,cur_changeCycle=0,to_view=98546
info|2019-11-14 00:29:15.031646|[g:1][CONSENSUS]addRawPrepare,height=1,reqIdx=2,hash=72e7a19c...
info|2019-11-14 00:29:15.032465|[g:1][CONSENSUS][PBFT]checkTimeout Succ,view=98546,toView=98547,nodeIdx=0,changeCycle=0,myNode=19b3f6e2...,timecost=0.635
info|2019-11-14 00:29:15.034460|[g:1][CONSENSUS][PBFT]checkAndChangeView: Reach consensus,org_view=98546,org_changeCycle=0,cur_changeCycle=0,to_view=98547
info|2019-11-14 00:29:16.035504|[g:1][CONSENSUS]addRawPrepare,height=1,reqIdx=3,hash=ee74320c...
info|2019-11-14 00:29:16.036155|[g:1][CONSENSUS][PBFT]checkTimeout Succ,view=98547,toView=98548,nodeIdx=0,changeCycle=0,myNode=19b3f6e2...,timecost=0.494
info|2019-11-14 00:29:16.037803|[g:1][CONSENSUS][PBFT]checkAndChangeView: Reach consensus,org_view=98547,org_changeCycle=0,cur_changeCycle=0,to_view=98548
info|2019-11-14 00:29:17.038196|[g:1][CONSENSUS][SEALER]++++++++++++++++ Generating seal on,blkNum=1,tx=0,nodeIdx=0,hash=94135d2f...
info|2019-11-14 00:29:17.040990|[g:1][CONSENSUS][PBFT]checkTimeout Succ,view=98548,toView=98549,nodeIdx=0,changeCycle=0,myNode=19b3f6e2...,timecost=0.434
info|2019-11-14 00:29:17.042389|[g:1][CONSENSUS][PBFT]checkAndChangeView: Reach consensus,org_view=98548,org_changeCycle=0,cur_changeCycle=0,to_view=98549
info|2019-11-14 00:29:18.043226|[g:1][CONSENSUS]addRawPrepare,height=1,reqIdx=1,hash=5ccc3e46...
info|2019-11-14 00:29:18.043906|[g:1][CONSENSUS][PBFT]checkTimeout Succ,view=98549,toView=98550,nodeIdx=0,changeCycle=0,myNode=19b3f6e2...,timecost=0.503
info|2019-11-14 00:29:18.045344|[g:1][CONSENSUS][PBFT]checkAndChangeView: Reach consensus,org_view=98549,org_changeCycle=0,cur_changeCycle=0,to_view=98550
info|2019-11-14 00:29:19.013370|[P2P][Service] heartBeat,connected count=3
info|2019-11-14 00:29:19.046844|[g:1][CONSENSUS]addRawPrepare,height=1,reqIdx=2,hash=d838aaa7...
info|2019-11-14 00:29:19.047477|[g:1][CONSENSUS][PBFT]checkTimeout Succ,view=98550,toView=98551,nodeIdx=0,changeCycle=0,myNode=19b3f6e2...,timecost=0.519
info|2019-11-14 00:29:19.049067|[g:1][CONSENSUS][PBFT]checkAndChangeView: Reach consensus,org_view=98550,org_changeCycle=0,cur_changeCycle=0,to_view=98551
info|2019-11-14 00:29:20.050543|[g:1][CONSENSUS]addRawPrepare,height=1,reqIdx=3,hash=f10546bd...
info|2019-11-14 00:29:20.051168|[g:1][CONSENSUS][PBFT]checkTimeout Succ,view=98551,toView=98552,nodeIdx=0,changeCycle=0,myNode=19b3f6e2...,timecost=0.502
info|2019-11-14 00:29:20.052691|[g:1][CONSENSUS][PBFT]checkAndChangeView: Reach consensus,org_view=98551,org_changeCycle=0,cur_changeCycle=0,to_view=98552
info|2019-11-14 00:29:21.053332|[g:1][CONSENSUS][SEALER]++++++++++++++++ Generating seal on,blkNum=1,tx=0,nodeIdx=0,hash=3980753e...
info|2019-11-14 00:29:21.055772|[g:1][CONSENSUS][PBFT]checkTimeout Succ,view=98552,toView=98553,nodeIdx=0,changeCycle=0,myNode=19b3f6e2...,timecost=0.331
info|2019-11-14 00:29:21.056309|[g:1][CONSENSUS][PBFT]checkAndChangeView: Reach consensus,org_view=98552,org_changeCycle=0,cur_changeCycle=0,to_view=98553
info|2019-11-14 00:29:22.058076|[g:1][CONSENSUS]addRawPrepare,height=1,reqIdx=1,hash=695c40a1...
info|2019-11-14 00:29:22.058691|[g:1][CONSENSUS][PBFT]checkTimeout Succ,view=98553,toView=98554,nodeIdx=0,changeCycle=0,myNode=19b3f6e2...,timecost=0.449
info|2019-11-14 00:29:22.060077|[g:1][CONSENSUS][PBFT]checkAndChangeView: Reach consensus,org_view=98553,org_changeCycle=0,cur_changeCycle=0,to_view=98554
info|2019-11-14 00:29:23.061866|[g:1][CONSENSUS]addRawPrepare,height=1,reqIdx=2,hash=d50a5024...
info|2019-11-14 00:29:23.062496|[g:1][CONSENSUS][PBFT]checkTimeout Succ,view=98554,toView=98555,nodeIdx=0,changeCycle=0,myNode=19b3f6e2...,timecost=0.503
info|2019-11-14 00:29:23.064403|[g:1][CONSENSUS][PBFT]checkAndChangeView: Reach consensus,org_view=98554,org_changeCycle=0,cur_changeCycle=0,to_view=98555
info|2019-11-14 00:29:24.066305|[g:1][CONSENSUS]addRawPrepare,height=1,reqIdx=3,hash=aba074b9...
info|2019-11-14 00:29:24.067466|[g:1][CONSENSUS][PBFT]checkTimeout Succ,view=98555,toView=98556,nodeIdx=0,changeCycle=0,myNode=19b3f6e2...,timecost=1.014
info|2019-11-14 00:29:24.068920|[g:1][CONSENSUS][PBFT]checkAndChangeView: Reach consensus,org_view=98555,org_changeCycle=0,cur_changeCycle=0,to_view=98556
info|2019-11-14 00:29:25.069490|[g:1][CONSENSUS][SEALER]++++++++++++++++ Generating seal on,blkNum=1,tx=0,nodeIdx=0,hash=74469e9a...
info|2019-11-14 00:29:25.070548|[g:1][CONSENSUS][PBFT]checkTimeout Succ,view=98556,toView=98557,nodeIdx=0,changeCycle=0,myNode=19b3f6e2...,timecost=0.587
info|2019-11-14 00:29:25.072843|[g:1][CONSENSUS][PBFT]checkAndChangeView: Reach consensus,org_view=98556,org_changeCycle=0,cur_changeCycle=0,to_view=98557
info|2019-11-14 00:29:26.075976|[g:1][CONSENSUS]addRawPrepare,height=1,reqIdx=1,hash=587a69a3...
info|2019-11-14 00:29:26.076725|[g:1][CONSENSUS][PBFT]checkTimeout Succ,view=98557,toView=98558,nodeIdx=0,changeCycle=0,myNode=19b3f6e2...,timecost=0.552
info|2019-11-14 00:29:26.078158|[g:1][CONSENSUS][PBFT]checkAndChangeView: Reach consensus,org_view=98557,org_changeCycle=0,cur_changeCycle=0,to_view=98558
info|2019-11-14 00:29:27.080772|[g:1][CONSENSUS]addRawPrepare,height=1,reqIdx=2,hash=7d8c4c91...
info|2019-11-14 00:29:27.081381|[g:1][CONSENSUS][PBFT]checkTimeout Succ,view=98558,toView=98559,nodeIdx=0,changeCycle=0,myNode=19b3f6e2...,timecost=0.491
info|2019-11-14 00:29:27.082800|[g:1][CONSENSUS][PBFT]checkAndChangeView: Reach consensus,org_view=98558,org_changeCycle=0,cur_changeCycle=0,to_view=98559
info|2019-11-14 00:29:28.083487|[g:1][CONSENSUS]addRawPrepare,height=1,reqIdx=3,hash=842787e6...
info|2019-11-14 00:29:28.084147|[g:1][CONSENSUS][PBFT]checkTimeout Succ,view=98559,toView=98560,nodeIdx=0,changeCycle=0,myNode=19b3f6e2...,timecost=0.533
info|2019-11-14 00:29:28.085298|[g:1][CONSENSUS][PBFT]checkAndChangeView: Reach consensus,org_view=98559,org_changeCycle=0,cur_changeCycle=0,to_view=98560
info|2019-11-14 00:29:29.020949|[P2P][Service] heartBeat,connected count=3
info|2019-11-14 00:29:29.085958|[g:1][CONSENSUS][SEALER]++++++++++++++++ Generating seal on,blkNum=1,tx=0,nodeIdx=0,hash=3c154094...
info|2019-11-14 00:29:29.089280|[g:1][CONSENSUS][PBFT]checkTimeout Succ,view=98560,toView=98561,nodeIdx=0,changeCycle=0,myNode=19b3f6e2...,timecost=0.443
info|2019-11-14 00:29:29.089893|[g:1][CONSENSUS][PBFT]checkAndChangeView: Reach consensus,org_view=98560,org_changeCycle=0,cur_changeCycle=0,to_view=98561
info|2019-11-14 00:29:30.090825|[g:1][CONSENSUS]addRawPrepare,height=1,reqIdx=1,hash=b9e8cb68...
info|2019-11-14 00:29:30.091470|[g:1][CONSENSUS][PBFT]checkTimeout Succ,view=98561,toView=98562,nodeIdx=0,changeCycle=0,myNode=19b3f6e2...,timecost=0.513
info|2019-11-14 00:29:30.093068|[g:1][CONSENSUS][PBFT]checkAndChangeView: Reach consensus,org_view=98561,org_changeCycle=0,cur_changeCycle=0,to_view=98562
info|2019-11-14 00:29:31.095381|[g:1][CONSENSUS]addRawPrepare,height=1,reqIdx=2,hash=9a0cfc5e...
info|2019-11-14 00:29:31.096013|[g:1][CONSENSUS][PBFT]checkTimeout Succ,view=98562,toView=98563,nodeIdx=0,changeCycle=0,myNode=19b3f6e2...,timecost=0.504
info|2019-11-14 00:29:31.097638|[g:1][CONSENSUS][PBFT]checkAndChangeView: Reach consensus,org_view=98562,org_changeCycle=0,cur_changeCycle=0,to_view=98563
info|2019-11-14 00:29:32.099637|[g:1][CONSENSUS]addRawPrepare,height=1,reqIdx=3,hash=6baa73da...
info|2019-11-14 00:29:32.100231|[g:1][CONSENSUS][PBFT]checkTimeout Succ,view=98563,toView=98564,nodeIdx=0,changeCycle=0,myNode=19b3f6e2...,timecost=0.462
info|2019-11-14 00:29:32.101769|[g:1][CONSENSUS][PBFT]checkAndChangeView: Reach consensus,org_view=98563,org_changeCycle=0,cur_changeCycle=0,to_view=98564
info|2019-11-14 00:29:33.101270|[g:1][CONSENSUS][SEALER]++++++++++++++++ Generating seal on,blkNum=1,tx=0,nodeIdx=0,hash=bffbbc13...
info|2019-11-14 00:29:33.102182|[g:1][CONSENSUS][PBFT]checkTimeout Succ,view=98564,toView=98565,nodeIdx=0,changeCycle=0,myNode=19b3f6e2...,timecost=0.434
info|2019-11-14 00:29:33.104930|[g:1][CONSENSUS][PBFT]checkAndChangeView: Reach consensus,org_view=98564,org_changeCycle=0,cur_changeCycle=0,to_view=98565
info|2019-11-14 00:29:34.105889|[g:1][CONSENSUS]addRawPrepare,height=1,reqIdx=1,hash=542fced6...
info|2019-11-14 00:29:34.106581|[g:1][CONSENSUS][PBFT]checkTimeout Succ,view=98565,toView=98566,nodeIdx=0,changeCycle=0,myNode=19b3f6e2...,timecost=0.567
info|2019-11-14 00:29:34.108446|[g:1][CONSENSUS][PBFT]checkAndChangeView: Reach consensus,org_view=98565,org_changeCycle=0,cur_changeCycle=0,to_view=98566
info|2019-11-14 00:29:35.110895|[g:1][CONSENSUS]addRawPrepare,height=1,reqIdx=2,hash=5e3543bb...
info|2019-11-14 00:29:35.111615|[g:1][CONSENSUS][PBFT]checkTimeout Succ,view=98566,toView=98567,nodeIdx=0,changeCycle=0,myNode=19b3f6e2...,timecost=0.495
info|2019-11-14 00:29:35.112996|[g:1][CONSENSUS][PBFT]checkAndChangeView: Reach consensus,org_view=98566,org_changeCycle=0,cur_changeCycle=0,to_view=98567
info|2019-11-14 00:29:36.115856|[g:1][CONSENSUS]addRawPrepare,height=1,reqIdx=3,hash=e09dded7...
info|2019-11-14 00:29:36.116570|[g:1][CONSENSUS][PBFT]checkTimeout Succ,view=98567,toView=98568,nodeIdx=0,changeCycle=0,myNode=19b3f6e2...,timecost=0.583
info|2019-11-14 00:29:36.118302|[g:1][CONSENSUS][PBFT]checkAndChangeView: Reach consensus,org_view=98567,org_changeCycle=0,cur_changeCycle=0,to_view=98568
info|2019-11-14 00:29:37.118812|[g:1][CONSENSUS][SEALER]++++++++++++++++ Generating seal on,blkNum=1,tx=0,nodeIdx=0,hash=51c0b78b...
info|2019-11-14 00:29:37.119702|[g:1][CONSENSUS][PBFT]checkTimeout Succ,view=98568,toView=98569,nodeIdx=0,changeCycle=0,myNode=19b3f6e2...,timecost=0.456
info|2019-11-14 00:29:37.122150|[g:1][CONSENSUS][PBFT]checkAndChangeView: Reach consensus,org_view=98568,org_changeCycle=0,cur_changeCycle=0,to_view=98569
info|2019-11-14 00:29:38.124407|[g:1][CONSENSUS]addRawPrepare,height=1,reqIdx=1,hash=c1e547ff...
info|2019-11-14 00:29:38.125085|[g:1][CONSENSUS][PBFT]checkTimeout Succ,view=98569,toView=98570,nodeIdx=0,changeCycle=0,myNode=19b3f6e2...,timecost=0.514
info|2019-11-14 00:29:38.126641|[g:1][CONSENSUS][PBFT]checkAndChangeView: Reach consensus,org_view=98569,org_changeCycle=0,cur_changeCycle=0,to_view=98570
info|2019-11-14 00:29:39.029415|[P2P][Service] heartBeat,connected count=3
info|2019-11-14 00:29:39.129278|[g:1][CONSENSUS]addRawPrepare,height=1,reqIdx=2,hash=21d59f3e...
info|2019-11-14 00:29:39.130434|[g:1][CONSENSUS][PBFT]checkTimeout Succ,view=98570,toView=98571,nodeIdx=0,changeCycle=0,myNode=19b3f6e2...,timecost=0.991
info|2019-11-14 00:29:39.132012|[g:1][CONSENSUS][PBFT]checkAndChangeView: Reach consensus,org_view=98570,org_changeCycle=0,cur_changeCycle=0,to_view=98571
info|2019-11-14 00:29:40.132757|[g:1][CONSENSUS]addRawPrepare,height=1,reqIdx=3,hash=0000e2e6...
info|2019-11-14 00:29:40.133315|[g:1][CONSENSUS][PBFT]checkTimeout Succ,view=98571,toView=98572,nodeIdx=0,changeCycle=0,myNode=19b3f6e2...,timecost=0.419
info|2019-11-14 00:29:40.134776|[g:1][CONSENSUS][PBFT]checkAndChangeView: Reach consensus,org_view=98571,org_changeCycle=0,cur_changeCycle=0,to_view=98572
info|2019-11-14 00:29:41.135113|[g:1][CONSENSUS][SEALER]++++++++++++++++ Generating seal on,blkNum=1,tx=0,nodeIdx=0,hash=92ff7158...
info|2019-11-14 00:29:41.138399|[g:1][CONSENSUS][PBFT]checkTimeout Succ,view=98572,toView=98573,nodeIdx=0,changeCycle=0,myNode=19b3f6e2...,timecost=0.509
info|2019-11-14 00:29:41.139123|[g:1][CONSENSUS][PBFT]checkAndChangeView: Reach consensus,org_view=98572,org_changeCycle=0,cur_changeCycle=0,to_view=98573
info|2019-11-14 00:29:42.141014|[g:1][CONSENSUS]addRawPrepare,height=1,reqIdx=1,hash=561b2203...
info|2019-11-14 00:29:42.141698|[g:1][CONSENSUS][PBFT]checkTimeout Succ,view=98573,toView=98574,nodeIdx=0,changeCycle=0,myNode=19b3f6e2...,timecost=0.546
info|2019-11-14 00:29:42.143496|[g:1][CONSENSUS][PBFT]checkAndChangeView: Reach consensus,org_view=98573,org_changeCycle=0,cur_changeCycle=0,to_view=98574
info|2019-11-14 00:29:43.145629|[g:1][CONSENSUS]addRawPrepare,height=1,reqIdx=2,hash=ee4f0603...
info|2019-11-14 00:29:43.146326|[g:1][CONSENSUS][PBFT]checkTimeout Succ,view=98574,toView=98575,nodeIdx=0,changeCycle=0,myNode=19b3f6e2...,timecost=0.514
info|2019-11-14 00:29:43.147834|[g:1][CONSENSUS][PBFT]checkAndChangeView: Reach consensus,org_view=98574,org_changeCycle=0,cur_changeCycle=0,to_view=98575
info|2019-11-14 00:29:44.149595|[g:1][CONSENSUS]addRawPrepare,height=1,reqIdx=3,hash=defcee6a...
info|2019-11-14 00:29:44.150741|[g:1][CONSENSUS][PBFT]checkTimeout Succ,view=98575,toView=98576,nodeIdx=0,changeCycle=0,myNode=19b3f6e2...,timecost=0.899
info|2019-11-14 00:29:44.152255|[g:1][CONSENSUS][PBFT]checkAndChangeView: Reach consensus,org_view=98575,org_changeCycle=0,cur_changeCycle=0,to_view=98576
info|2019-11-14 00:29:45.152357|[g:1][CONSENSUS][SEALER]++++++++++++++++ Generating seal on,blkNum=1,tx=0,nodeIdx=0,hash=bdfea59d...
info|2019-11-14 00:29:45.153307|[g:1][CONSENSUS][PBFT]checkTimeout Succ,view=98576,toView=98577,nodeIdx=0,changeCycle=0,myNode=19b3f6e2...,timecost=0.492
info|2019-11-14 00:29:45.155905|[g:1][CONSENSUS][PBFT]checkAndChangeView: Reach consensus,org_view=98576,org_changeCycle=0,cur_changeCycle=0,to_view=98577
info|2019-11-14 00:29:46.156875|[g:1][CONSENSUS]addRawPrepare,height=1,reqIdx=1,hash=10c59ea4...
info|2019-11-14 00:29:46.157486|[g:1][CONSENSUS][PBFT]checkTimeout Succ,view=98577,toView=98578,nodeIdx=0,changeCycle=0,myNode=19b3f6e2...,timecost=0.463
info|2019-11-14 00:29:46.159224|[g:1][CONSENSUS][PBFT]checkAndChangeView: Reach consensus,org_view=98577,org_changeCycle=0,cur_changeCycle=0,to_view=98578
info|2019-11-14 00:29:47.160302|[g:1][CONSENSUS]addRawPrepare,height=1,reqIdx=2,hash=d554ae4e...
info|2019-11-14 00:29:47.160933|[g:1][CONSENSUS][PBFT]checkTimeout Succ,view=98578,toView=98579,nodeIdx=0,changeCycle=0,myNode=19b3f6e2...,timecost=0.467
info|2019-11-14 00:29:47.162553|[g:1][CONSENSUS][PBFT]checkAndChangeView: Reach consensus,org_view=98578,org_changeCycle=0,cur_changeCycle=0,to_view=98579
info|2019-11-14 00:29:48.163495|[g:1][CONSENSUS]addRawPrepare,height=1,reqIdx=3,hash=5ac9cfcb...
info|2019-11-14 00:29:48.164150|[g:1][CONSENSUS][PBFT]checkTimeout Succ,view=98579,toView=98580,nodeIdx=0,changeCycle=0,myNode=19b3f6e2...,timecost=0.469
info|2019-11-14 00:29:48.165774|[g:1][CONSENSUS][PBFT]checkAndChangeView: Reach consensus,org_view=98579,org_changeCycle=0,cur_changeCycle=0,to_view=98580
info|2019-11-14 00:29:49.036320|[P2P][Service] heartBeat,connected count=3
info|2019-11-14 00:29:49.165747|[g:1][CONSENSUS][SEALER]++++++++++++++++ Generating seal on,blkNum=1,tx=0,nodeIdx=0,hash=2478f779...
info|2019-11-14 00:29:49.166819|[g:1][CONSENSUS][PBFT]checkTimeout Succ,view=98580,toView=98581,nodeIdx=0,changeCycle=0,myNode=19b3f6e2...,timecost=0.631
info|2019-11-14 00:29:49.169502|[g:1][CONSENSUS][PBFT]checkAndChangeView: Reach consensus,org_view=98580,org_changeCycle=0,cur_changeCycle=0,to_view=98581
info|2019-11-14 00:29:50.683617|[g:1][CONSENSUS]addRawPrepare,height=1,reqIdx=1,hash=fbb1930b...
info|2019-11-14 00:29:50.684277|[g:1][CONSENSUS][PBFT]checkTimeout Succ,view=98581,toView=98582,nodeIdx=0,changeCycle=0,myNode=19b3f6e2...,timecost=0.494
info|2019-11-14 00:29:50.685433|[g:1][CONSENSUS][PBFT]checkAndChangeView: Reach consensus,org_view=98581,org_changeCycle=0,cur_changeCycle=0,to_view=98582
info|2019-11-14 00:29:51.686973|[g:1][CONSENSUS]addRawPrepare,height=1,reqIdx=2,hash=29f13373...
info|2019-11-14 00:29:51.687734|[g:1][CONSENSUS][PBFT]checkTimeout Succ,view=98582,toView=98583,nodeIdx=0,changeCycle=0,myNode=19b3f6e2...,timecost=0.478
info|2019-11-14 00:29:51.689257|[g:1][CONSENSUS][PBFT]checkAndChangeView: Reach consensus,org_view=98582,org_changeCycle=0,cur_changeCycle=0,to_view=98583
info|2019-11-14 00:29:52.689371|[g:1][CONSENSUS]addRawPrepare,height=1,reqIdx=3,hash=8ec12f2d...
info|2019-11-14 00:29:52.689958|[g:1][CONSENSUS][PBFT]checkTimeout Succ,view=98583,toView=98584,nodeIdx=0,changeCycle=0,myNode=19b3f6e2...,timecost=0.462
info|2019-11-14 00:29:52.691739|[g:1][CONSENSUS][PBFT]checkAndChangeView: Reach consensus,org_view=98583,org_changeCycle=0,cur_changeCycle=0,to_view=98584
info|2019-11-14 00:29:53.691838|[g:1][CONSENSUS][SEALER]++++++++++++++++ Generating seal on,blkNum=1,tx=0,nodeIdx=0,hash=70c8ce96...
info|2019-11-14 00:29:53.694705|[g:1][CONSENSUS][PBFT]checkTimeout Succ,view=98584,toView=98585,nodeIdx=0,changeCycle=0,myNode=19b3f6e2...,timecost=0.44
info|2019-11-14 00:29:53.695542|[g:1][CONSENSUS][PBFT]checkAndChangeView: Reach consensus,org_view=98584,org_changeCycle=0,cur_changeCycle=0,to_view=98585
info|2019-11-14 00:29:54.697535|[g:1][CONSENSUS]addRawPrepare,height=1,reqIdx=1,hash=2cb53194...
info|2019-11-14 00:29:54.698172|[g:1][CONSENSUS][PBFT]checkTimeout Succ,view=98585,toView=98586,nodeIdx=0,changeCycle=0,myNode=19b3f6e2...,timecost=0.511
info|2019-11-14 00:29:54.699562|[g:1][CONSENSUS][PBFT]checkAndChangeView: Reach consensus,org_view=98585,org_changeCycle=0,cur_changeCycle=0,to_view=98586
info|2019-11-14 00:29:55.701454|[g:1][CONSENSUS]addRawPrepare,height=1,reqIdx=2,hash=955183f9...
info|2019-11-14 00:29:55.702134|[g:1][CONSENSUS][PBFT]checkTimeout Succ,view=98586,toView=98587,nodeIdx=0,changeCycle=0,myNode=19b3f6e2...,timecost=0.546
info|2019-11-14 00:29:55.703799|[g:1][CONSENSUS][PBFT]checkAndChangeView: Reach consensus,org_view=98586,org_changeCycle=0,cur_changeCycle=0,to_view=98587
info|2019-11-14 00:29:56.706028|[g:1][CONSENSUS]addRawPrepare,height=1,reqIdx=3,hash=91f9675b...
info|2019-11-14 00:29:56.706645|[g:1][CONSENSUS][PBFT]checkTimeout Succ,view=98587,toView=98588,nodeIdx=0,changeCycle=0,myNode=19b3f6e2...,timecost=0.487
info|2019-11-14 00:29:56.707975|[g:1][CONSENSUS][PBFT]checkAndChangeView: Reach consensus,org_view=98587,org_changeCycle=0,cur_changeCycle=0,to_view=98588
info|2019-11-14 00:29:57.707539|[g:1][CONSENSUS][SEALER]++++++++++++++++ Generating seal on,blkNum=1,tx=0,nodeIdx=0,hash=490139a8...
info|2019-11-14 00:29:57.708242|[g:1][CONSENSUS][PBFT]checkTimeout Succ,view=98588,toView=98589,nodeIdx=0,changeCycle=0,myNode=19b3f6e2...,timecost=0.366
info|2019-11-14 00:29:57.710333|[g:1][CONSENSUS][PBFT]checkAndChangeView: Reach consensus,org_view=98588,org_changeCycle=0,cur_changeCycle=0,to_view=98589
info|2019-11-14 00:29:58.712073|[g:1][CONSENSUS]addRawPrepare,height=1,reqIdx=1,hash=2d88c47d...
info|2019-11-14 00:29:58.712673|[g:1][CONSENSUS][PBFT]checkTimeout Succ,view=98589,toView=98590,nodeIdx=0,changeCycle=0,myNode=19b3f6e2...,timecost=0.478
info|2019-11-14 00:29:58.714239|[g:1][CONSENSUS][PBFT]checkAndChangeView: Reach consensus,org_view=98589,org_changeCycle=0,cur_changeCycle=0,to_view=98590
info|2019-11-14 00:29:59.045279|[P2P][Service] heartBeat,connected count=3
info|2019-11-14 00:29:59.716801|[g:1][CONSENSUS]addRawPrepare,height=1,reqIdx=2,hash=20ae37bf...
info|2019-11-14 00:29:59.717504|[g:1][CONSENSUS][PBFT]checkTimeout Succ,view=98590,toView=98591,nodeIdx=0,changeCycle=0,myNode=19b3f6e2...,timecost=0.505
info|2019-11-14 00:29:59.718874|[g:1][CONSENSUS][PBFT]checkAndChangeView: Reach consensus,org_view=98590,org_changeCycle=0,cur_changeCycle=0,to_view=98591
info|2019-11-14 00:30:00.720484|[g:1][CONSENSUS]addRawPrepare,height=1,reqIdx=3,hash=1f010c48...
info|2019-11-14 00:30:00.721118|[g:1][CONSENSUS][PBFT]checkTimeout Succ,view=98591,toView=98592,nodeIdx=0,changeCycle=0,myNode=19b3f6e2...,timecost=0.509
info|2019-11-14 00:30:00.722351|[g:1][CONSENSUS][PBFT]checkAndChangeView: Reach consensus,org_view=98591,org_changeCycle=0,cur_changeCycle=0,to_view=98592
info|2019-11-14 00:30:01.723179|[g:1][CONSENSUS][SEALER]++++++++++++++++ Generating seal on,blkNum=1,tx=0,nodeIdx=0,hash=379c70fc...
info|2019-11-14 00:30:01.724131|[g:1][CONSENSUS][PBFT]checkTimeout Succ,view=98592,toView=98593,nodeIdx=0,changeCycle=0,myNode=19b3f6e2...,timecost=0.48
info|2019-11-14 00:30:01.726594|[g:1][CONSENSUS][PBFT]checkAndChangeView: Reach consensus,org_view=98592,org_changeCycle=0,cur_changeCycle=0,to_view=98593
info|2019-11-14 00:30:02.728225|[g:1][CONSENSUS]addRawPrepare,height=1,reqIdx=1,hash=db7a88ea...
info|2019-11-14 00:30:02.728890|[g:1][CONSENSUS][PBFT]checkTimeout Succ,view=98593,toView=98594,nodeIdx=0,changeCycle=0,myNode=19b3f6e2...,timecost=0.53
info|2019-11-14 00:30:02.730382|[g:1][CONSENSUS][PBFT]checkAndChangeView: Reach consensus,org_view=98593,org_changeCycle=0,cur_changeCycle=0,to_view=98594
info|2019-11-14 00:30:03.732427|[g:1][CONSENSUS]addRawPrepare,height=1,reqIdx=2,hash=2e6bb204...
info|2019-11-14 00:30:03.732989|[g:1][CONSENSUS][PBFT]checkTimeout Succ,view=98594,toView=98595,nodeIdx=0,changeCycle=0,myNode=19b3f6e2...,timecost=0.438
info|2019-11-14 00:30:03.734537|[g:1][CONSENSUS][PBFT]checkAndChangeView: Reach consensus,org_view=98594,org_changeCycle=0,cur_changeCycle=0,to_view=98595
info|2019-11-14 00:30:04.735507|[g:1][CONSENSUS]addRawPrepare,height=1,reqIdx=3,hash=a32eaa23...
info|2019-11-14 00:30:04.735983|[g:1][CONSENSUS][PBFT]checkTimeout Succ,view=98595,toView=98596,nodeIdx=0,changeCycle=0,myNode=19b3f6e2...,timecost=0.323
info|2019-11-14 00:30:04.737111|[g:1][CONSENSUS][PBFT]checkAndChangeView: Reach consensus,org_view=98595,org_changeCycle=0,cur_changeCycle=0,to_view=98596
info|2019-11-14 00:30:05.737791|[g:1][CONSENSUS][SEALER]++++++++++++++++ Generating seal on,blkNum=1,tx=0,nodeIdx=0,hash=2a5728b9...
info|2019-11-14 00:30:05.740103|[g:1][CONSENSUS][PBFT]checkTimeout Succ,view=98596,toView=98597,nodeIdx=0,changeCycle=0,myNode=19b3f6e2...,timecost=0.336
info|2019-11-14 00:30:05.741221|[g:1][CONSENSUS][PBFT]checkAndChangeView: Reach consensus,org_view=98596,org_changeCycle=0,cur_changeCycle=0,to_view=98597
info|2019-11-14 00:30:06.741905|[g:1][CONSENSUS]addRawPrepare,height=1,reqIdx=1,hash=2fa397c4...
info|2019-11-14 00:30:06.742611|[g:1][CONSENSUS][PBFT]checkTimeout Succ,view=98597,toView=98598,nodeIdx=0,changeCycle=0,myNode=19b3f6e2...,timecost=0.536
info|2019-11-14 00:30:06.744446|[g:1][CONSENSUS][PBFT]checkAndChangeView: Reach consensus,org_view=98597,org_changeCycle=0,cur_changeCycle=0,to_view=98598
info|2019-11-14 00:30:07.746438|[g:1][CONSENSUS]addRawPrepare,height=1,reqIdx=2,hash=d59d3cdc...
info|2019-11-14 00:30:07.747004|[g:1][CONSENSUS][PBFT]checkTimeout Succ,view=98598,toView=98599,nodeIdx=0,changeCycle=0,myNode=19b3f6e2...,timecost=0.412
info|2019-11-14 00:30:07.748747|[g:1][CONSENSUS][PBFT]checkAndChangeView: Reach consensus,org_view=98598,org_changeCycle=0,cur_changeCycle=0,to_view=98599
info|2019-11-14 00:30:08.750944|[g:1][CONSENSUS]addRawPrepare,height=1,reqIdx=3,hash=be676d2c...
info|2019-11-14 00:30:08.751689|[g:1][CONSENSUS][PBFT]checkTimeout Succ,view=98599,toView=98600,nodeIdx=0,changeCycle=0,myNode=19b3f6e2...,timecost=0.667
info|2019-11-14 00:30:08.753053|[g:1][CONSENSUS][PBFT]checkAndChangeView: Reach consensus,org_view=98599,org_changeCycle=0,cur_changeCycle=0,to_view=98600
info|2019-11-14 00:30:09.049870|[P2P][Service] heartBeat,connected count=3
info|2019-11-14 00:30:09.753176|[g:1][CONSENSUS][SEALER]++++++++++++++++ Generating seal on,blkNum=1,tx=0,nodeIdx=0,hash=3f5e8300...
info|2019-11-14 00:30:09.755035|[g:1][CONSENSUS][PBFT]checkTimeout Succ,view=98600,toView=98601,nodeIdx=0,changeCycle=0,myNode=19b3f6e2...,timecost=0.238
info|2019-11-14 00:30:09.756092|[g:1][CONSENSUS][PBFT]checkAndChangeView: Reach consensus,org_view=98600,org_changeCycle=0,cur_changeCycle=0,to_view=98601
info|2019-11-14 00:30:10.757454|[g:1][CONSENSUS]addRawPrepare,height=1,reqIdx=1,hash=f4e80667...
info|2019-11-14 00:30:10.758011|[g:1][CONSENSUS][PBFT]checkTimeout Succ,view=98601,toView=98602,nodeIdx=0,changeCycle=0,myNode=19b3f6e2...,timecost=0.429
info|2019-11-14 00:30:10.759415|[g:1][CONSENSUS][PBFT]checkAndChangeView: Reach consensus,org_view=98601,org_changeCycle=0,cur_changeCycle=0,to_view=98602
info|2019-11-14 00:30:11.761073|[g:1][CONSENSUS]addRawPrepare,height=1,reqIdx=2,hash=a416bd09...
info|2019-11-14 00:30:11.761588|[g:1][CONSENSUS][PBFT]checkTimeout Succ,view=98602,toView=98603,nodeIdx=0,changeCycle=0,myNode=19b3f6e2...,timecost=0.378
info|2019-11-14 00:30:11.762838|[g:1][CONSENSUS][PBFT]checkAndChangeView: Reach consensus,org_view=98602,org_changeCycle=0,cur_changeCycle=0,to_view=98603
info|2019-11-14 00:30:12.764734|[g:1][CONSENSUS]addRawPrepare,height=1,reqIdx=3,hash=559a80d5...
info|2019-11-14 00:30:12.765397|[g:1][CONSENSUS][PBFT]checkTimeout Succ,view=98603,toView=98604,nodeIdx=0,changeCycle=0,myNode=19b3f6e2...,timecost=0.499
info|2019-11-14 00:30:12.766884|[g:1][CONSENSUS][PBFT]checkAndChangeView: Reach consensus,org_view=98603,org_changeCycle=0,cur_changeCycle=0,to_view=98604
info|2019-11-14 00:30:13.767846|[g:1][CONSENSUS][SEALER]++++++++++++++++ Generating seal on,blkNum=1,tx=0,nodeIdx=0,hash=60eeaac8...
info|2019-11-14 00:30:13.768744|[g:1][CONSENSUS][PBFT]checkTimeout Succ,view=98604,toView=98605,nodeIdx=0,changeCycle=0,myNode=19b3f6e2...,timecost=0.423
info|2019-11-14 00:30:13.771807|[g:1][CONSENSUS][PBFT]checkAndChangeView: Reach consensus,org_view=98604,org_changeCycle=0,cur_changeCycle=0,to_view=98605
info|2019-11-14 00:30:14.772370|[g:1][CONSENSUS]addRawPrepare,height=1,reqIdx=1,hash=c5ef96b5...
info|2019-11-14 00:30:14.772843|[g:1][CONSENSUS][PBFT]checkTimeout Succ,view=98605,toView=98606,nodeIdx=0,changeCycle=0,myNode=19b3f6e2...,timecost=0.352
info|2019-11-14 00:30:14.774365|[g:1][CONSENSUS][PBFT]checkAndChangeView: Reach consensus,org_view=98605,org_changeCycle=0,cur_changeCycle=0,to_view=98606
info|2019-11-14 00:30:15.776185|[g:1][CONSENSUS]addRawPrepare,height=1,reqIdx=2,hash=c60e6f52...
info|2019-11-14 00:30:15.776628|[g:1][CONSENSUS][PBFT]checkTimeout Succ,view=98606,toView=98607,nodeIdx=0,changeCycle=0,myNode=19b3f6e2...,timecost=0.35
info|2019-11-14 00:30:15.777899|[g:1][CONSENSUS][PBFT]checkAndChangeView: Reach consensus,org_view=98606,org_changeCycle=0,cur_changeCycle=0,to_view=98607
info|2019-11-14 00:30:16.780274|[g:1][CONSENSUS]addRawPrepare,height=1,reqIdx=3,hash=6b72fa2a...
info|2019-11-14 00:30:16.780871|[g:1][CONSENSUS][PBFT]checkTimeout Succ,view=98607,toView=98608,nodeIdx=0,changeCycle=0,myNode=19b3f6e2...,timecost=0.461
info|2019-11-14 00:30:16.782405|[g:1][CONSENSUS][PBFT]checkAndChangeView: Reach consensus,org_view=98607,org_changeCycle=0,cur_changeCycle=0,to_view=98608
