warning|2019-11-13 00:24:01.011341|[g:1][CONSENSUS][PBFT]ViewChangeWarning: not caused by omit empty block ,v=62009,toV=62010,curNum=0,hash=f72cae63...,nodeIdx=0,myNode=19b3f6e2...
info|2019-11-13 00:24:01.011412|[P2P][Service] heartBeat,connected count=3
info|2019-11-13 00:24:01.012265|[g:1][CONSENSUS][PBFT]checkTimeout Succ,view=62009,toView=62010,nodeIdx=0,changeCycle=1,myNode=19b3f6e2...,timecost=2.258
info|2019-11-13 00:24:01.015600|[g:1][CONSENSUS][PBFT]checkAndChangeView: Reach consensus,org_view=62009,org_changeCycle=1,cur_changeCycle=1,to_view=62010
info|2019-11-13 00:24:02.018361|[g:1][CONSENSUS]addRawPrepare,height=1,reqIdx=2,hash=2f51a1ae...
info|2019-11-13 00:24:02.018943|[g:1][CONSENSUS][PBFT]checkTimeout Succ,view=62010,toView=62011,nodeIdx=0,changeCycle=0,myNode=19b3f6e2...,timecost=0.449
info|2019-11-13 00:24:02.020266|[g:1][CONSENSUS][PBFT]checkAndChangeView: Reach consensus,org_view=62010,org_changeCycle=0,cur_changeCycle=0,to_view=62011
info|2019-11-13 00:24:03.022418|[g:1][CONSENSUS]addRawPrepare,height=1,reqIdx=3,hash=6f28c0e4...
info|2019-11-13 00:24:03.022879|[g:1][CONSENSUS][PBFT]checkTimeout Succ,view=62011,toView=62012,nodeIdx=0,changeCycle=0,myNode=19b3f6e2...,timecost=0.339
info|2019-11-13 00:24:03.024505|[g:1][CONSENSUS][PBFT]checkAndChangeView: Reach consensus,org_view=62011,org_changeCycle=0,cur_changeCycle=0,to_view=62012
info|2019-11-13 00:24:04.024167|[g:1][CONSENSUS][SEALER]++++++++++++++++ Generating seal on,blkNum=1,tx=0,nodeIdx=0,hash=71e9f113...
info|2019-11-13 00:24:04.024728|[g:1][CONSENSUS][PBFT]checkTimeout Succ,view=62012,toView=62013,nodeIdx=0,changeCycle=0,myNode=19b3f6e2...,timecost=0.282
info|2019-11-13 00:24:04.026853|[g:1][CONSENSUS][PBFT]checkAndChangeView: Reach consensus,org_view=62012,org_changeCycle=0,cur_changeCycle=0,to_view=62013
info|2019-11-13 00:24:05.028388|[g:1][CONSENSUS]addRawPrepare,height=1,reqIdx=1,hash=dae03a0d...
info|2019-11-13 00:24:05.029159|[g:1][CONSENSUS][PBFT]checkTimeout Succ,view=62013,toView=62014,nodeIdx=0,changeCycle=0,myNode=19b3f6e2...,timecost=0.613
info|2019-11-13 00:24:05.030575|[g:1][CONSENSUS][PBFT]checkAndChangeView: Reach consensus,org_view=62013,org_changeCycle=0,cur_changeCycle=0,to_view=62014
info|2019-11-13 00:24:06.031886|[g:1][CONSENSUS]addRawPrepare,height=1,reqIdx=2,hash=a4b5962f...
info|2019-11-13 00:24:06.032928|[g:1][CONSENSUS][PBFT]checkTimeout Succ,view=62014,toView=62015,nodeIdx=0,changeCycle=0,myNode=19b3f6e2...,timecost=0.92
info|2019-11-13 00:24:06.034127|[g:1][CONSENSUS][PBFT]checkAndChangeView: Reach consensus,org_view=62014,org_changeCycle=0,cur_changeCycle=0,to_view=62015
info|2019-11-13 00:24:07.034640|[g:1][CONSENSUS]addRawPrepare,height=1,reqIdx=3,hash=d29d4885...
info|2019-11-13 00:24:07.035111|[g:1][CONSENSUS][PBFT]checkTimeout Succ,view=62015,toView=62016,nodeIdx=0,changeCycle=0,myNode=19b3f6e2...,timecost=0.358
info|2019-11-13 00:24:07.036351|[g:1][CONSENSUS][PBFT]checkAndChangeView: Reach consensus,org_view=62015,org_changeCycle=0,cur_changeCycle=0,to_view=62016
info|2019-11-13 00:24:08.037222|[g:1][CONSENSUS][SEALER]++++++++++++++++ Generating seal on,blkNum=1,tx=0,nodeIdx=0,hash=d058b954...
info|2019-11-13 00:24:08.037906|[g:1][CONSENSUS][PBFT]checkTimeout Succ,view=62016,toView=62017,nodeIdx=0,changeCycle=0,myNode=19b3f6e2...,timecost=0.357
info|2019-11-13 00:24:08.039803|[g:1][CONSENSUS][PBFT]checkAndChangeView: Reach consensus,org_view=62016,org_changeCycle=0,cur_changeCycle=0,to_view=62017
info|2019-11-13 00:24:09.040880|[g:1][CONSENSUS]addRawPrepare,height=1,reqIdx=1,hash=71519564...
info|2019-11-13 00:24:09.041366|[g:1][CONSENSUS][PBFT]checkTimeout Succ,view=62017,toView=62018,nodeIdx=0,changeCycle=0,myNode=19b3f6e2...,timecost=0.367
info|2019-11-13 00:24:09.042501|[g:1][CONSENSUS][PBFT]checkAndChangeView: Reach consensus,org_view=62017,org_changeCycle=0,cur_changeCycle=0,to_view=62018
info|2019-11-13 00:24:10.044240|[g:1][CONSENSUS]addRawPrepare,height=1,reqIdx=2,hash=484f038d...
info|2019-11-13 00:24:10.044699|[g:1][CONSENSUS][PBFT]checkTimeout Succ,view=62018,toView=62019,nodeIdx=0,changeCycle=0,myNode=19b3f6e2...,timecost=0.342
info|2019-11-13 00:24:10.045817|[g:1][CONSENSUS][PBFT]checkAndChangeView: Reach consensus,org_view=62018,org_changeCycle=0,cur_changeCycle=0,to_view=62019
info|2019-11-13 00:24:11.014223|[P2P][Service] heartBeat,connected count=3
info|2019-11-13 00:24:11.047486|[g:1][CONSENSUS]addRawPrepare,height=1,reqIdx=3,hash=5c827f83...
info|2019-11-13 00:24:11.048652|[g:1][CONSENSUS][PBFT]checkTimeout Succ,view=62019,toView=62020,nodeIdx=0,changeCycle=0,myNode=19b3f6e2...,timecost=0.984
info|2019-11-13 00:24:11.050014|[g:1][CONSENSUS][PBFT]checkAndChangeView: Reach consensus,org_view=62019,org_changeCycle=0,cur_changeCycle=0,to_view=62020
info|2019-11-13 00:24:12.051283|[g:1][CONSENSUS][SEALER]++++++++++++++++ Generating seal on,blkNum=1,tx=0,nodeIdx=0,hash=63044156...
info|2019-11-13 00:24:12.054641|[g:1][CONSENSUS][PBFT]checkTimeout Succ,view=62020,toView=62021,nodeIdx=0,changeCycle=0,myNode=19b3f6e2...,timecost=0.529
info|2019-11-13 00:24:12.055512|[g:1][CONSENSUS][PBFT]checkAndChangeView: Reach consensus,org_view=62020,org_changeCycle=0,cur_changeCycle=0,to_view=62021
info|2019-11-13 00:24:13.056123|[g:1][CONSENSUS]addRawPrepare,height=1,reqIdx=1,hash=b3615d56...
info|2019-11-13 00:24:13.056945|[g:1][CONSENSUS][PBFT]checkTimeout Succ,view=62021,toView=62022,nodeIdx=0,changeCycle=0,myNode=19b3f6e2...,timecost=0.685
info|2019-11-13 00:24:13.058112|[g:1][CONSENSUS][PBFT]checkAndChangeView: Reach consensus,org_view=62021,org_changeCycle=0,cur_changeCycle=0,to_view=62022
info|2019-11-13 00:24:14.059708|[g:1][CONSENSUS]addRawPrepare,height=1,reqIdx=2,hash=fa6d431d...
info|2019-11-13 00:24:14.060353|[g:1][CONSENSUS][PBFT]checkTimeout Succ,view=62022,toView=62023,nodeIdx=0,changeCycle=0,myNode=19b3f6e2...,timecost=0.479
info|2019-11-13 00:24:14.062107|[g:1][CONSENSUS][PBFT]checkAndChangeView: Reach consensus,org_view=62022,org_changeCycle=0,cur_changeCycle=0,to_view=62023
info|2019-11-13 00:24:15.063413|[g:1][CONSENSUS]addRawPrepare,height=1,reqIdx=3,hash=8b6cf58f...
info|2019-11-13 00:24:15.064016|[g:1][CONSENSUS][PBFT]checkTimeout Succ,view=62023,toView=62024,nodeIdx=0,changeCycle=0,myNode=19b3f6e2...,timecost=0.463
info|2019-11-13 00:24:15.065364|[g:1][CONSENSUS][PBFT]checkAndChangeView: Reach consensus,org_view=62023,org_changeCycle=0,cur_changeCycle=0,to_view=62024
info|2019-11-13 00:24:16.066066|[g:1][CONSENSUS][SEALER]++++++++++++++++ Generating seal on,blkNum=1,tx=0,nodeIdx=0,hash=1077511f...
info|2019-11-13 00:24:16.067221|[g:1][CONSENSUS][PBFT]checkTimeout Succ,view=62024,toView=62025,nodeIdx=0,changeCycle=0,myNode=19b3f6e2...,timecost=0.669
info|2019-11-13 00:24:16.069992|[g:1][CONSENSUS][PBFT]checkAndChangeView: Reach consensus,org_view=62024,org_changeCycle=0,cur_changeCycle=0,to_view=62025
info|2019-11-13 00:24:17.071555|[g:1][CONSENSUS]addRawPrepare,height=1,reqIdx=1,hash=75d47065...
info|2019-11-13 00:24:17.072272|[g:1][CONSENSUS][PBFT]checkTimeout Succ,view=62025,toView=62026,nodeIdx=0,changeCycle=0,myNode=19b3f6e2...,timecost=0.581
info|2019-11-13 00:24:17.073804|[g:1][CONSENSUS][PBFT]checkAndChangeView: Reach consensus,org_view=62025,org_changeCycle=0,cur_changeCycle=0,to_view=62026
info|2019-11-13 00:24:18.076730|[g:1][CONSENSUS]addRawPrepare,height=1,reqIdx=2,hash=1f4b0649...
info|2019-11-13 00:24:18.077264|[g:1][CONSENSUS][PBFT]checkTimeout Succ,view=62026,toView=62027,nodeIdx=0,changeCycle=0,myNode=19b3f6e2...,timecost=0.407
info|2019-11-13 00:24:18.078741|[g:1][CONSENSUS][PBFT]checkAndChangeView: Reach consensus,org_view=62026,org_changeCycle=0,cur_changeCycle=0,to_view=62027
info|2019-11-13 00:24:19.079561|[g:1][CONSENSUS]addRawPrepare,height=1,reqIdx=3,hash=14f49fc6...
info|2019-11-13 00:24:19.080171|[g:1][CONSENSUS][PBFT]checkTimeout Succ,view=62027,toView=62028,nodeIdx=0,changeCycle=0,myNode=19b3f6e2...,timecost=0.443
info|2019-11-13 00:24:19.081890|[g:1][CONSENSUS][PBFT]checkAndChangeView: Reach consensus,org_view=62027,org_changeCycle=0,cur_changeCycle=0,to_view=62028
info|2019-11-13 00:24:20.081656|[g:1][CONSENSUS][SEALER]++++++++++++++++ Generating seal on,blkNum=1,tx=0,nodeIdx=0,hash=73ab854d...
info|2019-11-13 00:24:20.084392|[g:1][CONSENSUS][PBFT]checkTimeout Succ,view=62028,toView=62029,nodeIdx=0,changeCycle=0,myNode=19b3f6e2...,timecost=0.521
info|2019-11-13 00:24:20.085733|[g:1][CONSENSUS][PBFT]checkAndChangeView: Reach consensus,org_view=62028,org_changeCycle=0,cur_changeCycle=0,to_view=62029
info|2019-11-13 00:24:21.014433|[P2P][Service] heartBeat,connected count=3
info|2019-11-13 00:24:21.087357|[g:1][CONSENSUS]addRawPrepare,height=1,reqIdx=1,hash=cf06723f...
info|2019-11-13 00:24:21.087898|[g:1][CONSENSUS][PBFT]checkTimeout Succ,view=62029,toView=62030,nodeIdx=0,changeCycle=0,myNode=19b3f6e2...,timecost=0.444
info|2019-11-13 00:24:21.089085|[g:1][CONSENSUS][PBFT]checkAndChangeView: Reach consensus,org_view=62029,org_changeCycle=0,cur_changeCycle=0,to_view=62030
info|2019-11-13 00:24:22.090300|[g:1][CONSENSUS]addRawPrepare,height=1,reqIdx=2,hash=a31b3cdd...
info|2019-11-13 00:24:22.090960|[g:1][CONSENSUS][PBFT]checkTimeout Succ,view=62030,toView=62031,nodeIdx=0,changeCycle=0,myNode=19b3f6e2...,timecost=0.524
info|2019-11-13 00:24:22.092217|[g:1][CONSENSUS][PBFT]checkAndChangeView: Reach consensus,org_view=62030,org_changeCycle=0,cur_changeCycle=0,to_view=62031
info|2019-11-13 00:24:23.094480|[g:1][CONSENSUS]addRawPrepare,height=1,reqIdx=3,hash=3fb11660...
info|2019-11-13 00:24:23.095109|[g:1][CONSENSUS][PBFT]checkTimeout Succ,view=62031,toView=62032,nodeIdx=0,changeCycle=0,myNode=19b3f6e2...,timecost=0.499
info|2019-11-13 00:24:23.096538|[g:1][CONSENSUS][PBFT]checkAndChangeView: Reach consensus,org_view=62031,org_changeCycle=0,cur_changeCycle=0,to_view=62032
info|2019-11-13 00:24:24.096560|[g:1][CONSENSUS][SEALER]++++++++++++++++ Generating seal on,blkNum=1,tx=0,nodeIdx=0,hash=dccef0a6...
info|2019-11-13 00:24:24.097495|[g:1][CONSENSUS][PBFT]checkTimeout Succ,view=62032,toView=62033,nodeIdx=0,changeCycle=0,myNode=19b3f6e2...,timecost=0.466
info|2019-11-13 00:24:24.100300|[g:1][CONSENSUS][PBFT]checkAndChangeView: Reach consensus,org_view=62032,org_changeCycle=0,cur_changeCycle=0,to_view=62033
info|2019-11-13 00:24:25.102145|[g:1][CONSENSUS]addRawPrepare,height=1,reqIdx=1,hash=6d54f73e...
info|2019-11-13 00:24:25.102810|[g:1][CONSENSUS][PBFT]checkTimeout Succ,view=62033,toView=62034,nodeIdx=0,changeCycle=0,myNode=19b3f6e2...,timecost=0.544
info|2019-11-13 00:24:25.104242|[g:1][CONSENSUS][PBFT]checkAndChangeView: Reach consensus,org_view=62033,org_changeCycle=0,cur_changeCycle=0,to_view=62034
info|2019-11-13 00:24:26.106264|[g:1][CONSENSUS]addRawPrepare,height=1,reqIdx=2,hash=5f55b939...
info|2019-11-13 00:24:26.107567|[g:1][CONSENSUS][PBFT]checkTimeout Succ,view=62034,toView=62035,nodeIdx=0,changeCycle=0,myNode=19b3f6e2...,timecost=1.137
info|2019-11-13 00:24:26.109121|[g:1][CONSENSUS][PBFT]checkAndChangeView: Reach consensus,org_view=62034,org_changeCycle=0,cur_changeCycle=0,to_view=62035
info|2019-11-13 00:24:27.109968|[g:1][CONSENSUS]addRawPrepare,height=1,reqIdx=3,hash=899ae5fb...
info|2019-11-13 00:24:27.110610|[g:1][CONSENSUS][PBFT]checkTimeout Succ,view=62035,toView=62036,nodeIdx=0,changeCycle=0,myNode=19b3f6e2...,timecost=0.48
info|2019-11-13 00:24:27.112385|[g:1][CONSENSUS][PBFT]checkAndChangeView: Reach consensus,org_view=62035,org_changeCycle=0,cur_changeCycle=0,to_view=62036
info|2019-11-13 00:24:28.112951|[g:1][CONSENSUS][SEALER]++++++++++++++++ Generating seal on,blkNum=1,tx=0,nodeIdx=0,hash=228e74cd...
info|2019-11-13 00:24:28.116344|[g:1][CONSENSUS][PBFT]checkTimeout Succ,view=62036,toView=62037,nodeIdx=0,changeCycle=0,myNode=19b3f6e2...,timecost=0.592
info|2019-11-13 00:24:28.117111|[g:1][CONSENSUS][PBFT]checkAndChangeView: Reach consensus,org_view=62036,org_changeCycle=0,cur_changeCycle=0,to_view=62037
info|2019-11-13 00:24:29.118453|[g:1][CONSENSUS]addRawPrepare,height=1,reqIdx=1,hash=45b8ac29...
info|2019-11-13 00:24:29.119453|[g:1][CONSENSUS][PBFT]checkTimeout Succ,view=62037,toView=62038,nodeIdx=0,changeCycle=0,myNode=19b3f6e2...,timecost=0.851
info|2019-11-13 00:24:29.120984|[g:1][CONSENSUS][PBFT]checkAndChangeView: Reach consensus,org_view=62037,org_changeCycle=0,cur_changeCycle=0,to_view=62038
info|2019-11-13 00:24:30.122622|[g:1][CONSENSUS]addRawPrepare,height=1,reqIdx=2,hash=66651dc3...
info|2019-11-13 00:24:30.123254|[g:1][CONSENSUS][PBFT]checkTimeout Succ,view=62038,toView=62039,nodeIdx=0,changeCycle=0,myNode=19b3f6e2...,timecost=0.464
info|2019-11-13 00:24:30.125110|[g:1][CONSENSUS][PBFT]checkAndChangeView: Reach consensus,org_view=62038,org_changeCycle=0,cur_changeCycle=0,to_view=62039
info|2019-11-13 00:24:31.020377|[P2P][Service] heartBeat,connected count=3
info|2019-11-13 00:24:31.126855|[g:1][CONSENSUS]addRawPrepare,height=1,reqIdx=3,hash=cc008393...
info|2019-11-13 00:24:31.127933|[g:1][CONSENSUS][PBFT]checkTimeout Succ,view=62039,toView=62040,nodeIdx=0,changeCycle=0,myNode=19b3f6e2...,timecost=0.899
info|2019-11-13 00:24:31.129422|[g:1][CONSENSUS][PBFT]checkAndChangeView: Reach consensus,org_view=62039,org_changeCycle=0,cur_changeCycle=0,to_view=62040
info|2019-11-13 00:24:32.129982|[g:1][CONSENSUS][SEALER]++++++++++++++++ Generating seal on,blkNum=1,tx=0,nodeIdx=0,hash=708f925c...
info|2019-11-13 00:24:32.130802|[g:1][CONSENSUS][PBFT]checkTimeout Succ,view=62040,toView=62041,nodeIdx=0,changeCycle=0,myNode=19b3f6e2...,timecost=0.385
info|2019-11-13 00:24:32.133095|[g:1][CONSENSUS][PBFT]checkAndChangeView: Reach consensus,org_view=62040,org_changeCycle=0,cur_changeCycle=0,to_view=62041
info|2019-11-13 00:24:33.134876|[g:1][CONSENSUS]addRawPrepare,height=1,reqIdx=1,hash=f2f48bbb...
info|2019-11-13 00:24:33.135499|[g:1][CONSENSUS][PBFT]checkTimeout Succ,view=62041,toView=62042,nodeIdx=0,changeCycle=0,myNode=19b3f6e2...,timecost=0.498
info|2019-11-13 00:24:33.136971|[g:1][CONSENSUS][PBFT]checkAndChangeView: Reach consensus,org_view=62041,org_changeCycle=0,cur_changeCycle=0,to_view=62042
info|2019-11-13 00:24:34.138772|[g:1][CONSENSUS]addRawPrepare,height=1,reqIdx=2,hash=ad262753...
info|2019-11-13 00:24:34.139476|[g:1][CONSENSUS][PBFT]checkTimeout Succ,view=62042,toView=62043,nodeIdx=0,changeCycle=0,myNode=19b3f6e2...,timecost=0.5
info|2019-11-13 00:24:34.140909|[g:1][CONSENSUS][PBFT]checkAndChangeView: Reach consensus,org_view=62042,org_changeCycle=0,cur_changeCycle=0,to_view=62043
info|2019-11-13 00:24:35.142618|[g:1][CONSENSUS]addRawPrepare,height=1,reqIdx=3,hash=19afa70b...
info|2019-11-13 00:24:35.143349|[g:1][CONSENSUS][PBFT]checkTimeout Succ,view=62043,toView=62044,nodeIdx=0,changeCycle=0,myNode=19b3f6e2...,timecost=0.579
info|2019-11-13 00:24:35.145241|[g:1][CONSENSUS][PBFT]checkAndChangeView: Reach consensus,org_view=62043,org_changeCycle=0,cur_changeCycle=0,to_view=62044
info|2019-11-13 00:24:36.145817|[g:1][CONSENSUS][SEALER]++++++++++++++++ Generating seal on,blkNum=1,tx=0,nodeIdx=0,hash=b6ba5322...
info|2019-11-13 00:24:36.147142|[g:1][CONSENSUS][PBFT]checkTimeout Succ,view=62044,toView=62045,nodeIdx=0,changeCycle=0,myNode=19b3f6e2...,timecost=0.855
info|2019-11-13 00:24:36.149755|[g:1][CONSENSUS][PBFT]checkAndChangeView: Reach consensus,org_view=62044,org_changeCycle=0,cur_changeCycle=0,to_view=62045
info|2019-11-13 00:24:37.151320|[g:1][CONSENSUS]addRawPrepare,height=1,reqIdx=1,hash=da5613f5...
info|2019-11-13 00:24:37.151823|[g:1][CONSENSUS][PBFT]checkTimeout Succ,view=62045,toView=62046,nodeIdx=0,changeCycle=0,myNode=19b3f6e2...,timecost=0.392
info|2019-11-13 00:24:37.152930|[g:1][CONSENSUS][PBFT]checkAndChangeView: Reach consensus,org_view=62045,org_changeCycle=0,cur_changeCycle=0,to_view=62046
info|2019-11-13 00:24:38.154721|[g:1][CONSENSUS]addRawPrepare,height=1,reqIdx=2,hash=9fb6093a...
info|2019-11-13 00:24:38.155352|[g:1][CONSENSUS][PBFT]checkTimeout Succ,view=62046,toView=62047,nodeIdx=0,changeCycle=0,myNode=19b3f6e2...,timecost=0.502
info|2019-11-13 00:24:38.157153|[g:1][CONSENSUS][PBFT]checkAndChangeView: Reach consensus,org_view=62046,org_changeCycle=0,cur_changeCycle=0,to_view=62047
info|2019-11-13 00:24:39.158770|[g:1][CONSENSUS]addRawPrepare,height=1,reqIdx=3,hash=b4326324...
info|2019-11-13 00:24:39.159667|[g:1][CONSENSUS][PBFT]checkTimeout Succ,view=62047,toView=62048,nodeIdx=0,changeCycle=0,myNode=19b3f6e2...,timecost=0.611
info|2019-11-13 00:24:39.161328|[g:1][CONSENSUS][PBFT]checkAndChangeView: Reach consensus,org_view=62047,org_changeCycle=0,cur_changeCycle=0,to_view=62048
info|2019-11-13 00:24:40.162257|[g:1][CONSENSUS][SEALER]++++++++++++++++ Generating seal on,blkNum=1,tx=0,nodeIdx=0,hash=0f2f9ef7...
info|2019-11-13 00:24:40.163045|[g:1][CONSENSUS][PBFT]checkTimeout Succ,view=62048,toView=62049,nodeIdx=0,changeCycle=0,myNode=19b3f6e2...,timecost=0.391
info|2019-11-13 00:24:40.165286|[g:1][CONSENSUS][PBFT]checkAndChangeView: Reach consensus,org_view=62048,org_changeCycle=0,cur_changeCycle=0,to_view=62049
info|2019-11-13 00:24:41.021968|[P2P][Service] heartBeat,connected count=3
info|2019-11-13 00:24:41.167840|[g:1][CONSENSUS]addRawPrepare,height=1,reqIdx=1,hash=e7ad3965...
info|2019-11-13 00:24:41.168461|[g:1][CONSENSUS][PBFT]checkTimeout Succ,view=62049,toView=62050,nodeIdx=0,changeCycle=0,myNode=19b3f6e2...,timecost=0.491
info|2019-11-13 00:24:41.170079|[g:1][CONSENSUS][PBFT]checkAndChangeView: Reach consensus,org_view=62049,org_changeCycle=0,cur_changeCycle=0,to_view=62050
info|2019-11-13 00:24:42.172720|[g:1][CONSENSUS]addRawPrepare,height=1,reqIdx=2,hash=b07fbde9...
info|2019-11-13 00:24:42.173350|[g:1][CONSENSUS][PBFT]checkTimeout Succ,view=62050,toView=62051,nodeIdx=0,changeCycle=0,myNode=19b3f6e2...,timecost=0.492
info|2019-11-13 00:24:42.174593|[g:1][CONSENSUS][PBFT]checkAndChangeView: Reach consensus,org_view=62050,org_changeCycle=0,cur_changeCycle=0,to_view=62051
info|2019-11-13 00:24:43.175410|[g:1][CONSENSUS]addRawPrepare,height=1,reqIdx=3,hash=449e34a4...
info|2019-11-13 00:24:43.176023|[g:1][CONSENSUS][PBFT]checkTimeout Succ,view=62051,toView=62052,nodeIdx=0,changeCycle=0,myNode=19b3f6e2...,timecost=0.474
info|2019-11-13 00:24:43.177441|[g:1][CONSENSUS][PBFT]checkAndChangeView: Reach consensus,org_view=62051,org_changeCycle=0,cur_changeCycle=0,to_view=62052
info|2019-11-13 00:24:44.178564|[g:1][CONSENSUS][SEALER]++++++++++++++++ Generating seal on,blkNum=1,tx=0,nodeIdx=0,hash=10c5151a...
info|2019-11-13 00:24:44.179471|[g:1][CONSENSUS][PBFT]checkTimeout Succ,view=62052,toView=62053,nodeIdx=0,changeCycle=0,myNode=19b3f6e2...,timecost=0.448
info|2019-11-13 00:24:44.182211|[g:1][CONSENSUS][PBFT]checkAndChangeView: Reach consensus,org_view=62052,org_changeCycle=0,cur_changeCycle=0,to_view=62053
info|2019-11-13 00:24:45.184928|[g:1][CONSENSUS]addRawPrepare,height=1,reqIdx=1,hash=4d89bb93...
info|2019-11-13 00:24:45.185527|[g:1][CONSENSUS][PBFT]checkTimeout Succ,view=62053,toView=62054,nodeIdx=0,changeCycle=0,myNode=19b3f6e2...,timecost=0.473
info|2019-11-13 00:24:45.187042|[g:1][CONSENSUS][PBFT]checkAndChangeView: Reach consensus,org_view=62053,org_changeCycle=0,cur_changeCycle=0,to_view=62054
info|2019-11-13 00:24:46.189514|[g:1][CONSENSUS]addRawPrepare,height=1,reqIdx=2,hash=af8db138...
info|2019-11-13 00:24:46.190353|[g:1][CONSENSUS][PBFT]checkTimeout Succ,view=62054,toView=62055,nodeIdx=0,changeCycle=0,myNode=19b3f6e2...,timecost=0.7
info|2019-11-13 00:24:46.192180|[g:1][CONSENSUS][PBFT]checkAndChangeView: Reach consensus,org_view=62054,org_changeCycle=0,cur_changeCycle=0,to_view=62055
info|2019-11-13 00:24:47.195477|[g:1][CONSENSUS]addRawPrepare,height=1,reqIdx=3,hash=2e60a078...
info|2019-11-13 00:24:47.196191|[g:1][CONSENSUS][PBFT]checkTimeout Succ,view=62055,toView=62056,nodeIdx=0,changeCycle=0,myNode=19b3f6e2...,timecost=0.514
info|2019-11-13 00:24:47.198260|[g:1][CONSENSUS][PBFT]checkAndChangeView: Reach consensus,org_view=62055,org_changeCycle=0,cur_changeCycle=0,to_view=62056
info|2019-11-13 00:24:48.199439|[g:1][CONSENSUS][SEALER]++++++++++++++++ Generating seal on,blkNum=1,tx=0,nodeIdx=0,hash=95f32042...
info|2019-11-13 00:24:48.200325|[g:1][CONSENSUS][PBFT]checkTimeout Succ,view=62056,toView=62057,nodeIdx=0,changeCycle=0,myNode=19b3f6e2...,timecost=0.427
info|2019-11-13 00:24:48.203036|[g:1][CONSENSUS][PBFT]checkAndChangeView: Reach consensus,org_view=62056,org_changeCycle=0,cur_changeCycle=0,to_view=62057
info|2019-11-13 00:24:49.203525|[g:1][CONSENSUS]addRawPrepare,height=1,reqIdx=1,hash=dd15b6ba...
info|2019-11-13 00:24:49.204115|[g:1][CONSENSUS][PBFT]checkTimeout Succ,view=62057,toView=62058,nodeIdx=0,changeCycle=0,myNode=19b3f6e2...,timecost=0.47
info|2019-11-13 00:24:49.205866|[g:1][CONSENSUS][PBFT]checkAndChangeView: Reach consensus,org_view=62057,org_changeCycle=0,cur_changeCycle=0,to_view=62058
info|2019-11-13 00:24:50.207687|[g:1][CONSENSUS]addRawPrepare,height=1,reqIdx=2,hash=e53a8c5c...
info|2019-11-13 00:24:50.208358|[g:1][CONSENSUS][PBFT]checkTimeout Succ,view=62058,toView=62059,nodeIdx=0,changeCycle=0,myNode=19b3f6e2...,timecost=0.538
info|2019-11-13 00:24:50.210197|[g:1][CONSENSUS][PBFT]checkAndChangeView: Reach consensus,org_view=62058,org_changeCycle=0,cur_changeCycle=0,to_view=62059
info|2019-11-13 00:24:51.028625|[P2P][Service] heartBeat,connected count=3
info|2019-11-13 00:24:51.211638|[g:1][CONSENSUS]addRawPrepare,height=1,reqIdx=3,hash=08fc089a...
info|2019-11-13 00:24:51.212840|[g:1][CONSENSUS][PBFT]checkTimeout Succ,view=62059,toView=62060,nodeIdx=0,changeCycle=0,myNode=19b3f6e2...,timecost=1.014
info|2019-11-13 00:24:51.214365|[g:1][CONSENSUS][PBFT]checkAndChangeView: Reach consensus,org_view=62059,org_changeCycle=0,cur_changeCycle=0,to_view=62060
