info|2019-11-12 12:07:46.007896|[P2P][Service] heartBeat,connected count=3
warning|2019-11-12 12:07:46.015377|[g:1][CONSENSUS][PBFT]ViewChangeWarning: not caused by omit empty block ,v=31134,toV=31135,curNum=0,hash=f72cae63...,nodeIdx=0,myNode=19b3f6e2...
info|2019-11-12 12:07:46.020239|[g:1][CONSENSUS][PBFT]checkTimeout Succ,view=31134,toView=31135,nodeIdx=0,changeCycle=1,myNode=19b3f6e2...,timecost=8.583
info|2019-11-12 12:07:46.021917|[g:1][CONSENSUS][PBFT]checkAndChangeView: Reach consensus,org_view=31134,org_changeCycle=1,cur_changeCycle=1,to_view=31135
info|2019-11-12 12:07:47.023585|[g:1][CONSENSUS]addRawPrepare,height=1,reqIdx=3,hash=5db17950...
info|2019-11-12 12:07:47.024158|[g:1][CONSENSUS][PBFT]checkTimeout Succ,view=31135,toView=31136,nodeIdx=0,changeCycle=0,myNode=19b3f6e2...,timecost=0.434
info|2019-11-12 12:07:47.025372|[g:1][CONSENSUS][PBFT]checkAndChangeView: Reach consensus,org_view=31135,org_changeCycle=0,cur_changeCycle=0,to_view=31136
info|2019-11-12 12:07:48.025219|[g:1][CONSENSUS][SEALER]++++++++++++++++ Generating seal on,blkNum=1,tx=0,nodeIdx=0,hash=62c8a2e1...
info|2019-11-12 12:07:48.027617|[g:1][CONSENSUS][PBFT]checkTimeout Succ,view=31136,toView=31137,nodeIdx=0,changeCycle=0,myNode=19b3f6e2...,timecost=0.399
info|2019-11-12 12:07:48.028210|[g:1][CONSENSUS][PBFT]checkAndChangeView: Reach consensus,org_view=31136,org_changeCycle=0,cur_changeCycle=0,to_view=31137
info|2019-11-12 12:07:49.028587|[g:1][CONSENSUS]addRawPrepare,height=1,reqIdx=1,hash=8476b0f3...
info|2019-11-12 12:07:49.029034|[g:1][CONSENSUS][PBFT]checkTimeout Succ,view=31137,toView=31138,nodeIdx=0,changeCycle=0,myNode=19b3f6e2...,timecost=0.362
info|2019-11-12 12:07:49.030481|[g:1][CONSENSUS][PBFT]checkAndChangeView: Reach consensus,org_view=31137,org_changeCycle=0,cur_changeCycle=0,to_view=31138
info|2019-11-12 12:07:50.031484|[g:1][CONSENSUS]addRawPrepare,height=1,reqIdx=2,hash=ca4d5b37...
info|2019-11-12 12:07:50.032335|[g:1][CONSENSUS][PBFT]checkTimeout Succ,view=31138,toView=31139,nodeIdx=0,changeCycle=0,myNode=19b3f6e2...,timecost=0.508
info|2019-11-12 12:07:50.033806|[g:1][CONSENSUS][PBFT]checkAndChangeView: Reach consensus,org_view=31138,org_changeCycle=0,cur_changeCycle=0,to_view=31139
info|2019-11-12 12:07:51.034928|[g:1][CONSENSUS]addRawPrepare,height=1,reqIdx=3,hash=4cb6fcb9...
info|2019-11-12 12:07:51.035907|[g:1][CONSENSUS][PBFT]checkTimeout Succ,view=31139,toView=31140,nodeIdx=0,changeCycle=0,myNode=19b3f6e2...,timecost=0.882
info|2019-11-12 12:07:51.037328|[g:1][CONSENSUS][PBFT]checkAndChangeView: Reach consensus,org_view=31139,org_changeCycle=0,cur_changeCycle=0,to_view=31140
info|2019-11-12 12:07:52.038743|[g:1][CONSENSUS][SEALER]++++++++++++++++ Generating seal on,blkNum=1,tx=0,nodeIdx=0,hash=74eb103f...
info|2019-11-12 12:07:52.039688|[g:1][CONSENSUS][PBFT]checkTimeout Succ,view=31140,toView=31141,nodeIdx=0,changeCycle=0,myNode=19b3f6e2...,timecost=0.452
info|2019-11-12 12:07:52.042422|[g:1][CONSENSUS][PBFT]checkAndChangeView: Reach consensus,org_view=31140,org_changeCycle=0,cur_changeCycle=0,to_view=31141
info|2019-11-12 12:07:53.044362|[g:1][CONSENSUS]addRawPrepare,height=1,reqIdx=1,hash=d76843b9...
info|2019-11-12 12:07:53.045127|[g:1][CONSENSUS][PBFT]checkTimeout Succ,view=31141,toView=31142,nodeIdx=0,changeCycle=0,myNode=19b3f6e2...,timecost=0.602
info|2019-11-12 12:07:53.046336|[g:1][CONSENSUS][PBFT]checkAndChangeView: Reach consensus,org_view=31141,org_changeCycle=0,cur_changeCycle=0,to_view=31142
info|2019-11-12 12:07:54.047616|[g:1][CONSENSUS]addRawPrepare,height=1,reqIdx=2,hash=078b1ad7...
info|2019-11-12 12:07:54.048364|[g:1][CONSENSUS][PBFT]checkTimeout Succ,view=31142,toView=31143,nodeIdx=0,changeCycle=0,myNode=19b3f6e2...,timecost=0.489
info|2019-11-12 12:07:54.050152|[g:1][CONSENSUS][PBFT]checkAndChangeView: Reach consensus,org_view=31142,org_changeCycle=0,cur_changeCycle=0,to_view=31143
info|2019-11-12 12:07:55.051344|[g:1][CONSENSUS]addRawPrepare,height=1,reqIdx=3,hash=13ad520d...
info|2019-11-12 12:07:55.051844|[g:1][CONSENSUS][PBFT]checkTimeout Succ,view=31143,toView=31144,nodeIdx=0,changeCycle=0,myNode=19b3f6e2...,timecost=0.373
info|2019-11-12 12:07:55.053172|[g:1][CONSENSUS][PBFT]checkAndChangeView: Reach consensus,org_view=31143,org_changeCycle=0,cur_changeCycle=0,to_view=31144
info|2019-11-12 12:07:56.015665|[P2P][Service] heartBeat,connected count=3
info|2019-11-12 12:07:56.053795|[g:1][CONSENSUS][SEALER]++++++++++++++++ Generating seal on,blkNum=1,tx=0,nodeIdx=0,hash=9958150f...
info|2019-11-12 12:07:56.054443|[g:1][CONSENSUS][PBFT]checkTimeout Succ,view=31144,toView=31145,nodeIdx=0,changeCycle=0,myNode=19b3f6e2...,timecost=0.351
info|2019-11-12 12:07:56.056627|[g:1][CONSENSUS][PBFT]checkAndChangeView: Reach consensus,org_view=31144,org_changeCycle=0,cur_changeCycle=0,to_view=31145
info|2019-11-12 12:07:57.058943|[g:1][CONSENSUS]addRawPrepare,height=1,reqIdx=1,hash=e3987f82...
info|2019-11-12 12:07:57.059564|[g:1][CONSENSUS][PBFT]checkTimeout Succ,view=31145,toView=31146,nodeIdx=0,changeCycle=0,myNode=19b3f6e2...,timecost=0.465
info|2019-11-12 12:07:57.061044|[g:1][CONSENSUS][PBFT]checkAndChangeView: Reach consensus,org_view=31145,org_changeCycle=0,cur_changeCycle=0,to_view=31146
info|2019-11-12 12:07:58.062984|[g:1][CONSENSUS]addRawPrepare,height=1,reqIdx=2,hash=dd84ceae...
info|2019-11-12 12:07:58.063778|[g:1][CONSENSUS][PBFT]checkTimeout Succ,view=31146,toView=31147,nodeIdx=0,changeCycle=0,myNode=19b3f6e2...,timecost=0.649
info|2019-11-12 12:07:58.065420|[g:1][CONSENSUS][PBFT]checkAndChangeView: Reach consensus,org_view=31146,org_changeCycle=0,cur_changeCycle=0,to_view=31147
info|2019-11-12 12:07:59.066929|[g:1][CONSENSUS]addRawPrepare,height=1,reqIdx=3,hash=170edc92...
info|2019-11-12 12:07:59.067764|[g:1][CONSENSUS][PBFT]checkTimeout Succ,view=31147,toView=31148,nodeIdx=0,changeCycle=0,myNode=19b3f6e2...,timecost=0.577
info|2019-11-12 12:07:59.069114|[g:1][CONSENSUS][PBFT]checkAndChangeView: Reach consensus,org_view=31147,org_changeCycle=0,cur_changeCycle=0,to_view=31148
info|2019-11-12 12:08:00.070435|[g:1][CONSENSUS][SEALER]++++++++++++++++ Generating seal on,blkNum=1,tx=0,nodeIdx=0,hash=a5a530b9...
info|2019-11-12 12:08:00.073185|[g:1][CONSENSUS][PBFT]checkTimeout Succ,view=31148,toView=31149,nodeIdx=0,changeCycle=0,myNode=19b3f6e2...,timecost=0.422
info|2019-11-12 12:08:00.074593|[g:1][CONSENSUS][PBFT]checkAndChangeView: Reach consensus,org_view=31148,org_changeCycle=0,cur_changeCycle=0,to_view=31149
info|2019-11-12 12:08:01.077136|[g:1][CONSENSUS]addRawPrepare,height=1,reqIdx=1,hash=f4bec933...
info|2019-11-12 12:08:01.077805|[g:1][CONSENSUS][PBFT]checkTimeout Succ,view=31149,toView=31150,nodeIdx=0,changeCycle=0,myNode=19b3f6e2...,timecost=0.538
info|2019-11-12 12:08:01.079559|[g:1][CONSENSUS][PBFT]checkAndChangeView: Reach consensus,org_view=31149,org_changeCycle=0,cur_changeCycle=0,to_view=31150
info|2019-11-12 12:08:02.080766|[g:1][CONSENSUS]addRawPrepare,height=1,reqIdx=2,hash=33b083fe...
info|2019-11-12 12:08:02.081451|[g:1][CONSENSUS][PBFT]checkTimeout Succ,view=31150,toView=31151,nodeIdx=0,changeCycle=0,myNode=19b3f6e2...,timecost=0.461
info|2019-11-12 12:08:02.082759|[g:1][CONSENSUS][PBFT]checkAndChangeView: Reach consensus,org_view=31150,org_changeCycle=0,cur_changeCycle=0,to_view=31151
info|2019-11-12 12:08:03.083970|[g:1][CONSENSUS]addRawPrepare,height=1,reqIdx=3,hash=d128fa44...
info|2019-11-12 12:08:03.084868|[g:1][CONSENSUS][PBFT]checkTimeout Succ,view=31151,toView=31152,nodeIdx=0,changeCycle=0,myNode=19b3f6e2...,timecost=0.733
info|2019-11-12 12:08:03.086534|[g:1][CONSENSUS][PBFT]checkAndChangeView: Reach consensus,org_view=31151,org_changeCycle=0,cur_changeCycle=0,to_view=31152
info|2019-11-12 12:08:04.086352|[g:1][CONSENSUS][SEALER]++++++++++++++++ Generating seal on,blkNum=1,tx=0,nodeIdx=0,hash=309d5bff...
info|2019-11-12 12:08:04.088961|[g:1][CONSENSUS][PBFT]checkTimeout Succ,view=31152,toView=31153,nodeIdx=0,changeCycle=0,myNode=19b3f6e2...,timecost=0.439
info|2019-11-12 12:08:04.090285|[g:1][CONSENSUS][PBFT]checkAndChangeView: Reach consensus,org_view=31152,org_changeCycle=0,cur_changeCycle=0,to_view=31153
info|2019-11-12 12:08:05.092095|[g:1][CONSENSUS]addRawPrepare,height=1,reqIdx=1,hash=97dfd31f...
info|2019-11-12 12:08:05.092788|[g:1][CONSENSUS][PBFT]checkTimeout Succ,view=31153,toView=31154,nodeIdx=0,changeCycle=0,myNode=19b3f6e2...,timecost=0.527
info|2019-11-12 12:08:05.094601|[g:1][CONSENSUS][PBFT]checkAndChangeView: Reach consensus,org_view=31153,org_changeCycle=0,cur_changeCycle=0,to_view=31154
info|2019-11-12 12:08:06.019564|[P2P][Service] heartBeat,connected count=3
info|2019-11-12 12:08:06.095883|[g:1][CONSENSUS]addRawPrepare,height=1,reqIdx=2,hash=dc80f6cb...
info|2019-11-12 12:08:06.096536|[g:1][CONSENSUS][PBFT]checkTimeout Succ,view=31154,toView=31155,nodeIdx=0,changeCycle=0,myNode=19b3f6e2...,timecost=0.53
info|2019-11-12 12:08:06.098130|[g:1][CONSENSUS][PBFT]checkAndChangeView: Reach consensus,org_view=31154,org_changeCycle=0,cur_changeCycle=0,to_view=31155
info|2019-11-12 12:08:07.099763|[g:1][CONSENSUS]addRawPrepare,height=1,reqIdx=3,hash=a4405f1a...
info|2019-11-12 12:08:07.100389|[g:1][CONSENSUS][PBFT]checkTimeout Succ,view=31155,toView=31156,nodeIdx=0,changeCycle=0,myNode=19b3f6e2...,timecost=0.47
info|2019-11-12 12:08:07.101906|[g:1][CONSENSUS][PBFT]checkAndChangeView: Reach consensus,org_view=31155,org_changeCycle=0,cur_changeCycle=0,to_view=31156
info|2019-11-12 12:08:08.101461|[g:1][CONSENSUS][SEALER]++++++++++++++++ Generating seal on,blkNum=1,tx=0,nodeIdx=0,hash=fd2da467...
info|2019-11-12 12:08:08.102331|[g:1][CONSENSUS][PBFT]checkTimeout Succ,view=31156,toView=31157,nodeIdx=0,changeCycle=0,myNode=19b3f6e2...,timecost=0.4
info|2019-11-12 12:08:08.104452|[g:1][CONSENSUS][PBFT]checkAndChangeView: Reach consensus,org_view=31156,org_changeCycle=0,cur_changeCycle=0,to_view=31157
info|2019-11-12 12:08:09.105263|[g:1][CONSENSUS]addRawPrepare,height=1,reqIdx=1,hash=1aa01fdd...
info|2019-11-12 12:08:09.105775|[g:1][CONSENSUS][PBFT]checkTimeout Succ,view=31157,toView=31158,nodeIdx=0,changeCycle=0,myNode=19b3f6e2...,timecost=0.352
info|2019-11-12 12:08:09.107168|[g:1][CONSENSUS][PBFT]checkAndChangeView: Reach consensus,org_view=31157,org_changeCycle=0,cur_changeCycle=0,to_view=31158
info|2019-11-12 12:08:10.108072|[g:1][CONSENSUS]addRawPrepare,height=1,reqIdx=2,hash=4c4aecc4...
info|2019-11-12 12:08:10.108820|[g:1][CONSENSUS][PBFT]checkTimeout Succ,view=31158,toView=31159,nodeIdx=0,changeCycle=0,myNode=19b3f6e2...,timecost=0.573
info|2019-11-12 12:08:10.110220|[g:1][CONSENSUS][PBFT]checkAndChangeView: Reach consensus,org_view=31158,org_changeCycle=0,cur_changeCycle=0,to_view=31159
info|2019-11-12 12:08:11.113113|[g:1][CONSENSUS]addRawPrepare,height=1,reqIdx=3,hash=550b9047...
info|2019-11-12 12:08:11.114453|[g:1][CONSENSUS][PBFT]checkTimeout Succ,view=31159,toView=31160,nodeIdx=0,changeCycle=0,myNode=19b3f6e2...,timecost=1.108
info|2019-11-12 12:08:11.116002|[g:1][CONSENSUS][PBFT]checkAndChangeView: Reach consensus,org_view=31159,org_changeCycle=0,cur_changeCycle=0,to_view=31160
info|2019-11-12 12:08:12.117274|[g:1][CONSENSUS][SEALER]++++++++++++++++ Generating seal on,blkNum=1,tx=0,nodeIdx=0,hash=038111d7...
info|2019-11-12 12:08:12.118317|[g:1][CONSENSUS][PBFT]checkTimeout Succ,view=31160,toView=31161,nodeIdx=0,changeCycle=0,myNode=19b3f6e2...,timecost=0.559
info|2019-11-12 12:08:12.120766|[g:1][CONSENSUS][PBFT]checkAndChangeView: Reach consensus,org_view=31160,org_changeCycle=0,cur_changeCycle=0,to_view=31161
info|2019-11-12 12:08:13.121094|[g:1][CONSENSUS]addRawPrepare,height=1,reqIdx=1,hash=15f5861f...
info|2019-11-12 12:08:13.121555|[g:1][CONSENSUS][PBFT]checkTimeout Succ,view=31161,toView=31162,nodeIdx=0,changeCycle=0,myNode=19b3f6e2...,timecost=0.34
info|2019-11-12 12:08:13.122574|[g:1][CONSENSUS][PBFT]checkAndChangeView: Reach consensus,org_view=31161,org_changeCycle=0,cur_changeCycle=0,to_view=31162
info|2019-11-12 12:08:14.123646|[g:1][CONSENSUS]addRawPrepare,height=1,reqIdx=2,hash=402e2679...
info|2019-11-12 12:08:14.124147|[g:1][CONSENSUS][PBFT]checkTimeout Succ,view=31162,toView=31163,nodeIdx=0,changeCycle=0,myNode=19b3f6e2...,timecost=0.378
info|2019-11-12 12:08:14.125352|[g:1][CONSENSUS][PBFT]checkAndChangeView: Reach consensus,org_view=31162,org_changeCycle=0,cur_changeCycle=0,to_view=31163
info|2019-11-12 12:08:15.127873|[g:1][CONSENSUS]addRawPrepare,height=1,reqIdx=3,hash=696ed390...
info|2019-11-12 12:08:15.128597|[g:1][CONSENSUS][PBFT]checkTimeout Succ,view=31163,toView=31164,nodeIdx=0,changeCycle=0,myNode=19b3f6e2...,timecost=0.494
info|2019-11-12 12:08:15.129966|[g:1][CONSENSUS][PBFT]checkAndChangeView: Reach consensus,org_view=31163,org_changeCycle=0,cur_changeCycle=0,to_view=31164
info|2019-11-12 12:08:16.026615|[P2P][Service] heartBeat,connected count=3
info|2019-11-12 12:08:16.130352|[g:1][CONSENSUS][SEALER]++++++++++++++++ Generating seal on,blkNum=1,tx=0,nodeIdx=0,hash=9b14fb66...
info|2019-11-12 12:08:16.134014|[g:1][CONSENSUS][PBFT]checkTimeout Succ,view=31164,toView=31165,nodeIdx=0,changeCycle=0,myNode=19b3f6e2...,timecost=0.549
info|2019-11-12 12:08:16.134888|[g:1][CONSENSUS][PBFT]checkAndChangeView: Reach consensus,org_view=31164,org_changeCycle=0,cur_changeCycle=0,to_view=31165
