info|2019-11-14 04:23:36.005548|[g:1][CONSENSUS][SEALER]++++++++++++++++ Generating seal on,blkNum=1,tx=0,nodeIdx=0,hash=e795fd06...
info|2019-11-14 04:23:36.009068|[P2P][Service] heartBeat,connected count=3
info|2019-11-14 04:23:36.011189|[g:1][CONSENSUS][PBFT]checkTimeout Succ,view=98608,toView=98609,nodeIdx=0,changeCycle=0,myNode=19b3f6e2...,timecost=2.319
info|2019-11-14 04:23:36.012966|[g:1][CONSENSUS][PBFT]checkAndChangeView: Reach consensus,org_view=98608,org_changeCycle=0,cur_changeCycle=0,to_view=98609
info|2019-11-14 04:23:37.010426|[g:1][CONSENSUS]addRawPrepare,height=1,reqIdx=1,hash=054bbe39...
info|2019-11-14 04:23:37.010942|[g:1][CONSENSUS][PBFT]checkTimeout Succ,view=98609,toView=98610,nodeIdx=0,changeCycle=0,myNode=19b3f6e2...,timecost=0.387
info|2019-11-14 04:23:37.012176|[g:1][CONSENSUS][PBFT]checkAndChangeView: Reach consensus,org_view=98609,org_changeCycle=0,cur_changeCycle=0,to_view=98610
info|2019-11-14 04:23:38.013636|[g:1][CONSENSUS]addRawPrepare,height=1,reqIdx=2,hash=b496e609...
info|2019-11-14 04:23:38.014222|[g:1][CONSENSUS][PBFT]checkTimeout Succ,view=98610,toView=98611,nodeIdx=0,changeCycle=0,myNode=19b3f6e2...,timecost=0.36
info|2019-11-14 04:23:38.015420|[g:1][CONSENSUS][PBFT]checkAndChangeView: Reach consensus,org_view=98610,org_changeCycle=0,cur_changeCycle=0,to_view=98611
info|2019-11-14 04:23:39.016705|[g:1][CONSENSUS]addRawPrepare,height=1,reqIdx=3,hash=9c0e3ec7...
info|2019-11-14 04:23:39.017177|[g:1][CONSENSUS][PBFT]checkTimeout Succ,view=98611,toView=98612,nodeIdx=0,changeCycle=0,myNode=19b3f6e2...,timecost=0.368
info|2019-11-14 04:23:39.018296|[g:1][CONSENSUS][PBFT]checkAndChangeView: Reach consensus,org_view=98611,org_changeCycle=0,cur_changeCycle=0,to_view=98612
info|2019-11-14 04:23:40.018720|[g:1][CONSENSUS][SEALER]++++++++++++++++ Generating seal on,blkNum=1,tx=0,nodeIdx=0,hash=b6ef53b4...
info|2019-11-14 04:23:40.019364|[g:1][CONSENSUS][PBFT]checkTimeout Succ,view=98612,toView=98613,nodeIdx=0,changeCycle=0,myNode=19b3f6e2...,timecost=0.351
info|2019-11-14 04:23:40.022005|[g:1][CONSENSUS][PBFT]checkAndChangeView: Reach consensus,org_view=98612,org_changeCycle=0,cur_changeCycle=0,to_view=98613
info|2019-11-14 04:23:41.022716|[g:1][CONSENSUS]addRawPrepare,height=1,reqIdx=1,hash=79feb95e...
info|2019-11-14 04:23:41.023742|[g:1][CONSENSUS][PBFT]checkTimeout Succ,view=98613,toView=98614,nodeIdx=0,changeCycle=0,myNode=19b3f6e2...,timecost=0.925
info|2019-11-14 04:23:41.024925|[g:1][CONSENSUS][PBFT]checkAndChangeView: Reach consensus,org_view=98613,org_changeCycle=0,cur_changeCycle=0,to_view=98614
info|2019-11-14 04:23:42.025362|[g:1][CONSENSUS]addRawPrepare,height=1,reqIdx=2,hash=523c6f30...
info|2019-11-14 04:23:42.025805|[g:1][CONSENSUS][PBFT]checkTimeout Succ,view=98614,toView=98615,nodeIdx=0,changeCycle=0,myNode=19b3f6e2...,timecost=0.331
info|2019-11-14 04:23:42.026840|[g:1][CONSENSUS][PBFT]checkAndChangeView: Reach consensus,org_view=98614,org_changeCycle=0,cur_changeCycle=0,to_view=98615
info|2019-11-14 04:23:43.027461|[g:1][CONSENSUS]addRawPrepare,height=1,reqIdx=3,hash=f2f1f6fb...
info|2019-11-14 04:23:43.027903|[g:1][CONSENSUS][PBFT]checkTimeout Succ,view=98615,toView=98616,nodeIdx=0,changeCycle=0,myNode=19b3f6e2...,timecost=0.317
info|2019-11-14 04:23:43.029051|[g:1][CONSENSUS][PBFT]checkAndChangeView: Reach consensus,org_view=98615,org_changeCycle=0,cur_changeCycle=0,to_view=98616
info|2019-11-14 04:23:44.029281|[g:1][CONSENSUS][SEALER]++++++++++++++++ Generating seal on,blkNum=1,tx=0,nodeIdx=0,hash=6bf1da16...
info|2019-11-14 04:23:44.032609|[g:1][CONSENSUS][PBFT]checkTimeout Succ,view=98616,toView=98617,nodeIdx=0,changeCycle=0,myNode=19b3f6e2...,timecost=0.755
info|2019-11-14 04:23:44.033449|[g:1][CONSENSUS][PBFT]checkAndChangeView: Reach consensus,org_view=98616,org_changeCycle=0,cur_changeCycle=0,to_view=98617
info|2019-11-14 04:23:45.034677|[g:1][CONSENSUS]addRawPrepare,height=1,reqIdx=1,hash=99c95fc5...
info|2019-11-14 04:23:45.035392|[g:1][CONSENSUS][PBFT]checkTimeout Succ,view=98617,toView=98618,nodeIdx=0,changeCycle=0,myNode=19b3f6e2...,timecost=0.545
info|2019-11-14 04:23:45.037106|[g:1][CONSENSUS][PBFT]checkAndChangeView: Reach consensus,org_view=98617,org_changeCycle=0,cur_changeCycle=0,to_view=98618
info|2019-11-14 04:23:46.014177|[P2P][Service] heartBeat,connected count=3
info|2019-11-14 04:23:46.037548|[g:1][CONSENSUS]addRawPrepare,height=1,reqIdx=2,hash=3408207e...
info|2019-11-14 04:23:46.038649|[g:1][CONSENSUS][PBFT]checkTimeout Succ,view=98618,toView=98619,nodeIdx=0,changeCycle=0,myNode=19b3f6e2...,timecost=0.973
info|2019-11-14 04:23:46.040124|[g:1][CONSENSUS][PBFT]checkAndChangeView: Reach consensus,org_view=98618,org_changeCycle=0,cur_changeCycle=0,to_view=98619
info|2019-11-14 04:23:47.042715|[g:1][CONSENSUS]addRawPrepare,height=1,reqIdx=3,hash=14ce8a36...
info|2019-11-14 04:23:47.043433|[g:1][CONSENSUS][PBFT]checkTimeout Succ,view=98619,toView=98620,nodeIdx=0,changeCycle=0,myNode=19b3f6e2...,timecost=0.609
info|2019-11-14 04:23:47.045209|[g:1][CONSENSUS][PBFT]checkAndChangeView: Reach consensus,org_view=98619,org_changeCycle=0,cur_changeCycle=0,to_view=98620
info|2019-11-14 04:23:48.045729|[g:1][CONSENSUS][SEALER]++++++++++++++++ Generating seal on,blkNum=1,tx=0,nodeIdx=0,hash=3b534740...
info|2019-11-14 04:23:48.046641|[g:1][CONSENSUS][PBFT]checkTimeout Succ,view=98620,toView=98621,nodeIdx=0,changeCycle=0,myNode=19b3f6e2...,timecost=0.461
info|2019-11-14 04:23:48.049053|[g:1][CONSENSUS][PBFT]checkAndChangeView: Reach consensus,org_view=98620,org_changeCycle=0,cur_changeCycle=0,to_view=98621
info|2019-11-14 04:23:49.050689|[g:1][CONSENSUS]addRawPrepare,height=1,reqIdx=1,hash=276c57bf...
info|2019-11-14 04:23:49.051588|[g:1][CONSENSUS][PBFT]checkTimeout Succ,view=98621,toView=98622,nodeIdx=0,changeCycle=0,myNode=19b3f6e2...,timecost=0.728
info|2019-11-14 04:23:49.053069|[g:1][CONSENSUS][PBFT]checkAndChangeView: Reach consensus,org_view=98621,org_changeCycle=0,cur_changeCycle=0,to_view=98622
info|2019-11-14 04:23:50.055927|[g:1][CONSENSUS]addRawPrepare,height=1,reqIdx=2,hash=fb40c60d...
info|2019-11-14 04:23:50.056553|[g:1][CONSENSUS][PBFT]checkTimeout Succ,view=98622,toView=98623,nodeIdx=0,changeCycle=0,myNode=19b3f6e2...,timecost=0.483
info|2019-11-14 04:23:50.058183|[g:1][CONSENSUS][PBFT]checkAndChangeView: Reach consensus,org_view=98622,org_changeCycle=0,cur_changeCycle=0,to_view=98623
info|2019-11-14 04:23:51.059983|[g:1][CONSENSUS]addRawPrepare,height=1,reqIdx=3,hash=0d3cc5d2...
info|2019-11-14 04:23:51.060944|[g:1][CONSENSUS][PBFT]checkTimeout Succ,view=98623,toView=98624,nodeIdx=0,changeCycle=0,myNode=19b3f6e2...,timecost=0.815
info|2019-11-14 04:23:51.062356|[g:1][CONSENSUS][PBFT]checkAndChangeView: Reach consensus,org_view=98623,org_changeCycle=0,cur_changeCycle=0,to_view=98624
info|2019-11-14 04:23:52.063035|[g:1][CONSENSUS][SEALER]++++++++++++++++ Generating seal on,blkNum=1,tx=0,nodeIdx=0,hash=c7a4b8db...
info|2019-11-14 04:23:52.066329|[g:1][CONSENSUS][PBFT]checkTimeout Succ,view=98624,toView=98625,nodeIdx=0,changeCycle=0,myNode=19b3f6e2...,timecost=0.583
info|2019-11-14 04:23:52.067140|[g:1][CONSENSUS][PBFT]checkAndChangeView: Reach consensus,org_view=98624,org_changeCycle=0,cur_changeCycle=0,to_view=98625
info|2019-11-14 04:23:53.068149|[g:1][CONSENSUS]addRawPrepare,height=1,reqIdx=1,hash=aa90f0ee...
info|2019-11-14 04:23:53.068755|[g:1][CONSENSUS][PBFT]checkTimeout Succ,view=98625,toView=98626,nodeIdx=0,changeCycle=0,myNode=19b3f6e2...,timecost=0.476
info|2019-11-14 04:23:53.070511|[g:1][CONSENSUS][PBFT]checkAndChangeView: Reach consensus,org_view=98625,org_changeCycle=0,cur_changeCycle=0,to_view=98626
info|2019-11-14 04:23:54.071778|[g:1][CONSENSUS]addRawPrepare,height=1,reqIdx=2,hash=94cfc558...
info|2019-11-14 04:23:54.072260|[g:1][CONSENSUS][PBFT]checkTimeout Succ,view=98626,toView=98627,nodeIdx=0,changeCycle=0,myNode=19b3f6e2...,timecost=0.361
info|2019-11-14 04:23:54.073153|[g:1][CONSENSUS][PBFT]checkAndChangeView: Reach consensus,org_view=98626,org_changeCycle=0,cur_changeCycle=0,to_view=98627
info|2019-11-14 04:23:55.075169|[g:1][CONSENSUS]addRawPrepare,height=1,reqIdx=3,hash=2cca0683...
info|2019-11-14 04:23:55.075788|[g:1][CONSENSUS][PBFT]checkTimeout Succ,view=98627,toView=98628,nodeIdx=0,changeCycle=0,myNode=19b3f6e2...,timecost=0.479
info|2019-11-14 04:23:55.076830|[g:1][CONSENSUS][PBFT]checkAndChangeView: Reach consensus,org_view=98627,org_changeCycle=0,cur_changeCycle=0,to_view=98628
info|2019-11-14 04:23:56.021637|[P2P][Service] heartBeat,connected count=3
info|2019-11-14 04:23:56.077540|[g:1][CONSENSUS][SEALER]++++++++++++++++ Generating seal on,blkNum=1,tx=0,nodeIdx=0,hash=bb105278...
info|2019-11-14 04:23:56.080391|[g:1][CONSENSUS][PBFT]checkTimeout Succ,view=98628,toView=98629,nodeIdx=0,changeCycle=0,myNode=19b3f6e2...,timecost=0.463
info|2019-11-14 04:23:56.081564|[g:1][CONSENSUS][PBFT]checkAndChangeView: Reach consensus,org_view=98628,org_changeCycle=0,cur_changeCycle=0,to_view=98629
info|2019-11-14 04:23:57.082759|[g:1][CONSENSUS]addRawPrepare,height=1,reqIdx=1,hash=eab86fd2...
info|2019-11-14 04:23:57.083443|[g:1][CONSENSUS][PBFT]checkTimeout Succ,view=98629,toView=98630,nodeIdx=0,changeCycle=0,myNode=19b3f6e2...,timecost=0.561
info|2019-11-14 04:23:57.084959|[g:1][CONSENSUS][PBFT]checkAndChangeView: Reach consensus,org_view=98629,org_changeCycle=0,cur_changeCycle=0,to_view=98630
info|2019-11-14 04:23:58.086993|[g:1][CONSENSUS]addRawPrepare,height=1,reqIdx=2,hash=6d39be07...
info|2019-11-14 04:23:58.087573|[g:1][CONSENSUS][PBFT]checkTimeout Succ,view=98630,toView=98631,nodeIdx=0,changeCycle=0,myNode=19b3f6e2...,timecost=0.45
info|2019-11-14 04:23:58.089139|[g:1][CONSENSUS][PBFT]checkAndChangeView: Reach consensus,org_view=98630,org_changeCycle=0,cur_changeCycle=0,to_view=98631
info|2019-11-14 04:23:59.091201|[g:1][CONSENSUS]addRawPrepare,height=1,reqIdx=3,hash=b5069300...
info|2019-11-14 04:23:59.091820|[g:1][CONSENSUS][PBFT]checkTimeout Succ,view=98631,toView=98632,nodeIdx=0,changeCycle=0,myNode=19b3f6e2...,timecost=0.484
info|2019-11-14 04:23:59.093255|[g:1][CONSENSUS][PBFT]checkAndChangeView: Reach consensus,org_view=98631,org_changeCycle=0,cur_changeCycle=0,to_view=98632
info|2019-11-14 04:24:00.093602|[g:1][CONSENSUS][SEALER]++++++++++++++++ Generating seal on,blkNum=1,tx=0,nodeIdx=0,hash=3a58025e...
info|2019-11-14 04:24:00.096086|[g:1][CONSENSUS][PBFT]checkTimeout Succ,view=98632,toView=98633,nodeIdx=0,changeCycle=0,myNode=19b3f6e2...,timecost=0.463
info|2019-11-14 04:24:00.097402|[g:1][CONSENSUS][PBFT]checkAndChangeView: Reach consensus,org_view=98632,org_changeCycle=0,cur_changeCycle=0,to_view=98633
info|2019-11-14 04:24:01.099052|[g:1][CONSENSUS]addRawPrepare,height=1,reqIdx=1,hash=8c2b1ecc...
info|2019-11-14 04:24:01.100262|[g:1][CONSENSUS][PBFT]checkTimeout Succ,view=98633,toView=98634,nodeIdx=0,changeCycle=0,myNode=19b3f6e2...,timecost=1.08
info|2019-11-14 04:24:01.101911|[g:1][CONSENSUS][PBFT]checkAndChangeView: Reach consensus,org_view=98633,org_changeCycle=0,cur_changeCycle=0,to_view=98634
info|2019-11-14 04:24:02.103231|[g:1][CONSENSUS]addRawPrepare,height=1,reqIdx=2,hash=73e8b3a1...
info|2019-11-14 04:24:02.104105|[g:1][CONSENSUS][PBFT]checkTimeout Succ,view=98634,toView=98635,nodeIdx=0,changeCycle=0,myNode=19b3f6e2...,timecost=0.641
info|2019-11-14 04:24:02.105754|[g:1][CONSENSUS][PBFT]checkAndChangeView: Reach consensus,org_view=98634,org_changeCycle=0,cur_changeCycle=0,to_view=98635
info|2019-11-14 04:24:03.106786|[g:1][CONSENSUS]addRawPrepare,height=1,reqIdx=3,hash=0cfbe589...
info|2019-11-14 04:24:03.107348|[g:1][CONSENSUS][PBFT]checkTimeout Succ,view=98635,toView=98636,nodeIdx=0,changeCycle=0,myNode=19b3f6e2...,timecost=0.436
info|2019-11-14 04:24:03.108645|[g:1][CONSENSUS][PBFT]checkAndChangeView: Reach consensus,org_view=98635,org_changeCycle=0,cur_changeCycle=0,to_view=98636
info|2019-11-14 04:24:04.109323|[g:1][CONSENSUS][SEALER]++++++++++++++++ Generating seal on,blkNum=1,tx=0,nodeIdx=0,hash=a7c7bed9...
info|2019-11-14 04:24:04.110314|[g:1][CONSENSUS][PBFT]checkTimeout Succ,view=98636,toView=98637,nodeIdx=0,changeCycle=0,myNode=19b3f6e2...,timecost=0.503
info|2019-11-14 04:24:04.112944|[g:1][CONSENSUS][PBFT]checkAndChangeView: Reach consensus,org_view=98636,org_changeCycle=0,cur_changeCycle=0,to_view=98637
info|2019-11-14 04:24:05.113742|[g:1][CONSENSUS]addRawPrepare,height=1,reqIdx=1,hash=3175db04...
info|2019-11-14 04:24:05.114354|[g:1][CONSENSUS][PBFT]checkTimeout Succ,view=98637,toView=98638,nodeIdx=0,changeCycle=0,myNode=19b3f6e2...,timecost=0.477
info|2019-11-14 04:24:05.115939|[g:1][CONSENSUS][PBFT]checkAndChangeView: Reach consensus,org_view=98637,org_changeCycle=0,cur_changeCycle=0,to_view=98638
info|2019-11-14 04:24:06.027281|[P2P][Service] heartBeat,connected count=3
info|2019-11-14 04:24:06.118679|[g:1][CONSENSUS]addRawPrepare,height=1,reqIdx=2,hash=260d68ab...
info|2019-11-14 04:24:06.119545|[g:1][CONSENSUS][PBFT]checkTimeout Succ,view=98638,toView=98639,nodeIdx=0,changeCycle=0,myNode=19b3f6e2...,timecost=0.735
info|2019-11-14 04:24:06.121240|[g:1][CONSENSUS][PBFT]checkAndChangeView: Reach consensus,org_view=98638,org_changeCycle=0,cur_changeCycle=0,to_view=98639
info|2019-11-14 04:24:07.122945|[g:1][CONSENSUS]addRawPrepare,height=1,reqIdx=3,hash=d1b0a8e0...
info|2019-11-14 04:24:07.123736|[g:1][CONSENSUS][PBFT]checkTimeout Succ,view=98639,toView=98640,nodeIdx=0,changeCycle=0,myNode=19b3f6e2...,timecost=0.576
info|2019-11-14 04:24:07.125231|[g:1][CONSENSUS][PBFT]checkAndChangeView: Reach consensus,org_view=98639,org_changeCycle=0,cur_changeCycle=0,to_view=98640
info|2019-11-14 04:24:08.125307|[g:1][CONSENSUS][SEALER]++++++++++++++++ Generating seal on,blkNum=1,tx=0,nodeIdx=0,hash=b270be8b...
info|2019-11-14 04:24:08.127998|[g:1][CONSENSUS][PBFT]checkTimeout Succ,view=98640,toView=98641,nodeIdx=0,changeCycle=0,myNode=19b3f6e2...,timecost=0.442
info|2019-11-14 04:24:08.129441|[g:1][CONSENSUS][PBFT]checkAndChangeView: Reach consensus,org_view=98640,org_changeCycle=0,cur_changeCycle=0,to_view=98641
info|2019-11-14 04:24:09.129422|[g:1][CONSENSUS]addRawPrepare,height=1,reqIdx=1,hash=b3807122...
info|2019-11-14 04:24:09.130021|[g:1][CONSENSUS][PBFT]checkTimeout Succ,view=98641,toView=98642,nodeIdx=0,changeCycle=0,myNode=19b3f6e2...,timecost=0.48
info|2019-11-14 04:24:09.131553|[g:1][CONSENSUS][PBFT]checkAndChangeView: Reach consensus,org_view=98641,org_changeCycle=0,cur_changeCycle=0,to_view=98642
info|2019-11-14 04:24:10.133686|[g:1][CONSENSUS]addRawPrepare,height=1,reqIdx=2,hash=26e07028...
info|2019-11-14 04:24:10.134342|[g:1][CONSENSUS][PBFT]checkTimeout Succ,view=98642,toView=98643,nodeIdx=0,changeCycle=0,myNode=19b3f6e2...,timecost=0.474
info|2019-11-14 04:24:10.136046|[g:1][CONSENSUS][PBFT]checkAndChangeView: Reach consensus,org_view=98642,org_changeCycle=0,cur_changeCycle=0,to_view=98643
info|2019-11-14 04:24:11.136726|[g:1][CONSENSUS]addRawPrepare,height=1,reqIdx=3,hash=ec1c6108...
info|2019-11-14 04:24:11.137896|[g:1][CONSENSUS][PBFT]checkTimeout Succ,view=98643,toView=98644,nodeIdx=0,changeCycle=0,myNode=19b3f6e2...,timecost=1.053
info|2019-11-14 04:24:11.139528|[g:1][CONSENSUS][PBFT]checkAndChangeView: Reach consensus,org_view=98643,org_changeCycle=0,cur_changeCycle=0,to_view=98644
info|2019-11-14 04:24:12.140299|[g:1][CONSENSUS][SEALER]++++++++++++++++ Generating seal on,blkNum=1,tx=0,nodeIdx=0,hash=4796e788...
info|2019-11-14 04:24:12.142881|[g:1][CONSENSUS][PBFT]checkTimeout Succ,view=98644,toView=98645,nodeIdx=0,changeCycle=0,myNode=19b3f6e2...,timecost=0.518
info|2019-11-14 04:24:12.144327|[g:1][CONSENSUS][PBFT]checkAndChangeView: Reach consensus,org_view=98644,org_changeCycle=0,cur_changeCycle=0,to_view=98645
info|2019-11-14 04:24:13.144688|[g:1][CONSENSUS]addRawPrepare,height=1,reqIdx=1,hash=aa3a02dd...
info|2019-11-14 04:24:13.145372|[g:1][CONSENSUS][PBFT]checkTimeout Succ,view=98645,toView=98646,nodeIdx=0,changeCycle=0,myNode=19b3f6e2...,timecost=0.519
info|2019-11-14 04:24:13.147007|[g:1][CONSENSUS][PBFT]checkAndChangeView: Reach consensus,org_view=98645,org_changeCycle=0,cur_changeCycle=0,to_view=98646
info|2019-11-14 04:24:14.148948|[g:1][CONSENSUS]addRawPrepare,height=1,reqIdx=2,hash=4befcebd...
info|2019-11-14 04:24:14.149517|[g:1][CONSENSUS][PBFT]checkTimeout Succ,view=98646,toView=98647,nodeIdx=0,changeCycle=0,myNode=19b3f6e2...,timecost=0.422
info|2019-11-14 04:24:14.150834|[g:1][CONSENSUS][PBFT]checkAndChangeView: Reach consensus,org_view=98646,org_changeCycle=0,cur_changeCycle=0,to_view=98647
info|2019-11-14 04:24:15.152230|[g:1][CONSENSUS]addRawPrepare,height=1,reqIdx=3,hash=dd7ce14a...
info|2019-11-14 04:24:15.153093|[g:1][CONSENSUS][PBFT]checkTimeout Succ,view=98647,toView=98648,nodeIdx=0,changeCycle=0,myNode=19b3f6e2...,timecost=0.694
info|2019-11-14 04:24:15.154640|[g:1][CONSENSUS][PBFT]checkAndChangeView: Reach consensus,org_view=98647,org_changeCycle=0,cur_changeCycle=0,to_view=98648
info|2019-11-14 04:24:16.029338|[P2P][Service] heartBeat,connected count=3
info|2019-11-14 04:24:16.154923|[g:1][CONSENSUS][SEALER]++++++++++++++++ Generating seal on,blkNum=1,tx=0,nodeIdx=0,hash=62544f11...
info|2019-11-14 04:24:16.156128|[g:1][CONSENSUS][PBFT]checkTimeout Succ,view=98648,toView=98649,nodeIdx=0,changeCycle=0,myNode=19b3f6e2...,timecost=0.728
info|2019-11-14 04:24:16.158920|[g:1][CONSENSUS][PBFT]checkAndChangeView: Reach consensus,org_view=98648,org_changeCycle=0,cur_changeCycle=0,to_view=98649
info|2019-11-14 04:24:17.648573|[g:1][CONSENSUS]addRawPrepare,height=1,reqIdx=1,hash=35d2c711...
info|2019-11-14 04:24:17.649522|[g:1][CONSENSUS][PBFT]checkTimeout Succ,view=98649,toView=98650,nodeIdx=0,changeCycle=0,myNode=19b3f6e2...,timecost=0.722
info|2019-11-14 04:24:17.652442|[g:1][CONSENSUS][PBFT]checkAndChangeView: Reach consensus,org_view=98649,org_changeCycle=0,cur_changeCycle=0,to_view=98650
info|2019-11-14 04:24:18.653992|[g:1][CONSENSUS]addRawPrepare,height=1,reqIdx=2,hash=b5607a20...
info|2019-11-14 04:24:18.654462|[g:1][CONSENSUS][PBFT]checkTimeout Succ,view=98650,toView=98651,nodeIdx=0,changeCycle=0,myNode=19b3f6e2...,timecost=0.346
info|2019-11-14 04:24:18.655809|[g:1][CONSENSUS][PBFT]checkAndChangeView: Reach consensus,org_view=98650,org_changeCycle=0,cur_changeCycle=0,to_view=98651
info|2019-11-14 04:24:19.657695|[g:1][CONSENSUS]addRawPrepare,height=1,reqIdx=3,hash=be07a7ad...
info|2019-11-14 04:24:19.658305|[g:1][CONSENSUS][PBFT]checkTimeout Succ,view=98651,toView=98652,nodeIdx=0,changeCycle=0,myNode=19b3f6e2...,timecost=0.469
info|2019-11-14 04:24:19.659991|[g:1][CONSENSUS][PBFT]checkAndChangeView: Reach consensus,org_view=98651,org_changeCycle=0,cur_changeCycle=0,to_view=98652
info|2019-11-14 04:24:20.660491|[g:1][CONSENSUS][SEALER]++++++++++++++++ Generating seal on,blkNum=1,tx=0,nodeIdx=0,hash=193c7341...
info|2019-11-14 04:24:20.663431|[g:1][CONSENSUS][PBFT]checkTimeout Succ,view=98652,toView=98653,nodeIdx=0,changeCycle=0,myNode=19b3f6e2...,timecost=0.49
info|2019-11-14 04:24:20.664191|[g:1][CONSENSUS][PBFT]checkAndChangeView: Reach consensus,org_view=98652,org_changeCycle=0,cur_changeCycle=0,to_view=98653
info|2019-11-14 04:24:21.664710|[g:1][CONSENSUS]addRawPrepare,height=1,reqIdx=1,hash=3d776bf6...
info|2019-11-14 04:24:21.665374|[g:1][CONSENSUS][PBFT]checkTimeout Succ,view=98653,toView=98654,nodeIdx=0,changeCycle=0,myNode=19b3f6e2...,timecost=0.499
info|2019-11-14 04:24:21.666882|[g:1][CONSENSUS][PBFT]checkAndChangeView: Reach consensus,org_view=98653,org_changeCycle=0,cur_changeCycle=0,to_view=98654
info|2019-11-14 04:24:22.668219|[g:1][CONSENSUS]addRawPrepare,height=1,reqIdx=2,hash=0a461a33...
info|2019-11-14 04:24:22.668836|[g:1][CONSENSUS][PBFT]checkTimeout Succ,view=98654,toView=98655,nodeIdx=0,changeCycle=0,myNode=19b3f6e2...,timecost=0.476
info|2019-11-14 04:24:22.670201|[g:1][CONSENSUS][PBFT]checkAndChangeView: Reach consensus,org_view=98654,org_changeCycle=0,cur_changeCycle=0,to_view=98655
info|2019-11-14 04:24:23.671784|[g:1][CONSENSUS]addRawPrepare,height=1,reqIdx=3,hash=6a657c46...
info|2019-11-14 04:24:23.672598|[g:1][CONSENSUS][PBFT]checkTimeout Succ,view=98655,toView=98656,nodeIdx=0,changeCycle=0,myNode=19b3f6e2...,timecost=0.586
info|2019-11-14 04:24:23.674016|[g:1][CONSENSUS][PBFT]checkAndChangeView: Reach consensus,org_view=98655,org_changeCycle=0,cur_changeCycle=0,to_view=98656
info|2019-11-14 04:24:24.675204|[g:1][CONSENSUS][SEALER]++++++++++++++++ Generating seal on,blkNum=1,tx=0,nodeIdx=0,hash=141ea9ba...
info|2019-11-14 04:24:24.676136|[g:1][CONSENSUS][PBFT]checkTimeout Succ,view=98656,toView=98657,nodeIdx=0,changeCycle=0,myNode=19b3f6e2...,timecost=0.446
info|2019-11-14 04:24:24.678913|[g:1][CONSENSUS][PBFT]checkAndChangeView: Reach consensus,org_view=98656,org_changeCycle=0,cur_changeCycle=0,to_view=98657
info|2019-11-14 04:24:25.680217|[g:1][CONSENSUS]addRawPrepare,height=1,reqIdx=1,hash=7b33c07a...
info|2019-11-14 04:24:25.680920|[g:1][CONSENSUS][PBFT]checkTimeout Succ,view=98657,toView=98658,nodeIdx=0,changeCycle=0,myNode=19b3f6e2...,timecost=0.507
info|2019-11-14 04:24:25.682499|[g:1][CONSENSUS][PBFT]checkAndChangeView: Reach consensus,org_view=98657,org_changeCycle=0,cur_changeCycle=0,to_view=98658
info|2019-11-14 04:24:26.039110|[P2P][Service] heartBeat,connected count=3
info|2019-11-14 04:24:26.683844|[g:1][CONSENSUS]addRawPrepare,height=1,reqIdx=2,hash=cfb9fab7...
info|2019-11-14 04:24:26.684544|[g:1][CONSENSUS][PBFT]checkTimeout Succ,view=98658,toView=98659,nodeIdx=0,changeCycle=0,myNode=19b3f6e2...,timecost=0.535
info|2019-11-14 04:24:26.686518|[g:1][CONSENSUS][PBFT]checkAndChangeView: Reach consensus,org_view=98658,org_changeCycle=0,cur_changeCycle=0,to_view=98659
info|2019-11-14 04:24:27.687844|[g:1][CONSENSUS]addRawPrepare,height=1,reqIdx=3,hash=335ecd33...
info|2019-11-14 04:24:27.688398|[g:1][CONSENSUS][PBFT]checkTimeout Succ,view=98659,toView=98660,nodeIdx=0,changeCycle=0,myNode=19b3f6e2...,timecost=0.375
info|2019-11-14 04:24:27.689457|[g:1][CONSENSUS][PBFT]checkAndChangeView: Reach consensus,org_view=98659,org_changeCycle=0,cur_changeCycle=0,to_view=98660
info|2019-11-14 04:24:28.689968|[g:1][CONSENSUS][SEALER]++++++++++++++++ Generating seal on,blkNum=1,tx=0,nodeIdx=0,hash=9c714c86...
info|2019-11-14 04:24:28.692705|[g:1][CONSENSUS][PBFT]checkTimeout Succ,view=98660,toView=98661,nodeIdx=0,changeCycle=0,myNode=19b3f6e2...,timecost=0.536
info|2019-11-14 04:24:28.694256|[g:1][CONSENSUS][PBFT]checkAndChangeView: Reach consensus,org_view=98660,org_changeCycle=0,cur_changeCycle=0,to_view=98661
info|2019-11-14 04:24:29.695615|[g:1][CONSENSUS]addRawPrepare,height=1,reqIdx=1,hash=7365d665...
info|2019-11-14 04:24:29.696362|[g:1][CONSENSUS][PBFT]checkTimeout Succ,view=98661,toView=98662,nodeIdx=0,changeCycle=0,myNode=19b3f6e2...,timecost=0.593
info|2019-11-14 04:24:29.697947|[g:1][CONSENSUS][PBFT]checkAndChangeView: Reach consensus,org_view=98661,org_changeCycle=0,cur_changeCycle=0,to_view=98662
info|2019-11-14 04:24:30.700486|[g:1][CONSENSUS]addRawPrepare,height=1,reqIdx=2,hash=8debfbc9...
info|2019-11-14 04:24:30.701102|[g:1][CONSENSUS][PBFT]checkTimeout Succ,view=98662,toView=98663,nodeIdx=0,changeCycle=0,myNode=19b3f6e2...,timecost=0.48
info|2019-11-14 04:24:30.702494|[g:1][CONSENSUS][PBFT]checkAndChangeView: Reach consensus,org_view=98662,org_changeCycle=0,cur_changeCycle=0,to_view=98663
info|2019-11-14 04:24:31.703581|[g:1][CONSENSUS]addRawPrepare,height=1,reqIdx=3,hash=50213eca...
info|2019-11-14 04:24:31.704231|[g:1][CONSENSUS][PBFT]checkTimeout Succ,view=98663,toView=98664,nodeIdx=0,changeCycle=0,myNode=19b3f6e2...,timecost=0.481
info|2019-11-14 04:24:31.705815|[g:1][CONSENSUS][PBFT]checkAndChangeView: Reach consensus,org_view=98663,org_changeCycle=0,cur_changeCycle=0,to_view=98664
