warning|2019-12-12 01:25:09.006358|[g:1][CONSENSUS][PBFT]ViewChangeWarning: not caused by omit empty block ,v=49052,toV=49053,curNum=5,hash=a9fec021...,nodeIdx=0,myNode=19b3f6e2...
info|2019-12-12 01:25:09.009564|[P2P][Service] heartBeat,connected count=3
info|2019-12-12 01:25:09.009456|[g:1][CONSENSUS][PBFT]checkTimeout Succ,view=49052,toView=49053,nodeIdx=0,changeCycle=1,myNode=19b3f6e2...,timecost=7.389
info|2019-12-12 01:25:09.014354|[g:1][CONSENSUS][PBFT]checkAndChangeView: Reach consensus,org_view=49052,org_changeCycle=1,cur_changeCycle=1,to_view=49053
info|2019-12-12 01:25:10.015161|[g:1][CONSENSUS]addRawPrepare,height=6,reqIdx=2,hash=a214fa7e...
info|2019-12-12 01:25:10.015684|[g:1][CONSENSUS][PBFT]checkTimeout Succ,view=49053,toView=49054,nodeIdx=0,changeCycle=0,myNode=19b3f6e2...,timecost=0.396
info|2019-12-12 01:25:10.017031|[g:1][CONSENSUS][PBFT]checkAndChangeView: Reach consensus,org_view=49053,org_changeCycle=0,cur_changeCycle=0,to_view=49054
info|2019-12-12 01:25:11.018261|[g:1][CONSENSUS]addRawPrepare,height=6,reqIdx=3,hash=be0a5ede...
info|2019-12-12 01:25:11.018895|[g:1][CONSENSUS][PBFT]checkTimeout Succ,view=49054,toView=49055,nodeIdx=0,changeCycle=0,myNode=19b3f6e2...,timecost=0.474
info|2019-12-12 01:25:11.020434|[g:1][CONSENSUS][PBFT]checkAndChangeView: Reach consensus,org_view=49054,org_changeCycle=0,cur_changeCycle=0,to_view=49055
info|2019-12-12 01:25:12.020272|[g:1][CONSENSUS][SEALER]++++++++++++++++ Generating seal on,blkNum=6,tx=0,nodeIdx=0,hash=c4051969...
info|2019-12-12 01:25:12.020965|[g:1][CONSENSUS][PBFT]checkTimeout Succ,view=49055,toView=49056,nodeIdx=0,changeCycle=0,myNode=19b3f6e2...,timecost=0.365
info|2019-12-12 01:25:12.023017|[g:1][CONSENSUS][PBFT]checkAndChangeView: Reach consensus,org_view=49055,org_changeCycle=0,cur_changeCycle=0,to_view=49056
info|2019-12-12 01:25:13.023472|[g:1][CONSENSUS]addRawPrepare,height=6,reqIdx=1,hash=4a6c60a9...
info|2019-12-12 01:25:13.024048|[g:1][CONSENSUS][PBFT]checkTimeout Succ,view=49056,toView=49057,nodeIdx=0,changeCycle=0,myNode=19b3f6e2...,timecost=0.42
info|2019-12-12 01:25:13.025433|[g:1][CONSENSUS][PBFT]checkAndChangeView: Reach consensus,org_view=49056,org_changeCycle=0,cur_changeCycle=0,to_view=49057
info|2019-12-12 01:25:14.026249|[g:1][CONSENSUS]addRawPrepare,height=6,reqIdx=2,hash=77d37da9...
info|2019-12-12 01:25:14.026779|[g:1][CONSENSUS][PBFT]checkTimeout Succ,view=49057,toView=49058,nodeIdx=0,changeCycle=0,myNode=19b3f6e2...,timecost=0.405
info|2019-12-12 01:25:14.028021|[g:1][CONSENSUS][PBFT]checkAndChangeView: Reach consensus,org_view=49057,org_changeCycle=0,cur_changeCycle=0,to_view=49058
info|2019-12-12 01:25:15.029463|[g:1][CONSENSUS]addRawPrepare,height=6,reqIdx=3,hash=f14be021...
info|2019-12-12 01:25:15.030091|[g:1][CONSENSUS][PBFT]checkTimeout Succ,view=49058,toView=49059,nodeIdx=0,changeCycle=0,myNode=19b3f6e2...,timecost=0.537
info|2019-12-12 01:25:15.031163|[g:1][CONSENSUS][PBFT]checkAndChangeView: Reach consensus,org_view=49058,org_changeCycle=0,cur_changeCycle=0,to_view=49059
info|2019-12-12 01:25:16.031864|[g:1][CONSENSUS][SEALER]++++++++++++++++ Generating seal on,blkNum=6,tx=0,nodeIdx=0,hash=c2fe1b97...
info|2019-12-12 01:25:16.034833|[g:1][CONSENSUS][PBFT]checkTimeout Succ,view=49059,toView=49060,nodeIdx=0,changeCycle=0,myNode=19b3f6e2...,timecost=0.498
info|2019-12-12 01:25:16.035488|[g:1][CONSENSUS][PBFT]checkAndChangeView: Reach consensus,org_view=49059,org_changeCycle=0,cur_changeCycle=0,to_view=49060
info|2019-12-12 01:25:17.037083|[g:1][CONSENSUS]addRawPrepare,height=6,reqIdx=1,hash=cc478de5...
info|2019-12-12 01:25:17.037981|[g:1][CONSENSUS][PBFT]checkTimeout Succ,view=49060,toView=49061,nodeIdx=0,changeCycle=0,myNode=19b3f6e2...,timecost=0.639
info|2019-12-12 01:25:17.039466|[g:1][CONSENSUS][PBFT]checkAndChangeView: Reach consensus,org_view=49060,org_changeCycle=0,cur_changeCycle=0,to_view=49061
info|2019-12-12 01:25:18.041280|[g:1][CONSENSUS]addRawPrepare,height=6,reqIdx=2,hash=e5626ae0...
info|2019-12-12 01:25:18.041976|[g:1][CONSENSUS][PBFT]checkTimeout Succ,view=49061,toView=49062,nodeIdx=0,changeCycle=0,myNode=19b3f6e2...,timecost=0.472
info|2019-12-12 01:25:18.043374|[g:1][CONSENSUS][PBFT]checkAndChangeView: Reach consensus,org_view=49061,org_changeCycle=0,cur_changeCycle=0,to_view=49062
info|2019-12-12 01:25:19.014056|[P2P][Service] heartBeat,connected count=3
info|2019-12-12 01:25:19.045738|[g:1][CONSENSUS]addRawPrepare,height=6,reqIdx=3,hash=6552223d...
info|2019-12-12 01:25:19.046455|[g:1][CONSENSUS][PBFT]checkTimeout Succ,view=49062,toView=49063,nodeIdx=0,changeCycle=0,myNode=19b3f6e2...,timecost=0.5
info|2019-12-12 01:25:19.047763|[g:1][CONSENSUS][PBFT]checkAndChangeView: Reach consensus,org_view=49062,org_changeCycle=0,cur_changeCycle=0,to_view=49063
info|2019-12-12 01:25:20.048145|[g:1][CONSENSUS][SEALER]++++++++++++++++ Generating seal on,blkNum=6,tx=0,nodeIdx=0,hash=134b7b1c...
info|2019-12-12 01:25:20.049176|[g:1][CONSENSUS][PBFT]checkTimeout Succ,view=49063,toView=49064,nodeIdx=0,changeCycle=0,myNode=19b3f6e2...,timecost=0.534
info|2019-12-12 01:25:20.051557|[g:1][CONSENSUS][PBFT]checkAndChangeView: Reach consensus,org_view=49063,org_changeCycle=0,cur_changeCycle=0,to_view=49064
info|2019-12-12 01:25:21.052735|[g:1][CONSENSUS]addRawPrepare,height=6,reqIdx=1,hash=14f1cc4e...
info|2019-12-12 01:25:21.053369|[g:1][CONSENSUS][PBFT]checkTimeout Succ,view=49064,toView=49065,nodeIdx=0,changeCycle=0,myNode=19b3f6e2...,timecost=0.495
info|2019-12-12 01:25:21.054810|[g:1][CONSENSUS][PBFT]checkAndChangeView: Reach consensus,org_view=49064,org_changeCycle=0,cur_changeCycle=0,to_view=49065
info|2019-12-12 01:25:22.057787|[g:1][CONSENSUS]addRawPrepare,height=6,reqIdx=2,hash=566d1b1f...
info|2019-12-12 01:25:22.058536|[g:1][CONSENSUS][PBFT]checkTimeout Succ,view=49065,toView=49066,nodeIdx=0,changeCycle=0,myNode=19b3f6e2...,timecost=0.597
info|2019-12-12 01:25:22.060060|[g:1][CONSENSUS][PBFT]checkAndChangeView: Reach consensus,org_view=49065,org_changeCycle=0,cur_changeCycle=0,to_view=49066
info|2019-12-12 01:25:23.062387|[g:1][CONSENSUS]addRawPrepare,height=6,reqIdx=3,hash=0f9050de...
info|2019-12-12 01:25:23.063156|[g:1][CONSENSUS][PBFT]checkTimeout Succ,view=49066,toView=49067,nodeIdx=0,changeCycle=0,myNode=19b3f6e2...,timecost=0.662
info|2019-12-12 01:25:23.064881|[g:1][CONSENSUS][PBFT]checkAndChangeView: Reach consensus,org_view=49066,org_changeCycle=0,cur_changeCycle=0,to_view=49067
info|2019-12-12 01:25:24.065425|[g:1][CONSENSUS][SEALER]++++++++++++++++ Generating seal on,blkNum=6,tx=0,nodeIdx=0,hash=fa07c5d0...
info|2019-12-12 01:25:24.068413|[g:1][CONSENSUS][PBFT]checkTimeout Succ,view=49067,toView=49068,nodeIdx=0,changeCycle=0,myNode=19b3f6e2...,timecost=0.497
info|2019-12-12 01:25:24.069833|[g:1][CONSENSUS][PBFT]checkAndChangeView: Reach consensus,org_view=49067,org_changeCycle=0,cur_changeCycle=0,to_view=49068
info|2019-12-12 01:25:25.070825|[g:1][CONSENSUS]addRawPrepare,height=6,reqIdx=1,hash=d41ea23d...
info|2019-12-12 01:25:25.071633|[g:1][CONSENSUS][PBFT]checkTimeout Succ,view=49068,toView=49069,nodeIdx=0,changeCycle=0,myNode=19b3f6e2...,timecost=0.508
info|2019-12-12 01:25:25.073069|[g:1][CONSENSUS][PBFT]checkAndChangeView: Reach consensus,org_view=49068,org_changeCycle=0,cur_changeCycle=0,to_view=49069
info|2019-12-12 01:25:26.074875|[g:1][CONSENSUS]addRawPrepare,height=6,reqIdx=2,hash=96d0952c...
info|2019-12-12 01:25:26.075503|[g:1][CONSENSUS][PBFT]checkTimeout Succ,view=49069,toView=49070,nodeIdx=0,changeCycle=0,myNode=19b3f6e2...,timecost=0.496
info|2019-12-12 01:25:26.077407|[g:1][CONSENSUS][PBFT]checkAndChangeView: Reach consensus,org_view=49069,org_changeCycle=0,cur_changeCycle=0,to_view=49070
info|2019-12-12 01:25:27.080218|[g:1][CONSENSUS]addRawPrepare,height=6,reqIdx=3,hash=cea813fe...
info|2019-12-12 01:25:27.080965|[g:1][CONSENSUS][PBFT]checkTimeout Succ,view=49070,toView=49071,nodeIdx=0,changeCycle=0,myNode=19b3f6e2...,timecost=0.522
info|2019-12-12 01:25:27.082321|[g:1][CONSENSUS][PBFT]checkAndChangeView: Reach consensus,org_view=49070,org_changeCycle=0,cur_changeCycle=0,to_view=49071
info|2019-12-12 01:25:28.082237|[g:1][CONSENSUS][SEALER]++++++++++++++++ Generating seal on,blkNum=6,tx=0,nodeIdx=0,hash=85152f8e...
info|2019-12-12 01:25:28.085271|[g:1][CONSENSUS][PBFT]checkTimeout Succ,view=49071,toView=49072,nodeIdx=0,changeCycle=0,myNode=19b3f6e2...,timecost=0.489
info|2019-12-12 01:25:28.085979|[g:1][CONSENSUS][PBFT]checkAndChangeView: Reach consensus,org_view=49071,org_changeCycle=0,cur_changeCycle=0,to_view=49072
info|2019-12-12 01:25:29.021494|[P2P][Service] heartBeat,connected count=3
info|2019-12-12 01:25:29.087086|[g:1][CONSENSUS]addRawPrepare,height=6,reqIdx=1,hash=9f9abdd8...
info|2019-12-12 01:25:29.088603|[g:1][CONSENSUS][PBFT]checkTimeout Succ,view=49072,toView=49073,nodeIdx=0,changeCycle=0,myNode=19b3f6e2...,timecost=1.377
info|2019-12-12 01:25:29.090069|[g:1][CONSENSUS][PBFT]checkAndChangeView: Reach consensus,org_view=49072,org_changeCycle=0,cur_changeCycle=0,to_view=49073
info|2019-12-12 01:25:30.090614|[g:1][CONSENSUS]addRawPrepare,height=6,reqIdx=2,hash=b125c450...
info|2019-12-12 01:25:30.091275|[g:1][CONSENSUS][PBFT]checkTimeout Succ,view=49073,toView=49074,nodeIdx=0,changeCycle=0,myNode=19b3f6e2...,timecost=0.505
info|2019-12-12 01:25:30.092836|[g:1][CONSENSUS][PBFT]checkAndChangeView: Reach consensus,org_view=49073,org_changeCycle=0,cur_changeCycle=0,to_view=49074
info|2019-12-12 01:25:31.093875|[g:1][CONSENSUS]addRawPrepare,height=6,reqIdx=3,hash=749293ed...
info|2019-12-12 01:25:31.094504|[g:1][CONSENSUS][PBFT]checkTimeout Succ,view=49074,toView=49075,nodeIdx=0,changeCycle=0,myNode=19b3f6e2...,timecost=0.466
info|2019-12-12 01:25:31.095968|[g:1][CONSENSUS][PBFT]checkAndChangeView: Reach consensus,org_view=49074,org_changeCycle=0,cur_changeCycle=0,to_view=49075
info|2019-12-12 01:25:32.095190|[g:1][CONSENSUS][SEALER]++++++++++++++++ Generating seal on,blkNum=6,tx=0,nodeIdx=0,hash=3f8c0fdf...
info|2019-12-12 01:25:32.097868|[g:1][CONSENSUS][PBFT]checkTimeout Succ,view=49075,toView=49076,nodeIdx=0,changeCycle=0,myNode=19b3f6e2...,timecost=0.517
info|2019-12-12 01:25:32.099355|[g:1][CONSENSUS][PBFT]checkAndChangeView: Reach consensus,org_view=49075,org_changeCycle=0,cur_changeCycle=0,to_view=49076
info|2019-12-12 01:25:33.100048|[g:1][CONSENSUS]addRawPrepare,height=6,reqIdx=1,hash=31a08c6c...
info|2019-12-12 01:25:33.100604|[g:1][CONSENSUS][PBFT]checkTimeout Succ,view=49076,toView=49077,nodeIdx=0,changeCycle=0,myNode=19b3f6e2...,timecost=0.441
info|2019-12-12 01:25:33.102110|[g:1][CONSENSUS][PBFT]checkAndChangeView: Reach consensus,org_view=49076,org_changeCycle=0,cur_changeCycle=0,to_view=49077
info|2019-12-12 01:25:34.104262|[g:1][CONSENSUS]addRawPrepare,height=6,reqIdx=2,hash=dceb1611...
info|2019-12-12 01:25:34.105676|[g:1][CONSENSUS][PBFT]checkTimeout Succ,view=49077,toView=49078,nodeIdx=0,changeCycle=0,myNode=19b3f6e2...,timecost=1.216
info|2019-12-12 01:25:34.107320|[g:1][CONSENSUS][PBFT]checkAndChangeView: Reach consensus,org_view=49077,org_changeCycle=0,cur_changeCycle=0,to_view=49078
info|2019-12-12 01:25:35.108082|[g:1][CONSENSUS]addRawPrepare,height=6,reqIdx=3,hash=0bd3e9a1...
info|2019-12-12 01:25:35.108724|[g:1][CONSENSUS][PBFT]checkTimeout Succ,view=49078,toView=49079,nodeIdx=0,changeCycle=0,myNode=19b3f6e2...,timecost=0.516
info|2019-12-12 01:25:35.110380|[g:1][CONSENSUS][PBFT]checkAndChangeView: Reach consensus,org_view=49078,org_changeCycle=0,cur_changeCycle=0,to_view=49079
info|2019-12-12 01:25:36.110553|[g:1][CONSENSUS][SEALER]++++++++++++++++ Generating seal on,blkNum=6,tx=0,nodeIdx=0,hash=4522d43b...
info|2019-12-12 01:25:36.111404|[g:1][CONSENSUS][PBFT]checkTimeout Succ,view=49079,toView=49080,nodeIdx=0,changeCycle=0,myNode=19b3f6e2...,timecost=0.45
info|2019-12-12 01:25:36.113928|[g:1][CONSENSUS][PBFT]checkAndChangeView: Reach consensus,org_view=49079,org_changeCycle=0,cur_changeCycle=0,to_view=49080
info|2019-12-12 01:25:37.116052|[g:1][CONSENSUS]addRawPrepare,height=6,reqIdx=1,hash=52eb7cca...
info|2019-12-12 01:25:37.116971|[g:1][CONSENSUS][PBFT]checkTimeout Succ,view=49080,toView=49081,nodeIdx=0,changeCycle=0,myNode=19b3f6e2...,timecost=0.73
info|2019-12-12 01:25:37.118239|[g:1][CONSENSUS][PBFT]checkAndChangeView: Reach consensus,org_view=49080,org_changeCycle=0,cur_changeCycle=0,to_view=49081
info|2019-12-12 01:25:38.120142|[g:1][CONSENSUS]addRawPrepare,height=6,reqIdx=2,hash=1dfa2547...
info|2019-12-12 01:25:38.120715|[g:1][CONSENSUS][PBFT]checkTimeout Succ,view=49081,toView=49082,nodeIdx=0,changeCycle=0,myNode=19b3f6e2...,timecost=0.422
info|2019-12-12 01:25:38.121914|[g:1][CONSENSUS][PBFT]checkAndChangeView: Reach consensus,org_view=49081,org_changeCycle=0,cur_changeCycle=0,to_view=49082
info|2019-12-12 01:25:39.026284|[P2P][Service] heartBeat,connected count=3
info|2019-12-12 01:25:39.124041|[g:1][CONSENSUS]addRawPrepare,height=6,reqIdx=3,hash=67567a46...
info|2019-12-12 01:25:39.124733|[g:1][CONSENSUS][PBFT]checkTimeout Succ,view=49082,toView=49083,nodeIdx=0,changeCycle=0,myNode=19b3f6e2...,timecost=0.57
info|2019-12-12 01:25:39.125936|[g:1][CONSENSUS][PBFT]checkAndChangeView: Reach consensus,org_view=49082,org_changeCycle=0,cur_changeCycle=0,to_view=49083
info|2019-12-12 01:25:40.126521|[g:1][CONSENSUS][SEALER]++++++++++++++++ Generating seal on,blkNum=6,tx=0,nodeIdx=0,hash=feb38dc5...
info|2019-12-12 01:25:40.127407|[g:1][CONSENSUS][PBFT]checkTimeout Succ,view=49083,toView=49084,nodeIdx=0,changeCycle=0,myNode=19b3f6e2...,timecost=0.449
info|2019-12-12 01:25:40.129721|[g:1][CONSENSUS][PBFT]checkAndChangeView: Reach consensus,org_view=49083,org_changeCycle=0,cur_changeCycle=0,to_view=49084
info|2019-12-12 01:25:41.132104|[g:1][CONSENSUS]addRawPrepare,height=6,reqIdx=1,hash=bddad8f6...
info|2019-12-12 01:25:41.132851|[g:1][CONSENSUS][PBFT]checkTimeout Succ,view=49084,toView=49085,nodeIdx=0,changeCycle=0,myNode=19b3f6e2...,timecost=0.526
info|2019-12-12 01:25:41.134447|[g:1][CONSENSUS][PBFT]checkAndChangeView: Reach consensus,org_view=49084,org_changeCycle=0,cur_changeCycle=0,to_view=49085
info|2019-12-12 01:25:42.136943|[g:1][CONSENSUS]addRawPrepare,height=6,reqIdx=2,hash=bdb65fff...
info|2019-12-12 01:25:42.137603|[g:1][CONSENSUS][PBFT]checkTimeout Succ,view=49085,toView=49086,nodeIdx=0,changeCycle=0,myNode=19b3f6e2...,timecost=0.496
info|2019-12-12 01:25:42.138874|[g:1][CONSENSUS][PBFT]checkAndChangeView: Reach consensus,org_view=49085,org_changeCycle=0,cur_changeCycle=0,to_view=49086
info|2019-12-12 01:25:43.140495|[g:1][CONSENSUS]addRawPrepare,height=6,reqIdx=3,hash=07b82802...
info|2019-12-12 01:25:43.141371|[g:1][CONSENSUS][PBFT]checkTimeout Succ,view=49086,toView=49087,nodeIdx=0,changeCycle=0,myNode=19b3f6e2...,timecost=0.693
info|2019-12-12 01:25:43.142721|[g:1][CONSENSUS][PBFT]checkAndChangeView: Reach consensus,org_view=49086,org_changeCycle=0,cur_changeCycle=0,to_view=49087
info|2019-12-12 01:25:44.143144|[g:1][CONSENSUS][SEALER]++++++++++++++++ Generating seal on,blkNum=6,tx=0,nodeIdx=0,hash=1d4e184b...
info|2019-12-12 01:25:44.146576|[g:1][CONSENSUS][PBFT]checkTimeout Succ,view=49087,toView=49088,nodeIdx=0,changeCycle=0,myNode=19b3f6e2...,timecost=0.432
info|2019-12-12 01:25:44.147297|[g:1][CONSENSUS][PBFT]checkAndChangeView: Reach consensus,org_view=49087,org_changeCycle=0,cur_changeCycle=0,to_view=49088
info|2019-12-12 01:25:45.148222|[g:1][CONSENSUS]addRawPrepare,height=6,reqIdx=1,hash=22a86b50...
info|2019-12-12 01:25:45.148858|[g:1][CONSENSUS][PBFT]checkTimeout Succ,view=49088,toView=49089,nodeIdx=0,changeCycle=0,myNode=19b3f6e2...,timecost=0.456
info|2019-12-12 01:25:45.150140|[g:1][CONSENSUS][PBFT]checkAndChangeView: Reach consensus,org_view=49088,org_changeCycle=0,cur_changeCycle=0,to_view=49089
info|2019-12-12 01:25:46.151340|[g:1][CONSENSUS]addRawPrepare,height=6,reqIdx=2,hash=130108e5...
info|2019-12-12 01:25:46.152035|[g:1][CONSENSUS][PBFT]checkTimeout Succ,view=49089,toView=49090,nodeIdx=0,changeCycle=0,myNode=19b3f6e2...,timecost=0.555
info|2019-12-12 01:25:46.153407|[g:1][CONSENSUS][PBFT]checkAndChangeView: Reach consensus,org_view=49089,org_changeCycle=0,cur_changeCycle=0,to_view=49090
info|2019-12-12 01:25:47.154586|[g:1][CONSENSUS]addRawPrepare,height=6,reqIdx=3,hash=2ce530dd...
info|2019-12-12 01:25:47.155218|[g:1][CONSENSUS][PBFT]checkTimeout Succ,view=49090,toView=49091,nodeIdx=0,changeCycle=0,myNode=19b3f6e2...,timecost=0.473
info|2019-12-12 01:25:47.156508|[g:1][CONSENSUS][PBFT]checkAndChangeView: Reach consensus,org_view=49090,org_changeCycle=0,cur_changeCycle=0,to_view=49091
info|2019-12-12 01:25:48.156452|[g:1][CONSENSUS][SEALER]++++++++++++++++ Generating seal on,blkNum=6,tx=0,nodeIdx=0,hash=1b349170...
info|2019-12-12 01:25:48.159319|[g:1][CONSENSUS][PBFT]checkTimeout Succ,view=49091,toView=49092,nodeIdx=0,changeCycle=0,myNode=19b3f6e2...,timecost=0.408
info|2019-12-12 01:25:48.159921|[g:1][CONSENSUS][PBFT]checkAndChangeView: Reach consensus,org_view=49091,org_changeCycle=0,cur_changeCycle=0,to_view=49092
info|2019-12-12 01:25:49.032943|[P2P][Service] heartBeat,connected count=3
info|2019-12-12 01:25:49.161592|[g:1][CONSENSUS]addRawPrepare,height=6,reqIdx=1,hash=87e68a3b...
info|2019-12-12 01:25:49.162162|[g:1][CONSENSUS][PBFT]checkTimeout Succ,view=49092,toView=49093,nodeIdx=0,changeCycle=0,myNode=19b3f6e2...,timecost=0.405
info|2019-12-12 01:25:49.167351|[g:1][CONSENSUS][PBFT]checkAndChangeView: Reach consensus,org_view=49092,org_changeCycle=0,cur_changeCycle=0,to_view=49093
info|2019-12-12 01:25:50.168456|[g:1][CONSENSUS]addRawPrepare,height=6,reqIdx=2,hash=b0989cd4...
info|2019-12-12 01:25:50.169121|[g:1][CONSENSUS][PBFT]checkTimeout Succ,view=49093,toView=49094,nodeIdx=0,changeCycle=0,myNode=19b3f6e2...,timecost=0.547
info|2019-12-12 01:25:50.170881|[g:1][CONSENSUS][PBFT]checkAndChangeView: Reach consensus,org_view=49093,org_changeCycle=0,cur_changeCycle=0,to_view=49094
info|2019-12-12 01:25:51.171164|[g:1][CONSENSUS]addRawPrepare,height=6,reqIdx=3,hash=89e5e47c...
info|2019-12-12 01:25:51.171587|[g:1][CONSENSUS][PBFT]checkTimeout Succ,view=49094,toView=49095,nodeIdx=0,changeCycle=0,myNode=19b3f6e2...,timecost=0.334
info|2019-12-12 01:25:51.172776|[g:1][CONSENSUS][PBFT]checkAndChangeView: Reach consensus,org_view=49094,org_changeCycle=0,cur_changeCycle=0,to_view=49095
info|2019-12-12 01:25:52.172862|[g:1][CONSENSUS][SEALER]++++++++++++++++ Generating seal on,blkNum=6,tx=0,nodeIdx=0,hash=0796b9cc...
info|2019-12-12 01:25:52.173652|[g:1][CONSENSUS][PBFT]checkTimeout Succ,view=49095,toView=49096,nodeIdx=0,changeCycle=0,myNode=19b3f6e2...,timecost=0.411
info|2019-12-12 01:25:52.176717|[g:1][CONSENSUS][PBFT]checkAndChangeView: Reach consensus,org_view=49095,org_changeCycle=0,cur_changeCycle=0,to_view=49096
info|2019-12-12 01:25:53.177475|[g:1][CONSENSUS]addRawPrepare,height=6,reqIdx=1,hash=b598282d...
info|2019-12-12 01:25:53.178124|[g:1][CONSENSUS][PBFT]checkTimeout Succ,view=49096,toView=49097,nodeIdx=0,changeCycle=0,myNode=19b3f6e2...,timecost=0.5
info|2019-12-12 01:25:53.179684|[g:1][CONSENSUS][PBFT]checkAndChangeView: Reach consensus,org_view=49096,org_changeCycle=0,cur_changeCycle=0,to_view=49097
info|2019-12-12 01:25:54.181487|[g:1][CONSENSUS]addRawPrepare,height=6,reqIdx=2,hash=4a4e0d03...
info|2019-12-12 01:25:54.182484|[g:1][CONSENSUS][PBFT]checkTimeout Succ,view=49097,toView=49098,nodeIdx=0,changeCycle=0,myNode=19b3f6e2...,timecost=0.876
info|2019-12-12 01:25:54.184298|[g:1][CONSENSUS][PBFT]checkAndChangeView: Reach consensus,org_view=49097,org_changeCycle=0,cur_changeCycle=0,to_view=49098
info|2019-12-12 01:25:55.186025|[g:1][CONSENSUS]addRawPrepare,height=6,reqIdx=3,hash=5d059aa2...
info|2019-12-12 01:25:55.186589|[g:1][CONSENSUS][PBFT]checkTimeout Succ,view=49098,toView=49099,nodeIdx=0,changeCycle=0,myNode=19b3f6e2...,timecost=0.437
info|2019-12-12 01:25:55.188324|[g:1][CONSENSUS][PBFT]checkAndChangeView: Reach consensus,org_view=49098,org_changeCycle=0,cur_changeCycle=0,to_view=49099
info|2019-12-12 01:25:56.189099|[g:1][CONSENSUS][SEALER]++++++++++++++++ Generating seal on,blkNum=6,tx=0,nodeIdx=0,hash=b2d335a8...
info|2019-12-12 01:25:56.189897|[g:1][CONSENSUS][PBFT]checkTimeout Succ,view=49099,toView=49100,nodeIdx=0,changeCycle=0,myNode=19b3f6e2...,timecost=0.387
info|2019-12-12 01:25:56.192559|[g:1][CONSENSUS][PBFT]checkAndChangeView: Reach consensus,org_view=49099,org_changeCycle=0,cur_changeCycle=0,to_view=49100
info|2019-12-12 01:25:57.193865|[g:1][CONSENSUS]addRawPrepare,height=6,reqIdx=1,hash=7d270285...
info|2019-12-12 01:25:57.194484|[g:1][CONSENSUS][PBFT]checkTimeout Succ,view=49100,toView=49101,nodeIdx=0,changeCycle=0,myNode=19b3f6e2...,timecost=0.49
info|2019-12-12 01:25:57.195946|[g:1][CONSENSUS][PBFT]checkAndChangeView: Reach consensus,org_view=49100,org_changeCycle=0,cur_changeCycle=0,to_view=49101
info|2019-12-12 01:25:58.197468|[g:1][CONSENSUS]addRawPrepare,height=6,reqIdx=2,hash=742131db...
info|2019-12-12 01:25:58.198134|[g:1][CONSENSUS][PBFT]checkTimeout Succ,view=49101,toView=49102,nodeIdx=0,changeCycle=0,myNode=19b3f6e2...,timecost=0.544
info|2019-12-12 01:25:58.199653|[g:1][CONSENSUS][PBFT]checkAndChangeView: Reach consensus,org_view=49101,org_changeCycle=0,cur_changeCycle=0,to_view=49102
info|2019-12-12 01:25:59.039103|[P2P][Service] heartBeat,connected count=3
info|2019-12-12 01:25:59.201248|[g:1][CONSENSUS]addRawPrepare,height=6,reqIdx=3,hash=b346cae8...
info|2019-12-12 01:25:59.202626|[g:1][CONSENSUS][PBFT]checkTimeout Succ,view=49102,toView=49103,nodeIdx=0,changeCycle=0,myNode=19b3f6e2...,timecost=1.2
info|2019-12-12 01:25:59.204170|[g:1][CONSENSUS][PBFT]checkAndChangeView: Reach consensus,org_view=49102,org_changeCycle=0,cur_changeCycle=0,to_view=49103
info|2019-12-12 01:26:00.204370|[g:1][CONSENSUS][SEALER]++++++++++++++++ Generating seal on,blkNum=6,tx=0,nodeIdx=0,hash=e07579ca...
info|2019-12-12 01:26:00.205217|[g:1][CONSENSUS][PBFT]checkTimeout Succ,view=49103,toView=49104,nodeIdx=0,changeCycle=0,myNode=19b3f6e2...,timecost=0.413
info|2019-12-12 01:26:00.207723|[g:1][CONSENSUS][PBFT]checkAndChangeView: Reach consensus,org_view=49103,org_changeCycle=0,cur_changeCycle=0,to_view=49104
info|2019-12-12 01:26:01.209657|[g:1][CONSENSUS]addRawPrepare,height=6,reqIdx=1,hash=ab0a7d89...
info|2019-12-12 01:26:01.210269|[g:1][CONSENSUS][PBFT]checkTimeout Succ,view=49104,toView=49105,nodeIdx=0,changeCycle=0,myNode=19b3f6e2...,timecost=0.507
info|2019-12-12 01:26:01.211522|[g:1][CONSENSUS][PBFT]checkAndChangeView: Reach consensus,org_view=49104,org_changeCycle=0,cur_changeCycle=0,to_view=49105
