warning|2019-12-12 14:08:29.004567|[g:1][CONSENSUS][PBFT]ViewChangeWarning: not caused by omit empty block ,v=58549,toV=58550,curNum=5,hash=a9fec021...,nodeIdx=0,myNode=19b3f6e2...
info|2019-12-12 14:08:29.006715|[g:1][CONSENSUS][PBFT]checkTimeout Succ,view=58549,toView=58550,nodeIdx=0,changeCycle=1,myNode=19b3f6e2...,timecost=5.197
info|2019-12-12 14:08:29.007540|[P2P][Service] heartBeat,connected count=3
info|2019-12-12 14:08:29.010299|[g:1][CONSENSUS][PBFT]checkAndChangeView: Reach consensus,org_view=58549,org_changeCycle=1,cur_changeCycle=1,to_view=58550
info|2019-12-12 14:08:30.010605|[g:1][CONSENSUS]addRawPrepare,height=6,reqIdx=3,hash=c0faf526...
info|2019-12-12 14:08:30.011153|[g:1][CONSENSUS][PBFT]checkTimeout Succ,view=58550,toView=58551,nodeIdx=0,changeCycle=0,myNode=19b3f6e2...,timecost=0.42
info|2019-12-12 14:08:30.012413|[g:1][CONSENSUS][PBFT]checkAndChangeView: Reach consensus,org_view=58550,org_changeCycle=0,cur_changeCycle=0,to_view=58551
info|2019-12-12 14:08:31.013491|[g:1][CONSENSUS][SEALER]++++++++++++++++ Generating seal on,blkNum=6,tx=0,nodeIdx=0,hash=c13d6653...
info|2019-12-12 14:08:31.014444|[g:1][CONSENSUS][PBFT]checkTimeout Succ,view=58551,toView=58552,nodeIdx=0,changeCycle=0,myNode=19b3f6e2...,timecost=0.504
info|2019-12-12 14:08:31.016588|[g:1][CONSENSUS][PBFT]checkAndChangeView: Reach consensus,org_view=58551,org_changeCycle=0,cur_changeCycle=0,to_view=58552
info|2019-12-12 14:08:32.018177|[g:1][CONSENSUS]addRawPrepare,height=6,reqIdx=1,hash=f5d2019d...
info|2019-12-12 14:08:32.018696|[g:1][CONSENSUS][PBFT]checkTimeout Succ,view=58552,toView=58553,nodeIdx=0,changeCycle=0,myNode=19b3f6e2...,timecost=0.396
info|2019-12-12 14:08:32.020085|[g:1][CONSENSUS][PBFT]checkAndChangeView: Reach consensus,org_view=58552,org_changeCycle=0,cur_changeCycle=0,to_view=58553
info|2019-12-12 14:08:33.021269|[g:1][CONSENSUS]addRawPrepare,height=6,reqIdx=2,hash=87c6ad54...
info|2019-12-12 14:08:33.021917|[g:1][CONSENSUS][PBFT]checkTimeout Succ,view=58553,toView=58554,nodeIdx=0,changeCycle=0,myNode=19b3f6e2...,timecost=0.494
info|2019-12-12 14:08:33.023416|[g:1][CONSENSUS][PBFT]checkAndChangeView: Reach consensus,org_view=58553,org_changeCycle=0,cur_changeCycle=0,to_view=58554
info|2019-12-12 14:08:34.024767|[g:1][CONSENSUS]addRawPrepare,height=6,reqIdx=3,hash=47460e1e...
info|2019-12-12 14:08:34.026052|[g:1][CONSENSUS][PBFT]checkTimeout Succ,view=58554,toView=58555,nodeIdx=0,changeCycle=0,myNode=19b3f6e2...,timecost=1.162
info|2019-12-12 14:08:34.027499|[g:1][CONSENSUS][PBFT]checkAndChangeView: Reach consensus,org_view=58554,org_changeCycle=0,cur_changeCycle=0,to_view=58555
info|2019-12-12 14:08:35.029420|[g:1][CONSENSUS][SEALER]++++++++++++++++ Generating seal on,blkNum=6,tx=0,nodeIdx=0,hash=f199e008...
info|2019-12-12 14:08:35.030297|[g:1][CONSENSUS][PBFT]checkTimeout Succ,view=58555,toView=58556,nodeIdx=0,changeCycle=0,myNode=19b3f6e2...,timecost=0.422
info|2019-12-12 14:08:35.032622|[g:1][CONSENSUS][PBFT]checkAndChangeView: Reach consensus,org_view=58555,org_changeCycle=0,cur_changeCycle=0,to_view=58556
info|2019-12-12 14:08:36.033958|[g:1][CONSENSUS]addRawPrepare,height=6,reqIdx=1,hash=d76f41a1...
info|2019-12-12 14:08:36.034441|[g:1][CONSENSUS][PBFT]checkTimeout Succ,view=58556,toView=58557,nodeIdx=0,changeCycle=0,myNode=19b3f6e2...,timecost=0.356
info|2019-12-12 14:08:36.035687|[g:1][CONSENSUS][PBFT]checkAndChangeView: Reach consensus,org_view=58556,org_changeCycle=0,cur_changeCycle=0,to_view=58557
info|2019-12-12 14:08:37.038305|[g:1][CONSENSUS]addRawPrepare,height=6,reqIdx=2,hash=28a8c23b...
info|2019-12-12 14:08:37.038768|[g:1][CONSENSUS][PBFT]checkTimeout Succ,view=58557,toView=58558,nodeIdx=0,changeCycle=0,myNode=19b3f6e2...,timecost=0.333
info|2019-12-12 14:08:37.040014|[g:1][CONSENSUS][PBFT]checkAndChangeView: Reach consensus,org_view=58557,org_changeCycle=0,cur_changeCycle=0,to_view=58558
info|2019-12-12 14:08:38.041174|[g:1][CONSENSUS]addRawPrepare,height=6,reqIdx=3,hash=8c662d1b...
info|2019-12-12 14:08:38.041851|[g:1][CONSENSUS][PBFT]checkTimeout Succ,view=58558,toView=58559,nodeIdx=0,changeCycle=0,myNode=19b3f6e2...,timecost=0.456
info|2019-12-12 14:08:38.043381|[g:1][CONSENSUS][PBFT]checkAndChangeView: Reach consensus,org_view=58558,org_changeCycle=0,cur_changeCycle=0,to_view=58559
info|2019-12-12 14:08:39.012964|[P2P][Service] heartBeat,connected count=3
info|2019-12-12 14:08:39.043463|[g:1][CONSENSUS][SEALER]++++++++++++++++ Generating seal on,blkNum=6,tx=0,nodeIdx=0,hash=2504d2cf...
info|2019-12-12 14:08:39.044490|[g:1][CONSENSUS][PBFT]checkTimeout Succ,view=58559,toView=58560,nodeIdx=0,changeCycle=0,myNode=19b3f6e2...,timecost=0.613
info|2019-12-12 14:08:39.047253|[g:1][CONSENSUS][PBFT]checkAndChangeView: Reach consensus,org_view=58559,org_changeCycle=0,cur_changeCycle=0,to_view=58560
info|2019-12-12 14:08:40.049386|[g:1][CONSENSUS]addRawPrepare,height=6,reqIdx=1,hash=fedd02b2...
info|2019-12-12 14:08:40.049925|[g:1][CONSENSUS][PBFT]checkTimeout Succ,view=58560,toView=58561,nodeIdx=0,changeCycle=0,myNode=19b3f6e2...,timecost=0.427
info|2019-12-12 14:08:40.051548|[g:1][CONSENSUS][PBFT]checkAndChangeView: Reach consensus,org_view=58560,org_changeCycle=0,cur_changeCycle=0,to_view=58561
info|2019-12-12 14:08:41.054019|[g:1][CONSENSUS]addRawPrepare,height=6,reqIdx=2,hash=fa05299e...
info|2019-12-12 14:08:41.054649|[g:1][CONSENSUS][PBFT]checkTimeout Succ,view=58561,toView=58562,nodeIdx=0,changeCycle=0,myNode=19b3f6e2...,timecost=0.506
info|2019-12-12 14:08:41.055976|[g:1][CONSENSUS][PBFT]checkAndChangeView: Reach consensus,org_view=58561,org_changeCycle=0,cur_changeCycle=0,to_view=58562
info|2019-12-12 14:08:42.058431|[g:1][CONSENSUS]addRawPrepare,height=6,reqIdx=3,hash=88cdb49d...
info|2019-12-12 14:08:42.059043|[g:1][CONSENSUS][PBFT]checkTimeout Succ,view=58562,toView=58563,nodeIdx=0,changeCycle=0,myNode=19b3f6e2...,timecost=0.445
info|2019-12-12 14:08:42.060611|[g:1][CONSENSUS][PBFT]checkAndChangeView: Reach consensus,org_view=58562,org_changeCycle=0,cur_changeCycle=0,to_view=58563
info|2019-12-12 14:08:43.061479|[g:1][CONSENSUS][SEALER]++++++++++++++++ Generating seal on,blkNum=6,tx=0,nodeIdx=0,hash=baa6cd6d...
info|2019-12-12 14:08:43.064169|[g:1][CONSENSUS][PBFT]checkTimeout Succ,view=58563,toView=58564,nodeIdx=0,changeCycle=0,myNode=19b3f6e2...,timecost=0.471
info|2019-12-12 14:08:43.065666|[g:1][CONSENSUS][PBFT]checkAndChangeView: Reach consensus,org_view=58563,org_changeCycle=0,cur_changeCycle=0,to_view=58564
info|2019-12-12 14:08:44.067861|[g:1][CONSENSUS]addRawPrepare,height=6,reqIdx=1,hash=1db58cbf...
info|2019-12-12 14:08:44.069031|[g:1][CONSENSUS][PBFT]checkTimeout Succ,view=58564,toView=58565,nodeIdx=0,changeCycle=0,myNode=19b3f6e2...,timecost=0.988
info|2019-12-12 14:08:44.070386|[g:1][CONSENSUS][PBFT]checkAndChangeView: Reach consensus,org_view=58564,org_changeCycle=0,cur_changeCycle=0,to_view=58565
info|2019-12-12 14:08:45.071097|[g:1][CONSENSUS]addRawPrepare,height=6,reqIdx=2,hash=f502ee71...
info|2019-12-12 14:08:45.071714|[g:1][CONSENSUS][PBFT]checkTimeout Succ,view=58565,toView=58566,nodeIdx=0,changeCycle=0,myNode=19b3f6e2...,timecost=0.488
info|2019-12-12 14:08:45.073371|[g:1][CONSENSUS][PBFT]checkAndChangeView: Reach consensus,org_view=58565,org_changeCycle=0,cur_changeCycle=0,to_view=58566
info|2019-12-12 14:08:46.074887|[g:1][CONSENSUS]addRawPrepare,height=6,reqIdx=3,hash=b90f2754...
info|2019-12-12 14:08:46.075532|[g:1][CONSENSUS][PBFT]checkTimeout Succ,view=58566,toView=58567,nodeIdx=0,changeCycle=0,myNode=19b3f6e2...,timecost=0.472
info|2019-12-12 14:08:46.077114|[g:1][CONSENSUS][PBFT]checkAndChangeView: Reach consensus,org_view=58566,org_changeCycle=0,cur_changeCycle=0,to_view=58567
info|2019-12-12 14:08:47.078577|[g:1][CONSENSUS][SEALER]++++++++++++++++ Generating seal on,blkNum=6,tx=0,nodeIdx=0,hash=15b1cb77...
info|2019-12-12 14:08:47.079463|[g:1][CONSENSUS][PBFT]checkTimeout Succ,view=58567,toView=58568,nodeIdx=0,changeCycle=0,myNode=19b3f6e2...,timecost=0.432
info|2019-12-12 14:08:47.082179|[g:1][CONSENSUS][PBFT]checkAndChangeView: Reach consensus,org_view=58567,org_changeCycle=0,cur_changeCycle=0,to_view=58568
info|2019-12-12 14:08:48.082700|[g:1][CONSENSUS]addRawPrepare,height=6,reqIdx=1,hash=14b5dea6...
info|2019-12-12 14:08:48.083352|[g:1][CONSENSUS][PBFT]checkTimeout Succ,view=58568,toView=58569,nodeIdx=0,changeCycle=0,myNode=19b3f6e2...,timecost=0.522
info|2019-12-12 14:08:48.084980|[g:1][CONSENSUS][PBFT]checkAndChangeView: Reach consensus,org_view=58568,org_changeCycle=0,cur_changeCycle=0,to_view=58569
info|2019-12-12 14:08:49.022001|[P2P][Service] heartBeat,connected count=3
info|2019-12-12 14:08:49.086981|[g:1][CONSENSUS]addRawPrepare,height=6,reqIdx=2,hash=398adf00...
info|2019-12-12 14:08:49.087618|[g:1][CONSENSUS][PBFT]checkTimeout Succ,view=58569,toView=58570,nodeIdx=0,changeCycle=0,myNode=19b3f6e2...,timecost=0.48
info|2019-12-12 14:08:49.089383|[g:1][CONSENSUS][PBFT]checkAndChangeView: Reach consensus,org_view=58569,org_changeCycle=0,cur_changeCycle=0,to_view=58570
info|2019-12-12 14:08:50.091188|[g:1][CONSENSUS]addRawPrepare,height=6,reqIdx=3,hash=d83c84bf...
info|2019-12-12 14:08:50.091898|[g:1][CONSENSUS][PBFT]checkTimeout Succ,view=58570,toView=58571,nodeIdx=0,changeCycle=0,myNode=19b3f6e2...,timecost=0.42
info|2019-12-12 14:08:50.093640|[g:1][CONSENSUS][PBFT]checkAndChangeView: Reach consensus,org_view=58570,org_changeCycle=0,cur_changeCycle=0,to_view=58571
info|2019-12-12 14:08:51.093555|[g:1][CONSENSUS][SEALER]++++++++++++++++ Generating seal on,blkNum=6,tx=0,nodeIdx=0,hash=cae54f3e...
info|2019-12-12 14:08:51.096110|[g:1][CONSENSUS][PBFT]checkTimeout Succ,view=58571,toView=58572,nodeIdx=0,changeCycle=0,myNode=19b3f6e2...,timecost=0.512
info|2019-12-12 14:08:51.097407|[g:1][CONSENSUS][PBFT]checkAndChangeView: Reach consensus,org_view=58571,org_changeCycle=0,cur_changeCycle=0,to_view=58572
info|2019-12-12 14:08:52.097827|[g:1][CONSENSUS]addRawPrepare,height=6,reqIdx=1,hash=09138373...
info|2019-12-12 14:08:52.098686|[g:1][CONSENSUS][PBFT]checkTimeout Succ,view=58572,toView=58573,nodeIdx=0,changeCycle=0,myNode=19b3f6e2...,timecost=0.697
info|2019-12-12 14:08:52.100205|[g:1][CONSENSUS][PBFT]checkAndChangeView: Reach consensus,org_view=58572,org_changeCycle=0,cur_changeCycle=0,to_view=58573
info|2019-12-12 14:08:53.101451|[g:1][CONSENSUS]addRawPrepare,height=6,reqIdx=2,hash=5dfcbb80...
info|2019-12-12 14:08:53.102094|[g:1][CONSENSUS][PBFT]checkTimeout Succ,view=58573,toView=58574,nodeIdx=0,changeCycle=0,myNode=19b3f6e2...,timecost=0.522
info|2019-12-12 14:08:53.103713|[g:1][CONSENSUS][PBFT]checkAndChangeView: Reach consensus,org_view=58573,org_changeCycle=0,cur_changeCycle=0,to_view=58574
info|2019-12-12 14:08:54.105713|[g:1][CONSENSUS]addRawPrepare,height=6,reqIdx=3,hash=43309691...
info|2019-12-12 14:08:54.106649|[g:1][CONSENSUS][PBFT]checkTimeout Succ,view=58574,toView=58575,nodeIdx=0,changeCycle=0,myNode=19b3f6e2...,timecost=0.786
info|2019-12-12 14:08:54.107890|[g:1][CONSENSUS][PBFT]checkAndChangeView: Reach consensus,org_view=58574,org_changeCycle=0,cur_changeCycle=0,to_view=58575
info|2019-12-12 14:08:55.108702|[g:1][CONSENSUS][SEALER]++++++++++++++++ Generating seal on,blkNum=6,tx=0,nodeIdx=0,hash=d4c0cfaa...
info|2019-12-12 14:08:55.109676|[g:1][CONSENSUS][PBFT]checkTimeout Succ,view=58575,toView=58576,nodeIdx=0,changeCycle=0,myNode=19b3f6e2...,timecost=0.504
info|2019-12-12 14:08:55.112116|[g:1][CONSENSUS][PBFT]checkAndChangeView: Reach consensus,org_view=58575,org_changeCycle=0,cur_changeCycle=0,to_view=58576
info|2019-12-12 14:08:56.114284|[g:1][CONSENSUS]addRawPrepare,height=6,reqIdx=1,hash=5109d78e...
info|2019-12-12 14:08:56.114897|[g:1][CONSENSUS][PBFT]checkTimeout Succ,view=58576,toView=58577,nodeIdx=0,changeCycle=0,myNode=19b3f6e2...,timecost=0.47
info|2019-12-12 14:08:56.116186|[g:1][CONSENSUS][PBFT]checkAndChangeView: Reach consensus,org_view=58576,org_changeCycle=0,cur_changeCycle=0,to_view=58577
info|2019-12-12 14:08:57.119064|[g:1][CONSENSUS]addRawPrepare,height=6,reqIdx=2,hash=dc457208...
info|2019-12-12 14:08:57.119695|[g:1][CONSENSUS][PBFT]checkTimeout Succ,view=58577,toView=58578,nodeIdx=0,changeCycle=0,myNode=19b3f6e2...,timecost=0.507
info|2019-12-12 14:08:57.121312|[g:1][CONSENSUS][PBFT]checkAndChangeView: Reach consensus,org_view=58577,org_changeCycle=0,cur_changeCycle=0,to_view=58578
info|2019-12-12 14:08:58.122480|[g:1][CONSENSUS]addRawPrepare,height=6,reqIdx=3,hash=148f77cf...
info|2019-12-12 14:08:58.123074|[g:1][CONSENSUS][PBFT]checkTimeout Succ,view=58578,toView=58579,nodeIdx=0,changeCycle=0,myNode=19b3f6e2...,timecost=0.443
info|2019-12-12 14:08:58.126989|[g:1][CONSENSUS][PBFT]checkAndChangeView: Reach consensus,org_view=58578,org_changeCycle=0,cur_changeCycle=0,to_view=58579
info|2019-12-12 14:08:59.028374|[P2P][Service] heartBeat,connected count=3
info|2019-12-12 14:08:59.127236|[g:1][CONSENSUS][SEALER]++++++++++++++++ Generating seal on,blkNum=6,tx=0,nodeIdx=0,hash=78716e4d...
info|2019-12-12 14:08:59.127935|[g:1][CONSENSUS][PBFT]checkTimeout Succ,view=58579,toView=58580,nodeIdx=0,changeCycle=0,myNode=19b3f6e2...,timecost=0.318
info|2019-12-12 14:08:59.129997|[g:1][CONSENSUS][PBFT]checkAndChangeView: Reach consensus,org_view=58579,org_changeCycle=0,cur_changeCycle=0,to_view=58580
info|2019-12-12 14:09:00.131269|[g:1][CONSENSUS]addRawPrepare,height=6,reqIdx=1,hash=1468bc2b...
info|2019-12-12 14:09:00.131936|[g:1][CONSENSUS][PBFT]checkTimeout Succ,view=58580,toView=58581,nodeIdx=0,changeCycle=0,myNode=19b3f6e2...,timecost=0.525
info|2019-12-12 14:09:00.133542|[g:1][CONSENSUS][PBFT]checkAndChangeView: Reach consensus,org_view=58580,org_changeCycle=0,cur_changeCycle=0,to_view=58581
info|2019-12-12 14:09:01.135290|[g:1][CONSENSUS]addRawPrepare,height=6,reqIdx=2,hash=97e8ae3a...
info|2019-12-12 14:09:01.136011|[g:1][CONSENSUS][PBFT]checkTimeout Succ,view=58581,toView=58582,nodeIdx=0,changeCycle=0,myNode=19b3f6e2...,timecost=0.568
info|2019-12-12 14:09:01.137621|[g:1][CONSENSUS][PBFT]checkAndChangeView: Reach consensus,org_view=58581,org_changeCycle=0,cur_changeCycle=0,to_view=58582
info|2019-12-12 14:09:02.139342|[g:1][CONSENSUS]addRawPrepare,height=6,reqIdx=3,hash=6a520b55...
info|2019-12-12 14:09:02.140016|[g:1][CONSENSUS][PBFT]checkTimeout Succ,view=58582,toView=58583,nodeIdx=0,changeCycle=0,myNode=19b3f6e2...,timecost=0.492
info|2019-12-12 14:09:02.141869|[g:1][CONSENSUS][PBFT]checkAndChangeView: Reach consensus,org_view=58582,org_changeCycle=0,cur_changeCycle=0,to_view=58583
info|2019-12-12 14:09:03.141570|[g:1][CONSENSUS][SEALER]++++++++++++++++ Generating seal on,blkNum=6,tx=0,nodeIdx=0,hash=6f087839...
info|2019-12-12 14:09:03.144884|[g:1][CONSENSUS][PBFT]checkTimeout Succ,view=58583,toView=58584,nodeIdx=0,changeCycle=0,myNode=19b3f6e2...,timecost=0.483
info|2019-12-12 14:09:03.145813|[g:1][CONSENSUS][PBFT]checkAndChangeView: Reach consensus,org_view=58583,org_changeCycle=0,cur_changeCycle=0,to_view=58584
info|2019-12-12 14:09:04.147004|[g:1][CONSENSUS]addRawPrepare,height=6,reqIdx=1,hash=5c992f8d...
info|2019-12-12 14:09:04.147731|[g:1][CONSENSUS][PBFT]checkTimeout Succ,view=58584,toView=58585,nodeIdx=0,changeCycle=0,myNode=19b3f6e2...,timecost=0.598
info|2019-12-12 14:09:04.149710|[g:1][CONSENSUS][PBFT]checkAndChangeView: Reach consensus,org_view=58584,org_changeCycle=0,cur_changeCycle=0,to_view=58585
info|2019-12-12 14:09:05.151995|[g:1][CONSENSUS]addRawPrepare,height=6,reqIdx=2,hash=0a67c419...
info|2019-12-12 14:09:05.152642|[g:1][CONSENSUS][PBFT]checkTimeout Succ,view=58585,toView=58586,nodeIdx=0,changeCycle=0,myNode=19b3f6e2...,timecost=0.511
info|2019-12-12 14:09:05.154503|[g:1][CONSENSUS][PBFT]checkAndChangeView: Reach consensus,org_view=58585,org_changeCycle=0,cur_changeCycle=0,to_view=58586
info|2019-12-12 14:09:06.156144|[g:1][CONSENSUS]addRawPrepare,height=6,reqIdx=3,hash=52000fc7...
info|2019-12-12 14:09:06.156830|[g:1][CONSENSUS][PBFT]checkTimeout Succ,view=58586,toView=58587,nodeIdx=0,changeCycle=0,myNode=19b3f6e2...,timecost=0.524
info|2019-12-12 14:09:06.158226|[g:1][CONSENSUS][PBFT]checkAndChangeView: Reach consensus,org_view=58586,org_changeCycle=0,cur_changeCycle=0,to_view=58587
info|2019-12-12 14:09:07.158958|[g:1][CONSENSUS][SEALER]++++++++++++++++ Generating seal on,blkNum=6,tx=0,nodeIdx=0,hash=ed8201aa...
info|2019-12-12 14:09:07.159928|[g:1][CONSENSUS][PBFT]checkTimeout Succ,view=58587,toView=58588,nodeIdx=0,changeCycle=0,myNode=19b3f6e2...,timecost=0.52
info|2019-12-12 14:09:07.162278|[g:1][CONSENSUS][PBFT]checkAndChangeView: Reach consensus,org_view=58587,org_changeCycle=0,cur_changeCycle=0,to_view=58588
info|2019-12-12 14:09:08.164906|[g:1][CONSENSUS]addRawPrepare,height=6,reqIdx=1,hash=db32d8c8...
info|2019-12-12 14:09:08.165748|[g:1][CONSENSUS][PBFT]checkTimeout Succ,view=58588,toView=58589,nodeIdx=0,changeCycle=0,myNode=19b3f6e2...,timecost=0.607
info|2019-12-12 14:09:08.167290|[g:1][CONSENSUS][PBFT]checkAndChangeView: Reach consensus,org_view=58588,org_changeCycle=0,cur_changeCycle=0,to_view=58589
info|2019-12-12 14:09:09.035174|[P2P][Service] heartBeat,connected count=3
info|2019-12-12 14:09:09.169818|[g:1][CONSENSUS]addRawPrepare,height=6,reqIdx=2,hash=4f7dfd76...
info|2019-12-12 14:09:09.170616|[g:1][CONSENSUS][PBFT]checkTimeout Succ,view=58589,toView=58590,nodeIdx=0,changeCycle=0,myNode=19b3f6e2...,timecost=0.674
info|2019-12-12 14:09:09.172687|[g:1][CONSENSUS][PBFT]checkAndChangeView: Reach consensus,org_view=58589,org_changeCycle=0,cur_changeCycle=0,to_view=58590
info|2019-12-12 14:09:10.175007|[g:1][CONSENSUS]addRawPrepare,height=6,reqIdx=3,hash=b88fff71...
info|2019-12-12 14:09:10.175629|[g:1][CONSENSUS][PBFT]checkTimeout Succ,view=58590,toView=58591,nodeIdx=0,changeCycle=0,myNode=19b3f6e2...,timecost=0.443
info|2019-12-12 14:09:10.177165|[g:1][CONSENSUS][PBFT]checkAndChangeView: Reach consensus,org_view=58590,org_changeCycle=0,cur_changeCycle=0,to_view=58591
info|2019-12-12 14:09:11.178244|[g:1][CONSENSUS][SEALER]++++++++++++++++ Generating seal on,blkNum=6,tx=0,nodeIdx=0,hash=ec3248b8...
info|2019-12-12 14:09:11.181080|[g:1][CONSENSUS][PBFT]checkTimeout Succ,view=58591,toView=58592,nodeIdx=0,changeCycle=0,myNode=19b3f6e2...,timecost=0.573
info|2019-12-12 14:09:11.182816|[g:1][CONSENSUS][PBFT]checkAndChangeView: Reach consensus,org_view=58591,org_changeCycle=0,cur_changeCycle=0,to_view=58592
info|2019-12-12 14:09:12.184080|[g:1][CONSENSUS]addRawPrepare,height=6,reqIdx=1,hash=2b080834...
info|2019-12-12 14:09:12.184623|[g:1][CONSENSUS][PBFT]checkTimeout Succ,view=58592,toView=58593,nodeIdx=0,changeCycle=0,myNode=19b3f6e2...,timecost=0.405
info|2019-12-12 14:09:12.186362|[g:1][CONSENSUS][PBFT]checkAndChangeView: Reach consensus,org_view=58592,org_changeCycle=0,cur_changeCycle=0,to_view=58593
info|2019-12-12 14:09:13.188909|[g:1][CONSENSUS]addRawPrepare,height=6,reqIdx=2,hash=b26aafae...
info|2019-12-12 14:09:13.189642|[g:1][CONSENSUS][PBFT]checkTimeout Succ,view=58593,toView=58594,nodeIdx=0,changeCycle=0,myNode=19b3f6e2...,timecost=0.554
info|2019-12-12 14:09:13.191488|[g:1][CONSENSUS][PBFT]checkAndChangeView: Reach consensus,org_view=58593,org_changeCycle=0,cur_changeCycle=0,to_view=58594
info|2019-12-12 14:09:14.192886|[g:1][CONSENSUS]addRawPrepare,height=6,reqIdx=3,hash=20633159...
info|2019-12-12 14:09:14.194278|[g:1][CONSENSUS][PBFT]checkTimeout Succ,view=58594,toView=58595,nodeIdx=0,changeCycle=0,myNode=19b3f6e2...,timecost=1.172
info|2019-12-12 14:09:14.195812|[g:1][CONSENSUS][PBFT]checkAndChangeView: Reach consensus,org_view=58594,org_changeCycle=0,cur_changeCycle=0,to_view=58595
info|2019-12-12 14:09:15.195365|[g:1][CONSENSUS][SEALER]++++++++++++++++ Generating seal on,blkNum=6,tx=0,nodeIdx=0,hash=ccf69fa9...
info|2019-12-12 14:09:15.196325|[g:1][CONSENSUS][PBFT]checkTimeout Succ,view=58595,toView=58596,nodeIdx=0,changeCycle=0,myNode=19b3f6e2...,timecost=0.429
info|2019-12-12 14:09:15.198850|[g:1][CONSENSUS][PBFT]checkAndChangeView: Reach consensus,org_view=58595,org_changeCycle=0,cur_changeCycle=0,to_view=58596
info|2019-12-12 14:09:16.200700|[g:1][CONSENSUS]addRawPrepare,height=6,reqIdx=1,hash=dd5802d1...
info|2019-12-12 14:09:16.201564|[g:1][CONSENSUS][PBFT]checkTimeout Succ,view=58596,toView=58597,nodeIdx=0,changeCycle=0,myNode=19b3f6e2...,timecost=0.641
info|2019-12-12 14:09:16.202902|[g:1][CONSENSUS][PBFT]checkAndChangeView: Reach consensus,org_view=58596,org_changeCycle=0,cur_changeCycle=0,to_view=58597
info|2019-12-12 14:09:17.204675|[g:1][CONSENSUS]addRawPrepare,height=6,reqIdx=2,hash=ea4df2cd...
info|2019-12-12 14:09:17.205364|[g:1][CONSENSUS][PBFT]checkTimeout Succ,view=58597,toView=58598,nodeIdx=0,changeCycle=0,myNode=19b3f6e2...,timecost=0.514
info|2019-12-12 14:09:17.206841|[g:1][CONSENSUS][PBFT]checkAndChangeView: Reach consensus,org_view=58597,org_changeCycle=0,cur_changeCycle=0,to_view=58598
info|2019-12-12 14:09:18.209903|[g:1][CONSENSUS]addRawPrepare,height=6,reqIdx=3,hash=eaacef66...
info|2019-12-12 14:09:18.210530|[g:1][CONSENSUS][PBFT]checkTimeout Succ,view=58598,toView=58599,nodeIdx=0,changeCycle=0,myNode=19b3f6e2...,timecost=0.497
info|2019-12-12 14:09:18.211921|[g:1][CONSENSUS][PBFT]checkAndChangeView: Reach consensus,org_view=58598,org_changeCycle=0,cur_changeCycle=0,to_view=58599
info|2019-12-12 14:09:19.040798|[P2P][Service] heartBeat,connected count=3
info|2019-12-12 14:09:19.212040|[g:1][CONSENSUS][SEALER]++++++++++++++++ Generating seal on,blkNum=6,tx=0,nodeIdx=0,hash=7ce73ac9...
info|2019-12-12 14:09:19.215595|[g:1][CONSENSUS][PBFT]checkTimeout Succ,view=58599,toView=58600,nodeIdx=0,changeCycle=0,myNode=19b3f6e2...,timecost=0.406
info|2019-12-12 14:09:19.216281|[g:1][CONSENSUS][PBFT]checkAndChangeView: Reach consensus,org_view=58599,org_changeCycle=0,cur_changeCycle=0,to_view=58600
info|2019-12-12 14:09:20.218032|[g:1][CONSENSUS]addRawPrepare,height=6,reqIdx=1,hash=b1e22716...
info|2019-12-12 14:09:20.218647|[g:1][CONSENSUS][PBFT]checkTimeout Succ,view=58600,toView=58601,nodeIdx=0,changeCycle=0,myNode=19b3f6e2...,timecost=0.471
info|2019-12-12 14:09:20.220157|[g:1][CONSENSUS][PBFT]checkAndChangeView: Reach consensus,org_view=58600,org_changeCycle=0,cur_changeCycle=0,to_view=58601
info|2019-12-12 14:09:21.222527|[g:1][CONSENSUS]addRawPrepare,height=6,reqIdx=2,hash=fb86dc61...
info|2019-12-12 14:09:21.222960|[g:1][CONSENSUS][PBFT]checkTimeout Succ,view=58601,toView=58602,nodeIdx=0,changeCycle=0,myNode=19b3f6e2...,timecost=0.337
info|2019-12-12 14:09:21.224067|[g:1][CONSENSUS][PBFT]checkAndChangeView: Reach consensus,org_view=58601,org_changeCycle=0,cur_changeCycle=0,to_view=58602
info|2019-12-12 14:09:22.225628|[g:1][CONSENSUS]addRawPrepare,height=6,reqIdx=3,hash=a77d5fc9...
info|2019-12-12 14:09:22.226386|[g:1][CONSENSUS][PBFT]checkTimeout Succ,view=58602,toView=58603,nodeIdx=0,changeCycle=0,myNode=19b3f6e2...,timecost=0.589
info|2019-12-12 14:09:22.228032|[g:1][CONSENSUS][PBFT]checkAndChangeView: Reach consensus,org_view=58602,org_changeCycle=0,cur_changeCycle=0,to_view=58603
info|2019-12-12 14:09:23.228645|[g:1][CONSENSUS][SEALER]++++++++++++++++ Generating seal on,blkNum=6,tx=0,nodeIdx=0,hash=ff9b9e11...
info|2019-12-12 14:09:23.229599|[g:1][CONSENSUS][PBFT]checkTimeout Succ,view=58603,toView=58604,nodeIdx=0,changeCycle=0,myNode=19b3f6e2...,timecost=0.474
info|2019-12-12 14:09:23.232350|[g:1][CONSENSUS][PBFT]checkAndChangeView: Reach consensus,org_view=58603,org_changeCycle=0,cur_changeCycle=0,to_view=58604
info|2019-12-12 14:09:24.234905|[g:1][CONSENSUS]addRawPrepare,height=6,reqIdx=1,hash=99638bf7...
info|2019-12-12 14:09:24.235964|[g:1][CONSENSUS][PBFT]checkTimeout Succ,view=58604,toView=58605,nodeIdx=0,changeCycle=0,myNode=19b3f6e2...,timecost=0.88
info|2019-12-12 14:09:24.237975|[g:1][CONSENSUS][PBFT]checkAndChangeView: Reach consensus,org_view=58604,org_changeCycle=0,cur_changeCycle=0,to_view=58605
info|2019-12-12 14:09:25.239850|[g:1][CONSENSUS]addRawPrepare,height=6,reqIdx=2,hash=e6aa0f70...
info|2019-12-12 14:09:25.240689|[g:1][CONSENSUS][PBFT]checkTimeout Succ,view=58605,toView=58606,nodeIdx=0,changeCycle=0,myNode=19b3f6e2...,timecost=0.675
info|2019-12-12 14:09:25.242147|[g:1][CONSENSUS][PBFT]checkAndChangeView: Reach consensus,org_view=58605,org_changeCycle=0,cur_changeCycle=0,to_view=58606
info|2019-12-12 14:09:26.244955|[g:1][CONSENSUS]addRawPrepare,height=6,reqIdx=3,hash=365e053a...
info|2019-12-12 14:09:26.245863|[g:1][CONSENSUS][PBFT]checkTimeout Succ,view=58606,toView=58607,nodeIdx=0,changeCycle=0,myNode=19b3f6e2...,timecost=0.694
info|2019-12-12 14:09:26.247440|[g:1][CONSENSUS][PBFT]checkAndChangeView: Reach consensus,org_view=58606,org_changeCycle=0,cur_changeCycle=0,to_view=58607
info|2019-12-12 14:09:27.247390|[g:1][CONSENSUS][SEALER]++++++++++++++++ Generating seal on,blkNum=6,tx=0,nodeIdx=0,hash=5ce77233...
info|2019-12-12 14:09:27.250806|[g:1][CONSENSUS][PBFT]checkTimeout Succ,view=58607,toView=58608,nodeIdx=0,changeCycle=0,myNode=19b3f6e2...,timecost=0.544
info|2019-12-12 14:09:27.251623|[g:1][CONSENSUS][PBFT]checkAndChangeView: Reach consensus,org_view=58607,org_changeCycle=0,cur_changeCycle=0,to_view=58608
info|2019-12-12 14:09:28.252538|[g:1][CONSENSUS]addRawPrepare,height=6,reqIdx=1,hash=db414b47...
info|2019-12-12 14:09:28.253179|[g:1][CONSENSUS][PBFT]checkTimeout Succ,view=58608,toView=58609,nodeIdx=0,changeCycle=0,myNode=19b3f6e2...,timecost=0.451
info|2019-12-12 14:09:28.254682|[g:1][CONSENSUS][PBFT]checkAndChangeView: Reach consensus,org_view=58608,org_changeCycle=0,cur_changeCycle=0,to_view=58609
info|2019-12-12 14:09:29.047430|[P2P][Service] heartBeat,connected count=3
info|2019-12-12 14:09:29.256186|[g:1][CONSENSUS]addRawPrepare,height=6,reqIdx=2,hash=d98fd8bc...
info|2019-12-12 14:09:29.257397|[g:1][CONSENSUS][PBFT]checkTimeout Succ,view=58609,toView=58610,nodeIdx=0,changeCycle=0,myNode=19b3f6e2...,timecost=1.06
info|2019-12-12 14:09:29.258944|[g:1][CONSENSUS][PBFT]checkAndChangeView: Reach consensus,org_view=58609,org_changeCycle=0,cur_changeCycle=0,to_view=58610
info|2019-12-12 14:09:30.261031|[g:1][CONSENSUS]addRawPrepare,height=6,reqIdx=3,hash=6571c257...
info|2019-12-12 14:09:30.261743|[g:1][CONSENSUS][PBFT]checkTimeout Succ,view=58610,toView=58611,nodeIdx=0,changeCycle=0,myNode=19b3f6e2...,timecost=0.473
info|2019-12-12 14:09:30.263125|[g:1][CONSENSUS][PBFT]checkAndChangeView: Reach consensus,org_view=58610,org_changeCycle=0,cur_changeCycle=0,to_view=58611
info|2019-12-12 14:09:31.263999|[g:1][CONSENSUS][SEALER]++++++++++++++++ Generating seal on,blkNum=6,tx=0,nodeIdx=0,hash=7291170f...
info|2019-12-12 14:09:31.267148|[g:1][CONSENSUS][PBFT]checkTimeout Succ,view=58611,toView=58612,nodeIdx=0,changeCycle=0,myNode=19b3f6e2...,timecost=0.432
info|2019-12-12 14:09:31.267751|[g:1][CONSENSUS][PBFT]checkAndChangeView: Reach consensus,org_view=58611,org_changeCycle=0,cur_changeCycle=0,to_view=58612
info|2019-12-12 14:09:32.269170|[g:1][CONSENSUS]addRawPrepare,height=6,reqIdx=1,hash=c29e7e70...
info|2019-12-12 14:09:32.269988|[g:1][CONSENSUS][PBFT]checkTimeout Succ,view=58612,toView=58613,nodeIdx=0,changeCycle=0,myNode=19b3f6e2...,timecost=0.632
info|2019-12-12 14:09:32.271583|[g:1][CONSENSUS][PBFT]checkAndChangeView: Reach consensus,org_view=58612,org_changeCycle=0,cur_changeCycle=0,to_view=58613
info|2019-12-12 14:09:33.272910|[g:1][CONSENSUS]addRawPrepare,height=6,reqIdx=2,hash=9699ca3d...
info|2019-12-12 14:09:33.273547|[g:1][CONSENSUS][PBFT]checkTimeout Succ,view=58613,toView=58614,nodeIdx=0,changeCycle=0,myNode=19b3f6e2...,timecost=0.486
info|2019-12-12 14:09:33.274912|[g:1][CONSENSUS][PBFT]checkAndChangeView: Reach consensus,org_view=58613,org_changeCycle=0,cur_changeCycle=0,to_view=58614
info|2019-12-12 14:09:34.275991|[g:1][CONSENSUS]addRawPrepare,height=6,reqIdx=3,hash=4dea511a...
info|2019-12-12 14:09:34.277163|[g:1][CONSENSUS][PBFT]checkTimeout Succ,view=58614,toView=58615,nodeIdx=0,changeCycle=0,myNode=19b3f6e2...,timecost=0.974
info|2019-12-12 14:09:34.278600|[g:1][CONSENSUS][PBFT]checkAndChangeView: Reach consensus,org_view=58614,org_changeCycle=0,cur_changeCycle=0,to_view=58615
info|2019-12-12 14:09:35.278770|[g:1][CONSENSUS][SEALER]++++++++++++++++ Generating seal on,blkNum=6,tx=0,nodeIdx=0,hash=c3195603...
info|2019-12-12 14:09:35.279809|[g:1][CONSENSUS][PBFT]checkTimeout Succ,view=58615,toView=58616,nodeIdx=0,changeCycle=0,myNode=19b3f6e2...,timecost=0.571
info|2019-12-12 14:09:35.282205|[g:1][CONSENSUS][PBFT]checkAndChangeView: Reach consensus,org_view=58615,org_changeCycle=0,cur_changeCycle=0,to_view=58616
info|2019-12-12 14:09:36.284344|[g:1][CONSENSUS]addRawPrepare,height=6,reqIdx=1,hash=556b811a...
info|2019-12-12 14:09:36.285049|[g:1][CONSENSUS][PBFT]checkTimeout Succ,view=58616,toView=58617,nodeIdx=0,changeCycle=0,myNode=19b3f6e2...,timecost=0.58
info|2019-12-12 14:09:36.286537|[g:1][CONSENSUS][PBFT]checkAndChangeView: Reach consensus,org_view=58616,org_changeCycle=0,cur_changeCycle=0,to_view=58617
warning|2019-12-12 14:47:02.008537|[g:1][CONSENSUS][PBFT]ViewChangeWarning: not caused by omit empty block ,v=58617,toV=58618,curNum=5,hash=a9fec021...,nodeIdx=0,myNode=19b3f6e2...
info|2019-12-12 14:47:02.012931|[g:1][CONSENSUS][PBFT]checkTimeout Succ,view=58617,toView=58618,nodeIdx=0,changeCycle=1,myNode=19b3f6e2...,timecost=10.44
info|2019-12-12 14:47:02.013325|[P2P][Service] heartBeat,connected count=3
info|2019-12-12 14:47:02.018357|[g:1][CONSENSUS][PBFT]checkAndChangeView: Reach consensus,org_view=58617,org_changeCycle=1,cur_changeCycle=1,to_view=58618
info|2019-12-12 14:47:03.015319|[g:1][CONSENSUS]addRawPrepare,height=6,reqIdx=3,hash=dba5a512...
info|2019-12-12 14:47:03.015843|[g:1][CONSENSUS][PBFT]checkTimeout Succ,view=58618,toView=58619,nodeIdx=0,changeCycle=0,myNode=19b3f6e2...,timecost=0.413
info|2019-12-12 14:47:03.017021|[g:1][CONSENSUS][PBFT]checkAndChangeView: Reach consensus,org_view=58618,org_changeCycle=0,cur_changeCycle=0,to_view=58619
info|2019-12-12 14:47:04.017427|[g:1][CONSENSUS][SEALER]++++++++++++++++ Generating seal on,blkNum=6,tx=0,nodeIdx=0,hash=807428d6...
info|2019-12-12 14:47:04.020844|[g:1][CONSENSUS][PBFT]checkTimeout Succ,view=58619,toView=58620,nodeIdx=0,changeCycle=0,myNode=19b3f6e2...,timecost=0.791
info|2019-12-12 14:47:04.021308|[g:1][CONSENSUS][PBFT]checkAndChangeView: Reach consensus,org_view=58619,org_changeCycle=0,cur_changeCycle=0,to_view=58620
info|2019-12-12 14:47:05.021871|[g:1][CONSENSUS]addRawPrepare,height=6,reqIdx=1,hash=d3d57fc1...
info|2019-12-12 14:47:05.022408|[g:1][CONSENSUS][PBFT]checkTimeout Succ,view=58620,toView=58621,nodeIdx=0,changeCycle=0,myNode=19b3f6e2...,timecost=0.43
info|2019-12-12 14:47:05.023566|[g:1][CONSENSUS][PBFT]checkAndChangeView: Reach consensus,org_view=58620,org_changeCycle=0,cur_changeCycle=0,to_view=58621
info|2019-12-12 14:47:06.715239|[g:1][CONSENSUS]addRawPrepare,height=6,reqIdx=2,hash=a00b695b...
info|2019-12-12 14:47:06.715750|[g:1][CONSENSUS][PBFT]checkTimeout Succ,view=58621,toView=58622,nodeIdx=0,changeCycle=0,myNode=19b3f6e2...,timecost=0.399
info|2019-12-12 14:47:06.716973|[g:1][CONSENSUS][PBFT]checkAndChangeView: Reach consensus,org_view=58621,org_changeCycle=0,cur_changeCycle=0,to_view=58622
info|2019-12-12 14:47:07.719488|[g:1][CONSENSUS]addRawPrepare,height=6,reqIdx=3,hash=3bc6fff7...
info|2019-12-12 14:47:07.720264|[g:1][CONSENSUS][PBFT]checkTimeout Succ,view=58622,toView=58623,nodeIdx=0,changeCycle=0,myNode=19b3f6e2...,timecost=0.584
info|2019-12-12 14:47:07.721794|[g:1][CONSENSUS][PBFT]checkAndChangeView: Reach consensus,org_view=58622,org_changeCycle=0,cur_changeCycle=0,to_view=58623
info|2019-12-12 14:47:08.722534|[g:1][CONSENSUS][SEALER]++++++++++++++++ Generating seal on,blkNum=6,tx=0,nodeIdx=0,hash=625ef047...
info|2019-12-12 14:47:08.723251|[g:1][CONSENSUS][PBFT]checkTimeout Succ,view=58623,toView=58624,nodeIdx=0,changeCycle=0,myNode=19b3f6e2...,timecost=0.342
info|2019-12-12 14:47:08.725038|[g:1][CONSENSUS][PBFT]checkAndChangeView: Reach consensus,org_view=58623,org_changeCycle=0,cur_changeCycle=0,to_view=58624
info|2019-12-12 14:47:09.726688|[g:1][CONSENSUS]addRawPrepare,height=6,reqIdx=1,hash=4045b633...
info|2019-12-12 14:47:09.727318|[g:1][CONSENSUS][PBFT]checkTimeout Succ,view=58624,toView=58625,nodeIdx=0,changeCycle=0,myNode=19b3f6e2...,timecost=0.458
info|2019-12-12 14:47:09.728755|[g:1][CONSENSUS][PBFT]checkAndChangeView: Reach consensus,org_view=58624,org_changeCycle=0,cur_changeCycle=0,to_view=58625
info|2019-12-12 14:47:10.729504|[g:1][CONSENSUS]addRawPrepare,height=6,reqIdx=2,hash=11a35e0c...
info|2019-12-12 14:47:10.730119|[g:1][CONSENSUS][PBFT]checkTimeout Succ,view=58625,toView=58626,nodeIdx=0,changeCycle=0,myNode=19b3f6e2...,timecost=0.459
info|2019-12-12 14:47:10.731713|[g:1][CONSENSUS][PBFT]checkAndChangeView: Reach consensus,org_view=58625,org_changeCycle=0,cur_changeCycle=0,to_view=58626
info|2019-12-12 14:47:11.734043|[g:1][CONSENSUS]addRawPrepare,height=6,reqIdx=3,hash=9dba38cc...
info|2019-12-12 14:47:11.734705|[g:1][CONSENSUS][PBFT]checkTimeout Succ,view=58626,toView=58627,nodeIdx=0,changeCycle=0,myNode=19b3f6e2...,timecost=0.494
info|2019-12-12 14:47:11.736254|[g:1][CONSENSUS][PBFT]checkAndChangeView: Reach consensus,org_view=58626,org_changeCycle=0,cur_changeCycle=0,to_view=58627
info|2019-12-12 14:47:12.013374|[P2P][Service] heartBeat,connected count=3
info|2019-12-12 14:47:12.736276|[g:1][CONSENSUS][SEALER]++++++++++++++++ Generating seal on,blkNum=6,tx=0,nodeIdx=0,hash=590c708b...
info|2019-12-12 14:47:12.739532|[g:1][CONSENSUS][PBFT]checkTimeout Succ,view=58627,toView=58628,nodeIdx=0,changeCycle=0,myNode=19b3f6e2...,timecost=0.543
info|2019-12-12 14:47:12.740367|[g:1][CONSENSUS][PBFT]checkAndChangeView: Reach consensus,org_view=58627,org_changeCycle=0,cur_changeCycle=0,to_view=58628
info|2019-12-12 14:47:13.741893|[g:1][CONSENSUS]addRawPrepare,height=6,reqIdx=1,hash=c55edb3d...
info|2019-12-12 14:47:13.742678|[g:1][CONSENSUS][PBFT]checkTimeout Succ,view=58628,toView=58629,nodeIdx=0,changeCycle=0,myNode=19b3f6e2...,timecost=0.458
info|2019-12-12 14:47:13.744083|[g:1][CONSENSUS][PBFT]checkAndChangeView: Reach consensus,org_view=58628,org_changeCycle=0,cur_changeCycle=0,to_view=58629
info|2019-12-12 14:47:14.746406|[g:1][CONSENSUS]addRawPrepare,height=6,reqIdx=2,hash=a82bf4eb...
info|2019-12-12 14:47:14.747022|[g:1][CONSENSUS][PBFT]checkTimeout Succ,view=58629,toView=58630,nodeIdx=0,changeCycle=0,myNode=19b3f6e2...,timecost=0.472
info|2019-12-12 14:47:14.748639|[g:1][CONSENSUS][PBFT]checkAndChangeView: Reach consensus,org_view=58629,org_changeCycle=0,cur_changeCycle=0,to_view=58630
info|2019-12-12 14:47:15.749873|[g:1][CONSENSUS]addRawPrepare,height=6,reqIdx=3,hash=8264081b...
info|2019-12-12 14:47:15.750433|[g:1][CONSENSUS][PBFT]checkTimeout Succ,view=58630,toView=58631,nodeIdx=0,changeCycle=0,myNode=19b3f6e2...,timecost=0.448
info|2019-12-12 14:47:15.751699|[g:1][CONSENSUS][PBFT]checkAndChangeView: Reach consensus,org_view=58630,org_changeCycle=0,cur_changeCycle=0,to_view=58631
info|2019-12-12 14:47:16.752625|[g:1][CONSENSUS][SEALER]++++++++++++++++ Generating seal on,blkNum=6,tx=0,nodeIdx=0,hash=aa47a755...
info|2019-12-12 14:47:16.755330|[g:1][CONSENSUS][PBFT]checkTimeout Succ,view=58631,toView=58632,nodeIdx=0,changeCycle=0,myNode=19b3f6e2...,timecost=0.346
info|2019-12-12 14:47:16.756840|[g:1][CONSENSUS][PBFT]checkAndChangeView: Reach consensus,org_view=58631,org_changeCycle=0,cur_changeCycle=0,to_view=58632
info|2019-12-12 14:47:17.758066|[g:1][CONSENSUS]addRawPrepare,height=6,reqIdx=1,hash=96b60fc3...
info|2019-12-12 14:47:17.758666|[g:1][CONSENSUS][PBFT]checkTimeout Succ,view=58632,toView=58633,nodeIdx=0,changeCycle=0,myNode=19b3f6e2...,timecost=0.492
info|2019-12-12 14:47:17.760004|[g:1][CONSENSUS][PBFT]checkAndChangeView: Reach consensus,org_view=58632,org_changeCycle=0,cur_changeCycle=0,to_view=58633
info|2019-12-12 14:47:18.763001|[g:1][CONSENSUS]addRawPrepare,height=6,reqIdx=2,hash=d4b0820a...
info|2019-12-12 14:47:18.763661|[g:1][CONSENSUS][PBFT]checkTimeout Succ,view=58633,toView=58634,nodeIdx=0,changeCycle=0,myNode=19b3f6e2...,timecost=0.527
info|2019-12-12 14:47:18.765091|[g:1][CONSENSUS][PBFT]checkAndChangeView: Reach consensus,org_view=58633,org_changeCycle=0,cur_changeCycle=0,to_view=58634
info|2019-12-12 14:47:19.768058|[g:1][CONSENSUS]addRawPrepare,height=6,reqIdx=3,hash=09ac88de...
info|2019-12-12 14:47:19.768662|[g:1][CONSENSUS][PBFT]checkTimeout Succ,view=58634,toView=58635,nodeIdx=0,changeCycle=0,myNode=19b3f6e2...,timecost=0.47
info|2019-12-12 14:47:19.770378|[g:1][CONSENSUS][PBFT]checkAndChangeView: Reach consensus,org_view=58634,org_changeCycle=0,cur_changeCycle=0,to_view=58635
info|2019-12-12 14:47:20.771662|[g:1][CONSENSUS][SEALER]++++++++++++++++ Generating seal on,blkNum=6,tx=0,nodeIdx=0,hash=b151280e...
info|2019-12-12 14:47:20.772626|[g:1][CONSENSUS][PBFT]checkTimeout Succ,view=58635,toView=58636,nodeIdx=0,changeCycle=0,myNode=19b3f6e2...,timecost=0.442
info|2019-12-12 14:47:20.775501|[g:1][CONSENSUS][PBFT]checkAndChangeView: Reach consensus,org_view=58635,org_changeCycle=0,cur_changeCycle=0,to_view=58636
info|2019-12-12 14:47:21.777622|[g:1][CONSENSUS]addRawPrepare,height=6,reqIdx=1,hash=0c121081...
info|2019-12-12 14:47:21.778307|[g:1][CONSENSUS][PBFT]checkTimeout Succ,view=58636,toView=58637,nodeIdx=0,changeCycle=0,myNode=19b3f6e2...,timecost=0.55
info|2019-12-12 14:47:21.779712|[g:1][CONSENSUS][PBFT]checkAndChangeView: Reach consensus,org_view=58636,org_changeCycle=0,cur_changeCycle=0,to_view=58637
info|2019-12-12 14:47:22.022943|[P2P][Service] heartBeat,connected count=3
info|2019-12-12 14:47:22.781553|[g:1][CONSENSUS]addRawPrepare,height=6,reqIdx=2,hash=89e5b556...
info|2019-12-12 14:47:22.782080|[g:1][CONSENSUS][PBFT]checkTimeout Succ,view=58637,toView=58638,nodeIdx=0,changeCycle=0,myNode=19b3f6e2...,timecost=0.414
info|2019-12-12 14:47:22.783150|[g:1][CONSENSUS][PBFT]checkAndChangeView: Reach consensus,org_view=58637,org_changeCycle=0,cur_changeCycle=0,to_view=58638
info|2019-12-12 14:47:23.784452|[g:1][CONSENSUS]addRawPrepare,height=6,reqIdx=3,hash=603d9aaf...
info|2019-12-12 14:47:23.784952|[g:1][CONSENSUS][PBFT]checkTimeout Succ,view=58638,toView=58639,nodeIdx=0,changeCycle=0,myNode=19b3f6e2...,timecost=0.373
info|2019-12-12 14:47:23.786227|[g:1][CONSENSUS][PBFT]checkAndChangeView: Reach consensus,org_view=58638,org_changeCycle=0,cur_changeCycle=0,to_view=58639
info|2019-12-12 14:47:24.787102|[g:1][CONSENSUS][SEALER]++++++++++++++++ Generating seal on,blkNum=6,tx=0,nodeIdx=0,hash=0501ca16...
info|2019-12-12 14:47:24.789781|[g:1][CONSENSUS][PBFT]checkTimeout Succ,view=58639,toView=58640,nodeIdx=0,changeCycle=0,myNode=19b3f6e2...,timecost=0.425
info|2019-12-12 14:47:24.791209|[g:1][CONSENSUS][PBFT]checkAndChangeView: Reach consensus,org_view=58639,org_changeCycle=0,cur_changeCycle=0,to_view=58640
info|2019-12-12 14:47:25.791838|[g:1][CONSENSUS]addRawPrepare,height=6,reqIdx=1,hash=5654168e...
info|2019-12-12 14:47:25.792294|[g:1][CONSENSUS][PBFT]checkTimeout Succ,view=58640,toView=58641,nodeIdx=0,changeCycle=0,myNode=19b3f6e2...,timecost=0.371
info|2019-12-12 14:47:25.793278|[g:1][CONSENSUS][PBFT]checkAndChangeView: Reach consensus,org_view=58640,org_changeCycle=0,cur_changeCycle=0,to_view=58641
info|2019-12-12 14:47:26.795934|[g:1][CONSENSUS]addRawPrepare,height=6,reqIdx=2,hash=a9912efa...
info|2019-12-12 14:47:26.796710|[g:1][CONSENSUS][PBFT]checkTimeout Succ,view=58641,toView=58642,nodeIdx=0,changeCycle=0,myNode=19b3f6e2...,timecost=0.577
info|2019-12-12 14:47:26.798140|[g:1][CONSENSUS][PBFT]checkAndChangeView: Reach consensus,org_view=58641,org_changeCycle=0,cur_changeCycle=0,to_view=58642
info|2019-12-12 14:47:27.799796|[g:1][CONSENSUS]addRawPrepare,height=6,reqIdx=3,hash=ea82a3de...
info|2019-12-12 14:47:27.800413|[g:1][CONSENSUS][PBFT]checkTimeout Succ,view=58642,toView=58643,nodeIdx=0,changeCycle=0,myNode=19b3f6e2...,timecost=0.485
info|2019-12-12 14:47:27.801995|[g:1][CONSENSUS][PBFT]checkAndChangeView: Reach consensus,org_view=58642,org_changeCycle=0,cur_changeCycle=0,to_view=58643
info|2019-12-12 14:47:28.803020|[g:1][CONSENSUS][SEALER]++++++++++++++++ Generating seal on,blkNum=6,tx=0,nodeIdx=0,hash=bb7fda1b...
info|2019-12-12 14:47:28.803853|[g:1][CONSENSUS][PBFT]checkTimeout Succ,view=58643,toView=58644,nodeIdx=0,changeCycle=0,myNode=19b3f6e2...,timecost=0.424
info|2019-12-12 14:47:28.806447|[g:1][CONSENSUS][PBFT]checkAndChangeView: Reach consensus,org_view=58643,org_changeCycle=0,cur_changeCycle=0,to_view=58644
info|2019-12-12 14:47:29.807578|[g:1][CONSENSUS]addRawPrepare,height=6,reqIdx=1,hash=0cf2b9e7...
info|2019-12-12 14:47:29.808107|[g:1][CONSENSUS][PBFT]checkTimeout Succ,view=58644,toView=58645,nodeIdx=0,changeCycle=0,myNode=19b3f6e2...,timecost=0.397
info|2019-12-12 14:47:29.809417|[g:1][CONSENSUS][PBFT]checkAndChangeView: Reach consensus,org_view=58644,org_changeCycle=0,cur_changeCycle=0,to_view=58645
info|2019-12-12 14:47:30.811699|[g:1][CONSENSUS]addRawPrepare,height=6,reqIdx=2,hash=a6d4d6cf...
info|2019-12-12 14:47:30.812361|[g:1][CONSENSUS][PBFT]checkTimeout Succ,view=58645,toView=58646,nodeIdx=0,changeCycle=0,myNode=19b3f6e2...,timecost=0.497
info|2019-12-12 14:47:30.813952|[g:1][CONSENSUS][PBFT]checkAndChangeView: Reach consensus,org_view=58645,org_changeCycle=0,cur_changeCycle=0,to_view=58646
info|2019-12-12 14:47:31.817238|[g:1][CONSENSUS]addRawPrepare,height=6,reqIdx=3,hash=636eccd7...
info|2019-12-12 14:47:31.817988|[g:1][CONSENSUS][PBFT]checkTimeout Succ,view=58646,toView=58647,nodeIdx=0,changeCycle=0,myNode=19b3f6e2...,timecost=0.59
info|2019-12-12 14:47:31.819660|[g:1][CONSENSUS][PBFT]checkAndChangeView: Reach consensus,org_view=58646,org_changeCycle=0,cur_changeCycle=0,to_view=58647
info|2019-12-12 14:47:32.027218|[P2P][Service] heartBeat,connected count=3
info|2019-12-12 14:47:32.819988|[g:1][CONSENSUS][SEALER]++++++++++++++++ Generating seal on,blkNum=6,tx=0,nodeIdx=0,hash=9197c7ca...
info|2019-12-12 14:47:32.823287|[g:1][CONSENSUS][PBFT]checkTimeout Succ,view=58647,toView=58648,nodeIdx=0,changeCycle=0,myNode=19b3f6e2...,timecost=0.531
info|2019-12-12 14:47:32.823988|[g:1][CONSENSUS][PBFT]checkAndChangeView: Reach consensus,org_view=58647,org_changeCycle=0,cur_changeCycle=0,to_view=58648
info|2019-12-12 14:47:33.825977|[g:1][CONSENSUS]addRawPrepare,height=6,reqIdx=1,hash=d138a1ba...
info|2019-12-12 14:47:33.826735|[g:1][CONSENSUS][PBFT]checkTimeout Succ,view=58648,toView=58649,nodeIdx=0,changeCycle=0,myNode=19b3f6e2...,timecost=0.628
info|2019-12-12 14:47:33.828535|[g:1][CONSENSUS][PBFT]checkAndChangeView: Reach consensus,org_view=58648,org_changeCycle=0,cur_changeCycle=0,to_view=58649
info|2019-12-12 14:47:34.830122|[g:1][CONSENSUS]addRawPrepare,height=6,reqIdx=2,hash=3e32cea9...
info|2019-12-12 14:47:34.830786|[g:1][CONSENSUS][PBFT]checkTimeout Succ,view=58649,toView=58650,nodeIdx=0,changeCycle=0,myNode=19b3f6e2...,timecost=0.501
info|2019-12-12 14:47:34.832758|[g:1][CONSENSUS][PBFT]checkAndChangeView: Reach consensus,org_view=58649,org_changeCycle=0,cur_changeCycle=0,to_view=58650
info|2019-12-12 14:47:35.833829|[g:1][CONSENSUS]addRawPrepare,height=6,reqIdx=3,hash=7faeae76...
info|2019-12-12 14:47:35.834471|[g:1][CONSENSUS][PBFT]checkTimeout Succ,view=58650,toView=58651,nodeIdx=0,changeCycle=0,myNode=19b3f6e2...,timecost=0.5
info|2019-12-12 14:47:35.835889|[g:1][CONSENSUS][PBFT]checkAndChangeView: Reach consensus,org_view=58650,org_changeCycle=0,cur_changeCycle=0,to_view=58651
info|2019-12-12 14:47:36.835888|[g:1][CONSENSUS][SEALER]++++++++++++++++ Generating seal on,blkNum=6,tx=0,nodeIdx=0,hash=7d775769...
info|2019-12-12 14:47:36.839152|[g:1][CONSENSUS][PBFT]checkTimeout Succ,view=58651,toView=58652,nodeIdx=0,changeCycle=0,myNode=19b3f6e2...,timecost=0.494
info|2019-12-12 14:47:36.839875|[g:1][CONSENSUS][PBFT]checkAndChangeView: Reach consensus,org_view=58651,org_changeCycle=0,cur_changeCycle=0,to_view=58652
info|2019-12-12 14:47:37.842076|[g:1][CONSENSUS]addRawPrepare,height=6,reqIdx=1,hash=b0c7c2d1...
info|2019-12-12 14:47:37.842894|[g:1][CONSENSUS][PBFT]checkTimeout Succ,view=58652,toView=58653,nodeIdx=0,changeCycle=0,myNode=19b3f6e2...,timecost=0.55
info|2019-12-12 14:47:37.844204|[g:1][CONSENSUS][PBFT]checkAndChangeView: Reach consensus,org_view=58652,org_changeCycle=0,cur_changeCycle=0,to_view=58653
info|2019-12-12 14:47:38.846058|[g:1][CONSENSUS]addRawPrepare,height=6,reqIdx=2,hash=e1f06a81...
info|2019-12-12 14:47:38.846778|[g:1][CONSENSUS][PBFT]checkTimeout Succ,view=58653,toView=58654,nodeIdx=0,changeCycle=0,myNode=19b3f6e2...,timecost=0.535
info|2019-12-12 14:47:38.848472|[g:1][CONSENSUS][PBFT]checkAndChangeView: Reach consensus,org_view=58653,org_changeCycle=0,cur_changeCycle=0,to_view=58654
info|2019-12-12 14:47:39.850263|[g:1][CONSENSUS]addRawPrepare,height=6,reqIdx=3,hash=cd8e7dec...
info|2019-12-12 14:47:39.850987|[g:1][CONSENSUS][PBFT]checkTimeout Succ,view=58654,toView=58655,nodeIdx=0,changeCycle=0,myNode=19b3f6e2...,timecost=0.543
info|2019-12-12 14:47:39.852887|[g:1][CONSENSUS][PBFT]checkAndChangeView: Reach consensus,org_view=58654,org_changeCycle=0,cur_changeCycle=0,to_view=58655
info|2019-12-12 14:47:40.853275|[g:1][CONSENSUS][SEALER]++++++++++++++++ Generating seal on,blkNum=6,tx=0,nodeIdx=0,hash=856c8866...
info|2019-12-12 14:47:40.854327|[g:1][CONSENSUS][PBFT]checkTimeout Succ,view=58655,toView=58656,nodeIdx=0,changeCycle=0,myNode=19b3f6e2...,timecost=0.557
info|2019-12-12 14:47:40.856547|[g:1][CONSENSUS][PBFT]checkAndChangeView: Reach consensus,org_view=58655,org_changeCycle=0,cur_changeCycle=0,to_view=58656
info|2019-12-12 14:47:41.858930|[g:1][CONSENSUS]addRawPrepare,height=6,reqIdx=1,hash=d6a4ac2c...
info|2019-12-12 14:47:41.859481|[g:1][CONSENSUS][PBFT]checkTimeout Succ,view=58656,toView=58657,nodeIdx=0,changeCycle=0,myNode=19b3f6e2...,timecost=0.427
info|2019-12-12 14:47:41.860863|[g:1][CONSENSUS][PBFT]checkAndChangeView: Reach consensus,org_view=58656,org_changeCycle=0,cur_changeCycle=0,to_view=58657
info|2019-12-12 14:47:42.029778|[P2P][Service] heartBeat,connected count=3
info|2019-12-12 14:47:42.862369|[g:1][CONSENSUS]addRawPrepare,height=6,reqIdx=2,hash=a91703cb...
info|2019-12-12 14:47:42.863050|[g:1][CONSENSUS][PBFT]checkTimeout Succ,view=58657,toView=58658,nodeIdx=0,changeCycle=0,myNode=19b3f6e2...,timecost=0.499
info|2019-12-12 14:47:42.864876|[g:1][CONSENSUS][PBFT]checkAndChangeView: Reach consensus,org_view=58657,org_changeCycle=0,cur_changeCycle=0,to_view=58658
info|2019-12-12 14:47:43.865906|[g:1][CONSENSUS]addRawPrepare,height=6,reqIdx=3,hash=27816d7b...
info|2019-12-12 14:47:43.866487|[g:1][CONSENSUS][PBFT]checkTimeout Succ,view=58658,toView=58659,nodeIdx=0,changeCycle=0,myNode=19b3f6e2...,timecost=0.432
info|2019-12-12 14:47:43.868028|[g:1][CONSENSUS][PBFT]checkAndChangeView: Reach consensus,org_view=58658,org_changeCycle=0,cur_changeCycle=0,to_view=58659
info|2019-12-12 14:47:44.869102|[g:1][CONSENSUS][SEALER]++++++++++++++++ Generating seal on,blkNum=6,tx=0,nodeIdx=0,hash=426d20db...
info|2019-12-12 14:47:44.870069|[g:1][CONSENSUS][PBFT]checkTimeout Succ,view=58659,toView=58660,nodeIdx=0,changeCycle=0,myNode=19b3f6e2...,timecost=0.485
info|2019-12-12 14:47:44.872636|[g:1][CONSENSUS][PBFT]checkAndChangeView: Reach consensus,org_view=58659,org_changeCycle=0,cur_changeCycle=0,to_view=58660
info|2019-12-12 14:47:45.874706|[g:1][CONSENSUS]addRawPrepare,height=6,reqIdx=1,hash=c5cc6682...
info|2019-12-12 14:47:45.875351|[g:1][CONSENSUS][PBFT]checkTimeout Succ,view=58660,toView=58661,nodeIdx=0,changeCycle=0,myNode=19b3f6e2...,timecost=0.519
info|2019-12-12 14:47:45.876897|[g:1][CONSENSUS][PBFT]checkAndChangeView: Reach consensus,org_view=58660,org_changeCycle=0,cur_changeCycle=0,to_view=58661
info|2019-12-12 14:47:46.877948|[g:1][CONSENSUS]addRawPrepare,height=6,reqIdx=2,hash=d2a7780b...
info|2019-12-12 14:47:46.878544|[g:1][CONSENSUS][PBFT]checkTimeout Succ,view=58661,toView=58662,nodeIdx=0,changeCycle=0,myNode=19b3f6e2...,timecost=0.467
info|2019-12-12 14:47:46.879965|[g:1][CONSENSUS][PBFT]checkAndChangeView: Reach consensus,org_view=58661,org_changeCycle=0,cur_changeCycle=0,to_view=58662
info|2019-12-12 14:47:47.882670|[g:1][CONSENSUS]addRawPrepare,height=6,reqIdx=3,hash=0dc9cdb1...
info|2019-12-12 14:47:47.883276|[g:1][CONSENSUS][PBFT]checkTimeout Succ,view=58662,toView=58663,nodeIdx=0,changeCycle=0,myNode=19b3f6e2...,timecost=0.455
info|2019-12-12 14:47:47.884691|[g:1][CONSENSUS][PBFT]checkAndChangeView: Reach consensus,org_view=58662,org_changeCycle=0,cur_changeCycle=0,to_view=58663
info|2019-12-12 14:47:48.884686|[g:1][CONSENSUS][SEALER]++++++++++++++++ Generating seal on,blkNum=6,tx=0,nodeIdx=0,hash=9dc1f493...
info|2019-12-12 14:47:48.885616|[g:1][CONSENSUS][PBFT]checkTimeout Succ,view=58663,toView=58664,nodeIdx=0,changeCycle=0,myNode=19b3f6e2...,timecost=0.462
info|2019-12-12 14:47:48.888161|[g:1][CONSENSUS][PBFT]checkAndChangeView: Reach consensus,org_view=58663,org_changeCycle=0,cur_changeCycle=0,to_view=58664
info|2019-12-12 14:47:49.890946|[g:1][CONSENSUS]addRawPrepare,height=6,reqIdx=1,hash=7490649f...
info|2019-12-12 14:47:49.891813|[g:1][CONSENSUS][PBFT]checkTimeout Succ,view=58664,toView=58665,nodeIdx=0,changeCycle=0,myNode=19b3f6e2...,timecost=0.643
info|2019-12-12 14:47:49.893213|[g:1][CONSENSUS][PBFT]checkAndChangeView: Reach consensus,org_view=58664,org_changeCycle=0,cur_changeCycle=0,to_view=58665
info|2019-12-12 14:47:50.895443|[g:1][CONSENSUS]addRawPrepare,height=6,reqIdx=2,hash=89382e66...
info|2019-12-12 14:47:50.896037|[g:1][CONSENSUS][PBFT]checkTimeout Succ,view=58665,toView=58666,nodeIdx=0,changeCycle=0,myNode=19b3f6e2...,timecost=0.476
info|2019-12-12 14:47:50.897517|[g:1][CONSENSUS][PBFT]checkAndChangeView: Reach consensus,org_view=58665,org_changeCycle=0,cur_changeCycle=0,to_view=58666
info|2019-12-12 14:47:51.900274|[g:1][CONSENSUS]addRawPrepare,height=6,reqIdx=3,hash=f5913f19...
info|2019-12-12 14:47:51.900896|[g:1][CONSENSUS][PBFT]checkTimeout Succ,view=58666,toView=58667,nodeIdx=0,changeCycle=0,myNode=19b3f6e2...,timecost=0.451
info|2019-12-12 14:47:51.902867|[g:1][CONSENSUS][PBFT]checkAndChangeView: Reach consensus,org_view=58666,org_changeCycle=0,cur_changeCycle=0,to_view=58667
info|2019-12-12 14:47:52.036754|[P2P][Service] heartBeat,connected count=3
info|2019-12-12 14:47:52.903260|[g:1][CONSENSUS][SEALER]++++++++++++++++ Generating seal on,blkNum=6,tx=0,nodeIdx=0,hash=00663470...
info|2019-12-12 14:47:52.905932|[g:1][CONSENSUS][PBFT]checkTimeout Succ,view=58667,toView=58668,nodeIdx=0,changeCycle=0,myNode=19b3f6e2...,timecost=0.43
info|2019-12-12 14:47:52.907384|[g:1][CONSENSUS][PBFT]checkAndChangeView: Reach consensus,org_view=58667,org_changeCycle=0,cur_changeCycle=0,to_view=58668
info|2019-12-12 14:47:53.907964|[g:1][CONSENSUS]addRawPrepare,height=6,reqIdx=1,hash=74e36b53...
info|2019-12-12 14:47:53.908425|[g:1][CONSENSUS][PBFT]checkTimeout Succ,view=58668,toView=58669,nodeIdx=0,changeCycle=0,myNode=19b3f6e2...,timecost=0.369
info|2019-12-12 14:47:53.909732|[g:1][CONSENSUS][PBFT]checkAndChangeView: Reach consensus,org_view=58668,org_changeCycle=0,cur_changeCycle=0,to_view=58669
info|2019-12-12 14:47:54.911701|[g:1][CONSENSUS]addRawPrepare,height=6,reqIdx=2,hash=60d54a84...
info|2019-12-12 14:47:54.912315|[g:1][CONSENSUS][PBFT]checkTimeout Succ,view=58669,toView=58670,nodeIdx=0,changeCycle=0,myNode=19b3f6e2...,timecost=0.494
info|2019-12-12 14:47:54.914002|[g:1][CONSENSUS][PBFT]checkAndChangeView: Reach consensus,org_view=58669,org_changeCycle=0,cur_changeCycle=0,to_view=58670
info|2019-12-12 14:47:55.915989|[g:1][CONSENSUS]addRawPrepare,height=6,reqIdx=3,hash=ab8b1c96...
info|2019-12-12 14:47:55.916622|[g:1][CONSENSUS][PBFT]checkTimeout Succ,view=58670,toView=58671,nodeIdx=0,changeCycle=0,myNode=19b3f6e2...,timecost=0.474
info|2019-12-12 14:47:55.918178|[g:1][CONSENSUS][PBFT]checkAndChangeView: Reach consensus,org_view=58670,org_changeCycle=0,cur_changeCycle=0,to_view=58671
warning|2019-12-12 14:54:23.006043|[g:1][CONSENSUS][PBFT]ViewChangeWarning: not caused by omit empty block ,v=58671,toV=58672,curNum=5,hash=a9fec021...,nodeIdx=0,myNode=19b3f6e2...
info|2019-12-12 14:54:23.007158|[g:1][CONSENSUS][PBFT]checkTimeout Succ,view=58671,toView=58672,nodeIdx=0,changeCycle=1,myNode=19b3f6e2...,timecost=5.538
info|2019-12-12 14:54:23.008696|[P2P][Service] heartBeat,connected count=3
info|2019-12-12 14:54:23.012312|[g:1][CONSENSUS][PBFT]checkAndChangeView: Reach consensus,org_view=58671,org_changeCycle=1,cur_changeCycle=1,to_view=58672
info|2019-12-12 14:54:24.011822|[g:1][CONSENSUS]addRawPrepare,height=6,reqIdx=1,hash=c2daceaa...
info|2019-12-12 14:54:24.012358|[g:1][CONSENSUS][PBFT]checkTimeout Succ,view=58672,toView=58673,nodeIdx=0,changeCycle=0,myNode=19b3f6e2...,timecost=0.404
info|2019-12-12 14:54:24.013710|[g:1][CONSENSUS][PBFT]checkAndChangeView: Reach consensus,org_view=58672,org_changeCycle=0,cur_changeCycle=0,to_view=58673
info|2019-12-12 14:54:25.014671|[g:1][CONSENSUS]addRawPrepare,height=6,reqIdx=2,hash=f4ffd2f3...
info|2019-12-12 14:54:25.015352|[g:1][CONSENSUS][PBFT]checkTimeout Succ,view=58673,toView=58674,nodeIdx=0,changeCycle=0,myNode=19b3f6e2...,timecost=0.54
info|2019-12-12 14:54:25.017315|[g:1][CONSENSUS][PBFT]checkAndChangeView: Reach consensus,org_view=58673,org_changeCycle=0,cur_changeCycle=0,to_view=58674
info|2019-12-12 14:54:26.018540|[g:1][CONSENSUS]addRawPrepare,height=6,reqIdx=3,hash=942035e7...
info|2019-12-12 14:54:26.018996|[g:1][CONSENSUS][PBFT]checkTimeout Succ,view=58674,toView=58675,nodeIdx=0,changeCycle=0,myNode=19b3f6e2...,timecost=0.362
info|2019-12-12 14:54:26.020455|[g:1][CONSENSUS][PBFT]checkAndChangeView: Reach consensus,org_view=58674,org_changeCycle=0,cur_changeCycle=0,to_view=58675
info|2019-12-12 14:54:27.020684|[g:1][CONSENSUS][SEALER]++++++++++++++++ Generating seal on,blkNum=6,tx=0,nodeIdx=0,hash=3e2c87c8...
info|2019-12-12 14:54:27.023318|[g:1][CONSENSUS][PBFT]checkTimeout Succ,view=58675,toView=58676,nodeIdx=0,changeCycle=0,myNode=19b3f6e2...,timecost=0.353
info|2019-12-12 14:54:27.023885|[g:1][CONSENSUS][PBFT]checkAndChangeView: Reach consensus,org_view=58675,org_changeCycle=0,cur_changeCycle=0,to_view=58676
info|2019-12-12 14:54:28.024934|[g:1][CONSENSUS]addRawPrepare,height=6,reqIdx=1,hash=72930761...
info|2019-12-12 14:54:28.025432|[g:1][CONSENSUS][PBFT]checkTimeout Succ,view=58676,toView=58677,nodeIdx=0,changeCycle=0,myNode=19b3f6e2...,timecost=0.382
info|2019-12-12 14:54:28.027187|[g:1][CONSENSUS][PBFT]checkAndChangeView: Reach consensus,org_view=58676,org_changeCycle=0,cur_changeCycle=0,to_view=58677
info|2019-12-12 14:54:29.029332|[g:1][CONSENSUS]addRawPrepare,height=6,reqIdx=2,hash=49bdd162...
info|2019-12-12 14:54:29.029964|[g:1][CONSENSUS][PBFT]checkTimeout Succ,view=58677,toView=58678,nodeIdx=0,changeCycle=0,myNode=19b3f6e2...,timecost=0.48
info|2019-12-12 14:54:29.031566|[g:1][CONSENSUS][PBFT]checkAndChangeView: Reach consensus,org_view=58677,org_changeCycle=0,cur_changeCycle=0,to_view=58678
info|2019-12-12 14:54:30.032534|[g:1][CONSENSUS]addRawPrepare,height=6,reqIdx=3,hash=65b3b649...
info|2019-12-12 14:54:30.033194|[g:1][CONSENSUS][PBFT]checkTimeout Succ,view=58678,toView=58679,nodeIdx=0,changeCycle=0,myNode=19b3f6e2...,timecost=0.51
info|2019-12-12 14:54:30.034682|[g:1][CONSENSUS][PBFT]checkAndChangeView: Reach consensus,org_view=58678,org_changeCycle=0,cur_changeCycle=0,to_view=58679
info|2019-12-12 14:54:31.034694|[g:1][CONSENSUS][SEALER]++++++++++++++++ Generating seal on,blkNum=6,tx=0,nodeIdx=0,hash=db954499...
info|2019-12-12 14:54:31.037725|[g:1][CONSENSUS][PBFT]checkTimeout Succ,view=58679,toView=58680,nodeIdx=0,changeCycle=0,myNode=19b3f6e2...,timecost=0.48
info|2019-12-12 14:54:31.038507|[g:1][CONSENSUS][PBFT]checkAndChangeView: Reach consensus,org_view=58679,org_changeCycle=0,cur_changeCycle=0,to_view=58680
info|2019-12-12 14:54:32.038956|[g:1][CONSENSUS]addRawPrepare,height=6,reqIdx=1,hash=58ed169a...
info|2019-12-12 14:54:32.039459|[g:1][CONSENSUS][PBFT]checkTimeout Succ,view=58680,toView=58681,nodeIdx=0,changeCycle=0,myNode=19b3f6e2...,timecost=0.385
info|2019-12-12 14:54:32.040761|[g:1][CONSENSUS][PBFT]checkAndChangeView: Reach consensus,org_view=58680,org_changeCycle=0,cur_changeCycle=0,to_view=58681
info|2019-12-12 14:54:33.011720|[P2P][Service] heartBeat,connected count=3
info|2019-12-12 14:54:33.042982|[g:1][CONSENSUS]addRawPrepare,height=6,reqIdx=2,hash=db8003dc...
info|2019-12-12 14:54:33.043932|[g:1][CONSENSUS][PBFT]checkTimeout Succ,view=58681,toView=58682,nodeIdx=0,changeCycle=0,myNode=19b3f6e2...,timecost=0.854
info|2019-12-12 14:54:33.045765|[g:1][CONSENSUS][PBFT]checkAndChangeView: Reach consensus,org_view=58681,org_changeCycle=0,cur_changeCycle=0,to_view=58682
info|2019-12-12 14:54:34.048659|[g:1][CONSENSUS]addRawPrepare,height=6,reqIdx=3,hash=bb008edb...
info|2019-12-12 14:54:34.049301|[g:1][CONSENSUS][PBFT]checkTimeout Succ,view=58682,toView=58683,nodeIdx=0,changeCycle=0,myNode=19b3f6e2...,timecost=0.477
info|2019-12-12 14:54:34.050764|[g:1][CONSENSUS][PBFT]checkAndChangeView: Reach consensus,org_view=58682,org_changeCycle=0,cur_changeCycle=0,to_view=58683
info|2019-12-12 14:54:35.050526|[g:1][CONSENSUS][SEALER]++++++++++++++++ Generating seal on,blkNum=6,tx=0,nodeIdx=0,hash=2e77186b...
info|2019-12-12 14:54:35.051567|[g:1][CONSENSUS][PBFT]checkTimeout Succ,view=58683,toView=58684,nodeIdx=0,changeCycle=0,myNode=19b3f6e2...,timecost=0.529
info|2019-12-12 14:54:35.053990|[g:1][CONSENSUS][PBFT]checkAndChangeView: Reach consensus,org_view=58683,org_changeCycle=0,cur_changeCycle=0,to_view=58684
info|2019-12-12 14:54:36.056993|[g:1][CONSENSUS]addRawPrepare,height=6,reqIdx=1,hash=70b96420...
info|2019-12-12 14:54:36.057683|[g:1][CONSENSUS][PBFT]checkTimeout Succ,view=58684,toView=58685,nodeIdx=0,changeCycle=0,myNode=19b3f6e2...,timecost=0.522
info|2019-12-12 14:54:36.059340|[g:1][CONSENSUS][PBFT]checkAndChangeView: Reach consensus,org_view=58684,org_changeCycle=0,cur_changeCycle=0,to_view=58685
info|2019-12-12 14:54:37.062227|[g:1][CONSENSUS]addRawPrepare,height=6,reqIdx=2,hash=dc3512d0...
info|2019-12-12 14:54:37.062885|[g:1][CONSENSUS][PBFT]checkTimeout Succ,view=58685,toView=58686,nodeIdx=0,changeCycle=0,myNode=19b3f6e2...,timecost=0.488
info|2019-12-12 14:54:37.064414|[g:1][CONSENSUS][PBFT]checkAndChangeView: Reach consensus,org_view=58685,org_changeCycle=0,cur_changeCycle=0,to_view=58686
info|2019-12-12 14:54:38.066302|[g:1][CONSENSUS]addRawPrepare,height=6,reqIdx=3,hash=d2a74f7c...
info|2019-12-12 14:54:38.067728|[g:1][CONSENSUS][PBFT]checkTimeout Succ,view=58686,toView=58687,nodeIdx=0,changeCycle=0,myNode=19b3f6e2...,timecost=1.288
info|2019-12-12 14:54:38.069203|[g:1][CONSENSUS][PBFT]checkAndChangeView: Reach consensus,org_view=58686,org_changeCycle=0,cur_changeCycle=0,to_view=58687
info|2019-12-12 14:54:39.070124|[g:1][CONSENSUS][SEALER]++++++++++++++++ Generating seal on,blkNum=6,tx=0,nodeIdx=0,hash=4fcd5d6e...
info|2019-12-12 14:54:39.072669|[g:1][CONSENSUS][PBFT]checkTimeout Succ,view=58687,toView=58688,nodeIdx=0,changeCycle=0,myNode=19b3f6e2...,timecost=0.402
info|2019-12-12 14:54:39.073308|[g:1][CONSENSUS][PBFT]checkAndChangeView: Reach consensus,org_view=58687,org_changeCycle=0,cur_changeCycle=0,to_view=58688
info|2019-12-12 14:54:40.074542|[g:1][CONSENSUS]addRawPrepare,height=6,reqIdx=1,hash=3acea76e...
info|2019-12-12 14:54:40.075323|[g:1][CONSENSUS][PBFT]checkTimeout Succ,view=58688,toView=58689,nodeIdx=0,changeCycle=0,myNode=19b3f6e2...,timecost=0.634
info|2019-12-12 14:54:40.076810|[g:1][CONSENSUS][PBFT]checkAndChangeView: Reach consensus,org_view=58688,org_changeCycle=0,cur_changeCycle=0,to_view=58689
info|2019-12-12 14:54:41.078058|[g:1][CONSENSUS]addRawPrepare,height=6,reqIdx=2,hash=6f55418c...
info|2019-12-12 14:54:41.078706|[g:1][CONSENSUS][PBFT]checkTimeout Succ,view=58689,toView=58690,nodeIdx=0,changeCycle=0,myNode=19b3f6e2...,timecost=0.523
info|2019-12-12 14:54:41.080199|[g:1][CONSENSUS][PBFT]checkAndChangeView: Reach consensus,org_view=58689,org_changeCycle=0,cur_changeCycle=0,to_view=58690
info|2019-12-12 14:54:42.082972|[g:1][CONSENSUS]addRawPrepare,height=6,reqIdx=3,hash=bda5c55b...
info|2019-12-12 14:54:42.083831|[g:1][CONSENSUS][PBFT]checkTimeout Succ,view=58690,toView=58691,nodeIdx=0,changeCycle=0,myNode=19b3f6e2...,timecost=0.617
info|2019-12-12 14:54:42.085467|[g:1][CONSENSUS][PBFT]checkAndChangeView: Reach consensus,org_view=58690,org_changeCycle=0,cur_changeCycle=0,to_view=58691
info|2019-12-12 14:54:43.017688|[P2P][Service] heartBeat,connected count=3
info|2019-12-12 14:54:43.085392|[g:1][CONSENSUS][SEALER]++++++++++++++++ Generating seal on,blkNum=6,tx=0,nodeIdx=0,hash=6dd52136...
info|2019-12-12 14:54:43.086509|[g:1][CONSENSUS][PBFT]checkTimeout Succ,view=58691,toView=58692,nodeIdx=0,changeCycle=0,myNode=19b3f6e2...,timecost=0.668
info|2019-12-12 14:54:43.089186|[g:1][CONSENSUS][PBFT]checkAndChangeView: Reach consensus,org_view=58691,org_changeCycle=0,cur_changeCycle=0,to_view=58692
info|2019-12-12 14:54:44.090576|[g:1][CONSENSUS]addRawPrepare,height=6,reqIdx=1,hash=b9ba4245...
info|2019-12-12 14:54:44.091233|[g:1][CONSENSUS][PBFT]checkTimeout Succ,view=58692,toView=58693,nodeIdx=0,changeCycle=0,myNode=19b3f6e2...,timecost=0.487
info|2019-12-12 14:54:44.092770|[g:1][CONSENSUS][PBFT]checkAndChangeView: Reach consensus,org_view=58692,org_changeCycle=0,cur_changeCycle=0,to_view=58693
info|2019-12-12 14:54:45.093443|[g:1][CONSENSUS]addRawPrepare,height=6,reqIdx=2,hash=f91ce379...
info|2019-12-12 14:54:45.094023|[g:1][CONSENSUS][PBFT]checkTimeout Succ,view=58693,toView=58694,nodeIdx=0,changeCycle=0,myNode=19b3f6e2...,timecost=0.446
info|2019-12-12 14:54:45.095566|[g:1][CONSENSUS][PBFT]checkAndChangeView: Reach consensus,org_view=58693,org_changeCycle=0,cur_changeCycle=0,to_view=58694
info|2019-12-12 14:54:46.098046|[g:1][CONSENSUS]addRawPrepare,height=6,reqIdx=3,hash=65318008...
info|2019-12-12 14:54:46.098693|[g:1][CONSENSUS][PBFT]checkTimeout Succ,view=58694,toView=58695,nodeIdx=0,changeCycle=0,myNode=19b3f6e2...,timecost=0.476
info|2019-12-12 14:54:46.100191|[g:1][CONSENSUS][PBFT]checkAndChangeView: Reach consensus,org_view=58694,org_changeCycle=0,cur_changeCycle=0,to_view=58695
info|2019-12-12 14:54:47.100212|[g:1][CONSENSUS][SEALER]++++++++++++++++ Generating seal on,blkNum=6,tx=0,nodeIdx=0,hash=57358a67...
info|2019-12-12 14:54:47.101096|[g:1][CONSENSUS][PBFT]checkTimeout Succ,view=58695,toView=58696,nodeIdx=0,changeCycle=0,myNode=19b3f6e2...,timecost=0.426
info|2019-12-12 14:54:47.103882|[g:1][CONSENSUS][PBFT]checkAndChangeView: Reach consensus,org_view=58695,org_changeCycle=0,cur_changeCycle=0,to_view=58696
info|2019-12-12 14:54:48.106082|[g:1][CONSENSUS]addRawPrepare,height=6,reqIdx=1,hash=1e11488b...
info|2019-12-12 14:54:48.106849|[g:1][CONSENSUS][PBFT]checkTimeout Succ,view=58696,toView=58697,nodeIdx=0,changeCycle=0,myNode=19b3f6e2...,timecost=0.652
info|2019-12-12 14:54:48.108386|[g:1][CONSENSUS][PBFT]checkAndChangeView: Reach consensus,org_view=58696,org_changeCycle=0,cur_changeCycle=0,to_view=58697
info|2019-12-12 14:54:49.111744|[g:1][CONSENSUS]addRawPrepare,height=6,reqIdx=2,hash=6399e172...
info|2019-12-12 14:54:49.112457|[g:1][CONSENSUS][PBFT]checkTimeout Succ,view=58697,toView=58698,nodeIdx=0,changeCycle=0,myNode=19b3f6e2...,timecost=0.536
info|2019-12-12 14:54:49.113753|[g:1][CONSENSUS][PBFT]checkAndChangeView: Reach consensus,org_view=58697,org_changeCycle=0,cur_changeCycle=0,to_view=58698
info|2019-12-12 14:54:50.114728|[g:1][CONSENSUS]addRawPrepare,height=6,reqIdx=3,hash=1871706d...
info|2019-12-12 14:54:50.115310|[g:1][CONSENSUS][PBFT]checkTimeout Succ,view=58698,toView=58699,nodeIdx=0,changeCycle=0,myNode=19b3f6e2...,timecost=0.453
info|2019-12-12 14:54:50.116705|[g:1][CONSENSUS][PBFT]checkAndChangeView: Reach consensus,org_view=58698,org_changeCycle=0,cur_changeCycle=0,to_view=58699
info|2019-12-12 14:54:51.117086|[g:1][CONSENSUS][SEALER]++++++++++++++++ Generating seal on,blkNum=6,tx=0,nodeIdx=0,hash=9da47b10...
info|2019-12-12 14:54:51.120307|[g:1][CONSENSUS][PBFT]checkTimeout Succ,view=58699,toView=58700,nodeIdx=0,changeCycle=0,myNode=19b3f6e2...,timecost=0.487
info|2019-12-12 14:54:51.121160|[g:1][CONSENSUS][PBFT]checkAndChangeView: Reach consensus,org_view=58699,org_changeCycle=0,cur_changeCycle=0,to_view=58700
