info|2019-12-11 14:20:00.009442|[P2P][Service] heartBeat,connected count=3
warning|2019-12-11 14:20:00.014639|[g:1][CONSENSUS][PBFT]ViewChangeWarning: not caused by omit empty block ,v=29588,toV=29589,curNum=5,hash=a9fec021...,nodeIdx=0,myNode=19b3f6e2...
info|2019-12-11 14:20:00.015730|[g:1][CONSENSUS][PBFT]checkTimeout Succ,view=29588,toView=29589,nodeIdx=0,changeCycle=1,myNode=19b3f6e2...,timecost=4.694
info|2019-12-11 14:20:00.017147|[g:1][CONSENSUS][PBFT]checkAndChangeView: Reach consensus,org_view=29588,org_changeCycle=1,cur_changeCycle=1,to_view=29589
info|2019-12-11 14:20:01.014768|[g:1][CONSENSUS]addRawPrepare,height=6,reqIdx=2,hash=81e2b2e0...
info|2019-12-11 14:20:01.015245|[g:1][CONSENSUS][PBFT]checkTimeout Succ,view=29589,toView=29590,nodeIdx=0,changeCycle=0,myNode=19b3f6e2...,timecost=0.379
info|2019-12-11 14:20:01.016468|[g:1][CONSENSUS][PBFT]checkAndChangeView: Reach consensus,org_view=29589,org_changeCycle=0,cur_changeCycle=0,to_view=29590
info|2019-12-11 14:20:02.017284|[g:1][CONSENSUS]addRawPrepare,height=6,reqIdx=3,hash=9ec79a52...
info|2019-12-11 14:20:02.017745|[g:1][CONSENSUS][PBFT]checkTimeout Succ,view=29590,toView=29591,nodeIdx=0,changeCycle=0,myNode=19b3f6e2...,timecost=0.355
info|2019-12-11 14:20:02.019237|[g:1][CONSENSUS][PBFT]checkAndChangeView: Reach consensus,org_view=29590,org_changeCycle=0,cur_changeCycle=0,to_view=29591
info|2019-12-11 14:20:03.020009|[g:1][CONSENSUS][SEALER]++++++++++++++++ Generating seal on,blkNum=6,tx=0,nodeIdx=0,hash=6d374d6c...
info|2019-12-11 14:20:03.020698|[g:1][CONSENSUS][PBFT]checkTimeout Succ,view=29591,toView=29592,nodeIdx=0,changeCycle=0,myNode=19b3f6e2...,timecost=0.32
info|2019-12-11 14:20:03.023033|[g:1][CONSENSUS][PBFT]checkAndChangeView: Reach consensus,org_view=29591,org_changeCycle=0,cur_changeCycle=0,to_view=29592
info|2019-12-11 14:20:04.024091|[g:1][CONSENSUS]addRawPrepare,height=6,reqIdx=1,hash=4c306b05...
info|2019-12-11 14:20:04.024540|[g:1][CONSENSUS][PBFT]checkTimeout Succ,view=29592,toView=29593,nodeIdx=0,changeCycle=0,myNode=19b3f6e2...,timecost=0.355
info|2019-12-11 14:20:04.025689|[g:1][CONSENSUS][PBFT]checkAndChangeView: Reach consensus,org_view=29592,org_changeCycle=0,cur_changeCycle=0,to_view=29593
info|2019-12-11 14:20:05.027126|[g:1][CONSENSUS]addRawPrepare,height=6,reqIdx=2,hash=70dcc07c...
info|2019-12-11 14:20:05.027624|[g:1][CONSENSUS][PBFT]checkTimeout Succ,view=29593,toView=29594,nodeIdx=0,changeCycle=0,myNode=19b3f6e2...,timecost=0.412
info|2019-12-11 14:20:05.029109|[g:1][CONSENSUS][PBFT]checkAndChangeView: Reach consensus,org_view=29593,org_changeCycle=0,cur_changeCycle=0,to_view=29594
info|2019-12-11 14:20:06.030371|[g:1][CONSENSUS]addRawPrepare,height=6,reqIdx=3,hash=de45ca72...
info|2019-12-11 14:20:06.030885|[g:1][CONSENSUS][PBFT]checkTimeout Succ,view=29594,toView=29595,nodeIdx=0,changeCycle=0,myNode=19b3f6e2...,timecost=0.416
info|2019-12-11 14:20:06.032067|[g:1][CONSENSUS][PBFT]checkAndChangeView: Reach consensus,org_view=29594,org_changeCycle=0,cur_changeCycle=0,to_view=29595
info|2019-12-11 14:20:07.032746|[g:1][CONSENSUS][SEALER]++++++++++++++++ Generating seal on,blkNum=6,tx=0,nodeIdx=0,hash=7ab4ee37...
info|2019-12-11 14:20:07.035604|[g:1][CONSENSUS][PBFT]checkTimeout Succ,view=29595,toView=29596,nodeIdx=0,changeCycle=0,myNode=19b3f6e2...,timecost=0.388
info|2019-12-11 14:20:07.036168|[g:1][CONSENSUS][PBFT]checkAndChangeView: Reach consensus,org_view=29595,org_changeCycle=0,cur_changeCycle=0,to_view=29596
info|2019-12-11 14:20:08.037380|[g:1][CONSENSUS]addRawPrepare,height=6,reqIdx=1,hash=9480c8b2...
info|2019-12-11 14:20:08.037897|[g:1][CONSENSUS][PBFT]checkTimeout Succ,view=29596,toView=29597,nodeIdx=0,changeCycle=0,myNode=19b3f6e2...,timecost=0.394
info|2019-12-11 14:20:08.039262|[g:1][CONSENSUS][PBFT]checkAndChangeView: Reach consensus,org_view=29596,org_changeCycle=0,cur_changeCycle=0,to_view=29597
info|2019-12-11 14:20:09.040538|[g:1][CONSENSUS]addRawPrepare,height=6,reqIdx=2,hash=7c047a9f...
info|2019-12-11 14:20:09.041048|[g:1][CONSENSUS][PBFT]checkTimeout Succ,view=29597,toView=29598,nodeIdx=0,changeCycle=0,myNode=19b3f6e2...,timecost=0.384
info|2019-12-11 14:20:09.042199|[g:1][CONSENSUS][PBFT]checkAndChangeView: Reach consensus,org_view=29597,org_changeCycle=0,cur_changeCycle=0,to_view=29598
info|2019-12-11 14:20:10.011924|[P2P][Service] heartBeat,connected count=3
info|2019-12-11 14:20:10.043147|[g:1][CONSENSUS]addRawPrepare,height=6,reqIdx=3,hash=00cf8a24...
info|2019-12-11 14:20:10.044052|[g:1][CONSENSUS][PBFT]checkTimeout Succ,view=29598,toView=29599,nodeIdx=0,changeCycle=0,myNode=19b3f6e2...,timecost=0.781
info|2019-12-11 14:20:10.045284|[g:1][CONSENSUS][PBFT]checkAndChangeView: Reach consensus,org_view=29598,org_changeCycle=0,cur_changeCycle=0,to_view=29599
info|2019-12-11 14:20:11.045966|[g:1][CONSENSUS][SEALER]++++++++++++++++ Generating seal on,blkNum=6,tx=0,nodeIdx=0,hash=dcda9eb3...
info|2019-12-11 14:20:11.046707|[g:1][CONSENSUS][PBFT]checkTimeout Succ,view=29599,toView=29600,nodeIdx=0,changeCycle=0,myNode=19b3f6e2...,timecost=0.295
info|2019-12-11 14:20:11.048517|[g:1][CONSENSUS][PBFT]checkAndChangeView: Reach consensus,org_view=29599,org_changeCycle=0,cur_changeCycle=0,to_view=29600
info|2019-12-11 14:20:12.050281|[g:1][CONSENSUS]addRawPrepare,height=6,reqIdx=1,hash=0d73c657...
info|2019-12-11 14:20:12.050748|[g:1][CONSENSUS][PBFT]checkTimeout Succ,view=29600,toView=29601,nodeIdx=0,changeCycle=0,myNode=19b3f6e2...,timecost=0.369
info|2019-12-11 14:20:12.051727|[g:1][CONSENSUS][PBFT]checkAndChangeView: Reach consensus,org_view=29600,org_changeCycle=0,cur_changeCycle=0,to_view=29601
info|2019-12-11 14:20:13.053257|[g:1][CONSENSUS]addRawPrepare,height=6,reqIdx=2,hash=e5279dcd...
info|2019-12-11 14:20:13.053719|[g:1][CONSENSUS][PBFT]checkTimeout Succ,view=29601,toView=29602,nodeIdx=0,changeCycle=0,myNode=19b3f6e2...,timecost=0.337
info|2019-12-11 14:20:13.054865|[g:1][CONSENSUS][PBFT]checkAndChangeView: Reach consensus,org_view=29601,org_changeCycle=0,cur_changeCycle=0,to_view=29602
info|2019-12-11 14:20:14.055713|[g:1][CONSENSUS]addRawPrepare,height=6,reqIdx=3,hash=ccc3699b...
info|2019-12-11 14:20:14.056419|[g:1][CONSENSUS][PBFT]checkTimeout Succ,view=29602,toView=29603,nodeIdx=0,changeCycle=0,myNode=19b3f6e2...,timecost=0.518
info|2019-12-11 14:20:14.057997|[g:1][CONSENSUS][PBFT]checkAndChangeView: Reach consensus,org_view=29602,org_changeCycle=0,cur_changeCycle=0,to_view=29603
info|2019-12-11 14:20:15.058475|[g:1][CONSENSUS][SEALER]++++++++++++++++ Generating seal on,blkNum=6,tx=0,nodeIdx=0,hash=fc57e814...
info|2019-12-11 14:20:15.059359|[g:1][CONSENSUS][PBFT]checkTimeout Succ,view=29603,toView=29604,nodeIdx=0,changeCycle=0,myNode=19b3f6e2...,timecost=0.455
info|2019-12-11 14:20:15.061386|[g:1][CONSENSUS][PBFT]checkAndChangeView: Reach consensus,org_view=29603,org_changeCycle=0,cur_changeCycle=0,to_view=29604
info|2019-12-11 14:20:16.062152|[g:1][CONSENSUS]addRawPrepare,height=6,reqIdx=1,hash=71d389af...
info|2019-12-11 14:20:16.062663|[g:1][CONSENSUS][PBFT]checkTimeout Succ,view=29604,toView=29605,nodeIdx=0,changeCycle=0,myNode=19b3f6e2...,timecost=0.391
info|2019-12-11 14:20:16.064061|[g:1][CONSENSUS][PBFT]checkAndChangeView: Reach consensus,org_view=29604,org_changeCycle=0,cur_changeCycle=0,to_view=29605
info|2019-12-11 14:20:17.064722|[g:1][CONSENSUS]addRawPrepare,height=6,reqIdx=2,hash=20c9e6da...
info|2019-12-11 14:20:17.065202|[g:1][CONSENSUS][PBFT]checkTimeout Succ,view=29605,toView=29606,nodeIdx=0,changeCycle=0,myNode=19b3f6e2...,timecost=0.377
info|2019-12-11 14:20:17.066312|[g:1][CONSENSUS][PBFT]checkAndChangeView: Reach consensus,org_view=29605,org_changeCycle=0,cur_changeCycle=0,to_view=29606
info|2019-12-11 14:20:18.067615|[g:1][CONSENSUS]addRawPrepare,height=6,reqIdx=3,hash=4aca6325...
info|2019-12-11 14:20:18.068316|[g:1][CONSENSUS][PBFT]checkTimeout Succ,view=29606,toView=29607,nodeIdx=0,changeCycle=0,myNode=19b3f6e2...,timecost=0.498
info|2019-12-11 14:20:18.069900|[g:1][CONSENSUS][PBFT]checkAndChangeView: Reach consensus,org_view=29606,org_changeCycle=0,cur_changeCycle=0,to_view=29607
info|2019-12-11 14:20:19.070050|[g:1][CONSENSUS][SEALER]++++++++++++++++ Generating seal on,blkNum=6,tx=0,nodeIdx=0,hash=78cd2ef5...
info|2019-12-11 14:20:19.072455|[g:1][CONSENSUS][PBFT]checkTimeout Succ,view=29607,toView=29608,nodeIdx=0,changeCycle=0,myNode=19b3f6e2...,timecost=0.337
info|2019-12-11 14:20:19.072993|[g:1][CONSENSUS][PBFT]checkAndChangeView: Reach consensus,org_view=29607,org_changeCycle=0,cur_changeCycle=0,to_view=29608
info|2019-12-11 14:20:20.015680|[P2P][Service] heartBeat,connected count=3
info|2019-12-11 14:20:20.073880|[g:1][CONSENSUS]addRawPrepare,height=6,reqIdx=1,hash=fef35e69...
info|2019-12-11 14:20:20.074587|[g:1][CONSENSUS][PBFT]checkTimeout Succ,view=29608,toView=29609,nodeIdx=0,changeCycle=0,myNode=19b3f6e2...,timecost=0.583
info|2019-12-11 14:20:20.076378|[g:1][CONSENSUS][PBFT]checkAndChangeView: Reach consensus,org_view=29608,org_changeCycle=0,cur_changeCycle=0,to_view=29609
info|2019-12-11 14:20:21.078032|[g:1][CONSENSUS]addRawPrepare,height=6,reqIdx=2,hash=b3a0d8c8...
info|2019-12-11 14:20:21.078733|[g:1][CONSENSUS][PBFT]checkTimeout Succ,view=29609,toView=29610,nodeIdx=0,changeCycle=0,myNode=19b3f6e2...,timecost=0.542
info|2019-12-11 14:20:21.080103|[g:1][CONSENSUS][PBFT]checkAndChangeView: Reach consensus,org_view=29609,org_changeCycle=0,cur_changeCycle=0,to_view=29610
info|2019-12-11 14:20:22.081805|[g:1][CONSENSUS]addRawPrepare,height=6,reqIdx=3,hash=8b817270...
info|2019-12-11 14:20:22.082360|[g:1][CONSENSUS][PBFT]checkTimeout Succ,view=29610,toView=29611,nodeIdx=0,changeCycle=0,myNode=19b3f6e2...,timecost=0.437
info|2019-12-11 14:20:22.083398|[g:1][CONSENSUS][PBFT]checkAndChangeView: Reach consensus,org_view=29610,org_changeCycle=0,cur_changeCycle=0,to_view=29611
info|2019-12-11 14:20:23.084147|[g:1][CONSENSUS][SEALER]++++++++++++++++ Generating seal on,blkNum=6,tx=0,nodeIdx=0,hash=6fafe352...
info|2019-12-11 14:20:23.087699|[g:1][CONSENSUS][PBFT]checkTimeout Succ,view=29611,toView=29612,nodeIdx=0,changeCycle=0,myNode=19b3f6e2...,timecost=0.449
info|2019-12-11 14:20:23.088495|[g:1][CONSENSUS][PBFT]checkAndChangeView: Reach consensus,org_view=29611,org_changeCycle=0,cur_changeCycle=0,to_view=29612
info|2019-12-11 14:20:24.089063|[g:1][CONSENSUS]addRawPrepare,height=6,reqIdx=1,hash=084e13f5...
info|2019-12-11 14:20:24.089525|[g:1][CONSENSUS][PBFT]checkTimeout Succ,view=29612,toView=29613,nodeIdx=0,changeCycle=0,myNode=19b3f6e2...,timecost=0.333
info|2019-12-11 14:20:24.090539|[g:1][CONSENSUS][PBFT]checkAndChangeView: Reach consensus,org_view=29612,org_changeCycle=0,cur_changeCycle=0,to_view=29613
info|2019-12-11 14:20:25.092593|[g:1][CONSENSUS]addRawPrepare,height=6,reqIdx=2,hash=da44d899...
info|2019-12-11 14:20:25.093909|[g:1][CONSENSUS][PBFT]checkTimeout Succ,view=29613,toView=29614,nodeIdx=0,changeCycle=0,myNode=19b3f6e2...,timecost=1.148
info|2019-12-11 14:20:25.095398|[g:1][CONSENSUS][PBFT]checkAndChangeView: Reach consensus,org_view=29613,org_changeCycle=0,cur_changeCycle=0,to_view=29614
info|2019-12-11 14:20:26.097248|[g:1][CONSENSUS]addRawPrepare,height=6,reqIdx=3,hash=0c4d4994...
info|2019-12-11 14:20:26.097711|[g:1][CONSENSUS][PBFT]checkTimeout Succ,view=29614,toView=29615,nodeIdx=0,changeCycle=0,myNode=19b3f6e2...,timecost=0.367
info|2019-12-11 14:20:26.098733|[g:1][CONSENSUS][PBFT]checkAndChangeView: Reach consensus,org_view=29614,org_changeCycle=0,cur_changeCycle=0,to_view=29615
info|2019-12-11 14:20:27.098179|[g:1][CONSENSUS][SEALER]++++++++++++++++ Generating seal on,blkNum=6,tx=0,nodeIdx=0,hash=f45029f2...
info|2019-12-11 14:20:27.100069|[g:1][CONSENSUS][PBFT]checkTimeout Succ,view=29615,toView=29616,nodeIdx=0,changeCycle=0,myNode=19b3f6e2...,timecost=0.322
info|2019-12-11 14:20:27.101265|[g:1][CONSENSUS][PBFT]checkAndChangeView: Reach consensus,org_view=29615,org_changeCycle=0,cur_changeCycle=0,to_view=29616
info|2019-12-11 14:20:28.101580|[g:1][CONSENSUS]addRawPrepare,height=6,reqIdx=1,hash=b15b78d3...
info|2019-12-11 14:20:28.102025|[g:1][CONSENSUS][PBFT]checkTimeout Succ,view=29616,toView=29617,nodeIdx=0,changeCycle=0,myNode=19b3f6e2...,timecost=0.321
info|2019-12-11 14:20:28.103079|[g:1][CONSENSUS][PBFT]checkAndChangeView: Reach consensus,org_view=29616,org_changeCycle=0,cur_changeCycle=0,to_view=29617
info|2019-12-11 14:20:29.105603|[g:1][CONSENSUS]addRawPrepare,height=6,reqIdx=2,hash=13c66411...
info|2019-12-11 14:20:29.106282|[g:1][CONSENSUS][PBFT]checkTimeout Succ,view=29617,toView=29618,nodeIdx=0,changeCycle=0,myNode=19b3f6e2...,timecost=0.524
info|2019-12-11 14:20:29.108060|[g:1][CONSENSUS][PBFT]checkAndChangeView: Reach consensus,org_view=29617,org_changeCycle=0,cur_changeCycle=0,to_view=29618
info|2019-12-11 14:20:30.018198|[P2P][Service] heartBeat,connected count=3
info|2019-12-11 14:20:30.109338|[g:1][CONSENSUS]addRawPrepare,height=6,reqIdx=3,hash=64cdc6d6...
info|2019-12-11 14:20:30.110285|[g:1][CONSENSUS][PBFT]checkTimeout Succ,view=29618,toView=29619,nodeIdx=0,changeCycle=0,myNode=19b3f6e2...,timecost=0.816
info|2019-12-11 14:20:30.111324|[g:1][CONSENSUS][PBFT]checkAndChangeView: Reach consensus,org_view=29618,org_changeCycle=0,cur_changeCycle=0,to_view=29619
info|2019-12-11 14:20:31.111645|[g:1][CONSENSUS][SEALER]++++++++++++++++ Generating seal on,blkNum=6,tx=0,nodeIdx=0,hash=8e5ae22b...
info|2019-12-11 14:20:31.114194|[g:1][CONSENSUS][PBFT]checkTimeout Succ,view=29619,toView=29620,nodeIdx=0,changeCycle=0,myNode=19b3f6e2...,timecost=0.383
info|2019-12-11 14:20:31.114892|[g:1][CONSENSUS][PBFT]checkAndChangeView: Reach consensus,org_view=29619,org_changeCycle=0,cur_changeCycle=0,to_view=29620
info|2019-12-11 14:20:32.115096|[g:1][CONSENSUS]addRawPrepare,height=6,reqIdx=1,hash=fe404684...
info|2019-12-11 14:20:32.115532|[g:1][CONSENSUS][PBFT]checkTimeout Succ,view=29620,toView=29621,nodeIdx=0,changeCycle=0,myNode=19b3f6e2...,timecost=0.311
info|2019-12-11 14:20:32.116626|[g:1][CONSENSUS][PBFT]checkAndChangeView: Reach consensus,org_view=29620,org_changeCycle=0,cur_changeCycle=0,to_view=29621
info|2019-12-11 14:20:33.117575|[g:1][CONSENSUS]addRawPrepare,height=6,reqIdx=2,hash=3eace6f0...
info|2019-12-11 14:20:33.118134|[g:1][CONSENSUS][PBFT]checkTimeout Succ,view=29621,toView=29622,nodeIdx=0,changeCycle=0,myNode=19b3f6e2...,timecost=0.457
info|2019-12-11 14:20:33.119426|[g:1][CONSENSUS][PBFT]checkAndChangeView: Reach consensus,org_view=29621,org_changeCycle=0,cur_changeCycle=0,to_view=29622
info|2019-12-11 14:20:34.120218|[g:1][CONSENSUS]addRawPrepare,height=6,reqIdx=3,hash=7b5304d0...
info|2019-12-11 14:20:34.120831|[g:1][CONSENSUS][PBFT]checkTimeout Succ,view=29622,toView=29623,nodeIdx=0,changeCycle=0,myNode=19b3f6e2...,timecost=0.427
info|2019-12-11 14:20:34.122014|[g:1][CONSENSUS][PBFT]checkAndChangeView: Reach consensus,org_view=29622,org_changeCycle=0,cur_changeCycle=0,to_view=29623
info|2019-12-11 14:20:35.122287|[g:1][CONSENSUS][SEALER]++++++++++++++++ Generating seal on,blkNum=6,tx=0,nodeIdx=0,hash=c5ddf940...
info|2019-12-11 14:20:35.128095|[g:1][CONSENSUS][PBFT]checkTimeout Succ,view=29623,toView=29624,nodeIdx=0,changeCycle=0,myNode=19b3f6e2...,timecost=5.466
info|2019-12-11 14:20:35.130519|[g:1][CONSENSUS][PBFT]checkAndChangeView: Reach consensus,org_view=29623,org_changeCycle=0,cur_changeCycle=0,to_view=29624
info|2019-12-11 14:20:36.127226|[g:1][CONSENSUS]addRawPrepare,height=6,reqIdx=1,hash=82520e16...
info|2019-12-11 14:20:36.127849|[g:1][CONSENSUS][PBFT]checkTimeout Succ,view=29624,toView=29625,nodeIdx=0,changeCycle=0,myNode=19b3f6e2...,timecost=0.496
info|2019-12-11 14:20:36.129453|[g:1][CONSENSUS][PBFT]checkAndChangeView: Reach consensus,org_view=29624,org_changeCycle=0,cur_changeCycle=0,to_view=29625
info|2019-12-11 14:20:37.130862|[g:1][CONSENSUS]addRawPrepare,height=6,reqIdx=2,hash=d58b483a...
info|2019-12-11 14:20:37.131406|[g:1][CONSENSUS][PBFT]checkTimeout Succ,view=29625,toView=29626,nodeIdx=0,changeCycle=0,myNode=19b3f6e2...,timecost=0.419
info|2019-12-11 14:20:37.132879|[g:1][CONSENSUS][PBFT]checkAndChangeView: Reach consensus,org_view=29625,org_changeCycle=0,cur_changeCycle=0,to_view=29626
info|2019-12-11 14:20:38.134685|[g:1][CONSENSUS]addRawPrepare,height=6,reqIdx=3,hash=0d92cadd...
info|2019-12-11 14:20:38.135355|[g:1][CONSENSUS][PBFT]checkTimeout Succ,view=29626,toView=29627,nodeIdx=0,changeCycle=0,myNode=19b3f6e2...,timecost=0.543
info|2019-12-11 14:20:38.136874|[g:1][CONSENSUS][PBFT]checkAndChangeView: Reach consensus,org_view=29626,org_changeCycle=0,cur_changeCycle=0,to_view=29627
info|2019-12-11 14:20:39.136424|[g:1][CONSENSUS][SEALER]++++++++++++++++ Generating seal on,blkNum=6,tx=0,nodeIdx=0,hash=4d88dd55...
info|2019-12-11 14:20:39.137257|[g:1][CONSENSUS][PBFT]checkTimeout Succ,view=29627,toView=29628,nodeIdx=0,changeCycle=0,myNode=19b3f6e2...,timecost=0.388
info|2019-12-11 14:20:39.139975|[g:1][CONSENSUS][PBFT]checkAndChangeView: Reach consensus,org_view=29627,org_changeCycle=0,cur_changeCycle=0,to_view=29628
info|2019-12-11 14:20:40.021187|[P2P][Service] heartBeat,connected count=3
info|2019-12-11 14:20:40.140860|[g:1][CONSENSUS]addRawPrepare,height=6,reqIdx=1,hash=40108797...
info|2019-12-11 14:20:40.141593|[g:1][CONSENSUS][PBFT]checkTimeout Succ,view=29628,toView=29629,nodeIdx=0,changeCycle=0,myNode=19b3f6e2...,timecost=0.604
info|2019-12-11 14:20:40.143078|[g:1][CONSENSUS][PBFT]checkAndChangeView: Reach consensus,org_view=29628,org_changeCycle=0,cur_changeCycle=0,to_view=29629
info|2019-12-11 14:20:41.145411|[g:1][CONSENSUS]addRawPrepare,height=6,reqIdx=2,hash=8ad71974...
info|2019-12-11 14:20:41.145898|[g:1][CONSENSUS][PBFT]checkTimeout Succ,view=29629,toView=29630,nodeIdx=0,changeCycle=0,myNode=19b3f6e2...,timecost=0.392
info|2019-12-11 14:20:41.146907|[g:1][CONSENSUS][PBFT]checkAndChangeView: Reach consensus,org_view=29629,org_changeCycle=0,cur_changeCycle=0,to_view=29630
info|2019-12-11 14:20:42.149025|[g:1][CONSENSUS]addRawPrepare,height=6,reqIdx=3,hash=7cf949ec...
info|2019-12-11 14:20:42.149525|[g:1][CONSENSUS][PBFT]checkTimeout Succ,view=29630,toView=29631,nodeIdx=0,changeCycle=0,myNode=19b3f6e2...,timecost=0.369
info|2019-12-11 14:20:42.150861|[g:1][CONSENSUS][PBFT]checkAndChangeView: Reach consensus,org_view=29630,org_changeCycle=0,cur_changeCycle=0,to_view=29631
info|2019-12-11 14:20:43.150998|[g:1][CONSENSUS][SEALER]++++++++++++++++ Generating seal on,blkNum=6,tx=0,nodeIdx=0,hash=631d4066...
info|2019-12-11 14:20:43.151727|[g:1][CONSENSUS][PBFT]checkTimeout Succ,view=29631,toView=29632,nodeIdx=0,changeCycle=0,myNode=19b3f6e2...,timecost=0.28
info|2019-12-11 14:20:43.153496|[g:1][CONSENSUS][PBFT]checkAndChangeView: Reach consensus,org_view=29631,org_changeCycle=0,cur_changeCycle=0,to_view=29632
info|2019-12-11 14:20:44.154920|[g:1][CONSENSUS]addRawPrepare,height=6,reqIdx=1,hash=db804b43...
info|2019-12-11 14:20:44.155520|[g:1][CONSENSUS][PBFT]checkTimeout Succ,view=29632,toView=29633,nodeIdx=0,changeCycle=0,myNode=19b3f6e2...,timecost=0.426
info|2019-12-11 14:20:44.156544|[g:1][CONSENSUS][PBFT]checkAndChangeView: Reach consensus,org_view=29632,org_changeCycle=0,cur_changeCycle=0,to_view=29633
info|2019-12-11 14:20:45.157556|[g:1][CONSENSUS]addRawPrepare,height=6,reqIdx=2,hash=08969b13...
info|2019-12-11 14:20:45.158373|[g:1][CONSENSUS][PBFT]checkTimeout Succ,view=29633,toView=29634,nodeIdx=0,changeCycle=0,myNode=19b3f6e2...,timecost=0.727
info|2019-12-11 14:20:45.159369|[g:1][CONSENSUS][PBFT]checkAndChangeView: Reach consensus,org_view=29633,org_changeCycle=0,cur_changeCycle=0,to_view=29634
info|2019-12-11 14:20:46.160435|[g:1][CONSENSUS]addRawPrepare,height=6,reqIdx=3,hash=5346e741...
info|2019-12-11 14:20:46.160946|[g:1][CONSENSUS][PBFT]checkTimeout Succ,view=29634,toView=29635,nodeIdx=0,changeCycle=0,myNode=19b3f6e2...,timecost=0.388
info|2019-12-11 14:20:46.162286|[g:1][CONSENSUS][PBFT]checkAndChangeView: Reach consensus,org_view=29634,org_changeCycle=0,cur_changeCycle=0,to_view=29635
info|2019-12-11 14:20:47.162875|[g:1][CONSENSUS][SEALER]++++++++++++++++ Generating seal on,blkNum=6,tx=0,nodeIdx=0,hash=bfe12277...
info|2019-12-11 14:20:47.163458|[g:1][CONSENSUS][PBFT]checkTimeout Succ,view=29635,toView=29636,nodeIdx=0,changeCycle=0,myNode=19b3f6e2...,timecost=0.295
info|2019-12-11 14:20:47.165218|[g:1][CONSENSUS][PBFT]checkAndChangeView: Reach consensus,org_view=29635,org_changeCycle=0,cur_changeCycle=0,to_view=29636
info|2019-12-11 14:20:48.166329|[g:1][CONSENSUS]addRawPrepare,height=6,reqIdx=1,hash=a2f0e8a1...
info|2019-12-11 14:20:48.166850|[g:1][CONSENSUS][PBFT]checkTimeout Succ,view=29636,toView=29637,nodeIdx=0,changeCycle=0,myNode=19b3f6e2...,timecost=0.371
info|2019-12-11 14:20:48.167808|[g:1][CONSENSUS][PBFT]checkAndChangeView: Reach consensus,org_view=29636,org_changeCycle=0,cur_changeCycle=0,to_view=29637
info|2019-12-11 14:20:49.169253|[g:1][CONSENSUS]addRawPrepare,height=6,reqIdx=2,hash=ff0d3663...
info|2019-12-11 14:20:49.170096|[g:1][CONSENSUS][PBFT]checkTimeout Succ,view=29637,toView=29638,nodeIdx=0,changeCycle=0,myNode=19b3f6e2...,timecost=0.643
info|2019-12-11 14:20:49.171385|[g:1][CONSENSUS][PBFT]checkAndChangeView: Reach consensus,org_view=29637,org_changeCycle=0,cur_changeCycle=0,to_view=29638
info|2019-12-11 14:20:50.025622|[P2P][Service] heartBeat,connected count=3
info|2019-12-11 14:20:50.173560|[g:1][CONSENSUS]addRawPrepare,height=6,reqIdx=3,hash=07365ce3...
info|2019-12-11 14:20:50.174089|[g:1][CONSENSUS][PBFT]checkTimeout Succ,view=29638,toView=29639,nodeIdx=0,changeCycle=0,myNode=19b3f6e2...,timecost=0.389
info|2019-12-11 14:20:50.175265|[g:1][CONSENSUS][PBFT]checkAndChangeView: Reach consensus,org_view=29638,org_changeCycle=0,cur_changeCycle=0,to_view=29639
info|2019-12-11 14:20:51.175251|[g:1][CONSENSUS][SEALER]++++++++++++++++ Generating seal on,blkNum=6,tx=0,nodeIdx=0,hash=b02e97ec...
info|2019-12-11 14:20:51.176079|[g:1][CONSENSUS][PBFT]checkTimeout Succ,view=29639,toView=29640,nodeIdx=0,changeCycle=0,myNode=19b3f6e2...,timecost=0.359
info|2019-12-11 14:20:51.178527|[g:1][CONSENSUS][PBFT]checkAndChangeView: Reach consensus,org_view=29639,org_changeCycle=0,cur_changeCycle=0,to_view=29640
info|2019-12-11 14:20:52.179699|[g:1][CONSENSUS]addRawPrepare,height=6,reqIdx=1,hash=eb17b476...
info|2019-12-11 14:20:52.180161|[g:1][CONSENSUS][PBFT]checkTimeout Succ,view=29640,toView=29641,nodeIdx=0,changeCycle=0,myNode=19b3f6e2...,timecost=0.37
info|2019-12-11 14:20:52.181323|[g:1][CONSENSUS][PBFT]checkAndChangeView: Reach consensus,org_view=29640,org_changeCycle=0,cur_changeCycle=0,to_view=29641
info|2019-12-11 14:20:53.182779|[g:1][CONSENSUS]addRawPrepare,height=6,reqIdx=2,hash=3dcff321...
info|2019-12-11 14:20:53.183262|[g:1][CONSENSUS][PBFT]checkTimeout Succ,view=29641,toView=29642,nodeIdx=0,changeCycle=0,myNode=19b3f6e2...,timecost=0.37
info|2019-12-11 14:20:53.184461|[g:1][CONSENSUS][PBFT]checkAndChangeView: Reach consensus,org_view=29641,org_changeCycle=0,cur_changeCycle=0,to_view=29642
info|2019-12-11 14:20:54.185889|[g:1][CONSENSUS]addRawPrepare,height=6,reqIdx=3,hash=966b927d...
info|2019-12-11 14:20:54.186464|[g:1][CONSENSUS][PBFT]checkTimeout Succ,view=29642,toView=29643,nodeIdx=0,changeCycle=0,myNode=19b3f6e2...,timecost=0.424
info|2019-12-11 14:20:54.187930|[g:1][CONSENSUS][PBFT]checkAndChangeView: Reach consensus,org_view=29642,org_changeCycle=0,cur_changeCycle=0,to_view=29643
info|2019-12-11 14:20:55.187266|[g:1][CONSENSUS][SEALER]++++++++++++++++ Generating seal on,blkNum=6,tx=0,nodeIdx=0,hash=6ad118bd...
info|2019-12-11 14:20:55.187971|[g:1][CONSENSUS][PBFT]checkTimeout Succ,view=29643,toView=29644,nodeIdx=0,changeCycle=0,myNode=19b3f6e2...,timecost=0.381
info|2019-12-11 14:20:55.190218|[g:1][CONSENSUS][PBFT]checkAndChangeView: Reach consensus,org_view=29643,org_changeCycle=0,cur_changeCycle=0,to_view=29644
info|2019-12-11 14:20:56.191207|[g:1][CONSENSUS]addRawPrepare,height=6,reqIdx=1,hash=a17ade4d...
info|2019-12-11 14:20:56.191715|[g:1][CONSENSUS][PBFT]checkTimeout Succ,view=29644,toView=29645,nodeIdx=0,changeCycle=0,myNode=19b3f6e2...,timecost=0.375
info|2019-12-11 14:20:56.193022|[g:1][CONSENSUS][PBFT]checkAndChangeView: Reach consensus,org_view=29644,org_changeCycle=0,cur_changeCycle=0,to_view=29645
info|2019-12-11 14:20:57.193285|[g:1][CONSENSUS]addRawPrepare,height=6,reqIdx=2,hash=ed795552...
info|2019-12-11 14:20:57.193787|[g:1][CONSENSUS][PBFT]checkTimeout Succ,view=29645,toView=29646,nodeIdx=0,changeCycle=0,myNode=19b3f6e2...,timecost=0.385
info|2019-12-11 14:20:57.194920|[g:1][CONSENSUS][PBFT]checkAndChangeView: Reach consensus,org_view=29645,org_changeCycle=0,cur_changeCycle=0,to_view=29646
info|2019-12-11 14:20:58.196181|[g:1][CONSENSUS]addRawPrepare,height=6,reqIdx=3,hash=7a6d00be...
info|2019-12-11 14:20:58.196613|[g:1][CONSENSUS][PBFT]checkTimeout Succ,view=29646,toView=29647,nodeIdx=0,changeCycle=0,myNode=19b3f6e2...,timecost=0.32
info|2019-12-11 14:20:58.197840|[g:1][CONSENSUS][PBFT]checkAndChangeView: Reach consensus,org_view=29646,org_changeCycle=0,cur_changeCycle=0,to_view=29647
info|2019-12-11 14:20:59.197841|[g:1][CONSENSUS][SEALER]++++++++++++++++ Generating seal on,blkNum=6,tx=0,nodeIdx=0,hash=755b490a...
info|2019-12-11 14:20:59.200490|[g:1][CONSENSUS][PBFT]checkTimeout Succ,view=29647,toView=29648,nodeIdx=0,changeCycle=0,myNode=19b3f6e2...,timecost=0.35
info|2019-12-11 14:20:59.201020|[g:1][CONSENSUS][PBFT]checkAndChangeView: Reach consensus,org_view=29647,org_changeCycle=0,cur_changeCycle=0,to_view=29648
info|2019-12-11 14:21:00.027337|[P2P][Service] heartBeat,connected count=3
info|2019-12-11 14:21:00.201265|[g:1][CONSENSUS]addRawPrepare,height=6,reqIdx=1,hash=2f5b14ff...
info|2019-12-11 14:21:00.202325|[g:1][CONSENSUS][PBFT]checkTimeout Succ,view=29648,toView=29649,nodeIdx=0,changeCycle=0,myNode=19b3f6e2...,timecost=0.929
info|2019-12-11 14:21:00.203499|[g:1][CONSENSUS][PBFT]checkAndChangeView: Reach consensus,org_view=29648,org_changeCycle=0,cur_changeCycle=0,to_view=29649
info|2019-12-11 14:21:01.204755|[g:1][CONSENSUS]addRawPrepare,height=6,reqIdx=2,hash=118d0166...
info|2019-12-11 14:21:01.205312|[g:1][CONSENSUS][PBFT]checkTimeout Succ,view=29649,toView=29650,nodeIdx=0,changeCycle=0,myNode=19b3f6e2...,timecost=0.436
info|2019-12-11 14:21:01.206520|[g:1][CONSENSUS][PBFT]checkAndChangeView: Reach consensus,org_view=29649,org_changeCycle=0,cur_changeCycle=0,to_view=29650
info|2019-12-11 14:21:02.207519|[g:1][CONSENSUS]addRawPrepare,height=6,reqIdx=3,hash=c46996e0...
info|2019-12-11 14:21:02.208168|[g:1][CONSENSUS][PBFT]checkTimeout Succ,view=29650,toView=29651,nodeIdx=0,changeCycle=0,myNode=19b3f6e2...,timecost=0.489
info|2019-12-11 14:21:02.209600|[g:1][CONSENSUS][PBFT]checkAndChangeView: Reach consensus,org_view=29650,org_changeCycle=0,cur_changeCycle=0,to_view=29651
info|2019-12-11 14:21:03.209995|[g:1][CONSENSUS][SEALER]++++++++++++++++ Generating seal on,blkNum=6,tx=0,nodeIdx=0,hash=8149bb5e...
info|2019-12-11 14:21:03.210637|[g:1][CONSENSUS][PBFT]checkTimeout Succ,view=29651,toView=29652,nodeIdx=0,changeCycle=0,myNode=19b3f6e2...,timecost=0.35
info|2019-12-11 14:21:03.213201|[g:1][CONSENSUS][PBFT]checkAndChangeView: Reach consensus,org_view=29651,org_changeCycle=0,cur_changeCycle=0,to_view=29652
info|2019-12-11 14:21:04.214476|[g:1][CONSENSUS]addRawPrepare,height=6,reqIdx=1,hash=2b37ec52...
info|2019-12-11 14:21:04.215114|[g:1][CONSENSUS][PBFT]checkTimeout Succ,view=29652,toView=29653,nodeIdx=0,changeCycle=0,myNode=19b3f6e2...,timecost=0.51
info|2019-12-11 14:21:04.216300|[g:1][CONSENSUS][PBFT]checkAndChangeView: Reach consensus,org_view=29652,org_changeCycle=0,cur_changeCycle=0,to_view=29653
info|2019-12-11 14:21:05.218180|[g:1][CONSENSUS]addRawPrepare,height=6,reqIdx=2,hash=84195284...
info|2019-12-11 14:21:05.218887|[g:1][CONSENSUS][PBFT]checkTimeout Succ,view=29653,toView=29654,nodeIdx=0,changeCycle=0,myNode=19b3f6e2...,timecost=0.559
info|2019-12-11 14:21:05.220564|[g:1][CONSENSUS][PBFT]checkAndChangeView: Reach consensus,org_view=29653,org_changeCycle=0,cur_changeCycle=0,to_view=29654
info|2019-12-11 14:21:06.223637|[g:1][CONSENSUS]addRawPrepare,height=6,reqIdx=3,hash=f93d475a...
info|2019-12-11 14:21:06.224292|[g:1][CONSENSUS][PBFT]checkTimeout Succ,view=29654,toView=29655,nodeIdx=0,changeCycle=0,myNode=19b3f6e2...,timecost=0.503
info|2019-12-11 14:21:06.225722|[g:1][CONSENSUS][PBFT]checkAndChangeView: Reach consensus,org_view=29654,org_changeCycle=0,cur_changeCycle=0,to_view=29655
info|2019-12-11 14:21:07.225611|[g:1][CONSENSUS][SEALER]++++++++++++++++ Generating seal on,blkNum=6,tx=0,nodeIdx=0,hash=a95d451a...
info|2019-12-11 14:21:07.228429|[g:1][CONSENSUS][PBFT]checkTimeout Succ,view=29655,toView=29656,nodeIdx=0,changeCycle=0,myNode=19b3f6e2...,timecost=0.411
info|2019-12-11 14:21:07.229867|[g:1][CONSENSUS][PBFT]checkAndChangeView: Reach consensus,org_view=29655,org_changeCycle=0,cur_changeCycle=0,to_view=29656
info|2019-12-11 14:21:08.231207|[g:1][CONSENSUS]addRawPrepare,height=6,reqIdx=1,hash=b34918e1...
info|2019-12-11 14:21:08.231666|[g:1][CONSENSUS][PBFT]checkTimeout Succ,view=29656,toView=29657,nodeIdx=0,changeCycle=0,myNode=19b3f6e2...,timecost=0.357
info|2019-12-11 14:21:08.232978|[g:1][CONSENSUS][PBFT]checkAndChangeView: Reach consensus,org_view=29656,org_changeCycle=0,cur_changeCycle=0,to_view=29657
info|2019-12-11 14:21:09.235019|[g:1][CONSENSUS]addRawPrepare,height=6,reqIdx=2,hash=9497d1e5...
info|2019-12-11 14:21:09.235759|[g:1][CONSENSUS][PBFT]checkTimeout Succ,view=29657,toView=29658,nodeIdx=0,changeCycle=0,myNode=19b3f6e2...,timecost=0.61
info|2019-12-11 14:21:09.237596|[g:1][CONSENSUS][PBFT]checkAndChangeView: Reach consensus,org_view=29657,org_changeCycle=0,cur_changeCycle=0,to_view=29658
info|2019-12-11 14:21:10.028187|[P2P][Service] heartBeat,connected count=3
info|2019-12-11 14:21:10.239123|[g:1][CONSENSUS]addRawPrepare,height=6,reqIdx=3,hash=354272f0...
info|2019-12-11 14:21:10.240095|[g:1][CONSENSUS][PBFT]checkTimeout Succ,view=29658,toView=29659,nodeIdx=0,changeCycle=0,myNode=19b3f6e2...,timecost=0.841
info|2019-12-11 14:21:10.241290|[g:1][CONSENSUS][PBFT]checkAndChangeView: Reach consensus,org_view=29658,org_changeCycle=0,cur_changeCycle=0,to_view=29659
info|2019-12-11 14:21:11.242225|[g:1][CONSENSUS][SEALER]++++++++++++++++ Generating seal on,blkNum=6,tx=0,nodeIdx=0,hash=c1345c3d...
info|2019-12-11 14:21:11.244871|[g:1][CONSENSUS][PBFT]checkTimeout Succ,view=29659,toView=29660,nodeIdx=0,changeCycle=0,myNode=19b3f6e2...,timecost=0.432
info|2019-12-11 14:21:11.246203|[g:1][CONSENSUS][PBFT]checkAndChangeView: Reach consensus,org_view=29659,org_changeCycle=0,cur_changeCycle=0,to_view=29660
info|2019-12-11 14:21:12.246437|[g:1][CONSENSUS]addRawPrepare,height=6,reqIdx=1,hash=a98c159e...
info|2019-12-11 14:21:12.247035|[g:1][CONSENSUS][PBFT]checkTimeout Succ,view=29660,toView=29661,nodeIdx=0,changeCycle=0,myNode=19b3f6e2...,timecost=0.431
info|2019-12-11 14:21:12.248536|[g:1][CONSENSUS][PBFT]checkAndChangeView: Reach consensus,org_view=29660,org_changeCycle=0,cur_changeCycle=0,to_view=29661
info|2019-12-11 14:21:13.248582|[g:1][CONSENSUS]addRawPrepare,height=6,reqIdx=2,hash=853c2102...
info|2019-12-11 14:21:13.249343|[g:1][CONSENSUS][PBFT]checkTimeout Succ,view=29661,toView=29662,nodeIdx=0,changeCycle=0,myNode=19b3f6e2...,timecost=0.638
info|2019-12-11 14:21:13.250340|[g:1][CONSENSUS][PBFT]checkAndChangeView: Reach consensus,org_view=29661,org_changeCycle=0,cur_changeCycle=0,to_view=29662
info|2019-12-11 14:21:14.251149|[g:1][CONSENSUS]addRawPrepare,height=6,reqIdx=3,hash=1a08fb9c...
info|2019-12-11 14:21:14.251589|[g:1][CONSENSUS][PBFT]checkTimeout Succ,view=29662,toView=29663,nodeIdx=0,changeCycle=0,myNode=19b3f6e2...,timecost=0.34
info|2019-12-11 14:21:14.252743|[g:1][CONSENSUS][PBFT]checkAndChangeView: Reach consensus,org_view=29662,org_changeCycle=0,cur_changeCycle=0,to_view=29663
info|2019-12-11 14:21:15.252371|[g:1][CONSENSUS][SEALER]++++++++++++++++ Generating seal on,blkNum=6,tx=0,nodeIdx=0,hash=8d00c842...
info|2019-12-11 14:21:15.255955|[g:1][CONSENSUS][PBFT]checkTimeout Succ,view=29663,toView=29664,nodeIdx=0,changeCycle=0,myNode=19b3f6e2...,timecost=0.462
info|2019-12-11 14:21:15.256964|[g:1][CONSENSUS][PBFT]checkAndChangeView: Reach consensus,org_view=29663,org_changeCycle=0,cur_changeCycle=0,to_view=29664
info|2019-12-11 14:21:16.257710|[g:1][CONSENSUS]addRawPrepare,height=6,reqIdx=1,hash=bf46eb33...
info|2019-12-11 14:21:16.258398|[g:1][CONSENSUS][PBFT]checkTimeout Succ,view=29664,toView=29665,nodeIdx=0,changeCycle=0,myNode=19b3f6e2...,timecost=0.507
info|2019-12-11 14:21:16.259897|[g:1][CONSENSUS][PBFT]checkAndChangeView: Reach consensus,org_view=29664,org_changeCycle=0,cur_changeCycle=0,to_view=29665
info|2019-12-11 14:21:17.261871|[g:1][CONSENSUS]addRawPrepare,height=6,reqIdx=2,hash=92ddc45e...
info|2019-12-11 14:21:17.262600|[g:1][CONSENSUS][PBFT]checkTimeout Succ,view=29665,toView=29666,nodeIdx=0,changeCycle=0,myNode=19b3f6e2...,timecost=0.61
info|2019-12-11 14:21:17.263925|[g:1][CONSENSUS][PBFT]checkAndChangeView: Reach consensus,org_view=29665,org_changeCycle=0,cur_changeCycle=0,to_view=29666
info|2019-12-11 14:21:18.265192|[g:1][CONSENSUS]addRawPrepare,height=6,reqIdx=3,hash=336b1ae9...
info|2019-12-11 14:21:18.265734|[g:1][CONSENSUS][PBFT]checkTimeout Succ,view=29666,toView=29667,nodeIdx=0,changeCycle=0,myNode=19b3f6e2...,timecost=0.42
info|2019-12-11 14:21:18.267253|[g:1][CONSENSUS][PBFT]checkAndChangeView: Reach consensus,org_view=29666,org_changeCycle=0,cur_changeCycle=0,to_view=29667
info|2019-12-11 14:21:19.267560|[g:1][CONSENSUS][SEALER]++++++++++++++++ Generating seal on,blkNum=6,tx=0,nodeIdx=0,hash=26f08699...
info|2019-12-11 14:21:19.268534|[g:1][CONSENSUS][PBFT]checkTimeout Succ,view=29667,toView=29668,nodeIdx=0,changeCycle=0,myNode=19b3f6e2...,timecost=0.518
info|2019-12-11 14:21:19.270878|[g:1][CONSENSUS][PBFT]checkAndChangeView: Reach consensus,org_view=29667,org_changeCycle=0,cur_changeCycle=0,to_view=29668
info|2019-12-11 14:21:20.030144|[P2P][Service] heartBeat,connected count=3
info|2019-12-11 14:21:20.272773|[g:1][CONSENSUS]addRawPrepare,height=6,reqIdx=1,hash=c1e7b509...
info|2019-12-11 14:21:20.273940|[g:1][CONSENSUS][PBFT]checkTimeout Succ,view=29668,toView=29669,nodeIdx=0,changeCycle=0,myNode=19b3f6e2...,timecost=1.041
info|2019-12-11 14:21:20.275393|[g:1][CONSENSUS][PBFT]checkAndChangeView: Reach consensus,org_view=29668,org_changeCycle=0,cur_changeCycle=0,to_view=29669
info|2019-12-11 14:21:21.276521|[g:1][CONSENSUS]addRawPrepare,height=6,reqIdx=2,hash=f9ad16f9...
info|2019-12-11 14:21:21.276995|[g:1][CONSENSUS][PBFT]checkTimeout Succ,view=29669,toView=29670,nodeIdx=0,changeCycle=0,myNode=19b3f6e2...,timecost=0.367
info|2019-12-11 14:21:21.278050|[g:1][CONSENSUS][PBFT]checkAndChangeView: Reach consensus,org_view=29669,org_changeCycle=0,cur_changeCycle=0,to_view=29670
info|2019-12-11 14:21:22.279716|[g:1][CONSENSUS]addRawPrepare,height=6,reqIdx=3,hash=fb93d4bb...
info|2019-12-11 14:21:22.280467|[g:1][CONSENSUS][PBFT]checkTimeout Succ,view=29670,toView=29671,nodeIdx=0,changeCycle=0,myNode=19b3f6e2...,timecost=0.588
info|2019-12-11 14:21:22.281747|[g:1][CONSENSUS][PBFT]checkAndChangeView: Reach consensus,org_view=29670,org_changeCycle=0,cur_changeCycle=0,to_view=29671
info|2019-12-11 14:21:23.281373|[g:1][CONSENSUS][SEALER]++++++++++++++++ Generating seal on,blkNum=6,tx=0,nodeIdx=0,hash=bdc8e289...
info|2019-12-11 14:21:23.282120|[g:1][CONSENSUS][PBFT]checkTimeout Succ,view=29671,toView=29672,nodeIdx=0,changeCycle=0,myNode=19b3f6e2...,timecost=0.329
info|2019-12-11 14:21:23.285089|[g:1][CONSENSUS][PBFT]checkAndChangeView: Reach consensus,org_view=29671,org_changeCycle=0,cur_changeCycle=0,to_view=29672
info|2019-12-11 14:21:24.286434|[g:1][CONSENSUS]addRawPrepare,height=6,reqIdx=1,hash=fe748652...
info|2019-12-11 14:21:24.287075|[g:1][CONSENSUS][PBFT]checkTimeout Succ,view=29672,toView=29673,nodeIdx=0,changeCycle=0,myNode=19b3f6e2...,timecost=0.439
info|2019-12-11 14:21:24.288315|[g:1][CONSENSUS][PBFT]checkAndChangeView: Reach consensus,org_view=29672,org_changeCycle=0,cur_changeCycle=0,to_view=29673
info|2019-12-11 14:21:25.290635|[g:1][CONSENSUS]addRawPrepare,height=6,reqIdx=2,hash=05465a60...
info|2019-12-11 14:21:25.291435|[g:1][CONSENSUS][PBFT]checkTimeout Succ,view=29673,toView=29674,nodeIdx=0,changeCycle=0,myNode=19b3f6e2...,timecost=0.598
info|2019-12-11 14:21:25.293161|[g:1][CONSENSUS][PBFT]checkAndChangeView: Reach consensus,org_view=29673,org_changeCycle=0,cur_changeCycle=0,to_view=29674
info|2019-12-11 14:21:26.295868|[g:1][CONSENSUS]addRawPrepare,height=6,reqIdx=3,hash=48e762bd...
info|2019-12-11 14:21:26.296577|[g:1][CONSENSUS][PBFT]checkTimeout Succ,view=29674,toView=29675,nodeIdx=0,changeCycle=0,myNode=19b3f6e2...,timecost=0.482
info|2019-12-11 14:21:26.298220|[g:1][CONSENSUS][PBFT]checkAndChangeView: Reach consensus,org_view=29674,org_changeCycle=0,cur_changeCycle=0,to_view=29675
info|2019-12-11 14:21:27.299274|[g:1][CONSENSUS][SEALER]++++++++++++++++ Generating seal on,blkNum=6,tx=0,nodeIdx=0,hash=f05fdd10...
info|2019-12-11 14:21:27.300185|[g:1][CONSENSUS][PBFT]checkTimeout Succ,view=29675,toView=29676,nodeIdx=0,changeCycle=0,myNode=19b3f6e2...,timecost=0.473
info|2019-12-11 14:21:27.302728|[g:1][CONSENSUS][PBFT]checkAndChangeView: Reach consensus,org_view=29675,org_changeCycle=0,cur_changeCycle=0,to_view=29676
info|2019-12-11 14:21:28.304338|[g:1][CONSENSUS]addRawPrepare,height=6,reqIdx=1,hash=1a4e0865...
info|2019-12-11 14:21:28.304921|[g:1][CONSENSUS][PBFT]checkTimeout Succ,view=29676,toView=29677,nodeIdx=0,changeCycle=0,myNode=19b3f6e2...,timecost=0.457
info|2019-12-11 14:21:28.306481|[g:1][CONSENSUS][PBFT]checkAndChangeView: Reach consensus,org_view=29676,org_changeCycle=0,cur_changeCycle=0,to_view=29677
info|2019-12-11 14:21:29.307549|[g:1][CONSENSUS]addRawPrepare,height=6,reqIdx=2,hash=d8030692...
info|2019-12-11 14:21:29.308063|[g:1][CONSENSUS][PBFT]checkTimeout Succ,view=29677,toView=29678,nodeIdx=0,changeCycle=0,myNode=19b3f6e2...,timecost=0.404
info|2019-12-11 14:21:29.309295|[g:1][CONSENSUS][PBFT]checkAndChangeView: Reach consensus,org_view=29677,org_changeCycle=0,cur_changeCycle=0,to_view=29678
info|2019-12-11 14:21:30.031592|[P2P][Service] heartBeat,connected count=3
info|2019-12-11 14:21:30.310879|[g:1][CONSENSUS]addRawPrepare,height=6,reqIdx=3,hash=0f1dd7bd...
info|2019-12-11 14:21:30.311747|[g:1][CONSENSUS][PBFT]checkTimeout Succ,view=29678,toView=29679,nodeIdx=0,changeCycle=0,myNode=19b3f6e2...,timecost=0.774
info|2019-12-11 14:21:30.313493|[g:1][CONSENSUS][PBFT]checkAndChangeView: Reach consensus,org_view=29678,org_changeCycle=0,cur_changeCycle=0,to_view=29679
info|2019-12-11 14:21:31.314560|[g:1][CONSENSUS][SEALER]++++++++++++++++ Generating seal on,blkNum=6,tx=0,nodeIdx=0,hash=d4a38951...
info|2019-12-11 14:21:31.315530|[g:1][CONSENSUS][PBFT]checkTimeout Succ,view=29679,toView=29680,nodeIdx=0,changeCycle=0,myNode=19b3f6e2...,timecost=0.491
info|2019-12-11 14:21:31.318213|[g:1][CONSENSUS][PBFT]checkAndChangeView: Reach consensus,org_view=29679,org_changeCycle=0,cur_changeCycle=0,to_view=29680
info|2019-12-11 14:21:32.320434|[g:1][CONSENSUS]addRawPrepare,height=6,reqIdx=1,hash=e1598c1f...
info|2019-12-11 14:21:32.321108|[g:1][CONSENSUS][PBFT]checkTimeout Succ,view=29680,toView=29681,nodeIdx=0,changeCycle=0,myNode=19b3f6e2...,timecost=0.539
info|2019-12-11 14:21:32.322620|[g:1][CONSENSUS][PBFT]checkAndChangeView: Reach consensus,org_view=29680,org_changeCycle=0,cur_changeCycle=0,to_view=29681
info|2019-12-11 14:21:33.323925|[g:1][CONSENSUS]addRawPrepare,height=6,reqIdx=2,hash=fff3f295...
info|2019-12-11 14:21:33.324582|[g:1][CONSENSUS][PBFT]checkTimeout Succ,view=29681,toView=29682,nodeIdx=0,changeCycle=0,myNode=19b3f6e2...,timecost=0.576
info|2019-12-11 14:21:33.326209|[g:1][CONSENSUS][PBFT]checkAndChangeView: Reach consensus,org_view=29681,org_changeCycle=0,cur_changeCycle=0,to_view=29682
info|2019-12-11 14:21:34.328842|[g:1][CONSENSUS]addRawPrepare,height=6,reqIdx=3,hash=302ea782...
info|2019-12-11 14:21:34.329447|[g:1][CONSENSUS][PBFT]checkTimeout Succ,view=29682,toView=29683,nodeIdx=0,changeCycle=0,myNode=19b3f6e2...,timecost=0.449
info|2019-12-11 14:21:34.331057|[g:1][CONSENSUS][PBFT]checkAndChangeView: Reach consensus,org_view=29682,org_changeCycle=0,cur_changeCycle=0,to_view=29683
info|2019-12-11 14:21:35.331385|[g:1][CONSENSUS][SEALER]++++++++++++++++ Generating seal on,blkNum=6,tx=0,nodeIdx=0,hash=c11ea158...
info|2019-12-11 14:21:35.332424|[g:1][CONSENSUS][PBFT]checkTimeout Succ,view=29683,toView=29684,nodeIdx=0,changeCycle=0,myNode=19b3f6e2...,timecost=0.577
info|2019-12-11 14:21:35.335303|[g:1][CONSENSUS][PBFT]checkAndChangeView: Reach consensus,org_view=29683,org_changeCycle=0,cur_changeCycle=0,to_view=29684
info|2019-12-11 14:21:36.336809|[g:1][CONSENSUS]addRawPrepare,height=6,reqIdx=1,hash=2ee1c9f8...
info|2019-12-11 14:21:36.337588|[g:1][CONSENSUS][PBFT]checkTimeout Succ,view=29684,toView=29685,nodeIdx=0,changeCycle=0,myNode=19b3f6e2...,timecost=0.609
info|2019-12-11 14:21:36.339175|[g:1][CONSENSUS][PBFT]checkAndChangeView: Reach consensus,org_view=29684,org_changeCycle=0,cur_changeCycle=0,to_view=29685
info|2019-12-11 14:21:37.340981|[g:1][CONSENSUS]addRawPrepare,height=6,reqIdx=2,hash=903597dc...
info|2019-12-11 14:21:37.341583|[g:1][CONSENSUS][PBFT]checkTimeout Succ,view=29685,toView=29686,nodeIdx=0,changeCycle=0,myNode=19b3f6e2...,timecost=0.468
info|2019-12-11 14:21:37.343003|[g:1][CONSENSUS][PBFT]checkAndChangeView: Reach consensus,org_view=29685,org_changeCycle=0,cur_changeCycle=0,to_view=29686
info|2019-12-11 14:21:38.345801|[g:1][CONSENSUS]addRawPrepare,height=6,reqIdx=3,hash=bd8df5d0...
info|2019-12-11 14:21:38.346544|[g:1][CONSENSUS][PBFT]checkTimeout Succ,view=29686,toView=29687,nodeIdx=0,changeCycle=0,myNode=19b3f6e2...,timecost=0.604
info|2019-12-11 14:21:38.348207|[g:1][CONSENSUS][PBFT]checkAndChangeView: Reach consensus,org_view=29686,org_changeCycle=0,cur_changeCycle=0,to_view=29687
info|2019-12-11 14:21:39.348223|[g:1][CONSENSUS][SEALER]++++++++++++++++ Generating seal on,blkNum=6,tx=0,nodeIdx=0,hash=1d92945e...
info|2019-12-11 14:21:39.349207|[g:1][CONSENSUS][PBFT]checkTimeout Succ,view=29687,toView=29688,nodeIdx=0,changeCycle=0,myNode=19b3f6e2...,timecost=0.514
info|2019-12-11 14:21:39.351740|[g:1][CONSENSUS][PBFT]checkAndChangeView: Reach consensus,org_view=29687,org_changeCycle=0,cur_changeCycle=0,to_view=29688
info|2019-12-11 14:21:40.038543|[P2P][Service] heartBeat,connected count=3
info|2019-12-11 14:21:40.353878|[g:1][CONSENSUS]addRawPrepare,height=6,reqIdx=1,hash=0135d3d3...
info|2019-12-11 14:21:40.355001|[g:1][CONSENSUS][PBFT]checkTimeout Succ,view=29688,toView=29689,nodeIdx=0,changeCycle=0,myNode=19b3f6e2...,timecost=0.975
info|2019-12-11 14:21:40.356592|[g:1][CONSENSUS][PBFT]checkAndChangeView: Reach consensus,org_view=29688,org_changeCycle=0,cur_changeCycle=0,to_view=29689
info|2019-12-11 14:21:41.357723|[g:1][CONSENSUS]addRawPrepare,height=6,reqIdx=2,hash=821259e1...
info|2019-12-11 14:21:41.358353|[g:1][CONSENSUS][PBFT]checkTimeout Succ,view=29689,toView=29690,nodeIdx=0,changeCycle=0,myNode=19b3f6e2...,timecost=0.51
info|2019-12-11 14:21:41.359647|[g:1][CONSENSUS][PBFT]checkAndChangeView: Reach consensus,org_view=29689,org_changeCycle=0,cur_changeCycle=0,to_view=29690
info|2019-12-11 14:21:42.362472|[g:1][CONSENSUS]addRawPrepare,height=6,reqIdx=3,hash=4b78e7cd...
info|2019-12-11 14:21:42.363140|[g:1][CONSENSUS][PBFT]checkTimeout Succ,view=29690,toView=29691,nodeIdx=0,changeCycle=0,myNode=19b3f6e2...,timecost=0.494
info|2019-12-11 14:21:42.364835|[g:1][CONSENSUS][PBFT]checkAndChangeView: Reach consensus,org_view=29690,org_changeCycle=0,cur_changeCycle=0,to_view=29691
info|2019-12-11 14:21:43.364816|[g:1][CONSENSUS][SEALER]++++++++++++++++ Generating seal on,blkNum=6,tx=0,nodeIdx=0,hash=a1029dcf...
info|2019-12-11 14:21:43.365782|[g:1][CONSENSUS][PBFT]checkTimeout Succ,view=29691,toView=29692,nodeIdx=0,changeCycle=0,myNode=19b3f6e2...,timecost=0.484
info|2019-12-11 14:21:43.368116|[g:1][CONSENSUS][PBFT]checkAndChangeView: Reach consensus,org_view=29691,org_changeCycle=0,cur_changeCycle=0,to_view=29692
info|2019-12-11 14:21:44.370396|[g:1][CONSENSUS]addRawPrepare,height=6,reqIdx=1,hash=b611abe4...
info|2019-12-11 14:21:44.370998|[g:1][CONSENSUS][PBFT]checkTimeout Succ,view=29692,toView=29693,nodeIdx=0,changeCycle=0,myNode=19b3f6e2...,timecost=0.468
info|2019-12-11 14:21:44.372523|[g:1][CONSENSUS][PBFT]checkAndChangeView: Reach consensus,org_view=29692,org_changeCycle=0,cur_changeCycle=0,to_view=29693
info|2019-12-11 14:21:45.374811|[g:1][CONSENSUS]addRawPrepare,height=6,reqIdx=2,hash=f7d89d2c...
info|2019-12-11 14:21:45.375995|[g:1][CONSENSUS][PBFT]checkTimeout Succ,view=29693,toView=29694,nodeIdx=0,changeCycle=0,myNode=19b3f6e2...,timecost=1.013
info|2019-12-11 14:21:45.377567|[g:1][CONSENSUS][PBFT]checkAndChangeView: Reach consensus,org_view=29693,org_changeCycle=0,cur_changeCycle=0,to_view=29694
