warning|2019-11-15 00:27:11.008639|[g:1][CONSENSUS][PBFT]ViewChangeWarning: not caused by omit empty block ,v=121718,toV=121719,curNum=0,hash=f72cae63...,nodeIdx=0,myNode=19b3f6e2...
info|2019-11-15 00:27:11.009409|[g:1][CONSENSUS][PBFT]checkTimeout Succ,view=121718,toView=121719,nodeIdx=0,changeCycle=1,myNode=19b3f6e2...,timecost=5.548
info|2019-11-15 00:27:11.009765|[P2P][Service] heartBeat,connected count=3
info|2019-11-15 00:27:11.013556|[g:1][CONSENSUS][PBFT]checkAndChangeView: Reach consensus,org_view=121718,org_changeCycle=1,cur_changeCycle=1,to_view=121719
info|2019-11-15 00:27:12.016289|[g:1][CONSENSUS]addRawPrepare,height=1,reqIdx=3,hash=a64fe1a7...
info|2019-11-15 00:27:12.016788|[g:1][CONSENSUS][PBFT]checkTimeout Succ,view=121719,toView=121720,nodeIdx=0,changeCycle=0,myNode=19b3f6e2...,timecost=0.413
info|2019-11-15 00:27:12.018155|[g:1][CONSENSUS][PBFT]checkAndChangeView: Reach consensus,org_view=121719,org_changeCycle=0,cur_changeCycle=0,to_view=121720
info|2019-11-15 00:27:13.018262|[g:1][CONSENSUS][SEALER]++++++++++++++++ Generating seal on,blkNum=1,tx=0,nodeIdx=0,hash=e82fd6bf...
info|2019-11-15 00:27:13.018960|[g:1][CONSENSUS][PBFT]checkTimeout Succ,view=121720,toView=121721,nodeIdx=0,changeCycle=0,myNode=19b3f6e2...,timecost=0.352
info|2019-11-15 00:27:13.021013|[g:1][CONSENSUS][PBFT]checkAndChangeView: Reach consensus,org_view=121720,org_changeCycle=0,cur_changeCycle=0,to_view=121721
info|2019-11-15 00:27:14.022072|[g:1][CONSENSUS]addRawPrepare,height=1,reqIdx=1,hash=c12b3294...
info|2019-11-15 00:27:14.022579|[g:1][CONSENSUS][PBFT]checkTimeout Succ,view=121721,toView=121722,nodeIdx=0,changeCycle=0,myNode=19b3f6e2...,timecost=0.409
info|2019-11-15 00:27:14.023729|[g:1][CONSENSUS][PBFT]checkAndChangeView: Reach consensus,org_view=121721,org_changeCycle=0,cur_changeCycle=0,to_view=121722
info|2019-11-15 00:27:15.024892|[g:1][CONSENSUS]addRawPrepare,height=1,reqIdx=2,hash=ea5e9cda...
info|2019-11-15 00:27:15.025642|[g:1][CONSENSUS][PBFT]checkTimeout Succ,view=121722,toView=121723,nodeIdx=0,changeCycle=0,myNode=19b3f6e2...,timecost=0.627
info|2019-11-15 00:27:15.026855|[g:1][CONSENSUS][PBFT]checkAndChangeView: Reach consensus,org_view=121722,org_changeCycle=0,cur_changeCycle=0,to_view=121723
info|2019-11-15 00:27:16.028434|[g:1][CONSENSUS]addRawPrepare,height=1,reqIdx=3,hash=1b8d1093...
info|2019-11-15 00:27:16.029678|[g:1][CONSENSUS][PBFT]checkTimeout Succ,view=121723,toView=121724,nodeIdx=0,changeCycle=0,myNode=19b3f6e2...,timecost=1.103
info|2019-11-15 00:27:16.030910|[g:1][CONSENSUS][PBFT]checkAndChangeView: Reach consensus,org_view=121723,org_changeCycle=0,cur_changeCycle=0,to_view=121724
info|2019-11-15 00:27:17.031009|[g:1][CONSENSUS][SEALER]++++++++++++++++ Generating seal on,blkNum=1,tx=0,nodeIdx=0,hash=56fb86f7...
info|2019-11-15 00:27:17.031925|[g:1][CONSENSUS][PBFT]checkTimeout Succ,view=121724,toView=121725,nodeIdx=0,changeCycle=0,myNode=19b3f6e2...,timecost=0.478
info|2019-11-15 00:27:17.034077|[g:1][CONSENSUS][PBFT]checkAndChangeView: Reach consensus,org_view=121724,org_changeCycle=0,cur_changeCycle=0,to_view=121725
info|2019-11-15 00:27:18.036634|[g:1][CONSENSUS]addRawPrepare,height=1,reqIdx=1,hash=91b9ddd1...
info|2019-11-15 00:27:18.037273|[g:1][CONSENSUS][PBFT]checkTimeout Succ,view=121725,toView=121726,nodeIdx=0,changeCycle=0,myNode=19b3f6e2...,timecost=0.465
info|2019-11-15 00:27:18.038976|[g:1][CONSENSUS][PBFT]checkAndChangeView: Reach consensus,org_view=121725,org_changeCycle=0,cur_changeCycle=0,to_view=121726
info|2019-11-15 00:27:19.040374|[g:1][CONSENSUS]addRawPrepare,height=1,reqIdx=2,hash=4fafeb49...
info|2019-11-15 00:27:19.040967|[g:1][CONSENSUS][PBFT]checkTimeout Succ,view=121726,toView=121727,nodeIdx=0,changeCycle=0,myNode=19b3f6e2...,timecost=0.467
info|2019-11-15 00:27:19.042593|[g:1][CONSENSUS][PBFT]checkAndChangeView: Reach consensus,org_view=121726,org_changeCycle=0,cur_changeCycle=0,to_view=121727
info|2019-11-15 00:27:20.043886|[g:1][CONSENSUS]addRawPrepare,height=1,reqIdx=3,hash=389abf13...
info|2019-11-15 00:27:20.044578|[g:1][CONSENSUS][PBFT]checkTimeout Succ,view=121727,toView=121728,nodeIdx=0,changeCycle=0,myNode=19b3f6e2...,timecost=0.521
info|2019-11-15 00:27:20.046058|[g:1][CONSENSUS][PBFT]checkAndChangeView: Reach consensus,org_view=121727,org_changeCycle=0,cur_changeCycle=0,to_view=121728
info|2019-11-15 00:27:21.019544|[P2P][Service] heartBeat,connected count=3
info|2019-11-15 00:27:21.047262|[g:1][CONSENSUS][SEALER]++++++++++++++++ Generating seal on,blkNum=1,tx=0,nodeIdx=0,hash=73c78949...
info|2019-11-15 00:27:21.050692|[g:1][CONSENSUS][PBFT]checkTimeout Succ,view=121728,toView=121729,nodeIdx=0,changeCycle=0,myNode=19b3f6e2...,timecost=0.566
info|2019-11-15 00:27:21.051459|[g:1][CONSENSUS][PBFT]checkAndChangeView: Reach consensus,org_view=121728,org_changeCycle=0,cur_changeCycle=0,to_view=121729
info|2019-11-15 00:27:22.052006|[g:1][CONSENSUS]addRawPrepare,height=1,reqIdx=1,hash=6021c18c...
info|2019-11-15 00:27:22.052730|[g:1][CONSENSUS][PBFT]checkTimeout Succ,view=121729,toView=121730,nodeIdx=0,changeCycle=0,myNode=19b3f6e2...,timecost=0.521
info|2019-11-15 00:27:22.054170|[g:1][CONSENSUS][PBFT]checkAndChangeView: Reach consensus,org_view=121729,org_changeCycle=0,cur_changeCycle=0,to_view=121730
info|2019-11-15 00:27:23.056722|[g:1][CONSENSUS]addRawPrepare,height=1,reqIdx=2,hash=19485b51...
info|2019-11-15 00:27:23.057446|[g:1][CONSENSUS][PBFT]checkTimeout Succ,view=121730,toView=121731,nodeIdx=0,changeCycle=0,myNode=19b3f6e2...,timecost=0.578
info|2019-11-15 00:27:23.059090|[g:1][CONSENSUS][PBFT]checkAndChangeView: Reach consensus,org_view=121730,org_changeCycle=0,cur_changeCycle=0,to_view=121731
info|2019-11-15 00:27:24.061245|[g:1][CONSENSUS]addRawPrepare,height=1,reqIdx=3,hash=b59f97e8...
info|2019-11-15 00:27:24.061862|[g:1][CONSENSUS][PBFT]checkTimeout Succ,view=121731,toView=121732,nodeIdx=0,changeCycle=0,myNode=19b3f6e2...,timecost=0.43
info|2019-11-15 00:27:24.063464|[g:1][CONSENSUS][PBFT]checkAndChangeView: Reach consensus,org_view=121731,org_changeCycle=0,cur_changeCycle=0,to_view=121732
info|2019-11-15 00:27:25.063664|[g:1][CONSENSUS][SEALER]++++++++++++++++ Generating seal on,blkNum=1,tx=0,nodeIdx=0,hash=8109528f...
info|2019-11-15 00:27:25.066328|[g:1][CONSENSUS][PBFT]checkTimeout Succ,view=121732,toView=121733,nodeIdx=0,changeCycle=0,myNode=19b3f6e2...,timecost=0.418
info|2019-11-15 00:27:25.067760|[g:1][CONSENSUS][PBFT]checkAndChangeView: Reach consensus,org_view=121732,org_changeCycle=0,cur_changeCycle=0,to_view=121733
info|2019-11-15 00:27:26.068918|[g:1][CONSENSUS]addRawPrepare,height=1,reqIdx=1,hash=74c4ca93...
info|2019-11-15 00:27:26.069520|[g:1][CONSENSUS][PBFT]checkTimeout Succ,view=121733,toView=121734,nodeIdx=0,changeCycle=0,myNode=19b3f6e2...,timecost=0.496
info|2019-11-15 00:27:26.071607|[g:1][CONSENSUS][PBFT]checkAndChangeView: Reach consensus,org_view=121733,org_changeCycle=0,cur_changeCycle=0,to_view=121734
info|2019-11-15 00:27:27.072620|[g:1][CONSENSUS]addRawPrepare,height=1,reqIdx=2,hash=80463f8f...
info|2019-11-15 00:27:27.073247|[g:1][CONSENSUS][PBFT]checkTimeout Succ,view=121734,toView=121735,nodeIdx=0,changeCycle=0,myNode=19b3f6e2...,timecost=0.491
info|2019-11-15 00:27:27.075273|[g:1][CONSENSUS][PBFT]checkAndChangeView: Reach consensus,org_view=121734,org_changeCycle=0,cur_changeCycle=0,to_view=121735
info|2019-11-15 00:27:28.078131|[g:1][CONSENSUS]addRawPrepare,height=1,reqIdx=3,hash=c310050d...
info|2019-11-15 00:27:28.078969|[g:1][CONSENSUS][PBFT]checkTimeout Succ,view=121735,toView=121736,nodeIdx=0,changeCycle=0,myNode=19b3f6e2...,timecost=0.625
info|2019-11-15 00:27:28.080646|[g:1][CONSENSUS][PBFT]checkAndChangeView: Reach consensus,org_view=121735,org_changeCycle=0,cur_changeCycle=0,to_view=121736
info|2019-11-15 00:27:29.080989|[g:1][CONSENSUS][SEALER]++++++++++++++++ Generating seal on,blkNum=1,tx=0,nodeIdx=0,hash=73c25ca3...
info|2019-11-15 00:27:29.083696|[g:1][CONSENSUS][PBFT]checkTimeout Succ,view=121736,toView=121737,nodeIdx=0,changeCycle=0,myNode=19b3f6e2...,timecost=0.382
info|2019-11-15 00:27:29.085149|[g:1][CONSENSUS][PBFT]checkAndChangeView: Reach consensus,org_view=121736,org_changeCycle=0,cur_changeCycle=0,to_view=121737
info|2019-11-15 00:27:30.086228|[g:1][CONSENSUS]addRawPrepare,height=1,reqIdx=1,hash=ff9b9f79...
info|2019-11-15 00:27:30.086897|[g:1][CONSENSUS][PBFT]checkTimeout Succ,view=121737,toView=121738,nodeIdx=0,changeCycle=0,myNode=19b3f6e2...,timecost=0.501
info|2019-11-15 00:27:30.088401|[g:1][CONSENSUS][PBFT]checkAndChangeView: Reach consensus,org_view=121737,org_changeCycle=0,cur_changeCycle=0,to_view=121738
info|2019-11-15 00:27:31.024239|[P2P][Service] heartBeat,connected count=3
info|2019-11-15 00:27:31.090861|[g:1][CONSENSUS]addRawPrepare,height=1,reqIdx=2,hash=eac8d1ce...
info|2019-11-15 00:27:31.092078|[g:1][CONSENSUS][PBFT]checkTimeout Succ,view=121738,toView=121739,nodeIdx=0,changeCycle=0,myNode=19b3f6e2...,timecost=1.092
info|2019-11-15 00:27:31.093569|[g:1][CONSENSUS][PBFT]checkAndChangeView: Reach consensus,org_view=121738,org_changeCycle=0,cur_changeCycle=0,to_view=121739
info|2019-11-15 00:27:32.094631|[g:1][CONSENSUS]addRawPrepare,height=1,reqIdx=3,hash=994d4def...
info|2019-11-15 00:27:32.095365|[g:1][CONSENSUS][PBFT]checkTimeout Succ,view=121739,toView=121740,nodeIdx=0,changeCycle=0,myNode=19b3f6e2...,timecost=0.56
info|2019-11-15 00:27:32.096715|[g:1][CONSENSUS][PBFT]checkAndChangeView: Reach consensus,org_view=121739,org_changeCycle=0,cur_changeCycle=0,to_view=121740
info|2019-11-15 00:27:33.097889|[g:1][CONSENSUS][SEALER]++++++++++++++++ Generating seal on,blkNum=1,tx=0,nodeIdx=0,hash=28b81a9f...
info|2019-11-15 00:27:33.101218|[g:1][CONSENSUS][PBFT]checkTimeout Succ,view=121740,toView=121741,nodeIdx=0,changeCycle=0,myNode=19b3f6e2...,timecost=0.641
info|2019-11-15 00:27:33.102096|[g:1][CONSENSUS][PBFT]checkAndChangeView: Reach consensus,org_view=121740,org_changeCycle=0,cur_changeCycle=0,to_view=121741
info|2019-11-15 00:27:34.102514|[g:1][CONSENSUS]addRawPrepare,height=1,reqIdx=1,hash=a69ca4fc...
info|2019-11-15 00:27:34.103308|[g:1][CONSENSUS][PBFT]checkTimeout Succ,view=121741,toView=121742,nodeIdx=0,changeCycle=0,myNode=19b3f6e2...,timecost=0.69
info|2019-11-15 00:27:34.104673|[g:1][CONSENSUS][PBFT]checkAndChangeView: Reach consensus,org_view=121741,org_changeCycle=0,cur_changeCycle=0,to_view=121742
info|2019-11-15 00:27:35.105935|[g:1][CONSENSUS]addRawPrepare,height=1,reqIdx=2,hash=fab229fb...
info|2019-11-15 00:27:35.106557|[g:1][CONSENSUS][PBFT]checkTimeout Succ,view=121742,toView=121743,nodeIdx=0,changeCycle=0,myNode=19b3f6e2...,timecost=0.493
info|2019-11-15 00:27:35.108081|[g:1][CONSENSUS][PBFT]checkAndChangeView: Reach consensus,org_view=121742,org_changeCycle=0,cur_changeCycle=0,to_view=121743
info|2019-11-15 00:27:36.110435|[g:1][CONSENSUS]addRawPrepare,height=1,reqIdx=3,hash=aab32eaa...
info|2019-11-15 00:27:36.111549|[g:1][CONSENSUS][PBFT]checkTimeout Succ,view=121743,toView=121744,nodeIdx=0,changeCycle=0,myNode=19b3f6e2...,timecost=0.95
info|2019-11-15 00:27:36.112840|[g:1][CONSENSUS][PBFT]checkAndChangeView: Reach consensus,org_view=121743,org_changeCycle=0,cur_changeCycle=0,to_view=121744
info|2019-11-15 00:27:37.112937|[g:1][CONSENSUS][SEALER]++++++++++++++++ Generating seal on,blkNum=1,tx=0,nodeIdx=0,hash=95ceb547...
info|2019-11-15 00:27:37.116037|[g:1][CONSENSUS][PBFT]checkTimeout Succ,view=121744,toView=121745,nodeIdx=0,changeCycle=0,myNode=19b3f6e2...,timecost=0.494
info|2019-11-15 00:27:37.117688|[g:1][CONSENSUS][PBFT]checkAndChangeView: Reach consensus,org_view=121744,org_changeCycle=0,cur_changeCycle=0,to_view=121745
info|2019-11-15 00:27:38.119578|[g:1][CONSENSUS]addRawPrepare,height=1,reqIdx=1,hash=8e1f9a50...
info|2019-11-15 00:27:38.120318|[g:1][CONSENSUS][PBFT]checkTimeout Succ,view=121745,toView=121746,nodeIdx=0,changeCycle=0,myNode=19b3f6e2...,timecost=0.556
info|2019-11-15 00:27:38.121807|[g:1][CONSENSUS][PBFT]checkAndChangeView: Reach consensus,org_view=121745,org_changeCycle=0,cur_changeCycle=0,to_view=121746
info|2019-11-15 00:27:39.122722|[g:1][CONSENSUS]addRawPrepare,height=1,reqIdx=2,hash=1ff1ff00...
info|2019-11-15 00:27:39.123467|[g:1][CONSENSUS][PBFT]checkTimeout Succ,view=121746,toView=121747,nodeIdx=0,changeCycle=0,myNode=19b3f6e2...,timecost=0.597
info|2019-11-15 00:27:39.124916|[g:1][CONSENSUS][PBFT]checkAndChangeView: Reach consensus,org_view=121746,org_changeCycle=0,cur_changeCycle=0,to_view=121747
info|2019-11-15 00:27:40.127244|[g:1][CONSENSUS]addRawPrepare,height=1,reqIdx=3,hash=731c27f5...
info|2019-11-15 00:27:40.128199|[g:1][CONSENSUS][PBFT]checkTimeout Succ,view=121747,toView=121748,nodeIdx=0,changeCycle=0,myNode=19b3f6e2...,timecost=0.653
info|2019-11-15 00:27:40.129639|[g:1][CONSENSUS][PBFT]checkAndChangeView: Reach consensus,org_view=121747,org_changeCycle=0,cur_changeCycle=0,to_view=121748
info|2019-11-15 00:27:41.033134|[P2P][Service] heartBeat,connected count=3
info|2019-11-15 00:27:41.129740|[g:1][CONSENSUS][SEALER]++++++++++++++++ Generating seal on,blkNum=1,tx=0,nodeIdx=0,hash=10b00fa4...
info|2019-11-15 00:27:41.132670|[g:1][CONSENSUS][PBFT]checkTimeout Succ,view=121748,toView=121749,nodeIdx=0,changeCycle=0,myNode=19b3f6e2...,timecost=0.557
info|2019-11-15 00:27:41.134470|[g:1][CONSENSUS][PBFT]checkAndChangeView: Reach consensus,org_view=121748,org_changeCycle=0,cur_changeCycle=0,to_view=121749
info|2019-11-15 00:27:42.136474|[g:1][CONSENSUS]addRawPrepare,height=1,reqIdx=1,hash=b88765df...
info|2019-11-15 00:27:42.137286|[g:1][CONSENSUS][PBFT]checkTimeout Succ,view=121749,toView=121750,nodeIdx=0,changeCycle=0,myNode=19b3f6e2...,timecost=0.61
info|2019-11-15 00:27:42.138606|[g:1][CONSENSUS][PBFT]checkAndChangeView: Reach consensus,org_view=121749,org_changeCycle=0,cur_changeCycle=0,to_view=121750
info|2019-11-15 00:27:43.140135|[g:1][CONSENSUS]addRawPrepare,height=1,reqIdx=2,hash=42092930...
info|2019-11-15 00:27:43.140727|[g:1][CONSENSUS][PBFT]checkTimeout Succ,view=121750,toView=121751,nodeIdx=0,changeCycle=0,myNode=19b3f6e2...,timecost=0.463
info|2019-11-15 00:27:43.142177|[g:1][CONSENSUS][PBFT]checkAndChangeView: Reach consensus,org_view=121750,org_changeCycle=0,cur_changeCycle=0,to_view=121751
info|2019-11-15 00:27:44.144353|[g:1][CONSENSUS]addRawPrepare,height=1,reqIdx=3,hash=e9844b78...
info|2019-11-15 00:27:44.144928|[g:1][CONSENSUS][PBFT]checkTimeout Succ,view=121751,toView=121752,nodeIdx=0,changeCycle=0,myNode=19b3f6e2...,timecost=0.43
info|2019-11-15 00:27:44.146551|[g:1][CONSENSUS][PBFT]checkAndChangeView: Reach consensus,org_view=121751,org_changeCycle=0,cur_changeCycle=0,to_view=121752
info|2019-11-15 00:27:45.146552|[g:1][CONSENSUS][SEALER]++++++++++++++++ Generating seal on,blkNum=1,tx=0,nodeIdx=0,hash=b805063e...
info|2019-11-15 00:27:45.149148|[g:1][CONSENSUS][PBFT]checkTimeout Succ,view=121752,toView=121753,nodeIdx=0,changeCycle=0,myNode=19b3f6e2...,timecost=0.367
info|2019-11-15 00:27:45.150467|[g:1][CONSENSUS][PBFT]checkAndChangeView: Reach consensus,org_view=121752,org_changeCycle=0,cur_changeCycle=0,to_view=121753
info|2019-11-15 00:27:46.151385|[g:1][CONSENSUS]addRawPrepare,height=1,reqIdx=1,hash=d0d5cc59...
info|2019-11-15 00:27:46.152115|[g:1][CONSENSUS][PBFT]checkTimeout Succ,view=121753,toView=121754,nodeIdx=0,changeCycle=0,myNode=19b3f6e2...,timecost=0.623
info|2019-11-15 00:27:46.153898|[g:1][CONSENSUS][PBFT]checkAndChangeView: Reach consensus,org_view=121753,org_changeCycle=0,cur_changeCycle=0,to_view=121754
info|2019-11-15 00:27:47.155760|[g:1][CONSENSUS]addRawPrepare,height=1,reqIdx=2,hash=96f9b123...
info|2019-11-15 00:27:47.156300|[g:1][CONSENSUS][PBFT]checkTimeout Succ,view=121754,toView=121755,nodeIdx=0,changeCycle=0,myNode=19b3f6e2...,timecost=0.422
info|2019-11-15 00:27:47.157666|[g:1][CONSENSUS][PBFT]checkAndChangeView: Reach consensus,org_view=121754,org_changeCycle=0,cur_changeCycle=0,to_view=121755
info|2019-11-15 00:27:48.159944|[g:1][CONSENSUS]addRawPrepare,height=1,reqIdx=3,hash=ce52fb14...
info|2019-11-15 00:27:48.160840|[g:1][CONSENSUS][PBFT]checkTimeout Succ,view=121755,toView=121756,nodeIdx=0,changeCycle=0,myNode=19b3f6e2...,timecost=0.723
info|2019-11-15 00:27:48.162467|[g:1][CONSENSUS][PBFT]checkAndChangeView: Reach consensus,org_view=121755,org_changeCycle=0,cur_changeCycle=0,to_view=121756
info|2019-11-15 00:27:49.163348|[g:1][CONSENSUS][SEALER]++++++++++++++++ Generating seal on,blkNum=1,tx=0,nodeIdx=0,hash=76a63a1a...
info|2019-11-15 00:27:49.165888|[g:1][CONSENSUS][PBFT]checkTimeout Succ,view=121756,toView=121757,nodeIdx=0,changeCycle=0,myNode=19b3f6e2...,timecost=0.438
info|2019-11-15 00:27:49.166424|[g:1][CONSENSUS][PBFT]checkAndChangeView: Reach consensus,org_view=121756,org_changeCycle=0,cur_changeCycle=0,to_view=121757
info|2019-11-15 00:27:50.167856|[g:1][CONSENSUS]addRawPrepare,height=1,reqIdx=1,hash=196576a7...
info|2019-11-15 00:27:50.168465|[g:1][CONSENSUS][PBFT]checkTimeout Succ,view=121757,toView=121758,nodeIdx=0,changeCycle=0,myNode=19b3f6e2...,timecost=0.48
info|2019-11-15 00:27:50.169970|[g:1][CONSENSUS][PBFT]checkAndChangeView: Reach consensus,org_view=121757,org_changeCycle=0,cur_changeCycle=0,to_view=121758
info|2019-11-15 00:27:51.037996|[P2P][Service] heartBeat,connected count=3
info|2019-11-15 00:27:51.172345|[g:1][CONSENSUS]addRawPrepare,height=1,reqIdx=2,hash=724c2a20...
info|2019-11-15 00:27:51.173552|[g:1][CONSENSUS][PBFT]checkTimeout Succ,view=121758,toView=121759,nodeIdx=0,changeCycle=0,myNode=19b3f6e2...,timecost=1.088
info|2019-11-15 00:27:51.175169|[g:1][CONSENSUS][PBFT]checkAndChangeView: Reach consensus,org_view=121758,org_changeCycle=0,cur_changeCycle=0,to_view=121759
info|2019-11-15 00:27:52.176139|[g:1][CONSENSUS]addRawPrepare,height=1,reqIdx=3,hash=0cbb774b...
info|2019-11-15 00:27:52.176969|[g:1][CONSENSUS][PBFT]checkTimeout Succ,view=121759,toView=121760,nodeIdx=0,changeCycle=0,myNode=19b3f6e2...,timecost=0.591
info|2019-11-15 00:27:52.178541|[g:1][CONSENSUS][PBFT]checkAndChangeView: Reach consensus,org_view=121759,org_changeCycle=0,cur_changeCycle=0,to_view=121760
info|2019-11-15 00:27:53.178982|[g:1][CONSENSUS][SEALER]++++++++++++++++ Generating seal on,blkNum=1,tx=0,nodeIdx=0,hash=1cde8251...
info|2019-11-15 00:27:53.180018|[g:1][CONSENSUS][PBFT]checkTimeout Succ,view=121760,toView=121761,nodeIdx=0,changeCycle=0,myNode=19b3f6e2...,timecost=0.529
info|2019-11-15 00:27:53.182625|[g:1][CONSENSUS][PBFT]checkAndChangeView: Reach consensus,org_view=121760,org_changeCycle=0,cur_changeCycle=0,to_view=121761
info|2019-11-15 00:27:54.184967|[g:1][CONSENSUS]addRawPrepare,height=1,reqIdx=1,hash=af8a2f8e...
info|2019-11-15 00:27:54.185727|[g:1][CONSENSUS][PBFT]checkTimeout Succ,view=121761,toView=121762,nodeIdx=0,changeCycle=0,myNode=19b3f6e2...,timecost=0.608
info|2019-11-15 00:27:54.187059|[g:1][CONSENSUS][PBFT]checkAndChangeView: Reach consensus,org_view=121761,org_changeCycle=0,cur_changeCycle=0,to_view=121762
info|2019-11-15 00:27:55.189237|[g:1][CONSENSUS]addRawPrepare,height=1,reqIdx=2,hash=279c5524...
info|2019-11-15 00:27:55.189863|[g:1][CONSENSUS][PBFT]checkTimeout Succ,view=121762,toView=121763,nodeIdx=0,changeCycle=0,myNode=19b3f6e2...,timecost=0.502
info|2019-11-15 00:27:55.191433|[g:1][CONSENSUS][PBFT]checkAndChangeView: Reach consensus,org_view=121762,org_changeCycle=0,cur_changeCycle=0,to_view=121763
info|2019-11-15 00:27:56.193673|[g:1][CONSENSUS]addRawPrepare,height=1,reqIdx=3,hash=cae05f1d...
info|2019-11-15 00:27:56.194912|[g:1][CONSENSUS][PBFT]checkTimeout Succ,view=121763,toView=121764,nodeIdx=0,changeCycle=0,myNode=19b3f6e2...,timecost=1.041
info|2019-11-15 00:27:56.196263|[g:1][CONSENSUS][PBFT]checkAndChangeView: Reach consensus,org_view=121763,org_changeCycle=0,cur_changeCycle=0,to_view=121764
info|2019-11-15 00:27:57.196153|[g:1][CONSENSUS][SEALER]++++++++++++++++ Generating seal on,blkNum=1,tx=0,nodeIdx=0,hash=53766f9a...
info|2019-11-15 00:27:57.198585|[g:1][CONSENSUS][PBFT]checkTimeout Succ,view=121764,toView=121765,nodeIdx=0,changeCycle=0,myNode=19b3f6e2...,timecost=0.348
info|2019-11-15 00:27:57.199113|[g:1][CONSENSUS][PBFT]checkAndChangeView: Reach consensus,org_view=121764,org_changeCycle=0,cur_changeCycle=0,to_view=121765
info|2019-11-15 00:27:58.199846|[g:1][CONSENSUS]addRawPrepare,height=1,reqIdx=1,hash=5cb5999e...
info|2019-11-15 00:27:58.200527|[g:1][CONSENSUS][PBFT]checkTimeout Succ,view=121765,toView=121766,nodeIdx=0,changeCycle=0,myNode=19b3f6e2...,timecost=0.506
info|2019-11-15 00:27:58.201985|[g:1][CONSENSUS][PBFT]checkAndChangeView: Reach consensus,org_view=121765,org_changeCycle=0,cur_changeCycle=0,to_view=121766
info|2019-11-15 00:27:59.202450|[g:1][CONSENSUS]addRawPrepare,height=1,reqIdx=2,hash=d0416586...
info|2019-11-15 00:27:59.202907|[g:1][CONSENSUS][PBFT]checkTimeout Succ,view=121766,toView=121767,nodeIdx=0,changeCycle=0,myNode=19b3f6e2...,timecost=0.346
info|2019-11-15 00:27:59.210466|[g:1][CONSENSUS][PBFT]checkAndChangeView: Reach consensus,org_view=121766,org_changeCycle=0,cur_changeCycle=0,to_view=121767
info|2019-11-15 00:28:00.215536|[g:1][CONSENSUS]addRawPrepare,height=1,reqIdx=3,hash=610dcb94...
info|2019-11-15 00:28:00.216205|[g:1][CONSENSUS][PBFT]checkTimeout Succ,view=121767,toView=121768,nodeIdx=0,changeCycle=0,myNode=19b3f6e2...,timecost=0.549
info|2019-11-15 00:28:00.217612|[g:1][CONSENSUS][PBFT]checkAndChangeView: Reach consensus,org_view=121767,org_changeCycle=0,cur_changeCycle=0,to_view=121768
info|2019-11-15 00:28:01.044650|[P2P][Service] heartBeat,connected count=3
info|2019-11-15 00:28:01.217997|[g:1][CONSENSUS][SEALER]++++++++++++++++ Generating seal on,blkNum=1,tx=0,nodeIdx=0,hash=c46ec33b...
info|2019-11-15 00:28:01.219166|[g:1][CONSENSUS][PBFT]checkTimeout Succ,view=121768,toView=121769,nodeIdx=0,changeCycle=0,myNode=19b3f6e2...,timecost=0.64
info|2019-11-15 00:28:01.221929|[g:1][CONSENSUS][PBFT]checkAndChangeView: Reach consensus,org_view=121768,org_changeCycle=0,cur_changeCycle=0,to_view=121769
