info|2019-11-13 01:13:30.006112|[g:1][CONSENSUS][SEALER]++++++++++++++++ Generating seal on,blkNum=1,tx=0,nodeIdx=0,hash=3df3eacd...
info|2019-11-13 01:13:30.012244|[P2P][Service] heartBeat,connected count=3
info|2019-11-13 01:13:30.012688|[g:1][CONSENSUS][PBFT]checkTimeout Succ,view=62060,toView=62061,nodeIdx=0,changeCycle=0,myNode=19b3f6e2...,timecost=0.572
info|2019-11-13 01:13:30.014294|[g:1][CONSENSUS][PBFT]checkAndChangeView: Reach consensus,org_view=62060,org_changeCycle=0,cur_changeCycle=0,to_view=62061
info|2019-11-13 01:13:31.012316|[g:1][CONSENSUS]addRawPrepare,height=1,reqIdx=1,hash=c323864d...
info|2019-11-13 01:13:31.012812|[g:1][CONSENSUS][PBFT]checkTimeout Succ,view=62061,toView=62062,nodeIdx=0,changeCycle=0,myNode=19b3f6e2...,timecost=0.384
info|2019-11-13 01:13:31.013983|[g:1][CONSENSUS][PBFT]checkAndChangeView: Reach consensus,org_view=62061,org_changeCycle=0,cur_changeCycle=0,to_view=62062
info|2019-11-13 01:13:32.015816|[g:1][CONSENSUS]addRawPrepare,height=1,reqIdx=2,hash=a4f4f175...
info|2019-11-13 01:13:32.016467|[g:1][CONSENSUS][PBFT]checkTimeout Succ,view=62062,toView=62063,nodeIdx=0,changeCycle=0,myNode=19b3f6e2...,timecost=0.522
info|2019-11-13 01:13:32.018056|[g:1][CONSENSUS][PBFT]checkAndChangeView: Reach consensus,org_view=62062,org_changeCycle=0,cur_changeCycle=0,to_view=62063
info|2019-11-13 01:13:33.019583|[g:1][CONSENSUS]addRawPrepare,height=1,reqIdx=3,hash=cf902d72...
info|2019-11-13 01:13:33.020088|[g:1][CONSENSUS][PBFT]checkTimeout Succ,view=62063,toView=62064,nodeIdx=0,changeCycle=0,myNode=19b3f6e2...,timecost=0.383
info|2019-11-13 01:13:33.021486|[g:1][CONSENSUS][PBFT]checkAndChangeView: Reach consensus,org_view=62063,org_changeCycle=0,cur_changeCycle=0,to_view=62064
info|2019-11-13 01:13:34.021544|[g:1][CONSENSUS][SEALER]++++++++++++++++ Generating seal on,blkNum=1,tx=0,nodeIdx=0,hash=2a18f98c...
info|2019-11-13 01:13:34.025600|[g:1][CONSENSUS][PBFT]checkTimeout Succ,view=62064,toView=62065,nodeIdx=0,changeCycle=0,myNode=19b3f6e2...,timecost=0.732
info|2019-11-13 01:13:34.026423|[g:1][CONSENSUS][PBFT]checkAndChangeView: Reach consensus,org_view=62064,org_changeCycle=0,cur_changeCycle=0,to_view=62065
info|2019-11-13 01:13:35.027051|[g:1][CONSENSUS]addRawPrepare,height=1,reqIdx=1,hash=e9ccb218...
info|2019-11-13 01:13:35.028104|[g:1][CONSENSUS][PBFT]checkTimeout Succ,view=62065,toView=62066,nodeIdx=0,changeCycle=0,myNode=19b3f6e2...,timecost=0.886
info|2019-11-13 01:13:35.029402|[g:1][CONSENSUS][PBFT]checkAndChangeView: Reach consensus,org_view=62065,org_changeCycle=0,cur_changeCycle=0,to_view=62066
info|2019-11-13 01:13:36.031027|[g:1][CONSENSUS]addRawPrepare,height=1,reqIdx=2,hash=cfd09e12...
info|2019-11-13 01:13:36.031584|[g:1][CONSENSUS][PBFT]checkTimeout Succ,view=62066,toView=62067,nodeIdx=0,changeCycle=0,myNode=19b3f6e2...,timecost=0.428
info|2019-11-13 01:13:36.033176|[g:1][CONSENSUS][PBFT]checkAndChangeView: Reach consensus,org_view=62066,org_changeCycle=0,cur_changeCycle=0,to_view=62067
info|2019-11-13 01:13:37.035779|[g:1][CONSENSUS]addRawPrepare,height=1,reqIdx=3,hash=d4bd6b3e...
info|2019-11-13 01:13:37.036415|[g:1][CONSENSUS][PBFT]checkTimeout Succ,view=62067,toView=62068,nodeIdx=0,changeCycle=0,myNode=19b3f6e2...,timecost=0.464
info|2019-11-13 01:13:37.037906|[g:1][CONSENSUS][PBFT]checkAndChangeView: Reach consensus,org_view=62067,org_changeCycle=0,cur_changeCycle=0,to_view=62068
info|2019-11-13 01:13:38.037519|[g:1][CONSENSUS][SEALER]++++++++++++++++ Generating seal on,blkNum=1,tx=0,nodeIdx=0,hash=6398c1dc...
info|2019-11-13 01:13:38.040255|[g:1][CONSENSUS][PBFT]checkTimeout Succ,view=62068,toView=62069,nodeIdx=0,changeCycle=0,myNode=19b3f6e2...,timecost=0.372
info|2019-11-13 01:13:38.041630|[g:1][CONSENSUS][PBFT]checkAndChangeView: Reach consensus,org_view=62068,org_changeCycle=0,cur_changeCycle=0,to_view=62069
info|2019-11-13 01:13:39.042147|[g:1][CONSENSUS]addRawPrepare,height=1,reqIdx=1,hash=b96f2123...
info|2019-11-13 01:13:39.042889|[g:1][CONSENSUS][PBFT]checkTimeout Succ,view=62069,toView=62070,nodeIdx=0,changeCycle=0,myNode=19b3f6e2...,timecost=0.603
info|2019-11-13 01:13:39.044011|[g:1][CONSENSUS][PBFT]checkAndChangeView: Reach consensus,org_view=62069,org_changeCycle=0,cur_changeCycle=0,to_view=62070
info|2019-11-13 01:13:40.012497|[P2P][Service] heartBeat,connected count=3
info|2019-11-13 01:13:40.045693|[g:1][CONSENSUS]addRawPrepare,height=1,reqIdx=2,hash=a5f53956...
info|2019-11-13 01:13:40.046230|[g:1][CONSENSUS][PBFT]checkTimeout Succ,view=62070,toView=62071,nodeIdx=0,changeCycle=0,myNode=19b3f6e2...,timecost=0.403
info|2019-11-13 01:13:40.047660|[g:1][CONSENSUS][PBFT]checkAndChangeView: Reach consensus,org_view=62070,org_changeCycle=0,cur_changeCycle=0,to_view=62071
info|2019-11-13 01:13:41.049743|[g:1][CONSENSUS]addRawPrepare,height=1,reqIdx=3,hash=d1180cc2...
info|2019-11-13 01:13:41.050307|[g:1][CONSENSUS][PBFT]checkTimeout Succ,view=62071,toView=62072,nodeIdx=0,changeCycle=0,myNode=19b3f6e2...,timecost=0.436
info|2019-11-13 01:13:41.051890|[g:1][CONSENSUS][PBFT]checkAndChangeView: Reach consensus,org_view=62071,org_changeCycle=0,cur_changeCycle=0,to_view=62072
info|2019-11-13 01:13:42.051701|[g:1][CONSENSUS][SEALER]++++++++++++++++ Generating seal on,blkNum=1,tx=0,nodeIdx=0,hash=11c5a49e...
info|2019-11-13 01:13:42.054490|[g:1][CONSENSUS][PBFT]checkTimeout Succ,view=62072,toView=62073,nodeIdx=0,changeCycle=0,myNode=19b3f6e2...,timecost=0.431
info|2019-11-13 01:13:42.055968|[g:1][CONSENSUS][PBFT]checkAndChangeView: Reach consensus,org_view=62072,org_changeCycle=0,cur_changeCycle=0,to_view=62073
info|2019-11-13 01:13:43.056880|[g:1][CONSENSUS]addRawPrepare,height=1,reqIdx=1,hash=8be75928...
info|2019-11-13 01:13:43.057306|[g:1][CONSENSUS][PBFT]checkTimeout Succ,view=62073,toView=62074,nodeIdx=0,changeCycle=0,myNode=19b3f6e2...,timecost=0.357
info|2019-11-13 01:13:43.058708|[g:1][CONSENSUS][PBFT]checkAndChangeView: Reach consensus,org_view=62073,org_changeCycle=0,cur_changeCycle=0,to_view=62074
info|2019-11-13 01:13:44.059823|[g:1][CONSENSUS]addRawPrepare,height=1,reqIdx=2,hash=1a960adb...
info|2019-11-13 01:13:44.060450|[g:1][CONSENSUS][PBFT]checkTimeout Succ,view=62074,toView=62075,nodeIdx=0,changeCycle=0,myNode=19b3f6e2...,timecost=0.467
info|2019-11-13 01:13:44.062074|[g:1][CONSENSUS][PBFT]checkAndChangeView: Reach consensus,org_view=62074,org_changeCycle=0,cur_changeCycle=0,to_view=62075
info|2019-11-13 01:13:45.063556|[g:1][CONSENSUS]addRawPrepare,height=1,reqIdx=3,hash=738c59b2...
info|2019-11-13 01:13:45.064753|[g:1][CONSENSUS][PBFT]checkTimeout Succ,view=62075,toView=62076,nodeIdx=0,changeCycle=0,myNode=19b3f6e2...,timecost=1.034
info|2019-11-13 01:13:45.066156|[g:1][CONSENSUS][PBFT]checkAndChangeView: Reach consensus,org_view=62075,org_changeCycle=0,cur_changeCycle=0,to_view=62076
info|2019-11-13 01:13:46.066906|[g:1][CONSENSUS][SEALER]++++++++++++++++ Generating seal on,blkNum=1,tx=0,nodeIdx=0,hash=530a753e...
info|2019-11-13 01:13:46.067874|[g:1][CONSENSUS][PBFT]checkTimeout Succ,view=62076,toView=62077,nodeIdx=0,changeCycle=0,myNode=19b3f6e2...,timecost=0.499
info|2019-11-13 01:13:46.070568|[g:1][CONSENSUS][PBFT]checkAndChangeView: Reach consensus,org_view=62076,org_changeCycle=0,cur_changeCycle=0,to_view=62077
info|2019-11-13 01:13:47.071937|[g:1][CONSENSUS]addRawPrepare,height=1,reqIdx=1,hash=9e27c03c...
info|2019-11-13 01:13:47.072630|[g:1][CONSENSUS][PBFT]checkTimeout Succ,view=62077,toView=62078,nodeIdx=0,changeCycle=0,myNode=19b3f6e2...,timecost=0.544
info|2019-11-13 01:13:47.073905|[g:1][CONSENSUS][PBFT]checkAndChangeView: Reach consensus,org_view=62077,org_changeCycle=0,cur_changeCycle=0,to_view=62078
info|2019-11-13 01:13:48.075442|[g:1][CONSENSUS]addRawPrepare,height=1,reqIdx=2,hash=b044d1a4...
info|2019-11-13 01:13:48.076274|[g:1][CONSENSUS][PBFT]checkTimeout Succ,view=62078,toView=62079,nodeIdx=0,changeCycle=0,myNode=19b3f6e2...,timecost=0.707
info|2019-11-13 01:13:48.077883|[g:1][CONSENSUS][PBFT]checkAndChangeView: Reach consensus,org_view=62078,org_changeCycle=0,cur_changeCycle=0,to_view=62079
info|2019-11-13 01:13:49.078759|[g:1][CONSENSUS]addRawPrepare,height=1,reqIdx=3,hash=4c35cc72...
info|2019-11-13 01:13:49.079428|[g:1][CONSENSUS][PBFT]checkTimeout Succ,view=62079,toView=62080,nodeIdx=0,changeCycle=0,myNode=19b3f6e2...,timecost=0.492
info|2019-11-13 01:13:49.080979|[g:1][CONSENSUS][PBFT]checkAndChangeView: Reach consensus,org_view=62079,org_changeCycle=0,cur_changeCycle=0,to_view=62080
info|2019-11-13 01:13:50.014507|[P2P][Service] heartBeat,connected count=3
info|2019-11-13 01:13:50.082391|[g:1][CONSENSUS][SEALER]++++++++++++++++ Generating seal on,blkNum=1,tx=0,nodeIdx=0,hash=fa2b6dbe...
info|2019-11-13 01:13:50.085520|[g:1][CONSENSUS][PBFT]checkTimeout Succ,view=62080,toView=62081,nodeIdx=0,changeCycle=0,myNode=19b3f6e2...,timecost=0.541
info|2019-11-13 01:13:50.086905|[g:1][CONSENSUS][PBFT]checkAndChangeView: Reach consensus,org_view=62080,org_changeCycle=0,cur_changeCycle=0,to_view=62081
info|2019-11-13 01:13:51.088007|[g:1][CONSENSUS]addRawPrepare,height=1,reqIdx=1,hash=247f20f3...
info|2019-11-13 01:13:51.088603|[g:1][CONSENSUS][PBFT]checkTimeout Succ,view=62081,toView=62082,nodeIdx=0,changeCycle=0,myNode=19b3f6e2...,timecost=0.47
info|2019-11-13 01:13:51.090243|[g:1][CONSENSUS][PBFT]checkAndChangeView: Reach consensus,org_view=62081,org_changeCycle=0,cur_changeCycle=0,to_view=62082
info|2019-11-13 01:13:52.093134|[g:1][CONSENSUS]addRawPrepare,height=1,reqIdx=2,hash=4b749358...
info|2019-11-13 01:13:52.093823|[g:1][CONSENSUS][PBFT]checkTimeout Succ,view=62082,toView=62083,nodeIdx=0,changeCycle=0,myNode=19b3f6e2...,timecost=0.563
info|2019-11-13 01:13:52.095351|[g:1][CONSENSUS][PBFT]checkAndChangeView: Reach consensus,org_view=62082,org_changeCycle=0,cur_changeCycle=0,to_view=62083
info|2019-11-13 01:13:53.097313|[g:1][CONSENSUS]addRawPrepare,height=1,reqIdx=3,hash=98ea976a...
info|2019-11-13 01:13:53.098094|[g:1][CONSENSUS][PBFT]checkTimeout Succ,view=62083,toView=62084,nodeIdx=0,changeCycle=0,myNode=19b3f6e2...,timecost=0.605
info|2019-11-13 01:13:53.099708|[g:1][CONSENSUS][PBFT]checkAndChangeView: Reach consensus,org_view=62083,org_changeCycle=0,cur_changeCycle=0,to_view=62084
info|2019-11-13 01:13:54.100085|[g:1][CONSENSUS][SEALER]++++++++++++++++ Generating seal on,blkNum=1,tx=0,nodeIdx=0,hash=ca650df7...
info|2019-11-13 01:13:54.100808|[g:1][CONSENSUS][PBFT]checkTimeout Succ,view=62084,toView=62085,nodeIdx=0,changeCycle=0,myNode=19b3f6e2...,timecost=0.335
info|2019-11-13 01:13:54.103343|[g:1][CONSENSUS][PBFT]checkAndChangeView: Reach consensus,org_view=62084,org_changeCycle=0,cur_changeCycle=0,to_view=62085
info|2019-11-13 01:13:55.104978|[g:1][CONSENSUS]addRawPrepare,height=1,reqIdx=1,hash=d006fbbc...
info|2019-11-13 01:13:55.106329|[g:1][CONSENSUS][PBFT]checkTimeout Succ,view=62085,toView=62086,nodeIdx=0,changeCycle=0,myNode=19b3f6e2...,timecost=1.229
info|2019-11-13 01:13:55.107870|[g:1][CONSENSUS][PBFT]checkAndChangeView: Reach consensus,org_view=62085,org_changeCycle=0,cur_changeCycle=0,to_view=62086
info|2019-11-13 01:13:56.109493|[g:1][CONSENSUS]addRawPrepare,height=1,reqIdx=2,hash=e7fd3d0e...
info|2019-11-13 01:13:56.110527|[g:1][CONSENSUS][PBFT]checkTimeout Succ,view=62086,toView=62087,nodeIdx=0,changeCycle=0,myNode=19b3f6e2...,timecost=0.883
info|2019-11-13 01:13:56.111951|[g:1][CONSENSUS][PBFT]checkAndChangeView: Reach consensus,org_view=62086,org_changeCycle=0,cur_changeCycle=0,to_view=62087
info|2019-11-13 01:13:57.113768|[g:1][CONSENSUS]addRawPrepare,height=1,reqIdx=3,hash=8237db5d...
info|2019-11-13 01:13:57.114439|[g:1][CONSENSUS][PBFT]checkTimeout Succ,view=62087,toView=62088,nodeIdx=0,changeCycle=0,myNode=19b3f6e2...,timecost=0.5
info|2019-11-13 01:13:57.115984|[g:1][CONSENSUS][PBFT]checkAndChangeView: Reach consensus,org_view=62087,org_changeCycle=0,cur_changeCycle=0,to_view=62088
info|2019-11-13 01:13:58.116545|[g:1][CONSENSUS][SEALER]++++++++++++++++ Generating seal on,blkNum=1,tx=0,nodeIdx=0,hash=af04b563...
info|2019-11-13 01:13:58.119880|[g:1][CONSENSUS][PBFT]checkTimeout Succ,view=62088,toView=62089,nodeIdx=0,changeCycle=0,myNode=19b3f6e2...,timecost=0.448
info|2019-11-13 01:13:58.120579|[g:1][CONSENSUS][PBFT]checkAndChangeView: Reach consensus,org_view=62088,org_changeCycle=0,cur_changeCycle=0,to_view=62089
info|2019-11-13 01:13:59.120582|[g:1][CONSENSUS]addRawPrepare,height=1,reqIdx=1,hash=b56fb0ea...
info|2019-11-13 01:13:59.121234|[g:1][CONSENSUS][PBFT]checkTimeout Succ,view=62089,toView=62090,nodeIdx=0,changeCycle=0,myNode=19b3f6e2...,timecost=0.515
info|2019-11-13 01:13:59.122773|[g:1][CONSENSUS][PBFT]checkAndChangeView: Reach consensus,org_view=62089,org_changeCycle=0,cur_changeCycle=0,to_view=62090
info|2019-11-13 01:14:00.022314|[P2P][Service] heartBeat,connected count=3
info|2019-11-13 01:14:00.123958|[g:1][CONSENSUS]addRawPrepare,height=1,reqIdx=2,hash=21308511...
info|2019-11-13 01:14:00.124633|[g:1][CONSENSUS][PBFT]checkTimeout Succ,view=62090,toView=62091,nodeIdx=0,changeCycle=0,myNode=19b3f6e2...,timecost=0.557
info|2019-11-13 01:14:00.126421|[g:1][CONSENSUS][PBFT]checkAndChangeView: Reach consensus,org_view=62090,org_changeCycle=0,cur_changeCycle=0,to_view=62091
info|2019-11-13 01:14:01.128656|[g:1][CONSENSUS]addRawPrepare,height=1,reqIdx=3,hash=54778817...
info|2019-11-13 01:14:01.129310|[g:1][CONSENSUS][PBFT]checkTimeout Succ,view=62091,toView=62092,nodeIdx=0,changeCycle=0,myNode=19b3f6e2...,timecost=0.486
info|2019-11-13 01:14:01.130696|[g:1][CONSENSUS][PBFT]checkAndChangeView: Reach consensus,org_view=62091,org_changeCycle=0,cur_changeCycle=0,to_view=62092
info|2019-11-13 01:14:02.130294|[g:1][CONSENSUS][SEALER]++++++++++++++++ Generating seal on,blkNum=1,tx=0,nodeIdx=0,hash=415eb681...
info|2019-11-13 01:14:02.131062|[g:1][CONSENSUS][PBFT]checkTimeout Succ,view=62092,toView=62093,nodeIdx=0,changeCycle=0,myNode=19b3f6e2...,timecost=0.387
info|2019-11-13 01:14:02.132851|[g:1][CONSENSUS][PBFT]checkAndChangeView: Reach consensus,org_view=62092,org_changeCycle=0,cur_changeCycle=0,to_view=62093
info|2019-11-13 01:14:03.135076|[g:1][CONSENSUS]addRawPrepare,height=1,reqIdx=1,hash=b0a926f8...
info|2019-11-13 01:14:03.135705|[g:1][CONSENSUS][PBFT]checkTimeout Succ,view=62093,toView=62094,nodeIdx=0,changeCycle=0,myNode=19b3f6e2...,timecost=0.483
info|2019-11-13 01:14:03.136982|[g:1][CONSENSUS][PBFT]checkAndChangeView: Reach consensus,org_view=62093,org_changeCycle=0,cur_changeCycle=0,to_view=62094
info|2019-11-13 01:14:04.137765|[g:1][CONSENSUS]addRawPrepare,height=1,reqIdx=2,hash=d19a92b6...
info|2019-11-13 01:14:04.138402|[g:1][CONSENSUS][PBFT]checkTimeout Succ,view=62094,toView=62095,nodeIdx=0,changeCycle=0,myNode=19b3f6e2...,timecost=0.47
info|2019-11-13 01:14:04.140363|[g:1][CONSENSUS][PBFT]checkAndChangeView: Reach consensus,org_view=62094,org_changeCycle=0,cur_changeCycle=0,to_view=62095
info|2019-11-13 01:14:05.141847|[g:1][CONSENSUS]addRawPrepare,height=1,reqIdx=3,hash=54ed9598...
info|2019-11-13 01:14:05.143404|[g:1][CONSENSUS][PBFT]checkTimeout Succ,view=62095,toView=62096,nodeIdx=0,changeCycle=0,myNode=19b3f6e2...,timecost=1.427
info|2019-11-13 01:14:05.144941|[g:1][CONSENSUS][PBFT]checkAndChangeView: Reach consensus,org_view=62095,org_changeCycle=0,cur_changeCycle=0,to_view=62096
info|2019-11-13 01:14:06.144190|[g:1][CONSENSUS][SEALER]++++++++++++++++ Generating seal on,blkNum=1,tx=0,nodeIdx=0,hash=d439df7a...
info|2019-11-13 01:14:06.146700|[g:1][CONSENSUS][PBFT]checkTimeout Succ,view=62096,toView=62097,nodeIdx=0,changeCycle=0,myNode=19b3f6e2...,timecost=0.44
info|2019-11-13 01:14:06.148358|[g:1][CONSENSUS][PBFT]checkAndChangeView: Reach consensus,org_view=62096,org_changeCycle=0,cur_changeCycle=0,to_view=62097
info|2019-11-13 01:14:07.148601|[g:1][CONSENSUS]addRawPrepare,height=1,reqIdx=1,hash=577bfdc7...
info|2019-11-13 01:14:07.149220|[g:1][CONSENSUS][PBFT]checkTimeout Succ,view=62097,toView=62098,nodeIdx=0,changeCycle=0,myNode=19b3f6e2...,timecost=0.49
info|2019-11-13 01:14:07.150704|[g:1][CONSENSUS][PBFT]checkAndChangeView: Reach consensus,org_view=62097,org_changeCycle=0,cur_changeCycle=0,to_view=62098
info|2019-11-13 01:14:08.153611|[g:1][CONSENSUS]addRawPrepare,height=1,reqIdx=2,hash=38e6c86f...
info|2019-11-13 01:14:08.154273|[g:1][CONSENSUS][PBFT]checkTimeout Succ,view=62098,toView=62099,nodeIdx=0,changeCycle=0,myNode=19b3f6e2...,timecost=0.523
info|2019-11-13 01:14:08.156135|[g:1][CONSENSUS][PBFT]checkAndChangeView: Reach consensus,org_view=62098,org_changeCycle=0,cur_changeCycle=0,to_view=62099
info|2019-11-13 01:14:09.156605|[g:1][CONSENSUS]addRawPrepare,height=1,reqIdx=3,hash=0f43e4c8...
info|2019-11-13 01:14:09.157068|[g:1][CONSENSUS][PBFT]checkTimeout Succ,view=62099,toView=62100,nodeIdx=0,changeCycle=0,myNode=19b3f6e2...,timecost=0.336
info|2019-11-13 01:14:09.158159|[g:1][CONSENSUS][PBFT]checkAndChangeView: Reach consensus,org_view=62099,org_changeCycle=0,cur_changeCycle=0,to_view=62100
info|2019-11-13 01:14:10.029886|[P2P][Service] heartBeat,connected count=3
info|2019-11-13 01:14:10.159583|[g:1][CONSENSUS][SEALER]++++++++++++++++ Generating seal on,blkNum=1,tx=0,nodeIdx=0,hash=583b66d9...
info|2019-11-13 01:14:10.162641|[g:1][CONSENSUS][PBFT]checkTimeout Succ,view=62100,toView=62101,nodeIdx=0,changeCycle=0,myNode=19b3f6e2...,timecost=0.536
info|2019-11-13 01:14:10.164114|[g:1][CONSENSUS][PBFT]checkAndChangeView: Reach consensus,org_view=62100,org_changeCycle=0,cur_changeCycle=0,to_view=62101
info|2019-11-13 01:14:11.165398|[g:1][CONSENSUS]addRawPrepare,height=1,reqIdx=1,hash=3897b3fc...
info|2019-11-13 01:14:11.166119|[g:1][CONSENSUS][PBFT]checkTimeout Succ,view=62101,toView=62102,nodeIdx=0,changeCycle=0,myNode=19b3f6e2...,timecost=0.496
info|2019-11-13 01:14:11.167705|[g:1][CONSENSUS][PBFT]checkAndChangeView: Reach consensus,org_view=62101,org_changeCycle=0,cur_changeCycle=0,to_view=62102
info|2019-11-13 01:14:12.168232|[g:1][CONSENSUS]addRawPrepare,height=1,reqIdx=2,hash=3e1ead33...
info|2019-11-13 01:14:12.168672|[g:1][CONSENSUS][PBFT]checkTimeout Succ,view=62102,toView=62103,nodeIdx=0,changeCycle=0,myNode=19b3f6e2...,timecost=0.341
info|2019-11-13 01:14:12.169813|[g:1][CONSENSUS][PBFT]checkAndChangeView: Reach consensus,org_view=62102,org_changeCycle=0,cur_changeCycle=0,to_view=62103
info|2019-11-13 01:14:13.170954|[g:1][CONSENSUS]addRawPrepare,height=1,reqIdx=3,hash=12d37d37...
info|2019-11-13 01:14:13.171821|[g:1][CONSENSUS][PBFT]checkTimeout Succ,view=62103,toView=62104,nodeIdx=0,changeCycle=0,myNode=19b3f6e2...,timecost=0.6
info|2019-11-13 01:14:13.173348|[g:1][CONSENSUS][PBFT]checkAndChangeView: Reach consensus,org_view=62103,org_changeCycle=0,cur_changeCycle=0,to_view=62104
info|2019-11-13 01:14:14.173226|[g:1][CONSENSUS][SEALER]++++++++++++++++ Generating seal on,blkNum=1,tx=0,nodeIdx=0,hash=b7542fc2...
info|2019-11-13 01:14:14.174307|[g:1][CONSENSUS][PBFT]checkTimeout Succ,view=62104,toView=62105,nodeIdx=0,changeCycle=0,myNode=19b3f6e2...,timecost=0.607
info|2019-11-13 01:14:14.176579|[g:1][CONSENSUS][PBFT]checkAndChangeView: Reach consensus,org_view=62104,org_changeCycle=0,cur_changeCycle=0,to_view=62105
info|2019-11-13 01:14:15.178719|[g:1][CONSENSUS]addRawPrepare,height=1,reqIdx=1,hash=a90623a0...
info|2019-11-13 01:14:15.180105|[g:1][CONSENSUS][PBFT]checkTimeout Succ,view=62105,toView=62106,nodeIdx=0,changeCycle=0,myNode=19b3f6e2...,timecost=1.251
info|2019-11-13 01:14:15.181769|[g:1][CONSENSUS][PBFT]checkAndChangeView: Reach consensus,org_view=62105,org_changeCycle=0,cur_changeCycle=0,to_view=62106
info|2019-11-13 01:14:16.183244|[g:1][CONSENSUS]addRawPrepare,height=1,reqIdx=2,hash=fc9ca33f...
info|2019-11-13 01:14:16.183881|[g:1][CONSENSUS][PBFT]checkTimeout Succ,view=62106,toView=62107,nodeIdx=0,changeCycle=0,myNode=19b3f6e2...,timecost=0.493
info|2019-11-13 01:14:16.185492|[g:1][CONSENSUS][PBFT]checkAndChangeView: Reach consensus,org_view=62106,org_changeCycle=0,cur_changeCycle=0,to_view=62107
info|2019-11-13 01:14:17.186489|[g:1][CONSENSUS]addRawPrepare,height=1,reqIdx=3,hash=6a03691a...
info|2019-11-13 01:14:17.187312|[g:1][CONSENSUS][PBFT]checkTimeout Succ,view=62107,toView=62108,nodeIdx=0,changeCycle=0,myNode=19b3f6e2...,timecost=0.656
info|2019-11-13 01:14:17.189144|[g:1][CONSENSUS][PBFT]checkAndChangeView: Reach consensus,org_view=62107,org_changeCycle=0,cur_changeCycle=0,to_view=62108
info|2019-11-13 01:14:18.189811|[g:1][CONSENSUS][SEALER]++++++++++++++++ Generating seal on,blkNum=1,tx=0,nodeIdx=0,hash=40393712...
info|2019-11-13 01:14:18.190795|[g:1][CONSENSUS][PBFT]checkTimeout Succ,view=62108,toView=62109,nodeIdx=0,changeCycle=0,myNode=19b3f6e2...,timecost=0.466
info|2019-11-13 01:14:18.193675|[g:1][CONSENSUS][PBFT]checkAndChangeView: Reach consensus,org_view=62108,org_changeCycle=0,cur_changeCycle=0,to_view=62109
info|2019-11-13 01:14:19.194998|[g:1][CONSENSUS]addRawPrepare,height=1,reqIdx=1,hash=cc9072d4...
info|2019-11-13 01:14:19.195574|[g:1][CONSENSUS][PBFT]checkTimeout Succ,view=62109,toView=62110,nodeIdx=0,changeCycle=0,myNode=19b3f6e2...,timecost=0.424
info|2019-11-13 01:14:19.196838|[g:1][CONSENSUS][PBFT]checkAndChangeView: Reach consensus,org_view=62109,org_changeCycle=0,cur_changeCycle=0,to_view=62110
info|2019-11-13 01:14:20.037149|[P2P][Service] heartBeat,connected count=3
info|2019-11-13 01:14:20.198366|[g:1][CONSENSUS]addRawPrepare,height=1,reqIdx=2,hash=c6e7c02e...
info|2019-11-13 01:14:20.199152|[g:1][CONSENSUS][PBFT]checkTimeout Succ,view=62110,toView=62111,nodeIdx=0,changeCycle=0,myNode=19b3f6e2...,timecost=0.61
info|2019-11-13 01:14:20.200988|[g:1][CONSENSUS][PBFT]checkAndChangeView: Reach consensus,org_view=62110,org_changeCycle=0,cur_changeCycle=0,to_view=62111
info|2019-11-13 01:14:21.202872|[g:1][CONSENSUS]addRawPrepare,height=1,reqIdx=3,hash=42b7bd02...
info|2019-11-13 01:14:21.203565|[g:1][CONSENSUS][PBFT]checkTimeout Succ,view=62111,toView=62112,nodeIdx=0,changeCycle=0,myNode=19b3f6e2...,timecost=0.518
info|2019-11-13 01:14:21.205054|[g:1][CONSENSUS][PBFT]checkAndChangeView: Reach consensus,org_view=62111,org_changeCycle=0,cur_changeCycle=0,to_view=62112
info|2019-11-13 01:14:22.206619|[g:1][CONSENSUS][SEALER]++++++++++++++++ Generating seal on,blkNum=1,tx=0,nodeIdx=0,hash=281794b7...
info|2019-11-13 01:14:22.210107|[g:1][CONSENSUS][PBFT]checkTimeout Succ,view=62112,toView=62113,nodeIdx=0,changeCycle=0,myNode=19b3f6e2...,timecost=0.64
info|2019-11-13 01:14:22.210897|[g:1][CONSENSUS][PBFT]checkAndChangeView: Reach consensus,org_view=62112,org_changeCycle=0,cur_changeCycle=0,to_view=62113
info|2019-11-13 01:14:23.211513|[g:1][CONSENSUS]addRawPrepare,height=1,reqIdx=1,hash=d188b281...
info|2019-11-13 01:14:23.212229|[g:1][CONSENSUS][PBFT]checkTimeout Succ,view=62113,toView=62114,nodeIdx=0,changeCycle=0,myNode=19b3f6e2...,timecost=0.581
info|2019-11-13 01:14:23.213718|[g:1][CONSENSUS][PBFT]checkAndChangeView: Reach consensus,org_view=62113,org_changeCycle=0,cur_changeCycle=0,to_view=62114
info|2019-11-13 01:14:24.215445|[g:1][CONSENSUS]addRawPrepare,height=1,reqIdx=2,hash=7f9fe886...
info|2019-11-13 01:14:24.216188|[g:1][CONSENSUS][PBFT]checkTimeout Succ,view=62114,toView=62115,nodeIdx=0,changeCycle=0,myNode=19b3f6e2...,timecost=0.648
info|2019-11-13 01:14:24.217736|[g:1][CONSENSUS][PBFT]checkAndChangeView: Reach consensus,org_view=62114,org_changeCycle=0,cur_changeCycle=0,to_view=62115
info|2019-11-13 01:14:25.219354|[g:1][CONSENSUS]addRawPrepare,height=1,reqIdx=3,hash=2af9dc18...
info|2019-11-13 01:14:25.220415|[g:1][CONSENSUS][PBFT]checkTimeout Succ,view=62115,toView=62116,nodeIdx=0,changeCycle=0,myNode=19b3f6e2...,timecost=0.877
info|2019-11-13 01:14:25.222010|[g:1][CONSENSUS][PBFT]checkAndChangeView: Reach consensus,org_view=62115,org_changeCycle=0,cur_changeCycle=0,to_view=62116
info|2019-11-13 01:14:26.223425|[g:1][CONSENSUS][SEALER]++++++++++++++++ Generating seal on,blkNum=1,tx=0,nodeIdx=0,hash=196e75a6...
info|2019-11-13 01:14:26.226401|[g:1][CONSENSUS][PBFT]checkTimeout Succ,view=62116,toView=62117,nodeIdx=0,changeCycle=0,myNode=19b3f6e2...,timecost=0.428
info|2019-11-13 01:14:26.227075|[g:1][CONSENSUS][PBFT]checkAndChangeView: Reach consensus,org_view=62116,org_changeCycle=0,cur_changeCycle=0,to_view=62117
