info|2019-11-15 11:00:00.761589|[g:1][CONSENSUS]addRawPrepare,height=1,reqIdx=1,hash=3fd8be7b...
info|2019-11-15 11:00:00.762340|[g:1][CONSENSUS][PBFT]checkTimeout Succ,view=126085,toView=126086,nodeIdx=0,changeCycle=0,myNode=19b3f6e2...,timecost=0.633
info|2019-11-15 11:00:00.764461|[g:1][CONSENSUS][PBFT]checkAndChangeView: Reach consensus,org_view=126085,org_changeCycle=0,cur_changeCycle=0,to_view=126086
info|2019-11-15 11:00:01.766046|[g:1][CONSENSUS]addRawPrepare,height=1,reqIdx=2,hash=53e7aa66...
info|2019-11-15 11:00:01.766685|[g:1][CONSENSUS][PBFT]checkTimeout Succ,view=126086,toView=126087,nodeIdx=0,changeCycle=0,myNode=19b3f6e2...,timecost=0.538
info|2019-11-15 11:00:01.768262|[g:1][CONSENSUS][PBFT]checkAndChangeView: Reach consensus,org_view=126086,org_changeCycle=0,cur_changeCycle=0,to_view=126087
info|2019-11-15 11:00:02.769757|[g:1][CONSENSUS]addRawPrepare,height=1,reqIdx=3,hash=8e32221b...
info|2019-11-15 11:00:02.770414|[g:1][CONSENSUS][PBFT]checkTimeout Succ,view=126087,toView=126088,nodeIdx=0,changeCycle=0,myNode=19b3f6e2...,timecost=0.493
info|2019-11-15 11:00:02.772105|[g:1][CONSENSUS][PBFT]checkAndChangeView: Reach consensus,org_view=126087,org_changeCycle=0,cur_changeCycle=0,to_view=126088
info|2019-11-15 11:00:03.773040|[g:1][CONSENSUS][SEALER]++++++++++++++++ Generating seal on,blkNum=1,tx=0,nodeIdx=0,hash=5e3e8f19...
info|2019-11-15 11:00:03.774059|[g:1][CONSENSUS][PBFT]checkTimeout Succ,view=126088,toView=126089,nodeIdx=0,changeCycle=0,myNode=19b3f6e2...,timecost=0.546
info|2019-11-15 11:00:03.776614|[g:1][CONSENSUS][PBFT]checkAndChangeView: Reach consensus,org_view=126088,org_changeCycle=0,cur_changeCycle=0,to_view=126089
info|2019-11-15 11:00:04.778370|[g:1][CONSENSUS]addRawPrepare,height=1,reqIdx=1,hash=1e7995e5...
info|2019-11-15 11:00:04.778974|[g:1][CONSENSUS][PBFT]checkTimeout Succ,view=126089,toView=126090,nodeIdx=0,changeCycle=0,myNode=19b3f6e2...,timecost=0.482
info|2019-11-15 11:00:04.780402|[g:1][CONSENSUS][PBFT]checkAndChangeView: Reach consensus,org_view=126089,org_changeCycle=0,cur_changeCycle=0,to_view=126090
info|2019-11-15 11:00:05.072437|[P2P][Service] heartBeat,connected count=3
info|2019-11-15 11:00:05.781720|[g:1][CONSENSUS]addRawPrepare,height=1,reqIdx=2,hash=c8d00fd0...
info|2019-11-15 11:00:05.782447|[g:1][CONSENSUS][PBFT]checkTimeout Succ,view=126090,toView=126091,nodeIdx=0,changeCycle=0,myNode=19b3f6e2...,timecost=0.568
info|2019-11-15 11:00:05.784304|[g:1][CONSENSUS][PBFT]checkAndChangeView: Reach consensus,org_view=126090,org_changeCycle=0,cur_changeCycle=0,to_view=126091
info|2019-11-15 11:00:06.784668|[g:1][CONSENSUS]addRawPrepare,height=1,reqIdx=3,hash=3e35f853...
info|2019-11-15 11:00:06.785121|[g:1][CONSENSUS][PBFT]checkTimeout Succ,view=126091,toView=126092,nodeIdx=0,changeCycle=0,myNode=19b3f6e2...,timecost=0.362
info|2019-11-15 11:00:06.786154|[g:1][CONSENSUS][PBFT]checkAndChangeView: Reach consensus,org_view=126091,org_changeCycle=0,cur_changeCycle=0,to_view=126092
info|2019-11-15 11:00:07.787317|[g:1][CONSENSUS][SEALER]++++++++++++++++ Generating seal on,blkNum=1,tx=0,nodeIdx=0,hash=7c32fa47...
info|2019-11-15 11:00:07.789710|[g:1][CONSENSUS][PBFT]checkTimeout Succ,view=126092,toView=126093,nodeIdx=0,changeCycle=0,myNode=19b3f6e2...,timecost=0.398
info|2019-11-15 11:00:07.790337|[g:1][CONSENSUS][PBFT]checkAndChangeView: Reach consensus,org_view=126092,org_changeCycle=0,cur_changeCycle=0,to_view=126093
info|2019-11-15 11:00:08.790371|[g:1][CONSENSUS]addRawPrepare,height=1,reqIdx=1,hash=9dc303a2...
info|2019-11-15 11:00:08.791134|[g:1][CONSENSUS][PBFT]checkTimeout Succ,view=126093,toView=126094,nodeIdx=0,changeCycle=0,myNode=19b3f6e2...,timecost=0.595
info|2019-11-15 11:00:08.792604|[g:1][CONSENSUS][PBFT]checkAndChangeView: Reach consensus,org_view=126093,org_changeCycle=0,cur_changeCycle=0,to_view=126094
info|2019-11-15 11:00:09.794565|[g:1][CONSENSUS]addRawPrepare,height=1,reqIdx=2,hash=63092e72...
info|2019-11-15 11:00:09.795208|[g:1][CONSENSUS][PBFT]checkTimeout Succ,view=126094,toView=126095,nodeIdx=0,changeCycle=0,myNode=19b3f6e2...,timecost=0.466
info|2019-11-15 11:00:09.797140|[g:1][CONSENSUS][PBFT]checkAndChangeView: Reach consensus,org_view=126094,org_changeCycle=0,cur_changeCycle=0,to_view=126095
info|2019-11-15 11:00:10.798555|[g:1][CONSENSUS]addRawPrepare,height=1,reqIdx=3,hash=41cb27ac...
info|2019-11-15 11:00:10.799236|[g:1][CONSENSUS][PBFT]checkTimeout Succ,view=126095,toView=126096,nodeIdx=0,changeCycle=0,myNode=19b3f6e2...,timecost=0.524
info|2019-11-15 11:00:10.800871|[g:1][CONSENSUS][PBFT]checkAndChangeView: Reach consensus,org_view=126095,org_changeCycle=0,cur_changeCycle=0,to_view=126096
info|2019-11-15 11:00:11.801236|[g:1][CONSENSUS][SEALER]++++++++++++++++ Generating seal on,blkNum=1,tx=0,nodeIdx=0,hash=c41c999a...
info|2019-11-15 11:00:11.804544|[g:1][CONSENSUS][PBFT]checkTimeout Succ,view=126096,toView=126097,nodeIdx=0,changeCycle=0,myNode=19b3f6e2...,timecost=0.531
info|2019-11-15 11:00:11.805345|[g:1][CONSENSUS][PBFT]checkAndChangeView: Reach consensus,org_view=126096,org_changeCycle=0,cur_changeCycle=0,to_view=126097
info|2019-11-15 11:00:12.806287|[g:1][CONSENSUS]addRawPrepare,height=1,reqIdx=1,hash=ec70960b...
info|2019-11-15 11:00:12.806999|[g:1][CONSENSUS][PBFT]checkTimeout Succ,view=126097,toView=126098,nodeIdx=0,changeCycle=0,myNode=19b3f6e2...,timecost=0.578
info|2019-11-15 11:00:12.808388|[g:1][CONSENSUS][PBFT]checkAndChangeView: Reach consensus,org_view=126097,org_changeCycle=0,cur_changeCycle=0,to_view=126098
info|2019-11-15 11:00:13.809872|[g:1][CONSENSUS]addRawPrepare,height=1,reqIdx=2,hash=b1c77d7e...
info|2019-11-15 11:00:13.810559|[g:1][CONSENSUS][PBFT]checkTimeout Succ,view=126098,toView=126099,nodeIdx=0,changeCycle=0,myNode=19b3f6e2...,timecost=0.515
info|2019-11-15 11:00:13.812168|[g:1][CONSENSUS][PBFT]checkAndChangeView: Reach consensus,org_view=126098,org_changeCycle=0,cur_changeCycle=0,to_view=126099
info|2019-11-15 11:00:14.813817|[g:1][CONSENSUS]addRawPrepare,height=1,reqIdx=3,hash=6d9dee75...
info|2019-11-15 11:00:14.814487|[g:1][CONSENSUS][PBFT]checkTimeout Succ,view=126099,toView=126100,nodeIdx=0,changeCycle=0,myNode=19b3f6e2...,timecost=0.542
info|2019-11-15 11:00:14.816194|[g:1][CONSENSUS][PBFT]checkAndChangeView: Reach consensus,org_view=126099,org_changeCycle=0,cur_changeCycle=0,to_view=126100
info|2019-11-15 11:00:15.075456|[P2P][Service] heartBeat,connected count=3
info|2019-11-15 11:00:15.816332|[g:1][CONSENSUS][SEALER]++++++++++++++++ Generating seal on,blkNum=1,tx=0,nodeIdx=0,hash=522fb1ff...
info|2019-11-15 11:00:15.817027|[g:1][CONSENSUS][PBFT]checkTimeout Succ,view=126100,toView=126101,nodeIdx=0,changeCycle=0,myNode=19b3f6e2...,timecost=0.371
info|2019-11-15 11:00:15.819298|[g:1][CONSENSUS][PBFT]checkAndChangeView: Reach consensus,org_view=126100,org_changeCycle=0,cur_changeCycle=0,to_view=126101
info|2019-11-15 11:00:16.820514|[g:1][CONSENSUS]addRawPrepare,height=1,reqIdx=1,hash=ac24938b...
info|2019-11-15 11:00:16.821071|[g:1][CONSENSUS][PBFT]checkTimeout Succ,view=126101,toView=126102,nodeIdx=0,changeCycle=0,myNode=19b3f6e2...,timecost=0.44
info|2019-11-15 11:00:16.822410|[g:1][CONSENSUS][PBFT]checkAndChangeView: Reach consensus,org_view=126101,org_changeCycle=0,cur_changeCycle=0,to_view=126102
info|2019-11-15 11:00:17.824474|[g:1][CONSENSUS]addRawPrepare,height=1,reqIdx=2,hash=a58d7a5d...
info|2019-11-15 11:00:17.825019|[g:1][CONSENSUS][PBFT]checkTimeout Succ,view=126102,toView=126103,nodeIdx=0,changeCycle=0,myNode=19b3f6e2...,timecost=0.421
info|2019-11-15 11:00:17.826492|[g:1][CONSENSUS][PBFT]checkAndChangeView: Reach consensus,org_view=126102,org_changeCycle=0,cur_changeCycle=0,to_view=126103
info|2019-11-15 11:00:18.827333|[g:1][CONSENSUS]addRawPrepare,height=1,reqIdx=3,hash=203ac498...
info|2019-11-15 11:00:18.827869|[g:1][CONSENSUS][PBFT]checkTimeout Succ,view=126103,toView=126104,nodeIdx=0,changeCycle=0,myNode=19b3f6e2...,timecost=0.41
info|2019-11-15 11:00:18.829054|[g:1][CONSENSUS][PBFT]checkAndChangeView: Reach consensus,org_view=126103,org_changeCycle=0,cur_changeCycle=0,to_view=126104
info|2019-11-15 11:00:19.830106|[g:1][CONSENSUS][SEALER]++++++++++++++++ Generating seal on,blkNum=1,tx=0,nodeIdx=0,hash=3f151e9d...
info|2019-11-15 11:00:19.830680|[g:1][CONSENSUS][PBFT]checkTimeout Succ,view=126104,toView=126105,nodeIdx=0,changeCycle=0,myNode=19b3f6e2...,timecost=0.278
info|2019-11-15 11:00:19.832632|[g:1][CONSENSUS][PBFT]checkAndChangeView: Reach consensus,org_view=126104,org_changeCycle=0,cur_changeCycle=0,to_view=126105
info|2019-11-15 11:00:20.833153|[g:1][CONSENSUS]addRawPrepare,height=1,reqIdx=1,hash=a212f330...
info|2019-11-15 11:00:20.833685|[g:1][CONSENSUS][PBFT]checkTimeout Succ,view=126105,toView=126106,nodeIdx=0,changeCycle=0,myNode=19b3f6e2...,timecost=0.44
info|2019-11-15 11:00:20.835288|[g:1][CONSENSUS][PBFT]checkAndChangeView: Reach consensus,org_view=126105,org_changeCycle=0,cur_changeCycle=0,to_view=126106
info|2019-11-15 11:00:21.836344|[g:1][CONSENSUS]addRawPrepare,height=1,reqIdx=2,hash=2f520acf...
info|2019-11-15 11:00:21.836901|[g:1][CONSENSUS][PBFT]checkTimeout Succ,view=126106,toView=126107,nodeIdx=0,changeCycle=0,myNode=19b3f6e2...,timecost=0.413
info|2019-11-15 11:00:21.837990|[g:1][CONSENSUS][PBFT]checkAndChangeView: Reach consensus,org_view=126106,org_changeCycle=0,cur_changeCycle=0,to_view=126107
info|2019-11-15 11:00:22.840246|[g:1][CONSENSUS]addRawPrepare,height=1,reqIdx=3,hash=6ac80adc...
info|2019-11-15 11:00:22.840783|[g:1][CONSENSUS][PBFT]checkTimeout Succ,view=126107,toView=126108,nodeIdx=0,changeCycle=0,myNode=19b3f6e2...,timecost=0.413
info|2019-11-15 11:00:22.842284|[g:1][CONSENSUS][PBFT]checkAndChangeView: Reach consensus,org_view=126107,org_changeCycle=0,cur_changeCycle=0,to_view=126108
info|2019-11-15 11:00:23.842358|[g:1][CONSENSUS][SEALER]++++++++++++++++ Generating seal on,blkNum=1,tx=0,nodeIdx=0,hash=3f23e5b0...
info|2019-11-15 11:00:23.843126|[g:1][CONSENSUS][PBFT]checkTimeout Succ,view=126108,toView=126109,nodeIdx=0,changeCycle=0,myNode=19b3f6e2...,timecost=0.398
info|2019-11-15 11:00:23.845418|[g:1][CONSENSUS][PBFT]checkAndChangeView: Reach consensus,org_view=126108,org_changeCycle=0,cur_changeCycle=0,to_view=126109
info|2019-11-15 11:00:24.846603|[g:1][CONSENSUS]addRawPrepare,height=1,reqIdx=1,hash=43e985e1...
info|2019-11-15 11:00:24.847063|[g:1][CONSENSUS][PBFT]checkTimeout Succ,view=126109,toView=126110,nodeIdx=0,changeCycle=0,myNode=19b3f6e2...,timecost=0.345
info|2019-11-15 11:00:24.848373|[g:1][CONSENSUS][PBFT]checkAndChangeView: Reach consensus,org_view=126109,org_changeCycle=0,cur_changeCycle=0,to_view=126110
info|2019-11-15 11:00:25.077643|[P2P][Service] heartBeat,connected count=3
info|2019-11-15 11:00:25.849595|[g:1][CONSENSUS]addRawPrepare,height=1,reqIdx=2,hash=8683814e...
info|2019-11-15 11:00:25.850144|[g:1][CONSENSUS][PBFT]checkTimeout Succ,view=126110,toView=126111,nodeIdx=0,changeCycle=0,myNode=19b3f6e2...,timecost=0.422
info|2019-11-15 11:00:25.851476|[g:1][CONSENSUS][PBFT]checkAndChangeView: Reach consensus,org_view=126110,org_changeCycle=0,cur_changeCycle=0,to_view=126111
info|2019-11-15 11:00:26.852613|[g:1][CONSENSUS]addRawPrepare,height=1,reqIdx=3,hash=26fcac64...
info|2019-11-15 11:00:26.853225|[g:1][CONSENSUS][PBFT]checkTimeout Succ,view=126111,toView=126112,nodeIdx=0,changeCycle=0,myNode=19b3f6e2...,timecost=0.48
info|2019-11-15 11:00:26.854587|[g:1][CONSENSUS][PBFT]checkAndChangeView: Reach consensus,org_view=126111,org_changeCycle=0,cur_changeCycle=0,to_view=126112
info|2019-11-15 11:00:27.854723|[g:1][CONSENSUS][SEALER]++++++++++++++++ Generating seal on,blkNum=1,tx=0,nodeIdx=0,hash=60126dc0...
info|2019-11-15 11:00:27.857520|[g:1][CONSENSUS][PBFT]checkTimeout Succ,view=126112,toView=126113,nodeIdx=0,changeCycle=0,myNode=19b3f6e2...,timecost=0.48
info|2019-11-15 11:00:27.858078|[g:1][CONSENSUS][PBFT]checkAndChangeView: Reach consensus,org_view=126112,org_changeCycle=0,cur_changeCycle=0,to_view=126113
info|2019-11-15 11:00:28.858094|[g:1][CONSENSUS]addRawPrepare,height=1,reqIdx=1,hash=61fa931d...
info|2019-11-15 11:00:28.858551|[g:1][CONSENSUS][PBFT]checkTimeout Succ,view=126113,toView=126114,nodeIdx=0,changeCycle=0,myNode=19b3f6e2...,timecost=0.337
info|2019-11-15 11:00:28.859594|[g:1][CONSENSUS][PBFT]checkAndChangeView: Reach consensus,org_view=126113,org_changeCycle=0,cur_changeCycle=0,to_view=126114
info|2019-11-15 11:00:29.861201|[g:1][CONSENSUS]addRawPrepare,height=1,reqIdx=2,hash=cac8a73e...
info|2019-11-15 11:00:29.861724|[g:1][CONSENSUS][PBFT]checkTimeout Succ,view=126114,toView=126115,nodeIdx=0,changeCycle=0,myNode=19b3f6e2...,timecost=0.408
info|2019-11-15 11:00:29.863170|[g:1][CONSENSUS][PBFT]checkAndChangeView: Reach consensus,org_view=126114,org_changeCycle=0,cur_changeCycle=0,to_view=126115
info|2019-11-15 11:00:30.865270|[g:1][CONSENSUS]addRawPrepare,height=1,reqIdx=3,hash=a55cacd9...
info|2019-11-15 11:00:30.865841|[g:1][CONSENSUS][PBFT]checkTimeout Succ,view=126115,toView=126116,nodeIdx=0,changeCycle=0,myNode=19b3f6e2...,timecost=0.471
info|2019-11-15 11:00:30.867040|[g:1][CONSENSUS][PBFT]checkAndChangeView: Reach consensus,org_view=126115,org_changeCycle=0,cur_changeCycle=0,to_view=126116
info|2019-11-15 11:00:31.867377|[g:1][CONSENSUS][SEALER]++++++++++++++++ Generating seal on,blkNum=1,tx=0,nodeIdx=0,hash=0805d6d1...
info|2019-11-15 11:00:31.868023|[g:1][CONSENSUS][PBFT]checkTimeout Succ,view=126116,toView=126117,nodeIdx=0,changeCycle=0,myNode=19b3f6e2...,timecost=0.331
info|2019-11-15 11:00:31.870053|[g:1][CONSENSUS][PBFT]checkAndChangeView: Reach consensus,org_view=126116,org_changeCycle=0,cur_changeCycle=0,to_view=126117
info|2019-11-15 11:00:32.870448|[g:1][CONSENSUS]addRawPrepare,height=1,reqIdx=1,hash=d8e20e9d...
info|2019-11-15 11:00:32.870922|[g:1][CONSENSUS][PBFT]checkTimeout Succ,view=126117,toView=126118,nodeIdx=0,changeCycle=0,myNode=19b3f6e2...,timecost=0.379
info|2019-11-15 11:00:32.872232|[g:1][CONSENSUS][PBFT]checkAndChangeView: Reach consensus,org_view=126117,org_changeCycle=0,cur_changeCycle=0,to_view=126118
info|2019-11-15 11:00:33.873223|[g:1][CONSENSUS]addRawPrepare,height=1,reqIdx=2,hash=cc488de3...
info|2019-11-15 11:00:33.873646|[g:1][CONSENSUS][PBFT]checkTimeout Succ,view=126118,toView=126119,nodeIdx=0,changeCycle=0,myNode=19b3f6e2...,timecost=0.327
info|2019-11-15 11:00:33.874831|[g:1][CONSENSUS][PBFT]checkAndChangeView: Reach consensus,org_view=126118,org_changeCycle=0,cur_changeCycle=0,to_view=126119
info|2019-11-15 11:00:34.877168|[g:1][CONSENSUS]addRawPrepare,height=1,reqIdx=3,hash=9ed379c4...
info|2019-11-15 11:00:34.877592|[g:1][CONSENSUS][PBFT]checkTimeout Succ,view=126119,toView=126120,nodeIdx=0,changeCycle=0,myNode=19b3f6e2...,timecost=0.328
info|2019-11-15 11:00:34.878783|[g:1][CONSENSUS][PBFT]checkAndChangeView: Reach consensus,org_view=126119,org_changeCycle=0,cur_changeCycle=0,to_view=126120
info|2019-11-15 11:00:35.080520|[P2P][Service] heartBeat,connected count=3
info|2019-11-15 11:00:35.878466|[g:1][CONSENSUS][SEALER]++++++++++++++++ Generating seal on,blkNum=1,tx=0,nodeIdx=0,hash=457aa6ee...
info|2019-11-15 11:00:35.880855|[g:1][CONSENSUS][PBFT]checkTimeout Succ,view=126120,toView=126121,nodeIdx=0,changeCycle=0,myNode=19b3f6e2...,timecost=0.301
info|2019-11-15 11:00:35.881408|[g:1][CONSENSUS][PBFT]checkAndChangeView: Reach consensus,org_view=126120,org_changeCycle=0,cur_changeCycle=0,to_view=126121
info|2019-11-15 11:00:36.882354|[g:1][CONSENSUS]addRawPrepare,height=1,reqIdx=1,hash=627c66ee...
info|2019-11-15 11:00:36.882880|[g:1][CONSENSUS][PBFT]checkTimeout Succ,view=126121,toView=126122,nodeIdx=0,changeCycle=0,myNode=19b3f6e2...,timecost=0.385
info|2019-11-15 11:00:36.883938|[g:1][CONSENSUS][PBFT]checkAndChangeView: Reach consensus,org_view=126121,org_changeCycle=0,cur_changeCycle=0,to_view=126122
info|2019-11-15 11:00:37.885042|[g:1][CONSENSUS]addRawPrepare,height=1,reqIdx=2,hash=8f462ca0...
info|2019-11-15 11:00:37.885488|[g:1][CONSENSUS][PBFT]checkTimeout Succ,view=126122,toView=126123,nodeIdx=0,changeCycle=0,myNode=19b3f6e2...,timecost=0.338
info|2019-11-15 11:00:37.886541|[g:1][CONSENSUS][PBFT]checkAndChangeView: Reach consensus,org_view=126122,org_changeCycle=0,cur_changeCycle=0,to_view=126123
info|2019-11-15 11:00:38.887560|[g:1][CONSENSUS]addRawPrepare,height=1,reqIdx=3,hash=f6ddd5af...
info|2019-11-15 11:00:38.888135|[g:1][CONSENSUS][PBFT]checkTimeout Succ,view=126123,toView=126124,nodeIdx=0,changeCycle=0,myNode=19b3f6e2...,timecost=0.421
info|2019-11-15 11:00:38.889510|[g:1][CONSENSUS][PBFT]checkAndChangeView: Reach consensus,org_view=126123,org_changeCycle=0,cur_changeCycle=0,to_view=126124
info|2019-11-15 11:00:39.889655|[g:1][CONSENSUS][SEALER]++++++++++++++++ Generating seal on,blkNum=1,tx=0,nodeIdx=0,hash=200dd956...
info|2019-11-15 11:00:39.890263|[g:1][CONSENSUS][PBFT]checkTimeout Succ,view=126124,toView=126125,nodeIdx=0,changeCycle=0,myNode=19b3f6e2...,timecost=0.316
info|2019-11-15 11:00:39.892261|[g:1][CONSENSUS][PBFT]checkAndChangeView: Reach consensus,org_view=126124,org_changeCycle=0,cur_changeCycle=0,to_view=126125
info|2019-11-15 11:00:40.893294|[g:1][CONSENSUS]addRawPrepare,height=1,reqIdx=1,hash=f393e208...
info|2019-11-15 11:00:40.894045|[g:1][CONSENSUS][PBFT]checkTimeout Succ,view=126125,toView=126126,nodeIdx=0,changeCycle=0,myNode=19b3f6e2...,timecost=0.625
info|2019-11-15 11:00:40.895119|[g:1][CONSENSUS][PBFT]checkAndChangeView: Reach consensus,org_view=126125,org_changeCycle=0,cur_changeCycle=0,to_view=126126
info|2019-11-15 11:00:41.896072|[g:1][CONSENSUS]addRawPrepare,height=1,reqIdx=2,hash=854a55bb...
info|2019-11-15 11:00:41.896551|[g:1][CONSENSUS][PBFT]checkTimeout Succ,view=126126,toView=126127,nodeIdx=0,changeCycle=0,myNode=19b3f6e2...,timecost=0.359
info|2019-11-15 11:00:41.897712|[g:1][CONSENSUS][PBFT]checkAndChangeView: Reach consensus,org_view=126126,org_changeCycle=0,cur_changeCycle=0,to_view=126127
info|2019-11-15 11:00:42.898843|[g:1][CONSENSUS]addRawPrepare,height=1,reqIdx=3,hash=f4ca1e53...
info|2019-11-15 11:00:42.899372|[g:1][CONSENSUS][PBFT]checkTimeout Succ,view=126127,toView=126128,nodeIdx=0,changeCycle=0,myNode=19b3f6e2...,timecost=0.415
info|2019-11-15 11:00:42.900441|[g:1][CONSENSUS][PBFT]checkAndChangeView: Reach consensus,org_view=126127,org_changeCycle=0,cur_changeCycle=0,to_view=126128
info|2019-11-15 11:00:43.900726|[g:1][CONSENSUS][SEALER]++++++++++++++++ Generating seal on,blkNum=1,tx=0,nodeIdx=0,hash=7c50d14c...
info|2019-11-15 11:00:43.901354|[g:1][CONSENSUS][PBFT]checkTimeout Succ,view=126128,toView=126129,nodeIdx=0,changeCycle=0,myNode=19b3f6e2...,timecost=0.346
info|2019-11-15 11:00:43.903441|[g:1][CONSENSUS][PBFT]checkAndChangeView: Reach consensus,org_view=126128,org_changeCycle=0,cur_changeCycle=0,to_view=126129
info|2019-11-15 11:00:44.904198|[g:1][CONSENSUS]addRawPrepare,height=1,reqIdx=1,hash=a197d61a...
info|2019-11-15 11:00:44.904670|[g:1][CONSENSUS][PBFT]checkTimeout Succ,view=126129,toView=126130,nodeIdx=0,changeCycle=0,myNode=19b3f6e2...,timecost=0.363
info|2019-11-15 11:00:44.906217|[g:1][CONSENSUS][PBFT]checkAndChangeView: Reach consensus,org_view=126129,org_changeCycle=0,cur_changeCycle=0,to_view=126130
info|2019-11-15 11:00:45.084255|[P2P][Service] heartBeat,connected count=3
info|2019-11-15 11:00:45.906260|[g:1][CONSENSUS]addRawPrepare,height=1,reqIdx=2,hash=83fec6fe...
info|2019-11-15 11:00:45.906798|[g:1][CONSENSUS][PBFT]checkTimeout Succ,view=126130,toView=126131,nodeIdx=0,changeCycle=0,myNode=19b3f6e2...,timecost=0.45
info|2019-11-15 11:00:45.908364|[g:1][CONSENSUS][PBFT]checkAndChangeView: Reach consensus,org_view=126130,org_changeCycle=0,cur_changeCycle=0,to_view=126131
info|2019-11-15 11:00:46.910328|[g:1][CONSENSUS]addRawPrepare,height=1,reqIdx=3,hash=e2bd942e...
info|2019-11-15 11:00:46.910832|[g:1][CONSENSUS][PBFT]checkTimeout Succ,view=126131,toView=126132,nodeIdx=0,changeCycle=0,myNode=19b3f6e2...,timecost=0.359
info|2019-11-15 11:00:46.912329|[g:1][CONSENSUS][PBFT]checkAndChangeView: Reach consensus,org_view=126131,org_changeCycle=0,cur_changeCycle=0,to_view=126132
info|2019-11-15 11:00:47.913305|[g:1][CONSENSUS][SEALER]++++++++++++++++ Generating seal on,blkNum=1,tx=0,nodeIdx=0,hash=e95e5cea...
info|2019-11-15 11:00:47.915173|[g:1][CONSENSUS][PBFT]checkTimeout Succ,view=126132,toView=126133,nodeIdx=0,changeCycle=0,myNode=19b3f6e2...,timecost=0.367
info|2019-11-15 11:00:47.916307|[g:1][CONSENSUS][PBFT]checkAndChangeView: Reach consensus,org_view=126132,org_changeCycle=0,cur_changeCycle=0,to_view=126133
info|2019-11-15 11:00:48.916387|[g:1][CONSENSUS]addRawPrepare,height=1,reqIdx=1,hash=5927bb6a...
info|2019-11-15 11:00:48.916812|[g:1][CONSENSUS][PBFT]checkTimeout Succ,view=126133,toView=126134,nodeIdx=0,changeCycle=0,myNode=19b3f6e2...,timecost=0.307
info|2019-11-15 11:00:48.917925|[g:1][CONSENSUS][PBFT]checkAndChangeView: Reach consensus,org_view=126133,org_changeCycle=0,cur_changeCycle=0,to_view=126134
info|2019-11-15 11:00:49.918912|[g:1][CONSENSUS]addRawPrepare,height=1,reqIdx=2,hash=bb9f4daa...
info|2019-11-15 11:00:49.919372|[g:1][CONSENSUS][PBFT]checkTimeout Succ,view=126134,toView=126135,nodeIdx=0,changeCycle=0,myNode=19b3f6e2...,timecost=0.371
info|2019-11-15 11:00:49.920407|[g:1][CONSENSUS][PBFT]checkAndChangeView: Reach consensus,org_view=126134,org_changeCycle=0,cur_changeCycle=0,to_view=126135
info|2019-11-15 11:00:50.921689|[g:1][CONSENSUS]addRawPrepare,height=1,reqIdx=3,hash=c3bf724d...
info|2019-11-15 11:00:50.922553|[g:1][CONSENSUS][PBFT]checkTimeout Succ,view=126135,toView=126136,nodeIdx=0,changeCycle=0,myNode=19b3f6e2...,timecost=0.743
info|2019-11-15 11:00:50.923698|[g:1][CONSENSUS][PBFT]checkAndChangeView: Reach consensus,org_view=126135,org_changeCycle=0,cur_changeCycle=0,to_view=126136
info|2019-11-15 11:00:51.923946|[g:1][CONSENSUS][SEALER]++++++++++++++++ Generating seal on,blkNum=1,tx=0,nodeIdx=0,hash=8714af77...
info|2019-11-15 11:00:51.924542|[g:1][CONSENSUS][PBFT]checkTimeout Succ,view=126136,toView=126137,nodeIdx=0,changeCycle=0,myNode=19b3f6e2...,timecost=0.277
info|2019-11-15 11:00:51.926423|[g:1][CONSENSUS][PBFT]checkAndChangeView: Reach consensus,org_view=126136,org_changeCycle=0,cur_changeCycle=0,to_view=126137
info|2019-11-15 11:00:52.927847|[g:1][CONSENSUS]addRawPrepare,height=1,reqIdx=1,hash=6a40d7fc...
info|2019-11-15 11:00:52.928507|[g:1][CONSENSUS][PBFT]checkTimeout Succ,view=126137,toView=126138,nodeIdx=0,changeCycle=0,myNode=19b3f6e2...,timecost=0.537
info|2019-11-15 11:00:52.929778|[g:1][CONSENSUS][PBFT]checkAndChangeView: Reach consensus,org_view=126137,org_changeCycle=0,cur_changeCycle=0,to_view=126138
info|2019-11-15 11:00:53.930808|[g:1][CONSENSUS]addRawPrepare,height=1,reqIdx=2,hash=90a02729...
info|2019-11-15 11:00:53.931342|[g:1][CONSENSUS][PBFT]checkTimeout Succ,view=126138,toView=126139,nodeIdx=0,changeCycle=0,myNode=19b3f6e2...,timecost=0.438
info|2019-11-15 11:00:53.932547|[g:1][CONSENSUS][PBFT]checkAndChangeView: Reach consensus,org_view=126138,org_changeCycle=0,cur_changeCycle=0,to_view=126139
info|2019-11-15 11:00:54.933691|[g:1][CONSENSUS]addRawPrepare,height=1,reqIdx=3,hash=a614bd53...
info|2019-11-15 11:00:54.934157|[g:1][CONSENSUS][PBFT]checkTimeout Succ,view=126139,toView=126140,nodeIdx=0,changeCycle=0,myNode=19b3f6e2...,timecost=0.349
info|2019-11-15 11:00:54.935171|[g:1][CONSENSUS][PBFT]checkAndChangeView: Reach consensus,org_view=126139,org_changeCycle=0,cur_changeCycle=0,to_view=126140
info|2019-11-15 11:00:55.087510|[P2P][Service] heartBeat,connected count=3
info|2019-11-15 11:00:55.935973|[g:1][CONSENSUS][SEALER]++++++++++++++++ Generating seal on,blkNum=1,tx=0,nodeIdx=0,hash=7e831e33...
info|2019-11-15 11:00:55.936569|[g:1][CONSENSUS][PBFT]checkTimeout Succ,view=126140,toView=126141,nodeIdx=0,changeCycle=0,myNode=19b3f6e2...,timecost=0.327
info|2019-11-15 11:00:55.938597|[g:1][CONSENSUS][PBFT]checkAndChangeView: Reach consensus,org_view=126140,org_changeCycle=0,cur_changeCycle=0,to_view=126141
info|2019-11-15 11:00:56.940193|[g:1][CONSENSUS]addRawPrepare,height=1,reqIdx=1,hash=d0711dfe...
info|2019-11-15 11:00:56.940697|[g:1][CONSENSUS][PBFT]checkTimeout Succ,view=126141,toView=126142,nodeIdx=0,changeCycle=0,myNode=19b3f6e2...,timecost=0.393
info|2019-11-15 11:00:56.941852|[g:1][CONSENSUS][PBFT]checkAndChangeView: Reach consensus,org_view=126141,org_changeCycle=0,cur_changeCycle=0,to_view=126142
info|2019-11-15 11:00:57.944009|[g:1][CONSENSUS]addRawPrepare,height=1,reqIdx=2,hash=c5bf27b8...
info|2019-11-15 11:00:57.944524|[g:1][CONSENSUS][PBFT]checkTimeout Succ,view=126142,toView=126143,nodeIdx=0,changeCycle=0,myNode=19b3f6e2...,timecost=0.37
info|2019-11-15 11:00:57.945534|[g:1][CONSENSUS][PBFT]checkAndChangeView: Reach consensus,org_view=126142,org_changeCycle=0,cur_changeCycle=0,to_view=126143
info|2019-11-15 11:00:58.946476|[g:1][CONSENSUS]addRawPrepare,height=1,reqIdx=3,hash=e5449687...
info|2019-11-15 11:00:58.946939|[g:1][CONSENSUS][PBFT]checkTimeout Succ,view=126143,toView=126144,nodeIdx=0,changeCycle=0,myNode=19b3f6e2...,timecost=0.343
info|2019-11-15 11:00:58.948166|[g:1][CONSENSUS][PBFT]checkAndChangeView: Reach consensus,org_view=126143,org_changeCycle=0,cur_changeCycle=0,to_view=126144
info|2019-11-15 11:00:59.948892|[g:1][CONSENSUS][SEALER]++++++++++++++++ Generating seal on,blkNum=1,tx=0,nodeIdx=0,hash=d58e4015...
info|2019-11-15 11:00:59.949534|[g:1][CONSENSUS][PBFT]checkTimeout Succ,view=126144,toView=126145,nodeIdx=0,changeCycle=0,myNode=19b3f6e2...,timecost=0.349
info|2019-11-15 11:00:59.951483|[g:1][CONSENSUS][PBFT]checkAndChangeView: Reach consensus,org_view=126144,org_changeCycle=0,cur_changeCycle=0,to_view=126145
info|2019-11-15 11:01:00.952647|[g:1][CONSENSUS]addRawPrepare,height=1,reqIdx=1,hash=d92d9381...
info|2019-11-15 11:01:00.953557|[g:1][CONSENSUS][PBFT]checkTimeout Succ,view=126145,toView=126146,nodeIdx=0,changeCycle=0,myNode=19b3f6e2...,timecost=0.778
info|2019-11-15 11:01:00.954507|[g:1][CONSENSUS][PBFT]checkAndChangeView: Reach consensus,org_view=126145,org_changeCycle=0,cur_changeCycle=0,to_view=126146
info|2019-11-15 11:01:01.955932|[g:1][CONSENSUS]addRawPrepare,height=1,reqIdx=2,hash=87389128...
info|2019-11-15 11:01:01.956506|[g:1][CONSENSUS][PBFT]checkTimeout Succ,view=126146,toView=126147,nodeIdx=0,changeCycle=0,myNode=19b3f6e2...,timecost=0.431
info|2019-11-15 11:01:01.957781|[g:1][CONSENSUS][PBFT]checkAndChangeView: Reach consensus,org_view=126146,org_changeCycle=0,cur_changeCycle=0,to_view=126147
info|2019-11-15 11:01:02.958501|[g:1][CONSENSUS]addRawPrepare,height=1,reqIdx=3,hash=18aca059...
info|2019-11-15 11:01:02.958984|[g:1][CONSENSUS][PBFT]checkTimeout Succ,view=126147,toView=126148,nodeIdx=0,changeCycle=0,myNode=19b3f6e2...,timecost=0.339
info|2019-11-15 11:01:02.960137|[g:1][CONSENSUS][PBFT]checkAndChangeView: Reach consensus,org_view=126147,org_changeCycle=0,cur_changeCycle=0,to_view=126148
info|2019-11-15 11:01:03.960294|[g:1][CONSENSUS][SEALER]++++++++++++++++ Generating seal on,blkNum=1,tx=0,nodeIdx=0,hash=080284d7...
info|2019-11-15 11:01:03.962152|[g:1][CONSENSUS][PBFT]checkTimeout Succ,view=126148,toView=126149,nodeIdx=0,changeCycle=0,myNode=19b3f6e2...,timecost=0.369
info|2019-11-15 11:01:03.963107|[g:1][CONSENSUS][PBFT]checkAndChangeView: Reach consensus,org_view=126148,org_changeCycle=0,cur_changeCycle=0,to_view=126149
info|2019-11-15 11:01:04.965105|[g:1][CONSENSUS]addRawPrepare,height=1,reqIdx=1,hash=c7d3c1e4...
info|2019-11-15 11:01:04.965656|[g:1][CONSENSUS][PBFT]checkTimeout Succ,view=126149,toView=126150,nodeIdx=0,changeCycle=0,myNode=19b3f6e2...,timecost=0.426
info|2019-11-15 11:01:04.966725|[g:1][CONSENSUS][PBFT]checkAndChangeView: Reach consensus,org_view=126149,org_changeCycle=0,cur_changeCycle=0,to_view=126150
info|2019-11-15 11:01:05.091062|[P2P][Service] heartBeat,connected count=3
info|2019-11-15 11:01:05.967338|[g:1][CONSENSUS]addRawPrepare,height=1,reqIdx=2,hash=9e6e2187...
info|2019-11-15 11:01:05.967840|[g:1][CONSENSUS][PBFT]checkTimeout Succ,view=126150,toView=126151,nodeIdx=0,changeCycle=0,myNode=19b3f6e2...,timecost=0.41
info|2019-11-15 11:01:05.969243|[g:1][CONSENSUS][PBFT]checkAndChangeView: Reach consensus,org_view=126150,org_changeCycle=0,cur_changeCycle=0,to_view=126151
info|2019-11-15 11:01:06.971270|[g:1][CONSENSUS]addRawPrepare,height=1,reqIdx=3,hash=83cf3f2a...
info|2019-11-15 11:01:06.971692|[g:1][CONSENSUS][PBFT]checkTimeout Succ,view=126151,toView=126152,nodeIdx=0,changeCycle=0,myNode=19b3f6e2...,timecost=0.329
info|2019-11-15 11:01:06.972657|[g:1][CONSENSUS][PBFT]checkAndChangeView: Reach consensus,org_view=126151,org_changeCycle=0,cur_changeCycle=0,to_view=126152
info|2019-11-15 11:01:07.972475|[g:1][CONSENSUS][SEALER]++++++++++++++++ Generating seal on,blkNum=1,tx=0,nodeIdx=0,hash=44dcecdc...
info|2019-11-15 11:01:07.973102|[g:1][CONSENSUS][PBFT]checkTimeout Succ,view=126152,toView=126153,nodeIdx=0,changeCycle=0,myNode=19b3f6e2...,timecost=0.341
info|2019-11-15 11:01:07.974976|[g:1][CONSENSUS][PBFT]checkAndChangeView: Reach consensus,org_view=126152,org_changeCycle=0,cur_changeCycle=0,to_view=126153
info|2019-11-15 11:01:08.977047|[g:1][CONSENSUS]addRawPrepare,height=1,reqIdx=1,hash=c821337b...
info|2019-11-15 11:01:08.977492|[g:1][CONSENSUS][PBFT]checkTimeout Succ,view=126153,toView=126154,nodeIdx=0,changeCycle=0,myNode=19b3f6e2...,timecost=0.327
info|2019-11-15 11:01:08.978684|[g:1][CONSENSUS][PBFT]checkAndChangeView: Reach consensus,org_view=126153,org_changeCycle=0,cur_changeCycle=0,to_view=126154
info|2019-11-15 11:01:09.980004|[g:1][CONSENSUS]addRawPrepare,height=1,reqIdx=2,hash=09b7b80e...
info|2019-11-15 11:01:09.980511|[g:1][CONSENSUS][PBFT]checkTimeout Succ,view=126154,toView=126155,nodeIdx=0,changeCycle=0,myNode=19b3f6e2...,timecost=0.394
info|2019-11-15 11:01:09.981543|[g:1][CONSENSUS][PBFT]checkAndChangeView: Reach consensus,org_view=126154,org_changeCycle=0,cur_changeCycle=0,to_view=126155
info|2019-11-15 11:01:10.982486|[g:1][CONSENSUS]addRawPrepare,height=1,reqIdx=3,hash=072214f7...
info|2019-11-15 11:01:10.983261|[g:1][CONSENSUS][PBFT]checkTimeout Succ,view=126155,toView=126156,nodeIdx=0,changeCycle=0,myNode=19b3f6e2...,timecost=0.645
info|2019-11-15 11:01:10.984493|[g:1][CONSENSUS][PBFT]checkAndChangeView: Reach consensus,org_view=126155,org_changeCycle=0,cur_changeCycle=0,to_view=126156
info|2019-11-15 11:01:11.985165|[g:1][CONSENSUS][SEALER]++++++++++++++++ Generating seal on,blkNum=1,tx=0,nodeIdx=0,hash=825ddbaa...
info|2019-11-15 11:01:11.987064|[g:1][CONSENSUS][PBFT]checkTimeout Succ,view=126156,toView=126157,nodeIdx=0,changeCycle=0,myNode=19b3f6e2...,timecost=0.362
info|2019-11-15 11:01:11.988154|[g:1][CONSENSUS][PBFT]checkAndChangeView: Reach consensus,org_view=126156,org_changeCycle=0,cur_changeCycle=0,to_view=126157
info|2019-11-15 11:01:12.988700|[g:1][CONSENSUS]addRawPrepare,height=1,reqIdx=1,hash=cc48f9c3...
info|2019-11-15 11:01:12.989224|[g:1][CONSENSUS][PBFT]checkTimeout Succ,view=126157,toView=126158,nodeIdx=0,changeCycle=0,myNode=19b3f6e2...,timecost=0.405
info|2019-11-15 11:01:12.990439|[g:1][CONSENSUS][PBFT]checkAndChangeView: Reach consensus,org_view=126157,org_changeCycle=0,cur_changeCycle=0,to_view=126158
info|2019-11-15 11:01:13.992210|[g:1][CONSENSUS]addRawPrepare,height=1,reqIdx=2,hash=0e248027...
info|2019-11-15 11:01:13.992727|[g:1][CONSENSUS][PBFT]checkTimeout Succ,view=126158,toView=126159,nodeIdx=0,changeCycle=0,myNode=19b3f6e2...,timecost=0.387
info|2019-11-15 11:01:13.993808|[g:1][CONSENSUS][PBFT]checkAndChangeView: Reach consensus,org_view=126158,org_changeCycle=0,cur_changeCycle=0,to_view=126159
info|2019-11-15 11:01:14.996178|[g:1][CONSENSUS]addRawPrepare,height=1,reqIdx=3,hash=93dda7ef...
info|2019-11-15 11:01:14.996834|[g:1][CONSENSUS][PBFT]checkTimeout Succ,view=126159,toView=126160,nodeIdx=0,changeCycle=0,myNode=19b3f6e2...,timecost=0.561
info|2019-11-15 11:01:14.997762|[g:1][CONSENSUS][PBFT]checkAndChangeView: Reach consensus,org_view=126159,org_changeCycle=0,cur_changeCycle=0,to_view=126160
info|2019-11-15 11:01:15.094217|[P2P][Service] heartBeat,connected count=3
info|2019-11-15 11:01:15.997585|[g:1][CONSENSUS][SEALER]++++++++++++++++ Generating seal on,blkNum=1,tx=0,nodeIdx=0,hash=9aa598e6...
info|2019-11-15 11:01:15.998241|[g:1][CONSENSUS][PBFT]checkTimeout Succ,view=126160,toView=126161,nodeIdx=0,changeCycle=0,myNode=19b3f6e2...,timecost=0.359
info|2019-11-15 11:01:16.000259|[g:1][CONSENSUS][PBFT]checkAndChangeView: Reach consensus,org_view=126160,org_changeCycle=0,cur_changeCycle=0,to_view=126161
info|2019-11-15 11:01:17.001402|[g:1][CONSENSUS]addRawPrepare,height=1,reqIdx=1,hash=74344ef0...
info|2019-11-15 11:01:17.001944|[g:1][CONSENSUS][PBFT]checkTimeout Succ,view=126161,toView=126162,nodeIdx=0,changeCycle=0,myNode=19b3f6e2...,timecost=0.418
info|2019-11-15 11:01:17.003320|[g:1][CONSENSUS][PBFT]checkAndChangeView: Reach consensus,org_view=126161,org_changeCycle=0,cur_changeCycle=0,to_view=126162
info|2019-11-15 11:01:18.003141|[g:1][CONSENSUS]addRawPrepare,height=1,reqIdx=2,hash=2db8ed7c...
info|2019-11-15 11:01:18.003573|[g:1][CONSENSUS][PBFT]checkTimeout Succ,view=126162,toView=126163,nodeIdx=0,changeCycle=0,myNode=19b3f6e2...,timecost=0.336
info|2019-11-15 11:01:18.004728|[g:1][CONSENSUS][PBFT]checkAndChangeView: Reach consensus,org_view=126162,org_changeCycle=0,cur_changeCycle=0,to_view=126163
info|2019-11-15 11:01:19.005906|[g:1][CONSENSUS]addRawPrepare,height=1,reqIdx=3,hash=4c962f53...
info|2019-11-15 11:01:19.006360|[g:1][CONSENSUS][PBFT]checkTimeout Succ,view=126163,toView=126164,nodeIdx=0,changeCycle=0,myNode=19b3f6e2...,timecost=0.323
info|2019-11-15 11:01:19.007390|[g:1][CONSENSUS][PBFT]checkAndChangeView: Reach consensus,org_view=126163,org_changeCycle=0,cur_changeCycle=0,to_view=126164
info|2019-11-15 11:01:20.007864|[g:1][CONSENSUS][SEALER]++++++++++++++++ Generating seal on,blkNum=1,tx=0,nodeIdx=0,hash=f7eb270d...
info|2019-11-15 11:01:20.008486|[g:1][CONSENSUS][PBFT]checkTimeout Succ,view=126164,toView=126165,nodeIdx=0,changeCycle=0,myNode=19b3f6e2...,timecost=0.328
info|2019-11-15 11:01:20.010484|[g:1][CONSENSUS][PBFT]checkAndChangeView: Reach consensus,org_view=126164,org_changeCycle=0,cur_changeCycle=0,to_view=126165
info|2019-11-15 11:01:21.012435|[g:1][CONSENSUS]addRawPrepare,height=1,reqIdx=1,hash=b2f773e3...
info|2019-11-15 11:01:21.013513|[g:1][CONSENSUS][PBFT]checkTimeout Succ,view=126165,toView=126166,nodeIdx=0,changeCycle=0,myNode=19b3f6e2...,timecost=0.885
info|2019-11-15 11:01:21.014654|[g:1][CONSENSUS][PBFT]checkAndChangeView: Reach consensus,org_view=126165,org_changeCycle=0,cur_changeCycle=0,to_view=126166
info|2019-11-15 11:01:22.015730|[g:1][CONSENSUS]addRawPrepare,height=1,reqIdx=2,hash=0258c263...
info|2019-11-15 11:01:22.016373|[g:1][CONSENSUS][PBFT]checkTimeout Succ,view=126166,toView=126167,nodeIdx=0,changeCycle=0,myNode=19b3f6e2...,timecost=0.397
info|2019-11-15 11:01:22.017407|[g:1][CONSENSUS][PBFT]checkAndChangeView: Reach consensus,org_view=126166,org_changeCycle=0,cur_changeCycle=0,to_view=126167
info|2019-11-15 11:01:23.019740|[g:1][CONSENSUS]addRawPrepare,height=1,reqIdx=3,hash=938ebec4...
info|2019-11-15 11:01:23.020187|[g:1][CONSENSUS][PBFT]checkTimeout Succ,view=126167,toView=126168,nodeIdx=0,changeCycle=0,myNode=19b3f6e2...,timecost=0.318
info|2019-11-15 11:01:23.021335|[g:1][CONSENSUS][PBFT]checkAndChangeView: Reach consensus,org_view=126167,org_changeCycle=0,cur_changeCycle=0,to_view=126168
info|2019-11-15 11:01:24.022162|[g:1][CONSENSUS][SEALER]++++++++++++++++ Generating seal on,blkNum=1,tx=0,nodeIdx=0,hash=23026718...
info|2019-11-15 11:01:24.024474|[g:1][CONSENSUS][PBFT]checkTimeout Succ,view=126168,toView=126169,nodeIdx=0,changeCycle=0,myNode=19b3f6e2...,timecost=0.367
info|2019-11-15 11:01:24.025097|[g:1][CONSENSUS][PBFT]checkAndChangeView: Reach consensus,org_view=126168,org_changeCycle=0,cur_changeCycle=0,to_view=126169
info|2019-11-15 11:01:25.025278|[g:1][CONSENSUS]addRawPrepare,height=1,reqIdx=1,hash=ab8054f8...
info|2019-11-15 11:01:25.025729|[g:1][CONSENSUS][PBFT]checkTimeout Succ,view=126169,toView=126170,nodeIdx=0,changeCycle=0,myNode=19b3f6e2...,timecost=0.343
info|2019-11-15 11:01:25.026819|[g:1][CONSENSUS][PBFT]checkAndChangeView: Reach consensus,org_view=126169,org_changeCycle=0,cur_changeCycle=0,to_view=126170
info|2019-11-15 11:01:25.097179|[P2P][Service] heartBeat,connected count=3
info|2019-11-15 11:01:26.027781|[g:1][CONSENSUS]addRawPrepare,height=1,reqIdx=2,hash=717b8a07...
info|2019-11-15 11:01:26.028776|[g:1][CONSENSUS][PBFT]checkTimeout Succ,view=126170,toView=126171,nodeIdx=0,changeCycle=0,myNode=19b3f6e2...,timecost=0.869
info|2019-11-15 11:01:26.030146|[g:1][CONSENSUS][PBFT]checkAndChangeView: Reach consensus,org_view=126170,org_changeCycle=0,cur_changeCycle=0,to_view=126171
info|2019-11-15 11:01:27.032193|[g:1][CONSENSUS]addRawPrepare,height=1,reqIdx=3,hash=0226e5cc...
info|2019-11-15 11:01:27.032817|[g:1][CONSENSUS][PBFT]checkTimeout Succ,view=126171,toView=126172,nodeIdx=0,changeCycle=0,myNode=19b3f6e2...,timecost=0.416
info|2019-11-15 11:01:27.034284|[g:1][CONSENSUS][PBFT]checkAndChangeView: Reach consensus,org_view=126171,org_changeCycle=0,cur_changeCycle=0,to_view=126172
info|2019-11-15 11:01:28.035257|[g:1][CONSENSUS][SEALER]++++++++++++++++ Generating seal on,blkNum=1,tx=0,nodeIdx=0,hash=89106b12...
info|2019-11-15 11:01:28.037586|[g:1][CONSENSUS][PBFT]checkTimeout Succ,view=126172,toView=126173,nodeIdx=0,changeCycle=0,myNode=19b3f6e2...,timecost=0.399
info|2019-11-15 11:01:28.038216|[g:1][CONSENSUS][PBFT]checkAndChangeView: Reach consensus,org_view=126172,org_changeCycle=0,cur_changeCycle=0,to_view=126173
info|2019-11-15 11:01:29.039330|[g:1][CONSENSUS]addRawPrepare,height=1,reqIdx=1,hash=19a90a2d...
info|2019-11-15 11:01:29.040022|[g:1][CONSENSUS][PBFT]checkTimeout Succ,view=126173,toView=126174,nodeIdx=0,changeCycle=0,myNode=19b3f6e2...,timecost=0.564
info|2019-11-15 11:01:29.041431|[g:1][CONSENSUS][PBFT]checkAndChangeView: Reach consensus,org_view=126173,org_changeCycle=0,cur_changeCycle=0,to_view=126174
info|2019-11-15 11:01:30.042831|[g:1][CONSENSUS]addRawPrepare,height=1,reqIdx=2,hash=57287967...
info|2019-11-15 11:01:30.043419|[g:1][CONSENSUS][PBFT]checkTimeout Succ,view=126174,toView=126175,nodeIdx=0,changeCycle=0,myNode=19b3f6e2...,timecost=0.463
info|2019-11-15 11:01:30.044818|[g:1][CONSENSUS][PBFT]checkAndChangeView: Reach consensus,org_view=126174,org_changeCycle=0,cur_changeCycle=0,to_view=126175
info|2019-11-15 11:01:31.046726|[g:1][CONSENSUS]addRawPrepare,height=1,reqIdx=3,hash=b9823245...
info|2019-11-15 11:01:31.047192|[g:1][CONSENSUS][PBFT]checkTimeout Succ,view=126175,toView=126176,nodeIdx=0,changeCycle=0,myNode=19b3f6e2...,timecost=0.364
info|2019-11-15 11:01:31.048395|[g:1][CONSENSUS][PBFT]checkAndChangeView: Reach consensus,org_view=126175,org_changeCycle=0,cur_changeCycle=0,to_view=126176
info|2019-11-15 11:01:32.049103|[g:1][CONSENSUS][SEALER]++++++++++++++++ Generating seal on,blkNum=1,tx=0,nodeIdx=0,hash=673f2c97...
info|2019-11-15 11:01:32.052193|[g:1][CONSENSUS][PBFT]checkTimeout Succ,view=126176,toView=126177,nodeIdx=0,changeCycle=0,myNode=19b3f6e2...,timecost=0.5
info|2019-11-15 11:01:32.052918|[g:1][CONSENSUS][PBFT]checkAndChangeView: Reach consensus,org_view=126176,org_changeCycle=0,cur_changeCycle=0,to_view=126177
info|2019-11-15 11:01:33.053350|[g:1][CONSENSUS]addRawPrepare,height=1,reqIdx=1,hash=423db959...
info|2019-11-15 11:01:33.054041|[g:1][CONSENSUS][PBFT]checkTimeout Succ,view=126177,toView=126178,nodeIdx=0,changeCycle=0,myNode=19b3f6e2...,timecost=0.531
info|2019-11-15 11:01:33.056397|[g:1][CONSENSUS][PBFT]checkAndChangeView: Reach consensus,org_view=126177,org_changeCycle=0,cur_changeCycle=0,to_view=126178
info|2019-11-15 11:01:34.057074|[g:1][CONSENSUS]addRawPrepare,height=1,reqIdx=2,hash=5dee2def...
info|2019-11-15 11:01:34.057504|[g:1][CONSENSUS][PBFT]checkTimeout Succ,view=126178,toView=126179,nodeIdx=0,changeCycle=0,myNode=19b3f6e2...,timecost=0.307
info|2019-11-15 11:01:34.058705|[g:1][CONSENSUS][PBFT]checkAndChangeView: Reach consensus,org_view=126178,org_changeCycle=0,cur_changeCycle=0,to_view=126179
info|2019-11-15 11:01:35.059286|[g:1][CONSENSUS]addRawPrepare,height=1,reqIdx=3,hash=d821a0db...
info|2019-11-15 11:01:35.059747|[g:1][CONSENSUS][PBFT]checkTimeout Succ,view=126179,toView=126180,nodeIdx=0,changeCycle=0,myNode=19b3f6e2...,timecost=0.335
info|2019-11-15 11:01:35.060804|[g:1][CONSENSUS][PBFT]checkAndChangeView: Reach consensus,org_view=126179,org_changeCycle=0,cur_changeCycle=0,to_view=126180
info|2019-11-15 11:01:35.100921|[P2P][Service] heartBeat,connected count=3
info|2019-11-15 11:01:36.061133|[g:1][CONSENSUS][SEALER]++++++++++++++++ Generating seal on,blkNum=1,tx=0,nodeIdx=0,hash=48210931...
info|2019-11-15 11:01:36.064941|[g:1][CONSENSUS][PBFT]checkTimeout Succ,view=126180,toView=126181,nodeIdx=0,changeCycle=0,myNode=19b3f6e2...,timecost=0.479
info|2019-11-15 11:01:36.065616|[g:1][CONSENSUS][PBFT]checkAndChangeView: Reach consensus,org_view=126180,org_changeCycle=0,cur_changeCycle=0,to_view=126181
info|2019-11-15 11:01:37.066770|[g:1][CONSENSUS]addRawPrepare,height=1,reqIdx=1,hash=992f946a...
info|2019-11-15 11:01:37.067296|[g:1][CONSENSUS][PBFT]checkTimeout Succ,view=126181,toView=126182,nodeIdx=0,changeCycle=0,myNode=19b3f6e2...,timecost=0.404
info|2019-11-15 11:01:37.068432|[g:1][CONSENSUS][PBFT]checkAndChangeView: Reach consensus,org_view=126181,org_changeCycle=0,cur_changeCycle=0,to_view=126182
info|2019-11-15 11:01:38.069505|[g:1][CONSENSUS]addRawPrepare,height=1,reqIdx=2,hash=75c8f4ef...
info|2019-11-15 11:01:38.070239|[g:1][CONSENSUS][PBFT]checkTimeout Succ,view=126182,toView=126183,nodeIdx=0,changeCycle=0,myNode=19b3f6e2...,timecost=0.582
info|2019-11-15 11:01:38.071819|[g:1][CONSENSUS][PBFT]checkAndChangeView: Reach consensus,org_view=126182,org_changeCycle=0,cur_changeCycle=0,to_view=126183
info|2019-11-15 11:01:39.073083|[g:1][CONSENSUS]addRawPrepare,height=1,reqIdx=3,hash=921ee1d4...
info|2019-11-15 11:01:39.073792|[g:1][CONSENSUS][PBFT]checkTimeout Succ,view=126183,toView=126184,nodeIdx=0,changeCycle=0,myNode=19b3f6e2...,timecost=0.542
info|2019-11-15 11:01:39.075598|[g:1][CONSENSUS][PBFT]checkAndChangeView: Reach consensus,org_view=126183,org_changeCycle=0,cur_changeCycle=0,to_view=126184
info|2019-11-15 11:01:40.075331|[g:1][CONSENSUS][SEALER]++++++++++++++++ Generating seal on,blkNum=1,tx=0,nodeIdx=0,hash=6e4b3c83...
info|2019-11-15 11:01:40.076036|[g:1][CONSENSUS][PBFT]checkTimeout Succ,view=126184,toView=126185,nodeIdx=0,changeCycle=0,myNode=19b3f6e2...,timecost=0.341
info|2019-11-15 11:01:40.078000|[g:1][CONSENSUS][PBFT]checkAndChangeView: Reach consensus,org_view=126184,org_changeCycle=0,cur_changeCycle=0,to_view=126185
info|2019-11-15 11:01:41.078827|[g:1][CONSENSUS]addRawPrepare,height=1,reqIdx=1,hash=d768fba9...
info|2019-11-15 11:01:41.080067|[g:1][CONSENSUS][PBFT]checkTimeout Succ,view=126185,toView=126186,nodeIdx=0,changeCycle=0,myNode=19b3f6e2...,timecost=1.087
info|2019-11-15 11:01:41.081471|[g:1][CONSENSUS][PBFT]checkAndChangeView: Reach consensus,org_view=126185,org_changeCycle=0,cur_changeCycle=0,to_view=126186
info|2019-11-15 11:01:42.082506|[g:1][CONSENSUS]addRawPrepare,height=1,reqIdx=2,hash=7b633f0f...
info|2019-11-15 11:01:42.082968|[g:1][CONSENSUS][PBFT]checkTimeout Succ,view=126186,toView=126187,nodeIdx=0,changeCycle=0,myNode=19b3f6e2...,timecost=0.367
info|2019-11-15 11:01:42.084374|[g:1][CONSENSUS][PBFT]checkAndChangeView: Reach consensus,org_view=126186,org_changeCycle=0,cur_changeCycle=0,to_view=126187
info|2019-11-15 11:01:43.085624|[g:1][CONSENSUS]addRawPrepare,height=1,reqIdx=3,hash=c0f07e12...
info|2019-11-15 11:01:43.086487|[g:1][CONSENSUS][PBFT]checkTimeout Succ,view=126187,toView=126188,nodeIdx=0,changeCycle=0,myNode=19b3f6e2...,timecost=0.69
info|2019-11-15 11:01:43.088198|[g:1][CONSENSUS][PBFT]checkAndChangeView: Reach consensus,org_view=126187,org_changeCycle=0,cur_changeCycle=0,to_view=126188
info|2019-11-15 11:01:44.089127|[g:1][CONSENSUS][SEALER]++++++++++++++++ Generating seal on,blkNum=1,tx=0,nodeIdx=0,hash=4df43f1e...
info|2019-11-15 11:01:44.089697|[g:1][CONSENSUS][PBFT]checkTimeout Succ,view=126188,toView=126189,nodeIdx=0,changeCycle=0,myNode=19b3f6e2...,timecost=0.276
info|2019-11-15 11:01:44.091894|[g:1][CONSENSUS][PBFT]checkAndChangeView: Reach consensus,org_view=126188,org_changeCycle=0,cur_changeCycle=0,to_view=126189
info|2019-11-15 11:01:45.092809|[g:1][CONSENSUS]addRawPrepare,height=1,reqIdx=1,hash=537cbf7e...
info|2019-11-15 11:01:45.093444|[g:1][CONSENSUS][PBFT]checkTimeout Succ,view=126189,toView=126190,nodeIdx=0,changeCycle=0,myNode=19b3f6e2...,timecost=0.504
info|2019-11-15 11:01:45.094692|[g:1][CONSENSUS][PBFT]checkAndChangeView: Reach consensus,org_view=126189,org_changeCycle=0,cur_changeCycle=0,to_view=126190
info|2019-11-15 11:01:45.101167|[P2P][Service] heartBeat,connected count=3
info|2019-11-15 11:01:46.097395|[g:1][CONSENSUS]addRawPrepare,height=1,reqIdx=2,hash=d978bb71...
info|2019-11-15 11:01:46.097908|[g:1][CONSENSUS][PBFT]checkTimeout Succ,view=126190,toView=126191,nodeIdx=0,changeCycle=0,myNode=19b3f6e2...,timecost=0.421
info|2019-11-15 11:01:46.099498|[g:1][CONSENSUS][PBFT]checkAndChangeView: Reach consensus,org_view=126190,org_changeCycle=0,cur_changeCycle=0,to_view=126191
info|2019-11-15 11:01:47.100350|[g:1][CONSENSUS]addRawPrepare,height=1,reqIdx=3,hash=e5d01dc7...
info|2019-11-15 11:01:47.100981|[g:1][CONSENSUS][PBFT]checkTimeout Succ,view=126191,toView=126192,nodeIdx=0,changeCycle=0,myNode=19b3f6e2...,timecost=0.514
info|2019-11-15 11:01:47.102036|[g:1][CONSENSUS][PBFT]checkAndChangeView: Reach consensus,org_view=126191,org_changeCycle=0,cur_changeCycle=0,to_view=126192
info|2019-11-15 11:01:48.102303|[g:1][CONSENSUS][SEALER]++++++++++++++++ Generating seal on,blkNum=1,tx=0,nodeIdx=0,hash=e27c7d27...
info|2019-11-15 11:01:48.102966|[g:1][CONSENSUS][PBFT]checkTimeout Succ,view=126192,toView=126193,nodeIdx=0,changeCycle=0,myNode=19b3f6e2...,timecost=0.331
info|2019-11-15 11:01:48.105126|[g:1][CONSENSUS][PBFT]checkAndChangeView: Reach consensus,org_view=126192,org_changeCycle=0,cur_changeCycle=0,to_view=126193
info|2019-11-15 11:01:49.106074|[g:1][CONSENSUS]addRawPrepare,height=1,reqIdx=1,hash=b44336af...
info|2019-11-15 11:01:49.106562|[g:1][CONSENSUS][PBFT]checkTimeout Succ,view=126193,toView=126194,nodeIdx=0,changeCycle=0,myNode=19b3f6e2...,timecost=0.403
info|2019-11-15 11:01:49.107662|[g:1][CONSENSUS][PBFT]checkAndChangeView: Reach consensus,org_view=126193,org_changeCycle=0,cur_changeCycle=0,to_view=126194
info|2019-11-15 11:01:50.108929|[g:1][CONSENSUS]addRawPrepare,height=1,reqIdx=2,hash=c102b712...
info|2019-11-15 11:01:50.109445|[g:1][CONSENSUS][PBFT]checkTimeout Succ,view=126194,toView=126195,nodeIdx=0,changeCycle=0,myNode=19b3f6e2...,timecost=0.4
info|2019-11-15 11:01:50.110646|[g:1][CONSENSUS][PBFT]checkAndChangeView: Reach consensus,org_view=126194,org_changeCycle=0,cur_changeCycle=0,to_view=126195
info|2019-11-15 11:01:51.112743|[g:1][CONSENSUS]addRawPrepare,height=1,reqIdx=3,hash=f474c570...
info|2019-11-15 11:01:51.113926|[g:1][CONSENSUS][PBFT]checkTimeout Succ,view=126195,toView=126196,nodeIdx=0,changeCycle=0,myNode=19b3f6e2...,timecost=0.971
info|2019-11-15 11:01:51.115326|[g:1][CONSENSUS][PBFT]checkAndChangeView: Reach consensus,org_view=126195,org_changeCycle=0,cur_changeCycle=0,to_view=126196
info|2019-11-15 11:01:52.115189|[g:1][CONSENSUS][SEALER]++++++++++++++++ Generating seal on,blkNum=1,tx=0,nodeIdx=0,hash=944cb908...
info|2019-11-15 11:01:52.115840|[g:1][CONSENSUS][PBFT]checkTimeout Succ,view=126196,toView=126197,nodeIdx=0,changeCycle=0,myNode=19b3f6e2...,timecost=0.303
info|2019-11-15 11:01:52.118800|[g:1][CONSENSUS][PBFT]checkAndChangeView: Reach consensus,org_view=126196,org_changeCycle=0,cur_changeCycle=0,to_view=126197
info|2019-11-15 11:01:53.121579|[g:1][CONSENSUS]addRawPrepare,height=1,reqIdx=1,hash=87471229...
info|2019-11-15 11:01:53.122188|[g:1][CONSENSUS][PBFT]checkTimeout Succ,view=126197,toView=126198,nodeIdx=0,changeCycle=0,myNode=19b3f6e2...,timecost=0.475
info|2019-11-15 11:01:53.123848|[g:1][CONSENSUS][PBFT]checkAndChangeView: Reach consensus,org_view=126197,org_changeCycle=0,cur_changeCycle=0,to_view=126198
info|2019-11-15 11:01:54.124841|[g:1][CONSENSUS]addRawPrepare,height=1,reqIdx=2,hash=a92db49b...
info|2019-11-15 11:01:54.125519|[g:1][CONSENSUS][PBFT]checkTimeout Succ,view=126198,toView=126199,nodeIdx=0,changeCycle=0,myNode=19b3f6e2...,timecost=0.551
info|2019-11-15 11:01:54.127215|[g:1][CONSENSUS][PBFT]checkAndChangeView: Reach consensus,org_view=126198,org_changeCycle=0,cur_changeCycle=0,to_view=126199
info|2019-11-15 11:01:54.885093|[LEDGER]stop sealer,groupID=1
info|2019-11-15 11:01:54.885150|[CONSENSUS][SEALER]Stop sealer module...
info|2019-11-15 11:01:54.890964|[CONSENSUS][ConsensusEngine][Stop ConsensusEngineBase]
info|2019-11-15 11:01:54.901179|[CONSENSUS][ConsensusEngine]ConsensusEngineBase stopped
info|2019-11-15 11:01:54.901199|[LEDGER]sealer stopped. stop sync,groupID=1
info|2019-11-15 11:01:54.939464|[SYNC][id:19b3f6e2...]SyncMaster stopped
info|2019-11-15 11:01:54.939515|[LEDGER]ledger stopped,groupID=1
info|2019-11-15 11:01:55.027515|[EVENT][EventLogFilterManager]stop
info|2019-11-15 11:01:55.027560|[LEDGER]event filter manager stopped,groupID=1
info|2019-11-15 11:01:55.027581|[INITIALIZER]ledgerInitializer stopped
warning|2019-11-15 11:01:55.030447|[CHANNEL]Accept failed,message=Operation canceled
info|2019-11-15 11:01:55.101401|[P2P][Service] heartBeat,connected count=3
info|2019-11-15 11:01:56.048702|[INITIALIZER]ChannelRPCHttpServer deleted.
info|2019-11-15 11:01:56.049683|[INITIALIZER]JsonrpcHttpServer deleted.
info|2019-11-15 11:01:56.049704|[INITIALIZER]RPCInitializer stopped
info|2019-11-15 11:01:56.050473|[NETWORK][Host]Host exit
info|2019-11-15 11:01:56.052489|[INITIALIZER]P2PInitializer stopped
info|2019-11-15 11:01:56.052527|[LEDGER]stop sealer,groupID=1
info|2019-11-15 11:01:56.052544|[LEDGER]sealer stopped. stop sync,groupID=1
info|2019-11-15 11:01:56.052553|[SYNC][id:19b3f6e2...]SyncMaster stopped
info|2019-11-15 11:01:56.052559|[LEDGER]ledger stopped,groupID=1
info|2019-11-15 11:01:56.052565|[LEDGER]event filter manager stopped,groupID=1
info|2019-11-15 11:01:56.053494|[STORAGE]Stopping flushStorage thread
info|2019-11-15 11:01:56.380555|[STORAGE]flushStorage thread stopped.
info|2019-11-15 11:01:56.380591|[DBINITIALIZER] storage stopped
info|2019-11-15 11:01:56.392186|[SYNC][id:19b3f6e2...]SyncMaster stopped
