info|2019-12-12 02:57:42.007391|[P2P][Service] heartBeat,connected count=3
warning|2019-12-12 02:57:42.007630|[g:1][CONSENSUS][PBFT]ViewChangeWarning: not caused by omit empty block ,v=49105,toV=49106,curNum=5,hash=a9fec021...,nodeIdx=0,myNode=19b3f6e2...
info|2019-12-12 02:57:42.007753|[g:1][CONSENSUS][PBFT]checkTimeout Succ,view=49105,toView=49106,nodeIdx=0,changeCycle=1,myNode=19b3f6e2...,timecost=0.571
info|2019-12-12 02:57:42.011199|[g:1][CONSENSUS][PBFT]checkAndChangeView: Reach consensus,org_view=49105,org_changeCycle=1,cur_changeCycle=1,to_view=49106
info|2019-12-12 02:57:43.013538|[g:1][CONSENSUS]addRawPrepare,height=6,reqIdx=3,hash=cd3d8730...
info|2019-12-12 02:57:43.014072|[g:1][CONSENSUS][PBFT]checkTimeout Succ,view=49106,toView=49107,nodeIdx=0,changeCycle=0,myNode=19b3f6e2...,timecost=0.404
info|2019-12-12 02:57:43.015328|[g:1][CONSENSUS][PBFT]checkAndChangeView: Reach consensus,org_view=49106,org_changeCycle=0,cur_changeCycle=0,to_view=49107
info|2019-12-12 02:57:44.015617|[g:1][CONSENSUS][SEALER]++++++++++++++++ Generating seal on,blkNum=6,tx=0,nodeIdx=0,hash=70b800d0...
info|2019-12-12 02:57:44.017861|[g:1][CONSENSUS][PBFT]checkTimeout Succ,view=49107,toView=49108,nodeIdx=0,changeCycle=0,myNode=19b3f6e2...,timecost=0.378
info|2019-12-12 02:57:44.018436|[g:1][CONSENSUS][PBFT]checkAndChangeView: Reach consensus,org_view=49107,org_changeCycle=0,cur_changeCycle=0,to_view=49108
info|2019-12-12 02:57:45.020561|[g:1][CONSENSUS]addRawPrepare,height=6,reqIdx=1,hash=802fef10...
info|2019-12-12 02:57:45.021413|[g:1][CONSENSUS][PBFT]checkTimeout Succ,view=49108,toView=49109,nodeIdx=0,changeCycle=0,myNode=19b3f6e2...,timecost=0.402
info|2019-12-12 02:57:45.022864|[g:1][CONSENSUS][PBFT]checkAndChangeView: Reach consensus,org_view=49108,org_changeCycle=0,cur_changeCycle=0,to_view=49109
info|2019-12-12 02:57:46.024137|[g:1][CONSENSUS]addRawPrepare,height=6,reqIdx=2,hash=1b2254ab...
info|2019-12-12 02:57:46.024630|[g:1][CONSENSUS][PBFT]checkTimeout Succ,view=49109,toView=49110,nodeIdx=0,changeCycle=0,myNode=19b3f6e2...,timecost=0.388
info|2019-12-12 02:57:46.025697|[g:1][CONSENSUS][PBFT]checkAndChangeView: Reach consensus,org_view=49109,org_changeCycle=0,cur_changeCycle=0,to_view=49110
info|2019-12-12 02:57:47.028634|[g:1][CONSENSUS]addRawPrepare,height=6,reqIdx=3,hash=d5b51f3e...
info|2019-12-12 02:57:47.029401|[g:1][CONSENSUS][PBFT]checkTimeout Succ,view=49110,toView=49111,nodeIdx=0,changeCycle=0,myNode=19b3f6e2...,timecost=0.679
info|2019-12-12 02:57:47.031009|[g:1][CONSENSUS][PBFT]checkAndChangeView: Reach consensus,org_view=49110,org_changeCycle=0,cur_changeCycle=0,to_view=49111
info|2019-12-12 02:57:48.031777|[g:1][CONSENSUS][SEALER]++++++++++++++++ Generating seal on,blkNum=6,tx=0,nodeIdx=0,hash=6fa7053e...
info|2019-12-12 02:57:48.034469|[g:1][CONSENSUS][PBFT]checkTimeout Succ,view=49111,toView=49112,nodeIdx=0,changeCycle=0,myNode=19b3f6e2...,timecost=0.387
info|2019-12-12 02:57:48.034962|[g:1][CONSENSUS][PBFT]checkAndChangeView: Reach consensus,org_view=49111,org_changeCycle=0,cur_changeCycle=0,to_view=49112
info|2019-12-12 02:57:49.036416|[g:1][CONSENSUS]addRawPrepare,height=6,reqIdx=1,hash=b89a8c03...
info|2019-12-12 02:57:49.037008|[g:1][CONSENSUS][PBFT]checkTimeout Succ,view=49112,toView=49113,nodeIdx=0,changeCycle=0,myNode=19b3f6e2...,timecost=0.415
info|2019-12-12 02:57:49.037915|[g:1][CONSENSUS][PBFT]checkAndChangeView: Reach consensus,org_view=49112,org_changeCycle=0,cur_changeCycle=0,to_view=49113
info|2019-12-12 02:57:50.038595|[g:1][CONSENSUS]addRawPrepare,height=6,reqIdx=2,hash=d6c191e4...
info|2019-12-12 02:57:50.039254|[g:1][CONSENSUS][PBFT]checkTimeout Succ,view=49113,toView=49114,nodeIdx=0,changeCycle=0,myNode=19b3f6e2...,timecost=0.504
info|2019-12-12 02:57:50.040410|[g:1][CONSENSUS][PBFT]checkAndChangeView: Reach consensus,org_view=49113,org_changeCycle=0,cur_changeCycle=0,to_view=49114
info|2019-12-12 02:57:51.042514|[g:1][CONSENSUS]addRawPrepare,height=6,reqIdx=3,hash=85e87dd8...
info|2019-12-12 02:57:51.043086|[g:1][CONSENSUS][PBFT]checkTimeout Succ,view=49114,toView=49115,nodeIdx=0,changeCycle=0,myNode=19b3f6e2...,timecost=0.434
info|2019-12-12 02:57:51.044770|[g:1][CONSENSUS][PBFT]checkAndChangeView: Reach consensus,org_view=49114,org_changeCycle=0,cur_changeCycle=0,to_view=49115
info|2019-12-12 02:57:52.016048|[P2P][Service] heartBeat,connected count=3
info|2019-12-12 02:57:52.045027|[g:1][CONSENSUS][SEALER]++++++++++++++++ Generating seal on,blkNum=6,tx=0,nodeIdx=0,hash=704fb71a...
info|2019-12-12 02:57:52.045692|[g:1][CONSENSUS][PBFT]checkTimeout Succ,view=49115,toView=49116,nodeIdx=0,changeCycle=0,myNode=19b3f6e2...,timecost=0.334
info|2019-12-12 02:57:52.047779|[g:1][CONSENSUS][PBFT]checkAndChangeView: Reach consensus,org_view=49115,org_changeCycle=0,cur_changeCycle=0,to_view=49116
info|2019-12-12 02:57:53.050785|[g:1][CONSENSUS]addRawPrepare,height=6,reqIdx=1,hash=2676e55e...
info|2019-12-12 02:57:53.051567|[g:1][CONSENSUS][PBFT]checkTimeout Succ,view=49116,toView=49117,nodeIdx=0,changeCycle=0,myNode=19b3f6e2...,timecost=0.597
info|2019-12-12 02:57:53.053479|[g:1][CONSENSUS][PBFT]checkAndChangeView: Reach consensus,org_view=49116,org_changeCycle=0,cur_changeCycle=0,to_view=49117
info|2019-12-12 02:57:54.055567|[g:1][CONSENSUS]addRawPrepare,height=6,reqIdx=2,hash=11ee3fda...
info|2019-12-12 02:57:54.056617|[g:1][CONSENSUS][PBFT]checkTimeout Succ,view=49117,toView=49118,nodeIdx=0,changeCycle=0,myNode=19b3f6e2...,timecost=0.838
info|2019-12-12 02:57:54.058656|[g:1][CONSENSUS][PBFT]checkAndChangeView: Reach consensus,org_view=49117,org_changeCycle=0,cur_changeCycle=0,to_view=49118
info|2019-12-12 02:57:55.060735|[g:1][CONSENSUS]addRawPrepare,height=6,reqIdx=3,hash=63a620a5...
info|2019-12-12 02:57:55.061600|[g:1][CONSENSUS][PBFT]checkTimeout Succ,view=49118,toView=49119,nodeIdx=0,changeCycle=0,myNode=19b3f6e2...,timecost=0.638
info|2019-12-12 02:57:55.064845|[g:1][CONSENSUS][PBFT]checkAndChangeView: Reach consensus,org_view=49118,org_changeCycle=0,cur_changeCycle=0,to_view=49119
info|2019-12-12 02:57:56.065531|[g:1][CONSENSUS][SEALER]++++++++++++++++ Generating seal on,blkNum=6,tx=0,nodeIdx=0,hash=acbd71d1...
info|2019-12-12 02:57:56.066936|[g:1][CONSENSUS][PBFT]checkTimeout Succ,view=49119,toView=49120,nodeIdx=0,changeCycle=0,myNode=19b3f6e2...,timecost=0.739
info|2019-12-12 02:57:56.070842|[g:1][CONSENSUS][PBFT]checkAndChangeView: Reach consensus,org_view=49119,org_changeCycle=0,cur_changeCycle=0,to_view=49120
info|2019-12-12 02:57:57.073115|[g:1][CONSENSUS]addRawPrepare,height=6,reqIdx=1,hash=bfad6052...
info|2019-12-12 02:57:57.075709|[g:1][CONSENSUS][PBFT]checkTimeout Succ,view=49120,toView=49121,nodeIdx=0,changeCycle=0,myNode=19b3f6e2...,timecost=2.235
info|2019-12-12 02:57:57.078566|[g:1][CONSENSUS][PBFT]checkAndChangeView: Reach consensus,org_view=49120,org_changeCycle=0,cur_changeCycle=0,to_view=49121
info|2019-12-12 02:57:58.081615|[g:1][CONSENSUS]addRawPrepare,height=6,reqIdx=2,hash=9284944b...
info|2019-12-12 02:57:58.082823|[g:1][CONSENSUS][PBFT]checkTimeout Succ,view=49121,toView=49122,nodeIdx=0,changeCycle=0,myNode=19b3f6e2...,timecost=0.961
info|2019-12-12 02:57:58.085952|[g:1][CONSENSUS][PBFT]checkAndChangeView: Reach consensus,org_view=49121,org_changeCycle=0,cur_changeCycle=0,to_view=49122
info|2019-12-12 02:57:59.091114|[g:1][CONSENSUS]addRawPrepare,height=6,reqIdx=3,hash=2cf7f6fd...
info|2019-12-12 02:57:59.094346|[g:1][CONSENSUS][PBFT]checkTimeout Succ,view=49122,toView=49123,nodeIdx=0,changeCycle=0,myNode=19b3f6e2...,timecost=2.787
info|2019-12-12 02:57:59.100769|[g:1][CONSENSUS][PBFT]checkAndChangeView: Reach consensus,org_view=49122,org_changeCycle=0,cur_changeCycle=0,to_view=49123
info|2019-12-12 02:58:00.101464|[g:1][CONSENSUS][SEALER]++++++++++++++++ Generating seal on,blkNum=6,tx=0,nodeIdx=0,hash=037364b0...
info|2019-12-12 02:58:00.103548|[g:1][CONSENSUS][PBFT]checkTimeout Succ,view=49123,toView=49124,nodeIdx=0,changeCycle=0,myNode=19b3f6e2...,timecost=1.077
info|2019-12-12 02:58:00.110229|[g:1][CONSENSUS][PBFT]checkAndChangeView: Reach consensus,org_view=49123,org_changeCycle=0,cur_changeCycle=0,to_view=49124
info|2019-12-12 02:58:01.112968|[g:1][CONSENSUS]addRawPrepare,height=6,reqIdx=1,hash=1c294f9f...
info|2019-12-12 02:58:01.114390|[g:1][CONSENSUS][PBFT]checkTimeout Succ,view=49124,toView=49125,nodeIdx=0,changeCycle=0,myNode=19b3f6e2...,timecost=1.053
info|2019-12-12 02:58:01.117729|[g:1][CONSENSUS][PBFT]checkAndChangeView: Reach consensus,org_view=49124,org_changeCycle=0,cur_changeCycle=0,to_view=49125
info|2019-12-12 02:58:02.024683|[P2P][Service] heartBeat,connected count=3
info|2019-12-12 02:58:02.121946|[g:1][CONSENSUS]addRawPrepare,height=6,reqIdx=2,hash=c008261f...
info|2019-12-12 02:58:02.123535|[g:1][CONSENSUS][PBFT]checkTimeout Succ,view=49125,toView=49126,nodeIdx=0,changeCycle=0,myNode=19b3f6e2...,timecost=1.232
info|2019-12-12 02:58:02.127748|[g:1][CONSENSUS][PBFT]checkAndChangeView: Reach consensus,org_view=49125,org_changeCycle=0,cur_changeCycle=0,to_view=49126
info|2019-12-12 02:58:03.131111|[g:1][CONSENSUS]addRawPrepare,height=6,reqIdx=3,hash=d3ede5c0...
info|2019-12-12 02:58:03.132873|[g:1][CONSENSUS][PBFT]checkTimeout Succ,view=49126,toView=49127,nodeIdx=0,changeCycle=0,myNode=19b3f6e2...,timecost=1.496
info|2019-12-12 02:58:03.136592|[g:1][CONSENSUS][PBFT]checkAndChangeView: Reach consensus,org_view=49126,org_changeCycle=0,cur_changeCycle=0,to_view=49127
info|2019-12-12 02:58:04.136977|[g:1][CONSENSUS][SEALER]++++++++++++++++ Generating seal on,blkNum=6,tx=0,nodeIdx=0,hash=e59b590a...
info|2019-12-12 02:58:04.139093|[g:1][CONSENSUS][PBFT]checkTimeout Succ,view=49127,toView=49128,nodeIdx=0,changeCycle=0,myNode=19b3f6e2...,timecost=1.188
info|2019-12-12 02:58:04.145950|[g:1][CONSENSUS][PBFT]checkAndChangeView: Reach consensus,org_view=49127,org_changeCycle=0,cur_changeCycle=0,to_view=49128
info|2019-12-12 02:58:05.148679|[g:1][CONSENSUS]addRawPrepare,height=6,reqIdx=1,hash=8bee4529...
info|2019-12-12 02:58:05.149850|[g:1][CONSENSUS][PBFT]checkTimeout Succ,view=49128,toView=49129,nodeIdx=0,changeCycle=0,myNode=19b3f6e2...,timecost=0.882
info|2019-12-12 02:58:05.152868|[g:1][CONSENSUS][PBFT]checkAndChangeView: Reach consensus,org_view=49128,org_changeCycle=0,cur_changeCycle=0,to_view=49129
info|2019-12-12 02:58:06.155841|[g:1][CONSENSUS]addRawPrepare,height=6,reqIdx=2,hash=7e76ad31...
info|2019-12-12 02:58:06.157254|[g:1][CONSENSUS][PBFT]checkTimeout Succ,view=49129,toView=49130,nodeIdx=0,changeCycle=0,myNode=19b3f6e2...,timecost=1.026
info|2019-12-12 02:58:06.159629|[g:1][CONSENSUS][PBFT]checkAndChangeView: Reach consensus,org_view=49129,org_changeCycle=0,cur_changeCycle=0,to_view=49130
info|2019-12-12 02:58:07.161503|[g:1][CONSENSUS]addRawPrepare,height=6,reqIdx=3,hash=f7d70cb3...
info|2019-12-12 02:58:07.162633|[g:1][CONSENSUS][PBFT]checkTimeout Succ,view=49130,toView=49131,nodeIdx=0,changeCycle=0,myNode=19b3f6e2...,timecost=0.886
info|2019-12-12 02:58:07.165552|[g:1][CONSENSUS][PBFT]checkAndChangeView: Reach consensus,org_view=49130,org_changeCycle=0,cur_changeCycle=0,to_view=49131
info|2019-12-12 02:58:08.165283|[g:1][CONSENSUS][SEALER]++++++++++++++++ Generating seal on,blkNum=6,tx=0,nodeIdx=0,hash=4addc6d9...
info|2019-12-12 02:58:08.169967|[g:1][CONSENSUS][PBFT]checkTimeout Succ,view=49131,toView=49132,nodeIdx=0,changeCycle=0,myNode=19b3f6e2...,timecost=0.797
info|2019-12-12 02:58:08.171253|[g:1][CONSENSUS][PBFT]checkAndChangeView: Reach consensus,org_view=49131,org_changeCycle=0,cur_changeCycle=0,to_view=49132
info|2019-12-12 02:58:09.172735|[g:1][CONSENSUS]addRawPrepare,height=6,reqIdx=1,hash=34d3204a...
info|2019-12-12 02:58:09.173476|[g:1][CONSENSUS][PBFT]checkTimeout Succ,view=49132,toView=49133,nodeIdx=0,changeCycle=0,myNode=19b3f6e2...,timecost=0.566
info|2019-12-12 02:58:09.175538|[g:1][CONSENSUS][PBFT]checkAndChangeView: Reach consensus,org_view=49132,org_changeCycle=0,cur_changeCycle=0,to_view=49133
info|2019-12-12 02:58:10.177237|[g:1][CONSENSUS]addRawPrepare,height=6,reqIdx=2,hash=47da210f...
info|2019-12-12 02:58:10.178014|[g:1][CONSENSUS][PBFT]checkTimeout Succ,view=49133,toView=49134,nodeIdx=0,changeCycle=0,myNode=19b3f6e2...,timecost=0.615
info|2019-12-12 02:58:10.179816|[g:1][CONSENSUS][PBFT]checkAndChangeView: Reach consensus,org_view=49133,org_changeCycle=0,cur_changeCycle=0,to_view=49134
info|2019-12-12 02:58:11.181453|[g:1][CONSENSUS]addRawPrepare,height=6,reqIdx=3,hash=f097ed46...
info|2019-12-12 02:58:11.182011|[g:1][CONSENSUS][PBFT]checkTimeout Succ,view=49134,toView=49135,nodeIdx=0,changeCycle=0,myNode=19b3f6e2...,timecost=0.426
info|2019-12-12 02:58:11.183611|[g:1][CONSENSUS][PBFT]checkAndChangeView: Reach consensus,org_view=49134,org_changeCycle=0,cur_changeCycle=0,to_view=49135
info|2019-12-12 02:58:12.030171|[P2P][Service] heartBeat,connected count=3
info|2019-12-12 02:58:12.184524|[g:1][CONSENSUS][SEALER]++++++++++++++++ Generating seal on,blkNum=6,tx=0,nodeIdx=0,hash=e270b3b6...
info|2019-12-12 02:58:12.185444|[g:1][CONSENSUS][PBFT]checkTimeout Succ,view=49135,toView=49136,nodeIdx=0,changeCycle=0,myNode=19b3f6e2...,timecost=0.542
info|2019-12-12 02:58:12.188265|[g:1][CONSENSUS][PBFT]checkAndChangeView: Reach consensus,org_view=49135,org_changeCycle=0,cur_changeCycle=0,to_view=49136
info|2019-12-12 02:58:13.189582|[g:1][CONSENSUS]addRawPrepare,height=6,reqIdx=1,hash=aacbaff9...
info|2019-12-12 02:58:13.190350|[g:1][CONSENSUS][PBFT]checkTimeout Succ,view=49136,toView=49137,nodeIdx=0,changeCycle=0,myNode=19b3f6e2...,timecost=0.689
info|2019-12-12 02:58:13.191752|[g:1][CONSENSUS][PBFT]checkAndChangeView: Reach consensus,org_view=49136,org_changeCycle=0,cur_changeCycle=0,to_view=49137
info|2019-12-12 02:58:14.193979|[g:1][CONSENSUS]addRawPrepare,height=6,reqIdx=2,hash=bcfa7275...
info|2019-12-12 02:58:14.194700|[g:1][CONSENSUS][PBFT]checkTimeout Succ,view=49137,toView=49138,nodeIdx=0,changeCycle=0,myNode=19b3f6e2...,timecost=0.588
info|2019-12-12 02:58:14.196060|[g:1][CONSENSUS][PBFT]checkAndChangeView: Reach consensus,org_view=49137,org_changeCycle=0,cur_changeCycle=0,to_view=49138
info|2019-12-12 02:58:15.199052|[g:1][CONSENSUS]addRawPrepare,height=6,reqIdx=3,hash=eda41498...
info|2019-12-12 02:58:15.199893|[g:1][CONSENSUS][PBFT]checkTimeout Succ,view=49138,toView=49139,nodeIdx=0,changeCycle=0,myNode=19b3f6e2...,timecost=0.54
info|2019-12-12 02:58:15.201437|[g:1][CONSENSUS][PBFT]checkAndChangeView: Reach consensus,org_view=49138,org_changeCycle=0,cur_changeCycle=0,to_view=49139
info|2019-12-12 02:58:16.202504|[g:1][CONSENSUS][SEALER]++++++++++++++++ Generating seal on,blkNum=6,tx=0,nodeIdx=0,hash=0b672f96...
info|2019-12-12 02:58:16.203403|[g:1][CONSENSUS][PBFT]checkTimeout Succ,view=49139,toView=49140,nodeIdx=0,changeCycle=0,myNode=19b3f6e2...,timecost=0.431
info|2019-12-12 02:58:16.206139|[g:1][CONSENSUS][PBFT]checkAndChangeView: Reach consensus,org_view=49139,org_changeCycle=0,cur_changeCycle=0,to_view=49140
info|2019-12-12 02:58:17.206857|[g:1][CONSENSUS]addRawPrepare,height=6,reqIdx=1,hash=42d52186...
info|2019-12-12 02:58:17.208076|[g:1][CONSENSUS][PBFT]checkTimeout Succ,view=49140,toView=49141,nodeIdx=0,changeCycle=0,myNode=19b3f6e2...,timecost=1.036
info|2019-12-12 02:58:17.209688|[g:1][CONSENSUS][PBFT]checkAndChangeView: Reach consensus,org_view=49140,org_changeCycle=0,cur_changeCycle=0,to_view=49141
info|2019-12-12 02:58:18.211698|[g:1][CONSENSUS]addRawPrepare,height=6,reqIdx=2,hash=5199ed6e...
info|2019-12-12 02:58:18.212371|[g:1][CONSENSUS][PBFT]checkTimeout Succ,view=49141,toView=49142,nodeIdx=0,changeCycle=0,myNode=19b3f6e2...,timecost=0.502
info|2019-12-12 02:58:18.214217|[g:1][CONSENSUS][PBFT]checkAndChangeView: Reach consensus,org_view=49141,org_changeCycle=0,cur_changeCycle=0,to_view=49142
info|2019-12-12 02:58:19.214785|[g:1][CONSENSUS]addRawPrepare,height=6,reqIdx=3,hash=11c19fb5...
info|2019-12-12 02:58:19.215419|[g:1][CONSENSUS][PBFT]checkTimeout Succ,view=49142,toView=49143,nodeIdx=0,changeCycle=0,myNode=19b3f6e2...,timecost=0.508
info|2019-12-12 02:58:19.216648|[g:1][CONSENSUS][PBFT]checkAndChangeView: Reach consensus,org_view=49142,org_changeCycle=0,cur_changeCycle=0,to_view=49143
info|2019-12-12 02:58:20.217685|[g:1][CONSENSUS][SEALER]++++++++++++++++ Generating seal on,blkNum=6,tx=0,nodeIdx=0,hash=956b2017...
info|2019-12-12 02:58:20.220436|[g:1][CONSENSUS][PBFT]checkTimeout Succ,view=49143,toView=49144,nodeIdx=0,changeCycle=0,myNode=19b3f6e2...,timecost=0.394
info|2019-12-12 02:58:20.221922|[g:1][CONSENSUS][PBFT]checkAndChangeView: Reach consensus,org_view=49143,org_changeCycle=0,cur_changeCycle=0,to_view=49144
info|2019-12-12 02:58:21.222609|[g:1][CONSENSUS]addRawPrepare,height=6,reqIdx=1,hash=0737834c...
info|2019-12-12 02:58:21.223271|[g:1][CONSENSUS][PBFT]checkTimeout Succ,view=49144,toView=49145,nodeIdx=0,changeCycle=0,myNode=19b3f6e2...,timecost=0.485
info|2019-12-12 02:58:21.224873|[g:1][CONSENSUS][PBFT]checkAndChangeView: Reach consensus,org_view=49144,org_changeCycle=0,cur_changeCycle=0,to_view=49145
info|2019-12-12 02:58:22.033952|[P2P][Service] heartBeat,connected count=3
info|2019-12-12 02:58:22.226371|[g:1][CONSENSUS]addRawPrepare,height=6,reqIdx=2,hash=5237a93c...
info|2019-12-12 02:58:22.227134|[g:1][CONSENSUS][PBFT]checkTimeout Succ,view=49145,toView=49146,nodeIdx=0,changeCycle=0,myNode=19b3f6e2...,timecost=0.623
info|2019-12-12 02:58:22.228916|[g:1][CONSENSUS][PBFT]checkAndChangeView: Reach consensus,org_view=49145,org_changeCycle=0,cur_changeCycle=0,to_view=49146
info|2019-12-12 02:58:23.230547|[g:1][CONSENSUS]addRawPrepare,height=6,reqIdx=3,hash=fefbcb79...
info|2019-12-12 02:58:23.231183|[g:1][CONSENSUS][PBFT]checkTimeout Succ,view=49146,toView=49147,nodeIdx=0,changeCycle=0,myNode=19b3f6e2...,timecost=0.489
info|2019-12-12 02:58:23.232760|[g:1][CONSENSUS][PBFT]checkAndChangeView: Reach consensus,org_view=49146,org_changeCycle=0,cur_changeCycle=0,to_view=49147
info|2019-12-12 02:58:24.232685|[g:1][CONSENSUS][SEALER]++++++++++++++++ Generating seal on,blkNum=6,tx=0,nodeIdx=0,hash=d2f7e7ba...
info|2019-12-12 02:58:24.236030|[g:1][CONSENSUS][PBFT]checkTimeout Succ,view=49147,toView=49148,nodeIdx=0,changeCycle=0,myNode=19b3f6e2...,timecost=0.58
info|2019-12-12 02:58:24.236735|[g:1][CONSENSUS][PBFT]checkAndChangeView: Reach consensus,org_view=49147,org_changeCycle=0,cur_changeCycle=0,to_view=49148
info|2019-12-12 02:58:25.237771|[g:1][CONSENSUS]addRawPrepare,height=6,reqIdx=1,hash=064b048e...
info|2019-12-12 02:58:25.238444|[g:1][CONSENSUS][PBFT]checkTimeout Succ,view=49148,toView=49149,nodeIdx=0,changeCycle=0,myNode=19b3f6e2...,timecost=0.507
info|2019-12-12 02:58:25.240130|[g:1][CONSENSUS][PBFT]checkAndChangeView: Reach consensus,org_view=49148,org_changeCycle=0,cur_changeCycle=0,to_view=49149
info|2019-12-12 02:58:26.242193|[g:1][CONSENSUS]addRawPrepare,height=6,reqIdx=2,hash=bbf8a0ec...
info|2019-12-12 02:58:26.242809|[g:1][CONSENSUS][PBFT]checkTimeout Succ,view=49149,toView=49150,nodeIdx=0,changeCycle=0,myNode=19b3f6e2...,timecost=0.423
info|2019-12-12 02:58:26.244155|[g:1][CONSENSUS][PBFT]checkAndChangeView: Reach consensus,org_view=49149,org_changeCycle=0,cur_changeCycle=0,to_view=49150
info|2019-12-12 02:58:27.244979|[g:1][CONSENSUS]addRawPrepare,height=6,reqIdx=3,hash=bb45ae2d...
info|2019-12-12 02:58:27.245713|[g:1][CONSENSUS][PBFT]checkTimeout Succ,view=49150,toView=49151,nodeIdx=0,changeCycle=0,myNode=19b3f6e2...,timecost=0.571
info|2019-12-12 02:58:27.246979|[g:1][CONSENSUS][PBFT]checkAndChangeView: Reach consensus,org_view=49150,org_changeCycle=0,cur_changeCycle=0,to_view=49151
info|2019-12-12 02:58:28.248494|[g:1][CONSENSUS][SEALER]++++++++++++++++ Generating seal on,blkNum=6,tx=0,nodeIdx=0,hash=69d43ea1...
info|2019-12-12 02:58:28.249427|[g:1][CONSENSUS][PBFT]checkTimeout Succ,view=49151,toView=49152,nodeIdx=0,changeCycle=0,myNode=19b3f6e2...,timecost=0.458
info|2019-12-12 02:58:28.251920|[g:1][CONSENSUS][PBFT]checkAndChangeView: Reach consensus,org_view=49151,org_changeCycle=0,cur_changeCycle=0,to_view=49152
info|2019-12-12 02:58:29.253448|[g:1][CONSENSUS]addRawPrepare,height=6,reqIdx=1,hash=ca60d7c8...
info|2019-12-12 02:58:29.253966|[g:1][CONSENSUS][PBFT]checkTimeout Succ,view=49152,toView=49153,nodeIdx=0,changeCycle=0,myNode=19b3f6e2...,timecost=0.383
info|2019-12-12 02:58:29.255138|[g:1][CONSENSUS][PBFT]checkAndChangeView: Reach consensus,org_view=49152,org_changeCycle=0,cur_changeCycle=0,to_view=49153
info|2019-12-12 02:58:30.257360|[g:1][CONSENSUS]addRawPrepare,height=6,reqIdx=2,hash=757346ee...
info|2019-12-12 02:58:30.257928|[g:1][CONSENSUS][PBFT]checkTimeout Succ,view=49153,toView=49154,nodeIdx=0,changeCycle=0,myNode=19b3f6e2...,timecost=0.439
info|2019-12-12 02:58:30.262208|[g:1][CONSENSUS][PBFT]checkAndChangeView: Reach consensus,org_view=49153,org_changeCycle=0,cur_changeCycle=0,to_view=49154
info|2019-12-12 02:58:31.260257|[g:1][CONSENSUS]addRawPrepare,height=6,reqIdx=3,hash=26f35b0f...
info|2019-12-12 02:58:31.260764|[g:1][CONSENSUS][PBFT]checkTimeout Succ,view=49154,toView=49155,nodeIdx=0,changeCycle=0,myNode=19b3f6e2...,timecost=0.374
info|2019-12-12 02:58:31.261787|[g:1][CONSENSUS][PBFT]checkAndChangeView: Reach consensus,org_view=49154,org_changeCycle=0,cur_changeCycle=0,to_view=49155
info|2019-12-12 02:58:32.037616|[P2P][Service] heartBeat,connected count=3
info|2019-12-12 02:58:32.261474|[g:1][CONSENSUS][SEALER]++++++++++++++++ Generating seal on,blkNum=6,tx=0,nodeIdx=0,hash=10199e7e...
info|2019-12-12 02:58:32.262564|[g:1][CONSENSUS][PBFT]checkTimeout Succ,view=49155,toView=49156,nodeIdx=0,changeCycle=0,myNode=19b3f6e2...,timecost=0.615
info|2019-12-12 02:58:32.265615|[g:1][CONSENSUS][PBFT]checkAndChangeView: Reach consensus,org_view=49155,org_changeCycle=0,cur_changeCycle=0,to_view=49156
info|2019-12-12 02:58:33.267031|[g:1][CONSENSUS]addRawPrepare,height=6,reqIdx=1,hash=d96a9a71...
info|2019-12-12 02:58:33.267703|[g:1][CONSENSUS][PBFT]checkTimeout Succ,view=49156,toView=49157,nodeIdx=0,changeCycle=0,myNode=19b3f6e2...,timecost=0.473
info|2019-12-12 02:58:33.269198|[g:1][CONSENSUS][PBFT]checkAndChangeView: Reach consensus,org_view=49156,org_changeCycle=0,cur_changeCycle=0,to_view=49157
info|2019-12-12 02:58:34.271914|[g:1][CONSENSUS]addRawPrepare,height=6,reqIdx=2,hash=14224882...
info|2019-12-12 02:58:34.272698|[g:1][CONSENSUS][PBFT]checkTimeout Succ,view=49157,toView=49158,nodeIdx=0,changeCycle=0,myNode=19b3f6e2...,timecost=0.597
info|2019-12-12 02:58:34.273885|[g:1][CONSENSUS][PBFT]checkAndChangeView: Reach consensus,org_view=49157,org_changeCycle=0,cur_changeCycle=0,to_view=49158
info|2019-12-12 02:58:35.275327|[g:1][CONSENSUS]addRawPrepare,height=6,reqIdx=3,hash=7f22711e...
info|2019-12-12 02:58:35.275916|[g:1][CONSENSUS][PBFT]checkTimeout Succ,view=49158,toView=49159,nodeIdx=0,changeCycle=0,myNode=19b3f6e2...,timecost=0.46
info|2019-12-12 02:58:35.277316|[g:1][CONSENSUS][PBFT]checkAndChangeView: Reach consensus,org_view=49158,org_changeCycle=0,cur_changeCycle=0,to_view=49159
info|2019-12-12 02:58:36.278701|[g:1][CONSENSUS][SEALER]++++++++++++++++ Generating seal on,blkNum=6,tx=0,nodeIdx=0,hash=834f3502...
info|2019-12-12 02:58:36.279609|[g:1][CONSENSUS][PBFT]checkTimeout Succ,view=49159,toView=49160,nodeIdx=0,changeCycle=0,myNode=19b3f6e2...,timecost=0.421
info|2019-12-12 02:58:36.281393|[g:1][CONSENSUS][PBFT]checkAndChangeView: Reach consensus,org_view=49159,org_changeCycle=0,cur_changeCycle=0,to_view=49160
info|2019-12-12 02:58:37.282543|[g:1][CONSENSUS]addRawPrepare,height=6,reqIdx=1,hash=c1e7ad19...
info|2019-12-12 02:58:37.283830|[g:1][CONSENSUS][PBFT]checkTimeout Succ,view=49160,toView=49161,nodeIdx=0,changeCycle=0,myNode=19b3f6e2...,timecost=1.111
info|2019-12-12 02:58:37.285198|[g:1][CONSENSUS][PBFT]checkAndChangeView: Reach consensus,org_view=49160,org_changeCycle=0,cur_changeCycle=0,to_view=49161
info|2019-12-12 02:58:38.287899|[g:1][CONSENSUS]addRawPrepare,height=6,reqIdx=2,hash=0daa1b17...
info|2019-12-12 02:58:38.288570|[g:1][CONSENSUS][PBFT]checkTimeout Succ,view=49161,toView=49162,nodeIdx=0,changeCycle=0,myNode=19b3f6e2...,timecost=0.553
info|2019-12-12 02:58:38.290234|[g:1][CONSENSUS][PBFT]checkAndChangeView: Reach consensus,org_view=49161,org_changeCycle=0,cur_changeCycle=0,to_view=49162
