info|2019-11-13 15:09:41.009054|[g:1][CONSENSUS][SEALER]++++++++++++++++ Generating seal on,blkNum=1,tx=0,nodeIdx=0,hash=48510780...
warning|2019-11-13 15:09:41.009801|[g:1][CONSENSUS][PBFT]ViewChangeWarning: not caused by omit empty block ,v=76160,toV=76161,curNum=0,hash=f72cae63...,nodeIdx=0,myNode=19b3f6e2...
info|2019-11-13 15:09:41.013211|[g:1][CONSENSUS][PBFT]checkTimeout Succ,view=76160,toView=76161,nodeIdx=0,changeCycle=1,myNode=19b3f6e2...,timecost=5.347
info|2019-11-13 15:09:41.013265|[P2P][Service] heartBeat,connected count=3
info|2019-11-13 15:09:41.017688|[g:1][CONSENSUS][PBFT]checkTimeout Succ,view=76160,toView=76162,nodeIdx=0,changeCycle=0,myNode=19b3f6e2...,timecost=0.494
info|2019-11-13 15:09:42.016287|[g:1][CONSENSUS][PBFT]FutureBlock,EINFO=handlePrepareMsg,reqIdx=1,view=76161,reqNum=1,curNum=0,consNum=1,fromIp=127.0.0.1:54681,hash=58facdb5...,nodeIdx=0,myNode=19b3f6e2...,curChangeCycle=0
info|2019-11-13 15:09:42.016300|[g:1][CONSENSUS]addFuturePrepareCache,height=1,reqIdx=1,hash=58facdb5...
info|2019-11-13 15:09:42.016925|[g:1][CONSENSUS][PBFT]FutureBlock,EINFO=handlePrepareMsg,reqIdx=1,view=76161,reqNum=1,curNum=0,consNum=1,fromIp=127.0.0.1:30303,hash=58facdb5...,nodeIdx=0,myNode=19b3f6e2...,curChangeCycle=0
info|2019-11-13 15:09:42.016967|[g:1][CONSENSUS][PBFT]FutureBlock,EINFO=handlePrepareMsg,reqIdx=1,view=76161,reqNum=1,curNum=0,consNum=1,fromIp=127.0.0.1:30300,hash=58facdb5...,nodeIdx=0,myNode=19b3f6e2...,curChangeCycle=0
info|2019-11-13 15:09:42.018097|[g:1][CONSENSUS][PBFT]checkAndChangeView, update m_changeCycle to 1
info|2019-11-13 15:09:42.018108|[g:1][CONSENSUS][PBFT]checkAndChangeView: Reach consensus,org_view=76160,org_changeCycle=0,cur_changeCycle=1,to_view=76162
info|2019-11-13 15:09:43.018359|[g:1][CONSENSUS]addRawPrepare,height=1,reqIdx=2,hash=f259e258...
info|2019-11-13 15:09:43.018925|[g:1][CONSENSUS][PBFT]checkTimeout Succ,view=76162,toView=76163,nodeIdx=0,changeCycle=0,myNode=19b3f6e2...,timecost=0.451
info|2019-11-13 15:09:43.020311|[g:1][CONSENSUS][PBFT]checkAndChangeView: Reach consensus,org_view=76162,org_changeCycle=0,cur_changeCycle=0,to_view=76163
info|2019-11-13 15:09:44.022437|[g:1][CONSENSUS]addRawPrepare,height=1,reqIdx=3,hash=8d66ba23...
info|2019-11-13 15:09:44.022960|[g:1][CONSENSUS][PBFT]checkTimeout Succ,view=76163,toView=76164,nodeIdx=0,changeCycle=0,myNode=19b3f6e2...,timecost=0.411
info|2019-11-13 15:09:44.024127|[g:1][CONSENSUS][PBFT]checkAndChangeView: Reach consensus,org_view=76163,org_changeCycle=0,cur_changeCycle=0,to_view=76164
info|2019-11-13 15:09:45.024860|[g:1][CONSENSUS][SEALER]++++++++++++++++ Generating seal on,blkNum=1,tx=0,nodeIdx=0,hash=533aa359...
info|2019-11-13 15:09:45.025523|[g:1][CONSENSUS][PBFT]checkTimeout Succ,view=76164,toView=76165,nodeIdx=0,changeCycle=0,myNode=19b3f6e2...,timecost=0.377
info|2019-11-13 15:09:45.027642|[g:1][CONSENSUS][PBFT]checkAndChangeView: Reach consensus,org_view=76164,org_changeCycle=0,cur_changeCycle=0,to_view=76165
info|2019-11-13 15:09:46.028676|[g:1][CONSENSUS]addRawPrepare,height=1,reqIdx=1,hash=c287a9c4...
info|2019-11-13 15:09:46.029731|[g:1][CONSENSUS][PBFT]checkTimeout Succ,view=76165,toView=76166,nodeIdx=0,changeCycle=0,myNode=19b3f6e2...,timecost=0.905
info|2019-11-13 15:09:46.030911|[g:1][CONSENSUS][PBFT]checkAndChangeView: Reach consensus,org_view=76165,org_changeCycle=0,cur_changeCycle=0,to_view=76166
info|2019-11-13 15:09:47.031614|[g:1][CONSENSUS]addRawPrepare,height=1,reqIdx=2,hash=fb5a661f...
info|2019-11-13 15:09:47.032264|[g:1][CONSENSUS][PBFT]checkTimeout Succ,view=76166,toView=76167,nodeIdx=0,changeCycle=0,myNode=19b3f6e2...,timecost=0.465
info|2019-11-13 15:09:47.033673|[g:1][CONSENSUS][PBFT]checkAndChangeView: Reach consensus,org_view=76166,org_changeCycle=0,cur_changeCycle=0,to_view=76167
info|2019-11-13 15:09:48.034828|[g:1][CONSENSUS]addRawPrepare,height=1,reqIdx=3,hash=06fc35fc...
info|2019-11-13 15:09:48.035495|[g:1][CONSENSUS][PBFT]checkTimeout Succ,view=76167,toView=76168,nodeIdx=0,changeCycle=0,myNode=19b3f6e2...,timecost=0.528
info|2019-11-13 15:09:48.036832|[g:1][CONSENSUS][PBFT]checkAndChangeView: Reach consensus,org_view=76167,org_changeCycle=0,cur_changeCycle=0,to_view=76168
info|2019-11-13 15:09:49.037042|[g:1][CONSENSUS][SEALER]++++++++++++++++ Generating seal on,blkNum=1,tx=0,nodeIdx=0,hash=37d764e6...
info|2019-11-13 15:09:49.039396|[g:1][CONSENSUS][PBFT]checkTimeout Succ,view=76168,toView=76169,nodeIdx=0,changeCycle=0,myNode=19b3f6e2...,timecost=0.342
info|2019-11-13 15:09:49.040047|[g:1][CONSENSUS][PBFT]checkAndChangeView: Reach consensus,org_view=76168,org_changeCycle=0,cur_changeCycle=0,to_view=76169
info|2019-11-13 15:09:50.041176|[g:1][CONSENSUS]addRawPrepare,height=1,reqIdx=1,hash=7930b23f...
info|2019-11-13 15:09:50.041839|[g:1][CONSENSUS][PBFT]checkTimeout Succ,view=76169,toView=76170,nodeIdx=0,changeCycle=0,myNode=19b3f6e2...,timecost=0.512
info|2019-11-13 15:09:50.043408|[g:1][CONSENSUS][PBFT]checkAndChangeView: Reach consensus,org_view=76169,org_changeCycle=0,cur_changeCycle=0,to_view=76170
info|2019-11-13 15:09:51.014064|[P2P][Service] heartBeat,connected count=3
info|2019-11-13 15:09:51.044452|[g:1][CONSENSUS]addRawPrepare,height=1,reqIdx=2,hash=fd32cf7c...
info|2019-11-13 15:09:51.044947|[g:1][CONSENSUS][PBFT]checkTimeout Succ,view=76170,toView=76171,nodeIdx=0,changeCycle=0,myNode=19b3f6e2...,timecost=0.394
info|2019-11-13 15:09:51.046465|[g:1][CONSENSUS][PBFT]checkAndChangeView: Reach consensus,org_view=76170,org_changeCycle=0,cur_changeCycle=0,to_view=76171
info|2019-11-13 15:09:52.048318|[g:1][CONSENSUS]addRawPrepare,height=1,reqIdx=3,hash=3e561d8c...
info|2019-11-13 15:09:52.049202|[g:1][CONSENSUS][PBFT]checkTimeout Succ,view=76171,toView=76172,nodeIdx=0,changeCycle=0,myNode=19b3f6e2...,timecost=0.597
info|2019-11-13 15:09:52.050796|[g:1][CONSENSUS][PBFT]checkAndChangeView: Reach consensus,org_view=76171,org_changeCycle=0,cur_changeCycle=0,to_view=76172
info|2019-11-13 15:09:53.050533|[g:1][CONSENSUS][SEALER]++++++++++++++++ Generating seal on,blkNum=1,tx=0,nodeIdx=0,hash=25fae2cd...
info|2019-11-13 15:09:53.051442|[g:1][CONSENSUS][PBFT]checkTimeout Succ,view=76172,toView=76173,nodeIdx=0,changeCycle=0,myNode=19b3f6e2...,timecost=0.42
info|2019-11-13 15:09:53.053791|[g:1][CONSENSUS][PBFT]checkAndChangeView: Reach consensus,org_view=76172,org_changeCycle=0,cur_changeCycle=0,to_view=76173
info|2019-11-13 15:09:54.055490|[g:1][CONSENSUS]addRawPrepare,height=1,reqIdx=1,hash=a9c1dd23...
info|2019-11-13 15:09:54.056123|[g:1][CONSENSUS][PBFT]checkTimeout Succ,view=76173,toView=76174,nodeIdx=0,changeCycle=0,myNode=19b3f6e2...,timecost=0.44
info|2019-11-13 15:09:54.057658|[g:1][CONSENSUS][PBFT]checkAndChangeView: Reach consensus,org_view=76173,org_changeCycle=0,cur_changeCycle=0,to_view=76174
info|2019-11-13 15:09:55.058764|[g:1][CONSENSUS]addRawPrepare,height=1,reqIdx=2,hash=eb33d4f4...
info|2019-11-13 15:09:55.059462|[g:1][CONSENSUS][PBFT]checkTimeout Succ,view=76174,toView=76175,nodeIdx=0,changeCycle=0,myNode=19b3f6e2...,timecost=0.541
info|2019-11-13 15:09:55.061310|[g:1][CONSENSUS][PBFT]checkAndChangeView: Reach consensus,org_view=76174,org_changeCycle=0,cur_changeCycle=0,to_view=76175
info|2019-11-13 15:09:56.064311|[g:1][CONSENSUS]addRawPrepare,height=1,reqIdx=3,hash=5fa03cc1...
info|2019-11-13 15:09:56.065389|[g:1][CONSENSUS][PBFT]checkTimeout Succ,view=76175,toView=76176,nodeIdx=0,changeCycle=0,myNode=19b3f6e2...,timecost=0.905
info|2019-11-13 15:09:56.066886|[g:1][CONSENSUS][PBFT]checkAndChangeView: Reach consensus,org_view=76175,org_changeCycle=0,cur_changeCycle=0,to_view=76176
