warning|2019-12-13 08:02:02.003252|[g:1][CONSENSUS][PBFT]ViewChangeWarning: not caused by omit empty block ,v=359,toV=360,curNum=68,hash=685b9589...,nodeIdx=0,myNode=19b3f6e2...
info|2019-12-13 08:02:02.004756|[P2P][Service] heartBeat,connected count=3
info|2019-12-13 08:02:02.005207|[g:1][CONSENSUS][PBFT]checkTimeout Succ,view=359,toView=360,nodeIdx=0,changeCycle=1,myNode=19b3f6e2...,timecost=3.7
info|2019-12-13 08:02:02.008480|[g:1][CONSENSUS][PBFT]checkAndChangeView: Reach consensus,org_view=359,org_changeCycle=1,cur_changeCycle=1,to_view=360
info|2019-12-13 08:02:03.008421|[g:1][CONSENSUS][SEALER]++++++++++++++++ Generating seal on,blkNum=69,tx=0,nodeIdx=0,hash=11d3e16d...
info|2019-12-13 08:02:03.009095|[g:1][CONSENSUS][PBFT]checkTimeout Succ,view=360,toView=361,nodeIdx=0,changeCycle=0,myNode=19b3f6e2...,timecost=0.357
info|2019-12-13 08:02:03.010957|[g:1][CONSENSUS][PBFT]checkAndChangeView: Reach consensus,org_view=360,org_changeCycle=0,cur_changeCycle=0,to_view=361
info|2019-12-13 08:02:04.012729|[g:1][CONSENSUS]addRawPrepare,height=69,reqIdx=1,hash=1ef9d9e1...
info|2019-12-13 08:02:04.013356|[g:1][CONSENSUS][PBFT]checkTimeout Succ,view=361,toView=362,nodeIdx=0,changeCycle=0,myNode=19b3f6e2...,timecost=0.478
info|2019-12-13 08:02:04.015056|[g:1][CONSENSUS][PBFT]checkAndChangeView: Reach consensus,org_view=361,org_changeCycle=0,cur_changeCycle=0,to_view=362
info|2019-12-13 08:02:05.017138|[g:1][CONSENSUS]addRawPrepare,height=69,reqIdx=2,hash=ace755a3...
info|2019-12-13 08:02:05.017721|[g:1][CONSENSUS][PBFT]checkTimeout Succ,view=362,toView=363,nodeIdx=0,changeCycle=0,myNode=19b3f6e2...,timecost=0.389
info|2019-12-13 08:02:05.018797|[g:1][CONSENSUS][PBFT]checkAndChangeView: Reach consensus,org_view=362,org_changeCycle=0,cur_changeCycle=0,to_view=363
info|2019-12-13 08:02:06.019281|[g:1][CONSENSUS]addRawPrepare,height=69,reqIdx=3,hash=50b74e14...
info|2019-12-13 08:02:06.019866|[g:1][CONSENSUS][PBFT]checkTimeout Succ,view=363,toView=364,nodeIdx=0,changeCycle=0,myNode=19b3f6e2...,timecost=0.422
info|2019-12-13 08:02:06.021416|[g:1][CONSENSUS][PBFT]checkAndChangeView: Reach consensus,org_view=363,org_changeCycle=0,cur_changeCycle=0,to_view=364
info|2019-12-13 08:02:07.021958|[g:1][CONSENSUS][SEALER]++++++++++++++++ Generating seal on,blkNum=69,tx=0,nodeIdx=0,hash=db652e48...
info|2019-12-13 08:02:07.025222|[g:1][CONSENSUS][PBFT]checkTimeout Succ,view=364,toView=365,nodeIdx=0,changeCycle=0,myNode=19b3f6e2...,timecost=0.399
info|2019-12-13 08:02:07.026035|[g:1][CONSENSUS][PBFT]checkAndChangeView: Reach consensus,org_view=364,org_changeCycle=0,cur_changeCycle=0,to_view=365
info|2019-12-13 08:02:08.026508|[g:1][CONSENSUS]addRawPrepare,height=69,reqIdx=1,hash=7f1a949d...
info|2019-12-13 08:02:08.027025|[g:1][CONSENSUS][PBFT]checkTimeout Succ,view=365,toView=366,nodeIdx=0,changeCycle=0,myNode=19b3f6e2...,timecost=0.388
info|2019-12-13 08:02:08.028460|[g:1][CONSENSUS][PBFT]checkAndChangeView: Reach consensus,org_view=365,org_changeCycle=0,cur_changeCycle=0,to_view=366
info|2019-12-13 08:02:09.029784|[g:1][CONSENSUS]addRawPrepare,height=69,reqIdx=2,hash=0be5a633...
info|2019-12-13 08:02:09.030507|[g:1][CONSENSUS][PBFT]checkTimeout Succ,view=366,toView=367,nodeIdx=0,changeCycle=0,myNode=19b3f6e2...,timecost=0.518
info|2019-12-13 08:02:09.031952|[g:1][CONSENSUS][PBFT]checkAndChangeView: Reach consensus,org_view=366,org_changeCycle=0,cur_changeCycle=0,to_view=367
info|2019-12-13 08:02:10.033490|[g:1][CONSENSUS]addRawPrepare,height=69,reqIdx=3,hash=fbc8e0f4...
info|2019-12-13 08:02:10.034155|[g:1][CONSENSUS][PBFT]checkTimeout Succ,view=367,toView=368,nodeIdx=0,changeCycle=0,myNode=19b3f6e2...,timecost=0.524
info|2019-12-13 08:02:10.035399|[g:1][CONSENSUS][PBFT]checkAndChangeView: Reach consensus,org_view=367,org_changeCycle=0,cur_changeCycle=0,to_view=368
info|2019-12-13 08:02:11.036432|[g:1][CONSENSUS][SEALER]++++++++++++++++ Generating seal on,blkNum=69,tx=0,nodeIdx=0,hash=8996e58b...
info|2019-12-13 08:02:11.039671|[g:1][CONSENSUS][PBFT]checkTimeout Succ,view=368,toView=369,nodeIdx=0,changeCycle=0,myNode=19b3f6e2...,timecost=0.552
info|2019-12-13 08:02:11.040478|[g:1][CONSENSUS][PBFT]checkAndChangeView: Reach consensus,org_view=368,org_changeCycle=0,cur_changeCycle=0,to_view=369
info|2019-12-13 08:02:12.013760|[P2P][Service] heartBeat,connected count=3
info|2019-12-13 08:02:12.040637|[g:1][CONSENSUS]addRawPrepare,height=69,reqIdx=1,hash=69b75fd3...
info|2019-12-13 08:02:12.041215|[g:1][CONSENSUS][PBFT]checkTimeout Succ,view=369,toView=370,nodeIdx=0,changeCycle=0,myNode=19b3f6e2...,timecost=0.455
info|2019-12-13 08:02:12.042623|[g:1][CONSENSUS][PBFT]checkAndChangeView: Reach consensus,org_view=369,org_changeCycle=0,cur_changeCycle=0,to_view=370
info|2019-12-13 08:02:13.043797|[g:1][CONSENSUS]addRawPrepare,height=69,reqIdx=2,hash=7df3f10d...
info|2019-12-13 08:02:13.044279|[g:1][CONSENSUS][PBFT]checkTimeout Succ,view=370,toView=371,nodeIdx=0,changeCycle=0,myNode=19b3f6e2...,timecost=0.381
info|2019-12-13 08:02:13.045583|[g:1][CONSENSUS][PBFT]checkAndChangeView: Reach consensus,org_view=370,org_changeCycle=0,cur_changeCycle=0,to_view=371
info|2019-12-13 08:02:14.046096|[g:1][CONSENSUS]addRawPrepare,height=69,reqIdx=3,hash=25eddb43...
info|2019-12-13 08:02:14.046611|[g:1][CONSENSUS][PBFT]checkTimeout Succ,view=371,toView=372,nodeIdx=0,changeCycle=0,myNode=19b3f6e2...,timecost=0.39
info|2019-12-13 08:02:14.047798|[g:1][CONSENSUS][PBFT]checkAndChangeView: Reach consensus,org_view=371,org_changeCycle=0,cur_changeCycle=0,to_view=372
info|2019-12-13 08:02:15.047436|[g:1][CONSENSUS][SEALER]++++++++++++++++ Generating seal on,blkNum=69,tx=0,nodeIdx=0,hash=0713e39e...
info|2019-12-13 08:02:15.048463|[g:1][CONSENSUS][PBFT]checkTimeout Succ,view=372,toView=373,nodeIdx=0,changeCycle=0,myNode=19b3f6e2...,timecost=0.406
info|2019-12-13 08:02:15.051308|[g:1][CONSENSUS][PBFT]checkAndChangeView: Reach consensus,org_view=372,org_changeCycle=0,cur_changeCycle=0,to_view=373
info|2019-12-13 08:02:16.051476|[g:1][CONSENSUS]addRawPrepare,height=69,reqIdx=1,hash=673ea6b2...
info|2019-12-13 08:02:16.052050|[g:1][CONSENSUS][PBFT]checkTimeout Succ,view=373,toView=374,nodeIdx=0,changeCycle=0,myNode=19b3f6e2...,timecost=0.412
info|2019-12-13 08:02:16.053249|[g:1][CONSENSUS][PBFT]checkAndChangeView: Reach consensus,org_view=373,org_changeCycle=0,cur_changeCycle=0,to_view=374
info|2019-12-13 08:02:17.054859|[g:1][CONSENSUS]addRawPrepare,height=69,reqIdx=2,hash=f627f16a...
info|2019-12-13 08:02:17.055722|[g:1][CONSENSUS][PBFT]checkTimeout Succ,view=374,toView=375,nodeIdx=0,changeCycle=0,myNode=19b3f6e2...,timecost=0.688
info|2019-12-13 08:02:17.057463|[g:1][CONSENSUS][PBFT]checkAndChangeView: Reach consensus,org_view=374,org_changeCycle=0,cur_changeCycle=0,to_view=375
info|2019-12-13 08:02:18.059185|[g:1][CONSENSUS]addRawPrepare,height=69,reqIdx=3,hash=2bacc09b...
info|2019-12-13 08:02:18.059821|[g:1][CONSENSUS][PBFT]checkTimeout Succ,view=375,toView=376,nodeIdx=0,changeCycle=0,myNode=19b3f6e2...,timecost=0.468
info|2019-12-13 08:02:18.061339|[g:1][CONSENSUS][PBFT]checkAndChangeView: Reach consensus,org_view=375,org_changeCycle=0,cur_changeCycle=0,to_view=376
info|2019-12-13 08:02:19.062776|[g:1][CONSENSUS][SEALER]++++++++++++++++ Generating seal on,blkNum=69,tx=0,nodeIdx=0,hash=4891436d...
info|2019-12-13 08:02:19.063624|[g:1][CONSENSUS][PBFT]checkTimeout Succ,view=376,toView=377,nodeIdx=0,changeCycle=0,myNode=19b3f6e2...,timecost=0.406
info|2019-12-13 08:02:19.065952|[g:1][CONSENSUS][PBFT]checkAndChangeView: Reach consensus,org_view=376,org_changeCycle=0,cur_changeCycle=0,to_view=377
info|2019-12-13 08:02:20.068052|[g:1][CONSENSUS]addRawPrepare,height=69,reqIdx=1,hash=f696f815...
info|2019-12-13 08:02:20.068733|[g:1][CONSENSUS][PBFT]checkTimeout Succ,view=377,toView=378,nodeIdx=0,changeCycle=0,myNode=19b3f6e2...,timecost=0.463
info|2019-12-13 08:02:20.069995|[g:1][CONSENSUS][PBFT]checkAndChangeView: Reach consensus,org_view=377,org_changeCycle=0,cur_changeCycle=0,to_view=378
info|2019-12-13 08:02:21.072081|[g:1][CONSENSUS]addRawPrepare,height=69,reqIdx=2,hash=d68a254b...
info|2019-12-13 08:02:21.072545|[g:1][CONSENSUS][PBFT]checkTimeout Succ,view=378,toView=379,nodeIdx=0,changeCycle=0,myNode=19b3f6e2...,timecost=0.328
info|2019-12-13 08:02:21.073616|[g:1][CONSENSUS][PBFT]checkAndChangeView: Reach consensus,org_view=378,org_changeCycle=0,cur_changeCycle=0,to_view=379
info|2019-12-13 08:02:22.017450|[P2P][Service] heartBeat,connected count=3
info|2019-12-13 08:02:22.075423|[g:1][CONSENSUS]addRawPrepare,height=69,reqIdx=3,hash=ae574c5d...
info|2019-12-13 08:02:22.076743|[g:1][CONSENSUS][PBFT]checkTimeout Succ,view=379,toView=380,nodeIdx=0,changeCycle=0,myNode=19b3f6e2...,timecost=1.167
info|2019-12-13 08:02:22.078165|[g:1][CONSENSUS][PBFT]checkAndChangeView: Reach consensus,org_view=379,org_changeCycle=0,cur_changeCycle=0,to_view=380
info|2019-12-13 08:02:23.078547|[g:1][CONSENSUS][SEALER]++++++++++++++++ Generating seal on,blkNum=69,tx=0,nodeIdx=0,hash=c6750af0...
info|2019-12-13 08:02:23.080852|[g:1][CONSENSUS][PBFT]checkTimeout Succ,view=380,toView=381,nodeIdx=0,changeCycle=0,myNode=19b3f6e2...,timecost=0.385
info|2019-12-13 08:02:23.081440|[g:1][CONSENSUS][PBFT]checkAndChangeView: Reach consensus,org_view=380,org_changeCycle=0,cur_changeCycle=0,to_view=381
info|2019-12-13 08:02:24.082535|[g:1][CONSENSUS]addRawPrepare,height=69,reqIdx=1,hash=a5973b1c...
info|2019-12-13 08:02:24.083221|[g:1][CONSENSUS][PBFT]checkTimeout Succ,view=381,toView=382,nodeIdx=0,changeCycle=0,myNode=19b3f6e2...,timecost=0.498
info|2019-12-13 08:02:24.084688|[g:1][CONSENSUS][PBFT]checkAndChangeView: Reach consensus,org_view=381,org_changeCycle=0,cur_changeCycle=0,to_view=382
info|2019-12-13 08:02:25.086258|[g:1][CONSENSUS]addRawPrepare,height=69,reqIdx=2,hash=c71f512b...
info|2019-12-13 08:02:25.086967|[g:1][CONSENSUS][PBFT]checkTimeout Succ,view=382,toView=383,nodeIdx=0,changeCycle=0,myNode=19b3f6e2...,timecost=0.521
info|2019-12-13 08:02:25.088294|[g:1][CONSENSUS][PBFT]checkAndChangeView: Reach consensus,org_view=382,org_changeCycle=0,cur_changeCycle=0,to_view=383
info|2019-12-13 08:02:26.090136|[g:1][CONSENSUS]addRawPrepare,height=69,reqIdx=3,hash=7dcd35a8...
info|2019-12-13 08:02:26.090794|[g:1][CONSENSUS][PBFT]checkTimeout Succ,view=383,toView=384,nodeIdx=0,changeCycle=0,myNode=19b3f6e2...,timecost=0.516
info|2019-12-13 08:02:26.092355|[g:1][CONSENSUS][PBFT]checkAndChangeView: Reach consensus,org_view=383,org_changeCycle=0,cur_changeCycle=0,to_view=384
info|2019-12-13 08:02:27.092781|[g:1][CONSENSUS][SEALER]++++++++++++++++ Generating seal on,blkNum=69,tx=0,nodeIdx=0,hash=b17eb825...
info|2019-12-13 08:02:27.096206|[g:1][CONSENSUS][PBFT]checkTimeout Succ,view=384,toView=385,nodeIdx=0,changeCycle=0,myNode=19b3f6e2...,timecost=0.416
info|2019-12-13 08:02:27.096985|[g:1][CONSENSUS][PBFT]checkAndChangeView: Reach consensus,org_view=384,org_changeCycle=0,cur_changeCycle=0,to_view=385
info|2019-12-13 08:02:28.097808|[g:1][CONSENSUS]addRawPrepare,height=69,reqIdx=1,hash=8bbd2568...
info|2019-12-13 08:02:28.098461|[g:1][CONSENSUS][PBFT]checkTimeout Succ,view=385,toView=386,nodeIdx=0,changeCycle=0,myNode=19b3f6e2...,timecost=0.493
info|2019-12-13 08:02:28.100246|[g:1][CONSENSUS][PBFT]checkAndChangeView: Reach consensus,org_view=385,org_changeCycle=0,cur_changeCycle=0,to_view=386
info|2019-12-13 08:02:29.102506|[g:1][CONSENSUS]addRawPrepare,height=69,reqIdx=2,hash=ca52c9aa...
info|2019-12-13 08:02:29.103122|[g:1][CONSENSUS][PBFT]checkTimeout Succ,view=386,toView=387,nodeIdx=0,changeCycle=0,myNode=19b3f6e2...,timecost=0.487
info|2019-12-13 08:02:29.104638|[g:1][CONSENSUS][PBFT]checkAndChangeView: Reach consensus,org_view=386,org_changeCycle=0,cur_changeCycle=0,to_view=387
info|2019-12-13 08:02:30.106281|[g:1][CONSENSUS]addRawPrepare,height=69,reqIdx=3,hash=3e7efba0...
info|2019-12-13 08:02:30.107068|[g:1][CONSENSUS][PBFT]checkTimeout Succ,view=387,toView=388,nodeIdx=0,changeCycle=0,myNode=19b3f6e2...,timecost=0.611
info|2019-12-13 08:02:30.108580|[g:1][CONSENSUS][PBFT]checkAndChangeView: Reach consensus,org_view=387,org_changeCycle=0,cur_changeCycle=0,to_view=388
info|2019-12-13 08:02:31.108145|[g:1][CONSENSUS][SEALER]++++++++++++++++ Generating seal on,blkNum=69,tx=0,nodeIdx=0,hash=c7bf980c...
info|2019-12-13 08:02:31.110577|[g:1][CONSENSUS][PBFT]checkTimeout Succ,view=388,toView=389,nodeIdx=0,changeCycle=0,myNode=19b3f6e2...,timecost=0.343
info|2019-12-13 08:02:31.111124|[g:1][CONSENSUS][PBFT]checkAndChangeView: Reach consensus,org_view=388,org_changeCycle=0,cur_changeCycle=0,to_view=389
info|2019-12-13 08:02:32.025079|[P2P][Service] heartBeat,connected count=3
info|2019-12-13 08:02:32.111602|[g:1][CONSENSUS]addRawPrepare,height=69,reqIdx=1,hash=d85846d1...
info|2019-12-13 08:02:32.112519|[g:1][CONSENSUS][PBFT]checkTimeout Succ,view=389,toView=390,nodeIdx=0,changeCycle=0,myNode=19b3f6e2...,timecost=0.778
info|2019-12-13 08:02:32.114327|[g:1][CONSENSUS][PBFT]checkAndChangeView: Reach consensus,org_view=389,org_changeCycle=0,cur_changeCycle=0,to_view=390
info|2019-12-13 08:02:33.117129|[g:1][CONSENSUS]addRawPrepare,height=69,reqIdx=2,hash=0d39966f...
info|2019-12-13 08:02:33.117957|[g:1][CONSENSUS][PBFT]checkTimeout Succ,view=390,toView=391,nodeIdx=0,changeCycle=0,myNode=19b3f6e2...,timecost=0.696
info|2019-12-13 08:02:33.119635|[g:1][CONSENSUS][PBFT]checkAndChangeView: Reach consensus,org_view=390,org_changeCycle=0,cur_changeCycle=0,to_view=391
info|2019-12-13 08:02:34.120410|[g:1][CONSENSUS]addRawPrepare,height=69,reqIdx=3,hash=72e80132...
info|2019-12-13 08:02:34.121056|[g:1][CONSENSUS][PBFT]checkTimeout Succ,view=391,toView=392,nodeIdx=0,changeCycle=0,myNode=19b3f6e2...,timecost=0.525
info|2019-12-13 08:02:34.122462|[g:1][CONSENSUS][PBFT]checkAndChangeView: Reach consensus,org_view=391,org_changeCycle=0,cur_changeCycle=0,to_view=392
info|2019-12-13 08:02:35.122569|[g:1][CONSENSUS][SEALER]++++++++++++++++ Generating seal on,blkNum=69,tx=0,nodeIdx=0,hash=958a2b60...
info|2019-12-13 08:02:35.125846|[g:1][CONSENSUS][PBFT]checkTimeout Succ,view=392,toView=393,nodeIdx=0,changeCycle=0,myNode=19b3f6e2...,timecost=0.551
info|2019-12-13 08:02:35.126554|[g:1][CONSENSUS][PBFT]checkAndChangeView: Reach consensus,org_view=392,org_changeCycle=0,cur_changeCycle=0,to_view=393
info|2019-12-13 08:02:36.126479|[g:1][CONSENSUS]addRawPrepare,height=69,reqIdx=1,hash=35f90d69...
info|2019-12-13 08:02:36.127111|[g:1][CONSENSUS][PBFT]checkTimeout Succ,view=393,toView=394,nodeIdx=0,changeCycle=0,myNode=19b3f6e2...,timecost=0.471
info|2019-12-13 08:02:36.128635|[g:1][CONSENSUS][PBFT]checkAndChangeView: Reach consensus,org_view=393,org_changeCycle=0,cur_changeCycle=0,to_view=394
info|2019-12-13 08:02:37.129724|[g:1][CONSENSUS]addRawPrepare,height=69,reqIdx=2,hash=4ed5ce94...
info|2019-12-13 08:02:37.130514|[g:1][CONSENSUS][PBFT]checkTimeout Succ,view=394,toView=395,nodeIdx=0,changeCycle=0,myNode=19b3f6e2...,timecost=0.673
info|2019-12-13 08:02:37.132281|[g:1][CONSENSUS][PBFT]checkAndChangeView: Reach consensus,org_view=394,org_changeCycle=0,cur_changeCycle=0,to_view=395
info|2019-12-13 08:02:38.134075|[g:1][CONSENSUS]addRawPrepare,height=69,reqIdx=3,hash=7ca3a492...
info|2019-12-13 08:02:38.134739|[g:1][CONSENSUS][PBFT]checkTimeout Succ,view=395,toView=396,nodeIdx=0,changeCycle=0,myNode=19b3f6e2...,timecost=0.527
info|2019-12-13 08:02:38.135934|[g:1][CONSENSUS][PBFT]checkAndChangeView: Reach consensus,org_view=395,org_changeCycle=0,cur_changeCycle=0,to_view=396
info|2019-12-13 08:02:39.136556|[g:1][CONSENSUS][SEALER]++++++++++++++++ Generating seal on,blkNum=69,tx=0,nodeIdx=0,hash=1b30c32c...
info|2019-12-13 08:02:39.138885|[g:1][CONSENSUS][PBFT]checkTimeout Succ,view=396,toView=397,nodeIdx=0,changeCycle=0,myNode=19b3f6e2...,timecost=0.35
info|2019-12-13 08:02:39.139425|[g:1][CONSENSUS][PBFT]checkAndChangeView: Reach consensus,org_view=396,org_changeCycle=0,cur_changeCycle=0,to_view=397
info|2019-12-13 08:02:40.140546|[g:1][CONSENSUS]addRawPrepare,height=69,reqIdx=1,hash=b57b6b70...
info|2019-12-13 08:02:40.141009|[g:1][CONSENSUS][PBFT]checkTimeout Succ,view=397,toView=398,nodeIdx=0,changeCycle=0,myNode=19b3f6e2...,timecost=0.339
info|2019-12-13 08:02:40.142096|[g:1][CONSENSUS][PBFT]checkAndChangeView: Reach consensus,org_view=397,org_changeCycle=0,cur_changeCycle=0,to_view=398
info|2019-12-13 08:02:41.144553|[g:1][CONSENSUS]addRawPrepare,height=69,reqIdx=2,hash=b7b969bd...
info|2019-12-13 08:02:41.145158|[g:1][CONSENSUS][PBFT]checkTimeout Succ,view=398,toView=399,nodeIdx=0,changeCycle=0,myNode=19b3f6e2...,timecost=0.473
info|2019-12-13 08:02:41.146435|[g:1][CONSENSUS][PBFT]checkAndChangeView: Reach consensus,org_view=398,org_changeCycle=0,cur_changeCycle=0,to_view=399
info|2019-12-13 08:02:42.031849|[P2P][Service] heartBeat,connected count=3
info|2019-12-13 08:02:42.147711|[g:1][CONSENSUS]addRawPrepare,height=69,reqIdx=3,hash=db47fadc...
info|2019-12-13 08:02:42.148237|[g:1][CONSENSUS][PBFT]checkTimeout Succ,view=399,toView=400,nodeIdx=0,changeCycle=0,myNode=19b3f6e2...,timecost=0.403
info|2019-12-13 08:02:42.149641|[g:1][CONSENSUS][PBFT]checkAndChangeView: Reach consensus,org_view=399,org_changeCycle=0,cur_changeCycle=0,to_view=400
info|2019-12-13 08:02:42.084585|[g:1][CONSENSUS][SEALER]++++++++++++++++ Generating seal on,blkNum=69,tx=0,nodeIdx=0,hash=e73fe18d...
info|2019-12-13 08:02:42.085389|[g:1][CONSENSUS][PBFT]checkTimeout Succ,view=400,toView=401,nodeIdx=0,changeCycle=0,myNode=19b3f6e2...,timecost=0.389
info|2019-12-13 08:02:42.093278|[g:1][CONSENSUS][PBFT]checkAndChangeView: Reach consensus,org_view=400,org_changeCycle=0,cur_changeCycle=0,to_view=401
info|2019-12-13 08:02:43.092678|[g:1][CONSENSUS]addRawPrepare,height=69,reqIdx=1,hash=2fd7e65c...
info|2019-12-13 08:02:43.093220|[g:1][CONSENSUS][PBFT]checkTimeout Succ,view=401,toView=402,nodeIdx=0,changeCycle=0,myNode=19b3f6e2...,timecost=0.441
info|2019-12-13 08:02:43.094399|[g:1][CONSENSUS][PBFT]checkAndChangeView: Reach consensus,org_view=401,org_changeCycle=0,cur_changeCycle=0,to_view=402
info|2019-12-13 08:02:44.095929|[g:1][CONSENSUS]addRawPrepare,height=69,reqIdx=2,hash=a0da6ca1...
info|2019-12-13 08:02:44.096710|[g:1][CONSENSUS][PBFT]checkTimeout Succ,view=402,toView=403,nodeIdx=0,changeCycle=0,myNode=19b3f6e2...,timecost=0.667
info|2019-12-13 08:02:44.098007|[g:1][CONSENSUS][PBFT]checkAndChangeView: Reach consensus,org_view=402,org_changeCycle=0,cur_changeCycle=0,to_view=403
info|2019-12-13 08:02:45.099308|[g:1][CONSENSUS]addRawPrepare,height=69,reqIdx=3,hash=5e654cc0...
info|2019-12-13 08:02:45.101325|[g:1][CONSENSUS][PBFT]checkTimeout Succ,view=403,toView=404,nodeIdx=0,changeCycle=0,myNode=19b3f6e2...,timecost=0.254
info|2019-12-13 08:02:45.102039|[g:1][CONSENSUS][PBFT]checkAndChangeView: Reach consensus,org_view=403,org_changeCycle=0,cur_changeCycle=0,to_view=404
info|2019-12-13 08:02:46.102275|[g:1][CONSENSUS][SEALER]++++++++++++++++ Generating seal on,blkNum=69,tx=0,nodeIdx=0,hash=cc1a47ad...
info|2019-12-13 08:02:46.102859|[g:1][CONSENSUS][PBFT]checkTimeout Succ,view=404,toView=405,nodeIdx=0,changeCycle=0,myNode=19b3f6e2...,timecost=0.284
info|2019-12-13 08:02:46.104805|[g:1][CONSENSUS][PBFT]checkAndChangeView: Reach consensus,org_view=404,org_changeCycle=0,cur_changeCycle=0,to_view=405
info|2019-12-13 08:02:47.107104|[g:1][CONSENSUS]addRawPrepare,height=69,reqIdx=1,hash=222d5318...
info|2019-12-13 08:02:47.107747|[g:1][CONSENSUS][PBFT]checkTimeout Succ,view=405,toView=406,nodeIdx=0,changeCycle=0,myNode=19b3f6e2...,timecost=0.509
info|2019-12-13 08:02:47.108869|[g:1][CONSENSUS][PBFT]checkAndChangeView: Reach consensus,org_view=405,org_changeCycle=0,cur_changeCycle=0,to_view=406
info|2019-12-13 08:02:48.110506|[g:1][CONSENSUS]addRawPrepare,height=69,reqIdx=2,hash=3c63a3c6...
info|2019-12-13 08:02:48.111206|[g:1][CONSENSUS][PBFT]checkTimeout Succ,view=406,toView=407,nodeIdx=0,changeCycle=0,myNode=19b3f6e2...,timecost=0.579
info|2019-12-13 08:02:48.112676|[g:1][CONSENSUS][PBFT]checkAndChangeView: Reach consensus,org_view=406,org_changeCycle=0,cur_changeCycle=0,to_view=407
info|2019-12-13 08:02:49.116011|[g:1][CONSENSUS]addRawPrepare,height=69,reqIdx=3,hash=8d1f1e9a...
info|2019-12-13 08:02:49.116529|[g:1][CONSENSUS][PBFT]checkTimeout Succ,view=407,toView=408,nodeIdx=0,changeCycle=0,myNode=19b3f6e2...,timecost=0.402
info|2019-12-13 08:02:49.117689|[g:1][CONSENSUS][PBFT]checkAndChangeView: Reach consensus,org_view=407,org_changeCycle=0,cur_changeCycle=0,to_view=408
info|2019-12-13 08:02:50.117486|[g:1][CONSENSUS][SEALER]++++++++++++++++ Generating seal on,blkNum=69,tx=0,nodeIdx=0,hash=bab1781c...
info|2019-12-13 08:02:50.118147|[g:1][CONSENSUS][PBFT]checkTimeout Succ,view=408,toView=409,nodeIdx=0,changeCycle=0,myNode=19b3f6e2...,timecost=0.282
info|2019-12-13 08:02:50.120071|[g:1][CONSENSUS][PBFT]checkAndChangeView: Reach consensus,org_view=408,org_changeCycle=0,cur_changeCycle=0,to_view=409
info|2019-12-13 08:02:51.122367|[g:1][CONSENSUS]addRawPrepare,height=69,reqIdx=1,hash=5ea6fd77...
info|2019-12-13 08:02:51.122786|[g:1][CONSENSUS][PBFT]checkTimeout Succ,view=409,toView=410,nodeIdx=0,changeCycle=0,myNode=19b3f6e2...,timecost=0.319
info|2019-12-13 08:02:51.123904|[g:1][CONSENSUS][PBFT]checkAndChangeView: Reach consensus,org_view=409,org_changeCycle=0,cur_changeCycle=0,to_view=410
info|2019-12-13 08:02:52.037467|[P2P][Service] heartBeat,connected count=3
info|2019-12-13 08:02:52.125084|[g:1][CONSENSUS]addRawPrepare,height=69,reqIdx=2,hash=eab88190...
info|2019-12-13 08:02:52.125624|[g:1][CONSENSUS][PBFT]checkTimeout Succ,view=410,toView=411,nodeIdx=0,changeCycle=0,myNode=19b3f6e2...,timecost=0.451
info|2019-12-13 08:02:52.126743|[g:1][CONSENSUS][PBFT]checkAndChangeView: Reach consensus,org_view=410,org_changeCycle=0,cur_changeCycle=0,to_view=411
info|2019-12-13 08:02:53.129390|[g:1][CONSENSUS]addRawPrepare,height=69,reqIdx=3,hash=2bb59b97...
info|2019-12-13 08:02:53.130181|[g:1][CONSENSUS][PBFT]checkTimeout Succ,view=411,toView=412,nodeIdx=0,changeCycle=0,myNode=19b3f6e2...,timecost=0.624
info|2019-12-13 08:02:53.131876|[g:1][CONSENSUS][PBFT]checkAndChangeView: Reach consensus,org_view=411,org_changeCycle=0,cur_changeCycle=0,to_view=412
info|2019-12-13 08:02:54.131416|[g:1][CONSENSUS][SEALER]++++++++++++++++ Generating seal on,blkNum=69,tx=0,nodeIdx=0,hash=c2d8754a...
info|2019-12-13 08:02:54.133992|[g:1][CONSENSUS][PBFT]checkTimeout Succ,view=412,toView=413,nodeIdx=0,changeCycle=0,myNode=19b3f6e2...,timecost=0.436
info|2019-12-13 08:02:54.134542|[g:1][CONSENSUS][PBFT]checkAndChangeView: Reach consensus,org_view=412,org_changeCycle=0,cur_changeCycle=0,to_view=413
info|2019-12-13 08:02:55.135800|[g:1][CONSENSUS]addRawPrepare,height=69,reqIdx=1,hash=feaf4314...
info|2019-12-13 08:02:55.136398|[g:1][CONSENSUS][PBFT]checkTimeout Succ,view=413,toView=414,nodeIdx=0,changeCycle=0,myNode=19b3f6e2...,timecost=0.46
info|2019-12-13 08:02:55.137918|[g:1][CONSENSUS][PBFT]checkAndChangeView: Reach consensus,org_view=413,org_changeCycle=0,cur_changeCycle=0,to_view=414
info|2019-12-13 08:02:56.140395|[g:1][CONSENSUS]addRawPrepare,height=69,reqIdx=2,hash=2a6aaca2...
info|2019-12-13 08:02:56.141256|[g:1][CONSENSUS][PBFT]checkTimeout Succ,view=414,toView=415,nodeIdx=0,changeCycle=0,myNode=19b3f6e2...,timecost=0.676
info|2019-12-13 08:02:56.142954|[g:1][CONSENSUS][PBFT]checkAndChangeView: Reach consensus,org_view=414,org_changeCycle=0,cur_changeCycle=0,to_view=415
info|2019-12-13 08:41:44.006681|[P2P][Service] heartBeat,connected count=3
warning|2019-12-13 08:41:44.008632|[g:1][CONSENSUS][PBFT]ViewChangeWarning: not caused by omit empty block ,v=415,toV=416,curNum=68,hash=685b9589...,nodeIdx=0,myNode=19b3f6e2...
info|2019-12-13 08:41:44.008836|[g:1][CONSENSUS][PBFT]checkTimeout Succ,view=415,toView=416,nodeIdx=0,changeCycle=1,myNode=19b3f6e2...,timecost=0.86
info|2019-12-13 08:41:44.011857|[g:1][CONSENSUS][PBFT]checkAndChangeView: Reach consensus,org_view=415,org_changeCycle=1,cur_changeCycle=1,to_view=416
info|2019-12-13 08:41:45.012013|[g:1][CONSENSUS][SEALER]++++++++++++++++ Generating seal on,blkNum=69,tx=0,nodeIdx=0,hash=441a0a8a...
info|2019-12-13 08:41:45.014449|[g:1][CONSENSUS][PBFT]checkTimeout Succ,view=416,toView=417,nodeIdx=0,changeCycle=0,myNode=19b3f6e2...,timecost=0.389
info|2019-12-13 08:41:45.015000|[g:1][CONSENSUS][PBFT]checkAndChangeView: Reach consensus,org_view=416,org_changeCycle=0,cur_changeCycle=0,to_view=417
info|2019-12-13 08:41:46.015606|[g:1][CONSENSUS]addRawPrepare,height=69,reqIdx=1,hash=ca8d373b...
info|2019-12-13 08:41:46.016416|[g:1][CONSENSUS][PBFT]checkTimeout Succ,view=417,toView=418,nodeIdx=0,changeCycle=0,myNode=19b3f6e2...,timecost=0.558
info|2019-12-13 08:41:46.017549|[g:1][CONSENSUS][PBFT]checkAndChangeView: Reach consensus,org_view=417,org_changeCycle=0,cur_changeCycle=0,to_view=418
info|2019-12-13 08:41:47.019211|[g:1][CONSENSUS]addRawPrepare,height=69,reqIdx=2,hash=a056e1d2...
info|2019-12-13 08:41:47.019798|[g:1][CONSENSUS][PBFT]checkTimeout Succ,view=418,toView=419,nodeIdx=0,changeCycle=0,myNode=19b3f6e2...,timecost=0.482
info|2019-12-13 08:41:47.021114|[g:1][CONSENSUS][PBFT]checkAndChangeView: Reach consensus,org_view=418,org_changeCycle=0,cur_changeCycle=0,to_view=419
info|2019-12-13 08:41:48.022906|[g:1][CONSENSUS]addRawPrepare,height=69,reqIdx=3,hash=27b94086...
info|2019-12-13 08:41:48.023480|[g:1][CONSENSUS][PBFT]checkTimeout Succ,view=419,toView=420,nodeIdx=0,changeCycle=0,myNode=19b3f6e2...,timecost=0.425
info|2019-12-13 08:41:48.024785|[g:1][CONSENSUS][PBFT]checkAndChangeView: Reach consensus,org_view=419,org_changeCycle=0,cur_changeCycle=0,to_view=420
info|2019-12-13 08:41:49.025086|[g:1][CONSENSUS][SEALER]++++++++++++++++ Generating seal on,blkNum=69,tx=0,nodeIdx=0,hash=809bfdb3...
info|2019-12-13 08:41:49.026018|[g:1][CONSENSUS][PBFT]checkTimeout Succ,view=420,toView=421,nodeIdx=0,changeCycle=0,myNode=19b3f6e2...,timecost=0.501
info|2019-12-13 08:41:49.028793|[g:1][CONSENSUS][PBFT]checkAndChangeView: Reach consensus,org_view=420,org_changeCycle=0,cur_changeCycle=0,to_view=421
info|2019-12-13 08:41:50.030790|[g:1][CONSENSUS]addRawPrepare,height=69,reqIdx=1,hash=0d3b913f...
info|2019-12-13 08:41:50.031423|[g:1][CONSENSUS][PBFT]checkTimeout Succ,view=421,toView=422,nodeIdx=0,changeCycle=0,myNode=19b3f6e2...,timecost=0.505
info|2019-12-13 08:41:50.033305|[g:1][CONSENSUS][PBFT]checkAndChangeView: Reach consensus,org_view=421,org_changeCycle=0,cur_changeCycle=0,to_view=422
info|2019-12-13 08:41:51.034314|[g:1][CONSENSUS]addRawPrepare,height=69,reqIdx=2,hash=35cc2178...
info|2019-12-13 08:41:51.034775|[g:1][CONSENSUS][PBFT]checkTimeout Succ,view=422,toView=423,nodeIdx=0,changeCycle=0,myNode=19b3f6e2...,timecost=0.339
info|2019-12-13 08:41:51.035924|[g:1][CONSENSUS][PBFT]checkAndChangeView: Reach consensus,org_view=422,org_changeCycle=0,cur_changeCycle=0,to_view=423
info|2019-12-13 08:41:52.038048|[g:1][CONSENSUS]addRawPrepare,height=69,reqIdx=3,hash=b7c5402e...
info|2019-12-13 08:41:52.038597|[g:1][CONSENSUS][PBFT]checkTimeout Succ,view=423,toView=424,nodeIdx=0,changeCycle=0,myNode=19b3f6e2...,timecost=0.42
info|2019-12-13 08:41:52.039704|[g:1][CONSENSUS][PBFT]checkAndChangeView: Reach consensus,org_view=423,org_changeCycle=0,cur_changeCycle=0,to_view=424
info|2019-12-13 08:41:53.039408|[g:1][CONSENSUS][SEALER]++++++++++++++++ Generating seal on,blkNum=69,tx=0,nodeIdx=0,hash=a615f199...
info|2019-12-13 08:41:53.041760|[g:1][CONSENSUS][PBFT]checkTimeout Succ,view=424,toView=425,nodeIdx=0,changeCycle=0,myNode=19b3f6e2...,timecost=0.354
info|2019-12-13 08:41:53.042322|[g:1][CONSENSUS][PBFT]checkAndChangeView: Reach consensus,org_view=424,org_changeCycle=0,cur_changeCycle=0,to_view=425
info|2019-12-13 08:41:54.014882|[P2P][Service] heartBeat,connected count=3
info|2019-12-13 08:41:54.042491|[g:1][CONSENSUS]addRawPrepare,height=69,reqIdx=1,hash=a007c688...
info|2019-12-13 08:41:54.043142|[g:1][CONSENSUS][PBFT]checkTimeout Succ,view=425,toView=426,nodeIdx=0,changeCycle=0,myNode=19b3f6e2...,timecost=0.53
info|2019-12-13 08:41:54.044217|[g:1][CONSENSUS][PBFT]checkAndChangeView: Reach consensus,org_view=425,org_changeCycle=0,cur_changeCycle=0,to_view=426
info|2019-12-13 08:41:55.045720|[g:1][CONSENSUS]addRawPrepare,height=69,reqIdx=2,hash=cd860c09...
info|2019-12-13 08:41:55.046481|[g:1][CONSENSUS][PBFT]checkTimeout Succ,view=426,toView=427,nodeIdx=0,changeCycle=0,myNode=19b3f6e2...,timecost=0.484
info|2019-12-13 08:41:55.047680|[g:1][CONSENSUS][PBFT]checkAndChangeView: Reach consensus,org_view=426,org_changeCycle=0,cur_changeCycle=0,to_view=427
info|2019-12-13 08:41:56.049132|[g:1][CONSENSUS]addRawPrepare,height=69,reqIdx=3,hash=2b4e8ca3...
info|2019-12-13 08:41:56.049702|[g:1][CONSENSUS][PBFT]checkTimeout Succ,view=427,toView=428,nodeIdx=0,changeCycle=0,myNode=19b3f6e2...,timecost=0.44
info|2019-12-13 08:41:56.051099|[g:1][CONSENSUS][PBFT]checkAndChangeView: Reach consensus,org_view=427,org_changeCycle=0,cur_changeCycle=0,to_view=428
info|2019-12-13 08:41:57.052431|[g:1][CONSENSUS][SEALER]++++++++++++++++ Generating seal on,blkNum=69,tx=0,nodeIdx=0,hash=df03f713...
info|2019-12-13 08:41:57.053104|[g:1][CONSENSUS][PBFT]checkTimeout Succ,view=428,toView=429,nodeIdx=0,changeCycle=0,myNode=19b3f6e2...,timecost=0.306
info|2019-12-13 08:41:57.055597|[g:1][CONSENSUS][PBFT]checkAndChangeView: Reach consensus,org_view=428,org_changeCycle=0,cur_changeCycle=0,to_view=429
info|2019-12-13 08:41:58.057912|[g:1][CONSENSUS]addRawPrepare,height=69,reqIdx=1,hash=6baba7b0...
info|2019-12-13 08:41:58.058533|[g:1][CONSENSUS][PBFT]checkTimeout Succ,view=429,toView=430,nodeIdx=0,changeCycle=0,myNode=19b3f6e2...,timecost=0.486
info|2019-12-13 08:41:58.060206|[g:1][CONSENSUS][PBFT]checkAndChangeView: Reach consensus,org_view=429,org_changeCycle=0,cur_changeCycle=0,to_view=430
info|2019-12-13 08:41:59.062305|[g:1][CONSENSUS]addRawPrepare,height=69,reqIdx=2,hash=e1b8ef31...
info|2019-12-13 08:41:59.063551|[g:1][CONSENSUS][PBFT]checkTimeout Succ,view=430,toView=431,nodeIdx=0,changeCycle=0,myNode=19b3f6e2...,timecost=1.102
info|2019-12-13 08:41:59.065204|[g:1][CONSENSUS][PBFT]checkAndChangeView: Reach consensus,org_view=430,org_changeCycle=0,cur_changeCycle=0,to_view=431
info|2019-12-13 08:42:00.066202|[g:1][CONSENSUS]addRawPrepare,height=69,reqIdx=3,hash=4d7b4b43...
info|2019-12-13 08:42:00.066776|[g:1][CONSENSUS][PBFT]checkTimeout Succ,view=431,toView=432,nodeIdx=0,changeCycle=0,myNode=19b3f6e2...,timecost=0.422
info|2019-12-13 08:42:00.068248|[g:1][CONSENSUS][PBFT]checkAndChangeView: Reach consensus,org_view=431,org_changeCycle=0,cur_changeCycle=0,to_view=432
info|2019-12-13 08:42:01.069458|[g:1][CONSENSUS][SEALER]++++++++++++++++ Generating seal on,blkNum=69,tx=0,nodeIdx=0,hash=159341a4...
info|2019-12-13 08:42:01.070155|[g:1][CONSENSUS][PBFT]checkTimeout Succ,view=432,toView=433,nodeIdx=0,changeCycle=0,myNode=19b3f6e2...,timecost=0.363
info|2019-12-13 08:42:01.072216|[g:1][CONSENSUS][PBFT]checkAndChangeView: Reach consensus,org_view=432,org_changeCycle=0,cur_changeCycle=0,to_view=433
info|2019-12-13 08:42:02.075438|[g:1][CONSENSUS]addRawPrepare,height=69,reqIdx=1,hash=33acf7dd...
info|2019-12-13 08:42:02.078052|[g:1][CONSENSUS][PBFT]checkTimeout Succ,view=433,toView=434,nodeIdx=0,changeCycle=0,myNode=19b3f6e2...,timecost=0.466
info|2019-12-13 08:42:02.079304|[g:1][CONSENSUS][PBFT]checkAndChangeView: Reach consensus,org_view=433,org_changeCycle=0,cur_changeCycle=0,to_view=434
info|2019-12-13 08:42:03.080677|[g:1][CONSENSUS]addRawPrepare,height=69,reqIdx=2,hash=3a616335...
info|2019-12-13 08:42:03.081471|[g:1][CONSENSUS][PBFT]checkTimeout Succ,view=434,toView=435,nodeIdx=0,changeCycle=0,myNode=19b3f6e2...,timecost=0.625
info|2019-12-13 08:42:03.083376|[g:1][CONSENSUS][PBFT]checkAndChangeView: Reach consensus,org_view=434,org_changeCycle=0,cur_changeCycle=0,to_view=435
info|2019-12-13 08:42:04.022822|[P2P][Service] heartBeat,connected count=3
info|2019-12-13 08:42:04.085212|[g:1][CONSENSUS]addRawPrepare,height=69,reqIdx=3,hash=760d7280...
info|2019-12-13 08:42:04.085993|[g:1][CONSENSUS][PBFT]checkTimeout Succ,view=435,toView=436,nodeIdx=0,changeCycle=0,myNode=19b3f6e2...,timecost=0.621
info|2019-12-13 08:42:04.087824|[g:1][CONSENSUS][PBFT]checkAndChangeView: Reach consensus,org_view=435,org_changeCycle=0,cur_changeCycle=0,to_view=436
info|2019-12-13 08:42:05.088587|[g:1][CONSENSUS][SEALER]++++++++++++++++ Generating seal on,blkNum=69,tx=0,nodeIdx=0,hash=22865050...
info|2019-12-13 08:42:05.089669|[g:1][CONSENSUS][PBFT]checkTimeout Succ,view=436,toView=437,nodeIdx=0,changeCycle=0,myNode=19b3f6e2...,timecost=0.596
info|2019-12-13 08:42:05.092454|[g:1][CONSENSUS][PBFT]checkAndChangeView: Reach consensus,org_view=436,org_changeCycle=0,cur_changeCycle=0,to_view=437
info|2019-12-13 08:42:06.094034|[g:1][CONSENSUS]addRawPrepare,height=69,reqIdx=1,hash=7261ca1c...
info|2019-12-13 08:42:06.094683|[g:1][CONSENSUS][PBFT]checkTimeout Succ,view=437,toView=438,nodeIdx=0,changeCycle=0,myNode=19b3f6e2...,timecost=0.469
info|2019-12-13 08:42:06.096824|[g:1][CONSENSUS][PBFT]checkAndChangeView: Reach consensus,org_view=437,org_changeCycle=0,cur_changeCycle=0,to_view=438
info|2019-12-13 08:42:07.098187|[g:1][CONSENSUS]addRawPrepare,height=69,reqIdx=2,hash=32a8ba79...
info|2019-12-13 08:42:07.101442|[g:1][CONSENSUS][PBFT]checkTimeout Succ,view=438,toView=439,nodeIdx=0,changeCycle=0,myNode=19b3f6e2...,timecost=3.085
info|2019-12-13 08:42:07.102423|[g:1][CONSENSUS][PBFT]checkAndChangeView: Reach consensus,org_view=438,org_changeCycle=0,cur_changeCycle=0,to_view=439
info|2019-12-13 08:42:08.103095|[g:1][CONSENSUS]addRawPrepare,height=69,reqIdx=3,hash=753140cb...
info|2019-12-13 08:42:08.103815|[g:1][CONSENSUS][PBFT]checkTimeout Succ,view=439,toView=440,nodeIdx=0,changeCycle=0,myNode=19b3f6e2...,timecost=0.536
info|2019-12-13 08:42:08.105195|[g:1][CONSENSUS][PBFT]checkAndChangeView: Reach consensus,org_view=439,org_changeCycle=0,cur_changeCycle=0,to_view=440
info|2019-12-13 08:42:09.105312|[g:1][CONSENSUS][SEALER]++++++++++++++++ Generating seal on,blkNum=69,tx=0,nodeIdx=0,hash=606ca5e7...
info|2019-12-13 08:42:09.106402|[g:1][CONSENSUS][PBFT]checkTimeout Succ,view=440,toView=441,nodeIdx=0,changeCycle=0,myNode=19b3f6e2...,timecost=0.627
info|2019-12-13 08:42:09.109330|[g:1][CONSENSUS][PBFT]checkAndChangeView: Reach consensus,org_view=440,org_changeCycle=0,cur_changeCycle=0,to_view=441
info|2019-12-13 08:42:10.110290|[g:1][CONSENSUS]addRawPrepare,height=69,reqIdx=1,hash=6cae9564...
info|2019-12-13 08:42:10.110945|[g:1][CONSENSUS][PBFT]checkTimeout Succ,view=441,toView=442,nodeIdx=0,changeCycle=0,myNode=19b3f6e2...,timecost=0.501
info|2019-12-13 08:42:10.111991|[g:1][CONSENSUS][PBFT]checkAndChangeView: Reach consensus,org_view=441,org_changeCycle=0,cur_changeCycle=0,to_view=442
info|2019-12-13 08:42:11.113261|[g:1][CONSENSUS]addRawPrepare,height=69,reqIdx=2,hash=417ac4c9...
info|2019-12-13 08:42:11.113954|[g:1][CONSENSUS][PBFT]checkTimeout Succ,view=442,toView=443,nodeIdx=0,changeCycle=0,myNode=19b3f6e2...,timecost=0.552
info|2019-12-13 08:42:11.115787|[g:1][CONSENSUS][PBFT]checkAndChangeView: Reach consensus,org_view=442,org_changeCycle=0,cur_changeCycle=0,to_view=443
info|2019-12-13 08:42:12.117967|[g:1][CONSENSUS]addRawPrepare,height=69,reqIdx=3,hash=42a50338...
info|2019-12-13 08:42:12.118656|[g:1][CONSENSUS][PBFT]checkTimeout Succ,view=443,toView=444,nodeIdx=0,changeCycle=0,myNode=19b3f6e2...,timecost=0.538
info|2019-12-13 08:42:12.120378|[g:1][CONSENSUS][PBFT]checkAndChangeView: Reach consensus,org_view=443,org_changeCycle=0,cur_changeCycle=0,to_view=444
info|2019-12-13 08:42:13.120454|[g:1][CONSENSUS][SEALER]++++++++++++++++ Generating seal on,blkNum=69,tx=0,nodeIdx=0,hash=216196e7...
info|2019-12-13 08:42:13.121260|[g:1][CONSENSUS][PBFT]checkTimeout Succ,view=444,toView=445,nodeIdx=0,changeCycle=0,myNode=19b3f6e2...,timecost=0.38
info|2019-12-13 08:42:13.123752|[g:1][CONSENSUS][PBFT]checkAndChangeView: Reach consensus,org_view=444,org_changeCycle=0,cur_changeCycle=0,to_view=445
info|2019-12-13 08:42:14.027185|[P2P][Service] heartBeat,connected count=3
info|2019-12-13 08:42:14.125042|[g:1][CONSENSUS]addRawPrepare,height=69,reqIdx=1,hash=28d7092e...
info|2019-12-13 08:42:14.125808|[g:1][CONSENSUS][PBFT]checkTimeout Succ,view=445,toView=446,nodeIdx=0,changeCycle=0,myNode=19b3f6e2...,timecost=0.596
info|2019-12-13 08:42:14.127922|[g:1][CONSENSUS][PBFT]checkAndChangeView: Reach consensus,org_view=445,org_changeCycle=0,cur_changeCycle=0,to_view=446
info|2019-12-13 08:42:15.129857|[g:1][CONSENSUS]addRawPrepare,height=69,reqIdx=2,hash=40256fe1...
info|2019-12-13 08:42:15.130638|[g:1][CONSENSUS][PBFT]checkTimeout Succ,view=446,toView=447,nodeIdx=0,changeCycle=0,myNode=19b3f6e2...,timecost=0.617
info|2019-12-13 08:42:15.132568|[g:1][CONSENSUS][PBFT]checkAndChangeView: Reach consensus,org_view=446,org_changeCycle=0,cur_changeCycle=0,to_view=447
info|2019-12-13 08:42:16.134626|[g:1][CONSENSUS]addRawPrepare,height=69,reqIdx=3,hash=c483b7f7...
info|2019-12-13 08:42:16.135289|[g:1][CONSENSUS][PBFT]checkTimeout Succ,view=447,toView=448,nodeIdx=0,changeCycle=0,myNode=19b3f6e2...,timecost=0.521
info|2019-12-13 08:42:16.137084|[g:1][CONSENSUS][PBFT]checkAndChangeView: Reach consensus,org_view=447,org_changeCycle=0,cur_changeCycle=0,to_view=448
info|2019-12-13 08:42:17.138096|[g:1][CONSENSUS][SEALER]++++++++++++++++ Generating seal on,blkNum=69,tx=0,nodeIdx=0,hash=a24b576b...
info|2019-12-13 08:42:17.138846|[g:1][CONSENSUS][PBFT]checkTimeout Succ,view=448,toView=449,nodeIdx=0,changeCycle=0,myNode=19b3f6e2...,timecost=0.425
info|2019-12-13 08:42:17.140651|[g:1][CONSENSUS][PBFT]checkAndChangeView: Reach consensus,org_view=448,org_changeCycle=0,cur_changeCycle=0,to_view=449
info|2019-12-13 08:42:18.140988|[g:1][CONSENSUS]addRawPrepare,height=69,reqIdx=1,hash=d7b6abb9...
info|2019-12-13 08:42:18.141498|[g:1][CONSENSUS][PBFT]checkTimeout Succ,view=449,toView=450,nodeIdx=0,changeCycle=0,myNode=19b3f6e2...,timecost=0.413
info|2019-12-13 08:42:18.142609|[g:1][CONSENSUS][PBFT]checkAndChangeView: Reach consensus,org_view=449,org_changeCycle=0,cur_changeCycle=0,to_view=450
info|2019-12-13 08:42:19.143116|[g:1][CONSENSUS]addRawPrepare,height=69,reqIdx=2,hash=a84fb7cd...
info|2019-12-13 08:42:19.143683|[g:1][CONSENSUS][PBFT]checkTimeout Succ,view=450,toView=451,nodeIdx=0,changeCycle=0,myNode=19b3f6e2...,timecost=0.478
info|2019-12-13 08:42:19.145068|[g:1][CONSENSUS][PBFT]checkAndChangeView: Reach consensus,org_view=450,org_changeCycle=0,cur_changeCycle=0,to_view=451
info|2019-12-13 08:42:20.146852|[g:1][CONSENSUS]addRawPrepare,height=69,reqIdx=3,hash=66bf407b...
info|2019-12-13 08:42:20.147342|[g:1][CONSENSUS][PBFT]checkTimeout Succ,view=451,toView=452,nodeIdx=0,changeCycle=0,myNode=19b3f6e2...,timecost=0.372
info|2019-12-13 08:42:20.148711|[g:1][CONSENSUS][PBFT]checkAndChangeView: Reach consensus,org_view=451,org_changeCycle=0,cur_changeCycle=0,to_view=452
info|2019-12-13 08:42:21.148542|[g:1][CONSENSUS][SEALER]++++++++++++++++ Generating seal on,blkNum=69,tx=0,nodeIdx=0,hash=03090d06...
info|2019-12-13 08:42:21.149189|[g:1][CONSENSUS][PBFT]checkTimeout Succ,view=452,toView=453,nodeIdx=0,changeCycle=0,myNode=19b3f6e2...,timecost=0.332
info|2019-12-13 08:42:21.151472|[g:1][CONSENSUS][PBFT]checkAndChangeView: Reach consensus,org_view=452,org_changeCycle=0,cur_changeCycle=0,to_view=453
info|2019-12-13 08:42:22.153202|[g:1][CONSENSUS]addRawPrepare,height=69,reqIdx=1,hash=c20bd01b...
info|2019-12-13 08:42:22.153759|[g:1][CONSENSUS][PBFT]checkTimeout Succ,view=453,toView=454,nodeIdx=0,changeCycle=0,myNode=19b3f6e2...,timecost=0.409
info|2019-12-13 08:42:22.154827|[g:1][CONSENSUS][PBFT]checkAndChangeView: Reach consensus,org_view=453,org_changeCycle=0,cur_changeCycle=0,to_view=454
info|2019-12-13 08:42:23.156053|[g:1][CONSENSUS]addRawPrepare,height=69,reqIdx=2,hash=185e4dc1...
info|2019-12-13 08:42:23.156608|[g:1][CONSENSUS][PBFT]checkTimeout Succ,view=454,toView=455,nodeIdx=0,changeCycle=0,myNode=19b3f6e2...,timecost=0.389
info|2019-12-13 08:42:23.157781|[g:1][CONSENSUS][PBFT]checkAndChangeView: Reach consensus,org_view=454,org_changeCycle=0,cur_changeCycle=0,to_view=455
info|2019-12-13 08:42:24.036431|[P2P][Service] heartBeat,connected count=3
info|2019-12-13 08:42:24.158872|[g:1][CONSENSUS]addRawPrepare,height=69,reqIdx=3,hash=5c0900bf...
info|2019-12-13 08:42:24.159719|[g:1][CONSENSUS][PBFT]checkTimeout Succ,view=455,toView=456,nodeIdx=0,changeCycle=0,myNode=19b3f6e2...,timecost=0.731
info|2019-12-13 08:42:24.160910|[g:1][CONSENSUS][PBFT]checkAndChangeView: Reach consensus,org_view=455,org_changeCycle=0,cur_changeCycle=0,to_view=456
info|2019-12-13 08:42:25.160700|[g:1][CONSENSUS][SEALER]++++++++++++++++ Generating seal on,blkNum=69,tx=0,nodeIdx=0,hash=d2a71204...
info|2019-12-13 08:42:25.161352|[g:1][CONSENSUS][PBFT]checkTimeout Succ,view=456,toView=457,nodeIdx=0,changeCycle=0,myNode=19b3f6e2...,timecost=0.373
info|2019-12-13 08:42:25.163461|[g:1][CONSENSUS][PBFT]checkAndChangeView: Reach consensus,org_view=456,org_changeCycle=0,cur_changeCycle=0,to_view=457
info|2019-12-13 08:42:26.165002|[g:1][CONSENSUS]addRawPrepare,height=69,reqIdx=1,hash=cc90da8f...
info|2019-12-13 08:42:26.165540|[g:1][CONSENSUS][PBFT]checkTimeout Succ,view=457,toView=458,nodeIdx=0,changeCycle=0,myNode=19b3f6e2...,timecost=0.382
info|2019-12-13 08:42:26.166983|[g:1][CONSENSUS][PBFT]checkAndChangeView: Reach consensus,org_view=457,org_changeCycle=0,cur_changeCycle=0,to_view=458
info|2019-12-13 08:42:27.168485|[g:1][CONSENSUS]addRawPrepare,height=69,reqIdx=2,hash=ab591a4d...
info|2019-12-13 08:42:27.169094|[g:1][CONSENSUS][PBFT]checkTimeout Succ,view=458,toView=459,nodeIdx=0,changeCycle=0,myNode=19b3f6e2...,timecost=0.477
info|2019-12-13 08:42:27.170766|[g:1][CONSENSUS][PBFT]checkAndChangeView: Reach consensus,org_view=458,org_changeCycle=0,cur_changeCycle=0,to_view=459
info|2019-12-13 08:42:28.172216|[g:1][CONSENSUS]addRawPrepare,height=69,reqIdx=3,hash=d9138935...
info|2019-12-13 08:42:28.172906|[g:1][CONSENSUS][PBFT]checkTimeout Succ,view=459,toView=460,nodeIdx=0,changeCycle=0,myNode=19b3f6e2...,timecost=0.493
info|2019-12-13 08:42:28.174672|[g:1][CONSENSUS][PBFT]checkAndChangeView: Reach consensus,org_view=459,org_changeCycle=0,cur_changeCycle=0,to_view=460
info|2019-12-13 08:42:29.175115|[g:1][CONSENSUS][SEALER]++++++++++++++++ Generating seal on,blkNum=69,tx=0,nodeIdx=0,hash=7dec06df...
info|2019-12-13 08:42:29.176080|[g:1][CONSENSUS][PBFT]checkTimeout Succ,view=460,toView=461,nodeIdx=0,changeCycle=0,myNode=19b3f6e2...,timecost=0.489
info|2019-12-13 08:42:29.179314|[g:1][CONSENSUS][PBFT]checkAndChangeView: Reach consensus,org_view=460,org_changeCycle=0,cur_changeCycle=0,to_view=461
info|2019-12-13 08:42:30.180904|[g:1][CONSENSUS]addRawPrepare,height=69,reqIdx=1,hash=437e7195...
info|2019-12-13 08:42:30.181693|[g:1][CONSENSUS][PBFT]checkTimeout Succ,view=461,toView=462,nodeIdx=0,changeCycle=0,myNode=19b3f6e2...,timecost=0.609
info|2019-12-13 08:42:30.183618|[g:1][CONSENSUS][PBFT]checkAndChangeView: Reach consensus,org_view=461,org_changeCycle=0,cur_changeCycle=0,to_view=462
info|2019-12-13 08:42:31.185241|[g:1][CONSENSUS]addRawPrepare,height=69,reqIdx=2,hash=633d50e6...
info|2019-12-13 08:42:31.186088|[g:1][CONSENSUS][PBFT]checkTimeout Succ,view=462,toView=463,nodeIdx=0,changeCycle=0,myNode=19b3f6e2...,timecost=0.609
info|2019-12-13 08:42:31.188023|[g:1][CONSENSUS][PBFT]checkAndChangeView: Reach consensus,org_view=462,org_changeCycle=0,cur_changeCycle=0,to_view=463
info|2019-12-13 08:42:32.189905|[g:1][CONSENSUS]addRawPrepare,height=69,reqIdx=3,hash=5dc42b6f...
info|2019-12-13 08:42:32.190685|[g:1][CONSENSUS][PBFT]checkTimeout Succ,view=463,toView=464,nodeIdx=0,changeCycle=0,myNode=19b3f6e2...,timecost=0.63
info|2019-12-13 08:42:32.193091|[g:1][CONSENSUS][PBFT]checkAndChangeView: Reach consensus,org_view=463,org_changeCycle=0,cur_changeCycle=0,to_view=464
info|2019-12-13 08:42:33.193862|[g:1][CONSENSUS][SEALER]++++++++++++++++ Generating seal on,blkNum=69,tx=0,nodeIdx=0,hash=9744194c...
info|2019-12-13 08:42:33.195021|[g:1][CONSENSUS][PBFT]checkTimeout Succ,view=464,toView=465,nodeIdx=0,changeCycle=0,myNode=19b3f6e2...,timecost=0.637
info|2019-12-13 08:42:33.198823|[g:1][CONSENSUS][PBFT]checkAndChangeView: Reach consensus,org_view=464,org_changeCycle=0,cur_changeCycle=0,to_view=465
info|2019-12-13 08:42:34.041508|[P2P][Service] heartBeat,connected count=3
info|2019-12-13 08:42:34.201889|[g:1][CONSENSUS]addRawPrepare,height=69,reqIdx=1,hash=6026575c...
info|2019-12-13 08:42:34.203006|[g:1][CONSENSUS][PBFT]checkTimeout Succ,view=465,toView=466,nodeIdx=0,changeCycle=0,myNode=19b3f6e2...,timecost=0.956
info|2019-12-13 08:42:34.205693|[g:1][CONSENSUS][PBFT]checkAndChangeView: Reach consensus,org_view=465,org_changeCycle=0,cur_changeCycle=0,to_view=466
info|2019-12-13 08:42:35.208050|[g:1][CONSENSUS]addRawPrepare,height=69,reqIdx=2,hash=4d08376e...
info|2019-12-13 08:42:35.209011|[g:1][CONSENSUS][PBFT]checkTimeout Succ,view=466,toView=467,nodeIdx=0,changeCycle=0,myNode=19b3f6e2...,timecost=0.731
info|2019-12-13 08:42:35.211734|[g:1][CONSENSUS][PBFT]checkAndChangeView: Reach consensus,org_view=466,org_changeCycle=0,cur_changeCycle=0,to_view=467
info|2019-12-13 08:42:36.213839|[g:1][CONSENSUS]addRawPrepare,height=69,reqIdx=3,hash=eb4e1547...
info|2019-12-13 08:42:36.214770|[g:1][CONSENSUS][PBFT]checkTimeout Succ,view=467,toView=468,nodeIdx=0,changeCycle=0,myNode=19b3f6e2...,timecost=0.708
info|2019-12-13 08:42:36.217672|[g:1][CONSENSUS][PBFT]checkAndChangeView: Reach consensus,org_view=467,org_changeCycle=0,cur_changeCycle=0,to_view=468
info|2019-12-13 08:42:37.218138|[g:1][CONSENSUS][SEALER]++++++++++++++++ Generating seal on,blkNum=69,tx=0,nodeIdx=0,hash=fc60272d...
info|2019-12-13 08:42:37.219192|[g:1][CONSENSUS][PBFT]checkTimeout Succ,view=468,toView=469,nodeIdx=0,changeCycle=0,myNode=19b3f6e2...,timecost=0.515
info|2019-12-13 08:42:37.222860|[g:1][CONSENSUS][PBFT]checkAndChangeView: Reach consensus,org_view=468,org_changeCycle=0,cur_changeCycle=0,to_view=469
info|2019-12-13 08:42:38.225734|[g:1][CONSENSUS]addRawPrepare,height=69,reqIdx=1,hash=f84f5272...
info|2019-12-13 08:42:38.226589|[g:1][CONSENSUS][PBFT]checkTimeout Succ,view=469,toView=470,nodeIdx=0,changeCycle=0,myNode=19b3f6e2...,timecost=0.641
info|2019-12-13 08:42:38.228782|[g:1][CONSENSUS][PBFT]checkAndChangeView: Reach consensus,org_view=469,org_changeCycle=0,cur_changeCycle=0,to_view=470
info|2019-12-13 08:42:39.231699|[g:1][CONSENSUS]addRawPrepare,height=69,reqIdx=2,hash=e6938c19...
info|2019-12-13 08:42:39.233397|[g:1][CONSENSUS][PBFT]checkTimeout Succ,view=470,toView=471,nodeIdx=0,changeCycle=0,myNode=19b3f6e2...,timecost=1.502
info|2019-12-13 08:42:39.235576|[g:1][CONSENSUS][PBFT]checkAndChangeView: Reach consensus,org_view=470,org_changeCycle=0,cur_changeCycle=0,to_view=471
info|2019-12-13 08:42:40.238058|[g:1][CONSENSUS]addRawPrepare,height=69,reqIdx=3,hash=f6f1fca4...
info|2019-12-13 08:42:40.238972|[g:1][CONSENSUS][PBFT]checkTimeout Succ,view=471,toView=472,nodeIdx=0,changeCycle=0,myNode=19b3f6e2...,timecost=0.684
info|2019-12-13 08:42:40.241683|[g:1][CONSENSUS][PBFT]checkAndChangeView: Reach consensus,org_view=471,org_changeCycle=0,cur_changeCycle=0,to_view=472
info|2019-12-13 08:42:41.242011|[g:1][CONSENSUS][SEALER]++++++++++++++++ Generating seal on,blkNum=69,tx=0,nodeIdx=0,hash=8b18a533...
info|2019-12-13 08:42:41.245453|[g:1][CONSENSUS][PBFT]checkTimeout Succ,view=472,toView=473,nodeIdx=0,changeCycle=0,myNode=19b3f6e2...,timecost=0.743
info|2019-12-13 08:42:41.247461|[g:1][CONSENSUS][PBFT]checkAndChangeView: Reach consensus,org_view=472,org_changeCycle=0,cur_changeCycle=0,to_view=473
info|2019-12-13 08:42:42.248414|[g:1][CONSENSUS]addRawPrepare,height=69,reqIdx=1,hash=0441a98e...
info|2019-12-13 08:42:42.249141|[g:1][CONSENSUS][PBFT]checkTimeout Succ,view=473,toView=474,nodeIdx=0,changeCycle=0,myNode=19b3f6e2...,timecost=0.559
info|2019-12-13 08:42:42.251472|[g:1][CONSENSUS][PBFT]checkAndChangeView: Reach consensus,org_view=473,org_changeCycle=0,cur_changeCycle=0,to_view=474
info|2019-12-13 08:42:43.253175|[g:1][CONSENSUS]addRawPrepare,height=69,reqIdx=2,hash=63c2cc40...
info|2019-12-13 08:42:43.253898|[g:1][CONSENSUS][PBFT]checkTimeout Succ,view=474,toView=475,nodeIdx=0,changeCycle=0,myNode=19b3f6e2...,timecost=0.58
info|2019-12-13 08:42:43.256022|[g:1][CONSENSUS][PBFT]checkAndChangeView: Reach consensus,org_view=474,org_changeCycle=0,cur_changeCycle=0,to_view=475
info|2019-12-13 08:42:44.049624|[P2P][Service] heartBeat,connected count=3
info|2019-12-13 08:42:44.257490|[g:1][CONSENSUS]addRawPrepare,height=69,reqIdx=3,hash=7d16fcc4...
info|2019-12-13 08:42:44.258874|[g:1][CONSENSUS][PBFT]checkTimeout Succ,view=475,toView=476,nodeIdx=0,changeCycle=0,myNode=19b3f6e2...,timecost=1.233
info|2019-12-13 08:42:44.260523|[g:1][CONSENSUS][PBFT]checkAndChangeView: Reach consensus,org_view=475,org_changeCycle=0,cur_changeCycle=0,to_view=476
