warning|2019-11-14 09:37:19.004805|[g:1][CONSENSUS][PBFT]ViewChangeWarning: not caused by omit empty block ,v=98664,toV=98665,curNum=0,hash=f72cae63...,nodeIdx=0,myNode=19b3f6e2...
info|2019-11-14 09:37:19.008443|[g:1][CONSENSUS][PBFT]checkTimeout Succ,view=98664,toView=98665,nodeIdx=0,changeCycle=1,myNode=19b3f6e2...,timecost=6.189
info|2019-11-14 09:37:19.008997|[P2P][Service] heartBeat,connected count=3
info|2019-11-14 09:37:19.013118|[g:1][CONSENSUS][PBFT]checkAndChangeView: Reach consensus,org_view=98664,org_changeCycle=1,cur_changeCycle=1,to_view=98665
info|2019-11-14 09:37:20.012332|[g:1][CONSENSUS]addRawPrepare,height=1,reqIdx=1,hash=eb45de6c...
info|2019-11-14 09:37:20.012915|[g:1][CONSENSUS][PBFT]checkTimeout Succ,view=98665,toView=98666,nodeIdx=0,changeCycle=0,myNode=19b3f6e2...,timecost=0.468
info|2019-11-14 09:37:20.014177|[g:1][CONSENSUS][PBFT]checkAndChangeView: Reach consensus,org_view=98665,org_changeCycle=0,cur_changeCycle=0,to_view=98666
info|2019-11-14 09:37:21.016410|[g:1][CONSENSUS]addRawPrepare,height=1,reqIdx=2,hash=8ebdd676...
info|2019-11-14 09:37:21.017134|[g:1][CONSENSUS][PBFT]checkTimeout Succ,view=98666,toView=98667,nodeIdx=0,changeCycle=0,myNode=19b3f6e2...,timecost=0.571
info|2019-11-14 09:37:21.018600|[g:1][CONSENSUS][PBFT]checkAndChangeView: Reach consensus,org_view=98666,org_changeCycle=0,cur_changeCycle=0,to_view=98667
info|2019-11-14 09:37:22.019913|[g:1][CONSENSUS]addRawPrepare,height=1,reqIdx=3,hash=50f27387...
info|2019-11-14 09:37:22.020441|[g:1][CONSENSUS][PBFT]checkTimeout Succ,view=98667,toView=98668,nodeIdx=0,changeCycle=0,myNode=19b3f6e2...,timecost=0.361
info|2019-11-14 09:37:22.021988|[g:1][CONSENSUS][PBFT]checkAndChangeView: Reach consensus,org_view=98667,org_changeCycle=0,cur_changeCycle=0,to_view=98668
info|2019-11-14 09:37:23.022272|[g:1][CONSENSUS][SEALER]++++++++++++++++ Generating seal on,blkNum=1,tx=0,nodeIdx=0,hash=d01c0342...
info|2019-11-14 09:37:23.025400|[g:1][CONSENSUS][PBFT]checkTimeout Succ,view=98668,toView=98669,nodeIdx=0,changeCycle=0,myNode=19b3f6e2...,timecost=0.527
info|2019-11-14 09:37:23.026153|[g:1][CONSENSUS][PBFT]checkAndChangeView: Reach consensus,org_view=98668,org_changeCycle=0,cur_changeCycle=0,to_view=98669
info|2019-11-14 09:37:24.027689|[g:1][CONSENSUS]addRawPrepare,height=1,reqIdx=1,hash=281d38e6...
info|2019-11-14 09:37:24.028699|[g:1][CONSENSUS][PBFT]checkTimeout Succ,view=98669,toView=98670,nodeIdx=0,changeCycle=0,myNode=19b3f6e2...,timecost=0.877
info|2019-11-14 09:37:24.030217|[g:1][CONSENSUS][PBFT]checkAndChangeView: Reach consensus,org_view=98669,org_changeCycle=0,cur_changeCycle=0,to_view=98670
info|2019-11-14 09:37:25.032307|[g:1][CONSENSUS]addRawPrepare,height=1,reqIdx=2,hash=7593d584...
info|2019-11-14 09:37:25.032935|[g:1][CONSENSUS][PBFT]checkTimeout Succ,view=98670,toView=98671,nodeIdx=0,changeCycle=0,myNode=19b3f6e2...,timecost=0.456
info|2019-11-14 09:37:25.034299|[g:1][CONSENSUS][PBFT]checkAndChangeView: Reach consensus,org_view=98670,org_changeCycle=0,cur_changeCycle=0,to_view=98671
info|2019-11-14 09:37:26.036244|[g:1][CONSENSUS]addRawPrepare,height=1,reqIdx=3,hash=52b8c931...
info|2019-11-14 09:37:26.036875|[g:1][CONSENSUS][PBFT]checkTimeout Succ,view=98671,toView=98672,nodeIdx=0,changeCycle=0,myNode=19b3f6e2...,timecost=0.493
info|2019-11-14 09:37:26.038400|[g:1][CONSENSUS][PBFT]checkAndChangeView: Reach consensus,org_view=98671,org_changeCycle=0,cur_changeCycle=0,to_view=98672
info|2019-11-14 09:37:27.039379|[g:1][CONSENSUS][SEALER]++++++++++++++++ Generating seal on,blkNum=1,tx=0,nodeIdx=0,hash=24d555bb...
info|2019-11-14 09:37:27.042541|[g:1][CONSENSUS][PBFT]checkTimeout Succ,view=98672,toView=98673,nodeIdx=0,changeCycle=0,myNode=19b3f6e2...,timecost=0.494
info|2019-11-14 09:37:27.043269|[g:1][CONSENSUS][PBFT]checkAndChangeView: Reach consensus,org_view=98672,org_changeCycle=0,cur_changeCycle=0,to_view=98673
info|2019-11-14 09:37:28.043645|[g:1][CONSENSUS]addRawPrepare,height=1,reqIdx=1,hash=3d18956f...
info|2019-11-14 09:37:28.044285|[g:1][CONSENSUS][PBFT]checkTimeout Succ,view=98673,toView=98674,nodeIdx=0,changeCycle=0,myNode=19b3f6e2...,timecost=0.476
info|2019-11-14 09:37:28.045897|[g:1][CONSENSUS][PBFT]checkAndChangeView: Reach consensus,org_view=98673,org_changeCycle=0,cur_changeCycle=0,to_view=98674
info|2019-11-14 09:37:29.014547|[P2P][Service] heartBeat,connected count=3
info|2019-11-14 09:37:29.048140|[g:1][CONSENSUS]addRawPrepare,height=1,reqIdx=2,hash=e4fdb48c...
info|2019-11-14 09:37:29.048829|[g:1][CONSENSUS][PBFT]checkTimeout Succ,view=98674,toView=98675,nodeIdx=0,changeCycle=0,myNode=19b3f6e2...,timecost=0.599
info|2019-11-14 09:37:29.050180|[g:1][CONSENSUS][PBFT]checkAndChangeView: Reach consensus,org_view=98674,org_changeCycle=0,cur_changeCycle=0,to_view=98675
info|2019-11-14 09:37:30.052104|[g:1][CONSENSUS]addRawPrepare,height=1,reqIdx=3,hash=3295a9b3...
info|2019-11-14 09:37:30.052704|[g:1][CONSENSUS][PBFT]checkTimeout Succ,view=98675,toView=98676,nodeIdx=0,changeCycle=0,myNode=19b3f6e2...,timecost=0.463
info|2019-11-14 09:37:30.054426|[g:1][CONSENSUS][PBFT]checkAndChangeView: Reach consensus,org_view=98675,org_changeCycle=0,cur_changeCycle=0,to_view=98676
info|2019-11-14 09:37:31.054350|[g:1][CONSENSUS][SEALER]++++++++++++++++ Generating seal on,blkNum=1,tx=0,nodeIdx=0,hash=11cfd4bb...
info|2019-11-14 09:37:31.055288|[g:1][CONSENSUS][PBFT]checkTimeout Succ,view=98676,toView=98677,nodeIdx=0,changeCycle=0,myNode=19b3f6e2...,timecost=0.464
info|2019-11-14 09:37:31.057791|[g:1][CONSENSUS][PBFT]checkAndChangeView: Reach consensus,org_view=98676,org_changeCycle=0,cur_changeCycle=0,to_view=98677
info|2019-11-14 09:37:32.058856|[g:1][CONSENSUS]addRawPrepare,height=1,reqIdx=1,hash=e5dc8afb...
info|2019-11-14 09:37:32.059629|[g:1][CONSENSUS][PBFT]checkTimeout Succ,view=98677,toView=98678,nodeIdx=0,changeCycle=0,myNode=19b3f6e2...,timecost=0.613
info|2019-11-14 09:37:32.061166|[g:1][CONSENSUS][PBFT]checkAndChangeView: Reach consensus,org_view=98677,org_changeCycle=0,cur_changeCycle=0,to_view=98678
info|2019-11-14 09:37:33.062684|[g:1][CONSENSUS]addRawPrepare,height=1,reqIdx=2,hash=d99c5772...
info|2019-11-14 09:37:33.063521|[g:1][CONSENSUS][PBFT]checkTimeout Succ,view=98678,toView=98679,nodeIdx=0,changeCycle=0,myNode=19b3f6e2...,timecost=0.599
info|2019-11-14 09:37:33.065214|[g:1][CONSENSUS][PBFT]checkAndChangeView: Reach consensus,org_view=98678,org_changeCycle=0,cur_changeCycle=0,to_view=98679
info|2019-11-14 09:37:34.067173|[g:1][CONSENSUS]addRawPrepare,height=1,reqIdx=3,hash=5df92d7f...
info|2019-11-14 09:37:34.068361|[g:1][CONSENSUS][PBFT]checkTimeout Succ,view=98679,toView=98680,nodeIdx=0,changeCycle=0,myNode=19b3f6e2...,timecost=0.924
info|2019-11-14 09:37:34.069681|[g:1][CONSENSUS][PBFT]checkAndChangeView: Reach consensus,org_view=98679,org_changeCycle=0,cur_changeCycle=0,to_view=98680
info|2019-11-14 09:37:35.069585|[g:1][CONSENSUS][SEALER]++++++++++++++++ Generating seal on,blkNum=1,tx=0,nodeIdx=0,hash=db9a2ebe...
info|2019-11-14 09:37:35.070451|[g:1][CONSENSUS][PBFT]checkTimeout Succ,view=98680,toView=98681,nodeIdx=0,changeCycle=0,myNode=19b3f6e2...,timecost=0.395
info|2019-11-14 09:37:35.073283|[g:1][CONSENSUS][PBFT]checkAndChangeView: Reach consensus,org_view=98680,org_changeCycle=0,cur_changeCycle=0,to_view=98681
info|2019-11-14 09:37:36.075841|[g:1][CONSENSUS]addRawPrepare,height=1,reqIdx=1,hash=101af8ec...
info|2019-11-14 09:37:36.076483|[g:1][CONSENSUS][PBFT]checkTimeout Succ,view=98681,toView=98682,nodeIdx=0,changeCycle=0,myNode=19b3f6e2...,timecost=0.478
info|2019-11-14 09:37:36.077963|[g:1][CONSENSUS][PBFT]checkAndChangeView: Reach consensus,org_view=98681,org_changeCycle=0,cur_changeCycle=0,to_view=98682
info|2019-11-14 09:37:37.081033|[g:1][CONSENSUS]addRawPrepare,height=1,reqIdx=2,hash=a4c90628...
info|2019-11-14 09:37:37.081738|[g:1][CONSENSUS][PBFT]checkTimeout Succ,view=98682,toView=98683,nodeIdx=0,changeCycle=0,myNode=19b3f6e2...,timecost=0.556
info|2019-11-14 09:37:37.083119|[g:1][CONSENSUS][PBFT]checkAndChangeView: Reach consensus,org_view=98682,org_changeCycle=0,cur_changeCycle=0,to_view=98683
info|2019-11-14 09:37:38.084610|[g:1][CONSENSUS]addRawPrepare,height=1,reqIdx=3,hash=e203fbd6...
info|2019-11-14 09:37:38.085201|[g:1][CONSENSUS][PBFT]checkTimeout Succ,view=98683,toView=98684,nodeIdx=0,changeCycle=0,myNode=19b3f6e2...,timecost=0.454
info|2019-11-14 09:37:38.086694|[g:1][CONSENSUS][PBFT]checkAndChangeView: Reach consensus,org_view=98683,org_changeCycle=0,cur_changeCycle=0,to_view=98684
info|2019-11-14 09:37:39.015990|[P2P][Service] heartBeat,connected count=3
info|2019-11-14 09:37:39.086693|[g:1][CONSENSUS][SEALER]++++++++++++++++ Generating seal on,blkNum=1,tx=0,nodeIdx=0,hash=0459e6b0...
info|2019-11-14 09:37:39.090253|[g:1][CONSENSUS][PBFT]checkTimeout Succ,view=98684,toView=98685,nodeIdx=0,changeCycle=0,myNode=19b3f6e2...,timecost=0.411
info|2019-11-14 09:37:39.090945|[g:1][CONSENSUS][PBFT]checkAndChangeView: Reach consensus,org_view=98684,org_changeCycle=0,cur_changeCycle=0,to_view=98685
info|2019-11-14 09:37:40.092700|[g:1][CONSENSUS]addRawPrepare,height=1,reqIdx=1,hash=168fd380...
info|2019-11-14 09:37:40.093380|[g:1][CONSENSUS][PBFT]checkTimeout Succ,view=98685,toView=98686,nodeIdx=0,changeCycle=0,myNode=19b3f6e2...,timecost=0.506
info|2019-11-14 09:37:40.094851|[g:1][CONSENSUS][PBFT]checkAndChangeView: Reach consensus,org_view=98685,org_changeCycle=0,cur_changeCycle=0,to_view=98686
info|2019-11-14 09:37:41.097328|[g:1][CONSENSUS]addRawPrepare,height=1,reqIdx=2,hash=974053e4...
info|2019-11-14 09:37:41.098153|[g:1][CONSENSUS][PBFT]checkTimeout Succ,view=98686,toView=98687,nodeIdx=0,changeCycle=0,myNode=19b3f6e2...,timecost=0.675
info|2019-11-14 09:37:41.100202|[g:1][CONSENSUS][PBFT]checkAndChangeView: Reach consensus,org_view=98686,org_changeCycle=0,cur_changeCycle=0,to_view=98687
info|2019-11-14 09:37:42.101081|[g:1][CONSENSUS]addRawPrepare,height=1,reqIdx=3,hash=7788d549...
info|2019-11-14 09:37:42.101728|[g:1][CONSENSUS][PBFT]checkTimeout Succ,view=98687,toView=98688,nodeIdx=0,changeCycle=0,myNode=19b3f6e2...,timecost=0.483
info|2019-11-14 09:37:42.103281|[g:1][CONSENSUS][PBFT]checkAndChangeView: Reach consensus,org_view=98687,org_changeCycle=0,cur_changeCycle=0,to_view=98688
info|2019-11-14 09:37:43.104258|[g:1][CONSENSUS][SEALER]++++++++++++++++ Generating seal on,blkNum=1,tx=0,nodeIdx=0,hash=fec3d179...
info|2019-11-14 09:37:43.105307|[g:1][CONSENSUS][PBFT]checkTimeout Succ,view=98688,toView=98689,nodeIdx=0,changeCycle=0,myNode=19b3f6e2...,timecost=0.569
info|2019-11-14 09:37:43.108097|[g:1][CONSENSUS][PBFT]checkAndChangeView: Reach consensus,org_view=98688,org_changeCycle=0,cur_changeCycle=0,to_view=98689
info|2019-11-14 09:37:44.109265|[g:1][CONSENSUS]addRawPrepare,height=1,reqIdx=1,hash=3d15bcc4...
info|2019-11-14 09:37:44.109918|[g:1][CONSENSUS][PBFT]checkTimeout Succ,view=98689,toView=98690,nodeIdx=0,changeCycle=0,myNode=19b3f6e2...,timecost=0.519
info|2019-11-14 09:37:44.111826|[g:1][CONSENSUS][PBFT]checkAndChangeView: Reach consensus,org_view=98689,org_changeCycle=0,cur_changeCycle=0,to_view=98690
info|2019-11-14 09:37:45.113961|[g:1][CONSENSUS]addRawPrepare,height=1,reqIdx=2,hash=01cb260f...
info|2019-11-14 09:37:45.114614|[g:1][CONSENSUS][PBFT]checkTimeout Succ,view=98690,toView=98691,nodeIdx=0,changeCycle=0,myNode=19b3f6e2...,timecost=0.481
info|2019-11-14 09:37:45.116285|[g:1][CONSENSUS][PBFT]checkAndChangeView: Reach consensus,org_view=98690,org_changeCycle=0,cur_changeCycle=0,to_view=98691
info|2019-11-14 09:37:46.117510|[g:1][CONSENSUS]addRawPrepare,height=1,reqIdx=3,hash=a700a172...
info|2019-11-14 09:37:46.118133|[g:1][CONSENSUS][PBFT]checkTimeout Succ,view=98691,toView=98692,nodeIdx=0,changeCycle=0,myNode=19b3f6e2...,timecost=0.461
info|2019-11-14 09:37:46.119644|[g:1][CONSENSUS][PBFT]checkAndChangeView: Reach consensus,org_view=98691,org_changeCycle=0,cur_changeCycle=0,to_view=98692
info|2019-11-14 09:37:47.119393|[g:1][CONSENSUS][SEALER]++++++++++++++++ Generating seal on,blkNum=1,tx=0,nodeIdx=0,hash=d0bbcf38...
info|2019-11-14 09:37:47.122735|[g:1][CONSENSUS][PBFT]checkTimeout Succ,view=98692,toView=98693,nodeIdx=0,changeCycle=0,myNode=19b3f6e2...,timecost=0.571
info|2019-11-14 09:37:47.123526|[g:1][CONSENSUS][PBFT]checkAndChangeView: Reach consensus,org_view=98692,org_changeCycle=0,cur_changeCycle=0,to_view=98693
info|2019-11-14 09:37:48.125794|[g:1][CONSENSUS]addRawPrepare,height=1,reqIdx=1,hash=ee3749ea...
info|2019-11-14 09:37:48.126455|[g:1][CONSENSUS][PBFT]checkTimeout Succ,view=98693,toView=98694,nodeIdx=0,changeCycle=0,myNode=19b3f6e2...,timecost=0.531
info|2019-11-14 09:37:48.127870|[g:1][CONSENSUS][PBFT]checkAndChangeView: Reach consensus,org_view=98693,org_changeCycle=0,cur_changeCycle=0,to_view=98694
info|2019-11-14 09:37:49.023190|[P2P][Service] heartBeat,connected count=3
info|2019-11-14 09:37:49.129827|[g:1][CONSENSUS]addRawPrepare,height=1,reqIdx=2,hash=e1147130...
info|2019-11-14 09:37:49.130478|[g:1][CONSENSUS][PBFT]checkTimeout Succ,view=98694,toView=98695,nodeIdx=0,changeCycle=0,myNode=19b3f6e2...,timecost=0.523
info|2019-11-14 09:37:49.131853|[g:1][CONSENSUS][PBFT]checkAndChangeView: Reach consensus,org_view=98694,org_changeCycle=0,cur_changeCycle=0,to_view=98695
info|2019-11-14 09:37:50.134380|[g:1][CONSENSUS]addRawPrepare,height=1,reqIdx=3,hash=5403f766...
info|2019-11-14 09:37:50.135282|[g:1][CONSENSUS][PBFT]checkTimeout Succ,view=98695,toView=98696,nodeIdx=0,changeCycle=0,myNode=19b3f6e2...,timecost=0.748
info|2019-11-14 09:37:50.136453|[g:1][CONSENSUS][PBFT]checkAndChangeView: Reach consensus,org_view=98695,org_changeCycle=0,cur_changeCycle=0,to_view=98696
info|2019-11-14 09:37:51.136879|[g:1][CONSENSUS][SEALER]++++++++++++++++ Generating seal on,blkNum=1,tx=0,nodeIdx=0,hash=111f5fef...
info|2019-11-14 09:37:51.137516|[g:1][CONSENSUS][PBFT]checkTimeout Succ,view=98696,toView=98697,nodeIdx=0,changeCycle=0,myNode=19b3f6e2...,timecost=0.32
info|2019-11-14 09:37:51.139411|[g:1][CONSENSUS][PBFT]checkAndChangeView: Reach consensus,org_view=98696,org_changeCycle=0,cur_changeCycle=0,to_view=98697
info|2019-11-14 09:37:52.141767|[g:1][CONSENSUS]addRawPrepare,height=1,reqIdx=1,hash=cb0caa36...
info|2019-11-14 09:37:52.142395|[g:1][CONSENSUS][PBFT]checkTimeout Succ,view=98697,toView=98698,nodeIdx=0,changeCycle=0,myNode=19b3f6e2...,timecost=0.497
info|2019-11-14 09:37:52.144181|[g:1][CONSENSUS][PBFT]checkAndChangeView: Reach consensus,org_view=98697,org_changeCycle=0,cur_changeCycle=0,to_view=98698
info|2019-11-14 09:37:53.146847|[g:1][CONSENSUS]addRawPrepare,height=1,reqIdx=2,hash=503a46f7...
info|2019-11-14 09:37:53.147456|[g:1][CONSENSUS][PBFT]checkTimeout Succ,view=98698,toView=98699,nodeIdx=0,changeCycle=0,myNode=19b3f6e2...,timecost=0.468
info|2019-11-14 09:37:53.149056|[g:1][CONSENSUS][PBFT]checkAndChangeView: Reach consensus,org_view=98698,org_changeCycle=0,cur_changeCycle=0,to_view=98699
info|2019-11-14 09:37:54.150545|[g:1][CONSENSUS]addRawPrepare,height=1,reqIdx=3,hash=a8535225...
info|2019-11-14 09:37:54.151572|[g:1][CONSENSUS][PBFT]checkTimeout Succ,view=98699,toView=98700,nodeIdx=0,changeCycle=0,myNode=19b3f6e2...,timecost=0.967
info|2019-11-14 09:37:54.153449|[g:1][CONSENSUS][PBFT]checkAndChangeView: Reach consensus,org_view=98699,org_changeCycle=0,cur_changeCycle=0,to_view=98700
info|2019-11-14 09:37:55.153745|[g:1][CONSENSUS][SEALER]++++++++++++++++ Generating seal on,blkNum=1,tx=0,nodeIdx=0,hash=3d4ee433...
info|2019-11-14 09:37:55.154754|[g:1][CONSENSUS][PBFT]checkTimeout Succ,view=98700,toView=98701,nodeIdx=0,changeCycle=0,myNode=19b3f6e2...,timecost=0.531
info|2019-11-14 09:37:55.157250|[g:1][CONSENSUS][PBFT]checkAndChangeView: Reach consensus,org_view=98700,org_changeCycle=0,cur_changeCycle=0,to_view=98701
info|2019-11-14 09:37:56.158622|[g:1][CONSENSUS]addRawPrepare,height=1,reqIdx=1,hash=753f4191...
info|2019-11-14 09:37:56.159246|[g:1][CONSENSUS][PBFT]checkTimeout Succ,view=98701,toView=98702,nodeIdx=0,changeCycle=0,myNode=19b3f6e2...,timecost=0.478
info|2019-11-14 09:37:56.161070|[g:1][CONSENSUS][PBFT]checkAndChangeView: Reach consensus,org_view=98701,org_changeCycle=0,cur_changeCycle=0,to_view=98702
info|2019-11-14 09:37:57.163894|[g:1][CONSENSUS]addRawPrepare,height=1,reqIdx=2,hash=6eb0feea...
info|2019-11-14 09:37:57.164519|[g:1][CONSENSUS][PBFT]checkTimeout Succ,view=98702,toView=98703,nodeIdx=0,changeCycle=0,myNode=19b3f6e2...,timecost=0.468
info|2019-11-14 09:37:57.165788|[g:1][CONSENSUS][PBFT]checkAndChangeView: Reach consensus,org_view=98702,org_changeCycle=0,cur_changeCycle=0,to_view=98703
info|2019-11-14 09:37:58.167877|[g:1][CONSENSUS]addRawPrepare,height=1,reqIdx=3,hash=2cb20400...
info|2019-11-14 09:37:58.168486|[g:1][CONSENSUS][PBFT]checkTimeout Succ,view=98703,toView=98704,nodeIdx=0,changeCycle=0,myNode=19b3f6e2...,timecost=0.431
info|2019-11-14 09:37:58.170006|[g:1][CONSENSUS][PBFT]checkAndChangeView: Reach consensus,org_view=98703,org_changeCycle=0,cur_changeCycle=0,to_view=98704
info|2019-11-14 09:37:59.032183|[P2P][Service] heartBeat,connected count=3
info|2019-11-14 09:37:59.170690|[g:1][CONSENSUS][SEALER]++++++++++++++++ Generating seal on,blkNum=1,tx=0,nodeIdx=0,hash=efd4a0f1...
info|2019-11-14 09:37:59.171783|[g:1][CONSENSUS][PBFT]checkTimeout Succ,view=98704,toView=98705,nodeIdx=0,changeCycle=0,myNode=19b3f6e2...,timecost=0.624
info|2019-11-14 09:37:59.174724|[g:1][CONSENSUS][PBFT]checkAndChangeView: Reach consensus,org_view=98704,org_changeCycle=0,cur_changeCycle=0,to_view=98705
