warning|2019-12-11 04:27:27.001784|[g:1][CONSENSUS][PBFT]ViewChangeWarning: not caused by omit empty block ,v=16275,toV=16276,curNum=5,hash=a9fec021...,nodeIdx=0,myNode=19b3f6e2...
info|2019-12-11 04:27:27.001932|[g:1][CONSENSUS][PBFT]checkTimeout Succ,view=16275,toView=16276,nodeIdx=0,changeCycle=1,myNode=19b3f6e2...,timecost=0.574
info|2019-12-11 04:27:27.003090|[P2P][Service] heartBeat,connected count=3
info|2019-12-11 04:27:27.010459|[g:1][CONSENSUS][PBFT]checkAndChangeView: Reach consensus,org_view=16275,org_changeCycle=1,cur_changeCycle=1,to_view=16276
info|2019-12-11 04:27:28.012245|[g:1][CONSENSUS]addRawPrepare,height=6,reqIdx=1,hash=e6760850...
info|2019-12-11 04:27:28.012734|[g:1][CONSENSUS][PBFT]checkTimeout Succ,view=16276,toView=16277,nodeIdx=0,changeCycle=0,myNode=19b3f6e2...,timecost=0.378
info|2019-12-11 04:27:28.013893|[g:1][CONSENSUS][PBFT]checkAndChangeView: Reach consensus,org_view=16276,org_changeCycle=0,cur_changeCycle=0,to_view=16277
info|2019-12-11 04:27:29.015331|[g:1][CONSENSUS]addRawPrepare,height=6,reqIdx=2,hash=3aeea85c...
info|2019-12-11 04:27:29.015866|[g:1][CONSENSUS][PBFT]checkTimeout Succ,view=16277,toView=16278,nodeIdx=0,changeCycle=0,myNode=19b3f6e2...,timecost=0.4
info|2019-12-11 04:27:29.016987|[g:1][CONSENSUS][PBFT]checkAndChangeView: Reach consensus,org_view=16277,org_changeCycle=0,cur_changeCycle=0,to_view=16278
info|2019-12-11 04:27:30.018735|[g:1][CONSENSUS]addRawPrepare,height=6,reqIdx=3,hash=c199de1f...
info|2019-12-11 04:27:30.019249|[g:1][CONSENSUS][PBFT]checkTimeout Succ,view=16278,toView=16279,nodeIdx=0,changeCycle=0,myNode=19b3f6e2...,timecost=0.39
info|2019-12-11 04:27:30.020275|[g:1][CONSENSUS][PBFT]checkAndChangeView: Reach consensus,org_view=16278,org_changeCycle=0,cur_changeCycle=0,to_view=16279
info|2019-12-11 04:27:31.020686|[g:1][CONSENSUS][SEALER]++++++++++++++++ Generating seal on,blkNum=6,tx=0,nodeIdx=0,hash=9e8ddf97...
info|2019-12-11 04:27:31.023267|[g:1][CONSENSUS][PBFT]checkTimeout Succ,view=16279,toView=16280,nodeIdx=0,changeCycle=0,myNode=19b3f6e2...,timecost=0.393
info|2019-12-11 04:27:31.024672|[g:1][CONSENSUS][PBFT]checkAndChangeView: Reach consensus,org_view=16279,org_changeCycle=0,cur_changeCycle=0,to_view=16280
info|2019-12-11 04:27:32.025496|[g:1][CONSENSUS]addRawPrepare,height=6,reqIdx=1,hash=f93733cc...
info|2019-12-11 04:27:32.026344|[g:1][CONSENSUS][PBFT]checkTimeout Succ,view=16280,toView=16281,nodeIdx=0,changeCycle=0,myNode=19b3f6e2...,timecost=0.726
info|2019-12-11 04:27:32.027532|[g:1][CONSENSUS][PBFT]checkAndChangeView: Reach consensus,org_view=16280,org_changeCycle=0,cur_changeCycle=0,to_view=16281
info|2019-12-11 04:27:33.028337|[g:1][CONSENSUS]addRawPrepare,height=6,reqIdx=2,hash=1e57ec06...
info|2019-12-11 04:27:33.028788|[g:1][CONSENSUS][PBFT]checkTimeout Succ,view=16281,toView=16282,nodeIdx=0,changeCycle=0,myNode=19b3f6e2...,timecost=0.329
info|2019-12-11 04:27:33.030190|[g:1][CONSENSUS][PBFT]checkAndChangeView: Reach consensus,org_view=16281,org_changeCycle=0,cur_changeCycle=0,to_view=16282
info|2019-12-11 04:27:34.032187|[g:1][CONSENSUS]addRawPrepare,height=6,reqIdx=3,hash=ceb44ab7...
info|2019-12-11 04:27:34.032764|[g:1][CONSENSUS][PBFT]checkTimeout Succ,view=16282,toView=16283,nodeIdx=0,changeCycle=0,myNode=19b3f6e2...,timecost=0.421
info|2019-12-11 04:27:34.034244|[g:1][CONSENSUS][PBFT]checkAndChangeView: Reach consensus,org_view=16282,org_changeCycle=0,cur_changeCycle=0,to_view=16283
info|2019-12-11 04:27:35.034306|[g:1][CONSENSUS][SEALER]++++++++++++++++ Generating seal on,blkNum=6,tx=0,nodeIdx=0,hash=44bd1976...
info|2019-12-11 04:27:35.035168|[g:1][CONSENSUS][PBFT]checkTimeout Succ,view=16283,toView=16284,nodeIdx=0,changeCycle=0,myNode=19b3f6e2...,timecost=0.456
info|2019-12-11 04:27:35.037700|[g:1][CONSENSUS][PBFT]checkAndChangeView: Reach consensus,org_view=16283,org_changeCycle=0,cur_changeCycle=0,to_view=16284
info|2019-12-11 04:27:36.040450|[g:1][CONSENSUS]addRawPrepare,height=6,reqIdx=1,hash=e5842652...
info|2019-12-11 04:27:36.041059|[g:1][CONSENSUS][PBFT]checkTimeout Succ,view=16284,toView=16285,nodeIdx=0,changeCycle=0,myNode=19b3f6e2...,timecost=0.47
info|2019-12-11 04:27:36.042790|[g:1][CONSENSUS][PBFT]checkAndChangeView: Reach consensus,org_view=16284,org_changeCycle=0,cur_changeCycle=0,to_view=16285
info|2019-12-11 04:27:37.010395|[P2P][Service] heartBeat,connected count=3
info|2019-12-11 04:27:37.044110|[g:1][CONSENSUS]addRawPrepare,height=6,reqIdx=2,hash=e4dc2e9a...
info|2019-12-11 04:27:37.044818|[g:1][CONSENSUS][PBFT]checkTimeout Succ,view=16285,toView=16286,nodeIdx=0,changeCycle=0,myNode=19b3f6e2...,timecost=0.599
info|2019-12-11 04:27:37.046646|[g:1][CONSENSUS][PBFT]checkAndChangeView: Reach consensus,org_view=16285,org_changeCycle=0,cur_changeCycle=0,to_view=16286
info|2019-12-11 04:27:38.047390|[g:1][CONSENSUS]addRawPrepare,height=6,reqIdx=3,hash=9bf84927...
info|2019-12-11 04:27:38.047892|[g:1][CONSENSUS][PBFT]checkTimeout Succ,view=16286,toView=16287,nodeIdx=0,changeCycle=0,myNode=19b3f6e2...,timecost=0.381
info|2019-12-11 04:27:38.049036|[g:1][CONSENSUS][PBFT]checkAndChangeView: Reach consensus,org_view=16286,org_changeCycle=0,cur_changeCycle=0,to_view=16287
info|2019-12-11 04:27:39.049690|[g:1][CONSENSUS][SEALER]++++++++++++++++ Generating seal on,blkNum=6,tx=0,nodeIdx=0,hash=25364479...
info|2019-12-11 04:27:39.050682|[g:1][CONSENSUS][PBFT]checkTimeout Succ,view=16287,toView=16288,nodeIdx=0,changeCycle=0,myNode=19b3f6e2...,timecost=0.521
info|2019-12-11 04:27:39.053262|[g:1][CONSENSUS][PBFT]checkAndChangeView: Reach consensus,org_view=16287,org_changeCycle=0,cur_changeCycle=0,to_view=16288
info|2019-12-11 04:27:40.055995|[g:1][CONSENSUS]addRawPrepare,height=6,reqIdx=1,hash=8ccf967a...
info|2019-12-11 04:27:40.056686|[g:1][CONSENSUS][PBFT]checkTimeout Succ,view=16288,toView=16289,nodeIdx=0,changeCycle=0,myNode=19b3f6e2...,timecost=0.5
info|2019-12-11 04:27:40.058115|[g:1][CONSENSUS][PBFT]checkAndChangeView: Reach consensus,org_view=16288,org_changeCycle=0,cur_changeCycle=0,to_view=16289
info|2019-12-11 04:27:41.060165|[g:1][CONSENSUS]addRawPrepare,height=6,reqIdx=2,hash=bae26d8e...
info|2019-12-11 04:27:41.060846|[g:1][CONSENSUS][PBFT]checkTimeout Succ,view=16289,toView=16290,nodeIdx=0,changeCycle=0,myNode=19b3f6e2...,timecost=0.515
info|2019-12-11 04:27:41.062383|[g:1][CONSENSUS][PBFT]checkAndChangeView: Reach consensus,org_view=16289,org_changeCycle=0,cur_changeCycle=0,to_view=16290
info|2019-12-11 04:27:42.063837|[g:1][CONSENSUS]addRawPrepare,height=6,reqIdx=3,hash=51641e23...
info|2019-12-11 04:27:42.065056|[g:1][CONSENSUS][PBFT]checkTimeout Succ,view=16290,toView=16291,nodeIdx=0,changeCycle=0,myNode=19b3f6e2...,timecost=1.049
info|2019-12-11 04:27:42.066549|[g:1][CONSENSUS][PBFT]checkAndChangeView: Reach consensus,org_view=16290,org_changeCycle=0,cur_changeCycle=0,to_view=16291
info|2019-12-11 04:27:43.066391|[g:1][CONSENSUS][SEALER]++++++++++++++++ Generating seal on,blkNum=6,tx=0,nodeIdx=0,hash=9df83b7a...
info|2019-12-11 04:27:43.067301|[g:1][CONSENSUS][PBFT]checkTimeout Succ,view=16291,toView=16292,nodeIdx=0,changeCycle=0,myNode=19b3f6e2...,timecost=0.419
info|2019-12-11 04:27:43.070174|[g:1][CONSENSUS][PBFT]checkAndChangeView: Reach consensus,org_view=16291,org_changeCycle=0,cur_changeCycle=0,to_view=16292
info|2019-12-11 04:27:44.072561|[g:1][CONSENSUS]addRawPrepare,height=6,reqIdx=1,hash=7c5c2c64...
info|2019-12-11 04:27:44.073181|[g:1][CONSENSUS][PBFT]checkTimeout Succ,view=16292,toView=16293,nodeIdx=0,changeCycle=0,myNode=19b3f6e2...,timecost=0.451
info|2019-12-11 04:27:44.074661|[g:1][CONSENSUS][PBFT]checkAndChangeView: Reach consensus,org_view=16292,org_changeCycle=0,cur_changeCycle=0,to_view=16293
info|2019-12-11 04:27:45.076913|[g:1][CONSENSUS]addRawPrepare,height=6,reqIdx=2,hash=7debb589...
info|2019-12-11 04:27:45.077523|[g:1][CONSENSUS][PBFT]checkTimeout Succ,view=16293,toView=16294,nodeIdx=0,changeCycle=0,myNode=19b3f6e2...,timecost=0.476
info|2019-12-11 04:27:45.079302|[g:1][CONSENSUS][PBFT]checkAndChangeView: Reach consensus,org_view=16293,org_changeCycle=0,cur_changeCycle=0,to_view=16294
info|2019-12-11 04:27:46.081614|[g:1][CONSENSUS]addRawPrepare,height=6,reqIdx=3,hash=6adc0d94...
info|2019-12-11 04:27:46.082195|[g:1][CONSENSUS][PBFT]checkTimeout Succ,view=16294,toView=16295,nodeIdx=0,changeCycle=0,myNode=19b3f6e2...,timecost=0.483
info|2019-12-11 04:27:46.083827|[g:1][CONSENSUS][PBFT]checkAndChangeView: Reach consensus,org_view=16294,org_changeCycle=0,cur_changeCycle=0,to_view=16295
info|2019-12-11 04:27:47.017165|[P2P][Service] heartBeat,connected count=3
info|2019-12-11 04:27:47.083751|[g:1][CONSENSUS][SEALER]++++++++++++++++ Generating seal on,blkNum=6,tx=0,nodeIdx=0,hash=a542bc47...
info|2019-12-11 04:27:47.084979|[g:1][CONSENSUS][PBFT]checkTimeout Succ,view=16295,toView=16296,nodeIdx=0,changeCycle=0,myNode=19b3f6e2...,timecost=0.759
info|2019-12-11 04:27:47.087864|[g:1][CONSENSUS][PBFT]checkAndChangeView: Reach consensus,org_view=16295,org_changeCycle=0,cur_changeCycle=0,to_view=16296
info|2019-12-11 04:27:48.090012|[g:1][CONSENSUS]addRawPrepare,height=6,reqIdx=1,hash=d315082d...
info|2019-12-11 04:27:48.090628|[g:1][CONSENSUS][PBFT]checkTimeout Succ,view=16296,toView=16297,nodeIdx=0,changeCycle=0,myNode=19b3f6e2...,timecost=0.45
info|2019-12-11 04:27:48.092042|[g:1][CONSENSUS][PBFT]checkAndChangeView: Reach consensus,org_view=16296,org_changeCycle=0,cur_changeCycle=0,to_view=16297
info|2019-12-11 04:27:49.093185|[g:1][CONSENSUS]addRawPrepare,height=6,reqIdx=2,hash=cd7b47ce...
info|2019-12-11 04:27:49.093662|[g:1][CONSENSUS][PBFT]checkTimeout Succ,view=16297,toView=16298,nodeIdx=0,changeCycle=0,myNode=19b3f6e2...,timecost=0.35
info|2019-12-11 04:27:49.094964|[g:1][CONSENSUS][PBFT]checkAndChangeView: Reach consensus,org_view=16297,org_changeCycle=0,cur_changeCycle=0,to_view=16298
info|2019-12-11 04:27:50.097379|[g:1][CONSENSUS]addRawPrepare,height=6,reqIdx=3,hash=179ae21d...
info|2019-12-11 04:27:50.098061|[g:1][CONSENSUS][PBFT]checkTimeout Succ,view=16298,toView=16299,nodeIdx=0,changeCycle=0,myNode=19b3f6e2...,timecost=0.553
info|2019-12-11 04:27:50.099556|[g:1][CONSENSUS][PBFT]checkAndChangeView: Reach consensus,org_view=16298,org_changeCycle=0,cur_changeCycle=0,to_view=16299
info|2019-12-11 04:27:51.099781|[g:1][CONSENSUS][SEALER]++++++++++++++++ Generating seal on,blkNum=6,tx=0,nodeIdx=0,hash=945ba781...
info|2019-12-11 04:27:51.103096|[g:1][CONSENSUS][PBFT]checkTimeout Succ,view=16299,toView=16300,nodeIdx=0,changeCycle=0,myNode=19b3f6e2...,timecost=0.583
info|2019-12-11 04:27:51.103882|[g:1][CONSENSUS][PBFT]checkAndChangeView: Reach consensus,org_view=16299,org_changeCycle=0,cur_changeCycle=0,to_view=16300
info|2019-12-11 04:27:52.105391|[g:1][CONSENSUS]addRawPrepare,height=6,reqIdx=1,hash=6aea508d...
info|2019-12-11 04:27:52.106481|[g:1][CONSENSUS][PBFT]checkTimeout Succ,view=16300,toView=16301,nodeIdx=0,changeCycle=0,myNode=19b3f6e2...,timecost=0.983
info|2019-12-11 04:27:52.107902|[g:1][CONSENSUS][PBFT]checkAndChangeView: Reach consensus,org_view=16300,org_changeCycle=0,cur_changeCycle=0,to_view=16301
info|2019-12-11 04:27:53.109120|[g:1][CONSENSUS]addRawPrepare,height=6,reqIdx=2,hash=7012efeb...
info|2019-12-11 04:27:53.109787|[g:1][CONSENSUS][PBFT]checkTimeout Succ,view=16301,toView=16302,nodeIdx=0,changeCycle=0,myNode=19b3f6e2...,timecost=0.5
info|2019-12-11 04:27:53.111399|[g:1][CONSENSUS][PBFT]checkAndChangeView: Reach consensus,org_view=16301,org_changeCycle=0,cur_changeCycle=0,to_view=16302
info|2019-12-11 04:27:54.112168|[g:1][CONSENSUS]addRawPrepare,height=6,reqIdx=3,hash=bf4b0eb5...
info|2019-12-11 04:27:54.112596|[g:1][CONSENSUS][PBFT]checkTimeout Succ,view=16302,toView=16303,nodeIdx=0,changeCycle=0,myNode=19b3f6e2...,timecost=0.33
info|2019-12-11 04:27:54.113602|[g:1][CONSENSUS][PBFT]checkAndChangeView: Reach consensus,org_view=16302,org_changeCycle=0,cur_changeCycle=0,to_view=16303
info|2019-12-11 04:27:55.114456|[g:1][CONSENSUS][SEALER]++++++++++++++++ Generating seal on,blkNum=6,tx=0,nodeIdx=0,hash=b11dee0f...
info|2019-12-11 04:27:55.115450|[g:1][CONSENSUS][PBFT]checkTimeout Succ,view=16303,toView=16304,nodeIdx=0,changeCycle=0,myNode=19b3f6e2...,timecost=0.521
info|2019-12-11 04:27:55.117894|[g:1][CONSENSUS][PBFT]checkAndChangeView: Reach consensus,org_view=16303,org_changeCycle=0,cur_changeCycle=0,to_view=16304
info|2019-12-11 04:27:56.119920|[g:1][CONSENSUS]addRawPrepare,height=6,reqIdx=1,hash=95960a2b...
info|2019-12-11 04:27:56.120767|[g:1][CONSENSUS][PBFT]checkTimeout Succ,view=16304,toView=16305,nodeIdx=0,changeCycle=0,myNode=19b3f6e2...,timecost=0.596
info|2019-12-11 04:27:56.122176|[g:1][CONSENSUS][PBFT]checkAndChangeView: Reach consensus,org_view=16304,org_changeCycle=0,cur_changeCycle=0,to_view=16305
info|2019-12-11 04:27:57.023123|[P2P][Service] heartBeat,connected count=3
info|2019-12-11 04:27:57.123401|[g:1][CONSENSUS]addRawPrepare,height=6,reqIdx=2,hash=e269da2f...
info|2019-12-11 04:27:57.124739|[g:1][CONSENSUS][PBFT]checkTimeout Succ,view=16305,toView=16306,nodeIdx=0,changeCycle=0,myNode=19b3f6e2...,timecost=1.163
info|2019-12-11 04:27:57.126113|[g:1][CONSENSUS][PBFT]checkAndChangeView: Reach consensus,org_view=16305,org_changeCycle=0,cur_changeCycle=0,to_view=16306
info|2019-12-11 04:27:58.127615|[g:1][CONSENSUS]addRawPrepare,height=6,reqIdx=3,hash=e05338ed...
info|2019-12-11 04:27:58.128285|[g:1][CONSENSUS][PBFT]checkTimeout Succ,view=16306,toView=16307,nodeIdx=0,changeCycle=0,myNode=19b3f6e2...,timecost=0.51
info|2019-12-11 04:27:58.129544|[g:1][CONSENSUS][PBFT]checkAndChangeView: Reach consensus,org_view=16306,org_changeCycle=0,cur_changeCycle=0,to_view=16307
info|2019-12-11 04:27:59.129881|[g:1][CONSENSUS][SEALER]++++++++++++++++ Generating seal on,blkNum=6,tx=0,nodeIdx=0,hash=a396babd...
info|2019-12-11 04:27:59.130827|[g:1][CONSENSUS][PBFT]checkTimeout Succ,view=16307,toView=16308,nodeIdx=0,changeCycle=0,myNode=19b3f6e2...,timecost=0.476
info|2019-12-11 04:27:59.133632|[g:1][CONSENSUS][PBFT]checkAndChangeView: Reach consensus,org_view=16307,org_changeCycle=0,cur_changeCycle=0,to_view=16308
info|2019-12-11 04:28:00.134928|[g:1][CONSENSUS]addRawPrepare,height=6,reqIdx=1,hash=e5ce03f3...
info|2019-12-11 04:28:00.135394|[g:1][CONSENSUS][PBFT]checkTimeout Succ,view=16308,toView=16309,nodeIdx=0,changeCycle=0,myNode=19b3f6e2...,timecost=0.345
info|2019-12-11 04:28:00.136522|[g:1][CONSENSUS][PBFT]checkAndChangeView: Reach consensus,org_view=16308,org_changeCycle=0,cur_changeCycle=0,to_view=16309
info|2019-12-11 04:28:01.137997|[g:1][CONSENSUS]addRawPrepare,height=6,reqIdx=2,hash=5f8589f7...
info|2019-12-11 04:28:01.138675|[g:1][CONSENSUS][PBFT]checkTimeout Succ,view=16309,toView=16310,nodeIdx=0,changeCycle=0,myNode=19b3f6e2...,timecost=0.485
info|2019-12-11 04:28:01.140344|[g:1][CONSENSUS][PBFT]checkAndChangeView: Reach consensus,org_view=16309,org_changeCycle=0,cur_changeCycle=0,to_view=16310
info|2019-12-11 04:28:02.142298|[g:1][CONSENSUS]addRawPrepare,height=6,reqIdx=3,hash=e59b3048...
info|2019-12-11 04:28:02.143432|[g:1][CONSENSUS][PBFT]checkTimeout Succ,view=16310,toView=16311,nodeIdx=0,changeCycle=0,myNode=19b3f6e2...,timecost=0.995
info|2019-12-11 04:28:02.144662|[g:1][CONSENSUS][PBFT]checkAndChangeView: Reach consensus,org_view=16310,org_changeCycle=0,cur_changeCycle=0,to_view=16311
info|2019-12-11 04:28:03.144436|[g:1][CONSENSUS][SEALER]++++++++++++++++ Generating seal on,blkNum=6,tx=0,nodeIdx=0,hash=8b753f3d...
info|2019-12-11 04:28:03.145486|[g:1][CONSENSUS][PBFT]checkTimeout Succ,view=16311,toView=16312,nodeIdx=0,changeCycle=0,myNode=19b3f6e2...,timecost=0.579
info|2019-12-11 04:28:03.148165|[g:1][CONSENSUS][PBFT]checkAndChangeView: Reach consensus,org_view=16311,org_changeCycle=0,cur_changeCycle=0,to_view=16312
info|2019-12-11 04:28:04.150800|[g:1][CONSENSUS]addRawPrepare,height=6,reqIdx=1,hash=25b8c7f5...
info|2019-12-11 04:28:04.151404|[g:1][CONSENSUS][PBFT]checkTimeout Succ,view=16312,toView=16313,nodeIdx=0,changeCycle=0,myNode=19b3f6e2...,timecost=0.458
info|2019-12-11 04:28:04.152805|[g:1][CONSENSUS][PBFT]checkAndChangeView: Reach consensus,org_view=16312,org_changeCycle=0,cur_changeCycle=0,to_view=16313
info|2019-12-11 04:28:05.154727|[g:1][CONSENSUS]addRawPrepare,height=6,reqIdx=2,hash=99227bf1...
info|2019-12-11 04:28:05.155391|[g:1][CONSENSUS][PBFT]checkTimeout Succ,view=16313,toView=16314,nodeIdx=0,changeCycle=0,myNode=19b3f6e2...,timecost=0.528
info|2019-12-11 04:28:05.157269|[g:1][CONSENSUS][PBFT]checkAndChangeView: Reach consensus,org_view=16313,org_changeCycle=0,cur_changeCycle=0,to_view=16314
info|2019-12-11 04:28:06.159326|[g:1][CONSENSUS]addRawPrepare,height=6,reqIdx=3,hash=bd608592...
info|2019-12-11 04:28:06.159951|[g:1][CONSENSUS][PBFT]checkTimeout Succ,view=16314,toView=16315,nodeIdx=0,changeCycle=0,myNode=19b3f6e2...,timecost=0.49
info|2019-12-11 04:28:06.161313|[g:1][CONSENSUS][PBFT]checkAndChangeView: Reach consensus,org_view=16314,org_changeCycle=0,cur_changeCycle=0,to_view=16315
info|2019-12-11 04:28:07.031172|[P2P][Service] heartBeat,connected count=3
info|2019-12-11 04:28:07.162060|[g:1][CONSENSUS][SEALER]++++++++++++++++ Generating seal on,blkNum=6,tx=0,nodeIdx=0,hash=a4f255bf...
info|2019-12-11 04:28:07.165017|[g:1][CONSENSUS][PBFT]checkTimeout Succ,view=16315,toView=16316,nodeIdx=0,changeCycle=0,myNode=19b3f6e2...,timecost=0.49
info|2019-12-11 04:28:07.166543|[g:1][CONSENSUS][PBFT]checkAndChangeView: Reach consensus,org_view=16315,org_changeCycle=0,cur_changeCycle=0,to_view=16316
info|2019-12-11 04:28:08.167320|[g:1][CONSENSUS]addRawPrepare,height=6,reqIdx=1,hash=54eddbf9...
info|2019-12-11 04:28:08.168094|[g:1][CONSENSUS][PBFT]checkTimeout Succ,view=16316,toView=16317,nodeIdx=0,changeCycle=0,myNode=19b3f6e2...,timecost=0.595
info|2019-12-11 04:28:08.169636|[g:1][CONSENSUS][PBFT]checkAndChangeView: Reach consensus,org_view=16316,org_changeCycle=0,cur_changeCycle=0,to_view=16317
info|2019-12-11 04:28:09.172061|[g:1][CONSENSUS]addRawPrepare,height=6,reqIdx=2,hash=22894485...
info|2019-12-11 04:28:09.172691|[g:1][CONSENSUS][PBFT]checkTimeout Succ,view=16317,toView=16318,nodeIdx=0,changeCycle=0,myNode=19b3f6e2...,timecost=0.468
info|2019-12-11 04:28:09.174084|[g:1][CONSENSUS][PBFT]checkAndChangeView: Reach consensus,org_view=16317,org_changeCycle=0,cur_changeCycle=0,to_view=16318
info|2019-12-11 04:28:10.175934|[g:1][CONSENSUS]addRawPrepare,height=6,reqIdx=3,hash=2904c472...
info|2019-12-11 04:28:10.176675|[g:1][CONSENSUS][PBFT]checkTimeout Succ,view=16318,toView=16319,nodeIdx=0,changeCycle=0,myNode=19b3f6e2...,timecost=0.505
info|2019-12-11 04:28:10.178176|[g:1][CONSENSUS][PBFT]checkAndChangeView: Reach consensus,org_view=16318,org_changeCycle=0,cur_changeCycle=0,to_view=16319
info|2019-12-11 04:28:11.178543|[g:1][CONSENSUS][SEALER]++++++++++++++++ Generating seal on,blkNum=6,tx=0,nodeIdx=0,hash=975732ed...
info|2019-12-11 04:28:11.181841|[g:1][CONSENSUS][PBFT]checkTimeout Succ,view=16319,toView=16320,nodeIdx=0,changeCycle=0,myNode=19b3f6e2...,timecost=0.504
info|2019-12-11 04:28:11.182579|[g:1][CONSENSUS][PBFT]checkAndChangeView: Reach consensus,org_view=16319,org_changeCycle=0,cur_changeCycle=0,to_view=16320
info|2019-12-11 04:28:12.183762|[g:1][CONSENSUS]addRawPrepare,height=6,reqIdx=1,hash=ebb840cb...
info|2019-12-11 04:28:12.185110|[g:1][CONSENSUS][PBFT]checkTimeout Succ,view=16320,toView=16321,nodeIdx=0,changeCycle=0,myNode=19b3f6e2...,timecost=1.165
info|2019-12-11 04:28:12.186481|[g:1][CONSENSUS][PBFT]checkAndChangeView: Reach consensus,org_view=16320,org_changeCycle=0,cur_changeCycle=0,to_view=16321
info|2019-12-11 04:28:13.186505|[g:1][CONSENSUS]addRawPrepare,height=6,reqIdx=2,hash=9781c1b3...
info|2019-12-11 04:28:13.187265|[g:1][CONSENSUS][PBFT]checkTimeout Succ,view=16321,toView=16322,nodeIdx=0,changeCycle=0,myNode=19b3f6e2...,timecost=0.546
info|2019-12-11 04:28:13.188808|[g:1][CONSENSUS][PBFT]checkAndChangeView: Reach consensus,org_view=16321,org_changeCycle=0,cur_changeCycle=0,to_view=16322
info|2019-12-11 04:28:14.189686|[g:1][CONSENSUS]addRawPrepare,height=6,reqIdx=3,hash=f31383c9...
info|2019-12-11 04:28:14.190351|[g:1][CONSENSUS][PBFT]checkTimeout Succ,view=16322,toView=16323,nodeIdx=0,changeCycle=0,myNode=19b3f6e2...,timecost=0.498
info|2019-12-11 04:28:14.192051|[g:1][CONSENSUS][PBFT]checkAndChangeView: Reach consensus,org_view=16322,org_changeCycle=0,cur_changeCycle=0,to_view=16323
info|2019-12-11 04:28:15.193649|[g:1][CONSENSUS][SEALER]++++++++++++++++ Generating seal on,blkNum=6,tx=0,nodeIdx=0,hash=605b20d0...
info|2019-12-11 04:28:15.196377|[g:1][CONSENSUS][PBFT]checkTimeout Succ,view=16323,toView=16324,nodeIdx=0,changeCycle=0,myNode=19b3f6e2...,timecost=0.434
info|2019-12-11 04:28:15.197872|[g:1][CONSENSUS][PBFT]checkAndChangeView: Reach consensus,org_view=16323,org_changeCycle=0,cur_changeCycle=0,to_view=16324
info|2019-12-11 04:28:16.199176|[g:1][CONSENSUS]addRawPrepare,height=6,reqIdx=1,hash=c4efe250...
info|2019-12-11 04:28:16.199790|[g:1][CONSENSUS][PBFT]checkTimeout Succ,view=16324,toView=16325,nodeIdx=0,changeCycle=0,myNode=19b3f6e2...,timecost=0.454
info|2019-12-11 04:28:16.201350|[g:1][CONSENSUS][PBFT]checkAndChangeView: Reach consensus,org_view=16324,org_changeCycle=0,cur_changeCycle=0,to_view=16325
info|2019-12-11 04:28:17.034365|[P2P][Service] heartBeat,connected count=3
info|2019-12-11 04:28:17.203743|[g:1][CONSENSUS]addRawPrepare,height=6,reqIdx=2,hash=4946679f...
info|2019-12-11 04:28:17.204951|[g:1][CONSENSUS][PBFT]checkTimeout Succ,view=16325,toView=16326,nodeIdx=0,changeCycle=0,myNode=19b3f6e2...,timecost=1.036
info|2019-12-11 04:28:17.206403|[g:1][CONSENSUS][PBFT]checkAndChangeView: Reach consensus,org_view=16325,org_changeCycle=0,cur_changeCycle=0,to_view=16326
info|2019-12-11 04:28:18.208920|[g:1][CONSENSUS]addRawPrepare,height=6,reqIdx=3,hash=378863a2...
info|2019-12-11 04:28:18.209855|[g:1][CONSENSUS][PBFT]checkTimeout Succ,view=16326,toView=16327,nodeIdx=0,changeCycle=0,myNode=19b3f6e2...,timecost=0.611
info|2019-12-11 04:28:18.211299|[g:1][CONSENSUS][PBFT]checkAndChangeView: Reach consensus,org_view=16326,org_changeCycle=0,cur_changeCycle=0,to_view=16327
info|2019-12-11 04:28:19.212581|[g:1][CONSENSUS][SEALER]++++++++++++++++ Generating seal on,blkNum=6,tx=0,nodeIdx=0,hash=febcfcb2...
info|2019-12-11 04:28:19.213576|[g:1][CONSENSUS][PBFT]checkTimeout Succ,view=16327,toView=16328,nodeIdx=0,changeCycle=0,myNode=19b3f6e2...,timecost=0.538
info|2019-12-11 04:28:19.216042|[g:1][CONSENSUS][PBFT]checkAndChangeView: Reach consensus,org_view=16327,org_changeCycle=0,cur_changeCycle=0,to_view=16328
info|2019-12-11 04:28:20.219019|[g:1][CONSENSUS]addRawPrepare,height=6,reqIdx=1,hash=3ddd7585...
info|2019-12-11 04:28:20.219722|[g:1][CONSENSUS][PBFT]checkTimeout Succ,view=16328,toView=16329,nodeIdx=0,changeCycle=0,myNode=19b3f6e2...,timecost=0.542
info|2019-12-11 04:28:20.220981|[g:1][CONSENSUS][PBFT]checkAndChangeView: Reach consensus,org_view=16328,org_changeCycle=0,cur_changeCycle=0,to_view=16329
info|2019-12-11 04:28:21.222677|[g:1][CONSENSUS]addRawPrepare,height=6,reqIdx=2,hash=ee7ba7d7...
info|2019-12-11 04:28:21.223367|[g:1][CONSENSUS][PBFT]checkTimeout Succ,view=16329,toView=16330,nodeIdx=0,changeCycle=0,myNode=19b3f6e2...,timecost=0.54
info|2019-12-11 04:28:21.225011|[g:1][CONSENSUS][PBFT]checkAndChangeView: Reach consensus,org_view=16329,org_changeCycle=0,cur_changeCycle=0,to_view=16330
info|2019-12-11 04:28:22.225732|[g:1][CONSENSUS]addRawPrepare,height=6,reqIdx=3,hash=c62c5680...
info|2019-12-11 04:28:22.227072|[g:1][CONSENSUS][PBFT]checkTimeout Succ,view=16330,toView=16331,nodeIdx=0,changeCycle=0,myNode=19b3f6e2...,timecost=1.264
info|2019-12-11 04:28:22.228515|[g:1][CONSENSUS][PBFT]checkAndChangeView: Reach consensus,org_view=16330,org_changeCycle=0,cur_changeCycle=0,to_view=16331
info|2019-12-11 04:28:23.228969|[g:1][CONSENSUS][SEALER]++++++++++++++++ Generating seal on,blkNum=6,tx=0,nodeIdx=0,hash=65ff7b4d...
info|2019-12-11 04:28:23.229995|[g:1][CONSENSUS][PBFT]checkTimeout Succ,view=16331,toView=16332,nodeIdx=0,changeCycle=0,myNode=19b3f6e2...,timecost=0.542
info|2019-12-11 04:28:23.232459|[g:1][CONSENSUS][PBFT]checkAndChangeView: Reach consensus,org_view=16331,org_changeCycle=0,cur_changeCycle=0,to_view=16332
info|2019-12-11 04:28:24.234843|[g:1][CONSENSUS]addRawPrepare,height=6,reqIdx=1,hash=7c008df6...
info|2019-12-11 04:28:24.235471|[g:1][CONSENSUS][PBFT]checkTimeout Succ,view=16332,toView=16333,nodeIdx=0,changeCycle=0,myNode=19b3f6e2...,timecost=0.468
info|2019-12-11 04:28:24.236875|[g:1][CONSENSUS][PBFT]checkAndChangeView: Reach consensus,org_view=16332,org_changeCycle=0,cur_changeCycle=0,to_view=16333
info|2019-12-11 04:28:25.238317|[g:1][CONSENSUS]addRawPrepare,height=6,reqIdx=2,hash=4a1dc6b3...
info|2019-12-11 04:28:25.238940|[g:1][CONSENSUS][PBFT]checkTimeout Succ,view=16333,toView=16334,nodeIdx=0,changeCycle=0,myNode=19b3f6e2...,timecost=0.485
info|2019-12-11 04:28:25.240367|[g:1][CONSENSUS][PBFT]checkAndChangeView: Reach consensus,org_view=16333,org_changeCycle=0,cur_changeCycle=0,to_view=16334
info|2019-12-11 04:28:26.242567|[g:1][CONSENSUS]addRawPrepare,height=6,reqIdx=3,hash=e9be8440...
info|2019-12-11 04:28:26.243236|[g:1][CONSENSUS][PBFT]checkTimeout Succ,view=16334,toView=16335,nodeIdx=0,changeCycle=0,myNode=19b3f6e2...,timecost=0.533
info|2019-12-11 04:28:26.244766|[g:1][CONSENSUS][PBFT]checkAndChangeView: Reach consensus,org_view=16334,org_changeCycle=0,cur_changeCycle=0,to_view=16335
info|2019-12-11 04:28:27.042886|[P2P][Service] heartBeat,connected count=3
info|2019-12-11 04:28:27.245407|[g:1][CONSENSUS][SEALER]++++++++++++++++ Generating seal on,blkNum=6,tx=0,nodeIdx=0,hash=38cfd90a...
info|2019-12-11 04:28:27.246627|[g:1][CONSENSUS][PBFT]checkTimeout Succ,view=16335,toView=16336,nodeIdx=0,changeCycle=0,myNode=19b3f6e2...,timecost=0.686
info|2019-12-11 04:28:27.249058|[g:1][CONSENSUS][PBFT]checkAndChangeView: Reach consensus,org_view=16335,org_changeCycle=0,cur_changeCycle=0,to_view=16336
info|2019-12-11 04:28:28.251970|[g:1][CONSENSUS]addRawPrepare,height=6,reqIdx=1,hash=bd4f5224...
info|2019-12-11 04:28:28.252686|[g:1][CONSENSUS][PBFT]checkTimeout Succ,view=16336,toView=16337,nodeIdx=0,changeCycle=0,myNode=19b3f6e2...,timecost=0.541
info|2019-12-11 04:28:28.254384|[g:1][CONSENSUS][PBFT]checkAndChangeView: Reach consensus,org_view=16336,org_changeCycle=0,cur_changeCycle=0,to_view=16337
info|2019-12-11 04:28:29.256885|[g:1][CONSENSUS]addRawPrepare,height=6,reqIdx=2,hash=8e1406b9...
info|2019-12-11 04:28:29.257613|[g:1][CONSENSUS][PBFT]checkTimeout Succ,view=16337,toView=16338,nodeIdx=0,changeCycle=0,myNode=19b3f6e2...,timecost=0.553
info|2019-12-11 04:28:29.259405|[g:1][CONSENSUS][PBFT]checkAndChangeView: Reach consensus,org_view=16337,org_changeCycle=0,cur_changeCycle=0,to_view=16338
info|2019-12-11 04:28:30.261574|[g:1][CONSENSUS]addRawPrepare,height=6,reqIdx=3,hash=2ee05480...
info|2019-12-11 04:28:30.262188|[g:1][CONSENSUS][PBFT]checkTimeout Succ,view=16338,toView=16339,nodeIdx=0,changeCycle=0,myNode=19b3f6e2...,timecost=0.44
info|2019-12-11 04:28:30.263833|[g:1][CONSENSUS][PBFT]checkAndChangeView: Reach consensus,org_view=16338,org_changeCycle=0,cur_changeCycle=0,to_view=16339
info|2019-12-11 04:28:31.264632|[g:1][CONSENSUS][SEALER]++++++++++++++++ Generating seal on,blkNum=6,tx=0,nodeIdx=0,hash=720c0486...
info|2019-12-11 04:28:31.265616|[g:1][CONSENSUS][PBFT]checkTimeout Succ,view=16339,toView=16340,nodeIdx=0,changeCycle=0,myNode=19b3f6e2...,timecost=0.518
info|2019-12-11 04:28:31.268280|[g:1][CONSENSUS][PBFT]checkAndChangeView: Reach consensus,org_view=16339,org_changeCycle=0,cur_changeCycle=0,to_view=16340
info|2019-12-11 04:28:32.271216|[g:1][CONSENSUS]addRawPrepare,height=6,reqIdx=1,hash=c1e67ebd...
info|2019-12-11 04:28:32.272583|[g:1][CONSENSUS][PBFT]checkTimeout Succ,view=16340,toView=16341,nodeIdx=0,changeCycle=0,myNode=19b3f6e2...,timecost=1.181
info|2019-12-11 04:28:32.274097|[g:1][CONSENSUS][PBFT]checkAndChangeView: Reach consensus,org_view=16340,org_changeCycle=0,cur_changeCycle=0,to_view=16341
info|2019-12-11 04:28:33.274519|[g:1][CONSENSUS]addRawPrepare,height=6,reqIdx=2,hash=2591d4f6...
info|2019-12-11 04:28:33.275177|[g:1][CONSENSUS][PBFT]checkTimeout Succ,view=16341,toView=16342,nodeIdx=0,changeCycle=0,myNode=19b3f6e2...,timecost=0.537
info|2019-12-11 04:28:33.276636|[g:1][CONSENSUS][PBFT]checkAndChangeView: Reach consensus,org_view=16341,org_changeCycle=0,cur_changeCycle=0,to_view=16342
info|2019-12-11 04:28:34.278735|[g:1][CONSENSUS]addRawPrepare,height=6,reqIdx=3,hash=0d4a8987...
info|2019-12-11 04:28:34.279399|[g:1][CONSENSUS][PBFT]checkTimeout Succ,view=16342,toView=16343,nodeIdx=0,changeCycle=0,myNode=19b3f6e2...,timecost=0.461
info|2019-12-11 04:28:34.281052|[g:1][CONSENSUS][PBFT]checkAndChangeView: Reach consensus,org_view=16342,org_changeCycle=0,cur_changeCycle=0,to_view=16343
info|2019-12-11 04:28:35.281944|[g:1][CONSENSUS][SEALER]++++++++++++++++ Generating seal on,blkNum=6,tx=0,nodeIdx=0,hash=6115d879...
info|2019-12-11 04:28:35.282888|[g:1][CONSENSUS][PBFT]checkTimeout Succ,view=16343,toView=16344,nodeIdx=0,changeCycle=0,myNode=19b3f6e2...,timecost=0.488
info|2019-12-11 04:28:35.285274|[g:1][CONSENSUS][PBFT]checkAndChangeView: Reach consensus,org_view=16343,org_changeCycle=0,cur_changeCycle=0,to_view=16344
info|2019-12-11 04:28:36.286983|[g:1][CONSENSUS]addRawPrepare,height=6,reqIdx=1,hash=0829466c...
info|2019-12-11 04:28:36.287654|[g:1][CONSENSUS][PBFT]checkTimeout Succ,view=16344,toView=16345,nodeIdx=0,changeCycle=0,myNode=19b3f6e2...,timecost=0.472
info|2019-12-11 04:28:36.289468|[g:1][CONSENSUS][PBFT]checkAndChangeView: Reach consensus,org_view=16344,org_changeCycle=0,cur_changeCycle=0,to_view=16345
info|2019-12-11 04:28:37.052711|[P2P][Service] heartBeat,connected count=3
info|2019-12-11 04:28:37.291684|[g:1][CONSENSUS]addRawPrepare,height=6,reqIdx=2,hash=71cd754d...
info|2019-12-11 04:28:37.292303|[g:1][CONSENSUS][PBFT]checkTimeout Succ,view=16345,toView=16346,nodeIdx=0,changeCycle=0,myNode=19b3f6e2...,timecost=0.49
info|2019-12-11 04:28:37.293864|[g:1][CONSENSUS][PBFT]checkAndChangeView: Reach consensus,org_view=16345,org_changeCycle=0,cur_changeCycle=0,to_view=16346
info|2019-12-11 04:28:38.296644|[g:1][CONSENSUS]addRawPrepare,height=6,reqIdx=3,hash=a3fc4577...
info|2019-12-11 04:28:38.297064|[g:1][CONSENSUS][PBFT]checkTimeout Succ,view=16346,toView=16347,nodeIdx=0,changeCycle=0,myNode=19b3f6e2...,timecost=0.328
info|2019-12-11 04:28:38.298280|[g:1][CONSENSUS][PBFT]checkAndChangeView: Reach consensus,org_view=16346,org_changeCycle=0,cur_changeCycle=0,to_view=16347
info|2019-12-11 04:28:39.299608|[g:1][CONSENSUS][SEALER]++++++++++++++++ Generating seal on,blkNum=6,tx=0,nodeIdx=0,hash=2133eeca...
info|2019-12-11 04:28:39.300620|[g:1][CONSENSUS][PBFT]checkTimeout Succ,view=16347,toView=16348,nodeIdx=0,changeCycle=0,myNode=19b3f6e2...,timecost=0.527
info|2019-12-11 04:28:39.303252|[g:1][CONSENSUS][PBFT]checkAndChangeView: Reach consensus,org_view=16347,org_changeCycle=0,cur_changeCycle=0,to_view=16348
info|2019-12-11 04:28:40.305612|[g:1][CONSENSUS]addRawPrepare,height=6,reqIdx=1,hash=21997f8a...
info|2019-12-11 04:28:40.306286|[g:1][CONSENSUS][PBFT]checkTimeout Succ,view=16348,toView=16349,nodeIdx=0,changeCycle=0,myNode=19b3f6e2...,timecost=0.479
info|2019-12-11 04:28:40.308097|[g:1][CONSENSUS][PBFT]checkAndChangeView: Reach consensus,org_view=16348,org_changeCycle=0,cur_changeCycle=0,to_view=16349
