info|2019-11-13 04:19:07.006116|[P2P][Service] heartBeat,connected count=3
warning|2019-11-13 04:19:07.007880|[g:1][CONSENSUS][PBFT]ViewChangeWarning: not caused by omit empty block ,v=62117,toV=62118,curNum=0,hash=f72cae63...,nodeIdx=0,myNode=19b3f6e2...
info|2019-11-13 04:19:07.008136|[g:1][CONSENSUS][PBFT]checkTimeout Succ,view=62117,toView=62118,nodeIdx=0,changeCycle=1,myNode=19b3f6e2...,timecost=0.706
info|2019-11-13 04:19:07.012185|[g:1][CONSENSUS][PBFT]checkAndChangeView: Reach consensus,org_view=62117,org_changeCycle=1,cur_changeCycle=1,to_view=62118
info|2019-11-13 04:19:08.012894|[g:1][CONSENSUS]addRawPrepare,height=1,reqIdx=2,hash=53540223...
info|2019-11-13 04:19:08.013416|[g:1][CONSENSUS][PBFT]checkTimeout Succ,view=62118,toView=62119,nodeIdx=0,changeCycle=0,myNode=19b3f6e2...,timecost=0.385
info|2019-11-13 04:19:08.014638|[g:1][CONSENSUS][PBFT]checkAndChangeView: Reach consensus,org_view=62118,org_changeCycle=0,cur_changeCycle=0,to_view=62119
info|2019-11-13 04:19:09.016101|[g:1][CONSENSUS]addRawPrepare,height=1,reqIdx=3,hash=989dd1ea...
info|2019-11-13 04:19:09.016564|[g:1][CONSENSUS][PBFT]checkTimeout Succ,view=62119,toView=62120,nodeIdx=0,changeCycle=0,myNode=19b3f6e2...,timecost=0.373
info|2019-11-13 04:19:09.017788|[g:1][CONSENSUS][PBFT]checkAndChangeView: Reach consensus,org_view=62119,org_changeCycle=0,cur_changeCycle=0,to_view=62120
info|2019-11-13 04:19:10.017608|[g:1][CONSENSUS][SEALER]++++++++++++++++ Generating seal on,blkNum=1,tx=0,nodeIdx=0,hash=7f1058cd...
info|2019-11-13 04:19:10.021048|[g:1][CONSENSUS][PBFT]checkTimeout Succ,view=62120,toView=62121,nodeIdx=0,changeCycle=0,myNode=19b3f6e2...,timecost=0.449
info|2019-11-13 04:19:10.021879|[g:1][CONSENSUS][PBFT]checkAndChangeView: Reach consensus,org_view=62120,org_changeCycle=0,cur_changeCycle=0,to_view=62121
info|2019-11-13 04:19:11.022990|[g:1][CONSENSUS]addRawPrepare,height=1,reqIdx=1,hash=674c2e17...
info|2019-11-13 04:19:11.023515|[g:1][CONSENSUS][PBFT]checkTimeout Succ,view=62121,toView=62122,nodeIdx=0,changeCycle=0,myNode=19b3f6e2...,timecost=0.411
info|2019-11-13 04:19:11.024702|[g:1][CONSENSUS][PBFT]checkAndChangeView: Reach consensus,org_view=62121,org_changeCycle=0,cur_changeCycle=0,to_view=62122
info|2019-11-13 04:19:12.026238|[g:1][CONSENSUS]addRawPrepare,height=1,reqIdx=2,hash=eabbdc39...
info|2019-11-13 04:19:12.026933|[g:1][CONSENSUS][PBFT]checkTimeout Succ,view=62122,toView=62123,nodeIdx=0,changeCycle=0,myNode=19b3f6e2...,timecost=0.55
info|2019-11-13 04:19:12.029071|[g:1][CONSENSUS][PBFT]checkAndChangeView: Reach consensus,org_view=62122,org_changeCycle=0,cur_changeCycle=0,to_view=62123
info|2019-11-13 04:19:13.030296|[g:1][CONSENSUS]addRawPrepare,height=1,reqIdx=3,hash=34203a55...
info|2019-11-13 04:19:13.030750|[g:1][CONSENSUS][PBFT]checkTimeout Succ,view=62123,toView=62124,nodeIdx=0,changeCycle=0,myNode=19b3f6e2...,timecost=0.327
info|2019-11-13 04:19:13.031775|[g:1][CONSENSUS][PBFT]checkAndChangeView: Reach consensus,org_view=62123,org_changeCycle=0,cur_changeCycle=0,to_view=62124
info|2019-11-13 04:19:14.032177|[g:1][CONSENSUS][SEALER]++++++++++++++++ Generating seal on,blkNum=1,tx=0,nodeIdx=0,hash=bb7ab847...
info|2019-11-13 04:19:14.032815|[g:1][CONSENSUS][PBFT]checkTimeout Succ,view=62124,toView=62125,nodeIdx=0,changeCycle=0,myNode=19b3f6e2...,timecost=0.351
info|2019-11-13 04:19:14.034864|[g:1][CONSENSUS][PBFT]checkAndChangeView: Reach consensus,org_view=62124,org_changeCycle=0,cur_changeCycle=0,to_view=62125
info|2019-11-13 04:19:15.035682|[g:1][CONSENSUS]addRawPrepare,height=1,reqIdx=1,hash=d9c73aea...
info|2019-11-13 04:19:15.036324|[g:1][CONSENSUS][PBFT]checkTimeout Succ,view=62125,toView=62126,nodeIdx=0,changeCycle=0,myNode=19b3f6e2...,timecost=0.473
info|2019-11-13 04:19:15.038224|[g:1][CONSENSUS][PBFT]checkAndChangeView: Reach consensus,org_view=62125,org_changeCycle=0,cur_changeCycle=0,to_view=62126
info|2019-11-13 04:19:16.039719|[g:1][CONSENSUS]addRawPrepare,height=1,reqIdx=2,hash=a820651e...
info|2019-11-13 04:19:16.040408|[g:1][CONSENSUS][PBFT]checkTimeout Succ,view=62126,toView=62127,nodeIdx=0,changeCycle=0,myNode=19b3f6e2...,timecost=0.513
info|2019-11-13 04:19:16.042499|[g:1][CONSENSUS][PBFT]checkAndChangeView: Reach consensus,org_view=62126,org_changeCycle=0,cur_changeCycle=0,to_view=62127
info|2019-11-13 04:19:17.012830|[P2P][Service] heartBeat,connected count=3
info|2019-11-13 04:19:17.043823|[g:1][CONSENSUS]addRawPrepare,height=1,reqIdx=3,hash=5416a35d...
info|2019-11-13 04:19:17.044794|[g:1][CONSENSUS][PBFT]checkTimeout Succ,view=62127,toView=62128,nodeIdx=0,changeCycle=0,myNode=19b3f6e2...,timecost=0.859
info|2019-11-13 04:19:17.045991|[g:1][CONSENSUS][PBFT]checkAndChangeView: Reach consensus,org_view=62127,org_changeCycle=0,cur_changeCycle=0,to_view=62128
info|2019-11-13 04:19:18.047181|[g:1][CONSENSUS][SEALER]++++++++++++++++ Generating seal on,blkNum=1,tx=0,nodeIdx=0,hash=abb631d3...
info|2019-11-13 04:19:18.048202|[g:1][CONSENSUS][PBFT]checkTimeout Succ,view=62128,toView=62129,nodeIdx=0,changeCycle=0,myNode=19b3f6e2...,timecost=0.556
info|2019-11-13 04:19:18.050751|[g:1][CONSENSUS][PBFT]checkAndChangeView: Reach consensus,org_view=62128,org_changeCycle=0,cur_changeCycle=0,to_view=62129
info|2019-11-13 04:19:19.051520|[g:1][CONSENSUS]addRawPrepare,height=1,reqIdx=1,hash=adb68f09...
info|2019-11-13 04:19:19.052228|[g:1][CONSENSUS][PBFT]checkTimeout Succ,view=62129,toView=62130,nodeIdx=0,changeCycle=0,myNode=19b3f6e2...,timecost=0.52
info|2019-11-13 04:19:19.053597|[g:1][CONSENSUS][PBFT]checkAndChangeView: Reach consensus,org_view=62129,org_changeCycle=0,cur_changeCycle=0,to_view=62130
info|2019-11-13 04:19:20.056501|[g:1][CONSENSUS]addRawPrepare,height=1,reqIdx=2,hash=8541aeeb...
info|2019-11-13 04:19:20.057172|[g:1][CONSENSUS][PBFT]checkTimeout Succ,view=62130,toView=62131,nodeIdx=0,changeCycle=0,myNode=19b3f6e2...,timecost=0.513
info|2019-11-13 04:19:20.058889|[g:1][CONSENSUS][PBFT]checkAndChangeView: Reach consensus,org_view=62130,org_changeCycle=0,cur_changeCycle=0,to_view=62131
info|2019-11-13 04:19:21.060810|[g:1][CONSENSUS]addRawPrepare,height=1,reqIdx=3,hash=018df9d9...
info|2019-11-13 04:19:21.061564|[g:1][CONSENSUS][PBFT]checkTimeout Succ,view=62131,toView=62132,nodeIdx=0,changeCycle=0,myNode=19b3f6e2...,timecost=0.555
info|2019-11-13 04:19:21.063071|[g:1][CONSENSUS][PBFT]checkAndChangeView: Reach consensus,org_view=62131,org_changeCycle=0,cur_changeCycle=0,to_view=62132
info|2019-11-13 04:19:22.063531|[g:1][CONSENSUS][SEALER]++++++++++++++++ Generating seal on,blkNum=1,tx=0,nodeIdx=0,hash=d3c891ca...
info|2019-11-13 04:19:22.064598|[g:1][CONSENSUS][PBFT]checkTimeout Succ,view=62132,toView=62133,nodeIdx=0,changeCycle=0,myNode=19b3f6e2...,timecost=0.639
info|2019-11-13 04:19:22.067227|[g:1][CONSENSUS][PBFT]checkAndChangeView: Reach consensus,org_view=62132,org_changeCycle=0,cur_changeCycle=0,to_view=62133
info|2019-11-13 04:19:23.068061|[g:1][CONSENSUS]addRawPrepare,height=1,reqIdx=1,hash=4f132a62...
info|2019-11-13 04:19:23.068541|[g:1][CONSENSUS][PBFT]checkTimeout Succ,view=62133,toView=62134,nodeIdx=0,changeCycle=0,myNode=19b3f6e2...,timecost=0.385
info|2019-11-13 04:19:23.069683|[g:1][CONSENSUS][PBFT]checkAndChangeView: Reach consensus,org_view=62133,org_changeCycle=0,cur_changeCycle=0,to_view=62134
info|2019-11-13 04:19:24.072173|[g:1][CONSENSUS]addRawPrepare,height=1,reqIdx=2,hash=24fc7a47...
info|2019-11-13 04:19:24.072907|[g:1][CONSENSUS][PBFT]checkTimeout Succ,view=62134,toView=62135,nodeIdx=0,changeCycle=0,myNode=19b3f6e2...,timecost=0.577
info|2019-11-13 04:19:24.074479|[g:1][CONSENSUS][PBFT]checkAndChangeView: Reach consensus,org_view=62134,org_changeCycle=0,cur_changeCycle=0,to_view=62135
info|2019-11-13 04:19:25.076250|[g:1][CONSENSUS]addRawPrepare,height=1,reqIdx=3,hash=0ff1245e...
info|2019-11-13 04:19:25.076846|[g:1][CONSENSUS][PBFT]checkTimeout Succ,view=62135,toView=62136,nodeIdx=0,changeCycle=0,myNode=19b3f6e2...,timecost=0.427
info|2019-11-13 04:19:25.078243|[g:1][CONSENSUS][PBFT]checkAndChangeView: Reach consensus,org_view=62135,org_changeCycle=0,cur_changeCycle=0,to_view=62136
info|2019-11-13 04:19:26.079430|[g:1][CONSENSUS][SEALER]++++++++++++++++ Generating seal on,blkNum=1,tx=0,nodeIdx=0,hash=8650ca64...
info|2019-11-13 04:19:26.082102|[g:1][CONSENSUS][PBFT]checkTimeout Succ,view=62136,toView=62137,nodeIdx=0,changeCycle=0,myNode=19b3f6e2...,timecost=0.511
info|2019-11-13 04:19:26.083482|[g:1][CONSENSUS][PBFT]checkAndChangeView: Reach consensus,org_view=62136,org_changeCycle=0,cur_changeCycle=0,to_view=62137
info|2019-11-13 04:19:27.018901|[P2P][Service] heartBeat,connected count=3
info|2019-11-13 04:19:27.085044|[g:1][CONSENSUS]addRawPrepare,height=1,reqIdx=1,hash=02d3db07...
info|2019-11-13 04:19:27.085579|[g:1][CONSENSUS][PBFT]checkTimeout Succ,view=62137,toView=62138,nodeIdx=0,changeCycle=0,myNode=19b3f6e2...,timecost=0.404
info|2019-11-13 04:19:27.087222|[g:1][CONSENSUS][PBFT]checkAndChangeView: Reach consensus,org_view=62137,org_changeCycle=0,cur_changeCycle=0,to_view=62138
info|2019-11-13 04:19:28.089595|[g:1][CONSENSUS]addRawPrepare,height=1,reqIdx=2,hash=d8b31112...
info|2019-11-13 04:19:28.090269|[g:1][CONSENSUS][PBFT]checkTimeout Succ,view=62138,toView=62139,nodeIdx=0,changeCycle=0,myNode=19b3f6e2...,timecost=0.565
info|2019-11-13 04:19:28.091992|[g:1][CONSENSUS][PBFT]checkAndChangeView: Reach consensus,org_view=62138,org_changeCycle=0,cur_changeCycle=0,to_view=62139
info|2019-11-13 04:19:29.092728|[g:1][CONSENSUS]addRawPrepare,height=1,reqIdx=3,hash=7b4dbf3b...
info|2019-11-13 04:19:29.093393|[g:1][CONSENSUS][PBFT]checkTimeout Succ,view=62139,toView=62140,nodeIdx=0,changeCycle=0,myNode=19b3f6e2...,timecost=0.427
info|2019-11-13 04:19:29.094730|[g:1][CONSENSUS][PBFT]checkAndChangeView: Reach consensus,org_view=62139,org_changeCycle=0,cur_changeCycle=0,to_view=62140
info|2019-11-13 04:19:30.094321|[g:1][CONSENSUS][SEALER]++++++++++++++++ Generating seal on,blkNum=1,tx=0,nodeIdx=0,hash=ce3871fd...
info|2019-11-13 04:19:30.095199|[g:1][CONSENSUS][PBFT]checkTimeout Succ,view=62140,toView=62141,nodeIdx=0,changeCycle=0,myNode=19b3f6e2...,timecost=0.443
info|2019-11-13 04:19:30.097666|[g:1][CONSENSUS][PBFT]checkAndChangeView: Reach consensus,org_view=62140,org_changeCycle=0,cur_changeCycle=0,to_view=62141
info|2019-11-13 04:19:31.098782|[g:1][CONSENSUS]addRawPrepare,height=1,reqIdx=1,hash=c2ccb5f3...
info|2019-11-13 04:19:31.099480|[g:1][CONSENSUS][PBFT]checkTimeout Succ,view=62141,toView=62142,nodeIdx=0,changeCycle=0,myNode=19b3f6e2...,timecost=0.526
info|2019-11-13 04:19:31.101054|[g:1][CONSENSUS][PBFT]checkAndChangeView: Reach consensus,org_view=62141,org_changeCycle=0,cur_changeCycle=0,to_view=62142
info|2019-11-13 04:19:32.103857|[g:1][CONSENSUS]addRawPrepare,height=1,reqIdx=2,hash=afc1bfe9...
info|2019-11-13 04:19:32.105143|[g:1][CONSENSUS][PBFT]checkTimeout Succ,view=62142,toView=62143,nodeIdx=0,changeCycle=0,myNode=19b3f6e2...,timecost=1.139
info|2019-11-13 04:19:32.106437|[g:1][CONSENSUS][PBFT]checkAndChangeView: Reach consensus,org_view=62142,org_changeCycle=0,cur_changeCycle=0,to_view=62143
info|2019-11-13 04:19:33.108813|[g:1][CONSENSUS]addRawPrepare,height=1,reqIdx=3,hash=8ea94e4c...
info|2019-11-13 04:19:33.109455|[g:1][CONSENSUS][PBFT]checkTimeout Succ,view=62143,toView=62144,nodeIdx=0,changeCycle=0,myNode=19b3f6e2...,timecost=0.517
info|2019-11-13 04:19:33.110902|[g:1][CONSENSUS][PBFT]checkAndChangeView: Reach consensus,org_view=62143,org_changeCycle=0,cur_changeCycle=0,to_view=62144
info|2019-11-13 04:19:34.110432|[g:1][CONSENSUS][SEALER]++++++++++++++++ Generating seal on,blkNum=1,tx=0,nodeIdx=0,hash=70a31048...
info|2019-11-13 04:19:34.111347|[g:1][CONSENSUS][PBFT]checkTimeout Succ,view=62144,toView=62145,nodeIdx=0,changeCycle=0,myNode=19b3f6e2...,timecost=0.467
info|2019-11-13 04:19:34.113790|[g:1][CONSENSUS][PBFT]checkAndChangeView: Reach consensus,org_view=62144,org_changeCycle=0,cur_changeCycle=0,to_view=62145
info|2019-11-13 04:19:35.115284|[g:1][CONSENSUS]addRawPrepare,height=1,reqIdx=1,hash=6e73a1ab...
info|2019-11-13 04:19:35.115923|[g:1][CONSENSUS][PBFT]checkTimeout Succ,view=62145,toView=62146,nodeIdx=0,changeCycle=0,myNode=19b3f6e2...,timecost=0.477
info|2019-11-13 04:19:35.117356|[g:1][CONSENSUS][PBFT]checkAndChangeView: Reach consensus,org_view=62145,org_changeCycle=0,cur_changeCycle=0,to_view=62146
info|2019-11-13 04:19:36.119503|[g:1][CONSENSUS]addRawPrepare,height=1,reqIdx=2,hash=f444b7fb...
info|2019-11-13 04:19:36.120186|[g:1][CONSENSUS][PBFT]checkTimeout Succ,view=62146,toView=62147,nodeIdx=0,changeCycle=0,myNode=19b3f6e2...,timecost=0.546
info|2019-11-13 04:19:36.121551|[g:1][CONSENSUS][PBFT]checkAndChangeView: Reach consensus,org_view=62146,org_changeCycle=0,cur_changeCycle=0,to_view=62147
info|2019-11-13 04:19:37.024839|[P2P][Service] heartBeat,connected count=3
info|2019-11-13 04:19:37.123837|[g:1][CONSENSUS]addRawPrepare,height=1,reqIdx=3,hash=64dc4f38...
info|2019-11-13 04:19:37.125320|[g:1][CONSENSUS][PBFT]checkTimeout Succ,view=62147,toView=62148,nodeIdx=0,changeCycle=0,myNode=19b3f6e2...,timecost=1.302
info|2019-11-13 04:19:37.126822|[g:1][CONSENSUS][PBFT]checkAndChangeView: Reach consensus,org_view=62147,org_changeCycle=0,cur_changeCycle=0,to_view=62148
info|2019-11-13 04:19:38.127099|[g:1][CONSENSUS][SEALER]++++++++++++++++ Generating seal on,blkNum=1,tx=0,nodeIdx=0,hash=19767699...
info|2019-11-13 04:19:38.129720|[g:1][CONSENSUS][PBFT]checkTimeout Succ,view=62148,toView=62149,nodeIdx=0,changeCycle=0,myNode=19b3f6e2...,timecost=0.44
info|2019-11-13 04:19:38.131269|[g:1][CONSENSUS][PBFT]checkAndChangeView: Reach consensus,org_view=62148,org_changeCycle=0,cur_changeCycle=0,to_view=62149
info|2019-11-13 04:19:39.131917|[g:1][CONSENSUS]addRawPrepare,height=1,reqIdx=1,hash=0aba1529...
info|2019-11-13 04:19:39.132473|[g:1][CONSENSUS][PBFT]checkTimeout Succ,view=62149,toView=62150,nodeIdx=0,changeCycle=0,myNode=19b3f6e2...,timecost=0.46
info|2019-11-13 04:19:39.134015|[g:1][CONSENSUS][PBFT]checkAndChangeView: Reach consensus,org_view=62149,org_changeCycle=0,cur_changeCycle=0,to_view=62150
info|2019-11-13 04:19:40.136197|[g:1][CONSENSUS]addRawPrepare,height=1,reqIdx=2,hash=b3669f8f...
info|2019-11-13 04:19:40.136789|[g:1][CONSENSUS][PBFT]checkTimeout Succ,view=62150,toView=62151,nodeIdx=0,changeCycle=0,myNode=19b3f6e2...,timecost=0.496
info|2019-11-13 04:19:40.137970|[g:1][CONSENSUS][PBFT]checkAndChangeView: Reach consensus,org_view=62150,org_changeCycle=0,cur_changeCycle=0,to_view=62151
info|2019-11-13 04:19:41.138999|[g:1][CONSENSUS]addRawPrepare,height=1,reqIdx=3,hash=f9bcc3c3...
info|2019-11-13 04:19:41.139753|[g:1][CONSENSUS][PBFT]checkTimeout Succ,view=62151,toView=62152,nodeIdx=0,changeCycle=0,myNode=19b3f6e2...,timecost=0.592
info|2019-11-13 04:19:41.141550|[g:1][CONSENSUS][PBFT]checkAndChangeView: Reach consensus,org_view=62151,org_changeCycle=0,cur_changeCycle=0,to_view=62152
info|2019-11-13 04:19:42.142556|[g:1][CONSENSUS][SEALER]++++++++++++++++ Generating seal on,blkNum=1,tx=0,nodeIdx=0,hash=422b0170...
info|2019-11-13 04:19:42.143583|[g:1][CONSENSUS][PBFT]checkTimeout Succ,view=62152,toView=62153,nodeIdx=0,changeCycle=0,myNode=19b3f6e2...,timecost=0.568
info|2019-11-13 04:19:42.146572|[g:1][CONSENSUS][PBFT]checkAndChangeView: Reach consensus,org_view=62152,org_changeCycle=0,cur_changeCycle=0,to_view=62153
info|2019-11-13 04:19:43.147732|[g:1][CONSENSUS]addRawPrepare,height=1,reqIdx=1,hash=e7fe0ac1...
info|2019-11-13 04:19:43.148353|[g:1][CONSENSUS][PBFT]checkTimeout Succ,view=62153,toView=62154,nodeIdx=0,changeCycle=0,myNode=19b3f6e2...,timecost=0.491
info|2019-11-13 04:19:43.150463|[g:1][CONSENSUS][PBFT]checkAndChangeView: Reach consensus,org_view=62153,org_changeCycle=0,cur_changeCycle=0,to_view=62154
info|2019-11-13 04:19:44.151234|[g:1][CONSENSUS]addRawPrepare,height=1,reqIdx=2,hash=ca5d9326...
info|2019-11-13 04:19:44.151838|[g:1][CONSENSUS][PBFT]checkTimeout Succ,view=62154,toView=62155,nodeIdx=0,changeCycle=0,myNode=19b3f6e2...,timecost=0.481
info|2019-11-13 04:19:44.153382|[g:1][CONSENSUS][PBFT]checkAndChangeView: Reach consensus,org_view=62154,org_changeCycle=0,cur_changeCycle=0,to_view=62155
info|2019-11-13 04:19:45.155623|[g:1][CONSENSUS]addRawPrepare,height=1,reqIdx=3,hash=d2913688...
info|2019-11-13 04:19:45.156214|[g:1][CONSENSUS][PBFT]checkTimeout Succ,view=62155,toView=62156,nodeIdx=0,changeCycle=0,myNode=19b3f6e2...,timecost=0.458
info|2019-11-13 04:19:45.157726|[g:1][CONSENSUS][PBFT]checkAndChangeView: Reach consensus,org_view=62155,org_changeCycle=0,cur_changeCycle=0,to_view=62156
info|2019-11-13 04:19:46.157573|[g:1][CONSENSUS][SEALER]++++++++++++++++ Generating seal on,blkNum=1,tx=0,nodeIdx=0,hash=9adec53c...
info|2019-11-13 04:19:46.160877|[g:1][CONSENSUS][PBFT]checkTimeout Succ,view=62156,toView=62157,nodeIdx=0,changeCycle=0,myNode=19b3f6e2...,timecost=0.458
info|2019-11-13 04:19:46.161662|[g:1][CONSENSUS][PBFT]checkAndChangeView: Reach consensus,org_view=62156,org_changeCycle=0,cur_changeCycle=0,to_view=62157
info|2019-11-13 04:19:47.034351|[P2P][Service] heartBeat,connected count=3
info|2019-11-13 04:19:47.163438|[g:1][CONSENSUS]addRawPrepare,height=1,reqIdx=1,hash=7b1c257a...
info|2019-11-13 04:19:47.164179|[g:1][CONSENSUS][PBFT]checkTimeout Succ,view=62157,toView=62158,nodeIdx=0,changeCycle=0,myNode=19b3f6e2...,timecost=0.64
info|2019-11-13 04:19:47.165906|[g:1][CONSENSUS][PBFT]checkAndChangeView: Reach consensus,org_view=62157,org_changeCycle=0,cur_changeCycle=0,to_view=62158
info|2019-11-13 04:19:48.168261|[g:1][CONSENSUS]addRawPrepare,height=1,reqIdx=2,hash=2f748a25...
info|2019-11-13 04:19:48.168870|[g:1][CONSENSUS][PBFT]checkTimeout Succ,view=62158,toView=62159,nodeIdx=0,changeCycle=0,myNode=19b3f6e2...,timecost=0.472
info|2019-11-13 04:19:48.170449|[g:1][CONSENSUS][PBFT]checkAndChangeView: Reach consensus,org_view=62158,org_changeCycle=0,cur_changeCycle=0,to_view=62159
info|2019-11-13 04:19:50.365839|[g:1][CONSENSUS]addRawPrepare,height=1,reqIdx=3,hash=a1bac376...
info|2019-11-13 04:19:50.367121|[g:1][CONSENSUS][PBFT]checkTimeout Succ,view=62159,toView=62160,nodeIdx=0,changeCycle=0,myNode=19b3f6e2...,timecost=0.805
info|2019-11-13 04:19:50.370257|[g:1][CONSENSUS][PBFT]checkAndChangeView: Reach consensus,org_view=62159,org_changeCycle=0,cur_changeCycle=0,to_view=62160
info|2019-11-13 04:19:51.370954|[g:1][CONSENSUS][SEALER]++++++++++++++++ Generating seal on,blkNum=1,tx=0,nodeIdx=0,hash=45fdaca3...
info|2019-11-13 04:19:51.371961|[g:1][CONSENSUS][PBFT]checkTimeout Succ,view=62160,toView=62161,nodeIdx=0,changeCycle=0,myNode=19b3f6e2...,timecost=0.532
info|2019-11-13 04:19:51.374471|[g:1][CONSENSUS][PBFT]checkAndChangeView: Reach consensus,org_view=62160,org_changeCycle=0,cur_changeCycle=0,to_view=62161
info|2019-11-13 04:19:52.376026|[g:1][CONSENSUS]addRawPrepare,height=1,reqIdx=1,hash=2eff13cd...
info|2019-11-13 04:19:52.376507|[g:1][CONSENSUS][PBFT]checkTimeout Succ,view=62161,toView=62162,nodeIdx=0,changeCycle=0,myNode=19b3f6e2...,timecost=0.345
info|2019-11-13 04:19:52.377753|[g:1][CONSENSUS][PBFT]checkAndChangeView: Reach consensus,org_view=62161,org_changeCycle=0,cur_changeCycle=0,to_view=62162
info|2019-11-13 04:19:53.378863|[g:1][CONSENSUS]addRawPrepare,height=1,reqIdx=2,hash=726f165a...
info|2019-11-13 04:19:53.379559|[g:1][CONSENSUS][PBFT]checkTimeout Succ,view=62162,toView=62163,nodeIdx=0,changeCycle=0,myNode=19b3f6e2...,timecost=0.534
info|2019-11-13 04:19:53.381111|[g:1][CONSENSUS][PBFT]checkAndChangeView: Reach consensus,org_view=62162,org_changeCycle=0,cur_changeCycle=0,to_view=62163
info|2019-11-13 04:19:54.383939|[g:1][CONSENSUS]addRawPrepare,height=1,reqIdx=3,hash=c987e1ec...
info|2019-11-13 04:19:54.384676|[g:1][CONSENSUS][PBFT]checkTimeout Succ,view=62163,toView=62164,nodeIdx=0,changeCycle=0,myNode=19b3f6e2...,timecost=0.578
info|2019-11-13 04:19:54.386139|[g:1][CONSENSUS][PBFT]checkAndChangeView: Reach consensus,org_view=62163,org_changeCycle=0,cur_changeCycle=0,to_view=62164
info|2019-11-13 04:19:55.387848|[g:1][CONSENSUS][SEALER]++++++++++++++++ Generating seal on,blkNum=1,tx=0,nodeIdx=0,hash=45d98995...
info|2019-11-13 04:19:55.388999|[g:1][CONSENSUS][PBFT]checkTimeout Succ,view=62164,toView=62165,nodeIdx=0,changeCycle=0,myNode=19b3f6e2...,timecost=0.532
info|2019-11-13 04:19:55.391614|[g:1][CONSENSUS][PBFT]checkAndChangeView: Reach consensus,org_view=62164,org_changeCycle=0,cur_changeCycle=0,to_view=62165
info|2019-11-13 04:19:56.392587|[g:1][CONSENSUS]addRawPrepare,height=1,reqIdx=1,hash=1efc7683...
info|2019-11-13 04:19:56.393117|[g:1][CONSENSUS][PBFT]checkTimeout Succ,view=62165,toView=62166,nodeIdx=0,changeCycle=0,myNode=19b3f6e2...,timecost=0.401
info|2019-11-13 04:19:56.394348|[g:1][CONSENSUS][PBFT]checkAndChangeView: Reach consensus,org_view=62165,org_changeCycle=0,cur_changeCycle=0,to_view=62166
info|2019-11-13 04:19:57.043362|[P2P][Service] heartBeat,connected count=3
info|2019-11-13 04:19:57.396362|[g:1][CONSENSUS]addRawPrepare,height=1,reqIdx=2,hash=a8d476c2...
info|2019-11-13 04:19:57.397024|[g:1][CONSENSUS][PBFT]checkTimeout Succ,view=62166,toView=62167,nodeIdx=0,changeCycle=0,myNode=19b3f6e2...,timecost=0.537
info|2019-11-13 04:19:57.398885|[g:1][CONSENSUS][PBFT]checkAndChangeView: Reach consensus,org_view=62166,org_changeCycle=0,cur_changeCycle=0,to_view=62167
info|2019-11-13 04:19:58.400281|[g:1][CONSENSUS]addRawPrepare,height=1,reqIdx=3,hash=876c24fe...
info|2019-11-13 04:19:58.400944|[g:1][CONSENSUS][PBFT]checkTimeout Succ,view=62167,toView=62168,nodeIdx=0,changeCycle=0,myNode=19b3f6e2...,timecost=0.551
info|2019-11-13 04:19:58.402539|[g:1][CONSENSUS][PBFT]checkAndChangeView: Reach consensus,org_view=62167,org_changeCycle=0,cur_changeCycle=0,to_view=62168
info|2019-11-13 04:19:59.402813|[g:1][CONSENSUS][SEALER]++++++++++++++++ Generating seal on,blkNum=1,tx=0,nodeIdx=0,hash=16992e51...
info|2019-11-13 04:19:59.406200|[g:1][CONSENSUS][PBFT]checkTimeout Succ,view=62168,toView=62169,nodeIdx=0,changeCycle=0,myNode=19b3f6e2...,timecost=0.636
info|2019-11-13 04:19:59.406931|[g:1][CONSENSUS][PBFT]checkAndChangeView: Reach consensus,org_view=62168,org_changeCycle=0,cur_changeCycle=0,to_view=62169
info|2019-11-13 04:20:00.408478|[g:1][CONSENSUS]addRawPrepare,height=1,reqIdx=1,hash=098f0d0e...
info|2019-11-13 04:20:00.409173|[g:1][CONSENSUS][PBFT]checkTimeout Succ,view=62169,toView=62170,nodeIdx=0,changeCycle=0,myNode=19b3f6e2...,timecost=0.55
info|2019-11-13 04:20:00.410594|[g:1][CONSENSUS][PBFT]checkAndChangeView: Reach consensus,org_view=62169,org_changeCycle=0,cur_changeCycle=0,to_view=62170
info|2019-11-13 04:20:01.412701|[g:1][CONSENSUS]addRawPrepare,height=1,reqIdx=2,hash=f2429d5b...
info|2019-11-13 04:20:01.413440|[g:1][CONSENSUS][PBFT]checkTimeout Succ,view=62170,toView=62171,nodeIdx=0,changeCycle=0,myNode=19b3f6e2...,timecost=0.567
info|2019-11-13 04:20:01.415193|[g:1][CONSENSUS][PBFT]checkAndChangeView: Reach consensus,org_view=62170,org_changeCycle=0,cur_changeCycle=0,to_view=62171
info|2019-11-13 04:20:02.416792|[g:1][CONSENSUS]addRawPrepare,height=1,reqIdx=3,hash=c2e61fc4...
info|2019-11-13 04:20:02.417399|[g:1][CONSENSUS][PBFT]checkTimeout Succ,view=62171,toView=62172,nodeIdx=0,changeCycle=0,myNode=19b3f6e2...,timecost=0.434
info|2019-11-13 04:20:02.418817|[g:1][CONSENSUS][PBFT]checkAndChangeView: Reach consensus,org_view=62171,org_changeCycle=0,cur_changeCycle=0,to_view=62172
info|2019-11-13 04:20:03.419704|[g:1][CONSENSUS][SEALER]++++++++++++++++ Generating seal on,blkNum=1,tx=0,nodeIdx=0,hash=627e98eb...
info|2019-11-13 04:20:03.420586|[g:1][CONSENSUS][PBFT]checkTimeout Succ,view=62172,toView=62173,nodeIdx=0,changeCycle=0,myNode=19b3f6e2...,timecost=0.406
info|2019-11-13 04:20:03.423363|[g:1][CONSENSUS][PBFT]checkAndChangeView: Reach consensus,org_view=62172,org_changeCycle=0,cur_changeCycle=0,to_view=62173
info|2019-11-13 04:20:04.424859|[g:1][CONSENSUS]addRawPrepare,height=1,reqIdx=1,hash=3c2f4039...
info|2019-11-13 04:20:04.425623|[g:1][CONSENSUS][PBFT]checkTimeout Succ,view=62173,toView=62174,nodeIdx=0,changeCycle=0,myNode=19b3f6e2...,timecost=0.59
info|2019-11-13 04:20:04.427585|[g:1][CONSENSUS][PBFT]checkAndChangeView: Reach consensus,org_view=62173,org_changeCycle=0,cur_changeCycle=0,to_view=62174
