info|2019-12-13 14:00:00.468649|[g:1][CONSENSUS]addRawPrepare,height=158,reqIdx=2,hash=7f85e76e...
info|2019-12-13 14:00:00.469527|[g:1][CONSENSUS][PBFT]checkTimeout Succ,view=37,toView=38,nodeIdx=3,changeCycle=0,myNode=de0436d1...,timecost=0.751
info|2019-12-13 14:00:00.471028|[g:1][CONSENSUS][PBFT]checkAndChangeView: Reach consensus,org_view=37,org_changeCycle=0,cur_changeCycle=0,to_view=38
info|2019-12-13 14:00:01.133780|[P2P][Service] heartBeat,connected count=3
info|2019-12-13 14:00:01.471924|[g:1][CONSENSUS][SEALER]++++++++++++++++ Generating seal on,blkNum=158,tx=0,nodeIdx=3,hash=ac42432c...
info|2019-12-13 14:00:01.474433|[g:1][CONSENSUS][PBFT]checkTimeout Succ,view=38,toView=39,nodeIdx=3,changeCycle=0,myNode=de0436d1...,timecost=0.37
info|2019-12-13 14:00:01.475063|[g:1][CONSENSUS][PBFT]checkAndChangeView: Reach consensus,org_view=38,org_changeCycle=0,cur_changeCycle=0,to_view=39
info|2019-12-13 14:00:02.476357|[g:1][CONSENSUS]addRawPrepare,height=158,reqIdx=0,hash=af7c2fa9...
info|2019-12-13 14:00:02.477675|[g:1][CONSENSUS][PBFT]checkTimeout Succ,view=39,toView=40,nodeIdx=3,changeCycle=0,myNode=de0436d1...,timecost=1.14
info|2019-12-13 14:00:02.479261|[g:1][CONSENSUS][PBFT]checkAndChangeView: Reach consensus,org_view=39,org_changeCycle=0,cur_changeCycle=0,to_view=40
info|2019-12-13 14:00:03.483288|[g:1][CONSENSUS]addRawPrepare,height=158,reqIdx=1,hash=d737662e...
info|2019-12-13 14:00:03.484113|[g:1][CONSENSUS][PBFT]checkTimeout Succ,view=40,toView=41,nodeIdx=3,changeCycle=0,myNode=de0436d1...,timecost=0.659
info|2019-12-13 14:00:03.489669|[g:1][CONSENSUS][PBFT]checkAndChangeView: Reach consensus,org_view=40,org_changeCycle=0,cur_changeCycle=0,to_view=41
info|2019-12-13 14:00:04.488202|[g:1][CONSENSUS]addRawPrepare,height=158,reqIdx=2,hash=bae8f240...
info|2019-12-13 14:00:04.488847|[g:1][CONSENSUS][PBFT]checkTimeout Succ,view=41,toView=42,nodeIdx=3,changeCycle=0,myNode=de0436d1...,timecost=0.469
info|2019-12-13 14:00:04.490336|[g:1][CONSENSUS][PBFT]checkAndChangeView: Reach consensus,org_view=41,org_changeCycle=0,cur_changeCycle=0,to_view=42
info|2019-12-13 14:00:05.491478|[g:1][CONSENSUS][SEALER]++++++++++++++++ Generating seal on,blkNum=158,tx=0,nodeIdx=3,hash=22f1d703...
info|2019-12-13 14:00:05.492109|[g:1][CONSENSUS][PBFT]checkTimeout Succ,view=42,toView=43,nodeIdx=3,changeCycle=0,myNode=de0436d1...,timecost=0.334
info|2019-12-13 14:00:05.494556|[g:1][CONSENSUS][PBFT]checkAndChangeView: Reach consensus,org_view=42,org_changeCycle=0,cur_changeCycle=0,to_view=43
info|2019-12-13 14:00:06.496216|[g:1][CONSENSUS]addRawPrepare,height=158,reqIdx=0,hash=6299aa9c...
info|2019-12-13 14:00:06.496804|[g:1][CONSENSUS][PBFT]checkTimeout Succ,view=43,toView=44,nodeIdx=3,changeCycle=0,myNode=de0436d1...,timecost=0.452
info|2019-12-13 14:00:06.498399|[g:1][CONSENSUS][PBFT]checkAndChangeView: Reach consensus,org_view=43,org_changeCycle=0,cur_changeCycle=0,to_view=44
info|2019-12-13 14:00:07.500611|[g:1][CONSENSUS]addRawPrepare,height=158,reqIdx=1,hash=251ae396...
info|2019-12-13 14:00:07.501349|[g:1][CONSENSUS][PBFT]checkTimeout Succ,view=44,toView=45,nodeIdx=3,changeCycle=0,myNode=de0436d1...,timecost=0.601
info|2019-12-13 14:00:07.502931|[g:1][CONSENSUS][PBFT]checkAndChangeView: Reach consensus,org_view=44,org_changeCycle=0,cur_changeCycle=0,to_view=45
info|2019-12-13 14:00:08.505583|[g:1][CONSENSUS]addRawPrepare,height=158,reqIdx=2,hash=0c5902ae...
info|2019-12-13 14:00:08.506170|[g:1][CONSENSUS][PBFT]checkTimeout Succ,view=45,toView=46,nodeIdx=3,changeCycle=0,myNode=de0436d1...,timecost=0.449
info|2019-12-13 14:00:08.507865|[g:1][CONSENSUS][PBFT]checkAndChangeView: Reach consensus,org_view=45,org_changeCycle=0,cur_changeCycle=0,to_view=46
info|2019-12-13 14:00:09.508532|[g:1][CONSENSUS][SEALER]++++++++++++++++ Generating seal on,blkNum=158,tx=0,nodeIdx=3,hash=b6bd6923...
info|2019-12-13 14:00:09.509489|[g:1][CONSENSUS][PBFT]checkTimeout Succ,view=46,toView=47,nodeIdx=3,changeCycle=0,myNode=de0436d1...,timecost=0.479
info|2019-12-13 14:00:09.511940|[g:1][CONSENSUS][PBFT]checkAndChangeView: Reach consensus,org_view=46,org_changeCycle=0,cur_changeCycle=0,to_view=47
info|2019-12-13 14:00:10.513091|[g:1][CONSENSUS]addRawPrepare,height=158,reqIdx=0,hash=f579b966...
info|2019-12-13 14:00:10.513658|[g:1][CONSENSUS][PBFT]checkTimeout Succ,view=47,toView=48,nodeIdx=3,changeCycle=0,myNode=de0436d1...,timecost=0.444
info|2019-12-13 14:00:10.515051|[g:1][CONSENSUS][PBFT]checkAndChangeView: Reach consensus,org_view=47,org_changeCycle=0,cur_changeCycle=0,to_view=48
info|2019-12-13 14:00:11.141150|[P2P][Service] heartBeat,connected count=3
info|2019-12-13 14:00:11.517950|[g:1][CONSENSUS]addRawPrepare,height=158,reqIdx=1,hash=4f036297...
info|2019-12-13 14:00:11.518588|[g:1][CONSENSUS][PBFT]checkTimeout Succ,view=48,toView=49,nodeIdx=3,changeCycle=0,myNode=de0436d1...,timecost=0.498
info|2019-12-13 14:00:11.520058|[g:1][CONSENSUS][PBFT]checkAndChangeView: Reach consensus,org_view=48,org_changeCycle=0,cur_changeCycle=0,to_view=49
info|2019-12-13 14:00:12.522480|[g:1][CONSENSUS]addRawPrepare,height=158,reqIdx=2,hash=1fe0c737...
info|2019-12-13 14:00:12.523120|[g:1][CONSENSUS][PBFT]checkTimeout Succ,view=49,toView=50,nodeIdx=3,changeCycle=0,myNode=de0436d1...,timecost=0.508
info|2019-12-13 14:00:12.525329|[g:1][CONSENSUS][PBFT]checkAndChangeView: Reach consensus,org_view=49,org_changeCycle=0,cur_changeCycle=0,to_view=50
info|2019-12-13 14:00:13.525915|[g:1][CONSENSUS][SEALER]++++++++++++++++ Generating seal on,blkNum=158,tx=0,nodeIdx=3,hash=41cc9de4...
info|2019-12-13 14:00:13.526495|[g:1][CONSENSUS][PBFT]checkTimeout Succ,view=50,toView=51,nodeIdx=3,changeCycle=0,myNode=de0436d1...,timecost=0.302
info|2019-12-13 14:00:13.528787|[g:1][CONSENSUS][PBFT]checkAndChangeView: Reach consensus,org_view=50,org_changeCycle=0,cur_changeCycle=0,to_view=51
info|2019-12-13 14:00:14.529858|[g:1][CONSENSUS]addRawPrepare,height=158,reqIdx=0,hash=9a59d30c...
info|2019-12-13 14:00:14.530779|[g:1][CONSENSUS][PBFT]checkTimeout Succ,view=51,toView=52,nodeIdx=3,changeCycle=0,myNode=de0436d1...,timecost=0.771
info|2019-12-13 14:00:14.532272|[g:1][CONSENSUS][PBFT]checkAndChangeView: Reach consensus,org_view=51,org_changeCycle=0,cur_changeCycle=0,to_view=52
info|2019-12-13 14:00:15.533355|[g:1][CONSENSUS]addRawPrepare,height=158,reqIdx=1,hash=de6d9228...
info|2019-12-13 14:00:15.533986|[g:1][CONSENSUS][PBFT]checkTimeout Succ,view=52,toView=53,nodeIdx=3,changeCycle=0,myNode=de0436d1...,timecost=0.514
info|2019-12-13 14:00:15.535486|[g:1][CONSENSUS][PBFT]checkAndChangeView: Reach consensus,org_view=52,org_changeCycle=0,cur_changeCycle=0,to_view=53
info|2019-12-13 14:00:16.536780|[g:1][CONSENSUS]addRawPrepare,height=158,reqIdx=2,hash=bab0f8ac...
info|2019-12-13 14:00:16.537360|[g:1][CONSENSUS][PBFT]checkTimeout Succ,view=53,toView=54,nodeIdx=3,changeCycle=0,myNode=de0436d1...,timecost=0.465
info|2019-12-13 14:00:16.538808|[g:1][CONSENSUS][PBFT]checkAndChangeView: Reach consensus,org_view=53,org_changeCycle=0,cur_changeCycle=0,to_view=54
info|2019-12-13 14:00:17.538930|[g:1][CONSENSUS][SEALER]++++++++++++++++ Generating seal on,blkNum=158,tx=0,nodeIdx=3,hash=c4a1eba3...
info|2019-12-13 14:00:17.542483|[g:1][CONSENSUS][PBFT]checkTimeout Succ,view=54,toView=55,nodeIdx=3,changeCycle=0,myNode=de0436d1...,timecost=0.409
info|2019-12-13 14:00:17.543400|[g:1][CONSENSUS][PBFT]checkAndChangeView: Reach consensus,org_view=54,org_changeCycle=0,cur_changeCycle=0,to_view=55
info|2019-12-13 14:00:18.545407|[g:1][CONSENSUS]addRawPrepare,height=158,reqIdx=0,hash=dec1663b...
info|2019-12-13 14:00:18.546076|[g:1][CONSENSUS][PBFT]checkTimeout Succ,view=55,toView=56,nodeIdx=3,changeCycle=0,myNode=de0436d1...,timecost=0.543
info|2019-12-13 14:00:18.547379|[g:1][CONSENSUS][PBFT]checkAndChangeView: Reach consensus,org_view=55,org_changeCycle=0,cur_changeCycle=0,to_view=56
info|2019-12-13 14:00:19.549645|[g:1][CONSENSUS]addRawPrepare,height=158,reqIdx=1,hash=437cdca9...
info|2019-12-13 14:00:19.550308|[g:1][CONSENSUS][PBFT]checkTimeout Succ,view=56,toView=57,nodeIdx=3,changeCycle=0,myNode=de0436d1...,timecost=0.53
info|2019-12-13 14:00:19.551846|[g:1][CONSENSUS][PBFT]checkAndChangeView: Reach consensus,org_view=56,org_changeCycle=0,cur_changeCycle=0,to_view=57
info|2019-12-13 14:00:20.553946|[g:1][CONSENSUS]addRawPrepare,height=158,reqIdx=2,hash=73ad0866...
info|2019-12-13 14:00:20.554813|[g:1][CONSENSUS][PBFT]checkTimeout Succ,view=57,toView=58,nodeIdx=3,changeCycle=0,myNode=de0436d1...,timecost=0.65
info|2019-12-13 14:00:20.555954|[g:1][CONSENSUS][PBFT]checkAndChangeView: Reach consensus,org_view=57,org_changeCycle=0,cur_changeCycle=0,to_view=58
info|2019-12-13 14:00:21.146005|[P2P][Service] heartBeat,connected count=3
info|2019-12-13 14:00:21.555444|[g:1][CONSENSUS][SEALER]++++++++++++++++ Generating seal on,blkNum=158,tx=0,nodeIdx=3,hash=4d5fdac7...
info|2019-12-13 14:00:21.556413|[g:1][CONSENSUS][PBFT]checkTimeout Succ,view=58,toView=59,nodeIdx=3,changeCycle=0,myNode=de0436d1...,timecost=0.497
info|2019-12-13 14:00:21.558982|[g:1][CONSENSUS][PBFT]checkAndChangeView: Reach consensus,org_view=58,org_changeCycle=0,cur_changeCycle=0,to_view=59
info|2019-12-13 14:00:22.559927|[g:1][CONSENSUS]addRawPrepare,height=158,reqIdx=0,hash=d964989a...
info|2019-12-13 14:00:22.561032|[g:1][CONSENSUS][PBFT]checkTimeout Succ,view=59,toView=60,nodeIdx=3,changeCycle=0,myNode=de0436d1...,timecost=0.972
info|2019-12-13 14:00:22.562513|[g:1][CONSENSUS][PBFT]checkAndChangeView: Reach consensus,org_view=59,org_changeCycle=0,cur_changeCycle=0,to_view=60
info|2019-12-13 14:00:23.563830|[g:1][CONSENSUS]addRawPrepare,height=158,reqIdx=1,hash=d716b482...
info|2019-12-13 14:00:23.564474|[g:1][CONSENSUS][PBFT]checkTimeout Succ,view=60,toView=61,nodeIdx=3,changeCycle=0,myNode=de0436d1...,timecost=0.502
info|2019-12-13 14:00:23.565982|[g:1][CONSENSUS][PBFT]checkAndChangeView: Reach consensus,org_view=60,org_changeCycle=0,cur_changeCycle=0,to_view=61
info|2019-12-13 14:00:24.567688|[g:1][CONSENSUS]addRawPrepare,height=158,reqIdx=2,hash=b4d330c9...
info|2019-12-13 14:00:24.568335|[g:1][CONSENSUS][PBFT]checkTimeout Succ,view=61,toView=62,nodeIdx=3,changeCycle=0,myNode=de0436d1...,timecost=0.505
info|2019-12-13 14:00:24.570017|[g:1][CONSENSUS][PBFT]checkAndChangeView: Reach consensus,org_view=61,org_changeCycle=0,cur_changeCycle=0,to_view=62
info|2019-12-13 14:00:25.570830|[g:1][CONSENSUS][SEALER]++++++++++++++++ Generating seal on,blkNum=158,tx=0,nodeIdx=3,hash=6c8a69d2...
info|2019-12-13 14:00:25.571751|[g:1][CONSENSUS][PBFT]checkTimeout Succ,view=62,toView=63,nodeIdx=3,changeCycle=0,myNode=de0436d1...,timecost=0.478
info|2019-12-13 14:00:25.574374|[g:1][CONSENSUS][PBFT]checkAndChangeView: Reach consensus,org_view=62,org_changeCycle=0,cur_changeCycle=0,to_view=63
info|2019-12-13 14:00:26.576361|[g:1][CONSENSUS]addRawPrepare,height=158,reqIdx=0,hash=4e0c5bf3...
info|2019-12-13 14:00:26.576902|[g:1][CONSENSUS][PBFT]checkTimeout Succ,view=63,toView=64,nodeIdx=3,changeCycle=0,myNode=de0436d1...,timecost=0.417
info|2019-12-13 14:00:26.578519|[g:1][CONSENSUS][PBFT]checkAndChangeView: Reach consensus,org_view=63,org_changeCycle=0,cur_changeCycle=0,to_view=64
info|2019-12-13 14:00:27.581285|[g:1][CONSENSUS]addRawPrepare,height=158,reqIdx=1,hash=2b17e9ea...
info|2019-12-13 14:00:27.582164|[g:1][CONSENSUS][PBFT]checkTimeout Succ,view=64,toView=65,nodeIdx=3,changeCycle=0,myNode=de0436d1...,timecost=0.6
info|2019-12-13 14:00:27.583617|[g:1][CONSENSUS][PBFT]checkAndChangeView: Reach consensus,org_view=64,org_changeCycle=0,cur_changeCycle=0,to_view=65
info|2019-12-13 14:00:28.584880|[g:1][CONSENSUS]addRawPrepare,height=158,reqIdx=2,hash=99c77620...
info|2019-12-13 14:00:28.585337|[g:1][CONSENSUS][PBFT]checkTimeout Succ,view=65,toView=66,nodeIdx=3,changeCycle=0,myNode=de0436d1...,timecost=0.351
info|2019-12-13 14:00:28.586415|[g:1][CONSENSUS][PBFT]checkAndChangeView: Reach consensus,org_view=65,org_changeCycle=0,cur_changeCycle=0,to_view=66
info|2019-12-13 14:00:29.587602|[g:1][CONSENSUS][SEALER]++++++++++++++++ Generating seal on,blkNum=158,tx=0,nodeIdx=3,hash=a1fd424d...
info|2019-12-13 14:00:29.588550|[g:1][CONSENSUS][PBFT]checkTimeout Succ,view=66,toView=67,nodeIdx=3,changeCycle=0,myNode=de0436d1...,timecost=0.427
info|2019-12-13 14:00:29.590881|[g:1][CONSENSUS][PBFT]checkAndChangeView: Reach consensus,org_view=66,org_changeCycle=0,cur_changeCycle=0,to_view=67
info|2019-12-13 14:00:30.592089|[g:1][CONSENSUS]addRawPrepare,height=158,reqIdx=0,hash=d286407e...
info|2019-12-13 14:00:30.592571|[g:1][CONSENSUS][PBFT]checkTimeout Succ,view=67,toView=68,nodeIdx=3,changeCycle=0,myNode=de0436d1...,timecost=0.372
info|2019-12-13 14:00:30.593587|[g:1][CONSENSUS][PBFT]checkAndChangeView: Reach consensus,org_view=67,org_changeCycle=0,cur_changeCycle=0,to_view=68
info|2019-12-13 14:00:31.150724|[P2P][Service] heartBeat,connected count=3
info|2019-12-13 14:00:31.595226|[g:1][CONSENSUS]addRawPrepare,height=158,reqIdx=1,hash=03f7f756...
info|2019-12-13 14:00:31.595833|[g:1][CONSENSUS][PBFT]checkTimeout Succ,view=68,toView=69,nodeIdx=3,changeCycle=0,myNode=de0436d1...,timecost=0.479
info|2019-12-13 14:00:31.597232|[g:1][CONSENSUS][PBFT]checkAndChangeView: Reach consensus,org_view=68,org_changeCycle=0,cur_changeCycle=0,to_view=69
info|2019-12-13 14:00:32.598869|[g:1][CONSENSUS]addRawPrepare,height=158,reqIdx=2,hash=ada5605d...
info|2019-12-13 14:00:32.599598|[g:1][CONSENSUS][PBFT]checkTimeout Succ,view=69,toView=70,nodeIdx=3,changeCycle=0,myNode=de0436d1...,timecost=0.573
info|2019-12-13 14:00:32.601023|[g:1][CONSENSUS][PBFT]checkAndChangeView: Reach consensus,org_view=69,org_changeCycle=0,cur_changeCycle=0,to_view=70
info|2019-12-13 14:00:33.601527|[g:1][CONSENSUS][SEALER]++++++++++++++++ Generating seal on,blkNum=158,tx=0,nodeIdx=3,hash=18c86396...
info|2019-12-13 14:00:33.602536|[g:1][CONSENSUS][PBFT]checkTimeout Succ,view=70,toView=71,nodeIdx=3,changeCycle=0,myNode=de0436d1...,timecost=0.53
info|2019-12-13 14:00:33.605122|[g:1][CONSENSUS][PBFT]checkAndChangeView: Reach consensus,org_view=70,org_changeCycle=0,cur_changeCycle=0,to_view=71
info|2019-12-13 14:00:34.607003|[g:1][CONSENSUS]addRawPrepare,height=158,reqIdx=0,hash=c52184f6...
info|2019-12-13 14:00:34.607769|[g:1][CONSENSUS][PBFT]checkTimeout Succ,view=71,toView=72,nodeIdx=3,changeCycle=0,myNode=de0436d1...,timecost=0.615
info|2019-12-13 14:00:34.609032|[g:1][CONSENSUS][PBFT]checkAndChangeView: Reach consensus,org_view=71,org_changeCycle=0,cur_changeCycle=0,to_view=72
info|2019-12-13 14:00:35.611012|[g:1][CONSENSUS]addRawPrepare,height=158,reqIdx=1,hash=d39553f2...
info|2019-12-13 14:00:35.611710|[g:1][CONSENSUS][PBFT]checkTimeout Succ,view=72,toView=73,nodeIdx=3,changeCycle=0,myNode=de0436d1...,timecost=0.564
info|2019-12-13 14:00:35.613257|[g:1][CONSENSUS][PBFT]checkAndChangeView: Reach consensus,org_view=72,org_changeCycle=0,cur_changeCycle=0,to_view=73
info|2019-12-13 14:00:36.614681|[g:1][CONSENSUS]addRawPrepare,height=158,reqIdx=2,hash=c733141a...
info|2019-12-13 14:00:36.615214|[g:1][CONSENSUS][PBFT]checkTimeout Succ,view=73,toView=74,nodeIdx=3,changeCycle=0,myNode=de0436d1...,timecost=0.409
info|2019-12-13 14:00:36.616557|[g:1][CONSENSUS][PBFT]checkAndChangeView: Reach consensus,org_view=73,org_changeCycle=0,cur_changeCycle=0,to_view=74
info|2019-12-13 14:00:37.616765|[g:1][CONSENSUS][SEALER]++++++++++++++++ Generating seal on,blkNum=158,tx=0,nodeIdx=3,hash=077d9f5f...
info|2019-12-13 14:00:37.617799|[g:1][CONSENSUS][PBFT]checkTimeout Succ,view=74,toView=75,nodeIdx=3,changeCycle=0,myNode=de0436d1...,timecost=0.521
info|2019-12-13 14:00:37.620619|[g:1][CONSENSUS][PBFT]checkAndChangeView: Reach consensus,org_view=74,org_changeCycle=0,cur_changeCycle=0,to_view=75
info|2019-12-13 14:00:38.621390|[g:1][CONSENSUS]addRawPrepare,height=158,reqIdx=0,hash=49f7cc5b...
info|2019-12-13 14:00:38.621982|[g:1][CONSENSUS][PBFT]checkTimeout Succ,view=75,toView=76,nodeIdx=3,changeCycle=0,myNode=de0436d1...,timecost=0.441
info|2019-12-13 14:00:38.623408|[g:1][CONSENSUS][PBFT]checkAndChangeView: Reach consensus,org_view=75,org_changeCycle=0,cur_changeCycle=0,to_view=76
info|2019-12-13 14:00:39.625021|[g:1][CONSENSUS]addRawPrepare,height=158,reqIdx=1,hash=17f58a1d...
info|2019-12-13 14:00:39.625473|[g:1][CONSENSUS][PBFT]checkTimeout Succ,view=76,toView=77,nodeIdx=3,changeCycle=0,myNode=de0436d1...,timecost=0.322
info|2019-12-13 14:00:39.626745|[g:1][CONSENSUS][PBFT]checkAndChangeView: Reach consensus,org_view=76,org_changeCycle=0,cur_changeCycle=0,to_view=77
