warning|2019-12-12 01:25:09.007131|[g:1][CONSENSUS][PBFT]ViewChangeWarning: not caused by omit empty block ,v=49052,toV=49053,curNum=5,hash=a9fec021...,nodeIdx=3,myNode=de0436d1...
info|2019-12-12 01:25:09.012984|[g:1][CONSENSUS][PBFT]checkTimeout Succ,view=49052,toView=49053,nodeIdx=3,changeCycle=1,myNode=de0436d1...,timecost=11.033
info|2019-12-12 01:25:09.013011|[P2P][Service] heartBeat,connected count=3
info|2019-12-12 01:25:09.015280|[g:1][CONSENSUS][PBFT]checkAndChangeView: Reach consensus,org_view=49052,org_changeCycle=1,cur_changeCycle=1,to_view=49053
info|2019-12-12 01:25:10.015162|[g:1][CONSENSUS]addRawPrepare,height=6,reqIdx=2,hash=a214fa7e...
info|2019-12-12 01:25:10.015763|[g:1][CONSENSUS][PBFT]checkTimeout Succ,view=49053,toView=49054,nodeIdx=3,changeCycle=0,myNode=de0436d1...,timecost=0.452
info|2019-12-12 01:25:10.016851|[g:1][CONSENSUS][PBFT]checkAndChangeView: Reach consensus,org_view=49053,org_changeCycle=0,cur_changeCycle=0,to_view=49054
info|2019-12-12 01:25:11.016870|[g:1][CONSENSUS][SEALER]++++++++++++++++ Generating seal on,blkNum=6,tx=0,nodeIdx=3,hash=be0a5ede...
info|2019-12-12 01:25:11.020429|[g:1][CONSENSUS][PBFT]checkTimeout Succ,view=49054,toView=49055,nodeIdx=3,changeCycle=0,myNode=de0436d1...,timecost=0.59
info|2019-12-12 01:25:11.021134|[g:1][CONSENSUS][PBFT]checkAndChangeView: Reach consensus,org_view=49054,org_changeCycle=0,cur_changeCycle=0,to_view=49055
info|2019-12-12 01:25:12.021311|[g:1][CONSENSUS]addRawPrepare,height=6,reqIdx=0,hash=c4051969...
info|2019-12-12 01:25:12.021889|[g:1][CONSENSUS][PBFT]checkTimeout Succ,view=49055,toView=49056,nodeIdx=3,changeCycle=0,myNode=de0436d1...,timecost=0.403
info|2019-12-12 01:25:12.022937|[g:1][CONSENSUS][PBFT]checkAndChangeView: Reach consensus,org_view=49055,org_changeCycle=0,cur_changeCycle=0,to_view=49056
info|2019-12-12 01:25:13.023493|[g:1][CONSENSUS]addRawPrepare,height=6,reqIdx=1,hash=4a6c60a9...
info|2019-12-12 01:25:13.024081|[g:1][CONSENSUS][PBFT]checkTimeout Succ,view=49056,toView=49057,nodeIdx=3,changeCycle=0,myNode=de0436d1...,timecost=0.38
info|2019-12-12 01:25:13.025337|[g:1][CONSENSUS][PBFT]checkAndChangeView: Reach consensus,org_view=49056,org_changeCycle=0,cur_changeCycle=0,to_view=49057
info|2019-12-12 01:25:14.026327|[g:1][CONSENSUS]addRawPrepare,height=6,reqIdx=2,hash=77d37da9...
info|2019-12-12 01:25:14.027033|[g:1][CONSENSUS][PBFT]checkTimeout Succ,view=49057,toView=49058,nodeIdx=3,changeCycle=0,myNode=de0436d1...,timecost=0.608
info|2019-12-12 01:25:14.028482|[g:1][CONSENSUS][PBFT]checkAndChangeView: Reach consensus,org_view=49057,org_changeCycle=0,cur_changeCycle=0,to_view=49058
info|2019-12-12 01:25:15.028353|[g:1][CONSENSUS][SEALER]++++++++++++++++ Generating seal on,blkNum=6,tx=0,nodeIdx=3,hash=f14be021...
info|2019-12-12 01:25:15.029048|[g:1][CONSENSUS][PBFT]checkTimeout Succ,view=49058,toView=49059,nodeIdx=3,changeCycle=0,myNode=de0436d1...,timecost=0.321
info|2019-12-12 01:25:15.030988|[g:1][CONSENSUS][PBFT]checkAndChangeView: Reach consensus,org_view=49058,org_changeCycle=0,cur_changeCycle=0,to_view=49059
info|2019-12-12 01:25:16.032892|[g:1][CONSENSUS]addRawPrepare,height=6,reqIdx=0,hash=c2fe1b97...
info|2019-12-12 01:25:16.033531|[g:1][CONSENSUS][PBFT]checkTimeout Succ,view=49059,toView=49060,nodeIdx=3,changeCycle=0,myNode=de0436d1...,timecost=0.516
info|2019-12-12 01:25:16.034814|[g:1][CONSENSUS][PBFT]checkAndChangeView: Reach consensus,org_view=49059,org_changeCycle=0,cur_changeCycle=0,to_view=49060
info|2019-12-12 01:25:17.036978|[g:1][CONSENSUS]addRawPrepare,height=6,reqIdx=1,hash=cc478de5...
info|2019-12-12 01:25:17.037750|[g:1][CONSENSUS][PBFT]checkTimeout Succ,view=49060,toView=49061,nodeIdx=3,changeCycle=0,myNode=de0436d1...,timecost=0.64
info|2019-12-12 01:25:17.039323|[g:1][CONSENSUS][PBFT]checkAndChangeView: Reach consensus,org_view=49060,org_changeCycle=0,cur_changeCycle=0,to_view=49061
info|2019-12-12 01:25:18.041233|[g:1][CONSENSUS]addRawPrepare,height=6,reqIdx=2,hash=e5626ae0...
info|2019-12-12 01:25:18.041783|[g:1][CONSENSUS][PBFT]checkTimeout Succ,view=49061,toView=49062,nodeIdx=3,changeCycle=0,myNode=de0436d1...,timecost=0.443
info|2019-12-12 01:25:18.043289|[g:1][CONSENSUS][PBFT]checkAndChangeView: Reach consensus,org_view=49061,org_changeCycle=0,cur_changeCycle=0,to_view=49062
info|2019-12-12 01:25:19.014086|[P2P][Service] heartBeat,connected count=3
info|2019-12-12 01:25:19.044607|[g:1][CONSENSUS][SEALER]++++++++++++++++ Generating seal on,blkNum=6,tx=0,nodeIdx=3,hash=6552223d...
info|2019-12-12 01:25:19.047534|[g:1][CONSENSUS][PBFT]checkTimeout Succ,view=49062,toView=49063,nodeIdx=3,changeCycle=0,myNode=de0436d1...,timecost=0.346
info|2019-12-12 01:25:19.048175|[g:1][CONSENSUS][PBFT]checkAndChangeView: Reach consensus,org_view=49062,org_changeCycle=0,cur_changeCycle=0,to_view=49063
info|2019-12-12 01:25:20.049550|[g:1][CONSENSUS]addRawPrepare,height=6,reqIdx=0,hash=134b7b1c...
info|2019-12-12 01:25:20.050173|[g:1][CONSENSUS][PBFT]checkTimeout Succ,view=49063,toView=49064,nodeIdx=3,changeCycle=0,myNode=de0436d1...,timecost=0.471
info|2019-12-12 01:25:20.051736|[g:1][CONSENSUS][PBFT]checkAndChangeView: Reach consensus,org_view=49063,org_changeCycle=0,cur_changeCycle=0,to_view=49064
info|2019-12-12 01:25:21.052741|[g:1][CONSENSUS]addRawPrepare,height=6,reqIdx=1,hash=14f1cc4e...
info|2019-12-12 01:25:21.053437|[g:1][CONSENSUS][PBFT]checkTimeout Succ,view=49064,toView=49065,nodeIdx=3,changeCycle=0,myNode=de0436d1...,timecost=0.535
info|2019-12-12 01:25:21.055316|[g:1][CONSENSUS][PBFT]checkAndChangeView: Reach consensus,org_view=49064,org_changeCycle=0,cur_changeCycle=0,to_view=49065
info|2019-12-12 01:25:22.057787|[g:1][CONSENSUS]addRawPrepare,height=6,reqIdx=2,hash=566d1b1f...
info|2019-12-12 01:25:22.058447|[g:1][CONSENSUS][PBFT]checkTimeout Succ,view=49065,toView=49066,nodeIdx=3,changeCycle=0,myNode=de0436d1...,timecost=0.507
info|2019-12-12 01:25:22.059984|[g:1][CONSENSUS][PBFT]checkAndChangeView: Reach consensus,org_view=49065,org_changeCycle=0,cur_changeCycle=0,to_view=49066
info|2019-12-12 01:25:23.061347|[g:1][CONSENSUS][SEALER]++++++++++++++++ Generating seal on,blkNum=6,tx=0,nodeIdx=3,hash=0f9050de...
info|2019-12-12 01:25:23.064350|[g:1][CONSENSUS][PBFT]checkTimeout Succ,view=49066,toView=49067,nodeIdx=3,changeCycle=0,myNode=de0436d1...,timecost=0.457
info|2019-12-12 01:25:23.065227|[g:1][CONSENSUS][PBFT]checkAndChangeView: Reach consensus,org_view=49066,org_changeCycle=0,cur_changeCycle=0,to_view=49067
info|2019-12-12 01:25:24.066837|[g:1][CONSENSUS]addRawPrepare,height=6,reqIdx=0,hash=fa07c5d0...
info|2019-12-12 01:25:24.067559|[g:1][CONSENSUS][PBFT]checkTimeout Succ,view=49067,toView=49068,nodeIdx=3,changeCycle=0,myNode=de0436d1...,timecost=0.591
info|2019-12-12 01:25:24.069540|[g:1][CONSENSUS][PBFT]checkAndChangeView: Reach consensus,org_view=49067,org_changeCycle=0,cur_changeCycle=0,to_view=49068
info|2019-12-12 01:25:25.070813|[g:1][CONSENSUS]addRawPrepare,height=6,reqIdx=1,hash=d41ea23d...
info|2019-12-12 01:25:25.071545|[g:1][CONSENSUS][PBFT]checkTimeout Succ,view=49068,toView=49069,nodeIdx=3,changeCycle=0,myNode=de0436d1...,timecost=0.554
info|2019-12-12 01:25:25.072944|[g:1][CONSENSUS][PBFT]checkAndChangeView: Reach consensus,org_view=49068,org_changeCycle=0,cur_changeCycle=0,to_view=49069
info|2019-12-12 01:25:26.074902|[g:1][CONSENSUS]addRawPrepare,height=6,reqIdx=2,hash=96d0952c...
info|2019-12-12 01:25:26.075725|[g:1][CONSENSUS][PBFT]checkTimeout Succ,view=49069,toView=49070,nodeIdx=3,changeCycle=0,myNode=de0436d1...,timecost=0.656
info|2019-12-12 01:25:26.077366|[g:1][CONSENSUS][PBFT]checkAndChangeView: Reach consensus,org_view=49069,org_changeCycle=0,cur_changeCycle=0,to_view=49070
info|2019-12-12 01:25:27.078788|[g:1][CONSENSUS][SEALER]++++++++++++++++ Generating seal on,blkNum=6,tx=0,nodeIdx=3,hash=cea813fe...
info|2019-12-12 01:25:27.079842|[g:1][CONSENSUS][PBFT]checkTimeout Succ,view=49070,toView=49071,nodeIdx=3,changeCycle=0,myNode=de0436d1...,timecost=0.57
info|2019-12-12 01:25:27.082295|[g:1][CONSENSUS][PBFT]checkAndChangeView: Reach consensus,org_view=49070,org_changeCycle=0,cur_changeCycle=0,to_view=49071
info|2019-12-12 01:25:28.083364|[g:1][CONSENSUS]addRawPrepare,height=6,reqIdx=0,hash=85152f8e...
info|2019-12-12 01:25:28.084064|[g:1][CONSENSUS][PBFT]checkTimeout Succ,view=49071,toView=49072,nodeIdx=3,changeCycle=0,myNode=de0436d1...,timecost=0.539
info|2019-12-12 01:25:28.085675|[g:1][CONSENSUS][PBFT]checkAndChangeView: Reach consensus,org_view=49071,org_changeCycle=0,cur_changeCycle=0,to_view=49072
info|2019-12-12 01:25:29.021481|[P2P][Service] heartBeat,connected count=3
info|2019-12-12 01:25:29.087077|[g:1][CONSENSUS]addRawPrepare,height=6,reqIdx=1,hash=9f9abdd8...
info|2019-12-12 01:25:29.087909|[g:1][CONSENSUS][PBFT]checkTimeout Succ,view=49072,toView=49073,nodeIdx=3,changeCycle=0,myNode=de0436d1...,timecost=0.694
info|2019-12-12 01:25:29.089402|[g:1][CONSENSUS][PBFT]checkAndChangeView: Reach consensus,org_view=49072,org_changeCycle=0,cur_changeCycle=0,to_view=49073
info|2019-12-12 01:25:30.090638|[g:1][CONSENSUS]addRawPrepare,height=6,reqIdx=2,hash=b125c450...
info|2019-12-12 01:25:30.091248|[g:1][CONSENSUS][PBFT]checkTimeout Succ,view=49073,toView=49074,nodeIdx=3,changeCycle=0,myNode=de0436d1...,timecost=0.48
info|2019-12-12 01:25:30.092871|[g:1][CONSENSUS][PBFT]checkAndChangeView: Reach consensus,org_view=49073,org_changeCycle=0,cur_changeCycle=0,to_view=49074
info|2019-12-12 01:25:31.092618|[g:1][CONSENSUS][SEALER]++++++++++++++++ Generating seal on,blkNum=6,tx=0,nodeIdx=3,hash=749293ed...
info|2019-12-12 01:25:31.093560|[g:1][CONSENSUS][PBFT]checkTimeout Succ,view=49074,toView=49075,nodeIdx=3,changeCycle=0,myNode=de0436d1...,timecost=0.518
info|2019-12-12 01:25:31.096358|[g:1][CONSENSUS][PBFT]checkAndChangeView: Reach consensus,org_view=49074,org_changeCycle=0,cur_changeCycle=0,to_view=49075
info|2019-12-12 01:25:32.096301|[g:1][CONSENSUS]addRawPrepare,height=6,reqIdx=0,hash=3f8c0fdf...
info|2019-12-12 01:25:32.097008|[g:1][CONSENSUS][PBFT]checkTimeout Succ,view=49075,toView=49076,nodeIdx=3,changeCycle=0,myNode=de0436d1...,timecost=0.525
info|2019-12-12 01:25:32.099069|[g:1][CONSENSUS][PBFT]checkAndChangeView: Reach consensus,org_view=49075,org_changeCycle=0,cur_changeCycle=0,to_view=49076
info|2019-12-12 01:25:33.100147|[g:1][CONSENSUS]addRawPrepare,height=6,reqIdx=1,hash=31a08c6c...
info|2019-12-12 01:25:33.101017|[g:1][CONSENSUS][PBFT]checkTimeout Succ,view=49076,toView=49077,nodeIdx=3,changeCycle=0,myNode=de0436d1...,timecost=0.57
info|2019-12-12 01:25:33.102341|[g:1][CONSENSUS][PBFT]checkAndChangeView: Reach consensus,org_view=49076,org_changeCycle=0,cur_changeCycle=0,to_view=49077
info|2019-12-12 01:25:34.104247|[g:1][CONSENSUS]addRawPrepare,height=6,reqIdx=2,hash=dceb1611...
info|2019-12-12 01:25:34.105052|[g:1][CONSENSUS][PBFT]checkTimeout Succ,view=49077,toView=49078,nodeIdx=3,changeCycle=0,myNode=de0436d1...,timecost=0.659
info|2019-12-12 01:25:34.106744|[g:1][CONSENSUS][PBFT]checkAndChangeView: Reach consensus,org_view=49077,org_changeCycle=0,cur_changeCycle=0,to_view=49078
info|2019-12-12 01:25:35.106653|[g:1][CONSENSUS][SEALER]++++++++++++++++ Generating seal on,blkNum=6,tx=0,nodeIdx=3,hash=0bd3e9a1...
info|2019-12-12 01:25:35.107610|[g:1][CONSENSUS][PBFT]checkTimeout Succ,view=49078,toView=49079,nodeIdx=3,changeCycle=0,myNode=de0436d1...,timecost=0.482
info|2019-12-12 01:25:35.110091|[g:1][CONSENSUS][PBFT]checkAndChangeView: Reach consensus,org_view=49078,org_changeCycle=0,cur_changeCycle=0,to_view=49079
info|2019-12-12 01:25:36.111761|[g:1][CONSENSUS]addRawPrepare,height=6,reqIdx=0,hash=4522d43b...
info|2019-12-12 01:25:36.112432|[g:1][CONSENSUS][PBFT]checkTimeout Succ,view=49079,toView=49080,nodeIdx=3,changeCycle=0,myNode=de0436d1...,timecost=0.545
info|2019-12-12 01:25:36.113991|[g:1][CONSENSUS][PBFT]checkAndChangeView: Reach consensus,org_view=49079,org_changeCycle=0,cur_changeCycle=0,to_view=49080
info|2019-12-12 01:25:37.115955|[g:1][CONSENSUS]addRawPrepare,height=6,reqIdx=1,hash=52eb7cca...
info|2019-12-12 01:25:37.116646|[g:1][CONSENSUS][PBFT]checkTimeout Succ,view=49080,toView=49081,nodeIdx=3,changeCycle=0,myNode=de0436d1...,timecost=0.54
info|2019-12-12 01:25:37.118233|[g:1][CONSENSUS][PBFT]checkAndChangeView: Reach consensus,org_view=49080,org_changeCycle=0,cur_changeCycle=0,to_view=49081
info|2019-12-12 01:25:38.120181|[g:1][CONSENSUS]addRawPrepare,height=6,reqIdx=2,hash=1dfa2547...
info|2019-12-12 01:25:38.120708|[g:1][CONSENSUS][PBFT]checkTimeout Succ,view=49081,toView=49082,nodeIdx=3,changeCycle=0,myNode=de0436d1...,timecost=0.401
info|2019-12-12 01:25:38.121999|[g:1][CONSENSUS][PBFT]checkAndChangeView: Reach consensus,org_view=49081,org_changeCycle=0,cur_changeCycle=0,to_view=49082
info|2019-12-12 01:25:39.026275|[P2P][Service] heartBeat,connected count=3
info|2019-12-12 01:25:39.122969|[g:1][CONSENSUS][SEALER]++++++++++++++++ Generating seal on,blkNum=6,tx=0,nodeIdx=3,hash=67567a46...
info|2019-12-12 01:25:39.125875|[g:1][CONSENSUS][PBFT]checkTimeout Succ,view=49082,toView=49083,nodeIdx=3,changeCycle=0,myNode=de0436d1...,timecost=0.372
info|2019-12-12 01:25:39.126460|[g:1][CONSENSUS][PBFT]checkAndChangeView: Reach consensus,org_view=49082,org_changeCycle=0,cur_changeCycle=0,to_view=49083
info|2019-12-12 01:25:40.127732|[g:1][CONSENSUS]addRawPrepare,height=6,reqIdx=0,hash=feb38dc5...
info|2019-12-12 01:25:40.128295|[g:1][CONSENSUS][PBFT]checkTimeout Succ,view=49083,toView=49084,nodeIdx=3,changeCycle=0,myNode=de0436d1...,timecost=0.441
info|2019-12-12 01:25:40.129708|[g:1][CONSENSUS][PBFT]checkAndChangeView: Reach consensus,org_view=49083,org_changeCycle=0,cur_changeCycle=0,to_view=49084
info|2019-12-12 01:25:41.131976|[g:1][CONSENSUS]addRawPrepare,height=6,reqIdx=1,hash=bddad8f6...
info|2019-12-12 01:25:41.132668|[g:1][CONSENSUS][PBFT]checkTimeout Succ,view=49084,toView=49085,nodeIdx=3,changeCycle=0,myNode=de0436d1...,timecost=0.527
info|2019-12-12 01:25:41.134115|[g:1][CONSENSUS][PBFT]checkAndChangeView: Reach consensus,org_view=49084,org_changeCycle=0,cur_changeCycle=0,to_view=49085
info|2019-12-12 01:25:42.136973|[g:1][CONSENSUS]addRawPrepare,height=6,reqIdx=2,hash=bdb65fff...
info|2019-12-12 01:25:42.137525|[g:1][CONSENSUS][PBFT]checkTimeout Succ,view=49085,toView=49086,nodeIdx=3,changeCycle=0,myNode=de0436d1...,timecost=0.43
info|2019-12-12 01:25:42.138913|[g:1][CONSENSUS][PBFT]checkAndChangeView: Reach consensus,org_view=49085,org_changeCycle=0,cur_changeCycle=0,to_view=49086
info|2019-12-12 01:25:43.139118|[g:1][CONSENSUS][SEALER]++++++++++++++++ Generating seal on,blkNum=6,tx=0,nodeIdx=3,hash=07b82802...
info|2019-12-12 01:25:43.140037|[g:1][CONSENSUS][PBFT]checkTimeout Succ,view=49086,toView=49087,nodeIdx=3,changeCycle=0,myNode=de0436d1...,timecost=0.391
info|2019-12-12 01:25:43.142456|[g:1][CONSENSUS][PBFT]checkAndChangeView: Reach consensus,org_view=49086,org_changeCycle=0,cur_changeCycle=0,to_view=49087
info|2019-12-12 01:25:44.144565|[g:1][CONSENSUS]addRawPrepare,height=6,reqIdx=0,hash=1d4e184b...
info|2019-12-12 01:25:44.145790|[g:1][CONSENSUS][PBFT]checkTimeout Succ,view=49087,toView=49088,nodeIdx=3,changeCycle=0,myNode=de0436d1...,timecost=1.056
info|2019-12-12 01:25:44.147334|[g:1][CONSENSUS][PBFT]checkAndChangeView: Reach consensus,org_view=49087,org_changeCycle=0,cur_changeCycle=0,to_view=49088
info|2019-12-12 01:25:45.148184|[g:1][CONSENSUS]addRawPrepare,height=6,reqIdx=1,hash=22a86b50...
info|2019-12-12 01:25:45.148835|[g:1][CONSENSUS][PBFT]checkTimeout Succ,view=49088,toView=49089,nodeIdx=3,changeCycle=0,myNode=de0436d1...,timecost=0.486
info|2019-12-12 01:25:45.150115|[g:1][CONSENSUS][PBFT]checkAndChangeView: Reach consensus,org_view=49088,org_changeCycle=0,cur_changeCycle=0,to_view=49089
info|2019-12-12 01:25:46.151360|[g:1][CONSENSUS]addRawPrepare,height=6,reqIdx=2,hash=130108e5...
info|2019-12-12 01:25:46.151914|[g:1][CONSENSUS][PBFT]checkTimeout Succ,view=49089,toView=49090,nodeIdx=3,changeCycle=0,myNode=de0436d1...,timecost=0.422
info|2019-12-12 01:25:46.153446|[g:1][CONSENSUS][PBFT]checkAndChangeView: Reach consensus,org_view=49089,org_changeCycle=0,cur_changeCycle=0,to_view=49090
info|2019-12-12 01:25:47.153365|[g:1][CONSENSUS][SEALER]++++++++++++++++ Generating seal on,blkNum=6,tx=0,nodeIdx=3,hash=2ce530dd...
info|2019-12-12 01:25:47.154123|[g:1][CONSENSUS][PBFT]checkTimeout Succ,view=49090,toView=49091,nodeIdx=3,changeCycle=0,myNode=de0436d1...,timecost=0.378
info|2019-12-12 01:25:47.156985|[g:1][CONSENSUS][PBFT]checkAndChangeView: Reach consensus,org_view=49090,org_changeCycle=0,cur_changeCycle=0,to_view=49091
info|2019-12-12 01:25:48.157487|[g:1][CONSENSUS]addRawPrepare,height=6,reqIdx=0,hash=1b349170...
info|2019-12-12 01:25:48.158210|[g:1][CONSENSUS][PBFT]checkTimeout Succ,view=49091,toView=49092,nodeIdx=3,changeCycle=0,myNode=de0436d1...,timecost=0.577
info|2019-12-12 01:25:48.159869|[g:1][CONSENSUS][PBFT]checkAndChangeView: Reach consensus,org_view=49091,org_changeCycle=0,cur_changeCycle=0,to_view=49092
info|2019-12-12 01:25:49.032942|[P2P][Service] heartBeat,connected count=3
info|2019-12-12 01:25:49.161560|[g:1][CONSENSUS]addRawPrepare,height=6,reqIdx=1,hash=87e68a3b...
info|2019-12-12 01:25:49.162656|[g:1][CONSENSUS][PBFT]checkTimeout Succ,view=49092,toView=49093,nodeIdx=3,changeCycle=0,myNode=de0436d1...,timecost=0.95
info|2019-12-12 01:25:49.168164|[g:1][CONSENSUS][PBFT]checkAndChangeView: Reach consensus,org_view=49092,org_changeCycle=0,cur_changeCycle=0,to_view=49093
info|2019-12-12 01:25:50.168525|[g:1][CONSENSUS]addRawPrepare,height=6,reqIdx=2,hash=b0989cd4...
info|2019-12-12 01:25:50.169129|[g:1][CONSENSUS][PBFT]checkTimeout Succ,view=49093,toView=49094,nodeIdx=3,changeCycle=0,myNode=de0436d1...,timecost=0.471
info|2019-12-12 01:25:50.170600|[g:1][CONSENSUS][PBFT]checkAndChangeView: Reach consensus,org_view=49093,org_changeCycle=0,cur_changeCycle=0,to_view=49094
info|2019-12-12 01:25:51.170232|[g:1][CONSENSUS][SEALER]++++++++++++++++ Generating seal on,blkNum=6,tx=0,nodeIdx=3,hash=89e5e47c...
info|2019-12-12 01:25:51.170805|[g:1][CONSENSUS][PBFT]checkTimeout Succ,view=49094,toView=49095,nodeIdx=3,changeCycle=0,myNode=de0436d1...,timecost=0.264
info|2019-12-12 01:25:51.172694|[g:1][CONSENSUS][PBFT]checkAndChangeView: Reach consensus,org_view=49094,org_changeCycle=0,cur_changeCycle=0,to_view=49095
info|2019-12-12 01:25:52.174103|[g:1][CONSENSUS]addRawPrepare,height=6,reqIdx=0,hash=0796b9cc...
info|2019-12-12 01:25:52.174763|[g:1][CONSENSUS][PBFT]checkTimeout Succ,view=49095,toView=49096,nodeIdx=3,changeCycle=0,myNode=de0436d1...,timecost=0.544
info|2019-12-12 01:25:52.176260|[g:1][CONSENSUS][PBFT]checkAndChangeView: Reach consensus,org_view=49095,org_changeCycle=0,cur_changeCycle=0,to_view=49096
info|2019-12-12 01:25:53.177448|[g:1][CONSENSUS]addRawPrepare,height=6,reqIdx=1,hash=b598282d...
info|2019-12-12 01:25:53.178066|[g:1][CONSENSUS][PBFT]checkTimeout Succ,view=49096,toView=49097,nodeIdx=3,changeCycle=0,myNode=de0436d1...,timecost=0.441
info|2019-12-12 01:25:53.179911|[g:1][CONSENSUS][PBFT]checkAndChangeView: Reach consensus,org_view=49096,org_changeCycle=0,cur_changeCycle=0,to_view=49097
info|2019-12-12 01:25:54.181481|[g:1][CONSENSUS]addRawPrepare,height=6,reqIdx=2,hash=4a4e0d03...
info|2019-12-12 01:25:54.182547|[g:1][CONSENSUS][PBFT]checkTimeout Succ,view=49097,toView=49098,nodeIdx=3,changeCycle=0,myNode=de0436d1...,timecost=0.911
info|2019-12-12 01:25:54.184421|[g:1][CONSENSUS][PBFT]checkAndChangeView: Reach consensus,org_view=49097,org_changeCycle=0,cur_changeCycle=0,to_view=49098
info|2019-12-12 01:25:55.184674|[g:1][CONSENSUS][SEALER]++++++++++++++++ Generating seal on,blkNum=6,tx=0,nodeIdx=3,hash=5d059aa2...
info|2019-12-12 01:25:55.187390|[g:1][CONSENSUS][PBFT]checkTimeout Succ,view=49098,toView=49099,nodeIdx=3,changeCycle=0,myNode=de0436d1...,timecost=0.411
info|2019-12-12 01:25:55.188913|[g:1][CONSENSUS][PBFT]checkAndChangeView: Reach consensus,org_view=49098,org_changeCycle=0,cur_changeCycle=0,to_view=49099
info|2019-12-12 01:25:56.190366|[g:1][CONSENSUS]addRawPrepare,height=6,reqIdx=0,hash=b2d335a8...
info|2019-12-12 01:25:56.191093|[g:1][CONSENSUS][PBFT]checkTimeout Succ,view=49099,toView=49100,nodeIdx=3,changeCycle=0,myNode=de0436d1...,timecost=0.57
info|2019-12-12 01:25:56.192598|[g:1][CONSENSUS][PBFT]checkAndChangeView: Reach consensus,org_view=49099,org_changeCycle=0,cur_changeCycle=0,to_view=49100
info|2019-12-12 01:25:57.193853|[g:1][CONSENSUS]addRawPrepare,height=6,reqIdx=1,hash=7d270285...
info|2019-12-12 01:25:57.194559|[g:1][CONSENSUS][PBFT]checkTimeout Succ,view=49100,toView=49101,nodeIdx=3,changeCycle=0,myNode=de0436d1...,timecost=0.529
info|2019-12-12 01:25:57.195908|[g:1][CONSENSUS][PBFT]checkAndChangeView: Reach consensus,org_view=49100,org_changeCycle=0,cur_changeCycle=0,to_view=49101
info|2019-12-12 01:25:58.197488|[g:1][CONSENSUS]addRawPrepare,height=6,reqIdx=2,hash=742131db...
info|2019-12-12 01:25:58.198084|[g:1][CONSENSUS][PBFT]checkTimeout Succ,view=49101,toView=49102,nodeIdx=3,changeCycle=0,myNode=de0436d1...,timecost=0.43
info|2019-12-12 01:25:58.199585|[g:1][CONSENSUS][PBFT]checkAndChangeView: Reach consensus,org_view=49101,org_changeCycle=0,cur_changeCycle=0,to_view=49102
info|2019-12-12 01:25:59.039088|[P2P][Service] heartBeat,connected count=3
info|2019-12-12 01:25:59.199890|[g:1][CONSENSUS][SEALER]++++++++++++++++ Generating seal on,blkNum=6,tx=0,nodeIdx=3,hash=b346cae8...
info|2019-12-12 01:25:59.203541|[g:1][CONSENSUS][PBFT]checkTimeout Succ,view=49102,toView=49103,nodeIdx=3,changeCycle=0,myNode=de0436d1...,timecost=0.461
info|2019-12-12 01:25:59.204241|[g:1][CONSENSUS][PBFT]checkAndChangeView: Reach consensus,org_view=49102,org_changeCycle=0,cur_changeCycle=0,to_view=49103
info|2019-12-12 01:26:00.205666|[g:1][CONSENSUS]addRawPrepare,height=6,reqIdx=0,hash=e07579ca...
info|2019-12-12 01:26:00.206249|[g:1][CONSENSUS][PBFT]checkTimeout Succ,view=49103,toView=49104,nodeIdx=3,changeCycle=0,myNode=de0436d1...,timecost=0.459
info|2019-12-12 01:26:00.207612|[g:1][CONSENSUS][PBFT]checkAndChangeView: Reach consensus,org_view=49103,org_changeCycle=0,cur_changeCycle=0,to_view=49104
info|2019-12-12 01:26:01.209684|[g:1][CONSENSUS]addRawPrepare,height=6,reqIdx=1,hash=ab0a7d89...
info|2019-12-12 01:26:01.210345|[g:1][CONSENSUS][PBFT]checkTimeout Succ,view=49104,toView=49105,nodeIdx=3,changeCycle=0,myNode=de0436d1...,timecost=0.522
info|2019-12-12 01:26:01.211718|[g:1][CONSENSUS][PBFT]checkAndChangeView: Reach consensus,org_view=49104,org_changeCycle=0,cur_changeCycle=0,to_view=49105
