info|2019-11-12 00:26:16.008072|[P2P][Service] heartBeat,connected count=3
warning|2019-11-12 00:26:16.009953|[g:1][CONSENSUS][PBFT]ViewChangeWarning: not caused by omit empty block ,v=22272,toV=22273,curNum=0,hash=f72cae63...,nodeIdx=3,myNode=de0436d1...
info|2019-11-12 00:26:16.010090|[g:1][CONSENSUS][PBFT]checkTimeout Succ,view=22272,toView=22273,nodeIdx=3,changeCycle=1,myNode=de0436d1...,timecost=0.579
info|2019-11-12 00:26:16.011977|[g:1][CONSENSUS][PBFT]checkAndChangeView: Reach consensus,org_view=22272,org_changeCycle=1,cur_changeCycle=1,to_view=22273
info|2019-11-12 00:26:17.013702|[g:1][CONSENSUS]addRawPrepare,height=1,reqIdx=1,hash=90bd404f...
info|2019-11-12 00:26:17.015126|[g:1][CONSENSUS][PBFT]checkTimeout Succ,view=22273,toView=22274,nodeIdx=3,changeCycle=0,myNode=de0436d1...,timecost=0.468
info|2019-11-12 00:26:17.016391|[g:1][CONSENSUS][PBFT]checkAndChangeView: Reach consensus,org_view=22273,org_changeCycle=0,cur_changeCycle=0,to_view=22274
info|2019-11-12 00:26:18.018047|[g:1][CONSENSUS]addRawPrepare,height=1,reqIdx=2,hash=ac09e8da...
info|2019-11-12 00:26:18.018748|[g:1][CONSENSUS][PBFT]checkTimeout Succ,view=22274,toView=22275,nodeIdx=3,changeCycle=0,myNode=de0436d1...,timecost=0.551
info|2019-11-12 00:26:18.020433|[g:1][CONSENSUS][PBFT]checkAndChangeView: Reach consensus,org_view=22274,org_changeCycle=0,cur_changeCycle=0,to_view=22275
info|2019-11-12 00:26:19.021285|[g:1][CONSENSUS][SEALER]++++++++++++++++ Generating seal on,blkNum=1,tx=0,nodeIdx=3,hash=dad3ce14...
info|2019-11-12 00:26:19.024041|[g:1][CONSENSUS][PBFT]checkTimeout Succ,view=22275,toView=22276,nodeIdx=3,changeCycle=0,myNode=de0436d1...,timecost=0.393
info|2019-11-12 00:26:19.024624|[g:1][CONSENSUS][PBFT]checkAndChangeView: Reach consensus,org_view=22275,org_changeCycle=0,cur_changeCycle=0,to_view=22276
info|2019-11-12 00:26:20.025611|[g:1][CONSENSUS]addRawPrepare,height=1,reqIdx=0,hash=a6c14f00...
info|2019-11-12 00:26:20.026185|[g:1][CONSENSUS][PBFT]checkTimeout Succ,view=22276,toView=22277,nodeIdx=3,changeCycle=0,myNode=de0436d1...,timecost=0.402
info|2019-11-12 00:26:20.027279|[g:1][CONSENSUS][PBFT]checkAndChangeView: Reach consensus,org_view=22276,org_changeCycle=0,cur_changeCycle=0,to_view=22277
info|2019-11-12 00:26:21.029654|[g:1][CONSENSUS]addRawPrepare,height=1,reqIdx=1,hash=cfbb777b...
info|2019-11-12 00:26:21.030332|[g:1][CONSENSUS][PBFT]checkTimeout Succ,view=22277,toView=22278,nodeIdx=3,changeCycle=0,myNode=de0436d1...,timecost=0.551
info|2019-11-12 00:26:21.031909|[g:1][CONSENSUS][PBFT]checkAndChangeView: Reach consensus,org_view=22277,org_changeCycle=0,cur_changeCycle=0,to_view=22278
info|2019-11-12 00:26:22.034541|[g:1][CONSENSUS]addRawPrepare,height=1,reqIdx=2,hash=e1064050...
info|2019-11-12 00:26:22.035186|[g:1][CONSENSUS][PBFT]checkTimeout Succ,view=22278,toView=22279,nodeIdx=3,changeCycle=0,myNode=de0436d1...,timecost=0.509
info|2019-11-12 00:26:22.036810|[g:1][CONSENSUS][PBFT]checkAndChangeView: Reach consensus,org_view=22278,org_changeCycle=0,cur_changeCycle=0,to_view=22279
info|2019-11-12 00:26:23.037369|[g:1][CONSENSUS][SEALER]++++++++++++++++ Generating seal on,blkNum=1,tx=0,nodeIdx=3,hash=5521e8b0...
info|2019-11-12 00:26:23.038477|[g:1][CONSENSUS][PBFT]checkTimeout Succ,view=22279,toView=22280,nodeIdx=3,changeCycle=0,myNode=de0436d1...,timecost=0.589
info|2019-11-12 00:26:23.041035|[g:1][CONSENSUS][PBFT]checkAndChangeView: Reach consensus,org_view=22279,org_changeCycle=0,cur_changeCycle=0,to_view=22280
info|2019-11-12 00:26:24.042830|[g:1][CONSENSUS]addRawPrepare,height=1,reqIdx=0,hash=8986f093...
info|2019-11-12 00:26:24.043496|[g:1][CONSENSUS][PBFT]checkTimeout Succ,view=22280,toView=22281,nodeIdx=3,changeCycle=0,myNode=de0436d1...,timecost=0.456
info|2019-11-12 00:26:24.045241|[g:1][CONSENSUS][PBFT]checkAndChangeView: Reach consensus,org_view=22280,org_changeCycle=0,cur_changeCycle=0,to_view=22281
info|2019-11-12 00:26:25.046828|[g:1][CONSENSUS]addRawPrepare,height=1,reqIdx=1,hash=7e00c5e8...
info|2019-11-12 00:26:25.047640|[g:1][CONSENSUS][PBFT]checkTimeout Succ,view=22281,toView=22282,nodeIdx=3,changeCycle=0,myNode=de0436d1...,timecost=0.675
info|2019-11-12 00:26:25.048987|[g:1][CONSENSUS][PBFT]checkAndChangeView: Reach consensus,org_view=22281,org_changeCycle=0,cur_changeCycle=0,to_view=22282
info|2019-11-12 00:26:26.011584|[P2P][Service] heartBeat,connected count=3
info|2019-11-12 00:26:26.051295|[g:1][CONSENSUS]addRawPrepare,height=1,reqIdx=2,hash=ab71ac51...
info|2019-11-12 00:26:26.052128|[g:1][CONSENSUS][PBFT]checkTimeout Succ,view=22282,toView=22283,nodeIdx=3,changeCycle=0,myNode=de0436d1...,timecost=0.622
info|2019-11-12 00:26:26.053494|[g:1][CONSENSUS][PBFT]checkAndChangeView: Reach consensus,org_view=22282,org_changeCycle=0,cur_changeCycle=0,to_view=22283
info|2019-11-12 00:26:27.053606|[g:1][CONSENSUS][SEALER]++++++++++++++++ Generating seal on,blkNum=1,tx=0,nodeIdx=3,hash=fd7586c6...
info|2019-11-12 00:26:27.056223|[g:1][CONSENSUS][PBFT]checkTimeout Succ,view=22283,toView=22284,nodeIdx=3,changeCycle=0,myNode=de0436d1...,timecost=0.47
info|2019-11-12 00:26:27.056941|[g:1][CONSENSUS][PBFT]checkAndChangeView: Reach consensus,org_view=22283,org_changeCycle=0,cur_changeCycle=0,to_view=22284
info|2019-11-12 00:26:28.058221|[g:1][CONSENSUS]addRawPrepare,height=1,reqIdx=0,hash=00555617...
info|2019-11-12 00:26:28.058850|[g:1][CONSENSUS][PBFT]checkTimeout Succ,view=22284,toView=22285,nodeIdx=3,changeCycle=0,myNode=de0436d1...,timecost=0.471
info|2019-11-12 00:26:28.060363|[g:1][CONSENSUS][PBFT]checkAndChangeView: Reach consensus,org_view=22284,org_changeCycle=0,cur_changeCycle=0,to_view=22285
info|2019-11-12 00:26:29.061823|[g:1][CONSENSUS]addRawPrepare,height=1,reqIdx=1,hash=e38d5e7d...
info|2019-11-12 00:26:29.062427|[g:1][CONSENSUS][PBFT]checkTimeout Succ,view=22285,toView=22286,nodeIdx=3,changeCycle=0,myNode=de0436d1...,timecost=0.48
info|2019-11-12 00:26:29.063638|[g:1][CONSENSUS][PBFT]checkAndChangeView: Reach consensus,org_view=22285,org_changeCycle=0,cur_changeCycle=0,to_view=22286
info|2019-11-12 00:26:30.064736|[g:1][CONSENSUS]addRawPrepare,height=1,reqIdx=2,hash=edaf30e5...
info|2019-11-12 00:26:30.065460|[g:1][CONSENSUS][PBFT]checkTimeout Succ,view=22286,toView=22287,nodeIdx=3,changeCycle=0,myNode=de0436d1...,timecost=0.592
info|2019-11-12 00:26:30.067173|[g:1][CONSENSUS][PBFT]checkAndChangeView: Reach consensus,org_view=22286,org_changeCycle=0,cur_changeCycle=0,to_view=22287
info|2019-11-12 00:26:31.068766|[g:1][CONSENSUS][SEALER]++++++++++++++++ Generating seal on,blkNum=1,tx=0,nodeIdx=3,hash=38bf8ada...
info|2019-11-12 00:26:31.072558|[g:1][CONSENSUS][PBFT]checkTimeout Succ,view=22287,toView=22288,nodeIdx=3,changeCycle=0,myNode=de0436d1...,timecost=0.583
info|2019-11-12 00:26:31.073291|[g:1][CONSENSUS][PBFT]checkAndChangeView: Reach consensus,org_view=22287,org_changeCycle=0,cur_changeCycle=0,to_view=22288
info|2019-11-12 00:26:32.074998|[g:1][CONSENSUS]addRawPrepare,height=1,reqIdx=0,hash=83e01bd8...
info|2019-11-12 00:26:32.075628|[g:1][CONSENSUS][PBFT]checkTimeout Succ,view=22288,toView=22289,nodeIdx=3,changeCycle=0,myNode=de0436d1...,timecost=0.498
info|2019-11-12 00:26:32.076999|[g:1][CONSENSUS][PBFT]checkAndChangeView: Reach consensus,org_view=22288,org_changeCycle=0,cur_changeCycle=0,to_view=22289
info|2019-11-12 00:26:33.078780|[g:1][CONSENSUS]addRawPrepare,height=1,reqIdx=1,hash=4818d879...
info|2019-11-12 00:26:33.079483|[g:1][CONSENSUS][PBFT]checkTimeout Succ,view=22289,toView=22290,nodeIdx=3,changeCycle=0,myNode=de0436d1...,timecost=0.534
info|2019-11-12 00:26:33.080887|[g:1][CONSENSUS][PBFT]checkAndChangeView: Reach consensus,org_view=22289,org_changeCycle=0,cur_changeCycle=0,to_view=22290
info|2019-11-12 00:26:34.083618|[g:1][CONSENSUS]addRawPrepare,height=1,reqIdx=2,hash=4da18fe5...
info|2019-11-12 00:26:34.084260|[g:1][CONSENSUS][PBFT]checkTimeout Succ,view=22290,toView=22291,nodeIdx=3,changeCycle=0,myNode=de0436d1...,timecost=0.516
info|2019-11-12 00:26:34.085629|[g:1][CONSENSUS][PBFT]checkAndChangeView: Reach consensus,org_view=22290,org_changeCycle=0,cur_changeCycle=0,to_view=22291
info|2019-11-12 00:26:35.085361|[g:1][CONSENSUS][SEALER]++++++++++++++++ Generating seal on,blkNum=1,tx=0,nodeIdx=3,hash=50c0fa6b...
info|2019-11-12 00:26:35.086354|[g:1][CONSENSUS][PBFT]checkTimeout Succ,view=22291,toView=22292,nodeIdx=3,changeCycle=0,myNode=de0436d1...,timecost=0.512
info|2019-11-12 00:26:35.088873|[g:1][CONSENSUS][PBFT]checkAndChangeView: Reach consensus,org_view=22291,org_changeCycle=0,cur_changeCycle=0,to_view=22292
info|2019-11-12 00:26:36.020154|[P2P][Service] heartBeat,connected count=3
info|2019-11-12 00:26:36.089866|[g:1][CONSENSUS]addRawPrepare,height=1,reqIdx=0,hash=6707e2f5...
info|2019-11-12 00:26:36.090640|[g:1][CONSENSUS][PBFT]checkTimeout Succ,view=22292,toView=22293,nodeIdx=3,changeCycle=0,myNode=de0436d1...,timecost=0.559
info|2019-11-12 00:26:36.092264|[g:1][CONSENSUS][PBFT]checkAndChangeView: Reach consensus,org_view=22292,org_changeCycle=0,cur_changeCycle=0,to_view=22293
info|2019-11-12 00:26:37.093986|[g:1][CONSENSUS]addRawPrepare,height=1,reqIdx=1,hash=282b9b8e...
info|2019-11-12 00:26:37.094488|[g:1][CONSENSUS][PBFT]checkTimeout Succ,view=22293,toView=22294,nodeIdx=3,changeCycle=0,myNode=de0436d1...,timecost=0.393
info|2019-11-12 00:26:37.095740|[g:1][CONSENSUS][PBFT]checkAndChangeView: Reach consensus,org_view=22293,org_changeCycle=0,cur_changeCycle=0,to_view=22294
info|2019-11-12 00:26:38.097019|[g:1][CONSENSUS]addRawPrepare,height=1,reqIdx=2,hash=dd7eeb3c...
info|2019-11-12 00:26:38.097682|[g:1][CONSENSUS][PBFT]checkTimeout Succ,view=22294,toView=22295,nodeIdx=3,changeCycle=0,myNode=de0436d1...,timecost=0.487
info|2019-11-12 00:26:38.099231|[g:1][CONSENSUS][PBFT]checkAndChangeView: Reach consensus,org_view=22294,org_changeCycle=0,cur_changeCycle=0,to_view=22295
info|2019-11-12 00:26:39.100076|[g:1][CONSENSUS][SEALER]++++++++++++++++ Generating seal on,blkNum=1,tx=0,nodeIdx=3,hash=3b2652b6...
info|2019-11-12 00:26:39.100958|[g:1][CONSENSUS][PBFT]checkTimeout Succ,view=22295,toView=22296,nodeIdx=3,changeCycle=0,myNode=de0436d1...,timecost=0.432
info|2019-11-12 00:26:39.103450|[g:1][CONSENSUS][PBFT]checkAndChangeView: Reach consensus,org_view=22295,org_changeCycle=0,cur_changeCycle=0,to_view=22296
info|2019-11-12 00:26:40.105313|[g:1][CONSENSUS]addRawPrepare,height=1,reqIdx=0,hash=95aea1bf...
info|2019-11-12 00:26:40.106068|[g:1][CONSENSUS][PBFT]checkTimeout Succ,view=22296,toView=22297,nodeIdx=3,changeCycle=0,myNode=de0436d1...,timecost=0.631
info|2019-11-12 00:26:40.107881|[g:1][CONSENSUS][PBFT]checkAndChangeView: Reach consensus,org_view=22296,org_changeCycle=0,cur_changeCycle=0,to_view=22297
info|2019-11-12 00:26:41.109986|[g:1][CONSENSUS]addRawPrepare,height=1,reqIdx=1,hash=fa370848...
info|2019-11-12 00:26:41.110782|[g:1][CONSENSUS][PBFT]checkTimeout Succ,view=22297,toView=22298,nodeIdx=3,changeCycle=0,myNode=de0436d1...,timecost=0.659
info|2019-11-12 00:26:41.112282|[g:1][CONSENSUS][PBFT]checkAndChangeView: Reach consensus,org_view=22297,org_changeCycle=0,cur_changeCycle=0,to_view=22298
info|2019-11-12 00:26:42.114620|[g:1][CONSENSUS]addRawPrepare,height=1,reqIdx=2,hash=4058b620...
info|2019-11-12 00:26:42.115223|[g:1][CONSENSUS][PBFT]checkTimeout Succ,view=22298,toView=22299,nodeIdx=3,changeCycle=0,myNode=de0436d1...,timecost=0.472
info|2019-11-12 00:26:42.116656|[g:1][CONSENSUS][PBFT]checkAndChangeView: Reach consensus,org_view=22298,org_changeCycle=0,cur_changeCycle=0,to_view=22299
info|2019-11-12 00:26:43.116248|[g:1][CONSENSUS][SEALER]++++++++++++++++ Generating seal on,blkNum=1,tx=0,nodeIdx=3,hash=e95f8f75...
info|2019-11-12 00:26:43.118685|[g:1][CONSENSUS][PBFT]checkTimeout Succ,view=22299,toView=22300,nodeIdx=3,changeCycle=0,myNode=de0436d1...,timecost=0.426
info|2019-11-12 00:26:43.119225|[g:1][CONSENSUS][PBFT]checkAndChangeView: Reach consensus,org_view=22299,org_changeCycle=0,cur_changeCycle=0,to_view=22300
info|2019-11-12 00:26:44.120858|[g:1][CONSENSUS]addRawPrepare,height=1,reqIdx=0,hash=264264cd...
info|2019-11-12 00:26:44.121764|[g:1][CONSENSUS][PBFT]checkTimeout Succ,view=22300,toView=22301,nodeIdx=3,changeCycle=0,myNode=de0436d1...,timecost=0.632
info|2019-11-12 00:26:44.123570|[g:1][CONSENSUS][PBFT]checkAndChangeView: Reach consensus,org_view=22300,org_changeCycle=0,cur_changeCycle=0,to_view=22301
info|2019-11-12 00:26:45.125103|[g:1][CONSENSUS]addRawPrepare,height=1,reqIdx=1,hash=0534e26a...
info|2019-11-12 00:26:45.125820|[g:1][CONSENSUS][PBFT]checkTimeout Succ,view=22301,toView=22302,nodeIdx=3,changeCycle=0,myNode=de0436d1...,timecost=0.532
info|2019-11-12 00:26:45.127434|[g:1][CONSENSUS][PBFT]checkAndChangeView: Reach consensus,org_view=22301,org_changeCycle=0,cur_changeCycle=0,to_view=22302
info|2019-11-12 00:26:46.027844|[P2P][Service] heartBeat,connected count=3
info|2019-11-12 00:26:46.128602|[g:1][CONSENSUS]addRawPrepare,height=1,reqIdx=2,hash=f31754d2...
info|2019-11-12 00:26:46.129557|[g:1][CONSENSUS][PBFT]checkTimeout Succ,view=22302,toView=22303,nodeIdx=3,changeCycle=0,myNode=de0436d1...,timecost=0.793
info|2019-11-12 00:26:46.131152|[g:1][CONSENSUS][PBFT]checkAndChangeView: Reach consensus,org_view=22302,org_changeCycle=0,cur_changeCycle=0,to_view=22303
info|2019-11-12 00:26:47.131979|[g:1][CONSENSUS][SEALER]++++++++++++++++ Generating seal on,blkNum=1,tx=0,nodeIdx=3,hash=0fedc15f...
info|2019-11-12 00:26:47.132655|[g:1][CONSENSUS][PBFT]checkTimeout Succ,view=22303,toView=22304,nodeIdx=3,changeCycle=0,myNode=de0436d1...,timecost=0.293
info|2019-11-12 00:26:47.134355|[g:1][CONSENSUS][PBFT]checkAndChangeView: Reach consensus,org_view=22303,org_changeCycle=0,cur_changeCycle=0,to_view=22304
info|2019-11-12 00:26:48.136607|[g:1][CONSENSUS]addRawPrepare,height=1,reqIdx=0,hash=8071a632...
info|2019-11-12 00:26:48.137274|[g:1][CONSENSUS][PBFT]checkTimeout Succ,view=22304,toView=22305,nodeIdx=3,changeCycle=0,myNode=de0436d1...,timecost=0.498
info|2019-11-12 00:26:48.138695|[g:1][CONSENSUS][PBFT]checkAndChangeView: Reach consensus,org_view=22304,org_changeCycle=0,cur_changeCycle=0,to_view=22305
info|2019-11-12 00:26:49.140821|[g:1][CONSENSUS]addRawPrepare,height=1,reqIdx=1,hash=95a2ce53...
info|2019-11-12 00:26:49.141544|[g:1][CONSENSUS][PBFT]checkTimeout Succ,view=22305,toView=22306,nodeIdx=3,changeCycle=0,myNode=de0436d1...,timecost=0.57
info|2019-11-12 00:26:49.143083|[g:1][CONSENSUS][PBFT]checkAndChangeView: Reach consensus,org_view=22305,org_changeCycle=0,cur_changeCycle=0,to_view=22306
info|2019-11-12 00:26:50.145514|[g:1][CONSENSUS]addRawPrepare,height=1,reqIdx=2,hash=7edb053d...
info|2019-11-12 00:26:50.146173|[g:1][CONSENSUS][PBFT]checkTimeout Succ,view=22306,toView=22307,nodeIdx=3,changeCycle=0,myNode=de0436d1...,timecost=0.525
info|2019-11-12 00:26:50.147967|[g:1][CONSENSUS][PBFT]checkAndChangeView: Reach consensus,org_view=22306,org_changeCycle=0,cur_changeCycle=0,to_view=22307
info|2019-11-12 00:26:51.147945|[g:1][CONSENSUS][SEALER]++++++++++++++++ Generating seal on,blkNum=1,tx=0,nodeIdx=3,hash=ab26badb...
info|2019-11-12 00:26:51.149226|[g:1][CONSENSUS][PBFT]checkTimeout Succ,view=22307,toView=22308,nodeIdx=3,changeCycle=0,myNode=de0436d1...,timecost=0.807
info|2019-11-12 00:26:51.151876|[g:1][CONSENSUS][PBFT]checkAndChangeView: Reach consensus,org_view=22307,org_changeCycle=0,cur_changeCycle=0,to_view=22308
info|2019-11-12 00:26:52.154354|[g:1][CONSENSUS]addRawPrepare,height=1,reqIdx=0,hash=20516318...
info|2019-11-12 00:26:52.154827|[g:1][CONSENSUS][PBFT]checkTimeout Succ,view=22308,toView=22309,nodeIdx=3,changeCycle=0,myNode=de0436d1...,timecost=0.378
info|2019-11-12 00:26:52.156103|[g:1][CONSENSUS][PBFT]checkAndChangeView: Reach consensus,org_view=22308,org_changeCycle=0,cur_changeCycle=0,to_view=22309
info|2019-11-12 00:26:53.156619|[g:1][CONSENSUS]addRawPrepare,height=1,reqIdx=1,hash=42b182a2...
info|2019-11-12 00:26:53.157264|[g:1][CONSENSUS][PBFT]checkTimeout Succ,view=22309,toView=22310,nodeIdx=3,changeCycle=0,myNode=de0436d1...,timecost=0.469
info|2019-11-12 00:26:53.158933|[g:1][CONSENSUS][PBFT]checkAndChangeView: Reach consensus,org_view=22309,org_changeCycle=0,cur_changeCycle=0,to_view=22310
info|2019-11-12 00:26:54.160418|[g:1][CONSENSUS]addRawPrepare,height=1,reqIdx=2,hash=d293b6a8...
info|2019-11-12 00:26:54.161206|[g:1][CONSENSUS][PBFT]checkTimeout Succ,view=22310,toView=22311,nodeIdx=3,changeCycle=0,myNode=de0436d1...,timecost=0.625
info|2019-11-12 00:26:54.162961|[g:1][CONSENSUS][PBFT]checkAndChangeView: Reach consensus,org_view=22310,org_changeCycle=0,cur_changeCycle=0,to_view=22311
info|2019-11-12 00:26:55.163389|[g:1][CONSENSUS][SEALER]++++++++++++++++ Generating seal on,blkNum=1,tx=0,nodeIdx=3,hash=bceb084b...
info|2019-11-12 00:26:55.166648|[g:1][CONSENSUS][PBFT]checkTimeout Succ,view=22311,toView=22312,nodeIdx=3,changeCycle=0,myNode=de0436d1...,timecost=0.526
info|2019-11-12 00:26:55.167504|[g:1][CONSENSUS][PBFT]checkAndChangeView: Reach consensus,org_view=22311,org_changeCycle=0,cur_changeCycle=0,to_view=22312
info|2019-11-12 00:26:56.034699|[P2P][Service] heartBeat,connected count=3
info|2019-11-12 00:26:56.168475|[g:1][CONSENSUS]addRawPrepare,height=1,reqIdx=0,hash=f71117ac...
info|2019-11-12 00:26:56.169190|[g:1][CONSENSUS][PBFT]checkTimeout Succ,view=22312,toView=22313,nodeIdx=3,changeCycle=0,myNode=de0436d1...,timecost=0.579
info|2019-11-12 00:26:56.170447|[g:1][CONSENSUS][PBFT]checkAndChangeView: Reach consensus,org_view=22312,org_changeCycle=0,cur_changeCycle=0,to_view=22313
info|2019-11-12 00:26:57.171199|[g:1][CONSENSUS]addRawPrepare,height=1,reqIdx=1,hash=f739440e...
info|2019-11-12 00:26:57.171651|[g:1][CONSENSUS][PBFT]checkTimeout Succ,view=22313,toView=22314,nodeIdx=3,changeCycle=0,myNode=de0436d1...,timecost=0.33
info|2019-11-12 00:26:57.172882|[g:1][CONSENSUS][PBFT]checkAndChangeView: Reach consensus,org_view=22313,org_changeCycle=0,cur_changeCycle=0,to_view=22314
info|2019-11-12 00:26:58.174628|[g:1][CONSENSUS]addRawPrepare,height=1,reqIdx=2,hash=a8c190b7...
info|2019-11-12 00:26:58.175440|[g:1][CONSENSUS][PBFT]checkTimeout Succ,view=22314,toView=22315,nodeIdx=3,changeCycle=0,myNode=de0436d1...,timecost=0.637
info|2019-11-12 00:26:58.177030|[g:1][CONSENSUS][PBFT]checkAndChangeView: Reach consensus,org_view=22314,org_changeCycle=0,cur_changeCycle=0,to_view=22315
info|2019-11-12 00:26:59.178495|[g:1][CONSENSUS][SEALER]++++++++++++++++ Generating seal on,blkNum=1,tx=0,nodeIdx=3,hash=2a6e0aee...
info|2019-11-12 00:26:59.181623|[g:1][CONSENSUS][PBFT]checkTimeout Succ,view=22315,toView=22316,nodeIdx=3,changeCycle=0,myNode=de0436d1...,timecost=0.435
info|2019-11-12 00:26:59.182502|[g:1][CONSENSUS][PBFT]checkAndChangeView: Reach consensus,org_view=22315,org_changeCycle=0,cur_changeCycle=0,to_view=22316
info|2019-11-12 00:27:00.184936|[g:1][CONSENSUS]addRawPrepare,height=1,reqIdx=0,hash=f296e1bb...
info|2019-11-12 00:27:00.185539|[g:1][CONSENSUS][PBFT]checkTimeout Succ,view=22316,toView=22317,nodeIdx=3,changeCycle=0,myNode=de0436d1...,timecost=0.462
info|2019-11-12 00:27:00.187282|[g:1][CONSENSUS][PBFT]checkAndChangeView: Reach consensus,org_view=22316,org_changeCycle=0,cur_changeCycle=0,to_view=22317
info|2019-11-12 00:27:01.189174|[g:1][CONSENSUS]addRawPrepare,height=1,reqIdx=1,hash=26403c9f...
info|2019-11-12 00:27:01.189824|[g:1][CONSENSUS][PBFT]checkTimeout Succ,view=22317,toView=22318,nodeIdx=3,changeCycle=0,myNode=de0436d1...,timecost=0.517
info|2019-11-12 00:27:01.191522|[g:1][CONSENSUS][PBFT]checkAndChangeView: Reach consensus,org_view=22317,org_changeCycle=0,cur_changeCycle=0,to_view=22318
info|2019-11-12 00:27:02.194051|[g:1][CONSENSUS]addRawPrepare,height=1,reqIdx=2,hash=5bc838f8...
info|2019-11-12 00:27:02.194765|[g:1][CONSENSUS][PBFT]checkTimeout Succ,view=22318,toView=22319,nodeIdx=3,changeCycle=0,myNode=de0436d1...,timecost=0.536
info|2019-11-12 00:27:02.196205|[g:1][CONSENSUS][PBFT]checkAndChangeView: Reach consensus,org_view=22318,org_changeCycle=0,cur_changeCycle=0,to_view=22319
info|2019-11-12 00:27:03.196711|[g:1][CONSENSUS][SEALER]++++++++++++++++ Generating seal on,blkNum=1,tx=0,nodeIdx=3,hash=d4322797...
info|2019-11-12 00:27:03.200032|[g:1][CONSENSUS][PBFT]checkTimeout Succ,view=22319,toView=22320,nodeIdx=3,changeCycle=0,myNode=de0436d1...,timecost=0.532
info|2019-11-12 00:27:03.200863|[g:1][CONSENSUS][PBFT]checkAndChangeView: Reach consensus,org_view=22319,org_changeCycle=0,cur_changeCycle=0,to_view=22320
info|2019-11-12 00:27:04.201987|[g:1][CONSENSUS]addRawPrepare,height=1,reqIdx=0,hash=2accf956...
info|2019-11-12 00:27:04.202654|[g:1][CONSENSUS][PBFT]checkTimeout Succ,view=22320,toView=22321,nodeIdx=3,changeCycle=0,myNode=de0436d1...,timecost=0.533
info|2019-11-12 00:27:04.204571|[g:1][CONSENSUS][PBFT]checkAndChangeView: Reach consensus,org_view=22320,org_changeCycle=0,cur_changeCycle=0,to_view=22321
info|2019-11-12 00:27:05.206136|[g:1][CONSENSUS]addRawPrepare,height=1,reqIdx=1,hash=d31bef06...
info|2019-11-12 00:27:05.206784|[g:1][CONSENSUS][PBFT]checkTimeout Succ,view=22321,toView=22322,nodeIdx=3,changeCycle=0,myNode=de0436d1...,timecost=0.472
info|2019-11-12 00:27:05.208230|[g:1][CONSENSUS][PBFT]checkAndChangeView: Reach consensus,org_view=22321,org_changeCycle=0,cur_changeCycle=0,to_view=22322
info|2019-11-12 00:27:06.043203|[P2P][Service] heartBeat,connected count=3
info|2019-11-12 00:27:06.209850|[g:1][CONSENSUS]addRawPrepare,height=1,reqIdx=2,hash=b472474c...
info|2019-11-12 00:27:06.211040|[g:1][CONSENSUS][PBFT]checkTimeout Succ,view=22322,toView=22323,nodeIdx=3,changeCycle=0,myNode=de0436d1...,timecost=1.011
info|2019-11-12 00:27:06.212418|[g:1][CONSENSUS][PBFT]checkAndChangeView: Reach consensus,org_view=22322,org_changeCycle=0,cur_changeCycle=0,to_view=22323
info|2019-11-12 00:27:07.213317|[g:1][CONSENSUS][SEALER]++++++++++++++++ Generating seal on,blkNum=1,tx=0,nodeIdx=3,hash=b35779e5...
info|2019-11-12 00:27:07.214148|[g:1][CONSENSUS][PBFT]checkTimeout Succ,view=22323,toView=22324,nodeIdx=3,changeCycle=0,myNode=de0436d1...,timecost=0.361
info|2019-11-12 00:27:07.216819|[g:1][CONSENSUS][PBFT]checkAndChangeView: Reach consensus,org_view=22323,org_changeCycle=0,cur_changeCycle=0,to_view=22324
info|2019-11-12 00:27:08.218691|[g:1][CONSENSUS]addRawPrepare,height=1,reqIdx=0,hash=b56e720a...
info|2019-11-12 00:27:08.219295|[g:1][CONSENSUS][PBFT]checkTimeout Succ,view=22324,toView=22325,nodeIdx=3,changeCycle=0,myNode=de0436d1...,timecost=0.43
info|2019-11-12 00:27:08.220391|[g:1][CONSENSUS][PBFT]checkAndChangeView: Reach consensus,org_view=22324,org_changeCycle=0,cur_changeCycle=0,to_view=22325
info|2019-11-12 00:27:09.221650|[g:1][CONSENSUS]addRawPrepare,height=1,reqIdx=1,hash=e3a69a7f...
info|2019-11-12 00:27:09.222367|[g:1][CONSENSUS][PBFT]checkTimeout Succ,view=22325,toView=22326,nodeIdx=3,changeCycle=0,myNode=de0436d1...,timecost=0.572
info|2019-11-12 00:27:09.223976|[g:1][CONSENSUS][PBFT]checkAndChangeView: Reach consensus,org_view=22325,org_changeCycle=0,cur_changeCycle=0,to_view=22326
info|2019-11-12 00:27:10.225322|[g:1][CONSENSUS]addRawPrepare,height=1,reqIdx=2,hash=846e5955...
info|2019-11-12 00:27:10.225973|[g:1][CONSENSUS][PBFT]checkTimeout Succ,view=22326,toView=22327,nodeIdx=3,changeCycle=0,myNode=de0436d1...,timecost=0.512
info|2019-11-12 00:27:10.227524|[g:1][CONSENSUS][PBFT]checkAndChangeView: Reach consensus,org_view=22326,org_changeCycle=0,cur_changeCycle=0,to_view=22327
info|2019-11-12 00:27:11.228546|[g:1][CONSENSUS][SEALER]++++++++++++++++ Generating seal on,blkNum=1,tx=0,nodeIdx=3,hash=c5c6b22e...
info|2019-11-12 00:27:11.229773|[g:1][CONSENSUS][PBFT]checkTimeout Succ,view=22327,toView=22328,nodeIdx=3,changeCycle=0,myNode=de0436d1...,timecost=0.758
info|2019-11-12 00:27:11.232726|[g:1][CONSENSUS][PBFT]checkAndChangeView: Reach consensus,org_view=22327,org_changeCycle=0,cur_changeCycle=0,to_view=22328
info|2019-11-12 00:27:12.234240|[g:1][CONSENSUS]addRawPrepare,height=1,reqIdx=0,hash=f018521e...
info|2019-11-12 00:27:12.235125|[g:1][CONSENSUS][PBFT]checkTimeout Succ,view=22328,toView=22329,nodeIdx=3,changeCycle=0,myNode=de0436d1...,timecost=0.659
info|2019-11-12 00:27:12.236486|[g:1][CONSENSUS][PBFT]checkAndChangeView: Reach consensus,org_view=22328,org_changeCycle=0,cur_changeCycle=0,to_view=22329
info|2019-11-12 00:27:13.239097|[g:1][CONSENSUS]addRawPrepare,height=1,reqIdx=1,hash=011350a1...
info|2019-11-12 00:27:13.239759|[g:1][CONSENSUS][PBFT]checkTimeout Succ,view=22329,toView=22330,nodeIdx=3,changeCycle=0,myNode=de0436d1...,timecost=0.498
info|2019-11-12 00:27:13.241405|[g:1][CONSENSUS][PBFT]checkAndChangeView: Reach consensus,org_view=22329,org_changeCycle=0,cur_changeCycle=0,to_view=22330
info|2019-11-12 00:27:14.243063|[g:1][CONSENSUS]addRawPrepare,height=1,reqIdx=2,hash=46fe0987...
info|2019-11-12 00:27:14.243551|[g:1][CONSENSUS][PBFT]checkTimeout Succ,view=22330,toView=22331,nodeIdx=3,changeCycle=0,myNode=de0436d1...,timecost=0.355
info|2019-11-12 00:27:14.244981|[g:1][CONSENSUS][PBFT]checkAndChangeView: Reach consensus,org_view=22330,org_changeCycle=0,cur_changeCycle=0,to_view=22331
info|2019-11-12 00:27:15.245745|[g:1][CONSENSUS][SEALER]++++++++++++++++ Generating seal on,blkNum=1,tx=0,nodeIdx=3,hash=a283c873...
info|2019-11-12 00:27:15.246735|[g:1][CONSENSUS][PBFT]checkTimeout Succ,view=22331,toView=22332,nodeIdx=3,changeCycle=0,myNode=de0436d1...,timecost=0.512
info|2019-11-12 00:27:15.249342|[g:1][CONSENSUS][PBFT]checkAndChangeView: Reach consensus,org_view=22331,org_changeCycle=0,cur_changeCycle=0,to_view=22332
info|2019-11-12 00:27:16.050520|[P2P][Service] heartBeat,connected count=3
info|2019-11-12 00:27:16.251562|[g:1][CONSENSUS]addRawPrepare,height=1,reqIdx=0,hash=1ab8bc42...
info|2019-11-12 00:27:16.252581|[g:1][CONSENSUS][PBFT]checkTimeout Succ,view=22332,toView=22333,nodeIdx=3,changeCycle=0,myNode=de0436d1...,timecost=0.886
info|2019-11-12 00:27:16.253795|[g:1][CONSENSUS][PBFT]checkAndChangeView: Reach consensus,org_view=22332,org_changeCycle=0,cur_changeCycle=0,to_view=22333
info|2019-11-12 00:27:17.255090|[g:1][CONSENSUS]addRawPrepare,height=1,reqIdx=1,hash=821473be...
info|2019-11-12 00:27:17.255740|[g:1][CONSENSUS][PBFT]checkTimeout Succ,view=22333,toView=22334,nodeIdx=3,changeCycle=0,myNode=de0436d1...,timecost=0.499
info|2019-11-12 00:27:17.256985|[g:1][CONSENSUS][PBFT]checkAndChangeView: Reach consensus,org_view=22333,org_changeCycle=0,cur_changeCycle=0,to_view=22334
info|2019-11-12 00:27:18.258597|[g:1][CONSENSUS]addRawPrepare,height=1,reqIdx=2,hash=ba932288...
info|2019-11-12 00:27:18.259382|[g:1][CONSENSUS][PBFT]checkTimeout Succ,view=22334,toView=22335,nodeIdx=3,changeCycle=0,myNode=de0436d1...,timecost=0.608
info|2019-11-12 00:27:18.260939|[g:1][CONSENSUS][PBFT]checkAndChangeView: Reach consensus,org_view=22334,org_changeCycle=0,cur_changeCycle=0,to_view=22335
info|2019-11-12 00:27:19.260426|[g:1][CONSENSUS][SEALER]++++++++++++++++ Generating seal on,blkNum=1,tx=0,nodeIdx=3,hash=0e1b3233...
info|2019-11-12 00:27:19.263711|[g:1][CONSENSUS][PBFT]checkTimeout Succ,view=22335,toView=22336,nodeIdx=3,changeCycle=0,myNode=de0436d1...,timecost=0.533
info|2019-11-12 00:27:19.264605|[g:1][CONSENSUS][PBFT]checkAndChangeView: Reach consensus,org_view=22335,org_changeCycle=0,cur_changeCycle=0,to_view=22336
info|2019-11-12 00:27:20.265843|[g:1][CONSENSUS]addRawPrepare,height=1,reqIdx=0,hash=bc0010a7...
info|2019-11-12 00:27:20.266440|[g:1][CONSENSUS][PBFT]checkTimeout Succ,view=22336,toView=22337,nodeIdx=3,changeCycle=0,myNode=de0436d1...,timecost=0.455
info|2019-11-12 00:27:20.268156|[g:1][CONSENSUS][PBFT]checkAndChangeView: Reach consensus,org_view=22336,org_changeCycle=0,cur_changeCycle=0,to_view=22337
info|2019-11-12 00:27:21.270519|[g:1][CONSENSUS]addRawPrepare,height=1,reqIdx=1,hash=bbb09d3b...
info|2019-11-12 00:27:21.271470|[g:1][CONSENSUS][PBFT]checkTimeout Succ,view=22337,toView=22338,nodeIdx=3,changeCycle=0,myNode=de0436d1...,timecost=0.752
info|2019-11-12 00:27:21.272976|[g:1][CONSENSUS][PBFT]checkAndChangeView: Reach consensus,org_view=22337,org_changeCycle=0,cur_changeCycle=0,to_view=22338
info|2019-11-12 00:27:22.275450|[g:1][CONSENSUS]addRawPrepare,height=1,reqIdx=2,hash=dcb1cd01...
info|2019-11-12 00:27:22.276135|[g:1][CONSENSUS][PBFT]checkTimeout Succ,view=22338,toView=22339,nodeIdx=3,changeCycle=0,myNode=de0436d1...,timecost=0.555
info|2019-11-12 00:27:22.277769|[g:1][CONSENSUS][PBFT]checkAndChangeView: Reach consensus,org_view=22338,org_changeCycle=0,cur_changeCycle=0,to_view=22339
info|2019-11-12 00:27:23.278092|[g:1][CONSENSUS][SEALER]++++++++++++++++ Generating seal on,blkNum=1,tx=0,nodeIdx=3,hash=e500d54c...
info|2019-11-12 00:27:23.279062|[g:1][CONSENSUS][PBFT]checkTimeout Succ,view=22339,toView=22340,nodeIdx=3,changeCycle=0,myNode=de0436d1...,timecost=0.514
info|2019-11-12 00:27:23.281565|[g:1][CONSENSUS][PBFT]checkAndChangeView: Reach consensus,org_view=22339,org_changeCycle=0,cur_changeCycle=0,to_view=22340
info|2019-11-12 00:27:24.284359|[g:1][CONSENSUS]addRawPrepare,height=1,reqIdx=0,hash=ab0f0edd...
info|2019-11-12 00:27:24.285131|[g:1][CONSENSUS][PBFT]checkTimeout Succ,view=22340,toView=22341,nodeIdx=3,changeCycle=0,myNode=de0436d1...,timecost=0.552
info|2019-11-12 00:27:24.286792|[g:1][CONSENSUS][PBFT]checkAndChangeView: Reach consensus,org_view=22340,org_changeCycle=0,cur_changeCycle=0,to_view=22341
