warning|2019-11-15 00:27:11.008627|[g:1][CONSENSUS][PBFT]ViewChangeWarning: not caused by omit empty block ,v=121718,toV=121719,curNum=0,hash=f72cae63...,nodeIdx=3,myNode=de0436d1...
info|2019-11-15 00:27:11.010999|[g:1][CONSENSUS][PBFT]checkTimeout Succ,view=121718,toView=121719,nodeIdx=3,changeCycle=1,myNode=de0436d1...,timecost=7.056
info|2019-11-15 00:27:11.011023|[P2P][Service] heartBeat,connected count=3
info|2019-11-15 00:27:11.015215|[g:1][CONSENSUS][PBFT]checkAndChangeView: Reach consensus,org_view=121718,org_changeCycle=1,cur_changeCycle=1,to_view=121719
info|2019-11-15 00:27:12.015461|[g:1][CONSENSUS][SEALER]++++++++++++++++ Generating seal on,blkNum=1,tx=0,nodeIdx=3,hash=a64fe1a7...
info|2019-11-15 00:27:12.018025|[g:1][CONSENSUS][PBFT]checkTimeout Succ,view=121719,toView=121720,nodeIdx=3,changeCycle=0,myNode=de0436d1...,timecost=0.463
info|2019-11-15 00:27:12.018708|[g:1][CONSENSUS][PBFT]checkAndChangeView: Reach consensus,org_view=121719,org_changeCycle=0,cur_changeCycle=0,to_view=121720
info|2019-11-15 00:27:13.019403|[g:1][CONSENSUS]addRawPrepare,height=1,reqIdx=0,hash=e82fd6bf...
info|2019-11-15 00:27:13.019885|[g:1][CONSENSUS][PBFT]checkTimeout Succ,view=121720,toView=121721,nodeIdx=3,changeCycle=0,myNode=de0436d1...,timecost=0.381
info|2019-11-15 00:27:13.021448|[g:1][CONSENSUS][PBFT]checkAndChangeView: Reach consensus,org_view=121720,org_changeCycle=0,cur_changeCycle=0,to_view=121721
info|2019-11-15 00:27:14.022132|[g:1][CONSENSUS]addRawPrepare,height=1,reqIdx=1,hash=c12b3294...
info|2019-11-15 00:27:14.022600|[g:1][CONSENSUS][PBFT]checkTimeout Succ,view=121721,toView=121722,nodeIdx=3,changeCycle=0,myNode=de0436d1...,timecost=0.33
info|2019-11-15 00:27:14.023762|[g:1][CONSENSUS][PBFT]checkAndChangeView: Reach consensus,org_view=121721,org_changeCycle=0,cur_changeCycle=0,to_view=121722
info|2019-11-15 00:27:15.024896|[g:1][CONSENSUS]addRawPrepare,height=1,reqIdx=2,hash=ea5e9cda...
info|2019-11-15 00:27:15.025323|[g:1][CONSENSUS][PBFT]checkTimeout Succ,view=121722,toView=121723,nodeIdx=3,changeCycle=0,myNode=de0436d1...,timecost=0.331
info|2019-11-15 00:27:15.026652|[g:1][CONSENSUS][PBFT]checkAndChangeView: Reach consensus,org_view=121722,org_changeCycle=0,cur_changeCycle=0,to_view=121723
info|2019-11-15 00:27:16.027362|[g:1][CONSENSUS][SEALER]++++++++++++++++ Generating seal on,blkNum=1,tx=0,nodeIdx=3,hash=1b8d1093...
info|2019-11-15 00:27:16.028190|[g:1][CONSENSUS][PBFT]checkTimeout Succ,view=121723,toView=121724,nodeIdx=3,changeCycle=0,myNode=de0436d1...,timecost=0.513
info|2019-11-15 00:27:16.030613|[g:1][CONSENSUS][PBFT]checkAndChangeView: Reach consensus,org_view=121723,org_changeCycle=0,cur_changeCycle=0,to_view=121724
info|2019-11-15 00:27:17.032389|[g:1][CONSENSUS]addRawPrepare,height=1,reqIdx=0,hash=56fb86f7...
info|2019-11-15 00:27:17.033041|[g:1][CONSENSUS][PBFT]checkTimeout Succ,view=121724,toView=121725,nodeIdx=3,changeCycle=0,myNode=de0436d1...,timecost=0.462
info|2019-11-15 00:27:17.034642|[g:1][CONSENSUS][PBFT]checkAndChangeView: Reach consensus,org_view=121724,org_changeCycle=0,cur_changeCycle=0,to_view=121725
info|2019-11-15 00:27:18.036639|[g:1][CONSENSUS]addRawPrepare,height=1,reqIdx=1,hash=91b9ddd1...
info|2019-11-15 00:27:18.037305|[g:1][CONSENSUS][PBFT]checkTimeout Succ,view=121725,toView=121726,nodeIdx=3,changeCycle=0,myNode=de0436d1...,timecost=0.495
info|2019-11-15 00:27:18.039008|[g:1][CONSENSUS][PBFT]checkAndChangeView: Reach consensus,org_view=121725,org_changeCycle=0,cur_changeCycle=0,to_view=121726
info|2019-11-15 00:27:19.040304|[g:1][CONSENSUS]addRawPrepare,height=1,reqIdx=2,hash=4fafeb49...
info|2019-11-15 00:27:19.041133|[g:1][CONSENSUS][PBFT]checkTimeout Succ,view=121726,toView=121727,nodeIdx=3,changeCycle=0,myNode=de0436d1...,timecost=0.635
info|2019-11-15 00:27:19.042848|[g:1][CONSENSUS][PBFT]checkAndChangeView: Reach consensus,org_view=121726,org_changeCycle=0,cur_changeCycle=0,to_view=121727
info|2019-11-15 00:27:20.042661|[g:1][CONSENSUS][SEALER]++++++++++++++++ Generating seal on,blkNum=1,tx=0,nodeIdx=3,hash=389abf13...
info|2019-11-15 00:27:20.045970|[g:1][CONSENSUS][PBFT]checkTimeout Succ,view=121727,toView=121728,nodeIdx=3,changeCycle=0,myNode=de0436d1...,timecost=0.502
info|2019-11-15 00:27:20.046856|[g:1][CONSENSUS][PBFT]checkAndChangeView: Reach consensus,org_view=121727,org_changeCycle=0,cur_changeCycle=0,to_view=121728
info|2019-11-15 00:27:21.019564|[P2P][Service] heartBeat,connected count=3
info|2019-11-15 00:27:21.048483|[g:1][CONSENSUS]addRawPrepare,height=1,reqIdx=0,hash=73c78949...
info|2019-11-15 00:27:21.049142|[g:1][CONSENSUS][PBFT]checkTimeout Succ,view=121728,toView=121729,nodeIdx=3,changeCycle=0,myNode=de0436d1...,timecost=0.537
info|2019-11-15 00:27:21.050913|[g:1][CONSENSUS][PBFT]checkAndChangeView: Reach consensus,org_view=121728,org_changeCycle=0,cur_changeCycle=0,to_view=121729
info|2019-11-15 00:27:22.051937|[g:1][CONSENSUS]addRawPrepare,height=1,reqIdx=1,hash=6021c18c...
info|2019-11-15 00:27:22.052557|[g:1][CONSENSUS][PBFT]checkTimeout Succ,view=121729,toView=121730,nodeIdx=3,changeCycle=0,myNode=de0436d1...,timecost=0.489
info|2019-11-15 00:27:22.053846|[g:1][CONSENSUS][PBFT]checkAndChangeView: Reach consensus,org_view=121729,org_changeCycle=0,cur_changeCycle=0,to_view=121730
info|2019-11-15 00:27:23.056805|[g:1][CONSENSUS]addRawPrepare,height=1,reqIdx=2,hash=19485b51...
info|2019-11-15 00:27:23.057606|[g:1][CONSENSUS][PBFT]checkTimeout Succ,view=121730,toView=121731,nodeIdx=3,changeCycle=0,myNode=de0436d1...,timecost=0.624
info|2019-11-15 00:27:23.059412|[g:1][CONSENSUS][PBFT]checkAndChangeView: Reach consensus,org_view=121730,org_changeCycle=0,cur_changeCycle=0,to_view=121731
info|2019-11-15 00:27:24.059726|[g:1][CONSENSUS][SEALER]++++++++++++++++ Generating seal on,blkNum=1,tx=0,nodeIdx=3,hash=b59f97e8...
info|2019-11-15 00:27:24.060626|[g:1][CONSENSUS][PBFT]checkTimeout Succ,view=121731,toView=121732,nodeIdx=3,changeCycle=0,myNode=de0436d1...,timecost=0.408
info|2019-11-15 00:27:24.063275|[g:1][CONSENSUS][PBFT]checkAndChangeView: Reach consensus,org_view=121731,org_changeCycle=0,cur_changeCycle=0,to_view=121732
info|2019-11-15 00:27:25.064943|[g:1][CONSENSUS]addRawPrepare,height=1,reqIdx=0,hash=8109528f...
info|2019-11-15 00:27:25.065650|[g:1][CONSENSUS][PBFT]checkTimeout Succ,view=121732,toView=121733,nodeIdx=3,changeCycle=0,myNode=de0436d1...,timecost=0.534
info|2019-11-15 00:27:25.067217|[g:1][CONSENSUS][PBFT]checkAndChangeView: Reach consensus,org_view=121732,org_changeCycle=0,cur_changeCycle=0,to_view=121733
info|2019-11-15 00:27:26.068890|[g:1][CONSENSUS]addRawPrepare,height=1,reqIdx=1,hash=74c4ca93...
info|2019-11-15 00:27:26.069713|[g:1][CONSENSUS][PBFT]checkTimeout Succ,view=121733,toView=121734,nodeIdx=3,changeCycle=0,myNode=de0436d1...,timecost=0.654
info|2019-11-15 00:27:26.071689|[g:1][CONSENSUS][PBFT]checkAndChangeView: Reach consensus,org_view=121733,org_changeCycle=0,cur_changeCycle=0,to_view=121734
info|2019-11-15 00:27:27.072620|[g:1][CONSENSUS]addRawPrepare,height=1,reqIdx=2,hash=80463f8f...
info|2019-11-15 00:27:27.073314|[g:1][CONSENSUS][PBFT]checkTimeout Succ,view=121734,toView=121735,nodeIdx=3,changeCycle=0,myNode=de0436d1...,timecost=0.529
info|2019-11-15 00:27:27.075205|[g:1][CONSENSUS][PBFT]checkAndChangeView: Reach consensus,org_view=121734,org_changeCycle=0,cur_changeCycle=0,to_view=121735
info|2019-11-15 00:27:28.076917|[g:1][CONSENSUS][SEALER]++++++++++++++++ Generating seal on,blkNum=1,tx=0,nodeIdx=3,hash=c310050d...
info|2019-11-15 00:27:28.080142|[g:1][CONSENSUS][PBFT]checkTimeout Succ,view=121735,toView=121736,nodeIdx=3,changeCycle=0,myNode=de0436d1...,timecost=0.513
info|2019-11-15 00:27:28.080825|[g:1][CONSENSUS][PBFT]checkAndChangeView: Reach consensus,org_view=121735,org_changeCycle=0,cur_changeCycle=0,to_view=121736
info|2019-11-15 00:27:29.082282|[g:1][CONSENSUS]addRawPrepare,height=1,reqIdx=0,hash=73c25ca3...
info|2019-11-15 00:27:29.082959|[g:1][CONSENSUS][PBFT]checkTimeout Succ,view=121736,toView=121737,nodeIdx=3,changeCycle=0,myNode=de0436d1...,timecost=0.541
info|2019-11-15 00:27:29.084538|[g:1][CONSENSUS][PBFT]checkAndChangeView: Reach consensus,org_view=121736,org_changeCycle=0,cur_changeCycle=0,to_view=121737
info|2019-11-15 00:27:30.086223|[g:1][CONSENSUS]addRawPrepare,height=1,reqIdx=1,hash=ff9b9f79...
info|2019-11-15 00:27:30.086872|[g:1][CONSENSUS][PBFT]checkTimeout Succ,view=121737,toView=121738,nodeIdx=3,changeCycle=0,myNode=de0436d1...,timecost=0.468
info|2019-11-15 00:27:30.088403|[g:1][CONSENSUS][PBFT]checkAndChangeView: Reach consensus,org_view=121737,org_changeCycle=0,cur_changeCycle=0,to_view=121738
info|2019-11-15 00:27:31.024241|[P2P][Service] heartBeat,connected count=3
info|2019-11-15 00:27:31.090891|[g:1][CONSENSUS]addRawPrepare,height=1,reqIdx=2,hash=eac8d1ce...
info|2019-11-15 00:27:31.091657|[g:1][CONSENSUS][PBFT]checkTimeout Succ,view=121738,toView=121739,nodeIdx=3,changeCycle=0,myNode=de0436d1...,timecost=0.594
info|2019-11-15 00:27:31.093221|[g:1][CONSENSUS][PBFT]checkAndChangeView: Reach consensus,org_view=121738,org_changeCycle=0,cur_changeCycle=0,to_view=121739
info|2019-11-15 00:27:32.093163|[g:1][CONSENSUS][SEALER]++++++++++++++++ Generating seal on,blkNum=1,tx=0,nodeIdx=3,hash=994d4def...
info|2019-11-15 00:27:32.094117|[g:1][CONSENSUS][PBFT]checkTimeout Succ,view=121739,toView=121740,nodeIdx=3,changeCycle=0,myNode=de0436d1...,timecost=0.479
info|2019-11-15 00:27:32.096772|[g:1][CONSENSUS][PBFT]checkAndChangeView: Reach consensus,org_view=121739,org_changeCycle=0,cur_changeCycle=0,to_view=121740
info|2019-11-15 00:27:33.099165|[g:1][CONSENSUS]addRawPrepare,height=1,reqIdx=0,hash=28b81a9f...
info|2019-11-15 00:27:33.099834|[g:1][CONSENSUS][PBFT]checkTimeout Succ,view=121740,toView=121741,nodeIdx=3,changeCycle=0,myNode=de0436d1...,timecost=0.495
info|2019-11-15 00:27:33.101231|[g:1][CONSENSUS][PBFT]checkAndChangeView: Reach consensus,org_view=121740,org_changeCycle=0,cur_changeCycle=0,to_view=121741
info|2019-11-15 00:27:34.102469|[g:1][CONSENSUS]addRawPrepare,height=1,reqIdx=1,hash=a69ca4fc...
info|2019-11-15 00:27:34.103135|[g:1][CONSENSUS][PBFT]checkTimeout Succ,view=121741,toView=121742,nodeIdx=3,changeCycle=0,myNode=de0436d1...,timecost=0.505
info|2019-11-15 00:27:34.104679|[g:1][CONSENSUS][PBFT]checkAndChangeView: Reach consensus,org_view=121741,org_changeCycle=0,cur_changeCycle=0,to_view=121742
info|2019-11-15 00:27:35.105976|[g:1][CONSENSUS]addRawPrepare,height=1,reqIdx=2,hash=fab229fb...
info|2019-11-15 00:27:35.106719|[g:1][CONSENSUS][PBFT]checkTimeout Succ,view=121742,toView=121743,nodeIdx=3,changeCycle=0,myNode=de0436d1...,timecost=0.533
info|2019-11-15 00:27:35.108320|[g:1][CONSENSUS][PBFT]checkAndChangeView: Reach consensus,org_view=121742,org_changeCycle=0,cur_changeCycle=0,to_view=121743
info|2019-11-15 00:27:36.109114|[g:1][CONSENSUS][SEALER]++++++++++++++++ Generating seal on,blkNum=1,tx=0,nodeIdx=3,hash=aab32eaa...
info|2019-11-15 00:27:36.112700|[g:1][CONSENSUS][PBFT]checkTimeout Succ,view=121743,toView=121744,nodeIdx=3,changeCycle=0,myNode=de0436d1...,timecost=0.487
info|2019-11-15 00:27:36.113424|[g:1][CONSENSUS][PBFT]checkAndChangeView: Reach consensus,org_view=121743,org_changeCycle=0,cur_changeCycle=0,to_view=121744
info|2019-11-15 00:27:37.114580|[g:1][CONSENSUS]addRawPrepare,height=1,reqIdx=0,hash=95ceb547...
info|2019-11-15 00:27:37.115478|[g:1][CONSENSUS][PBFT]checkTimeout Succ,view=121744,toView=121745,nodeIdx=3,changeCycle=0,myNode=de0436d1...,timecost=0.64
info|2019-11-15 00:27:37.117294|[g:1][CONSENSUS][PBFT]checkAndChangeView: Reach consensus,org_view=121744,org_changeCycle=0,cur_changeCycle=0,to_view=121745
info|2019-11-15 00:27:38.119586|[g:1][CONSENSUS]addRawPrepare,height=1,reqIdx=1,hash=8e1f9a50...
info|2019-11-15 00:27:38.120258|[g:1][CONSENSUS][PBFT]checkTimeout Succ,view=121745,toView=121746,nodeIdx=3,changeCycle=0,myNode=de0436d1...,timecost=0.519
info|2019-11-15 00:27:38.121852|[g:1][CONSENSUS][PBFT]checkAndChangeView: Reach consensus,org_view=121745,org_changeCycle=0,cur_changeCycle=0,to_view=121746
info|2019-11-15 00:27:39.122728|[g:1][CONSENSUS]addRawPrepare,height=1,reqIdx=2,hash=1ff1ff00...
info|2019-11-15 00:27:39.123305|[g:1][CONSENSUS][PBFT]checkTimeout Succ,view=121746,toView=121747,nodeIdx=3,changeCycle=0,myNode=de0436d1...,timecost=0.455
info|2019-11-15 00:27:39.124755|[g:1][CONSENSUS][PBFT]checkAndChangeView: Reach consensus,org_view=121746,org_changeCycle=0,cur_changeCycle=0,to_view=121747
info|2019-11-15 00:27:40.125674|[g:1][CONSENSUS][SEALER]++++++++++++++++ Generating seal on,blkNum=1,tx=0,nodeIdx=3,hash=731c27f5...
info|2019-11-15 00:27:40.126640|[g:1][CONSENSUS][PBFT]checkTimeout Succ,view=121747,toView=121748,nodeIdx=3,changeCycle=0,myNode=de0436d1...,timecost=0.492
info|2019-11-15 00:27:40.129411|[g:1][CONSENSUS][PBFT]checkAndChangeView: Reach consensus,org_view=121747,org_changeCycle=0,cur_changeCycle=0,to_view=121748
info|2019-11-15 00:27:41.033137|[P2P][Service] heartBeat,connected count=3
info|2019-11-15 00:27:41.131006|[g:1][CONSENSUS]addRawPrepare,height=1,reqIdx=0,hash=10b00fa4...
info|2019-11-15 00:27:41.132329|[g:1][CONSENSUS][PBFT]checkTimeout Succ,view=121748,toView=121749,nodeIdx=3,changeCycle=0,myNode=de0436d1...,timecost=1.185
info|2019-11-15 00:27:41.134209|[g:1][CONSENSUS][PBFT]checkAndChangeView: Reach consensus,org_view=121748,org_changeCycle=0,cur_changeCycle=0,to_view=121749
info|2019-11-15 00:27:42.136410|[g:1][CONSENSUS]addRawPrepare,height=1,reqIdx=1,hash=b88765df...
info|2019-11-15 00:27:42.137064|[g:1][CONSENSUS][PBFT]checkTimeout Succ,view=121749,toView=121750,nodeIdx=3,changeCycle=0,myNode=de0436d1...,timecost=0.516
info|2019-11-15 00:27:42.138529|[g:1][CONSENSUS][PBFT]checkAndChangeView: Reach consensus,org_view=121749,org_changeCycle=0,cur_changeCycle=0,to_view=121750
info|2019-11-15 00:27:43.140097|[g:1][CONSENSUS]addRawPrepare,height=1,reqIdx=2,hash=42092930...
info|2019-11-15 00:27:43.140780|[g:1][CONSENSUS][PBFT]checkTimeout Succ,view=121750,toView=121751,nodeIdx=3,changeCycle=0,myNode=de0436d1...,timecost=0.559
info|2019-11-15 00:27:43.142315|[g:1][CONSENSUS][PBFT]checkAndChangeView: Reach consensus,org_view=121750,org_changeCycle=0,cur_changeCycle=0,to_view=121751
info|2019-11-15 00:27:44.142911|[g:1][CONSENSUS][SEALER]++++++++++++++++ Generating seal on,blkNum=1,tx=0,nodeIdx=3,hash=e9844b78...
info|2019-11-15 00:27:44.143961|[g:1][CONSENSUS][PBFT]checkTimeout Succ,view=121751,toView=121752,nodeIdx=3,changeCycle=0,myNode=de0436d1...,timecost=0.542
info|2019-11-15 00:27:44.146381|[g:1][CONSENSUS][PBFT]checkAndChangeView: Reach consensus,org_view=121751,org_changeCycle=0,cur_changeCycle=0,to_view=121752
info|2019-11-15 00:27:45.147819|[g:1][CONSENSUS]addRawPrepare,height=1,reqIdx=0,hash=b805063e...
info|2019-11-15 00:27:45.148425|[g:1][CONSENSUS][PBFT]checkTimeout Succ,view=121752,toView=121753,nodeIdx=3,changeCycle=0,myNode=de0436d1...,timecost=0.488
info|2019-11-15 00:27:45.149902|[g:1][CONSENSUS][PBFT]checkAndChangeView: Reach consensus,org_view=121752,org_changeCycle=0,cur_changeCycle=0,to_view=121753
info|2019-11-15 00:27:46.151407|[g:1][CONSENSUS]addRawPrepare,height=1,reqIdx=1,hash=d0d5cc59...
info|2019-11-15 00:27:46.152855|[g:1][CONSENSUS][PBFT]checkTimeout Succ,view=121753,toView=121754,nodeIdx=3,changeCycle=0,myNode=de0436d1...,timecost=1.253
info|2019-11-15 00:27:46.154517|[g:1][CONSENSUS][PBFT]checkAndChangeView: Reach consensus,org_view=121753,org_changeCycle=0,cur_changeCycle=0,to_view=121754
info|2019-11-15 00:27:47.155718|[g:1][CONSENSUS]addRawPrepare,height=1,reqIdx=2,hash=96f9b123...
info|2019-11-15 00:27:47.156303|[g:1][CONSENSUS][PBFT]checkTimeout Succ,view=121754,toView=121755,nodeIdx=3,changeCycle=0,myNode=de0436d1...,timecost=0.45
info|2019-11-15 00:27:47.157685|[g:1][CONSENSUS][PBFT]checkAndChangeView: Reach consensus,org_view=121754,org_changeCycle=0,cur_changeCycle=0,to_view=121755
info|2019-11-15 00:27:48.158490|[g:1][CONSENSUS][SEALER]++++++++++++++++ Generating seal on,blkNum=1,tx=0,nodeIdx=3,hash=ce52fb14...
info|2019-11-15 00:27:48.159438|[g:1][CONSENSUS][PBFT]checkTimeout Succ,view=121755,toView=121756,nodeIdx=3,changeCycle=0,myNode=de0436d1...,timecost=0.475
info|2019-11-15 00:27:48.161969|[g:1][CONSENSUS][PBFT]checkAndChangeView: Reach consensus,org_view=121755,org_changeCycle=0,cur_changeCycle=0,to_view=121756
info|2019-11-15 00:27:49.164420|[g:1][CONSENSUS]addRawPrepare,height=1,reqIdx=0,hash=76a63a1a...
info|2019-11-15 00:27:49.164974|[g:1][CONSENSUS][PBFT]checkTimeout Succ,view=121756,toView=121757,nodeIdx=3,changeCycle=0,myNode=de0436d1...,timecost=0.411
info|2019-11-15 00:27:49.166083|[g:1][CONSENSUS][PBFT]checkAndChangeView: Reach consensus,org_view=121756,org_changeCycle=0,cur_changeCycle=0,to_view=121757
info|2019-11-15 00:27:50.167858|[g:1][CONSENSUS]addRawPrepare,height=1,reqIdx=1,hash=196576a7...
info|2019-11-15 00:27:50.168478|[g:1][CONSENSUS][PBFT]checkTimeout Succ,view=121757,toView=121758,nodeIdx=3,changeCycle=0,myNode=de0436d1...,timecost=0.448
info|2019-11-15 00:27:50.169994|[g:1][CONSENSUS][PBFT]checkAndChangeView: Reach consensus,org_view=121757,org_changeCycle=0,cur_changeCycle=0,to_view=121758
info|2019-11-15 00:27:51.037899|[P2P][Service] heartBeat,connected count=3
info|2019-11-15 00:27:51.172333|[g:1][CONSENSUS]addRawPrepare,height=1,reqIdx=2,hash=724c2a20...
info|2019-11-15 00:27:51.173164|[g:1][CONSENSUS][PBFT]checkTimeout Succ,view=121758,toView=121759,nodeIdx=3,changeCycle=0,myNode=de0436d1...,timecost=0.686
info|2019-11-15 00:27:51.174934|[g:1][CONSENSUS][PBFT]checkAndChangeView: Reach consensus,org_view=121758,org_changeCycle=0,cur_changeCycle=0,to_view=121759
info|2019-11-15 00:27:52.174860|[g:1][CONSENSUS][SEALER]++++++++++++++++ Generating seal on,blkNum=1,tx=0,nodeIdx=3,hash=0cbb774b...
info|2019-11-15 00:27:52.178137|[g:1][CONSENSUS][PBFT]checkTimeout Succ,view=121759,toView=121760,nodeIdx=3,changeCycle=0,myNode=de0436d1...,timecost=0.554
info|2019-11-15 00:27:52.179005|[g:1][CONSENSUS][PBFT]checkAndChangeView: Reach consensus,org_view=121759,org_changeCycle=0,cur_changeCycle=0,to_view=121760
info|2019-11-15 00:27:53.180471|[g:1][CONSENSUS]addRawPrepare,height=1,reqIdx=0,hash=1cde8251...
info|2019-11-15 00:27:53.181091|[g:1][CONSENSUS][PBFT]checkTimeout Succ,view=121760,toView=121761,nodeIdx=3,changeCycle=0,myNode=de0436d1...,timecost=0.475
info|2019-11-15 00:27:53.182494|[g:1][CONSENSUS][PBFT]checkAndChangeView: Reach consensus,org_view=121760,org_changeCycle=0,cur_changeCycle=0,to_view=121761
info|2019-11-15 00:27:54.184909|[g:1][CONSENSUS]addRawPrepare,height=1,reqIdx=1,hash=af8a2f8e...
info|2019-11-15 00:27:54.185546|[g:1][CONSENSUS][PBFT]checkTimeout Succ,view=121761,toView=121762,nodeIdx=3,changeCycle=0,myNode=de0436d1...,timecost=0.51
info|2019-11-15 00:27:54.187074|[g:1][CONSENSUS][PBFT]checkAndChangeView: Reach consensus,org_view=121761,org_changeCycle=0,cur_changeCycle=0,to_view=121762
info|2019-11-15 00:27:55.189283|[g:1][CONSENSUS]addRawPrepare,height=1,reqIdx=2,hash=279c5524...
info|2019-11-15 00:27:55.190039|[g:1][CONSENSUS][PBFT]checkTimeout Succ,view=121762,toView=121763,nodeIdx=3,changeCycle=0,myNode=de0436d1...,timecost=0.602
info|2019-11-15 00:27:55.191485|[g:1][CONSENSUS][PBFT]checkAndChangeView: Reach consensus,org_view=121762,org_changeCycle=0,cur_changeCycle=0,to_view=121763
info|2019-11-15 00:27:56.192368|[g:1][CONSENSUS][SEALER]++++++++++++++++ Generating seal on,blkNum=1,tx=0,nodeIdx=3,hash=cae05f1d...
info|2019-11-15 00:27:56.195869|[g:1][CONSENSUS][PBFT]checkTimeout Succ,view=121763,toView=121764,nodeIdx=3,changeCycle=0,myNode=de0436d1...,timecost=0.498
info|2019-11-15 00:27:56.196618|[g:1][CONSENSUS][PBFT]checkAndChangeView: Reach consensus,org_view=121763,org_changeCycle=0,cur_changeCycle=0,to_view=121764
info|2019-11-15 00:27:57.197008|[g:1][CONSENSUS]addRawPrepare,height=1,reqIdx=0,hash=53766f9a...
info|2019-11-15 00:27:57.197449|[g:1][CONSENSUS][PBFT]checkTimeout Succ,view=121764,toView=121765,nodeIdx=3,changeCycle=0,myNode=de0436d1...,timecost=0.325
info|2019-11-15 00:27:57.198513|[g:1][CONSENSUS][PBFT]checkAndChangeView: Reach consensus,org_view=121764,org_changeCycle=0,cur_changeCycle=0,to_view=121765
info|2019-11-15 00:27:58.199869|[g:1][CONSENSUS]addRawPrepare,height=1,reqIdx=1,hash=5cb5999e...
info|2019-11-15 00:27:58.200512|[g:1][CONSENSUS][PBFT]checkTimeout Succ,view=121765,toView=121766,nodeIdx=3,changeCycle=0,myNode=de0436d1...,timecost=0.507
info|2019-11-15 00:27:58.201868|[g:1][CONSENSUS][PBFT]checkAndChangeView: Reach consensus,org_view=121765,org_changeCycle=0,cur_changeCycle=0,to_view=121766
info|2019-11-15 00:27:59.202422|[g:1][CONSENSUS]addRawPrepare,height=1,reqIdx=2,hash=d0416586...
info|2019-11-15 00:27:59.202906|[g:1][CONSENSUS][PBFT]checkTimeout Succ,view=121766,toView=121767,nodeIdx=3,changeCycle=0,myNode=de0436d1...,timecost=0.361
info|2019-11-15 00:27:59.213760|[g:1][CONSENSUS][PBFT]checkAndChangeView: Reach consensus,org_view=121766,org_changeCycle=0,cur_changeCycle=0,to_view=121767
info|2019-11-15 00:28:00.214348|[g:1][CONSENSUS][SEALER]++++++++++++++++ Generating seal on,blkNum=1,tx=0,nodeIdx=3,hash=610dcb94...
info|2019-11-15 00:28:00.217613|[g:1][CONSENSUS][PBFT]checkTimeout Succ,view=121767,toView=121768,nodeIdx=3,changeCycle=0,myNode=de0436d1...,timecost=0.546
info|2019-11-15 00:28:00.218421|[g:1][CONSENSUS][PBFT]checkAndChangeView: Reach consensus,org_view=121767,org_changeCycle=0,cur_changeCycle=0,to_view=121768
info|2019-11-15 00:28:01.044650|[P2P][Service] heartBeat,connected count=3
info|2019-11-15 00:28:01.219617|[g:1][CONSENSUS]addRawPrepare,height=1,reqIdx=0,hash=c46ec33b...
info|2019-11-15 00:28:01.221029|[g:1][CONSENSUS][PBFT]checkTimeout Succ,view=121768,toView=121769,nodeIdx=3,changeCycle=0,myNode=de0436d1...,timecost=1.09
info|2019-11-15 00:28:01.222417|[g:1][CONSENSUS][PBFT]checkAndChangeView: Reach consensus,org_view=121768,org_changeCycle=0,cur_changeCycle=0,to_view=121769
