warning|2019-12-12 14:08:29.004367|[g:1][CONSENSUS][PBFT]ViewChangeWarning: not caused by omit empty block ,v=58549,toV=58550,curNum=5,hash=a9fec021...,nodeIdx=3,myNode=de0436d1...
info|2019-12-12 14:08:29.006854|[g:1][CONSENSUS][PBFT]checkTimeout Succ,view=58549,toView=58550,nodeIdx=3,changeCycle=1,myNode=de0436d1...,timecost=5.471
info|2019-12-12 14:08:29.006929|[P2P][Service] heartBeat,connected count=3
info|2019-12-12 14:08:29.009789|[g:1][CONSENSUS][PBFT]checkAndChangeView: Reach consensus,org_view=58549,org_changeCycle=1,cur_changeCycle=1,to_view=58550
info|2019-12-12 14:08:30.009535|[g:1][CONSENSUS][SEALER]++++++++++++++++ Generating seal on,blkNum=6,tx=0,nodeIdx=3,hash=c0faf526...
info|2019-12-12 14:08:30.011565|[g:1][CONSENSUS][PBFT]checkTimeout Succ,view=58550,toView=58551,nodeIdx=3,changeCycle=0,myNode=de0436d1...,timecost=0.417
info|2019-12-12 14:08:30.012604|[g:1][CONSENSUS][PBFT]checkAndChangeView: Reach consensus,org_view=58550,org_changeCycle=0,cur_changeCycle=0,to_view=58551
info|2019-12-12 14:08:31.014620|[g:1][CONSENSUS]addRawPrepare,height=6,reqIdx=0,hash=c13d6653...
info|2019-12-12 14:08:31.015126|[g:1][CONSENSUS][PBFT]checkTimeout Succ,view=58551,toView=58552,nodeIdx=3,changeCycle=0,myNode=de0436d1...,timecost=0.375
info|2019-12-12 14:08:31.016354|[g:1][CONSENSUS][PBFT]checkAndChangeView: Reach consensus,org_view=58551,org_changeCycle=0,cur_changeCycle=0,to_view=58552
info|2019-12-12 14:08:32.018140|[g:1][CONSENSUS]addRawPrepare,height=6,reqIdx=1,hash=f5d2019d...
info|2019-12-12 14:08:32.018666|[g:1][CONSENSUS][PBFT]checkTimeout Succ,view=58552,toView=58553,nodeIdx=3,changeCycle=0,myNode=de0436d1...,timecost=0.416
info|2019-12-12 14:08:32.019861|[g:1][CONSENSUS][PBFT]checkAndChangeView: Reach consensus,org_view=58552,org_changeCycle=0,cur_changeCycle=0,to_view=58553
info|2019-12-12 14:08:33.021274|[g:1][CONSENSUS]addRawPrepare,height=6,reqIdx=2,hash=87c6ad54...
info|2019-12-12 14:08:33.021896|[g:1][CONSENSUS][PBFT]checkTimeout Succ,view=58553,toView=58554,nodeIdx=3,changeCycle=0,myNode=de0436d1...,timecost=0.494
info|2019-12-12 14:08:33.023468|[g:1][CONSENSUS][PBFT]checkAndChangeView: Reach consensus,org_view=58553,org_changeCycle=0,cur_changeCycle=0,to_view=58554
info|2019-12-12 14:08:34.023375|[g:1][CONSENSUS][SEALER]++++++++++++++++ Generating seal on,blkNum=6,tx=0,nodeIdx=3,hash=47460e1e...
info|2019-12-12 14:08:34.024333|[g:1][CONSENSUS][PBFT]checkTimeout Succ,view=58554,toView=58555,nodeIdx=3,changeCycle=0,myNode=de0436d1...,timecost=0.517
info|2019-12-12 14:08:34.027046|[g:1][CONSENSUS][PBFT]checkAndChangeView: Reach consensus,org_view=58554,org_changeCycle=0,cur_changeCycle=0,to_view=58555
info|2019-12-12 14:08:35.030716|[g:1][CONSENSUS]addRawPrepare,height=6,reqIdx=0,hash=f199e008...
info|2019-12-12 14:08:35.031472|[g:1][CONSENSUS][PBFT]checkTimeout Succ,view=58555,toView=58556,nodeIdx=3,changeCycle=0,myNode=de0436d1...,timecost=0.574
info|2019-12-12 14:08:35.033036|[g:1][CONSENSUS][PBFT]checkAndChangeView: Reach consensus,org_view=58555,org_changeCycle=0,cur_changeCycle=0,to_view=58556
info|2019-12-12 14:08:36.033902|[g:1][CONSENSUS]addRawPrepare,height=6,reqIdx=1,hash=d76f41a1...
info|2019-12-12 14:08:36.034398|[g:1][CONSENSUS][PBFT]checkTimeout Succ,view=58556,toView=58557,nodeIdx=3,changeCycle=0,myNode=de0436d1...,timecost=0.378
info|2019-12-12 14:08:36.035561|[g:1][CONSENSUS][PBFT]checkAndChangeView: Reach consensus,org_view=58556,org_changeCycle=0,cur_changeCycle=0,to_view=58557
info|2019-12-12 14:08:37.038298|[g:1][CONSENSUS]addRawPrepare,height=6,reqIdx=2,hash=28a8c23b...
info|2019-12-12 14:08:37.038786|[g:1][CONSENSUS][PBFT]checkTimeout Succ,view=58557,toView=58558,nodeIdx=3,changeCycle=0,myNode=de0436d1...,timecost=0.305
info|2019-12-12 14:08:37.039913|[g:1][CONSENSUS][PBFT]checkAndChangeView: Reach consensus,org_view=58557,org_changeCycle=0,cur_changeCycle=0,to_view=58558
info|2019-12-12 14:08:38.039737|[g:1][CONSENSUS][SEALER]++++++++++++++++ Generating seal on,blkNum=6,tx=0,nodeIdx=3,hash=8c662d1b...
info|2019-12-12 14:08:38.040730|[g:1][CONSENSUS][PBFT]checkTimeout Succ,view=58558,toView=58559,nodeIdx=3,changeCycle=0,myNode=de0436d1...,timecost=0.523
info|2019-12-12 14:08:38.043381|[g:1][CONSENSUS][PBFT]checkAndChangeView: Reach consensus,org_view=58558,org_changeCycle=0,cur_changeCycle=0,to_view=58559
info|2019-12-12 14:08:39.012988|[P2P][Service] heartBeat,connected count=3
info|2019-12-12 14:08:39.044847|[g:1][CONSENSUS]addRawPrepare,height=6,reqIdx=0,hash=2504d2cf...
info|2019-12-12 14:08:39.045748|[g:1][CONSENSUS][PBFT]checkTimeout Succ,view=58559,toView=58560,nodeIdx=3,changeCycle=0,myNode=de0436d1...,timecost=0.773
info|2019-12-12 14:08:39.047453|[g:1][CONSENSUS][PBFT]checkAndChangeView: Reach consensus,org_view=58559,org_changeCycle=0,cur_changeCycle=0,to_view=58560
info|2019-12-12 14:08:40.049357|[g:1][CONSENSUS]addRawPrepare,height=6,reqIdx=1,hash=fedd02b2...
info|2019-12-12 14:08:40.050029|[g:1][CONSENSUS][PBFT]checkTimeout Succ,view=58560,toView=58561,nodeIdx=3,changeCycle=0,myNode=de0436d1...,timecost=0.553
info|2019-12-12 14:08:40.051559|[g:1][CONSENSUS][PBFT]checkAndChangeView: Reach consensus,org_view=58560,org_changeCycle=0,cur_changeCycle=0,to_view=58561
info|2019-12-12 14:08:41.054134|[g:1][CONSENSUS]addRawPrepare,height=6,reqIdx=2,hash=fa05299e...
info|2019-12-12 14:08:41.054856|[g:1][CONSENSUS][PBFT]checkTimeout Succ,view=58561,toView=58562,nodeIdx=3,changeCycle=0,myNode=de0436d1...,timecost=0.545
info|2019-12-12 14:08:41.056597|[g:1][CONSENSUS][PBFT]checkAndChangeView: Reach consensus,org_view=58561,org_changeCycle=0,cur_changeCycle=0,to_view=58562
info|2019-12-12 14:08:42.057121|[g:1][CONSENSUS][SEALER]++++++++++++++++ Generating seal on,blkNum=6,tx=0,nodeIdx=3,hash=88cdb49d...
info|2019-12-12 14:08:42.059807|[g:1][CONSENSUS][PBFT]checkTimeout Succ,view=58562,toView=58563,nodeIdx=3,changeCycle=0,myNode=de0436d1...,timecost=0.366
info|2019-12-12 14:08:42.061240|[g:1][CONSENSUS][PBFT]checkAndChangeView: Reach consensus,org_view=58562,org_changeCycle=0,cur_changeCycle=0,to_view=58563
info|2019-12-12 14:08:43.062722|[g:1][CONSENSUS]addRawPrepare,height=6,reqIdx=0,hash=baa6cd6d...
info|2019-12-12 14:08:43.063339|[g:1][CONSENSUS][PBFT]checkTimeout Succ,view=58563,toView=58564,nodeIdx=3,changeCycle=0,myNode=de0436d1...,timecost=0.452
info|2019-12-12 14:08:43.065030|[g:1][CONSENSUS][PBFT]checkAndChangeView: Reach consensus,org_view=58563,org_changeCycle=0,cur_changeCycle=0,to_view=58564
info|2019-12-12 14:08:44.067921|[g:1][CONSENSUS]addRawPrepare,height=6,reqIdx=1,hash=1db58cbf...
info|2019-12-12 14:08:44.069214|[g:1][CONSENSUS][PBFT]checkTimeout Succ,view=58564,toView=58565,nodeIdx=3,changeCycle=0,myNode=de0436d1...,timecost=1.037
info|2019-12-12 14:08:44.070636|[g:1][CONSENSUS][PBFT]checkAndChangeView: Reach consensus,org_view=58564,org_changeCycle=0,cur_changeCycle=0,to_view=58565
info|2019-12-12 14:08:45.071159|[g:1][CONSENSUS]addRawPrepare,height=6,reqIdx=2,hash=f502ee71...
info|2019-12-12 14:08:45.071973|[g:1][CONSENSUS][PBFT]checkTimeout Succ,view=58565,toView=58566,nodeIdx=3,changeCycle=0,myNode=de0436d1...,timecost=0.585
info|2019-12-12 14:08:45.073387|[g:1][CONSENSUS][PBFT]checkAndChangeView: Reach consensus,org_view=58565,org_changeCycle=0,cur_changeCycle=0,to_view=58566
info|2019-12-12 14:08:46.073463|[g:1][CONSENSUS][SEALER]++++++++++++++++ Generating seal on,blkNum=6,tx=0,nodeIdx=3,hash=b90f2754...
info|2019-12-12 14:08:46.074422|[g:1][CONSENSUS][PBFT]checkTimeout Succ,view=58566,toView=58567,nodeIdx=3,changeCycle=0,myNode=de0436d1...,timecost=0.491
info|2019-12-12 14:08:46.077224|[g:1][CONSENSUS][PBFT]checkAndChangeView: Reach consensus,org_view=58566,org_changeCycle=0,cur_changeCycle=0,to_view=58567
info|2019-12-12 14:08:47.079952|[g:1][CONSENSUS]addRawPrepare,height=6,reqIdx=0,hash=15b1cb77...
info|2019-12-12 14:08:47.080575|[g:1][CONSENSUS][PBFT]checkTimeout Succ,view=58567,toView=58568,nodeIdx=3,changeCycle=0,myNode=de0436d1...,timecost=0.451
info|2019-12-12 14:08:47.082217|[g:1][CONSENSUS][PBFT]checkAndChangeView: Reach consensus,org_view=58567,org_changeCycle=0,cur_changeCycle=0,to_view=58568
info|2019-12-12 14:08:48.082727|[g:1][CONSENSUS]addRawPrepare,height=6,reqIdx=1,hash=14b5dea6...
info|2019-12-12 14:08:48.083425|[g:1][CONSENSUS][PBFT]checkTimeout Succ,view=58568,toView=58569,nodeIdx=3,changeCycle=0,myNode=de0436d1...,timecost=0.498
info|2019-12-12 14:08:48.085067|[g:1][CONSENSUS][PBFT]checkAndChangeView: Reach consensus,org_view=58568,org_changeCycle=0,cur_changeCycle=0,to_view=58569
info|2019-12-12 14:08:49.022066|[P2P][Service] heartBeat,connected count=3
info|2019-12-12 14:08:49.087035|[g:1][CONSENSUS]addRawPrepare,height=6,reqIdx=2,hash=398adf00...
info|2019-12-12 14:08:49.088323|[g:1][CONSENSUS][PBFT]checkTimeout Succ,view=58569,toView=58570,nodeIdx=3,changeCycle=0,myNode=de0436d1...,timecost=1.087
info|2019-12-12 14:08:49.089735|[g:1][CONSENSUS][PBFT]checkAndChangeView: Reach consensus,org_view=58569,org_changeCycle=0,cur_changeCycle=0,to_view=58570
info|2019-12-12 14:08:50.089884|[g:1][CONSENSUS][SEALER]++++++++++++++++ Generating seal on,blkNum=6,tx=0,nodeIdx=3,hash=d83c84bf...
info|2019-12-12 14:08:50.092689|[g:1][CONSENSUS][PBFT]checkTimeout Succ,view=58570,toView=58571,nodeIdx=3,changeCycle=0,myNode=de0436d1...,timecost=0.58
info|2019-12-12 14:08:50.094063|[g:1][CONSENSUS][PBFT]checkAndChangeView: Reach consensus,org_view=58570,org_changeCycle=0,cur_changeCycle=0,to_view=58571
info|2019-12-12 14:08:51.094782|[g:1][CONSENSUS]addRawPrepare,height=6,reqIdx=0,hash=cae54f3e...
info|2019-12-12 14:08:51.095363|[g:1][CONSENSUS][PBFT]checkTimeout Succ,view=58571,toView=58572,nodeIdx=3,changeCycle=0,myNode=de0436d1...,timecost=0.42
info|2019-12-12 14:08:51.096862|[g:1][CONSENSUS][PBFT]checkAndChangeView: Reach consensus,org_view=58571,org_changeCycle=0,cur_changeCycle=0,to_view=58572
info|2019-12-12 14:08:52.097756|[g:1][CONSENSUS]addRawPrepare,height=6,reqIdx=1,hash=09138373...
info|2019-12-12 14:08:52.098331|[g:1][CONSENSUS][PBFT]checkTimeout Succ,view=58572,toView=58573,nodeIdx=3,changeCycle=0,myNode=de0436d1...,timecost=0.424
info|2019-12-12 14:08:52.099692|[g:1][CONSENSUS][PBFT]checkAndChangeView: Reach consensus,org_view=58572,org_changeCycle=0,cur_changeCycle=0,to_view=58573
info|2019-12-12 14:08:53.101455|[g:1][CONSENSUS]addRawPrepare,height=6,reqIdx=2,hash=5dfcbb80...
info|2019-12-12 14:08:53.102074|[g:1][CONSENSUS][PBFT]checkTimeout Succ,view=58573,toView=58574,nodeIdx=3,changeCycle=0,myNode=de0436d1...,timecost=0.489
info|2019-12-12 14:08:53.103815|[g:1][CONSENSUS][PBFT]checkAndChangeView: Reach consensus,org_view=58573,org_changeCycle=0,cur_changeCycle=0,to_view=58574
info|2019-12-12 14:08:54.104594|[g:1][CONSENSUS][SEALER]++++++++++++++++ Generating seal on,blkNum=6,tx=0,nodeIdx=3,hash=43309691...
info|2019-12-12 14:08:54.107551|[g:1][CONSENSUS][PBFT]checkTimeout Succ,view=58574,toView=58575,nodeIdx=3,changeCycle=0,myNode=de0436d1...,timecost=0.432
info|2019-12-12 14:08:54.108116|[g:1][CONSENSUS][PBFT]checkAndChangeView: Reach consensus,org_view=58574,org_changeCycle=0,cur_changeCycle=0,to_view=58575
info|2019-12-12 14:08:55.110085|[g:1][CONSENSUS]addRawPrepare,height=6,reqIdx=0,hash=d4c0cfaa...
info|2019-12-12 14:08:55.110736|[g:1][CONSENSUS][PBFT]checkTimeout Succ,view=58575,toView=58576,nodeIdx=3,changeCycle=0,myNode=de0436d1...,timecost=0.503
info|2019-12-12 14:08:55.112036|[g:1][CONSENSUS][PBFT]checkAndChangeView: Reach consensus,org_view=58575,org_changeCycle=0,cur_changeCycle=0,to_view=58576
info|2019-12-12 14:08:56.114298|[g:1][CONSENSUS]addRawPrepare,height=6,reqIdx=1,hash=5109d78e...
info|2019-12-12 14:08:56.114872|[g:1][CONSENSUS][PBFT]checkTimeout Succ,view=58576,toView=58577,nodeIdx=3,changeCycle=0,myNode=de0436d1...,timecost=0.411
info|2019-12-12 14:08:56.116230|[g:1][CONSENSUS][PBFT]checkAndChangeView: Reach consensus,org_view=58576,org_changeCycle=0,cur_changeCycle=0,to_view=58577
info|2019-12-12 14:08:57.119048|[g:1][CONSENSUS]addRawPrepare,height=6,reqIdx=2,hash=dc457208...
info|2019-12-12 14:08:57.119725|[g:1][CONSENSUS][PBFT]checkTimeout Succ,view=58577,toView=58578,nodeIdx=3,changeCycle=0,myNode=de0436d1...,timecost=0.512
info|2019-12-12 14:08:57.121244|[g:1][CONSENSUS][PBFT]checkAndChangeView: Reach consensus,org_view=58577,org_changeCycle=0,cur_changeCycle=0,to_view=58578
info|2019-12-12 14:08:58.121327|[g:1][CONSENSUS][SEALER]++++++++++++++++ Generating seal on,blkNum=6,tx=0,nodeIdx=3,hash=148f77cf...
info|2019-12-12 14:08:58.124312|[g:1][CONSENSUS][PBFT]checkTimeout Succ,view=58578,toView=58579,nodeIdx=3,changeCycle=0,myNode=de0436d1...,timecost=0.422
info|2019-12-12 14:08:58.125007|[g:1][CONSENSUS][PBFT]checkAndChangeView: Reach consensus,org_view=58578,org_changeCycle=0,cur_changeCycle=0,to_view=58579
info|2019-12-12 14:08:59.028361|[P2P][Service] heartBeat,connected count=3
info|2019-12-12 14:08:59.128323|[g:1][CONSENSUS]addRawPrepare,height=6,reqIdx=0,hash=78716e4d...
info|2019-12-12 14:08:59.129115|[g:1][CONSENSUS][PBFT]checkTimeout Succ,view=58579,toView=58580,nodeIdx=3,changeCycle=0,myNode=de0436d1...,timecost=0.676
info|2019-12-12 14:08:59.130182|[g:1][CONSENSUS][PBFT]checkAndChangeView: Reach consensus,org_view=58579,org_changeCycle=0,cur_changeCycle=0,to_view=58580
info|2019-12-12 14:09:00.131251|[g:1][CONSENSUS]addRawPrepare,height=6,reqIdx=1,hash=1468bc2b...
info|2019-12-12 14:09:00.131893|[g:1][CONSENSUS][PBFT]checkTimeout Succ,view=58580,toView=58581,nodeIdx=3,changeCycle=0,myNode=de0436d1...,timecost=0.516
info|2019-12-12 14:09:00.133397|[g:1][CONSENSUS][PBFT]checkAndChangeView: Reach consensus,org_view=58580,org_changeCycle=0,cur_changeCycle=0,to_view=58581
info|2019-12-12 14:09:01.135300|[g:1][CONSENSUS]addRawPrepare,height=6,reqIdx=2,hash=97e8ae3a...
info|2019-12-12 14:09:01.135898|[g:1][CONSENSUS][PBFT]checkTimeout Succ,view=58581,toView=58582,nodeIdx=3,changeCycle=0,myNode=de0436d1...,timecost=0.471
info|2019-12-12 14:09:01.137583|[g:1][CONSENSUS][PBFT]checkAndChangeView: Reach consensus,org_view=58581,org_changeCycle=0,cur_changeCycle=0,to_view=58582
info|2019-12-12 14:09:02.138036|[g:1][CONSENSUS][SEALER]++++++++++++++++ Generating seal on,blkNum=6,tx=0,nodeIdx=3,hash=6a520b55...
info|2019-12-12 14:09:02.141286|[g:1][CONSENSUS][PBFT]checkTimeout Succ,view=58582,toView=58583,nodeIdx=3,changeCycle=0,myNode=de0436d1...,timecost=0.504
info|2019-12-12 14:09:02.142013|[g:1][CONSENSUS][PBFT]checkAndChangeView: Reach consensus,org_view=58582,org_changeCycle=0,cur_changeCycle=0,to_view=58583
info|2019-12-12 14:09:03.142854|[g:1][CONSENSUS]addRawPrepare,height=6,reqIdx=0,hash=6f087839...
info|2019-12-12 14:09:03.143458|[g:1][CONSENSUS][PBFT]checkTimeout Succ,view=58583,toView=58584,nodeIdx=3,changeCycle=0,myNode=de0436d1...,timecost=0.476
info|2019-12-12 14:09:03.145360|[g:1][CONSENSUS][PBFT]checkAndChangeView: Reach consensus,org_view=58583,org_changeCycle=0,cur_changeCycle=0,to_view=58584
info|2019-12-12 14:09:04.147021|[g:1][CONSENSUS]addRawPrepare,height=6,reqIdx=1,hash=5c992f8d...
info|2019-12-12 14:09:04.148450|[g:1][CONSENSUS][PBFT]checkTimeout Succ,view=58584,toView=58585,nodeIdx=3,changeCycle=0,myNode=de0436d1...,timecost=1.24
info|2019-12-12 14:09:04.149839|[g:1][CONSENSUS][PBFT]checkAndChangeView: Reach consensus,org_view=58584,org_changeCycle=0,cur_changeCycle=0,to_view=58585
info|2019-12-12 14:09:05.152029|[g:1][CONSENSUS]addRawPrepare,height=6,reqIdx=2,hash=0a67c419...
info|2019-12-12 14:09:05.152642|[g:1][CONSENSUS][PBFT]checkTimeout Succ,view=58585,toView=58586,nodeIdx=3,changeCycle=0,myNode=de0436d1...,timecost=0.48
info|2019-12-12 14:09:05.154048|[g:1][CONSENSUS][PBFT]checkAndChangeView: Reach consensus,org_view=58585,org_changeCycle=0,cur_changeCycle=0,to_view=58586
info|2019-12-12 14:09:06.154723|[g:1][CONSENSUS][SEALER]++++++++++++++++ Generating seal on,blkNum=6,tx=0,nodeIdx=3,hash=52000fc7...
info|2019-12-12 14:09:06.155647|[g:1][CONSENSUS][PBFT]checkTimeout Succ,view=58586,toView=58587,nodeIdx=3,changeCycle=0,myNode=de0436d1...,timecost=0.376
info|2019-12-12 14:09:06.158400|[g:1][CONSENSUS][PBFT]checkAndChangeView: Reach consensus,org_view=58586,org_changeCycle=0,cur_changeCycle=0,to_view=58587
info|2019-12-12 14:09:07.160340|[g:1][CONSENSUS]addRawPrepare,height=6,reqIdx=0,hash=ed8201aa...
info|2019-12-12 14:09:07.160937|[g:1][CONSENSUS][PBFT]checkTimeout Succ,view=58587,toView=58588,nodeIdx=3,changeCycle=0,myNode=de0436d1...,timecost=0.476
info|2019-12-12 14:09:07.162363|[g:1][CONSENSUS][PBFT]checkAndChangeView: Reach consensus,org_view=58587,org_changeCycle=0,cur_changeCycle=0,to_view=58588
info|2019-12-12 14:09:08.164785|[g:1][CONSENSUS]addRawPrepare,height=6,reqIdx=1,hash=db32d8c8...
info|2019-12-12 14:09:08.165385|[g:1][CONSENSUS][PBFT]checkTimeout Succ,view=58588,toView=58589,nodeIdx=3,changeCycle=0,myNode=de0436d1...,timecost=0.472
info|2019-12-12 14:09:08.166894|[g:1][CONSENSUS][PBFT]checkAndChangeView: Reach consensus,org_view=58588,org_changeCycle=0,cur_changeCycle=0,to_view=58589
info|2019-12-12 14:09:09.035169|[P2P][Service] heartBeat,connected count=3
info|2019-12-12 14:09:09.169864|[g:1][CONSENSUS]addRawPrepare,height=6,reqIdx=2,hash=4f7dfd76...
info|2019-12-12 14:09:09.170725|[g:1][CONSENSUS][PBFT]checkTimeout Succ,view=58589,toView=58590,nodeIdx=3,changeCycle=0,myNode=de0436d1...,timecost=0.659
info|2019-12-12 14:09:09.172239|[g:1][CONSENSUS][PBFT]checkAndChangeView: Reach consensus,org_view=58589,org_changeCycle=0,cur_changeCycle=0,to_view=58590
info|2019-12-12 14:09:10.173727|[g:1][CONSENSUS][SEALER]++++++++++++++++ Generating seal on,blkNum=6,tx=0,nodeIdx=3,hash=b88fff71...
info|2019-12-12 14:09:10.176434|[g:1][CONSENSUS][PBFT]checkTimeout Succ,view=58590,toView=58591,nodeIdx=3,changeCycle=0,myNode=de0436d1...,timecost=0.441
info|2019-12-12 14:09:10.177864|[g:1][CONSENSUS][PBFT]checkAndChangeView: Reach consensus,org_view=58590,org_changeCycle=0,cur_changeCycle=0,to_view=58591
info|2019-12-12 14:09:11.179538|[g:1][CONSENSUS]addRawPrepare,height=6,reqIdx=0,hash=ec3248b8...
info|2019-12-12 14:09:11.180170|[g:1][CONSENSUS][PBFT]checkTimeout Succ,view=58591,toView=58592,nodeIdx=3,changeCycle=0,myNode=de0436d1...,timecost=0.507
info|2019-12-12 14:09:11.182156|[g:1][CONSENSUS][PBFT]checkAndChangeView: Reach consensus,org_view=58591,org_changeCycle=0,cur_changeCycle=0,to_view=58592
info|2019-12-12 14:09:12.184107|[g:1][CONSENSUS]addRawPrepare,height=6,reqIdx=1,hash=2b080834...
info|2019-12-12 14:09:12.188030|[g:1][CONSENSUS][PBFT]checkTimeout Succ,view=58592,toView=58593,nodeIdx=3,changeCycle=0,myNode=de0436d1...,timecost=0.422
info|2019-12-12 14:09:12.189069|[g:1][CONSENSUS][PBFT]checkAndChangeView: Reach consensus,org_view=58592,org_changeCycle=0,cur_changeCycle=0,to_view=58593
info|2019-12-12 14:09:13.188936|[g:1][CONSENSUS]addRawPrepare,height=6,reqIdx=2,hash=b26aafae...
info|2019-12-12 14:09:13.189647|[g:1][CONSENSUS][PBFT]checkTimeout Succ,view=58593,toView=58594,nodeIdx=3,changeCycle=0,myNode=de0436d1...,timecost=0.584
info|2019-12-12 14:09:13.191473|[g:1][CONSENSUS][PBFT]checkAndChangeView: Reach consensus,org_view=58593,org_changeCycle=0,cur_changeCycle=0,to_view=58594
info|2019-12-12 14:09:14.191530|[g:1][CONSENSUS][SEALER]++++++++++++++++ Generating seal on,blkNum=6,tx=0,nodeIdx=3,hash=20633159...
info|2019-12-12 14:09:14.194524|[g:1][CONSENSUS][PBFT]checkTimeout Succ,view=58594,toView=58595,nodeIdx=3,changeCycle=0,myNode=de0436d1...,timecost=0.653
info|2019-12-12 14:09:14.196165|[g:1][CONSENSUS][PBFT]checkAndChangeView: Reach consensus,org_view=58594,org_changeCycle=0,cur_changeCycle=0,to_view=58595
info|2019-12-12 14:09:15.196727|[g:1][CONSENSUS]addRawPrepare,height=6,reqIdx=0,hash=ccf69fa9...
info|2019-12-12 14:09:15.197316|[g:1][CONSENSUS][PBFT]checkTimeout Succ,view=58595,toView=58596,nodeIdx=3,changeCycle=0,myNode=de0436d1...,timecost=0.471
info|2019-12-12 14:09:15.198583|[g:1][CONSENSUS][PBFT]checkAndChangeView: Reach consensus,org_view=58595,org_changeCycle=0,cur_changeCycle=0,to_view=58596
info|2019-12-12 14:09:16.200607|[g:1][CONSENSUS]addRawPrepare,height=6,reqIdx=1,hash=dd5802d1...
info|2019-12-12 14:09:16.201237|[g:1][CONSENSUS][PBFT]checkTimeout Succ,view=58596,toView=58597,nodeIdx=3,changeCycle=0,myNode=de0436d1...,timecost=0.489
info|2019-12-12 14:09:16.202816|[g:1][CONSENSUS][PBFT]checkAndChangeView: Reach consensus,org_view=58596,org_changeCycle=0,cur_changeCycle=0,to_view=58597
info|2019-12-12 14:09:17.204644|[g:1][CONSENSUS]addRawPrepare,height=6,reqIdx=2,hash=ea4df2cd...
info|2019-12-12 14:09:17.205363|[g:1][CONSENSUS][PBFT]checkTimeout Succ,view=58597,toView=58598,nodeIdx=3,changeCycle=0,myNode=de0436d1...,timecost=0.553
info|2019-12-12 14:09:17.207027|[g:1][CONSENSUS][PBFT]checkAndChangeView: Reach consensus,org_view=58597,org_changeCycle=0,cur_changeCycle=0,to_view=58598
info|2019-12-12 14:09:18.208432|[g:1][CONSENSUS][SEALER]++++++++++++++++ Generating seal on,blkNum=6,tx=0,nodeIdx=3,hash=eaacef66...
info|2019-12-12 14:09:18.209384|[g:1][CONSENSUS][PBFT]checkTimeout Succ,view=58598,toView=58599,nodeIdx=3,changeCycle=0,myNode=de0436d1...,timecost=0.468
info|2019-12-12 14:09:18.212058|[g:1][CONSENSUS][PBFT]checkAndChangeView: Reach consensus,org_view=58598,org_changeCycle=0,cur_changeCycle=0,to_view=58599
info|2019-12-12 14:09:19.040798|[P2P][Service] heartBeat,connected count=3
info|2019-12-12 14:09:19.213351|[g:1][CONSENSUS]addRawPrepare,height=6,reqIdx=0,hash=7ce73ac9...
info|2019-12-12 14:09:19.214145|[g:1][CONSENSUS][PBFT]checkTimeout Succ,view=58599,toView=58600,nodeIdx=3,changeCycle=0,myNode=de0436d1...,timecost=0.63
info|2019-12-12 14:09:19.215869|[g:1][CONSENSUS][PBFT]checkAndChangeView: Reach consensus,org_view=58599,org_changeCycle=0,cur_changeCycle=0,to_view=58600
info|2019-12-12 14:09:20.217944|[g:1][CONSENSUS]addRawPrepare,height=6,reqIdx=1,hash=b1e22716...
info|2019-12-12 14:09:20.218577|[g:1][CONSENSUS][PBFT]checkTimeout Succ,view=58600,toView=58601,nodeIdx=3,changeCycle=0,myNode=de0436d1...,timecost=0.466
info|2019-12-12 14:09:20.219888|[g:1][CONSENSUS][PBFT]checkAndChangeView: Reach consensus,org_view=58600,org_changeCycle=0,cur_changeCycle=0,to_view=58601
info|2019-12-12 14:09:21.222598|[g:1][CONSENSUS]addRawPrepare,height=6,reqIdx=2,hash=fb86dc61...
info|2019-12-12 14:09:21.223124|[g:1][CONSENSUS][PBFT]checkTimeout Succ,view=58601,toView=58602,nodeIdx=3,changeCycle=0,myNode=de0436d1...,timecost=0.417
info|2019-12-12 14:09:21.224046|[g:1][CONSENSUS][PBFT]checkAndChangeView: Reach consensus,org_view=58601,org_changeCycle=0,cur_changeCycle=0,to_view=58602
info|2019-12-12 14:09:22.224347|[g:1][CONSENSUS][SEALER]++++++++++++++++ Generating seal on,blkNum=6,tx=0,nodeIdx=3,hash=a77d5fc9...
info|2019-12-12 14:09:22.227001|[g:1][CONSENSUS][PBFT]checkTimeout Succ,view=58602,toView=58603,nodeIdx=3,changeCycle=0,myNode=de0436d1...,timecost=0.453
info|2019-12-12 14:09:22.228287|[g:1][CONSENSUS][PBFT]checkAndChangeView: Reach consensus,org_view=58602,org_changeCycle=0,cur_changeCycle=0,to_view=58603
info|2019-12-12 14:09:23.230091|[g:1][CONSENSUS]addRawPrepare,height=6,reqIdx=0,hash=ff9b9e11...
info|2019-12-12 14:09:23.230792|[g:1][CONSENSUS][PBFT]checkTimeout Succ,view=58603,toView=58604,nodeIdx=3,changeCycle=0,myNode=de0436d1...,timecost=0.573
info|2019-12-12 14:09:23.232123|[g:1][CONSENSUS][PBFT]checkAndChangeView: Reach consensus,org_view=58603,org_changeCycle=0,cur_changeCycle=0,to_view=58604
info|2019-12-12 14:09:24.234862|[g:1][CONSENSUS]addRawPrepare,height=6,reqIdx=1,hash=99638bf7...
info|2019-12-12 14:09:24.236073|[g:1][CONSENSUS][PBFT]checkTimeout Succ,view=58604,toView=58605,nodeIdx=3,changeCycle=0,myNode=de0436d1...,timecost=1.105
info|2019-12-12 14:09:24.237645|[g:1][CONSENSUS][PBFT]checkAndChangeView: Reach consensus,org_view=58604,org_changeCycle=0,cur_changeCycle=0,to_view=58605
info|2019-12-12 14:09:25.239875|[g:1][CONSENSUS]addRawPrepare,height=6,reqIdx=2,hash=e6aa0f70...
info|2019-12-12 14:09:25.240649|[g:1][CONSENSUS][PBFT]checkTimeout Succ,view=58605,toView=58606,nodeIdx=3,changeCycle=0,myNode=de0436d1...,timecost=0.625
info|2019-12-12 14:09:25.242123|[g:1][CONSENSUS][PBFT]checkAndChangeView: Reach consensus,org_view=58605,org_changeCycle=0,cur_changeCycle=0,to_view=58606
info|2019-12-12 14:09:26.243495|[g:1][CONSENSUS][SEALER]++++++++++++++++ Generating seal on,blkNum=6,tx=0,nodeIdx=3,hash=365e053a...
info|2019-12-12 14:09:26.244424|[g:1][CONSENSUS][PBFT]checkTimeout Succ,view=58606,toView=58607,nodeIdx=3,changeCycle=0,myNode=de0436d1...,timecost=0.454
info|2019-12-12 14:09:26.246968|[g:1][CONSENSUS][PBFT]checkAndChangeView: Reach consensus,org_view=58606,org_changeCycle=0,cur_changeCycle=0,to_view=58607
info|2019-12-12 14:09:27.248588|[g:1][CONSENSUS]addRawPrepare,height=6,reqIdx=0,hash=5ce77233...
info|2019-12-12 14:09:27.249473|[g:1][CONSENSUS][PBFT]checkTimeout Succ,view=58607,toView=58608,nodeIdx=3,changeCycle=0,myNode=de0436d1...,timecost=0.602
info|2019-12-12 14:09:27.251083|[g:1][CONSENSUS][PBFT]checkAndChangeView: Reach consensus,org_view=58607,org_changeCycle=0,cur_changeCycle=0,to_view=58608
info|2019-12-12 14:09:28.252465|[g:1][CONSENSUS]addRawPrepare,height=6,reqIdx=1,hash=db414b47...
info|2019-12-12 14:09:28.253083|[g:1][CONSENSUS][PBFT]checkTimeout Succ,view=58608,toView=58609,nodeIdx=3,changeCycle=0,myNode=de0436d1...,timecost=0.494
info|2019-12-12 14:09:28.254454|[g:1][CONSENSUS][PBFT]checkAndChangeView: Reach consensus,org_view=58608,org_changeCycle=0,cur_changeCycle=0,to_view=58609
info|2019-12-12 14:09:29.047448|[P2P][Service] heartBeat,connected count=3
info|2019-12-12 14:09:29.256231|[g:1][CONSENSUS]addRawPrepare,height=6,reqIdx=2,hash=d98fd8bc...
info|2019-12-12 14:09:29.257492|[g:1][CONSENSUS][PBFT]checkTimeout Succ,view=58609,toView=58610,nodeIdx=3,changeCycle=0,myNode=de0436d1...,timecost=1.038
info|2019-12-12 14:09:29.259108|[g:1][CONSENSUS][PBFT]checkAndChangeView: Reach consensus,org_view=58609,org_changeCycle=0,cur_changeCycle=0,to_view=58610
info|2019-12-12 14:09:30.259643|[g:1][CONSENSUS][SEALER]++++++++++++++++ Generating seal on,blkNum=6,tx=0,nodeIdx=3,hash=6571c257...
info|2019-12-12 14:09:30.260629|[g:1][CONSENSUS][PBFT]checkTimeout Succ,view=58610,toView=58611,nodeIdx=3,changeCycle=0,myNode=de0436d1...,timecost=0.523
info|2019-12-12 14:09:30.263143|[g:1][CONSENSUS][PBFT]checkAndChangeView: Reach consensus,org_view=58610,org_changeCycle=0,cur_changeCycle=0,to_view=58611
info|2019-12-12 14:09:31.265166|[g:1][CONSENSUS]addRawPrepare,height=6,reqIdx=0,hash=7291170f...
info|2019-12-12 14:09:31.265816|[g:1][CONSENSUS][PBFT]checkTimeout Succ,view=58611,toView=58612,nodeIdx=3,changeCycle=0,myNode=de0436d1...,timecost=0.489
info|2019-12-12 14:09:31.267537|[g:1][CONSENSUS][PBFT]checkAndChangeView: Reach consensus,org_view=58611,org_changeCycle=0,cur_changeCycle=0,to_view=58612
info|2019-12-12 14:09:32.269093|[g:1][CONSENSUS]addRawPrepare,height=6,reqIdx=1,hash=c29e7e70...
info|2019-12-12 14:09:32.269758|[g:1][CONSENSUS][PBFT]checkTimeout Succ,view=58612,toView=58613,nodeIdx=3,changeCycle=0,myNode=de0436d1...,timecost=0.492
info|2019-12-12 14:09:32.271155|[g:1][CONSENSUS][PBFT]checkAndChangeView: Reach consensus,org_view=58612,org_changeCycle=0,cur_changeCycle=0,to_view=58613
info|2019-12-12 14:09:33.272929|[g:1][CONSENSUS]addRawPrepare,height=6,reqIdx=2,hash=9699ca3d...
info|2019-12-12 14:09:33.273610|[g:1][CONSENSUS][PBFT]checkTimeout Succ,view=58613,toView=58614,nodeIdx=3,changeCycle=0,myNode=de0436d1...,timecost=0.528
info|2019-12-12 14:09:33.274913|[g:1][CONSENSUS][PBFT]checkAndChangeView: Reach consensus,org_view=58613,org_changeCycle=0,cur_changeCycle=0,to_view=58614
info|2019-12-12 14:09:34.274388|[g:1][CONSENSUS][SEALER]++++++++++++++++ Generating seal on,blkNum=6,tx=0,nodeIdx=3,hash=4dea511a...
info|2019-12-12 14:09:34.275510|[g:1][CONSENSUS][PBFT]checkTimeout Succ,view=58614,toView=58615,nodeIdx=3,changeCycle=0,myNode=de0436d1...,timecost=0.665
info|2019-12-12 14:09:34.278571|[g:1][CONSENSUS][PBFT]checkAndChangeView: Reach consensus,org_view=58614,org_changeCycle=0,cur_changeCycle=0,to_view=58615
info|2019-12-12 14:09:35.280211|[g:1][CONSENSUS]addRawPrepare,height=6,reqIdx=0,hash=c3195603...
info|2019-12-12 14:09:35.280876|[g:1][CONSENSUS][PBFT]checkTimeout Succ,view=58615,toView=58616,nodeIdx=3,changeCycle=0,myNode=de0436d1...,timecost=0.545
info|2019-12-12 14:09:35.282207|[g:1][CONSENSUS][PBFT]checkAndChangeView: Reach consensus,org_view=58615,org_changeCycle=0,cur_changeCycle=0,to_view=58616
info|2019-12-12 14:09:36.284309|[g:1][CONSENSUS]addRawPrepare,height=6,reqIdx=1,hash=556b811a...
info|2019-12-12 14:09:36.284995|[g:1][CONSENSUS][PBFT]checkTimeout Succ,view=58616,toView=58617,nodeIdx=3,changeCycle=0,myNode=de0436d1...,timecost=0.526
info|2019-12-12 14:09:36.286478|[g:1][CONSENSUS][PBFT]checkAndChangeView: Reach consensus,org_view=58616,org_changeCycle=0,cur_changeCycle=0,to_view=58617
warning|2019-12-12 14:47:02.008514|[g:1][CONSENSUS][PBFT]ViewChangeWarning: not caused by omit empty block ,v=58617,toV=58618,curNum=5,hash=a9fec021...,nodeIdx=3,myNode=de0436d1...
info|2019-12-12 14:47:02.011346|[g:1][CONSENSUS][PBFT]checkTimeout Succ,view=58617,toView=58618,nodeIdx=3,changeCycle=1,myNode=de0436d1...,timecost=8.969
info|2019-12-12 14:47:02.011588|[P2P][Service] heartBeat,connected count=3
info|2019-12-12 14:47:02.014783|[g:1][CONSENSUS][PBFT]checkAndChangeView: Reach consensus,org_view=58617,org_changeCycle=1,cur_changeCycle=1,to_view=58618
info|2019-12-12 14:47:03.014307|[g:1][CONSENSUS][SEALER]++++++++++++++++ Generating seal on,blkNum=6,tx=0,nodeIdx=3,hash=dba5a512...
info|2019-12-12 14:47:03.016322|[g:1][CONSENSUS][PBFT]checkTimeout Succ,view=58618,toView=58619,nodeIdx=3,changeCycle=0,myNode=de0436d1...,timecost=0.355
info|2019-12-12 14:47:03.017370|[g:1][CONSENSUS][PBFT]checkAndChangeView: Reach consensus,org_view=58618,org_changeCycle=0,cur_changeCycle=0,to_view=58619
info|2019-12-12 14:47:04.018538|[g:1][CONSENSUS]addRawPrepare,height=6,reqIdx=0,hash=807428d6...
info|2019-12-12 14:47:04.019075|[g:1][CONSENSUS][PBFT]checkTimeout Succ,view=58619,toView=58620,nodeIdx=3,changeCycle=0,myNode=de0436d1...,timecost=0.418
info|2019-12-12 14:47:04.020465|[g:1][CONSENSUS][PBFT]checkAndChangeView: Reach consensus,org_view=58619,org_changeCycle=0,cur_changeCycle=0,to_view=58620
info|2019-12-12 14:47:05.021875|[g:1][CONSENSUS]addRawPrepare,height=6,reqIdx=1,hash=d3d57fc1...
info|2019-12-12 14:47:05.022336|[g:1][CONSENSUS][PBFT]checkTimeout Succ,view=58620,toView=58621,nodeIdx=3,changeCycle=0,myNode=de0436d1...,timecost=0.348
info|2019-12-12 14:47:05.023373|[g:1][CONSENSUS][PBFT]checkAndChangeView: Reach consensus,org_view=58620,org_changeCycle=0,cur_changeCycle=0,to_view=58621
info|2019-12-12 14:47:06.715229|[g:1][CONSENSUS]addRawPrepare,height=6,reqIdx=2,hash=a00b695b...
info|2019-12-12 14:47:06.715734|[g:1][CONSENSUS][PBFT]checkTimeout Succ,view=58621,toView=58622,nodeIdx=3,changeCycle=0,myNode=de0436d1...,timecost=0.369
info|2019-12-12 14:47:06.717485|[g:1][CONSENSUS][PBFT]checkAndChangeView: Reach consensus,org_view=58621,org_changeCycle=0,cur_changeCycle=0,to_view=58622
info|2019-12-12 14:47:07.718232|[g:1][CONSENSUS][SEALER]++++++++++++++++ Generating seal on,blkNum=6,tx=0,nodeIdx=3,hash=3bc6fff7...
info|2019-12-12 14:47:07.719040|[g:1][CONSENSUS][PBFT]checkTimeout Succ,view=58622,toView=58623,nodeIdx=3,changeCycle=0,myNode=de0436d1...,timecost=0.396
info|2019-12-12 14:47:07.721709|[g:1][CONSENSUS][PBFT]checkAndChangeView: Reach consensus,org_view=58622,org_changeCycle=0,cur_changeCycle=0,to_view=58623
info|2019-12-12 14:47:08.723567|[g:1][CONSENSUS]addRawPrepare,height=6,reqIdx=0,hash=625ef047...
info|2019-12-12 14:47:08.724083|[g:1][CONSENSUS][PBFT]checkTimeout Succ,view=58623,toView=58624,nodeIdx=3,changeCycle=0,myNode=de0436d1...,timecost=0.369
info|2019-12-12 14:47:08.725200|[g:1][CONSENSUS][PBFT]checkAndChangeView: Reach consensus,org_view=58623,org_changeCycle=0,cur_changeCycle=0,to_view=58624
info|2019-12-12 14:47:09.726641|[g:1][CONSENSUS]addRawPrepare,height=6,reqIdx=1,hash=4045b633...
info|2019-12-12 14:47:09.727196|[g:1][CONSENSUS][PBFT]checkTimeout Succ,view=58624,toView=58625,nodeIdx=3,changeCycle=0,myNode=de0436d1...,timecost=0.419
info|2019-12-12 14:47:09.728636|[g:1][CONSENSUS][PBFT]checkAndChangeView: Reach consensus,org_view=58624,org_changeCycle=0,cur_changeCycle=0,to_view=58625
info|2019-12-12 14:47:10.729544|[g:1][CONSENSUS]addRawPrepare,height=6,reqIdx=2,hash=11a35e0c...
info|2019-12-12 14:47:10.730279|[g:1][CONSENSUS][PBFT]checkTimeout Succ,view=58625,toView=58626,nodeIdx=3,changeCycle=0,myNode=de0436d1...,timecost=0.529
info|2019-12-12 14:47:10.731746|[g:1][CONSENSUS][PBFT]checkAndChangeView: Reach consensus,org_view=58625,org_changeCycle=0,cur_changeCycle=0,to_view=58626
info|2019-12-12 14:47:11.732544|[g:1][CONSENSUS][SEALER]++++++++++++++++ Generating seal on,blkNum=6,tx=0,nodeIdx=3,hash=9dba38cc...
info|2019-12-12 14:47:11.733588|[g:1][CONSENSUS][PBFT]checkTimeout Succ,view=58626,toView=58627,nodeIdx=3,changeCycle=0,myNode=de0436d1...,timecost=0.573
info|2019-12-12 14:47:11.736465|[g:1][CONSENSUS][PBFT]checkAndChangeView: Reach consensus,org_view=58626,org_changeCycle=0,cur_changeCycle=0,to_view=58627
info|2019-12-12 14:47:12.013028|[P2P][Service] heartBeat,connected count=3
info|2019-12-12 14:47:12.737503|[g:1][CONSENSUS]addRawPrepare,height=6,reqIdx=0,hash=590c708b...
info|2019-12-12 14:47:12.738104|[g:1][CONSENSUS][PBFT]checkTimeout Succ,view=58627,toView=58628,nodeIdx=3,changeCycle=0,myNode=de0436d1...,timecost=0.465
info|2019-12-12 14:47:12.739842|[g:1][CONSENSUS][PBFT]checkAndChangeView: Reach consensus,org_view=58627,org_changeCycle=0,cur_changeCycle=0,to_view=58628
info|2019-12-12 14:47:13.741809|[g:1][CONSENSUS]addRawPrepare,height=6,reqIdx=1,hash=c55edb3d...
info|2019-12-12 14:47:13.742482|[g:1][CONSENSUS][PBFT]checkTimeout Succ,view=58628,toView=58629,nodeIdx=3,changeCycle=0,myNode=de0436d1...,timecost=0.538
info|2019-12-12 14:47:13.744027|[g:1][CONSENSUS][PBFT]checkAndChangeView: Reach consensus,org_view=58628,org_changeCycle=0,cur_changeCycle=0,to_view=58629
info|2019-12-12 14:47:14.746406|[g:1][CONSENSUS]addRawPrepare,height=6,reqIdx=2,hash=a82bf4eb...
info|2019-12-12 14:47:14.747060|[g:1][CONSENSUS][PBFT]checkTimeout Succ,view=58629,toView=58630,nodeIdx=3,changeCycle=0,myNode=de0436d1...,timecost=0.487
info|2019-12-12 14:47:14.748643|[g:1][CONSENSUS][PBFT]checkAndChangeView: Reach consensus,org_view=58629,org_changeCycle=0,cur_changeCycle=0,to_view=58630
info|2019-12-12 14:47:15.748501|[g:1][CONSENSUS][SEALER]++++++++++++++++ Generating seal on,blkNum=6,tx=0,nodeIdx=3,hash=8264081b...
info|2019-12-12 14:47:15.749474|[g:1][CONSENSUS][PBFT]checkTimeout Succ,view=58630,toView=58631,nodeIdx=3,changeCycle=0,myNode=de0436d1...,timecost=0.513
info|2019-12-12 14:47:15.751989|[g:1][CONSENSUS][PBFT]checkAndChangeView: Reach consensus,org_view=58630,org_changeCycle=0,cur_changeCycle=0,to_view=58631
info|2019-12-12 14:47:16.753912|[g:1][CONSENSUS]addRawPrepare,height=6,reqIdx=0,hash=aa47a755...
info|2019-12-12 14:47:16.754718|[g:1][CONSENSUS][PBFT]checkTimeout Succ,view=58631,toView=58632,nodeIdx=3,changeCycle=0,myNode=de0436d1...,timecost=0.595
info|2019-12-12 14:47:16.756460|[g:1][CONSENSUS][PBFT]checkAndChangeView: Reach consensus,org_view=58631,org_changeCycle=0,cur_changeCycle=0,to_view=58632
info|2019-12-12 14:47:17.758028|[g:1][CONSENSUS]addRawPrepare,height=6,reqIdx=1,hash=96b60fc3...
info|2019-12-12 14:47:17.758640|[g:1][CONSENSUS][PBFT]checkTimeout Succ,view=58632,toView=58633,nodeIdx=3,changeCycle=0,myNode=de0436d1...,timecost=0.465
info|2019-12-12 14:47:17.760470|[g:1][CONSENSUS][PBFT]checkAndChangeView: Reach consensus,org_view=58632,org_changeCycle=0,cur_changeCycle=0,to_view=58633
info|2019-12-12 14:47:18.763118|[g:1][CONSENSUS]addRawPrepare,height=6,reqIdx=2,hash=d4b0820a...
info|2019-12-12 14:47:18.763815|[g:1][CONSENSUS][PBFT]checkTimeout Succ,view=58633,toView=58634,nodeIdx=3,changeCycle=0,myNode=de0436d1...,timecost=0.523
info|2019-12-12 14:47:18.765220|[g:1][CONSENSUS][PBFT]checkAndChangeView: Reach consensus,org_view=58633,org_changeCycle=0,cur_changeCycle=0,to_view=58634
info|2019-12-12 14:47:19.766786|[g:1][CONSENSUS][SEALER]++++++++++++++++ Generating seal on,blkNum=6,tx=0,nodeIdx=3,hash=09ac88de...
info|2019-12-12 14:47:19.770138|[g:1][CONSENSUS][PBFT]checkTimeout Succ,view=58634,toView=58635,nodeIdx=3,changeCycle=0,myNode=de0436d1...,timecost=0.536
info|2019-12-12 14:47:19.770924|[g:1][CONSENSUS][PBFT]checkAndChangeView: Reach consensus,org_view=58634,org_changeCycle=0,cur_changeCycle=0,to_view=58635
info|2019-12-12 14:47:20.773149|[g:1][CONSENSUS]addRawPrepare,height=6,reqIdx=0,hash=b151280e...
info|2019-12-12 14:47:20.773778|[g:1][CONSENSUS][PBFT]checkTimeout Succ,view=58635,toView=58636,nodeIdx=3,changeCycle=0,myNode=de0436d1...,timecost=0.465
info|2019-12-12 14:47:20.775139|[g:1][CONSENSUS][PBFT]checkAndChangeView: Reach consensus,org_view=58635,org_changeCycle=0,cur_changeCycle=0,to_view=58636
info|2019-12-12 14:47:21.777591|[g:1][CONSENSUS]addRawPrepare,height=6,reqIdx=1,hash=0c121081...
info|2019-12-12 14:47:21.778293|[g:1][CONSENSUS][PBFT]checkTimeout Succ,view=58636,toView=58637,nodeIdx=3,changeCycle=0,myNode=de0436d1...,timecost=0.537
info|2019-12-12 14:47:21.779843|[g:1][CONSENSUS][PBFT]checkAndChangeView: Reach consensus,org_view=58636,org_changeCycle=0,cur_changeCycle=0,to_view=58637
info|2019-12-12 14:47:22.022909|[P2P][Service] heartBeat,connected count=3
info|2019-12-12 14:47:22.781548|[g:1][CONSENSUS]addRawPrepare,height=6,reqIdx=2,hash=89e5b556...
info|2019-12-12 14:47:22.782088|[g:1][CONSENSUS][PBFT]checkTimeout Succ,view=58637,toView=58638,nodeIdx=3,changeCycle=0,myNode=de0436d1...,timecost=0.43
info|2019-12-12 14:47:22.783316|[g:1][CONSENSUS][PBFT]checkAndChangeView: Reach consensus,org_view=58637,org_changeCycle=0,cur_changeCycle=0,to_view=58638
info|2019-12-12 14:47:23.783378|[g:1][CONSENSUS][SEALER]++++++++++++++++ Generating seal on,blkNum=6,tx=0,nodeIdx=3,hash=603d9aaf...
info|2019-12-12 14:47:23.784053|[g:1][CONSENSUS][PBFT]checkTimeout Succ,view=58638,toView=58639,nodeIdx=3,changeCycle=0,myNode=de0436d1...,timecost=0.321
info|2019-12-12 14:47:23.786257|[g:1][CONSENSUS][PBFT]checkAndChangeView: Reach consensus,org_view=58638,org_changeCycle=0,cur_changeCycle=0,to_view=58639
info|2019-12-12 14:47:24.788346|[g:1][CONSENSUS]addRawPrepare,height=6,reqIdx=0,hash=0501ca16...
info|2019-12-12 14:47:24.789030|[g:1][CONSENSUS][PBFT]checkTimeout Succ,view=58639,toView=58640,nodeIdx=3,changeCycle=0,myNode=de0436d1...,timecost=0.535
info|2019-12-12 14:47:24.790604|[g:1][CONSENSUS][PBFT]checkAndChangeView: Reach consensus,org_view=58639,org_changeCycle=0,cur_changeCycle=0,to_view=58640
info|2019-12-12 14:47:25.791817|[g:1][CONSENSUS]addRawPrepare,height=6,reqIdx=1,hash=5654168e...
info|2019-12-12 14:47:25.792248|[g:1][CONSENSUS][PBFT]checkTimeout Succ,view=58640,toView=58641,nodeIdx=3,changeCycle=0,myNode=de0436d1...,timecost=0.333
info|2019-12-12 14:47:25.793503|[g:1][CONSENSUS][PBFT]checkAndChangeView: Reach consensus,org_view=58640,org_changeCycle=0,cur_changeCycle=0,to_view=58641
info|2019-12-12 14:47:26.795937|[g:1][CONSENSUS]addRawPrepare,height=6,reqIdx=2,hash=a9912efa...
info|2019-12-12 14:47:26.796515|[g:1][CONSENSUS][PBFT]checkTimeout Succ,view=58641,toView=58642,nodeIdx=3,changeCycle=0,myNode=de0436d1...,timecost=0.425
info|2019-12-12 14:47:26.797871|[g:1][CONSENSUS][PBFT]checkAndChangeView: Reach consensus,org_view=58641,org_changeCycle=0,cur_changeCycle=0,to_view=58642
info|2019-12-12 14:47:27.798454|[g:1][CONSENSUS][SEALER]++++++++++++++++ Generating seal on,blkNum=6,tx=0,nodeIdx=3,hash=ea82a3de...
info|2019-12-12 14:47:27.799390|[g:1][CONSENSUS][PBFT]checkTimeout Succ,view=58642,toView=58643,nodeIdx=3,changeCycle=0,myNode=de0436d1...,timecost=0.479
info|2019-12-12 14:47:27.802254|[g:1][CONSENSUS][PBFT]checkAndChangeView: Reach consensus,org_view=58642,org_changeCycle=0,cur_changeCycle=0,to_view=58643
info|2019-12-12 14:47:28.804292|[g:1][CONSENSUS]addRawPrepare,height=6,reqIdx=0,hash=bb7fda1b...
info|2019-12-12 14:47:28.805075|[g:1][CONSENSUS][PBFT]checkTimeout Succ,view=58643,toView=58644,nodeIdx=3,changeCycle=0,myNode=de0436d1...,timecost=0.604
info|2019-12-12 14:47:28.806887|[g:1][CONSENSUS][PBFT]checkAndChangeView: Reach consensus,org_view=58643,org_changeCycle=0,cur_changeCycle=0,to_view=58644
info|2019-12-12 14:47:29.807552|[g:1][CONSENSUS]addRawPrepare,height=6,reqIdx=1,hash=0cf2b9e7...
info|2019-12-12 14:47:29.808255|[g:1][CONSENSUS][PBFT]checkTimeout Succ,view=58644,toView=58645,nodeIdx=3,changeCycle=0,myNode=de0436d1...,timecost=0.564
info|2019-12-12 14:47:29.809454|[g:1][CONSENSUS][PBFT]checkAndChangeView: Reach consensus,org_view=58644,org_changeCycle=0,cur_changeCycle=0,to_view=58645
info|2019-12-12 14:47:30.811722|[g:1][CONSENSUS]addRawPrepare,height=6,reqIdx=2,hash=a6d4d6cf...
info|2019-12-12 14:47:30.812657|[g:1][CONSENSUS][PBFT]checkTimeout Succ,view=58645,toView=58646,nodeIdx=3,changeCycle=0,myNode=de0436d1...,timecost=0.675
info|2019-12-12 14:47:30.814220|[g:1][CONSENSUS][PBFT]checkAndChangeView: Reach consensus,org_view=58645,org_changeCycle=0,cur_changeCycle=0,to_view=58646
info|2019-12-12 14:47:31.815787|[g:1][CONSENSUS][SEALER]++++++++++++++++ Generating seal on,blkNum=6,tx=0,nodeIdx=3,hash=636eccd7...
info|2019-12-12 14:47:31.816817|[g:1][CONSENSUS][PBFT]checkTimeout Succ,view=58646,toView=58647,nodeIdx=3,changeCycle=0,myNode=de0436d1...,timecost=0.515
info|2019-12-12 14:47:31.819235|[g:1][CONSENSUS][PBFT]checkAndChangeView: Reach consensus,org_view=58646,org_changeCycle=0,cur_changeCycle=0,to_view=58647
info|2019-12-12 14:47:32.027229|[P2P][Service] heartBeat,connected count=3
info|2019-12-12 14:47:32.821214|[g:1][CONSENSUS]addRawPrepare,height=6,reqIdx=0,hash=9197c7ca...
info|2019-12-12 14:47:32.821869|[g:1][CONSENSUS][PBFT]checkTimeout Succ,view=58647,toView=58648,nodeIdx=3,changeCycle=0,myNode=de0436d1...,timecost=0.493
info|2019-12-12 14:47:32.823299|[g:1][CONSENSUS][PBFT]checkAndChangeView: Reach consensus,org_view=58647,org_changeCycle=0,cur_changeCycle=0,to_view=58648
info|2019-12-12 14:47:33.825922|[g:1][CONSENSUS]addRawPrepare,height=6,reqIdx=1,hash=d138a1ba...
info|2019-12-12 14:47:33.826496|[g:1][CONSENSUS][PBFT]checkTimeout Succ,view=58648,toView=58649,nodeIdx=3,changeCycle=0,myNode=de0436d1...,timecost=0.433
info|2019-12-12 14:47:33.828050|[g:1][CONSENSUS][PBFT]checkAndChangeView: Reach consensus,org_view=58648,org_changeCycle=0,cur_changeCycle=0,to_view=58649
info|2019-12-12 14:47:34.830135|[g:1][CONSENSUS]addRawPrepare,height=6,reqIdx=2,hash=3e32cea9...
info|2019-12-12 14:47:34.830879|[g:1][CONSENSUS][PBFT]checkTimeout Succ,view=58649,toView=58650,nodeIdx=3,changeCycle=0,myNode=de0436d1...,timecost=0.583
info|2019-12-12 14:47:34.832344|[g:1][CONSENSUS][PBFT]checkAndChangeView: Reach consensus,org_view=58649,org_changeCycle=0,cur_changeCycle=0,to_view=58650
info|2019-12-12 14:47:35.832351|[g:1][CONSENSUS][SEALER]++++++++++++++++ Generating seal on,blkNum=6,tx=0,nodeIdx=3,hash=7faeae76...
info|2019-12-12 14:47:35.833330|[g:1][CONSENSUS][PBFT]checkTimeout Succ,view=58650,toView=58651,nodeIdx=3,changeCycle=0,myNode=de0436d1...,timecost=0.51
info|2019-12-12 14:47:35.836000|[g:1][CONSENSUS][PBFT]checkAndChangeView: Reach consensus,org_view=58650,org_changeCycle=0,cur_changeCycle=0,to_view=58651
info|2019-12-12 14:47:36.837140|[g:1][CONSENSUS]addRawPrepare,height=6,reqIdx=0,hash=7d775769...
info|2019-12-12 14:47:36.837901|[g:1][CONSENSUS][PBFT]checkTimeout Succ,view=58651,toView=58652,nodeIdx=3,changeCycle=0,myNode=de0436d1...,timecost=0.53
info|2019-12-12 14:47:36.839562|[g:1][CONSENSUS][PBFT]checkAndChangeView: Reach consensus,org_view=58651,org_changeCycle=0,cur_changeCycle=0,to_view=58652
info|2019-12-12 14:47:37.842073|[g:1][CONSENSUS]addRawPrepare,height=6,reqIdx=1,hash=b0c7c2d1...
info|2019-12-12 14:47:37.842793|[g:1][CONSENSUS][PBFT]checkTimeout Succ,view=58652,toView=58653,nodeIdx=3,changeCycle=0,myNode=de0436d1...,timecost=0.558
info|2019-12-12 14:47:37.844236|[g:1][CONSENSUS][PBFT]checkAndChangeView: Reach consensus,org_view=58652,org_changeCycle=0,cur_changeCycle=0,to_view=58653
info|2019-12-12 14:47:38.846074|[g:1][CONSENSUS]addRawPrepare,height=6,reqIdx=2,hash=e1f06a81...
info|2019-12-12 14:47:38.846894|[g:1][CONSENSUS][PBFT]checkTimeout Succ,view=58653,toView=58654,nodeIdx=3,changeCycle=0,myNode=de0436d1...,timecost=0.638
info|2019-12-12 14:47:38.848297|[g:1][CONSENSUS][PBFT]checkAndChangeView: Reach consensus,org_view=58653,org_changeCycle=0,cur_changeCycle=0,to_view=58654
info|2019-12-12 14:47:39.848976|[g:1][CONSENSUS][SEALER]++++++++++++++++ Generating seal on,blkNum=6,tx=0,nodeIdx=3,hash=cd8e7dec...
info|2019-12-12 14:47:39.852188|[g:1][CONSENSUS][PBFT]checkTimeout Succ,view=58654,toView=58655,nodeIdx=3,changeCycle=0,myNode=de0436d1...,timecost=0.454
info|2019-12-12 14:47:39.852918|[g:1][CONSENSUS][PBFT]checkAndChangeView: Reach consensus,org_view=58654,org_changeCycle=0,cur_changeCycle=0,to_view=58655
info|2019-12-12 14:47:40.854767|[g:1][CONSENSUS]addRawPrepare,height=6,reqIdx=0,hash=856c8866...
info|2019-12-12 14:47:40.855636|[g:1][CONSENSUS][PBFT]checkTimeout Succ,view=58655,toView=58656,nodeIdx=3,changeCycle=0,myNode=de0436d1...,timecost=0.618
info|2019-12-12 14:47:40.857038|[g:1][CONSENSUS][PBFT]checkAndChangeView: Reach consensus,org_view=58655,org_changeCycle=0,cur_changeCycle=0,to_view=58656
info|2019-12-12 14:47:41.858933|[g:1][CONSENSUS]addRawPrepare,height=6,reqIdx=1,hash=d6a4ac2c...
info|2019-12-12 14:47:41.859537|[g:1][CONSENSUS][PBFT]checkTimeout Succ,view=58656,toView=58657,nodeIdx=3,changeCycle=0,myNode=de0436d1...,timecost=0.485
info|2019-12-12 14:47:41.860839|[g:1][CONSENSUS][PBFT]checkAndChangeView: Reach consensus,org_view=58656,org_changeCycle=0,cur_changeCycle=0,to_view=58657
info|2019-12-12 14:47:42.029779|[P2P][Service] heartBeat,connected count=3
info|2019-12-12 14:47:42.862367|[g:1][CONSENSUS]addRawPrepare,height=6,reqIdx=2,hash=a91703cb...
info|2019-12-12 14:47:42.863046|[g:1][CONSENSUS][PBFT]checkTimeout Succ,view=58657,toView=58658,nodeIdx=3,changeCycle=0,myNode=de0436d1...,timecost=0.483
info|2019-12-12 14:47:42.864457|[g:1][CONSENSUS][PBFT]checkAndChangeView: Reach consensus,org_view=58657,org_changeCycle=0,cur_changeCycle=0,to_view=58658
info|2019-12-12 14:47:43.864754|[g:1][CONSENSUS][SEALER]++++++++++++++++ Generating seal on,blkNum=6,tx=0,nodeIdx=3,hash=27816d7b...
info|2019-12-12 14:47:43.867814|[g:1][CONSENSUS][PBFT]checkTimeout Succ,view=58658,toView=58659,nodeIdx=3,changeCycle=0,myNode=de0436d1...,timecost=0.492
info|2019-12-12 14:47:43.868520|[g:1][CONSENSUS][PBFT]checkAndChangeView: Reach consensus,org_view=58658,org_changeCycle=0,cur_changeCycle=0,to_view=58659
info|2019-12-12 14:47:44.870565|[g:1][CONSENSUS]addRawPrepare,height=6,reqIdx=0,hash=426d20db...
info|2019-12-12 14:47:44.871344|[g:1][CONSENSUS][PBFT]checkTimeout Succ,view=58659,toView=58660,nodeIdx=3,changeCycle=0,myNode=de0436d1...,timecost=0.67
info|2019-12-12 14:47:44.872901|[g:1][CONSENSUS][PBFT]checkAndChangeView: Reach consensus,org_view=58659,org_changeCycle=0,cur_changeCycle=0,to_view=58660
info|2019-12-12 14:47:45.874682|[g:1][CONSENSUS]addRawPrepare,height=6,reqIdx=1,hash=c5cc6682...
info|2019-12-12 14:47:45.875302|[g:1][CONSENSUS][PBFT]checkTimeout Succ,view=58660,toView=58661,nodeIdx=3,changeCycle=0,myNode=de0436d1...,timecost=0.474
info|2019-12-12 14:47:45.876767|[g:1][CONSENSUS][PBFT]checkAndChangeView: Reach consensus,org_view=58660,org_changeCycle=0,cur_changeCycle=0,to_view=58661
info|2019-12-12 14:47:46.877941|[g:1][CONSENSUS]addRawPrepare,height=6,reqIdx=2,hash=d2a7780b...
info|2019-12-12 14:47:46.878531|[g:1][CONSENSUS][PBFT]checkTimeout Succ,view=58661,toView=58662,nodeIdx=3,changeCycle=0,myNode=de0436d1...,timecost=0.462
info|2019-12-12 14:47:46.880006|[g:1][CONSENSUS][PBFT]checkAndChangeView: Reach consensus,org_view=58661,org_changeCycle=0,cur_changeCycle=0,to_view=58662
info|2019-12-12 14:47:47.881161|[g:1][CONSENSUS][SEALER]++++++++++++++++ Generating seal on,blkNum=6,tx=0,nodeIdx=3,hash=0dc9cdb1...
info|2019-12-12 14:47:47.882206|[g:1][CONSENSUS][PBFT]checkTimeout Succ,view=58662,toView=58663,nodeIdx=3,changeCycle=0,myNode=de0436d1...,timecost=0.575
info|2019-12-12 14:47:47.884953|[g:1][CONSENSUS][PBFT]checkAndChangeView: Reach consensus,org_view=58662,org_changeCycle=0,cur_changeCycle=0,to_view=58663
info|2019-12-12 14:47:48.886133|[g:1][CONSENSUS]addRawPrepare,height=6,reqIdx=0,hash=9dc1f493...
info|2019-12-12 14:47:48.886817|[g:1][CONSENSUS][PBFT]checkTimeout Succ,view=58663,toView=58664,nodeIdx=3,changeCycle=0,myNode=de0436d1...,timecost=0.504
info|2019-12-12 14:47:48.888102|[g:1][CONSENSUS][PBFT]checkAndChangeView: Reach consensus,org_view=58663,org_changeCycle=0,cur_changeCycle=0,to_view=58664
info|2019-12-12 14:47:49.890843|[g:1][CONSENSUS]addRawPrepare,height=6,reqIdx=1,hash=7490649f...
info|2019-12-12 14:47:49.891439|[g:1][CONSENSUS][PBFT]checkTimeout Succ,view=58664,toView=58665,nodeIdx=3,changeCycle=0,myNode=de0436d1...,timecost=0.469
info|2019-12-12 14:47:49.893105|[g:1][CONSENSUS][PBFT]checkAndChangeView: Reach consensus,org_view=58664,org_changeCycle=0,cur_changeCycle=0,to_view=58665
info|2019-12-12 14:47:50.895564|[g:1][CONSENSUS]addRawPrepare,height=6,reqIdx=2,hash=89382e66...
info|2019-12-12 14:47:50.896406|[g:1][CONSENSUS][PBFT]checkTimeout Succ,view=58665,toView=58666,nodeIdx=3,changeCycle=0,myNode=de0436d1...,timecost=0.568
info|2019-12-12 14:47:50.897833|[g:1][CONSENSUS][PBFT]checkAndChangeView: Reach consensus,org_view=58665,org_changeCycle=0,cur_changeCycle=0,to_view=58666
info|2019-12-12 14:47:51.898824|[g:1][CONSENSUS][SEALER]++++++++++++++++ Generating seal on,blkNum=6,tx=0,nodeIdx=3,hash=f5913f19...
info|2019-12-12 14:47:51.899952|[g:1][CONSENSUS][PBFT]checkTimeout Succ,view=58666,toView=58667,nodeIdx=3,changeCycle=0,myNode=de0436d1...,timecost=0.496
info|2019-12-12 14:47:51.902573|[g:1][CONSENSUS][PBFT]checkAndChangeView: Reach consensus,org_view=58666,org_changeCycle=0,cur_changeCycle=0,to_view=58667
info|2019-12-12 14:47:52.036779|[P2P][Service] heartBeat,connected count=3
info|2019-12-12 14:47:52.904512|[g:1][CONSENSUS]addRawPrepare,height=6,reqIdx=0,hash=00663470...
info|2019-12-12 14:47:52.905148|[g:1][CONSENSUS][PBFT]checkTimeout Succ,view=58667,toView=58668,nodeIdx=3,changeCycle=0,myNode=de0436d1...,timecost=0.446
info|2019-12-12 14:47:52.906809|[g:1][CONSENSUS][PBFT]checkAndChangeView: Reach consensus,org_view=58667,org_changeCycle=0,cur_changeCycle=0,to_view=58668
info|2019-12-12 14:47:53.907940|[g:1][CONSENSUS]addRawPrepare,height=6,reqIdx=1,hash=74e36b53...
info|2019-12-12 14:47:53.908539|[g:1][CONSENSUS][PBFT]checkTimeout Succ,view=58668,toView=58669,nodeIdx=3,changeCycle=0,myNode=de0436d1...,timecost=0.483
info|2019-12-12 14:47:53.909653|[g:1][CONSENSUS][PBFT]checkAndChangeView: Reach consensus,org_view=58668,org_changeCycle=0,cur_changeCycle=0,to_view=58669
info|2019-12-12 14:47:54.911785|[g:1][CONSENSUS]addRawPrepare,height=6,reqIdx=2,hash=60d54a84...
info|2019-12-12 14:47:54.912488|[g:1][CONSENSUS][PBFT]checkTimeout Succ,view=58669,toView=58670,nodeIdx=3,changeCycle=0,myNode=de0436d1...,timecost=0.539
info|2019-12-12 14:47:54.913885|[g:1][CONSENSUS][PBFT]checkAndChangeView: Reach consensus,org_view=58669,org_changeCycle=0,cur_changeCycle=0,to_view=58670
info|2019-12-12 14:47:55.914609|[g:1][CONSENSUS][SEALER]++++++++++++++++ Generating seal on,blkNum=6,tx=0,nodeIdx=3,hash=ab8b1c96...
info|2019-12-12 14:47:55.915532|[g:1][CONSENSUS][PBFT]checkTimeout Succ,view=58670,toView=58671,nodeIdx=3,changeCycle=0,myNode=de0436d1...,timecost=0.455
info|2019-12-12 14:47:55.918008|[g:1][CONSENSUS][PBFT]checkAndChangeView: Reach consensus,org_view=58670,org_changeCycle=0,cur_changeCycle=0,to_view=58671
warning|2019-12-12 14:54:23.006185|[g:1][CONSENSUS][PBFT]ViewChangeWarning: not caused by omit empty block ,v=58671,toV=58672,curNum=5,hash=a9fec021...,nodeIdx=3,myNode=de0436d1...
info|2019-12-12 14:54:23.007185|[g:1][CONSENSUS][PBFT]checkTimeout Succ,view=58671,toView=58672,nodeIdx=3,changeCycle=1,myNode=de0436d1...,timecost=5.625
info|2019-12-12 14:54:23.007995|[P2P][Service] heartBeat,connected count=3
info|2019-12-12 14:54:23.010800|[g:1][CONSENSUS][PBFT]checkAndChangeView: Reach consensus,org_view=58671,org_changeCycle=1,cur_changeCycle=1,to_view=58672
info|2019-12-12 14:54:24.011860|[g:1][CONSENSUS]addRawPrepare,height=6,reqIdx=1,hash=c2daceaa...
info|2019-12-12 14:54:24.012525|[g:1][CONSENSUS][PBFT]checkTimeout Succ,view=58672,toView=58673,nodeIdx=3,changeCycle=0,myNode=de0436d1...,timecost=0.539
info|2019-12-12 14:54:24.014008|[g:1][CONSENSUS][PBFT]checkAndChangeView: Reach consensus,org_view=58672,org_changeCycle=0,cur_changeCycle=0,to_view=58673
info|2019-12-12 14:54:25.014950|[g:1][CONSENSUS]addRawPrepare,height=6,reqIdx=2,hash=f4ffd2f3...
info|2019-12-12 14:54:25.015795|[g:1][CONSENSUS][PBFT]checkTimeout Succ,view=58673,toView=58674,nodeIdx=3,changeCycle=0,myNode=de0436d1...,timecost=0.617
info|2019-12-12 14:54:25.017476|[g:1][CONSENSUS][PBFT]checkAndChangeView: Reach consensus,org_view=58673,org_changeCycle=0,cur_changeCycle=0,to_view=58674
info|2019-12-12 14:54:26.017681|[g:1][CONSENSUS][SEALER]++++++++++++++++ Generating seal on,blkNum=6,tx=0,nodeIdx=3,hash=942035e7...
info|2019-12-12 14:54:26.020168|[g:1][CONSENSUS][PBFT]checkTimeout Succ,view=58674,toView=58675,nodeIdx=3,changeCycle=0,myNode=de0436d1...,timecost=0.294
info|2019-12-12 14:54:26.020874|[g:1][CONSENSUS][PBFT]checkAndChangeView: Reach consensus,org_view=58674,org_changeCycle=0,cur_changeCycle=0,to_view=58675
info|2019-12-12 14:54:27.021527|[g:1][CONSENSUS]addRawPrepare,height=6,reqIdx=0,hash=3e2c87c8...
info|2019-12-12 14:54:27.021972|[g:1][CONSENSUS][PBFT]checkTimeout Succ,view=58675,toView=58676,nodeIdx=3,changeCycle=0,myNode=de0436d1...,timecost=0.329
info|2019-12-12 14:54:27.023148|[g:1][CONSENSUS][PBFT]checkAndChangeView: Reach consensus,org_view=58675,org_changeCycle=0,cur_changeCycle=0,to_view=58676
info|2019-12-12 14:54:28.025047|[g:1][CONSENSUS]addRawPrepare,height=6,reqIdx=1,hash=72930761...
info|2019-12-12 14:54:28.025885|[g:1][CONSENSUS][PBFT]checkTimeout Succ,view=58676,toView=58677,nodeIdx=3,changeCycle=0,myNode=de0436d1...,timecost=0.691
info|2019-12-12 14:54:28.027218|[g:1][CONSENSUS][PBFT]checkAndChangeView: Reach consensus,org_view=58676,org_changeCycle=0,cur_changeCycle=0,to_view=58677
info|2019-12-12 14:54:29.029310|[g:1][CONSENSUS]addRawPrepare,height=6,reqIdx=2,hash=49bdd162...
info|2019-12-12 14:54:29.029997|[g:1][CONSENSUS][PBFT]checkTimeout Succ,view=58677,toView=58678,nodeIdx=3,changeCycle=0,myNode=de0436d1...,timecost=0.546
info|2019-12-12 14:54:29.031463|[g:1][CONSENSUS][PBFT]checkAndChangeView: Reach consensus,org_view=58677,org_changeCycle=0,cur_changeCycle=0,to_view=58678
info|2019-12-12 14:54:30.031309|[g:1][CONSENSUS][SEALER]++++++++++++++++ Generating seal on,blkNum=6,tx=0,nodeIdx=3,hash=65b3b649...
info|2019-12-12 14:54:30.034738|[g:1][CONSENSUS][PBFT]checkTimeout Succ,view=58678,toView=58679,nodeIdx=3,changeCycle=0,myNode=de0436d1...,timecost=0.596
info|2019-12-12 14:54:30.035472|[g:1][CONSENSUS][PBFT]checkAndChangeView: Reach consensus,org_view=58678,org_changeCycle=0,cur_changeCycle=0,to_view=58679
info|2019-12-12 14:54:31.036024|[g:1][CONSENSUS]addRawPrepare,height=6,reqIdx=0,hash=db954499...
info|2019-12-12 14:54:31.036730|[g:1][CONSENSUS][PBFT]checkTimeout Succ,view=58679,toView=58680,nodeIdx=3,changeCycle=0,myNode=de0436d1...,timecost=0.499
info|2019-12-12 14:54:31.038059|[g:1][CONSENSUS][PBFT]checkAndChangeView: Reach consensus,org_view=58679,org_changeCycle=0,cur_changeCycle=0,to_view=58680
info|2019-12-12 14:54:32.038960|[g:1][CONSENSUS]addRawPrepare,height=6,reqIdx=1,hash=58ed169a...
info|2019-12-12 14:54:32.039563|[g:1][CONSENSUS][PBFT]checkTimeout Succ,view=58680,toView=58681,nodeIdx=3,changeCycle=0,myNode=de0436d1...,timecost=0.504
info|2019-12-12 14:54:32.041007|[g:1][CONSENSUS][PBFT]checkAndChangeView: Reach consensus,org_view=58680,org_changeCycle=0,cur_changeCycle=0,to_view=58681
info|2019-12-12 14:54:33.011761|[P2P][Service] heartBeat,connected count=3
info|2019-12-12 14:54:33.043108|[g:1][CONSENSUS]addRawPrepare,height=6,reqIdx=2,hash=db8003dc...
info|2019-12-12 14:54:33.044297|[g:1][CONSENSUS][PBFT]checkTimeout Succ,view=58681,toView=58682,nodeIdx=3,changeCycle=0,myNode=de0436d1...,timecost=1.031
info|2019-12-12 14:54:33.046118|[g:1][CONSENSUS][PBFT]checkAndChangeView: Reach consensus,org_view=58681,org_changeCycle=0,cur_changeCycle=0,to_view=58682
info|2019-12-12 14:54:34.047186|[g:1][CONSENSUS][SEALER]++++++++++++++++ Generating seal on,blkNum=6,tx=0,nodeIdx=3,hash=bb008edb...
info|2019-12-12 14:54:34.048234|[g:1][CONSENSUS][PBFT]checkTimeout Succ,view=58682,toView=58683,nodeIdx=3,changeCycle=0,myNode=de0436d1...,timecost=0.582
info|2019-12-12 14:54:34.050637|[g:1][CONSENSUS][PBFT]checkAndChangeView: Reach consensus,org_view=58682,org_changeCycle=0,cur_changeCycle=0,to_view=58683
info|2019-12-12 14:54:35.051908|[g:1][CONSENSUS]addRawPrepare,height=6,reqIdx=0,hash=2e77186b...
info|2019-12-12 14:54:35.052473|[g:1][CONSENSUS][PBFT]checkTimeout Succ,view=58683,toView=58684,nodeIdx=3,changeCycle=0,myNode=de0436d1...,timecost=0.405
info|2019-12-12 14:54:35.053744|[g:1][CONSENSUS][PBFT]checkAndChangeView: Reach consensus,org_view=58683,org_changeCycle=0,cur_changeCycle=0,to_view=58684
info|2019-12-12 14:54:36.056973|[g:1][CONSENSUS]addRawPrepare,height=6,reqIdx=1,hash=70b96420...
info|2019-12-12 14:54:36.057572|[g:1][CONSENSUS][PBFT]checkTimeout Succ,view=58684,toView=58685,nodeIdx=3,changeCycle=0,myNode=de0436d1...,timecost=0.46
info|2019-12-12 14:54:36.059177|[g:1][CONSENSUS][PBFT]checkAndChangeView: Reach consensus,org_view=58684,org_changeCycle=0,cur_changeCycle=0,to_view=58685
info|2019-12-12 14:54:37.062212|[g:1][CONSENSUS]addRawPrepare,height=6,reqIdx=2,hash=dc3512d0...
info|2019-12-12 14:54:37.062809|[g:1][CONSENSUS][PBFT]checkTimeout Succ,view=58685,toView=58686,nodeIdx=3,changeCycle=0,myNode=de0436d1...,timecost=0.462
info|2019-12-12 14:54:37.064220|[g:1][CONSENSUS][PBFT]checkAndChangeView: Reach consensus,org_view=58685,org_changeCycle=0,cur_changeCycle=0,to_view=58686
info|2019-12-12 14:54:38.064836|[g:1][CONSENSUS][SEALER]++++++++++++++++ Generating seal on,blkNum=6,tx=0,nodeIdx=3,hash=d2a74f7c...
info|2019-12-12 14:54:38.065814|[g:1][CONSENSUS][PBFT]checkTimeout Succ,view=58686,toView=58687,nodeIdx=3,changeCycle=0,myNode=de0436d1...,timecost=0.514
info|2019-12-12 14:54:38.068920|[g:1][CONSENSUS][PBFT]checkAndChangeView: Reach consensus,org_view=58686,org_changeCycle=0,cur_changeCycle=0,to_view=58687
info|2019-12-12 14:54:39.071070|[g:1][CONSENSUS]addRawPrepare,height=6,reqIdx=0,hash=4fcd5d6e...
info|2019-12-12 14:54:39.071562|[g:1][CONSENSUS][PBFT]checkTimeout Succ,view=58687,toView=58688,nodeIdx=3,changeCycle=0,myNode=de0436d1...,timecost=0.383
info|2019-12-12 14:54:39.072806|[g:1][CONSENSUS][PBFT]checkAndChangeView: Reach consensus,org_view=58687,org_changeCycle=0,cur_changeCycle=0,to_view=58688
info|2019-12-12 14:54:40.074530|[g:1][CONSENSUS]addRawPrepare,height=6,reqIdx=1,hash=3acea76e...
info|2019-12-12 14:54:40.075157|[g:1][CONSENSUS][PBFT]checkTimeout Succ,view=58688,toView=58689,nodeIdx=3,changeCycle=0,myNode=de0436d1...,timecost=0.474
info|2019-12-12 14:54:40.076790|[g:1][CONSENSUS][PBFT]checkAndChangeView: Reach consensus,org_view=58688,org_changeCycle=0,cur_changeCycle=0,to_view=58689
info|2019-12-12 14:54:41.078098|[g:1][CONSENSUS]addRawPrepare,height=6,reqIdx=2,hash=6f55418c...
info|2019-12-12 14:54:41.078920|[g:1][CONSENSUS][PBFT]checkTimeout Succ,view=58689,toView=58690,nodeIdx=3,changeCycle=0,myNode=de0436d1...,timecost=0.681
info|2019-12-12 14:54:41.080664|[g:1][CONSENSUS][PBFT]checkAndChangeView: Reach consensus,org_view=58689,org_changeCycle=0,cur_changeCycle=0,to_view=58690
info|2019-12-12 14:54:42.081486|[g:1][CONSENSUS][SEALER]++++++++++++++++ Generating seal on,blkNum=6,tx=0,nodeIdx=3,hash=bda5c55b...
info|2019-12-12 14:54:42.082509|[g:1][CONSENSUS][PBFT]checkTimeout Succ,view=58690,toView=58691,nodeIdx=3,changeCycle=0,myNode=de0436d1...,timecost=0.556
info|2019-12-12 14:54:42.085108|[g:1][CONSENSUS][PBFT]checkAndChangeView: Reach consensus,org_view=58690,org_changeCycle=0,cur_changeCycle=0,to_view=58691
info|2019-12-12 14:54:43.017680|[P2P][Service] heartBeat,connected count=3
info|2019-12-12 14:54:43.086861|[g:1][CONSENSUS]addRawPrepare,height=6,reqIdx=0,hash=6dd52136...
info|2019-12-12 14:54:43.088015|[g:1][CONSENSUS][PBFT]checkTimeout Succ,view=58691,toView=58692,nodeIdx=3,changeCycle=0,myNode=de0436d1...,timecost=1.043
info|2019-12-12 14:54:43.089441|[g:1][CONSENSUS][PBFT]checkAndChangeView: Reach consensus,org_view=58691,org_changeCycle=0,cur_changeCycle=0,to_view=58692
info|2019-12-12 14:54:44.090541|[g:1][CONSENSUS]addRawPrepare,height=6,reqIdx=1,hash=b9ba4245...
info|2019-12-12 14:54:44.091158|[g:1][CONSENSUS][PBFT]checkTimeout Succ,view=58692,toView=58693,nodeIdx=3,changeCycle=0,myNode=de0436d1...,timecost=0.48
info|2019-12-12 14:54:44.092735|[g:1][CONSENSUS][PBFT]checkAndChangeView: Reach consensus,org_view=58692,org_changeCycle=0,cur_changeCycle=0,to_view=58693
info|2019-12-12 14:54:45.093429|[g:1][CONSENSUS]addRawPrepare,height=6,reqIdx=2,hash=f91ce379...
info|2019-12-12 14:54:45.094283|[g:1][CONSENSUS][PBFT]checkTimeout Succ,view=58693,toView=58694,nodeIdx=3,changeCycle=0,myNode=de0436d1...,timecost=0.71
info|2019-12-12 14:54:45.095858|[g:1][CONSENSUS][PBFT]checkAndChangeView: Reach consensus,org_view=58693,org_changeCycle=0,cur_changeCycle=0,to_view=58694
info|2019-12-12 14:54:46.096576|[g:1][CONSENSUS][SEALER]++++++++++++++++ Generating seal on,blkNum=6,tx=0,nodeIdx=3,hash=65318008...
info|2019-12-12 14:54:46.097595|[g:1][CONSENSUS][PBFT]checkTimeout Succ,view=58694,toView=58695,nodeIdx=3,changeCycle=0,myNode=de0436d1...,timecost=0.551
info|2019-12-12 14:54:46.100223|[g:1][CONSENSUS][PBFT]checkAndChangeView: Reach consensus,org_view=58694,org_changeCycle=0,cur_changeCycle=0,to_view=58695
info|2019-12-12 14:54:47.101601|[g:1][CONSENSUS]addRawPrepare,height=6,reqIdx=0,hash=57358a67...
info|2019-12-12 14:54:47.102351|[g:1][CONSENSUS][PBFT]checkTimeout Succ,view=58695,toView=58696,nodeIdx=3,changeCycle=0,myNode=de0436d1...,timecost=0.579
info|2019-12-12 14:54:47.103751|[g:1][CONSENSUS][PBFT]checkAndChangeView: Reach consensus,org_view=58695,org_changeCycle=0,cur_changeCycle=0,to_view=58696
info|2019-12-12 14:54:48.106104|[g:1][CONSENSUS]addRawPrepare,height=6,reqIdx=1,hash=1e11488b...
info|2019-12-12 14:54:48.106973|[g:1][CONSENSUS][PBFT]checkTimeout Succ,view=58696,toView=58697,nodeIdx=3,changeCycle=0,myNode=de0436d1...,timecost=0.707
info|2019-12-12 14:54:48.108628|[g:1][CONSENSUS][PBFT]checkAndChangeView: Reach consensus,org_view=58696,org_changeCycle=0,cur_changeCycle=0,to_view=58697
info|2019-12-12 14:54:49.111720|[g:1][CONSENSUS]addRawPrepare,height=6,reqIdx=2,hash=6399e172...
info|2019-12-12 14:54:49.112370|[g:1][CONSENSUS][PBFT]checkTimeout Succ,view=58697,toView=58698,nodeIdx=3,changeCycle=0,myNode=de0436d1...,timecost=0.524
info|2019-12-12 14:54:49.113774|[g:1][CONSENSUS][PBFT]checkAndChangeView: Reach consensus,org_view=58697,org_changeCycle=0,cur_changeCycle=0,to_view=58698
info|2019-12-12 14:54:50.113464|[g:1][CONSENSUS][SEALER]++++++++++++++++ Generating seal on,blkNum=6,tx=0,nodeIdx=3,hash=1871706d...
info|2019-12-12 14:54:50.116065|[g:1][CONSENSUS][PBFT]checkTimeout Succ,view=58698,toView=58699,nodeIdx=3,changeCycle=0,myNode=de0436d1...,timecost=0.334
info|2019-12-12 14:54:50.117337|[g:1][CONSENSUS][PBFT]checkAndChangeView: Reach consensus,org_view=58698,org_changeCycle=0,cur_changeCycle=0,to_view=58699
info|2019-12-12 14:54:51.118361|[g:1][CONSENSUS]addRawPrepare,height=6,reqIdx=0,hash=9da47b10...
info|2019-12-12 14:54:51.119029|[g:1][CONSENSUS][PBFT]checkTimeout Succ,view=58699,toView=58700,nodeIdx=3,changeCycle=0,myNode=de0436d1...,timecost=0.487
info|2019-12-12 14:54:51.120791|[g:1][CONSENSUS][PBFT]checkAndChangeView: Reach consensus,org_view=58699,org_changeCycle=0,cur_changeCycle=0,to_view=58700
