warning|2019-12-13 09:42:18.007174|[g:1][CONSENSUS][PBFT]ViewChangeWarning: not caused by omit empty block ,v=476,toV=477,curNum=68,hash=685b9589...,nodeIdx=3,myNode=de0436d1...
info|2019-12-13 09:42:18.010357|[g:1][CONSENSUS][PBFT]checkTimeout Succ,view=476,toView=477,nodeIdx=3,changeCycle=1,myNode=de0436d1...,timecost=8.155
info|2019-12-13 09:42:18.010683|[P2P][Service] heartBeat,connected count=3
info|2019-12-13 09:42:18.012851|[g:1][CONSENSUS][PBFT]checkAndChangeView: Reach consensus,org_view=476,org_changeCycle=1,cur_changeCycle=1,to_view=477
info|2019-12-13 09:42:19.013415|[g:1][CONSENSUS]addRawPrepare,height=69,reqIdx=1,hash=00e6c7f8...
info|2019-12-13 09:42:19.013937|[g:1][CONSENSUS][PBFT]checkTimeout Succ,view=477,toView=478,nodeIdx=3,changeCycle=0,myNode=de0436d1...,timecost=0.404
info|2019-12-13 09:42:19.014501|[g:1][CONSENSUS][PBFT]checkAndChangeView: Reach consensus,org_view=477,org_changeCycle=0,cur_changeCycle=0,to_view=478
info|2019-12-13 09:42:20.016500|[g:1][CONSENSUS]addRawPrepare,height=69,reqIdx=2,hash=f34060be...
info|2019-12-13 09:42:20.017108|[g:1][CONSENSUS][PBFT]checkTimeout Succ,view=478,toView=479,nodeIdx=3,changeCycle=0,myNode=de0436d1...,timecost=0.432
info|2019-12-13 09:42:20.018127|[g:1][CONSENSUS][PBFT]checkAndChangeView: Reach consensus,org_view=478,org_changeCycle=0,cur_changeCycle=0,to_view=479
info|2019-12-13 09:42:21.018962|[g:1][CONSENSUS][SEALER]++++++++++++++++ Generating seal on,blkNum=69,tx=0,nodeIdx=3,hash=d1477995...
info|2019-12-13 09:42:21.019590|[g:1][CONSENSUS][PBFT]checkTimeout Succ,view=479,toView=480,nodeIdx=3,changeCycle=0,myNode=de0436d1...,timecost=0.325
info|2019-12-13 09:42:21.021775|[g:1][CONSENSUS][PBFT]checkAndChangeView: Reach consensus,org_view=479,org_changeCycle=0,cur_changeCycle=0,to_view=480
info|2019-12-13 09:42:22.023803|[g:1][CONSENSUS]addRawPrepare,height=69,reqIdx=0,hash=3ab16077...
info|2019-12-13 09:42:22.024445|[g:1][CONSENSUS][PBFT]checkTimeout Succ,view=480,toView=481,nodeIdx=3,changeCycle=0,myNode=de0436d1...,timecost=0.461
info|2019-12-13 09:42:22.025919|[g:1][CONSENSUS][PBFT]checkAndChangeView: Reach consensus,org_view=480,org_changeCycle=0,cur_changeCycle=0,to_view=481
info|2019-12-13 09:42:23.026330|[g:1][CONSENSUS]addRawPrepare,height=69,reqIdx=1,hash=5e1dad40...
info|2019-12-13 09:42:23.026944|[g:1][CONSENSUS][PBFT]checkTimeout Succ,view=481,toView=482,nodeIdx=3,changeCycle=0,myNode=de0436d1...,timecost=0.484
info|2019-12-13 09:42:23.029207|[g:1][CONSENSUS][PBFT]checkAndChangeView: Reach consensus,org_view=481,org_changeCycle=0,cur_changeCycle=0,to_view=482
info|2019-12-13 09:42:24.029539|[g:1][CONSENSUS]addRawPrepare,height=69,reqIdx=2,hash=ec6ce778...
info|2019-12-13 09:42:24.030118|[g:1][CONSENSUS][PBFT]checkTimeout Succ,view=482,toView=483,nodeIdx=3,changeCycle=0,myNode=de0436d1...,timecost=0.421
info|2019-12-13 09:42:24.031745|[g:1][CONSENSUS][PBFT]checkAndChangeView: Reach consensus,org_view=482,org_changeCycle=0,cur_changeCycle=0,to_view=483
info|2019-12-13 09:42:25.032683|[g:1][CONSENSUS][SEALER]++++++++++++++++ Generating seal on,blkNum=69,tx=0,nodeIdx=3,hash=ed0b941a...
info|2019-12-13 09:42:25.035321|[g:1][CONSENSUS][PBFT]checkTimeout Succ,view=483,toView=484,nodeIdx=3,changeCycle=0,myNode=de0436d1...,timecost=0.409
info|2019-12-13 09:42:25.036735|[g:1][CONSENSUS][PBFT]checkAndChangeView: Reach consensus,org_view=483,org_changeCycle=0,cur_changeCycle=0,to_view=484
info|2019-12-13 09:42:26.038453|[g:1][CONSENSUS]addRawPrepare,height=69,reqIdx=0,hash=f364d4bc...
info|2019-12-13 09:42:26.038912|[g:1][CONSENSUS][PBFT]checkTimeout Succ,view=484,toView=485,nodeIdx=3,changeCycle=0,myNode=de0436d1...,timecost=0.32
info|2019-12-13 09:42:26.039923|[g:1][CONSENSUS][PBFT]checkAndChangeView: Reach consensus,org_view=484,org_changeCycle=0,cur_changeCycle=0,to_view=485
info|2019-12-13 09:42:27.041439|[g:1][CONSENSUS]addRawPrepare,height=69,reqIdx=1,hash=9cf8a3c0...
info|2019-12-13 09:42:27.042242|[g:1][CONSENSUS][PBFT]checkTimeout Succ,view=485,toView=486,nodeIdx=3,changeCycle=0,myNode=de0436d1...,timecost=0.675
info|2019-12-13 09:42:27.043728|[g:1][CONSENSUS][PBFT]checkAndChangeView: Reach consensus,org_view=485,org_changeCycle=0,cur_changeCycle=0,to_view=486
info|2019-12-13 09:42:28.013790|[P2P][Service] heartBeat,connected count=3
info|2019-12-13 09:42:28.045758|[g:1][CONSENSUS]addRawPrepare,height=69,reqIdx=2,hash=41884236...
info|2019-12-13 09:42:28.046460|[g:1][CONSENSUS][PBFT]checkTimeout Succ,view=486,toView=487,nodeIdx=3,changeCycle=0,myNode=de0436d1...,timecost=0.578
info|2019-12-13 09:42:28.048110|[g:1][CONSENSUS][PBFT]checkAndChangeView: Reach consensus,org_view=486,org_changeCycle=0,cur_changeCycle=0,to_view=487
info|2019-12-13 09:42:29.049229|[g:1][CONSENSUS][SEALER]++++++++++++++++ Generating seal on,blkNum=69,tx=0,nodeIdx=3,hash=8108a152...
info|2019-12-13 09:42:29.052882|[g:1][CONSENSUS][PBFT]checkTimeout Succ,view=487,toView=488,nodeIdx=3,changeCycle=0,myNode=de0436d1...,timecost=0.666
info|2019-12-13 09:42:29.053782|[g:1][CONSENSUS][PBFT]checkAndChangeView: Reach consensus,org_view=487,org_changeCycle=0,cur_changeCycle=0,to_view=488
info|2019-12-13 09:42:30.054086|[g:1][CONSENSUS]addRawPrepare,height=69,reqIdx=0,hash=d394c517...
info|2019-12-13 09:42:30.054775|[g:1][CONSENSUS][PBFT]checkTimeout Succ,view=488,toView=489,nodeIdx=3,changeCycle=0,myNode=de0436d1...,timecost=0.556
info|2019-12-13 09:42:30.056407|[g:1][CONSENSUS][PBFT]checkAndChangeView: Reach consensus,org_view=488,org_changeCycle=0,cur_changeCycle=0,to_view=489
info|2019-12-13 09:42:31.057726|[g:1][CONSENSUS]addRawPrepare,height=69,reqIdx=1,hash=3b49ba77...
info|2019-12-13 09:42:31.058502|[g:1][CONSENSUS][PBFT]checkTimeout Succ,view=489,toView=490,nodeIdx=3,changeCycle=0,myNode=de0436d1...,timecost=0.581
info|2019-12-13 09:42:31.059931|[g:1][CONSENSUS][PBFT]checkAndChangeView: Reach consensus,org_view=489,org_changeCycle=0,cur_changeCycle=0,to_view=490
info|2019-12-13 09:42:32.061401|[g:1][CONSENSUS]addRawPrepare,height=69,reqIdx=2,hash=f9040ba2...
info|2019-12-13 09:42:32.061975|[g:1][CONSENSUS][PBFT]checkTimeout Succ,view=490,toView=491,nodeIdx=3,changeCycle=0,myNode=de0436d1...,timecost=0.449
info|2019-12-13 09:42:32.063713|[g:1][CONSENSUS][PBFT]checkAndChangeView: Reach consensus,org_view=490,org_changeCycle=0,cur_changeCycle=0,to_view=491
info|2019-12-13 09:42:33.064160|[g:1][CONSENSUS][SEALER]++++++++++++++++ Generating seal on,blkNum=69,tx=0,nodeIdx=3,hash=f4e96331...
info|2019-12-13 09:42:33.067227|[g:1][CONSENSUS][PBFT]checkTimeout Succ,view=491,toView=492,nodeIdx=3,changeCycle=0,myNode=de0436d1...,timecost=0.475
info|2019-12-13 09:42:33.068584|[g:1][CONSENSUS][PBFT]checkAndChangeView: Reach consensus,org_view=491,org_changeCycle=0,cur_changeCycle=0,to_view=492
info|2019-12-13 09:42:34.070075|[g:1][CONSENSUS]addRawPrepare,height=69,reqIdx=0,hash=58d3232b...
info|2019-12-13 09:42:34.070792|[g:1][CONSENSUS][PBFT]checkTimeout Succ,view=492,toView=493,nodeIdx=3,changeCycle=0,myNode=de0436d1...,timecost=0.521
info|2019-12-13 09:42:34.072344|[g:1][CONSENSUS][PBFT]checkAndChangeView: Reach consensus,org_view=492,org_changeCycle=0,cur_changeCycle=0,to_view=493
info|2019-12-13 09:42:35.074979|[g:1][CONSENSUS]addRawPrepare,height=69,reqIdx=1,hash=d69b99ce...
info|2019-12-13 09:42:35.075625|[g:1][CONSENSUS][PBFT]checkTimeout Succ,view=493,toView=494,nodeIdx=3,changeCycle=0,myNode=de0436d1...,timecost=0.467
info|2019-12-13 09:42:35.077606|[g:1][CONSENSUS][PBFT]checkAndChangeView: Reach consensus,org_view=493,org_changeCycle=0,cur_changeCycle=0,to_view=494
info|2019-12-13 09:42:36.079050|[g:1][CONSENSUS]addRawPrepare,height=69,reqIdx=2,hash=d9cab858...
info|2019-12-13 09:42:36.079777|[g:1][CONSENSUS][PBFT]checkTimeout Succ,view=494,toView=495,nodeIdx=3,changeCycle=0,myNode=de0436d1...,timecost=0.506
info|2019-12-13 09:42:36.080966|[g:1][CONSENSUS][PBFT]checkAndChangeView: Reach consensus,org_view=494,org_changeCycle=0,cur_changeCycle=0,to_view=495
info|2019-12-13 09:42:37.081344|[g:1][CONSENSUS][SEALER]++++++++++++++++ Generating seal on,blkNum=69,tx=0,nodeIdx=3,hash=28daa527...
info|2019-12-13 09:42:37.082013|[g:1][CONSENSUS][PBFT]checkTimeout Succ,view=495,toView=496,nodeIdx=3,changeCycle=0,myNode=de0436d1...,timecost=0.302
info|2019-12-13 09:42:37.083827|[g:1][CONSENSUS][PBFT]checkAndChangeView: Reach consensus,org_view=495,org_changeCycle=0,cur_changeCycle=0,to_view=496
info|2019-12-13 09:42:38.022834|[P2P][Service] heartBeat,connected count=3
info|2019-12-13 09:42:38.085054|[g:1][CONSENSUS]addRawPrepare,height=69,reqIdx=0,hash=85b18b33...
info|2019-12-13 09:42:38.086275|[g:1][CONSENSUS][PBFT]checkTimeout Succ,view=496,toView=497,nodeIdx=3,changeCycle=0,myNode=de0436d1...,timecost=1.021
info|2019-12-13 09:42:38.087726|[g:1][CONSENSUS][PBFT]checkAndChangeView: Reach consensus,org_view=496,org_changeCycle=0,cur_changeCycle=0,to_view=497
info|2019-12-13 09:42:39.089617|[g:1][CONSENSUS]addRawPrepare,height=69,reqIdx=1,hash=5896ccca...
info|2019-12-13 09:42:39.090228|[g:1][CONSENSUS][PBFT]checkTimeout Succ,view=497,toView=498,nodeIdx=3,changeCycle=0,myNode=de0436d1...,timecost=0.484
info|2019-12-13 09:42:39.091719|[g:1][CONSENSUS][PBFT]checkAndChangeView: Reach consensus,org_view=497,org_changeCycle=0,cur_changeCycle=0,to_view=498
info|2019-12-13 09:42:40.092896|[g:1][CONSENSUS]addRawPrepare,height=69,reqIdx=2,hash=3b17927f...
info|2019-12-13 09:42:40.093485|[g:1][CONSENSUS][PBFT]checkTimeout Succ,view=498,toView=499,nodeIdx=3,changeCycle=0,myNode=de0436d1...,timecost=0.442
info|2019-12-13 09:42:40.094916|[g:1][CONSENSUS][PBFT]checkAndChangeView: Reach consensus,org_view=498,org_changeCycle=0,cur_changeCycle=0,to_view=499
info|2019-12-13 09:42:41.094837|[g:1][CONSENSUS][SEALER]++++++++++++++++ Generating seal on,blkNum=69,tx=0,nodeIdx=3,hash=00ea8f92...
info|2019-12-13 09:42:41.095621|[g:1][CONSENSUS][PBFT]checkTimeout Succ,view=499,toView=500,nodeIdx=3,changeCycle=0,myNode=de0436d1...,timecost=0.342
info|2019-12-13 09:42:41.098081|[g:1][CONSENSUS][PBFT]checkAndChangeView: Reach consensus,org_view=499,org_changeCycle=0,cur_changeCycle=0,to_view=500
info|2019-12-13 09:42:42.100680|[g:1][CONSENSUS]addRawPrepare,height=69,reqIdx=0,hash=8d639f2a...
info|2019-12-13 09:42:42.101415|[g:1][CONSENSUS][PBFT]checkTimeout Succ,view=500,toView=501,nodeIdx=3,changeCycle=0,myNode=de0436d1...,timecost=0.571
info|2019-12-13 09:42:42.102757|[g:1][CONSENSUS][PBFT]checkAndChangeView: Reach consensus,org_view=500,org_changeCycle=0,cur_changeCycle=0,to_view=501
info|2019-12-13 09:42:43.104706|[g:1][CONSENSUS]addRawPrepare,height=69,reqIdx=1,hash=f7a86940...
info|2019-12-13 09:42:43.105404|[g:1][CONSENSUS][PBFT]checkTimeout Succ,view=501,toView=502,nodeIdx=3,changeCycle=0,myNode=de0436d1...,timecost=0.545
info|2019-12-13 09:42:43.107068|[g:1][CONSENSUS][PBFT]checkAndChangeView: Reach consensus,org_view=501,org_changeCycle=0,cur_changeCycle=0,to_view=502
info|2019-12-13 09:42:44.108221|[g:1][CONSENSUS]addRawPrepare,height=69,reqIdx=2,hash=e9a58d74...
info|2019-12-13 09:42:44.108864|[g:1][CONSENSUS][PBFT]checkTimeout Succ,view=502,toView=503,nodeIdx=3,changeCycle=0,myNode=de0436d1...,timecost=0.519
info|2019-12-13 09:42:44.110627|[g:1][CONSENSUS][PBFT]checkAndChangeView: Reach consensus,org_view=502,org_changeCycle=0,cur_changeCycle=0,to_view=503
info|2019-12-13 09:42:45.110485|[g:1][CONSENSUS][SEALER]++++++++++++++++ Generating seal on,blkNum=69,tx=0,nodeIdx=3,hash=41db15ef...
info|2019-12-13 09:42:45.111436|[g:1][CONSENSUS][PBFT]checkTimeout Succ,view=503,toView=504,nodeIdx=3,changeCycle=0,myNode=de0436d1...,timecost=0.48
info|2019-12-13 09:42:45.114098|[g:1][CONSENSUS][PBFT]checkAndChangeView: Reach consensus,org_view=503,org_changeCycle=0,cur_changeCycle=0,to_view=504
info|2019-12-13 09:42:46.116557|[g:1][CONSENSUS]addRawPrepare,height=69,reqIdx=0,hash=de38c11d...
info|2019-12-13 09:42:46.117152|[g:1][CONSENSUS][PBFT]checkTimeout Succ,view=504,toView=505,nodeIdx=3,changeCycle=0,myNode=de0436d1...,timecost=0.449
info|2019-12-13 09:42:46.118733|[g:1][CONSENSUS][PBFT]checkAndChangeView: Reach consensus,org_view=504,org_changeCycle=0,cur_changeCycle=0,to_view=505
info|2019-12-13 09:42:47.120875|[g:1][CONSENSUS]addRawPrepare,height=69,reqIdx=1,hash=1bb57b73...
info|2019-12-13 09:42:47.121577|[g:1][CONSENSUS][PBFT]checkTimeout Succ,view=505,toView=506,nodeIdx=3,changeCycle=0,myNode=de0436d1...,timecost=0.567
info|2019-12-13 09:42:47.123473|[g:1][CONSENSUS][PBFT]checkAndChangeView: Reach consensus,org_view=505,org_changeCycle=0,cur_changeCycle=0,to_view=506
info|2019-12-13 09:42:48.023324|[P2P][Service] heartBeat,connected count=3
info|2019-12-13 09:42:48.125221|[g:1][CONSENSUS]addRawPrepare,height=69,reqIdx=2,hash=8560bbf8...
info|2019-12-13 09:42:48.125927|[g:1][CONSENSUS][PBFT]checkTimeout Succ,view=506,toView=507,nodeIdx=3,changeCycle=0,myNode=de0436d1...,timecost=0.576
info|2019-12-13 09:42:48.127590|[g:1][CONSENSUS][PBFT]checkAndChangeView: Reach consensus,org_view=506,org_changeCycle=0,cur_changeCycle=0,to_view=507
info|2019-12-13 09:42:49.127847|[g:1][CONSENSUS][SEALER]++++++++++++++++ Generating seal on,blkNum=69,tx=0,nodeIdx=3,hash=0b56d578...
info|2019-12-13 09:42:49.128816|[g:1][CONSENSUS][PBFT]checkTimeout Succ,view=507,toView=508,nodeIdx=3,changeCycle=0,myNode=de0436d1...,timecost=0.524
info|2019-12-13 09:42:49.131325|[g:1][CONSENSUS][PBFT]checkAndChangeView: Reach consensus,org_view=507,org_changeCycle=0,cur_changeCycle=0,to_view=508
info|2019-12-13 09:42:50.133589|[g:1][CONSENSUS]addRawPrepare,height=69,reqIdx=0,hash=470d3275...
info|2019-12-13 09:42:50.134159|[g:1][CONSENSUS][PBFT]checkTimeout Succ,view=508,toView=509,nodeIdx=3,changeCycle=0,myNode=de0436d1...,timecost=0.411
info|2019-12-13 09:42:50.135933|[g:1][CONSENSUS][PBFT]checkAndChangeView: Reach consensus,org_view=508,org_changeCycle=0,cur_changeCycle=0,to_view=509
info|2019-12-13 09:42:51.140978|[g:1][CONSENSUS]addRawPrepare,height=69,reqIdx=1,hash=8b2d37d1...
info|2019-12-13 09:42:51.141714|[g:1][CONSENSUS][PBFT]checkTimeout Succ,view=509,toView=510,nodeIdx=3,changeCycle=0,myNode=de0436d1...,timecost=0.549
info|2019-12-13 09:42:51.143106|[g:1][CONSENSUS][PBFT]checkAndChangeView: Reach consensus,org_view=509,org_changeCycle=0,cur_changeCycle=0,to_view=510
info|2019-12-13 09:42:52.145736|[g:1][CONSENSUS]addRawPrepare,height=69,reqIdx=2,hash=eb0ba3a9...
info|2019-12-13 09:42:52.146339|[g:1][CONSENSUS][PBFT]checkTimeout Succ,view=510,toView=511,nodeIdx=3,changeCycle=0,myNode=de0436d1...,timecost=0.465
info|2019-12-13 09:42:52.147850|[g:1][CONSENSUS][PBFT]checkAndChangeView: Reach consensus,org_view=510,org_changeCycle=0,cur_changeCycle=0,to_view=511
info|2019-12-13 09:42:53.148277|[g:1][CONSENSUS][SEALER]++++++++++++++++ Generating seal on,blkNum=69,tx=0,nodeIdx=3,hash=5d79d548...
info|2019-12-13 09:42:53.150467|[g:1][CONSENSUS][PBFT]checkTimeout Succ,view=511,toView=512,nodeIdx=3,changeCycle=0,myNode=de0436d1...,timecost=0.368
info|2019-12-13 09:42:53.151378|[g:1][CONSENSUS][PBFT]checkAndChangeView: Reach consensus,org_view=511,org_changeCycle=0,cur_changeCycle=0,to_view=512
info|2019-12-13 09:42:54.153610|[g:1][CONSENSUS]addRawPrepare,height=69,reqIdx=0,hash=ce926884...
info|2019-12-13 09:42:54.154285|[g:1][CONSENSUS][PBFT]checkTimeout Succ,view=512,toView=513,nodeIdx=3,changeCycle=0,myNode=de0436d1...,timecost=0.512
info|2019-12-13 09:42:54.155586|[g:1][CONSENSUS][PBFT]checkAndChangeView: Reach consensus,org_view=512,org_changeCycle=0,cur_changeCycle=0,to_view=513
info|2019-12-13 09:42:55.157797|[g:1][CONSENSUS]addRawPrepare,height=69,reqIdx=1,hash=9521a5ad...
info|2019-12-13 09:42:55.158322|[g:1][CONSENSUS][PBFT]checkTimeout Succ,view=513,toView=514,nodeIdx=3,changeCycle=0,myNode=de0436d1...,timecost=0.395
info|2019-12-13 09:42:55.159654|[g:1][CONSENSUS][PBFT]checkAndChangeView: Reach consensus,org_view=513,org_changeCycle=0,cur_changeCycle=0,to_view=514
info|2019-12-13 09:42:56.160549|[g:1][CONSENSUS]addRawPrepare,height=69,reqIdx=2,hash=d1b2f260...
info|2019-12-13 09:42:56.160969|[g:1][CONSENSUS][PBFT]checkTimeout Succ,view=514,toView=515,nodeIdx=3,changeCycle=0,myNode=de0436d1...,timecost=0.33
info|2019-12-13 09:42:56.162028|[g:1][CONSENSUS][PBFT]checkAndChangeView: Reach consensus,org_view=514,org_changeCycle=0,cur_changeCycle=0,to_view=515
info|2019-12-13 09:42:57.163407|[g:1][CONSENSUS][SEALER]++++++++++++++++ Generating seal on,blkNum=69,tx=0,nodeIdx=3,hash=8159ca1a...
info|2019-12-13 09:42:57.164227|[g:1][CONSENSUS][PBFT]checkTimeout Succ,view=515,toView=516,nodeIdx=3,changeCycle=0,myNode=de0436d1...,timecost=0.403
info|2019-12-13 09:42:57.166706|[g:1][CONSENSUS][PBFT]checkAndChangeView: Reach consensus,org_view=515,org_changeCycle=0,cur_changeCycle=0,to_view=516
info|2019-12-13 09:42:58.028534|[P2P][Service] heartBeat,connected count=3
info|2019-12-13 09:42:58.168532|[g:1][CONSENSUS]addRawPrepare,height=69,reqIdx=0,hash=be3f1944...
info|2019-12-13 09:42:58.169394|[g:1][CONSENSUS][PBFT]checkTimeout Succ,view=516,toView=517,nodeIdx=3,changeCycle=0,myNode=de0436d1...,timecost=0.688
info|2019-12-13 09:42:58.170860|[g:1][CONSENSUS][PBFT]checkAndChangeView: Reach consensus,org_view=516,org_changeCycle=0,cur_changeCycle=0,to_view=517
info|2019-12-13 09:42:59.172269|[g:1][CONSENSUS]addRawPrepare,height=69,reqIdx=1,hash=1d3ec93e...
info|2019-12-13 09:42:59.172863|[g:1][CONSENSUS][PBFT]checkTimeout Succ,view=517,toView=518,nodeIdx=3,changeCycle=0,myNode=de0436d1...,timecost=0.42
info|2019-12-13 09:42:59.174565|[g:1][CONSENSUS][PBFT]checkAndChangeView: Reach consensus,org_view=517,org_changeCycle=0,cur_changeCycle=0,to_view=518
