warning|2019-11-13 04:19:07.006100|[g:1][CONSENSUS][PBFT]ViewChangeWarning: not caused by omit empty block ,v=62117,toV=62118,curNum=0,hash=f72cae63...,nodeIdx=3,myNode=de0436d1...
info|2019-11-13 04:19:07.009429|[P2P][Service] heartBeat,connected count=3
info|2019-11-13 04:19:07.011139|[g:1][CONSENSUS][PBFT]checkTimeout Succ,view=62117,toView=62118,nodeIdx=3,changeCycle=1,myNode=de0436d1...,timecost=8.803
info|2019-11-13 04:19:07.014434|[g:1][CONSENSUS][PBFT]checkAndChangeView: Reach consensus,org_view=62117,org_changeCycle=1,cur_changeCycle=1,to_view=62118
info|2019-11-13 04:19:08.012898|[g:1][CONSENSUS]addRawPrepare,height=1,reqIdx=2,hash=53540223...
info|2019-11-13 04:19:08.013539|[g:1][CONSENSUS][PBFT]checkTimeout Succ,view=62118,toView=62119,nodeIdx=3,changeCycle=0,myNode=de0436d1...,timecost=0.505
info|2019-11-13 04:19:08.014861|[g:1][CONSENSUS][PBFT]checkAndChangeView: Reach consensus,org_view=62118,org_changeCycle=0,cur_changeCycle=0,to_view=62119
info|2019-11-13 04:19:09.015120|[g:1][CONSENSUS][SEALER]++++++++++++++++ Generating seal on,blkNum=1,tx=0,nodeIdx=3,hash=989dd1ea...
info|2019-11-13 04:19:09.017599|[g:1][CONSENSUS][PBFT]checkTimeout Succ,view=62119,toView=62120,nodeIdx=3,changeCycle=0,myNode=de0436d1...,timecost=0.367
info|2019-11-13 04:19:09.018121|[g:1][CONSENSUS][PBFT]checkAndChangeView: Reach consensus,org_view=62119,org_changeCycle=0,cur_changeCycle=0,to_view=62120
info|2019-11-13 04:19:10.019105|[g:1][CONSENSUS]addRawPrepare,height=1,reqIdx=0,hash=7f1058cd...
info|2019-11-13 04:19:10.019745|[g:1][CONSENSUS][PBFT]checkTimeout Succ,view=62120,toView=62121,nodeIdx=3,changeCycle=0,myNode=de0436d1...,timecost=0.521
info|2019-11-13 04:19:10.021499|[g:1][CONSENSUS][PBFT]checkAndChangeView: Reach consensus,org_view=62120,org_changeCycle=0,cur_changeCycle=0,to_view=62121
info|2019-11-13 04:19:11.022992|[g:1][CONSENSUS]addRawPrepare,height=1,reqIdx=1,hash=674c2e17...
info|2019-11-13 04:19:11.023521|[g:1][CONSENSUS][PBFT]checkTimeout Succ,view=62121,toView=62122,nodeIdx=3,changeCycle=0,myNode=de0436d1...,timecost=0.409
info|2019-11-13 04:19:11.024951|[g:1][CONSENSUS][PBFT]checkAndChangeView: Reach consensus,org_view=62121,org_changeCycle=0,cur_changeCycle=0,to_view=62122
info|2019-11-13 04:19:12.026335|[g:1][CONSENSUS]addRawPrepare,height=1,reqIdx=2,hash=eabbdc39...
info|2019-11-13 04:19:12.027144|[g:1][CONSENSUS][PBFT]checkTimeout Succ,view=62122,toView=62123,nodeIdx=3,changeCycle=0,myNode=de0436d1...,timecost=0.611
info|2019-11-13 04:19:12.028982|[g:1][CONSENSUS][PBFT]checkAndChangeView: Reach consensus,org_view=62122,org_changeCycle=0,cur_changeCycle=0,to_view=62123
info|2019-11-13 04:19:13.029250|[g:1][CONSENSUS][SEALER]++++++++++++++++ Generating seal on,blkNum=1,tx=0,nodeIdx=3,hash=34203a55...
info|2019-11-13 04:19:13.029937|[g:1][CONSENSUS][PBFT]checkTimeout Succ,view=62123,toView=62124,nodeIdx=3,changeCycle=0,myNode=de0436d1...,timecost=0.285
info|2019-11-13 04:19:13.031765|[g:1][CONSENSUS][PBFT]checkAndChangeView: Reach consensus,org_view=62123,org_changeCycle=0,cur_changeCycle=0,to_view=62124
info|2019-11-13 04:19:14.033139|[g:1][CONSENSUS]addRawPrepare,height=1,reqIdx=0,hash=bb7ab847...
info|2019-11-13 04:19:14.033612|[g:1][CONSENSUS][PBFT]checkTimeout Succ,view=62124,toView=62125,nodeIdx=3,changeCycle=0,myNode=de0436d1...,timecost=0.341
info|2019-11-13 04:19:14.034704|[g:1][CONSENSUS][PBFT]checkAndChangeView: Reach consensus,org_view=62124,org_changeCycle=0,cur_changeCycle=0,to_view=62125
info|2019-11-13 04:19:15.035682|[g:1][CONSENSUS]addRawPrepare,height=1,reqIdx=1,hash=d9c73aea...
info|2019-11-13 04:19:15.036327|[g:1][CONSENSUS][PBFT]checkTimeout Succ,view=62125,toView=62126,nodeIdx=3,changeCycle=0,myNode=de0436d1...,timecost=0.504
info|2019-11-13 04:19:15.038079|[g:1][CONSENSUS][PBFT]checkAndChangeView: Reach consensus,org_view=62125,org_changeCycle=0,cur_changeCycle=0,to_view=62126
info|2019-11-13 04:19:16.039430|[g:1][CONSENSUS]addRawPrepare,height=1,reqIdx=2,hash=a820651e...
info|2019-11-13 04:19:16.040167|[g:1][CONSENSUS][PBFT]checkTimeout Succ,view=62126,toView=62127,nodeIdx=3,changeCycle=0,myNode=de0436d1...,timecost=0.602
info|2019-11-13 04:19:16.041998|[g:1][CONSENSUS][PBFT]checkAndChangeView: Reach consensus,org_view=62126,org_changeCycle=0,cur_changeCycle=0,to_view=62127
info|2019-11-13 04:19:17.013245|[P2P][Service] heartBeat,connected count=3
info|2019-11-13 04:19:17.042877|[g:1][CONSENSUS][SEALER]++++++++++++++++ Generating seal on,blkNum=1,tx=0,nodeIdx=3,hash=5416a35d...
info|2019-11-13 04:19:17.045501|[g:1][CONSENSUS][PBFT]checkTimeout Succ,view=62127,toView=62128,nodeIdx=3,changeCycle=0,myNode=de0436d1...,timecost=0.395
info|2019-11-13 04:19:17.045978|[g:1][CONSENSUS][PBFT]checkAndChangeView: Reach consensus,org_view=62127,org_changeCycle=0,cur_changeCycle=0,to_view=62128
info|2019-11-13 04:19:18.048755|[g:1][CONSENSUS]addRawPrepare,height=1,reqIdx=0,hash=abb631d3...
info|2019-11-13 04:19:18.049564|[g:1][CONSENSUS][PBFT]checkTimeout Succ,view=62128,toView=62129,nodeIdx=3,changeCycle=0,myNode=de0436d1...,timecost=0.536
info|2019-11-13 04:19:18.050838|[g:1][CONSENSUS][PBFT]checkAndChangeView: Reach consensus,org_view=62128,org_changeCycle=0,cur_changeCycle=0,to_view=62129
info|2019-11-13 04:19:19.051444|[g:1][CONSENSUS]addRawPrepare,height=1,reqIdx=1,hash=adb68f09...
info|2019-11-13 04:19:19.052117|[g:1][CONSENSUS][PBFT]checkTimeout Succ,view=62129,toView=62130,nodeIdx=3,changeCycle=0,myNode=de0436d1...,timecost=0.518
info|2019-11-13 04:19:19.053799|[g:1][CONSENSUS][PBFT]checkAndChangeView: Reach consensus,org_view=62129,org_changeCycle=0,cur_changeCycle=0,to_view=62130
info|2019-11-13 04:19:20.056471|[g:1][CONSENSUS]addRawPrepare,height=1,reqIdx=2,hash=8541aeeb...
info|2019-11-13 04:19:20.057128|[g:1][CONSENSUS][PBFT]checkTimeout Succ,view=62130,toView=62131,nodeIdx=3,changeCycle=0,myNode=de0436d1...,timecost=0.498
info|2019-11-13 04:19:20.058912|[g:1][CONSENSUS][PBFT]checkAndChangeView: Reach consensus,org_view=62130,org_changeCycle=0,cur_changeCycle=0,to_view=62131
info|2019-11-13 04:19:21.059476|[g:1][CONSENSUS][SEALER]++++++++++++++++ Generating seal on,blkNum=1,tx=0,nodeIdx=3,hash=018df9d9...
info|2019-11-13 04:19:21.060424|[g:1][CONSENSUS][PBFT]checkTimeout Succ,view=62131,toView=62132,nodeIdx=3,changeCycle=0,myNode=de0436d1...,timecost=0.551
info|2019-11-13 04:19:21.063557|[g:1][CONSENSUS][PBFT]checkAndChangeView: Reach consensus,org_view=62131,org_changeCycle=0,cur_changeCycle=0,to_view=62132
info|2019-11-13 04:19:22.064956|[g:1][CONSENSUS]addRawPrepare,height=1,reqIdx=0,hash=d3c891ca...
info|2019-11-13 04:19:22.065783|[g:1][CONSENSUS][PBFT]checkTimeout Succ,view=62132,toView=62133,nodeIdx=3,changeCycle=0,myNode=de0436d1...,timecost=0.676
info|2019-11-13 04:19:22.067198|[g:1][CONSENSUS][PBFT]checkAndChangeView: Reach consensus,org_view=62132,org_changeCycle=0,cur_changeCycle=0,to_view=62133
info|2019-11-13 04:19:23.068039|[g:1][CONSENSUS]addRawPrepare,height=1,reqIdx=1,hash=4f132a62...
info|2019-11-13 04:19:23.068494|[g:1][CONSENSUS][PBFT]checkTimeout Succ,view=62133,toView=62134,nodeIdx=3,changeCycle=0,myNode=de0436d1...,timecost=0.331
info|2019-11-13 04:19:23.069643|[g:1][CONSENSUS][PBFT]checkAndChangeView: Reach consensus,org_view=62133,org_changeCycle=0,cur_changeCycle=0,to_view=62134
info|2019-11-13 04:19:24.072046|[g:1][CONSENSUS]addRawPrepare,height=1,reqIdx=2,hash=24fc7a47...
info|2019-11-13 04:19:24.072640|[g:1][CONSENSUS][PBFT]checkTimeout Succ,view=62134,toView=62135,nodeIdx=3,changeCycle=0,myNode=de0436d1...,timecost=0.472
info|2019-11-13 04:19:24.074036|[g:1][CONSENSUS][PBFT]checkAndChangeView: Reach consensus,org_view=62134,org_changeCycle=0,cur_changeCycle=0,to_view=62135
info|2019-11-13 04:19:25.075037|[g:1][CONSENSUS][SEALER]++++++++++++++++ Generating seal on,blkNum=1,tx=0,nodeIdx=3,hash=0ff1245e...
info|2019-11-13 04:19:25.078095|[g:1][CONSENSUS][PBFT]checkTimeout Succ,view=62135,toView=62136,nodeIdx=3,changeCycle=0,myNode=de0436d1...,timecost=0.496
info|2019-11-13 04:19:25.078851|[g:1][CONSENSUS][PBFT]checkAndChangeView: Reach consensus,org_view=62135,org_changeCycle=0,cur_changeCycle=0,to_view=62136
info|2019-11-13 04:19:26.080759|[g:1][CONSENSUS]addRawPrepare,height=1,reqIdx=0,hash=8650ca64...
info|2019-11-13 04:19:26.081647|[g:1][CONSENSUS][PBFT]checkTimeout Succ,view=62136,toView=62137,nodeIdx=3,changeCycle=0,myNode=de0436d1...,timecost=0.784
info|2019-11-13 04:19:26.083034|[g:1][CONSENSUS][PBFT]checkAndChangeView: Reach consensus,org_view=62136,org_changeCycle=0,cur_changeCycle=0,to_view=62137
info|2019-11-13 04:19:27.018913|[P2P][Service] heartBeat,connected count=3
info|2019-11-13 04:19:27.085027|[g:1][CONSENSUS]addRawPrepare,height=1,reqIdx=1,hash=02d3db07...
info|2019-11-13 04:19:27.085745|[g:1][CONSENSUS][PBFT]checkTimeout Succ,view=62137,toView=62138,nodeIdx=3,changeCycle=0,myNode=de0436d1...,timecost=0.565
info|2019-11-13 04:19:27.087094|[g:1][CONSENSUS][PBFT]checkAndChangeView: Reach consensus,org_view=62137,org_changeCycle=0,cur_changeCycle=0,to_view=62138
info|2019-11-13 04:19:28.089580|[g:1][CONSENSUS]addRawPrepare,height=1,reqIdx=2,hash=d8b31112...
info|2019-11-13 04:19:28.090298|[g:1][CONSENSUS][PBFT]checkTimeout Succ,view=62138,toView=62139,nodeIdx=3,changeCycle=0,myNode=de0436d1...,timecost=0.554
info|2019-11-13 04:19:28.091582|[g:1][CONSENSUS][PBFT]checkAndChangeView: Reach consensus,org_view=62138,org_changeCycle=0,cur_changeCycle=0,to_view=62139
info|2019-11-13 04:19:29.091296|[g:1][CONSENSUS][SEALER]++++++++++++++++ Generating seal on,blkNum=1,tx=0,nodeIdx=3,hash=7b4dbf3b...
info|2019-11-13 04:19:29.092259|[g:1][CONSENSUS][PBFT]checkTimeout Succ,view=62139,toView=62140,nodeIdx=3,changeCycle=0,myNode=de0436d1...,timecost=0.487
info|2019-11-13 04:19:29.094609|[g:1][CONSENSUS][PBFT]checkAndChangeView: Reach consensus,org_view=62139,org_changeCycle=0,cur_changeCycle=0,to_view=62140
info|2019-11-13 04:19:30.095729|[g:1][CONSENSUS]addRawPrepare,height=1,reqIdx=0,hash=ce3871fd...
info|2019-11-13 04:19:30.096299|[g:1][CONSENSUS][PBFT]checkTimeout Succ,view=62140,toView=62141,nodeIdx=3,changeCycle=0,myNode=de0436d1...,timecost=0.366
info|2019-11-13 04:19:30.097601|[g:1][CONSENSUS][PBFT]checkAndChangeView: Reach consensus,org_view=62140,org_changeCycle=0,cur_changeCycle=0,to_view=62141
info|2019-11-13 04:19:31.098719|[g:1][CONSENSUS]addRawPrepare,height=1,reqIdx=1,hash=c2ccb5f3...
info|2019-11-13 04:19:31.099360|[g:1][CONSENSUS][PBFT]checkTimeout Succ,view=62141,toView=62142,nodeIdx=3,changeCycle=0,myNode=de0436d1...,timecost=0.488
info|2019-11-13 04:19:31.101092|[g:1][CONSENSUS][PBFT]checkAndChangeView: Reach consensus,org_view=62141,org_changeCycle=0,cur_changeCycle=0,to_view=62142
info|2019-11-13 04:19:32.103780|[g:1][CONSENSUS]addRawPrepare,height=1,reqIdx=2,hash=afc1bfe9...
info|2019-11-13 04:19:32.104403|[g:1][CONSENSUS][PBFT]checkTimeout Succ,view=62142,toView=62143,nodeIdx=3,changeCycle=0,myNode=de0436d1...,timecost=0.492
info|2019-11-13 04:19:32.106316|[g:1][CONSENSUS][PBFT]checkAndChangeView: Reach consensus,org_view=62142,org_changeCycle=0,cur_changeCycle=0,to_view=62143
info|2019-11-13 04:19:33.107326|[g:1][CONSENSUS][SEALER]++++++++++++++++ Generating seal on,blkNum=1,tx=0,nodeIdx=3,hash=8ea94e4c...
info|2019-11-13 04:19:33.108312|[g:1][CONSENSUS][PBFT]checkTimeout Succ,view=62143,toView=62144,nodeIdx=3,changeCycle=0,myNode=de0436d1...,timecost=0.489
info|2019-11-13 04:19:33.111125|[g:1][CONSENSUS][PBFT]checkAndChangeView: Reach consensus,org_view=62143,org_changeCycle=0,cur_changeCycle=0,to_view=62144
info|2019-11-13 04:19:34.111800|[g:1][CONSENSUS]addRawPrepare,height=1,reqIdx=0,hash=70a31048...
info|2019-11-13 04:19:34.112452|[g:1][CONSENSUS][PBFT]checkTimeout Succ,view=62144,toView=62145,nodeIdx=3,changeCycle=0,myNode=de0436d1...,timecost=0.52
info|2019-11-13 04:19:34.113842|[g:1][CONSENSUS][PBFT]checkAndChangeView: Reach consensus,org_view=62144,org_changeCycle=0,cur_changeCycle=0,to_view=62145
info|2019-11-13 04:19:35.115257|[g:1][CONSENSUS]addRawPrepare,height=1,reqIdx=1,hash=6e73a1ab...
info|2019-11-13 04:19:35.115922|[g:1][CONSENSUS][PBFT]checkTimeout Succ,view=62145,toView=62146,nodeIdx=3,changeCycle=0,myNode=de0436d1...,timecost=0.499
info|2019-11-13 04:19:35.117310|[g:1][CONSENSUS][PBFT]checkAndChangeView: Reach consensus,org_view=62145,org_changeCycle=0,cur_changeCycle=0,to_view=62146
info|2019-11-13 04:19:36.119480|[g:1][CONSENSUS]addRawPrepare,height=1,reqIdx=2,hash=f444b7fb...
info|2019-11-13 04:19:36.120077|[g:1][CONSENSUS][PBFT]checkTimeout Succ,view=62146,toView=62147,nodeIdx=3,changeCycle=0,myNode=de0436d1...,timecost=0.437
info|2019-11-13 04:19:36.121698|[g:1][CONSENSUS][PBFT]checkAndChangeView: Reach consensus,org_view=62146,org_changeCycle=0,cur_changeCycle=0,to_view=62147
info|2019-11-13 04:19:37.024840|[P2P][Service] heartBeat,connected count=3
info|2019-11-13 04:19:37.122314|[g:1][CONSENSUS][SEALER]++++++++++++++++ Generating seal on,blkNum=1,tx=0,nodeIdx=3,hash=64dc4f38...
info|2019-11-13 04:19:37.123355|[g:1][CONSENSUS][PBFT]checkTimeout Succ,view=62147,toView=62148,nodeIdx=3,changeCycle=0,myNode=de0436d1...,timecost=0.505
info|2019-11-13 04:19:37.126166|[g:1][CONSENSUS][PBFT]checkAndChangeView: Reach consensus,org_view=62147,org_changeCycle=0,cur_changeCycle=0,to_view=62148
info|2019-11-13 04:19:38.128425|[g:1][CONSENSUS]addRawPrepare,height=1,reqIdx=0,hash=19767699...
info|2019-11-13 04:19:38.129133|[g:1][CONSENSUS][PBFT]checkTimeout Succ,view=62148,toView=62149,nodeIdx=3,changeCycle=0,myNode=de0436d1...,timecost=0.541
info|2019-11-13 04:19:38.130632|[g:1][CONSENSUS][PBFT]checkAndChangeView: Reach consensus,org_view=62148,org_changeCycle=0,cur_changeCycle=0,to_view=62149
info|2019-11-13 04:19:39.131883|[g:1][CONSENSUS]addRawPrepare,height=1,reqIdx=1,hash=0aba1529...
info|2019-11-13 04:19:39.132452|[g:1][CONSENSUS][PBFT]checkTimeout Succ,view=62149,toView=62150,nodeIdx=3,changeCycle=0,myNode=de0436d1...,timecost=0.433
info|2019-11-13 04:19:39.134028|[g:1][CONSENSUS][PBFT]checkAndChangeView: Reach consensus,org_view=62149,org_changeCycle=0,cur_changeCycle=0,to_view=62150
info|2019-11-13 04:19:40.136197|[g:1][CONSENSUS]addRawPrepare,height=1,reqIdx=2,hash=b3669f8f...
info|2019-11-13 04:19:40.136758|[g:1][CONSENSUS][PBFT]checkTimeout Succ,view=62150,toView=62151,nodeIdx=3,changeCycle=0,myNode=de0436d1...,timecost=0.471
info|2019-11-13 04:19:40.137891|[g:1][CONSENSUS][PBFT]checkAndChangeView: Reach consensus,org_view=62150,org_changeCycle=0,cur_changeCycle=0,to_view=62151
info|2019-11-13 04:19:41.137691|[g:1][CONSENSUS][SEALER]++++++++++++++++ Generating seal on,blkNum=1,tx=0,nodeIdx=3,hash=f9bcc3c3...
info|2019-11-13 04:19:41.138517|[g:1][CONSENSUS][PBFT]checkTimeout Succ,view=62151,toView=62152,nodeIdx=3,changeCycle=0,myNode=de0436d1...,timecost=0.406
info|2019-11-13 04:19:41.141123|[g:1][CONSENSUS][PBFT]checkAndChangeView: Reach consensus,org_view=62151,org_changeCycle=0,cur_changeCycle=0,to_view=62152
info|2019-11-13 04:19:42.144111|[g:1][CONSENSUS]addRawPrepare,height=1,reqIdx=0,hash=422b0170...
info|2019-11-13 04:19:42.144753|[g:1][CONSENSUS][PBFT]checkTimeout Succ,view=62152,toView=62153,nodeIdx=3,changeCycle=0,myNode=de0436d1...,timecost=0.505
info|2019-11-13 04:19:42.146261|[g:1][CONSENSUS][PBFT]checkAndChangeView: Reach consensus,org_view=62152,org_changeCycle=0,cur_changeCycle=0,to_view=62153
info|2019-11-13 04:19:43.147716|[g:1][CONSENSUS]addRawPrepare,height=1,reqIdx=1,hash=e7fe0ac1...
info|2019-11-13 04:19:43.148376|[g:1][CONSENSUS][PBFT]checkTimeout Succ,view=62153,toView=62154,nodeIdx=3,changeCycle=0,myNode=de0436d1...,timecost=0.531
info|2019-11-13 04:19:43.149868|[g:1][CONSENSUS][PBFT]checkAndChangeView: Reach consensus,org_view=62153,org_changeCycle=0,cur_changeCycle=0,to_view=62154
info|2019-11-13 04:19:44.151208|[g:1][CONSENSUS]addRawPrepare,height=1,reqIdx=2,hash=ca5d9326...
info|2019-11-13 04:19:44.151810|[g:1][CONSENSUS][PBFT]checkTimeout Succ,view=62154,toView=62155,nodeIdx=3,changeCycle=0,myNode=de0436d1...,timecost=0.493
info|2019-11-13 04:19:44.153286|[g:1][CONSENSUS][PBFT]checkAndChangeView: Reach consensus,org_view=62154,org_changeCycle=0,cur_changeCycle=0,to_view=62155
info|2019-11-13 04:19:45.154345|[g:1][CONSENSUS][SEALER]++++++++++++++++ Generating seal on,blkNum=1,tx=0,nodeIdx=3,hash=d2913688...
info|2019-11-13 04:19:45.157691|[g:1][CONSENSUS][PBFT]checkTimeout Succ,view=62155,toView=62156,nodeIdx=3,changeCycle=0,myNode=de0436d1...,timecost=0.563
info|2019-11-13 04:19:45.158405|[g:1][CONSENSUS][PBFT]checkAndChangeView: Reach consensus,org_view=62155,org_changeCycle=0,cur_changeCycle=0,to_view=62156
info|2019-11-13 04:19:46.158846|[g:1][CONSENSUS]addRawPrepare,height=1,reqIdx=0,hash=9adec53c...
info|2019-11-13 04:19:46.159540|[g:1][CONSENSUS][PBFT]checkTimeout Succ,view=62156,toView=62157,nodeIdx=3,changeCycle=0,myNode=de0436d1...,timecost=0.563
info|2019-11-13 04:19:46.161223|[g:1][CONSENSUS][PBFT]checkAndChangeView: Reach consensus,org_view=62156,org_changeCycle=0,cur_changeCycle=0,to_view=62157
info|2019-11-13 04:19:47.034353|[P2P][Service] heartBeat,connected count=3
info|2019-11-13 04:19:47.163409|[g:1][CONSENSUS]addRawPrepare,height=1,reqIdx=1,hash=7b1c257a...
info|2019-11-13 04:19:47.164240|[g:1][CONSENSUS][PBFT]checkTimeout Succ,view=62157,toView=62158,nodeIdx=3,changeCycle=0,myNode=de0436d1...,timecost=0.628
info|2019-11-13 04:19:47.165653|[g:1][CONSENSUS][PBFT]checkAndChangeView: Reach consensus,org_view=62157,org_changeCycle=0,cur_changeCycle=0,to_view=62158
info|2019-11-13 04:19:48.168302|[g:1][CONSENSUS]addRawPrepare,height=1,reqIdx=2,hash=2f748a25...
info|2019-11-13 04:19:48.169030|[g:1][CONSENSUS][PBFT]checkTimeout Succ,view=62158,toView=62159,nodeIdx=3,changeCycle=0,myNode=de0436d1...,timecost=0.503
info|2019-11-13 04:19:48.170518|[g:1][CONSENSUS][PBFT]checkAndChangeView: Reach consensus,org_view=62158,org_changeCycle=0,cur_changeCycle=0,to_view=62159
info|2019-11-13 04:19:50.363650|[g:1][CONSENSUS][SEALER]++++++++++++++++ Generating seal on,blkNum=1,tx=0,nodeIdx=3,hash=a1bac376...
info|2019-11-13 04:19:50.369289|[g:1][CONSENSUS][PBFT]checkTimeout Succ,view=62159,toView=62160,nodeIdx=3,changeCycle=0,myNode=de0436d1...,timecost=0.491
info|2019-11-13 04:19:50.371133|[g:1][CONSENSUS][PBFT]checkAndChangeView: Reach consensus,org_view=62159,org_changeCycle=0,cur_changeCycle=0,to_view=62160
info|2019-11-13 04:19:51.372435|[g:1][CONSENSUS]addRawPrepare,height=1,reqIdx=0,hash=45fdaca3...
info|2019-11-13 04:19:51.373190|[g:1][CONSENSUS][PBFT]checkTimeout Succ,view=62160,toView=62161,nodeIdx=3,changeCycle=0,myNode=de0436d1...,timecost=0.543
info|2019-11-13 04:19:51.374710|[g:1][CONSENSUS][PBFT]checkAndChangeView: Reach consensus,org_view=62160,org_changeCycle=0,cur_changeCycle=0,to_view=62161
info|2019-11-13 04:19:52.376027|[g:1][CONSENSUS]addRawPrepare,height=1,reqIdx=1,hash=2eff13cd...
info|2019-11-13 04:19:52.376502|[g:1][CONSENSUS][PBFT]checkTimeout Succ,view=62161,toView=62162,nodeIdx=3,changeCycle=0,myNode=de0436d1...,timecost=0.37
info|2019-11-13 04:19:52.377826|[g:1][CONSENSUS][PBFT]checkAndChangeView: Reach consensus,org_view=62161,org_changeCycle=0,cur_changeCycle=0,to_view=62162
info|2019-11-13 04:19:53.378851|[g:1][CONSENSUS]addRawPrepare,height=1,reqIdx=2,hash=726f165a...
info|2019-11-13 04:19:53.379665|[g:1][CONSENSUS][PBFT]checkTimeout Succ,view=62162,toView=62163,nodeIdx=3,changeCycle=0,myNode=de0436d1...,timecost=0.658
info|2019-11-13 04:19:53.381241|[g:1][CONSENSUS][PBFT]checkAndChangeView: Reach consensus,org_view=62162,org_changeCycle=0,cur_changeCycle=0,to_view=62163
info|2019-11-13 04:19:54.382689|[g:1][CONSENSUS][SEALER]++++++++++++++++ Generating seal on,blkNum=1,tx=0,nodeIdx=3,hash=c987e1ec...
info|2019-11-13 04:19:54.386039|[g:1][CONSENSUS][PBFT]checkTimeout Succ,view=62163,toView=62164,nodeIdx=3,changeCycle=0,myNode=de0436d1...,timecost=0.587
info|2019-11-13 04:19:54.386745|[g:1][CONSENSUS][PBFT]checkAndChangeView: Reach consensus,org_view=62163,org_changeCycle=0,cur_changeCycle=0,to_view=62164
info|2019-11-13 04:19:55.389485|[g:1][CONSENSUS]addRawPrepare,height=1,reqIdx=0,hash=45d98995...
info|2019-11-13 04:19:55.390270|[g:1][CONSENSUS][PBFT]checkTimeout Succ,view=62164,toView=62165,nodeIdx=3,changeCycle=0,myNode=de0436d1...,timecost=0.615
info|2019-11-13 04:19:55.391623|[g:1][CONSENSUS][PBFT]checkAndChangeView: Reach consensus,org_view=62164,org_changeCycle=0,cur_changeCycle=0,to_view=62165
info|2019-11-13 04:19:56.392588|[g:1][CONSENSUS]addRawPrepare,height=1,reqIdx=1,hash=1efc7683...
info|2019-11-13 04:19:56.393084|[g:1][CONSENSUS][PBFT]checkTimeout Succ,view=62165,toView=62166,nodeIdx=3,changeCycle=0,myNode=de0436d1...,timecost=0.368
info|2019-11-13 04:19:56.394326|[g:1][CONSENSUS][PBFT]checkAndChangeView: Reach consensus,org_view=62165,org_changeCycle=0,cur_changeCycle=0,to_view=62166
info|2019-11-13 04:19:57.043360|[P2P][Service] heartBeat,connected count=3
info|2019-11-13 04:19:57.396335|[g:1][CONSENSUS]addRawPrepare,height=1,reqIdx=2,hash=a8d476c2...
info|2019-11-13 04:19:57.397034|[g:1][CONSENSUS][PBFT]checkTimeout Succ,view=62166,toView=62167,nodeIdx=3,changeCycle=0,myNode=de0436d1...,timecost=0.513
info|2019-11-13 04:19:57.398435|[g:1][CONSENSUS][PBFT]checkAndChangeView: Reach consensus,org_view=62166,org_changeCycle=0,cur_changeCycle=0,to_view=62167
info|2019-11-13 04:19:58.398809|[g:1][CONSENSUS][SEALER]++++++++++++++++ Generating seal on,blkNum=1,tx=0,nodeIdx=3,hash=876c24fe...
info|2019-11-13 04:19:58.399806|[g:1][CONSENSUS][PBFT]checkTimeout Succ,view=62167,toView=62168,nodeIdx=3,changeCycle=0,myNode=de0436d1...,timecost=0.495
info|2019-11-13 04:19:58.402386|[g:1][CONSENSUS][PBFT]checkAndChangeView: Reach consensus,org_view=62167,org_changeCycle=0,cur_changeCycle=0,to_view=62168
info|2019-11-13 04:19:59.404061|[g:1][CONSENSUS]addRawPrepare,height=1,reqIdx=0,hash=16992e51...
info|2019-11-13 04:19:59.404977|[g:1][CONSENSUS][PBFT]checkTimeout Succ,view=62168,toView=62169,nodeIdx=3,changeCycle=0,myNode=de0436d1...,timecost=0.749
info|2019-11-13 04:19:59.406447|[g:1][CONSENSUS][PBFT]checkAndChangeView: Reach consensus,org_view=62168,org_changeCycle=0,cur_changeCycle=0,to_view=62169
info|2019-11-13 04:20:00.408408|[g:1][CONSENSUS]addRawPrepare,height=1,reqIdx=1,hash=098f0d0e...
info|2019-11-13 04:20:00.408997|[g:1][CONSENSUS][PBFT]checkTimeout Succ,view=62169,toView=62170,nodeIdx=3,changeCycle=0,myNode=de0436d1...,timecost=0.452
info|2019-11-13 04:20:00.410596|[g:1][CONSENSUS][PBFT]checkAndChangeView: Reach consensus,org_view=62169,org_changeCycle=0,cur_changeCycle=0,to_view=62170
info|2019-11-13 04:20:01.412704|[g:1][CONSENSUS]addRawPrepare,height=1,reqIdx=2,hash=f2429d5b...
info|2019-11-13 04:20:01.413388|[g:1][CONSENSUS][PBFT]checkTimeout Succ,view=62170,toView=62171,nodeIdx=3,changeCycle=0,myNode=de0436d1...,timecost=0.549
info|2019-11-13 04:20:01.415077|[g:1][CONSENSUS][PBFT]checkAndChangeView: Reach consensus,org_view=62170,org_changeCycle=0,cur_changeCycle=0,to_view=62171
info|2019-11-13 04:20:02.415516|[g:1][CONSENSUS][SEALER]++++++++++++++++ Generating seal on,blkNum=1,tx=0,nodeIdx=3,hash=c2e61fc4...
info|2019-11-13 04:20:02.418623|[g:1][CONSENSUS][PBFT]checkTimeout Succ,view=62171,toView=62172,nodeIdx=3,changeCycle=0,myNode=de0436d1...,timecost=0.49
info|2019-11-13 04:20:02.419379|[g:1][CONSENSUS][PBFT]checkAndChangeView: Reach consensus,org_view=62171,org_changeCycle=0,cur_changeCycle=0,to_view=62172
info|2019-11-13 04:20:03.421084|[g:1][CONSENSUS]addRawPrepare,height=1,reqIdx=0,hash=627e98eb...
info|2019-11-13 04:20:03.421670|[g:1][CONSENSUS][PBFT]checkTimeout Succ,view=62172,toView=62173,nodeIdx=3,changeCycle=0,myNode=de0436d1...,timecost=0.453
info|2019-11-13 04:20:03.423204|[g:1][CONSENSUS][PBFT]checkAndChangeView: Reach consensus,org_view=62172,org_changeCycle=0,cur_changeCycle=0,to_view=62173
info|2019-11-13 04:20:04.424807|[g:1][CONSENSUS]addRawPrepare,height=1,reqIdx=1,hash=3c2f4039...
info|2019-11-13 04:20:04.425417|[g:1][CONSENSUS][PBFT]checkTimeout Succ,view=62173,toView=62174,nodeIdx=3,changeCycle=0,myNode=de0436d1...,timecost=0.464
info|2019-11-13 04:20:04.427131|[g:1][CONSENSUS][PBFT]checkAndChangeView: Reach consensus,org_view=62173,org_changeCycle=0,cur_changeCycle=0,to_view=62174
