info|2019-12-11 04:27:27.003481|[P2P][Service] heartBeat,connected count=3
warning|2019-12-11 04:27:27.008139|[g:1][CONSENSUS][PBFT]ViewChangeWarning: not caused by omit empty block ,v=16275,toV=16276,curNum=5,hash=a9fec021...,nodeIdx=3,myNode=de0436d1...
info|2019-12-11 04:27:27.008948|[g:1][CONSENSUS][PBFT]checkTimeout Succ,view=16275,toView=16276,nodeIdx=3,changeCycle=1,myNode=de0436d1...,timecost=3.687
info|2019-12-11 04:27:27.010727|[g:1][CONSENSUS][PBFT]checkAndChangeView: Reach consensus,org_view=16275,org_changeCycle=1,cur_changeCycle=1,to_view=16276
info|2019-12-11 04:27:28.012168|[g:1][CONSENSUS]addRawPrepare,height=6,reqIdx=1,hash=e6760850...
info|2019-12-11 04:27:28.012786|[g:1][CONSENSUS][PBFT]checkTimeout Succ,view=16276,toView=16277,nodeIdx=3,changeCycle=0,myNode=de0436d1...,timecost=0.492
info|2019-12-11 04:27:28.013893|[g:1][CONSENSUS][PBFT]checkAndChangeView: Reach consensus,org_view=16276,org_changeCycle=0,cur_changeCycle=0,to_view=16277
info|2019-12-11 04:27:29.015394|[g:1][CONSENSUS]addRawPrepare,height=6,reqIdx=2,hash=3aeea85c...
info|2019-12-11 04:27:29.015952|[g:1][CONSENSUS][PBFT]checkTimeout Succ,view=16277,toView=16278,nodeIdx=3,changeCycle=0,myNode=de0436d1...,timecost=0.406
info|2019-12-11 04:27:29.017216|[g:1][CONSENSUS][PBFT]checkAndChangeView: Reach consensus,org_view=16277,org_changeCycle=0,cur_changeCycle=0,to_view=16278
info|2019-12-11 04:27:30.017782|[g:1][CONSENSUS][SEALER]++++++++++++++++ Generating seal on,blkNum=6,tx=0,nodeIdx=3,hash=c199de1f...
info|2019-12-11 04:27:30.018430|[g:1][CONSENSUS][PBFT]checkTimeout Succ,view=16278,toView=16279,nodeIdx=3,changeCycle=0,myNode=de0436d1...,timecost=0.277
info|2019-12-11 04:27:30.020523|[g:1][CONSENSUS][PBFT]checkAndChangeView: Reach consensus,org_view=16278,org_changeCycle=0,cur_changeCycle=0,to_view=16279
info|2019-12-11 04:27:31.021867|[g:1][CONSENSUS]addRawPrepare,height=6,reqIdx=0,hash=9e8ddf97...
info|2019-12-11 04:27:31.022514|[g:1][CONSENSUS][PBFT]checkTimeout Succ,view=16279,toView=16280,nodeIdx=3,changeCycle=0,myNode=de0436d1...,timecost=0.471
info|2019-12-11 04:27:31.024092|[g:1][CONSENSUS][PBFT]checkAndChangeView: Reach consensus,org_view=16279,org_changeCycle=0,cur_changeCycle=0,to_view=16280
info|2019-12-11 04:27:32.025490|[g:1][CONSENSUS]addRawPrepare,height=6,reqIdx=1,hash=f93733cc...
info|2019-12-11 04:27:32.026266|[g:1][CONSENSUS][PBFT]checkTimeout Succ,view=16280,toView=16281,nodeIdx=3,changeCycle=0,myNode=de0436d1...,timecost=0.651
info|2019-12-11 04:27:32.027415|[g:1][CONSENSUS][PBFT]checkAndChangeView: Reach consensus,org_view=16280,org_changeCycle=0,cur_changeCycle=0,to_view=16281
info|2019-12-11 04:27:33.028400|[g:1][CONSENSUS]addRawPrepare,height=6,reqIdx=2,hash=1e57ec06...
info|2019-12-11 04:27:33.028894|[g:1][CONSENSUS][PBFT]checkTimeout Succ,view=16281,toView=16282,nodeIdx=3,changeCycle=0,myNode=de0436d1...,timecost=0.345
info|2019-12-11 04:27:33.030067|[g:1][CONSENSUS][PBFT]checkAndChangeView: Reach consensus,org_view=16281,org_changeCycle=0,cur_changeCycle=0,to_view=16282
info|2019-12-11 04:27:34.030678|[g:1][CONSENSUS][SEALER]++++++++++++++++ Generating seal on,blkNum=6,tx=0,nodeIdx=3,hash=ceb44ab7...
info|2019-12-11 04:27:34.031665|[g:1][CONSENSUS][PBFT]checkTimeout Succ,view=16282,toView=16283,nodeIdx=3,changeCycle=0,myNode=de0436d1...,timecost=0.523
info|2019-12-11 04:27:34.034166|[g:1][CONSENSUS][PBFT]checkAndChangeView: Reach consensus,org_view=16282,org_changeCycle=0,cur_changeCycle=0,to_view=16283
info|2019-12-11 04:27:35.035569|[g:1][CONSENSUS]addRawPrepare,height=6,reqIdx=0,hash=44bd1976...
info|2019-12-11 04:27:35.036195|[g:1][CONSENSUS][PBFT]checkTimeout Succ,view=16283,toView=16284,nodeIdx=3,changeCycle=0,myNode=de0436d1...,timecost=0.46
info|2019-12-11 04:27:35.037992|[g:1][CONSENSUS][PBFT]checkAndChangeView: Reach consensus,org_view=16283,org_changeCycle=0,cur_changeCycle=0,to_view=16284
info|2019-12-11 04:27:36.040460|[g:1][CONSENSUS]addRawPrepare,height=6,reqIdx=1,hash=e5842652...
info|2019-12-11 04:27:36.041062|[g:1][CONSENSUS][PBFT]checkTimeout Succ,view=16284,toView=16285,nodeIdx=3,changeCycle=0,myNode=de0436d1...,timecost=0.443
info|2019-12-11 04:27:36.042744|[g:1][CONSENSUS][PBFT]checkAndChangeView: Reach consensus,org_view=16284,org_changeCycle=0,cur_changeCycle=0,to_view=16285
info|2019-12-11 04:27:37.012016|[P2P][Service] heartBeat,connected count=3
info|2019-12-11 04:27:37.044143|[g:1][CONSENSUS]addRawPrepare,height=6,reqIdx=2,hash=e4dc2e9a...
info|2019-12-11 04:27:37.044799|[g:1][CONSENSUS][PBFT]checkTimeout Succ,view=16285,toView=16286,nodeIdx=3,changeCycle=0,myNode=de0436d1...,timecost=0.532
info|2019-12-11 04:27:37.046452|[g:1][CONSENSUS][PBFT]checkAndChangeView: Reach consensus,org_view=16285,org_changeCycle=0,cur_changeCycle=0,to_view=16286
info|2019-12-11 04:27:38.046445|[g:1][CONSENSUS][SEALER]++++++++++++++++ Generating seal on,blkNum=6,tx=0,nodeIdx=3,hash=9bf84927...
info|2019-12-11 04:27:38.047040|[g:1][CONSENSUS][PBFT]checkTimeout Succ,view=16286,toView=16287,nodeIdx=3,changeCycle=0,myNode=de0436d1...,timecost=0.287
info|2019-12-11 04:27:38.049228|[g:1][CONSENSUS][PBFT]checkAndChangeView: Reach consensus,org_view=16286,org_changeCycle=0,cur_changeCycle=0,to_view=16287
info|2019-12-11 04:27:39.051142|[g:1][CONSENSUS]addRawPrepare,height=6,reqIdx=0,hash=25364479...
info|2019-12-11 04:27:39.051844|[g:1][CONSENSUS][PBFT]checkTimeout Succ,view=16287,toView=16288,nodeIdx=3,changeCycle=0,myNode=de0436d1...,timecost=0.578
info|2019-12-11 04:27:39.053230|[g:1][CONSENSUS][PBFT]checkAndChangeView: Reach consensus,org_view=16287,org_changeCycle=0,cur_changeCycle=0,to_view=16288
info|2019-12-11 04:27:40.055934|[g:1][CONSENSUS]addRawPrepare,height=6,reqIdx=1,hash=8ccf967a...
info|2019-12-11 04:27:40.056539|[g:1][CONSENSUS][PBFT]checkTimeout Succ,view=16288,toView=16289,nodeIdx=3,changeCycle=0,myNode=de0436d1...,timecost=0.464
info|2019-12-11 04:27:40.057873|[g:1][CONSENSUS][PBFT]checkAndChangeView: Reach consensus,org_view=16288,org_changeCycle=0,cur_changeCycle=0,to_view=16289
info|2019-12-11 04:27:41.060142|[g:1][CONSENSUS]addRawPrepare,height=6,reqIdx=2,hash=bae26d8e...
info|2019-12-11 04:27:41.060873|[g:1][CONSENSUS][PBFT]checkTimeout Succ,view=16289,toView=16290,nodeIdx=3,changeCycle=0,myNode=de0436d1...,timecost=0.547
info|2019-12-11 04:27:41.062622|[g:1][CONSENSUS][PBFT]checkAndChangeView: Reach consensus,org_view=16289,org_changeCycle=0,cur_changeCycle=0,to_view=16290
info|2019-12-11 04:27:42.062493|[g:1][CONSENSUS][SEALER]++++++++++++++++ Generating seal on,blkNum=6,tx=0,nodeIdx=3,hash=51641e23...
info|2019-12-11 04:27:42.066102|[g:1][CONSENSUS][PBFT]checkTimeout Succ,view=16290,toView=16291,nodeIdx=3,changeCycle=0,myNode=de0436d1...,timecost=0.486
info|2019-12-11 04:27:42.066781|[g:1][CONSENSUS][PBFT]checkAndChangeView: Reach consensus,org_view=16290,org_changeCycle=0,cur_changeCycle=0,to_view=16291
info|2019-12-11 04:27:43.067756|[g:1][CONSENSUS]addRawPrepare,height=6,reqIdx=0,hash=9df83b7a...
info|2019-12-11 04:27:43.068402|[g:1][CONSENSUS][PBFT]checkTimeout Succ,view=16291,toView=16292,nodeIdx=3,changeCycle=0,myNode=de0436d1...,timecost=0.52
info|2019-12-11 04:27:43.070180|[g:1][CONSENSUS][PBFT]checkAndChangeView: Reach consensus,org_view=16291,org_changeCycle=0,cur_changeCycle=0,to_view=16292
info|2019-12-11 04:27:44.072560|[g:1][CONSENSUS]addRawPrepare,height=6,reqIdx=1,hash=7c5c2c64...
info|2019-12-11 04:27:44.073314|[g:1][CONSENSUS][PBFT]checkTimeout Succ,view=16292,toView=16293,nodeIdx=3,changeCycle=0,myNode=de0436d1...,timecost=0.597
info|2019-12-11 04:27:44.074707|[g:1][CONSENSUS][PBFT]checkAndChangeView: Reach consensus,org_view=16292,org_changeCycle=0,cur_changeCycle=0,to_view=16293
info|2019-12-11 04:27:45.076948|[g:1][CONSENSUS]addRawPrepare,height=6,reqIdx=2,hash=7debb589...
info|2019-12-11 04:27:45.077689|[g:1][CONSENSUS][PBFT]checkTimeout Succ,view=16293,toView=16294,nodeIdx=3,changeCycle=0,myNode=de0436d1...,timecost=0.609
info|2019-12-11 04:27:45.079279|[g:1][CONSENSUS][PBFT]checkAndChangeView: Reach consensus,org_view=16293,org_changeCycle=0,cur_changeCycle=0,to_view=16294
info|2019-12-11 04:27:46.080373|[g:1][CONSENSUS][SEALER]++++++++++++++++ Generating seal on,blkNum=6,tx=0,nodeIdx=3,hash=6adc0d94...
info|2019-12-11 04:27:46.081266|[g:1][CONSENSUS][PBFT]checkTimeout Succ,view=16294,toView=16295,nodeIdx=3,changeCycle=0,myNode=de0436d1...,timecost=0.443
info|2019-12-11 04:27:46.083584|[g:1][CONSENSUS][PBFT]checkAndChangeView: Reach consensus,org_view=16294,org_changeCycle=0,cur_changeCycle=0,to_view=16295
info|2019-12-11 04:27:47.017150|[P2P][Service] heartBeat,connected count=3
info|2019-12-11 04:27:47.085261|[g:1][CONSENSUS]addRawPrepare,height=6,reqIdx=0,hash=a542bc47...
info|2019-12-11 04:27:47.086114|[g:1][CONSENSUS][PBFT]checkTimeout Succ,view=16295,toView=16296,nodeIdx=3,changeCycle=0,myNode=de0436d1...,timecost=0.684
info|2019-12-11 04:27:47.087913|[g:1][CONSENSUS][PBFT]checkAndChangeView: Reach consensus,org_view=16295,org_changeCycle=0,cur_changeCycle=0,to_view=16296
info|2019-12-11 04:27:48.089952|[g:1][CONSENSUS]addRawPrepare,height=6,reqIdx=1,hash=d315082d...
info|2019-12-11 04:27:48.090574|[g:1][CONSENSUS][PBFT]checkTimeout Succ,view=16296,toView=16297,nodeIdx=3,changeCycle=0,myNode=de0436d1...,timecost=0.473
info|2019-12-11 04:27:48.092039|[g:1][CONSENSUS][PBFT]checkAndChangeView: Reach consensus,org_view=16296,org_changeCycle=0,cur_changeCycle=0,to_view=16297
info|2019-12-11 04:27:49.093184|[g:1][CONSENSUS]addRawPrepare,height=6,reqIdx=2,hash=cd7b47ce...
info|2019-12-11 04:27:49.093621|[g:1][CONSENSUS][PBFT]checkTimeout Succ,view=16297,toView=16298,nodeIdx=3,changeCycle=0,myNode=de0436d1...,timecost=0.322
info|2019-12-11 04:27:49.095023|[g:1][CONSENSUS][PBFT]checkAndChangeView: Reach consensus,org_view=16297,org_changeCycle=0,cur_changeCycle=0,to_view=16298
info|2019-12-11 04:27:50.096010|[g:1][CONSENSUS][SEALER]++++++++++++++++ Generating seal on,blkNum=6,tx=0,nodeIdx=3,hash=179ae21d...
info|2019-12-11 04:27:50.096992|[g:1][CONSENSUS][PBFT]checkTimeout Succ,view=16298,toView=16299,nodeIdx=3,changeCycle=0,myNode=de0436d1...,timecost=0.52
info|2019-12-11 04:27:50.099720|[g:1][CONSENSUS][PBFT]checkAndChangeView: Reach consensus,org_view=16298,org_changeCycle=0,cur_changeCycle=0,to_view=16299
info|2019-12-11 04:27:51.101010|[g:1][CONSENSUS]addRawPrepare,height=6,reqIdx=0,hash=945ba781...
info|2019-12-11 04:27:51.101636|[g:1][CONSENSUS][PBFT]checkTimeout Succ,view=16299,toView=16300,nodeIdx=3,changeCycle=0,myNode=de0436d1...,timecost=0.467
info|2019-12-11 04:27:51.103369|[g:1][CONSENSUS][PBFT]checkAndChangeView: Reach consensus,org_view=16299,org_changeCycle=0,cur_changeCycle=0,to_view=16300
info|2019-12-11 04:27:52.105377|[g:1][CONSENSUS]addRawPrepare,height=6,reqIdx=1,hash=6aea508d...
info|2019-12-11 04:27:52.106803|[g:1][CONSENSUS][PBFT]checkTimeout Succ,view=16300,toView=16301,nodeIdx=3,changeCycle=0,myNode=de0436d1...,timecost=1.264
info|2019-12-11 04:27:52.108297|[g:1][CONSENSUS][PBFT]checkAndChangeView: Reach consensus,org_view=16300,org_changeCycle=0,cur_changeCycle=0,to_view=16301
info|2019-12-11 04:27:53.109127|[g:1][CONSENSUS]addRawPrepare,height=6,reqIdx=2,hash=7012efeb...
info|2019-12-11 04:27:53.109813|[g:1][CONSENSUS][PBFT]checkTimeout Succ,view=16301,toView=16302,nodeIdx=3,changeCycle=0,myNode=de0436d1...,timecost=0.561
info|2019-12-11 04:27:53.111594|[g:1][CONSENSUS][PBFT]checkAndChangeView: Reach consensus,org_view=16301,org_changeCycle=0,cur_changeCycle=0,to_view=16302
info|2019-12-11 04:27:54.111181|[g:1][CONSENSUS][SEALER]++++++++++++++++ Generating seal on,blkNum=6,tx=0,nodeIdx=3,hash=bf4b0eb5...
info|2019-12-11 04:27:54.111861|[g:1][CONSENSUS][PBFT]checkTimeout Succ,view=16302,toView=16303,nodeIdx=3,changeCycle=0,myNode=de0436d1...,timecost=0.305
info|2019-12-11 04:27:54.113656|[g:1][CONSENSUS][PBFT]checkAndChangeView: Reach consensus,org_view=16302,org_changeCycle=0,cur_changeCycle=0,to_view=16303
info|2019-12-11 04:27:55.115887|[g:1][CONSENSUS]addRawPrepare,height=6,reqIdx=0,hash=b11dee0f...
info|2019-12-11 04:27:55.116495|[g:1][CONSENSUS][PBFT]checkTimeout Succ,view=16303,toView=16304,nodeIdx=3,changeCycle=0,myNode=de0436d1...,timecost=0.453
info|2019-12-11 04:27:55.117719|[g:1][CONSENSUS][PBFT]checkAndChangeView: Reach consensus,org_view=16303,org_changeCycle=0,cur_changeCycle=0,to_view=16304
info|2019-12-11 04:27:56.119754|[g:1][CONSENSUS]addRawPrepare,height=6,reqIdx=1,hash=95960a2b...
info|2019-12-11 04:27:56.120371|[g:1][CONSENSUS][PBFT]checkTimeout Succ,view=16304,toView=16305,nodeIdx=3,changeCycle=0,myNode=de0436d1...,timecost=0.481
info|2019-12-11 04:27:56.121839|[g:1][CONSENSUS][PBFT]checkAndChangeView: Reach consensus,org_view=16304,org_changeCycle=0,cur_changeCycle=0,to_view=16305
info|2019-12-11 04:27:57.023056|[P2P][Service] heartBeat,connected count=3
info|2019-12-11 04:27:57.123417|[g:1][CONSENSUS]addRawPrepare,height=6,reqIdx=2,hash=e269da2f...
info|2019-12-11 04:27:57.124261|[g:1][CONSENSUS][PBFT]checkTimeout Succ,view=16305,toView=16306,nodeIdx=3,changeCycle=0,myNode=de0436d1...,timecost=0.705
info|2019-12-11 04:27:57.126189|[g:1][CONSENSUS][PBFT]checkAndChangeView: Reach consensus,org_view=16305,org_changeCycle=0,cur_changeCycle=0,to_view=16306
info|2019-12-11 04:27:58.126228|[g:1][CONSENSUS][SEALER]++++++++++++++++ Generating seal on,blkNum=6,tx=0,nodeIdx=3,hash=e05338ed...
info|2019-12-11 04:27:58.127123|[g:1][CONSENSUS][PBFT]checkTimeout Succ,view=16306,toView=16307,nodeIdx=3,changeCycle=0,myNode=de0436d1...,timecost=0.367
info|2019-12-11 04:27:58.129541|[g:1][CONSENSUS][PBFT]checkAndChangeView: Reach consensus,org_view=16306,org_changeCycle=0,cur_changeCycle=0,to_view=16307
info|2019-12-11 04:27:59.131328|[g:1][CONSENSUS]addRawPrepare,height=6,reqIdx=0,hash=a396babd...
info|2019-12-11 04:27:59.131991|[g:1][CONSENSUS][PBFT]checkTimeout Succ,view=16307,toView=16308,nodeIdx=3,changeCycle=0,myNode=de0436d1...,timecost=0.541
info|2019-12-11 04:27:59.133341|[g:1][CONSENSUS][PBFT]checkAndChangeView: Reach consensus,org_view=16307,org_changeCycle=0,cur_changeCycle=0,to_view=16308
info|2019-12-11 04:28:00.134913|[g:1][CONSENSUS]addRawPrepare,height=6,reqIdx=1,hash=e5ce03f3...
info|2019-12-11 04:28:00.135511|[g:1][CONSENSUS][PBFT]checkTimeout Succ,view=16308,toView=16309,nodeIdx=3,changeCycle=0,myNode=de0436d1...,timecost=0.478
info|2019-12-11 04:28:00.136599|[g:1][CONSENSUS][PBFT]checkAndChangeView: Reach consensus,org_view=16308,org_changeCycle=0,cur_changeCycle=0,to_view=16309
info|2019-12-11 04:28:01.138080|[g:1][CONSENSUS]addRawPrepare,height=6,reqIdx=2,hash=5f8589f7...
info|2019-12-11 04:28:01.138753|[g:1][CONSENSUS][PBFT]checkTimeout Succ,view=16309,toView=16310,nodeIdx=3,changeCycle=0,myNode=de0436d1...,timecost=0.514
info|2019-12-11 04:28:01.140436|[g:1][CONSENSUS][PBFT]checkAndChangeView: Reach consensus,org_view=16309,org_changeCycle=0,cur_changeCycle=0,to_view=16310
info|2019-12-11 04:28:02.141113|[g:1][CONSENSUS][SEALER]++++++++++++++++ Generating seal on,blkNum=6,tx=0,nodeIdx=3,hash=e59b3048...
info|2019-12-11 04:28:02.144392|[g:1][CONSENSUS][PBFT]checkTimeout Succ,view=16310,toView=16311,nodeIdx=3,changeCycle=0,myNode=de0436d1...,timecost=0.483
info|2019-12-11 04:28:02.145059|[g:1][CONSENSUS][PBFT]checkAndChangeView: Reach consensus,org_view=16310,org_changeCycle=0,cur_changeCycle=0,to_view=16311
info|2019-12-11 04:28:03.145997|[g:1][CONSENSUS]addRawPrepare,height=6,reqIdx=0,hash=8b753f3d...
info|2019-12-11 04:28:03.146620|[g:1][CONSENSUS][PBFT]checkTimeout Succ,view=16311,toView=16312,nodeIdx=3,changeCycle=0,myNode=de0436d1...,timecost=0.45
info|2019-12-11 04:28:03.148024|[g:1][CONSENSUS][PBFT]checkAndChangeView: Reach consensus,org_view=16311,org_changeCycle=0,cur_changeCycle=0,to_view=16312
info|2019-12-11 04:28:04.150819|[g:1][CONSENSUS]addRawPrepare,height=6,reqIdx=1,hash=25b8c7f5...
info|2019-12-11 04:28:04.151450|[g:1][CONSENSUS][PBFT]checkTimeout Succ,view=16312,toView=16313,nodeIdx=3,changeCycle=0,myNode=de0436d1...,timecost=0.469
info|2019-12-11 04:28:04.152822|[g:1][CONSENSUS][PBFT]checkAndChangeView: Reach consensus,org_view=16312,org_changeCycle=0,cur_changeCycle=0,to_view=16313
info|2019-12-11 04:28:05.154976|[g:1][CONSENSUS]addRawPrepare,height=6,reqIdx=2,hash=99227bf1...
info|2019-12-11 04:28:05.155651|[g:1][CONSENSUS][PBFT]checkTimeout Succ,view=16313,toView=16314,nodeIdx=3,changeCycle=0,myNode=de0436d1...,timecost=0.516
info|2019-12-11 04:28:05.157325|[g:1][CONSENSUS][PBFT]checkAndChangeView: Reach consensus,org_view=16313,org_changeCycle=0,cur_changeCycle=0,to_view=16314
info|2019-12-11 04:28:06.157868|[g:1][CONSENSUS][SEALER]++++++++++++++++ Generating seal on,blkNum=6,tx=0,nodeIdx=3,hash=bd608592...
info|2019-12-11 04:28:06.158929|[g:1][CONSENSUS][PBFT]checkTimeout Succ,view=16314,toView=16315,nodeIdx=3,changeCycle=0,myNode=de0436d1...,timecost=0.589
info|2019-12-11 04:28:06.161553|[g:1][CONSENSUS][PBFT]checkAndChangeView: Reach consensus,org_view=16314,org_changeCycle=0,cur_changeCycle=0,to_view=16315
info|2019-12-11 04:28:07.031156|[P2P][Service] heartBeat,connected count=3
info|2019-12-11 04:28:07.163371|[g:1][CONSENSUS]addRawPrepare,height=6,reqIdx=0,hash=a4f255bf...
info|2019-12-11 04:28:07.164735|[g:1][CONSENSUS][PBFT]checkTimeout Succ,view=16315,toView=16316,nodeIdx=3,changeCycle=0,myNode=de0436d1...,timecost=1.197
info|2019-12-11 04:28:07.166220|[g:1][CONSENSUS][PBFT]checkAndChangeView: Reach consensus,org_view=16315,org_changeCycle=0,cur_changeCycle=0,to_view=16316
info|2019-12-11 04:28:08.167316|[g:1][CONSENSUS]addRawPrepare,height=6,reqIdx=1,hash=54eddbf9...
info|2019-12-11 04:28:08.168049|[g:1][CONSENSUS][PBFT]checkTimeout Succ,view=16316,toView=16317,nodeIdx=3,changeCycle=0,myNode=de0436d1...,timecost=0.556
info|2019-12-11 04:28:08.169859|[g:1][CONSENSUS][PBFT]checkAndChangeView: Reach consensus,org_view=16316,org_changeCycle=0,cur_changeCycle=0,to_view=16317
info|2019-12-11 04:28:09.172107|[g:1][CONSENSUS]addRawPrepare,height=6,reqIdx=2,hash=22894485...
info|2019-12-11 04:28:09.172700|[g:1][CONSENSUS][PBFT]checkTimeout Succ,view=16317,toView=16318,nodeIdx=3,changeCycle=0,myNode=de0436d1...,timecost=0.462
info|2019-12-11 04:28:09.174169|[g:1][CONSENSUS][PBFT]checkAndChangeView: Reach consensus,org_view=16317,org_changeCycle=0,cur_changeCycle=0,to_view=16318
info|2019-12-11 04:28:10.174562|[g:1][CONSENSUS][SEALER]++++++++++++++++ Generating seal on,blkNum=6,tx=0,nodeIdx=3,hash=2904c472...
info|2019-12-11 04:28:10.175532|[g:1][CONSENSUS][PBFT]checkTimeout Succ,view=16318,toView=16319,nodeIdx=3,changeCycle=0,myNode=de0436d1...,timecost=0.511
info|2019-12-11 04:28:10.177965|[g:1][CONSENSUS][PBFT]checkAndChangeView: Reach consensus,org_view=16318,org_changeCycle=0,cur_changeCycle=0,to_view=16319
info|2019-12-11 04:28:11.179751|[g:1][CONSENSUS]addRawPrepare,height=6,reqIdx=0,hash=975732ed...
info|2019-12-11 04:28:11.180382|[g:1][CONSENSUS][PBFT]checkTimeout Succ,view=16319,toView=16320,nodeIdx=3,changeCycle=0,myNode=de0436d1...,timecost=0.469
info|2019-12-11 04:28:11.181851|[g:1][CONSENSUS][PBFT]checkAndChangeView: Reach consensus,org_view=16319,org_changeCycle=0,cur_changeCycle=0,to_view=16320
info|2019-12-11 04:28:12.183788|[g:1][CONSENSUS]addRawPrepare,height=6,reqIdx=1,hash=ebb840cb...
info|2019-12-11 04:28:12.184770|[g:1][CONSENSUS][PBFT]checkTimeout Succ,view=16320,toView=16321,nodeIdx=3,changeCycle=0,myNode=de0436d1...,timecost=0.801
info|2019-12-11 04:28:12.186432|[g:1][CONSENSUS][PBFT]checkAndChangeView: Reach consensus,org_view=16320,org_changeCycle=0,cur_changeCycle=0,to_view=16321
info|2019-12-11 04:28:13.186523|[g:1][CONSENSUS]addRawPrepare,height=6,reqIdx=2,hash=9781c1b3...
info|2019-12-11 04:28:13.187340|[g:1][CONSENSUS][PBFT]checkTimeout Succ,view=16321,toView=16322,nodeIdx=3,changeCycle=0,myNode=de0436d1...,timecost=0.661
info|2019-12-11 04:28:13.188773|[g:1][CONSENSUS][PBFT]checkAndChangeView: Reach consensus,org_view=16321,org_changeCycle=0,cur_changeCycle=0,to_view=16322
info|2019-12-11 04:28:14.188429|[g:1][CONSENSUS][SEALER]++++++++++++++++ Generating seal on,blkNum=6,tx=0,nodeIdx=3,hash=f31383c9...
info|2019-12-11 04:28:14.191130|[g:1][CONSENSUS][PBFT]checkTimeout Succ,view=16322,toView=16323,nodeIdx=3,changeCycle=0,myNode=de0436d1...,timecost=0.433
info|2019-12-11 04:28:14.192578|[g:1][CONSENSUS][PBFT]checkAndChangeView: Reach consensus,org_view=16322,org_changeCycle=0,cur_changeCycle=0,to_view=16323
info|2019-12-11 04:28:15.194949|[g:1][CONSENSUS]addRawPrepare,height=6,reqIdx=0,hash=605b20d0...
info|2019-12-11 04:28:15.195725|[g:1][CONSENSUS][PBFT]checkTimeout Succ,view=16323,toView=16324,nodeIdx=3,changeCycle=0,myNode=de0436d1...,timecost=0.617
info|2019-12-11 04:28:15.197312|[g:1][CONSENSUS][PBFT]checkAndChangeView: Reach consensus,org_view=16323,org_changeCycle=0,cur_changeCycle=0,to_view=16324
info|2019-12-11 04:28:16.199139|[g:1][CONSENSUS]addRawPrepare,height=6,reqIdx=1,hash=c4efe250...
info|2019-12-11 04:28:16.199791|[g:1][CONSENSUS][PBFT]checkTimeout Succ,view=16324,toView=16325,nodeIdx=3,changeCycle=0,myNode=de0436d1...,timecost=0.476
info|2019-12-11 04:28:16.201290|[g:1][CONSENSUS][PBFT]checkAndChangeView: Reach consensus,org_view=16324,org_changeCycle=0,cur_changeCycle=0,to_view=16325
info|2019-12-11 04:28:17.034389|[P2P][Service] heartBeat,connected count=3
info|2019-12-11 04:28:17.203757|[g:1][CONSENSUS]addRawPrepare,height=6,reqIdx=2,hash=4946679f...
info|2019-12-11 04:28:17.205008|[g:1][CONSENSUS][PBFT]checkTimeout Succ,view=16325,toView=16326,nodeIdx=3,changeCycle=0,myNode=de0436d1...,timecost=1.128
info|2019-12-11 04:28:17.206504|[g:1][CONSENSUS][PBFT]checkAndChangeView: Reach consensus,org_view=16325,org_changeCycle=0,cur_changeCycle=0,to_view=16326
info|2019-12-11 04:28:18.207362|[g:1][CONSENSUS][SEALER]++++++++++++++++ Generating seal on,blkNum=6,tx=0,nodeIdx=3,hash=378863a2...
info|2019-12-11 04:28:18.208331|[g:1][CONSENSUS][PBFT]checkTimeout Succ,view=16326,toView=16327,nodeIdx=3,changeCycle=0,myNode=de0436d1...,timecost=0.497
info|2019-12-11 04:28:18.210921|[g:1][CONSENSUS][PBFT]checkAndChangeView: Reach consensus,org_view=16326,org_changeCycle=0,cur_changeCycle=0,to_view=16327
info|2019-12-11 04:28:19.214140|[g:1][CONSENSUS]addRawPrepare,height=6,reqIdx=0,hash=febcfcb2...
info|2019-12-11 04:28:19.214853|[g:1][CONSENSUS][PBFT]checkTimeout Succ,view=16327,toView=16328,nodeIdx=3,changeCycle=0,myNode=de0436d1...,timecost=0.522
info|2019-12-11 04:28:19.216210|[g:1][CONSENSUS][PBFT]checkAndChangeView: Reach consensus,org_view=16327,org_changeCycle=0,cur_changeCycle=0,to_view=16328
info|2019-12-11 04:28:20.219053|[g:1][CONSENSUS]addRawPrepare,height=6,reqIdx=1,hash=3ddd7585...
info|2019-12-11 04:28:20.219678|[g:1][CONSENSUS][PBFT]checkTimeout Succ,view=16328,toView=16329,nodeIdx=3,changeCycle=0,myNode=de0436d1...,timecost=0.493
info|2019-12-11 04:28:20.220997|[g:1][CONSENSUS][PBFT]checkAndChangeView: Reach consensus,org_view=16328,org_changeCycle=0,cur_changeCycle=0,to_view=16329
info|2019-12-11 04:28:21.222717|[g:1][CONSENSUS]addRawPrepare,height=6,reqIdx=2,hash=ee7ba7d7...
info|2019-12-11 04:28:21.223433|[g:1][CONSENSUS][PBFT]checkTimeout Succ,view=16329,toView=16330,nodeIdx=3,changeCycle=0,myNode=de0436d1...,timecost=0.581
info|2019-12-11 04:28:21.224842|[g:1][CONSENSUS][PBFT]checkAndChangeView: Reach consensus,org_view=16329,org_changeCycle=0,cur_changeCycle=0,to_view=16330
info|2019-12-11 04:28:22.224219|[g:1][CONSENSUS][SEALER]++++++++++++++++ Generating seal on,blkNum=6,tx=0,nodeIdx=3,hash=c62c5680...
info|2019-12-11 04:28:22.225301|[g:1][CONSENSUS][PBFT]checkTimeout Succ,view=16330,toView=16331,nodeIdx=3,changeCycle=0,myNode=de0436d1...,timecost=0.549
info|2019-12-11 04:28:22.228060|[g:1][CONSENSUS][PBFT]checkAndChangeView: Reach consensus,org_view=16330,org_changeCycle=0,cur_changeCycle=0,to_view=16331
info|2019-12-11 04:28:23.230456|[g:1][CONSENSUS]addRawPrepare,height=6,reqIdx=0,hash=65ff7b4d...
info|2019-12-11 04:28:23.231070|[g:1][CONSENSUS][PBFT]checkTimeout Succ,view=16331,toView=16332,nodeIdx=3,changeCycle=0,myNode=de0436d1...,timecost=0.475
info|2019-12-11 04:28:23.232578|[g:1][CONSENSUS][PBFT]checkAndChangeView: Reach consensus,org_view=16331,org_changeCycle=0,cur_changeCycle=0,to_view=16332
info|2019-12-11 04:28:24.234823|[g:1][CONSENSUS]addRawPrepare,height=6,reqIdx=1,hash=7c008df6...
info|2019-12-11 04:28:24.235458|[g:1][CONSENSUS][PBFT]checkTimeout Succ,view=16332,toView=16333,nodeIdx=3,changeCycle=0,myNode=de0436d1...,timecost=0.515
info|2019-12-11 04:28:24.237086|[g:1][CONSENSUS][PBFT]checkAndChangeView: Reach consensus,org_view=16332,org_changeCycle=0,cur_changeCycle=0,to_view=16333
info|2019-12-11 04:28:25.238347|[g:1][CONSENSUS]addRawPrepare,height=6,reqIdx=2,hash=4a1dc6b3...
info|2019-12-11 04:28:25.239022|[g:1][CONSENSUS][PBFT]checkTimeout Succ,view=16333,toView=16334,nodeIdx=3,changeCycle=0,myNode=de0436d1...,timecost=0.548
info|2019-12-11 04:28:25.240381|[g:1][CONSENSUS][PBFT]checkAndChangeView: Reach consensus,org_view=16333,org_changeCycle=0,cur_changeCycle=0,to_view=16334
info|2019-12-11 04:28:26.241354|[g:1][CONSENSUS][SEALER]++++++++++++++++ Generating seal on,blkNum=6,tx=0,nodeIdx=3,hash=e9be8440...
info|2019-12-11 04:28:26.244851|[g:1][CONSENSUS][PBFT]checkTimeout Succ,view=16334,toView=16335,nodeIdx=3,changeCycle=0,myNode=de0436d1...,timecost=0.448
info|2019-12-11 04:28:26.245506|[g:1][CONSENSUS][PBFT]checkAndChangeView: Reach consensus,org_view=16334,org_changeCycle=0,cur_changeCycle=0,to_view=16335
info|2019-12-11 04:28:27.042906|[P2P][Service] heartBeat,connected count=3
info|2019-12-11 04:28:27.246911|[g:1][CONSENSUS]addRawPrepare,height=6,reqIdx=0,hash=38cfd90a...
info|2019-12-11 04:28:27.247622|[g:1][CONSENSUS][PBFT]checkTimeout Succ,view=16335,toView=16336,nodeIdx=3,changeCycle=0,myNode=de0436d1...,timecost=0.593
info|2019-12-11 04:28:27.249520|[g:1][CONSENSUS][PBFT]checkAndChangeView: Reach consensus,org_view=16335,org_changeCycle=0,cur_changeCycle=0,to_view=16336
info|2019-12-11 04:28:28.251969|[g:1][CONSENSUS]addRawPrepare,height=6,reqIdx=1,hash=bd4f5224...
info|2019-12-11 04:28:28.252729|[g:1][CONSENSUS][PBFT]checkTimeout Succ,view=16336,toView=16337,nodeIdx=3,changeCycle=0,myNode=de0436d1...,timecost=0.668
info|2019-12-11 04:28:28.254209|[g:1][CONSENSUS][PBFT]checkAndChangeView: Reach consensus,org_view=16336,org_changeCycle=0,cur_changeCycle=0,to_view=16337
info|2019-12-11 04:28:29.256911|[g:1][CONSENSUS]addRawPrepare,height=6,reqIdx=2,hash=8e1406b9...
info|2019-12-11 04:28:29.257666|[g:1][CONSENSUS][PBFT]checkTimeout Succ,view=16337,toView=16338,nodeIdx=3,changeCycle=0,myNode=de0436d1...,timecost=0.592
info|2019-12-11 04:28:29.259241|[g:1][CONSENSUS][PBFT]checkAndChangeView: Reach consensus,org_view=16337,org_changeCycle=0,cur_changeCycle=0,to_view=16338
info|2019-12-11 04:28:30.260258|[g:1][CONSENSUS][SEALER]++++++++++++++++ Generating seal on,blkNum=6,tx=0,nodeIdx=3,hash=2ee05480...
info|2019-12-11 04:28:30.262967|[g:1][CONSENSUS][PBFT]checkTimeout Succ,view=16338,toView=16339,nodeIdx=3,changeCycle=0,myNode=de0436d1...,timecost=0.434
info|2019-12-11 04:28:30.264441|[g:1][CONSENSUS][PBFT]checkAndChangeView: Reach consensus,org_view=16338,org_changeCycle=0,cur_changeCycle=0,to_view=16339
info|2019-12-11 04:28:31.266147|[g:1][CONSENSUS]addRawPrepare,height=6,reqIdx=0,hash=720c0486...
info|2019-12-11 04:28:31.266913|[g:1][CONSENSUS][PBFT]checkTimeout Succ,view=16339,toView=16340,nodeIdx=3,changeCycle=0,myNode=de0436d1...,timecost=0.545
info|2019-12-11 04:28:31.268744|[g:1][CONSENSUS][PBFT]checkAndChangeView: Reach consensus,org_view=16339,org_changeCycle=0,cur_changeCycle=0,to_view=16340
info|2019-12-11 04:28:32.271211|[g:1][CONSENSUS]addRawPrepare,height=6,reqIdx=1,hash=c1e67ebd...
info|2019-12-11 04:28:32.272247|[g:1][CONSENSUS][PBFT]checkTimeout Succ,view=16340,toView=16341,nodeIdx=3,changeCycle=0,myNode=de0436d1...,timecost=0.901
info|2019-12-11 04:28:32.273896|[g:1][CONSENSUS][PBFT]checkAndChangeView: Reach consensus,org_view=16340,org_changeCycle=0,cur_changeCycle=0,to_view=16341
info|2019-12-11 04:28:33.274523|[g:1][CONSENSUS]addRawPrepare,height=6,reqIdx=2,hash=2591d4f6...
info|2019-12-11 04:28:33.275160|[g:1][CONSENSUS][PBFT]checkTimeout Succ,view=16341,toView=16342,nodeIdx=3,changeCycle=0,myNode=de0436d1...,timecost=0.457
info|2019-12-11 04:28:33.276673|[g:1][CONSENSUS][PBFT]checkAndChangeView: Reach consensus,org_view=16341,org_changeCycle=0,cur_changeCycle=0,to_view=16342
info|2019-12-11 04:28:34.277239|[g:1][CONSENSUS][SEALER]++++++++++++++++ Generating seal on,blkNum=6,tx=0,nodeIdx=3,hash=0d4a8987...
info|2019-12-11 04:28:34.278245|[g:1][CONSENSUS][PBFT]checkTimeout Succ,view=16342,toView=16343,nodeIdx=3,changeCycle=0,myNode=de0436d1...,timecost=0.556
info|2019-12-11 04:28:34.280779|[g:1][CONSENSUS][PBFT]checkAndChangeView: Reach consensus,org_view=16342,org_changeCycle=0,cur_changeCycle=0,to_view=16343
info|2019-12-11 04:28:35.283319|[g:1][CONSENSUS]addRawPrepare,height=6,reqIdx=0,hash=6115d879...
info|2019-12-11 04:28:35.283934|[g:1][CONSENSUS][PBFT]checkTimeout Succ,view=16343,toView=16344,nodeIdx=3,changeCycle=0,myNode=de0436d1...,timecost=0.455
info|2019-12-11 04:28:35.285413|[g:1][CONSENSUS][PBFT]checkAndChangeView: Reach consensus,org_view=16343,org_changeCycle=0,cur_changeCycle=0,to_view=16344
info|2019-12-11 04:28:36.286879|[g:1][CONSENSUS]addRawPrepare,height=6,reqIdx=1,hash=0829466c...
info|2019-12-11 04:28:36.287544|[g:1][CONSENSUS][PBFT]checkTimeout Succ,view=16344,toView=16345,nodeIdx=3,changeCycle=0,myNode=de0436d1...,timecost=0.534
info|2019-12-11 04:28:36.288946|[g:1][CONSENSUS][PBFT]checkAndChangeView: Reach consensus,org_view=16344,org_changeCycle=0,cur_changeCycle=0,to_view=16345
info|2019-12-11 04:28:37.052714|[P2P][Service] heartBeat,connected count=3
info|2019-12-11 04:28:37.291797|[g:1][CONSENSUS]addRawPrepare,height=6,reqIdx=2,hash=71cd754d...
info|2019-12-11 04:28:37.293200|[g:1][CONSENSUS][PBFT]checkTimeout Succ,view=16345,toView=16346,nodeIdx=3,changeCycle=0,myNode=de0436d1...,timecost=1.122
info|2019-12-11 04:28:37.294571|[g:1][CONSENSUS][PBFT]checkAndChangeView: Reach consensus,org_view=16345,org_changeCycle=0,cur_changeCycle=0,to_view=16346
info|2019-12-11 04:28:38.295724|[g:1][CONSENSUS][SEALER]++++++++++++++++ Generating seal on,blkNum=6,tx=0,nodeIdx=3,hash=a3fc4577...
info|2019-12-11 04:28:38.298089|[g:1][CONSENSUS][PBFT]checkTimeout Succ,view=16346,toView=16347,nodeIdx=3,changeCycle=0,myNode=de0436d1...,timecost=0.371
info|2019-12-11 04:28:38.298635|[g:1][CONSENSUS][PBFT]checkAndChangeView: Reach consensus,org_view=16346,org_changeCycle=0,cur_changeCycle=0,to_view=16347
info|2019-12-11 04:28:39.301063|[g:1][CONSENSUS]addRawPrepare,height=6,reqIdx=0,hash=2133eeca...
info|2019-12-11 04:28:39.301677|[g:1][CONSENSUS][PBFT]checkTimeout Succ,view=16347,toView=16348,nodeIdx=3,changeCycle=0,myNode=de0436d1...,timecost=0.455
info|2019-12-11 04:28:39.303140|[g:1][CONSENSUS][PBFT]checkAndChangeView: Reach consensus,org_view=16347,org_changeCycle=0,cur_changeCycle=0,to_view=16348
info|2019-12-11 04:28:40.305611|[g:1][CONSENSUS]addRawPrepare,height=6,reqIdx=1,hash=21997f8a...
info|2019-12-11 04:28:40.306324|[g:1][CONSENSUS][PBFT]checkTimeout Succ,view=16348,toView=16349,nodeIdx=3,changeCycle=0,myNode=de0436d1...,timecost=0.545
info|2019-12-11 04:28:40.307959|[g:1][CONSENSUS][PBFT]checkAndChangeView: Reach consensus,org_view=16348,org_changeCycle=0,cur_changeCycle=0,to_view=16349
