info|2019-11-13 15:09:41.007088|[P2P][Service] heartBeat,connected count=3
warning|2019-11-13 15:09:41.008257|[g:1][CONSENSUS][PBFT]ViewChangeWarning: not caused by omit empty block ,v=76160,toV=76161,curNum=0,hash=f72cae63...,nodeIdx=3,myNode=de0436d1...
info|2019-11-13 15:09:41.008426|[g:1][CONSENSUS][PBFT]checkTimeout Succ,view=76160,toView=76161,nodeIdx=3,changeCycle=1,myNode=de0436d1...,timecost=0.535
info|2019-11-13 15:09:41.015306|[g:1][CONSENSUS][PBFT]checkAndChangeView: Reach consensus,org_view=76160,org_changeCycle=1,cur_changeCycle=1,to_view=76161
info|2019-11-13 15:09:42.016632|[g:1][CONSENSUS]addRawPrepare,height=1,reqIdx=1,hash=58facdb5...
info|2019-11-13 15:09:42.017023|[g:1][CONSENSUS][PBFT]checkTimeout Succ,view=76161,toView=76162,nodeIdx=3,changeCycle=0,myNode=de0436d1...,timecost=0.3
info|2019-11-13 15:09:42.017546|[g:1][CONSENSUS][PBFT]checkAndChangeView: Reach consensus,org_view=76161,org_changeCycle=0,cur_changeCycle=0,to_view=76162
info|2019-11-13 15:09:43.018538|[g:1][CONSENSUS]addRawPrepare,height=1,reqIdx=2,hash=f259e258...
info|2019-11-13 15:09:43.019059|[g:1][CONSENSUS][PBFT]checkTimeout Succ,view=76162,toView=76163,nodeIdx=3,changeCycle=0,myNode=de0436d1...,timecost=0.385
info|2019-11-13 15:09:43.020302|[g:1][CONSENSUS][PBFT]checkAndChangeView: Reach consensus,org_view=76162,org_changeCycle=0,cur_changeCycle=0,to_view=76163
info|2019-11-13 15:09:44.021629|[g:1][CONSENSUS][SEALER]++++++++++++++++ Generating seal on,blkNum=1,tx=0,nodeIdx=3,hash=8d66ba23...
info|2019-11-13 15:09:44.024257|[g:1][CONSENSUS][PBFT]checkTimeout Succ,view=76163,toView=76164,nodeIdx=3,changeCycle=0,myNode=de0436d1...,timecost=0.41
info|2019-11-13 15:09:44.024801|[g:1][CONSENSUS][PBFT]checkAndChangeView: Reach consensus,org_view=76163,org_changeCycle=0,cur_changeCycle=0,to_view=76164
info|2019-11-13 15:09:45.025859|[g:1][CONSENSUS]addRawPrepare,height=1,reqIdx=0,hash=533aa359...
info|2019-11-13 15:09:45.026324|[g:1][CONSENSUS][PBFT]checkTimeout Succ,view=76164,toView=76165,nodeIdx=3,changeCycle=0,myNode=de0436d1...,timecost=0.339
info|2019-11-13 15:09:45.027395|[g:1][CONSENSUS][PBFT]checkAndChangeView: Reach consensus,org_view=76164,org_changeCycle=0,cur_changeCycle=0,to_view=76165
info|2019-11-13 15:09:46.028608|[g:1][CONSENSUS]addRawPrepare,height=1,reqIdx=1,hash=c287a9c4...
info|2019-11-13 15:09:46.029279|[g:1][CONSENSUS][PBFT]checkTimeout Succ,view=76165,toView=76166,nodeIdx=3,changeCycle=0,myNode=de0436d1...,timecost=0.562
info|2019-11-13 15:09:46.030545|[g:1][CONSENSUS][PBFT]checkAndChangeView: Reach consensus,org_view=76165,org_changeCycle=0,cur_changeCycle=0,to_view=76166
info|2019-11-13 15:09:47.031503|[g:1][CONSENSUS]addRawPrepare,height=1,reqIdx=2,hash=fb5a661f...
info|2019-11-13 15:09:47.032202|[g:1][CONSENSUS][PBFT]checkTimeout Succ,view=76166,toView=76167,nodeIdx=3,changeCycle=0,myNode=de0436d1...,timecost=0.562
info|2019-11-13 15:09:47.033858|[g:1][CONSENSUS][PBFT]checkAndChangeView: Reach consensus,org_view=76166,org_changeCycle=0,cur_changeCycle=0,to_view=76167
info|2019-11-13 15:09:48.033334|[g:1][CONSENSUS][SEALER]++++++++++++++++ Generating seal on,blkNum=1,tx=0,nodeIdx=3,hash=06fc35fc...
info|2019-11-13 15:09:48.034398|[g:1][CONSENSUS][PBFT]checkTimeout Succ,view=76167,toView=76168,nodeIdx=3,changeCycle=0,myNode=de0436d1...,timecost=0.608
info|2019-11-13 15:09:48.036902|[g:1][CONSENSUS][PBFT]checkAndChangeView: Reach consensus,org_view=76167,org_changeCycle=0,cur_changeCycle=0,to_view=76168
info|2019-11-13 15:09:49.037902|[g:1][CONSENSUS]addRawPrepare,height=1,reqIdx=0,hash=37d764e6...
info|2019-11-13 15:09:49.038453|[g:1][CONSENSUS][PBFT]checkTimeout Succ,view=76168,toView=76169,nodeIdx=3,changeCycle=0,myNode=de0436d1...,timecost=0.458
info|2019-11-13 15:09:49.039852|[g:1][CONSENSUS][PBFT]checkAndChangeView: Reach consensus,org_view=76168,org_changeCycle=0,cur_changeCycle=0,to_view=76169
info|2019-11-13 15:09:50.041176|[g:1][CONSENSUS]addRawPrepare,height=1,reqIdx=1,hash=7930b23f...
info|2019-11-13 15:09:50.041829|[g:1][CONSENSUS][PBFT]checkTimeout Succ,view=76169,toView=76170,nodeIdx=3,changeCycle=0,myNode=de0436d1...,timecost=0.515
info|2019-11-13 15:09:50.043263|[g:1][CONSENSUS][PBFT]checkAndChangeView: Reach consensus,org_view=76169,org_changeCycle=0,cur_changeCycle=0,to_view=76170
info|2019-11-13 15:09:51.013337|[P2P][Service] heartBeat,connected count=3
info|2019-11-13 15:09:51.044450|[g:1][CONSENSUS]addRawPrepare,height=1,reqIdx=2,hash=fd32cf7c...
info|2019-11-13 15:09:51.045196|[g:1][CONSENSUS][PBFT]checkTimeout Succ,view=76170,toView=76171,nodeIdx=3,changeCycle=0,myNode=de0436d1...,timecost=0.649
info|2019-11-13 15:09:51.046543|[g:1][CONSENSUS][PBFT]checkAndChangeView: Reach consensus,org_view=76170,org_changeCycle=0,cur_changeCycle=0,to_view=76171
info|2019-11-13 15:09:52.046925|[g:1][CONSENSUS][SEALER]++++++++++++++++ Generating seal on,blkNum=1,tx=0,nodeIdx=3,hash=3e561d8c...
info|2019-11-13 15:09:52.047817|[g:1][CONSENSUS][PBFT]checkTimeout Succ,view=76171,toView=76172,nodeIdx=3,changeCycle=0,myNode=de0436d1...,timecost=0.388
info|2019-11-13 15:09:52.050297|[g:1][CONSENSUS][PBFT]checkAndChangeView: Reach consensus,org_view=76171,org_changeCycle=0,cur_changeCycle=0,to_view=76172
info|2019-11-13 15:09:53.051941|[g:1][CONSENSUS]addRawPrepare,height=1,reqIdx=0,hash=25fae2cd...
info|2019-11-13 15:09:53.052740|[g:1][CONSENSUS][PBFT]checkTimeout Succ,view=76172,toView=76173,nodeIdx=3,changeCycle=0,myNode=de0436d1...,timecost=0.578
info|2019-11-13 15:09:53.054045|[g:1][CONSENSUS][PBFT]checkAndChangeView: Reach consensus,org_view=76172,org_changeCycle=0,cur_changeCycle=0,to_view=76173
info|2019-11-13 15:09:54.055331|[g:1][CONSENSUS]addRawPrepare,height=1,reqIdx=1,hash=a9c1dd23...
info|2019-11-13 15:09:54.056091|[g:1][CONSENSUS][PBFT]checkTimeout Succ,view=76173,toView=76174,nodeIdx=3,changeCycle=0,myNode=de0436d1...,timecost=0.6
info|2019-11-13 15:09:54.057474|[g:1][CONSENSUS][PBFT]checkAndChangeView: Reach consensus,org_view=76173,org_changeCycle=0,cur_changeCycle=0,to_view=76174
info|2019-11-13 15:09:55.058766|[g:1][CONSENSUS]addRawPrepare,height=1,reqIdx=2,hash=eb33d4f4...
info|2019-11-13 15:09:55.059589|[g:1][CONSENSUS][PBFT]checkTimeout Succ,view=76174,toView=76175,nodeIdx=3,changeCycle=0,myNode=de0436d1...,timecost=0.719
info|2019-11-13 15:09:55.061483|[g:1][CONSENSUS][PBFT]checkAndChangeView: Reach consensus,org_view=76174,org_changeCycle=0,cur_changeCycle=0,to_view=76175
info|2019-11-13 15:09:56.062708|[g:1][CONSENSUS][SEALER]++++++++++++++++ Generating seal on,blkNum=1,tx=0,nodeIdx=3,hash=5fa03cc1...
info|2019-11-13 15:09:56.063826|[g:1][CONSENSUS][PBFT]checkTimeout Succ,view=76175,toView=76176,nodeIdx=3,changeCycle=0,myNode=de0436d1...,timecost=0.689
info|2019-11-13 15:09:56.066657|[g:1][CONSENSUS][PBFT]checkAndChangeView: Reach consensus,org_view=76175,org_changeCycle=0,cur_changeCycle=0,to_view=76176
