warning|2019-11-13 00:24:01.010609|[g:1][CONSENSUS][PBFT]ViewChangeWarning: not caused by omit empty block ,v=62009,toV=62010,curNum=0,hash=f72cae63...,nodeIdx=3,myNode=de0436d1...
info|2019-11-13 00:24:01.012114|[P2P][Service] heartBeat,connected count=3
info|2019-11-13 00:24:01.013066|[g:1][CONSENSUS][PBFT]checkTimeout Succ,view=62009,toView=62010,nodeIdx=3,changeCycle=1,myNode=de0436d1...,timecost=8.521
info|2019-11-13 00:24:01.016759|[g:1][CONSENSUS][PBFT]checkAndChangeView: Reach consensus,org_view=62009,org_changeCycle=1,cur_changeCycle=1,to_view=62010
info|2019-11-13 00:24:02.018371|[g:1][CONSENSUS]addRawPrepare,height=1,reqIdx=2,hash=2f51a1ae...
info|2019-11-13 00:24:02.019678|[g:1][CONSENSUS][PBFT]checkTimeout Succ,view=62010,toView=62011,nodeIdx=3,changeCycle=0,myNode=de0436d1...,timecost=1.179
info|2019-11-13 00:24:02.020883|[g:1][CONSENSUS][PBFT]checkAndChangeView: Reach consensus,org_view=62010,org_changeCycle=0,cur_changeCycle=0,to_view=62011
info|2019-11-13 00:24:03.021549|[g:1][CONSENSUS][SEALER]++++++++++++++++ Generating seal on,blkNum=1,tx=0,nodeIdx=3,hash=6f28c0e4...
info|2019-11-13 00:24:03.024138|[g:1][CONSENSUS][PBFT]checkTimeout Succ,view=62011,toView=62012,nodeIdx=3,changeCycle=0,myNode=de0436d1...,timecost=0.386
info|2019-11-13 00:24:03.024930|[g:1][CONSENSUS][PBFT]checkAndChangeView: Reach consensus,org_view=62011,org_changeCycle=0,cur_changeCycle=0,to_view=62012
info|2019-11-13 00:24:04.025205|[g:1][CONSENSUS]addRawPrepare,height=1,reqIdx=0,hash=71e9f113...
info|2019-11-13 00:24:04.025814|[g:1][CONSENSUS][PBFT]checkTimeout Succ,view=62012,toView=62013,nodeIdx=3,changeCycle=0,myNode=de0436d1...,timecost=0.432
info|2019-11-13 00:24:04.027051|[g:1][CONSENSUS][PBFT]checkAndChangeView: Reach consensus,org_view=62012,org_changeCycle=0,cur_changeCycle=0,to_view=62013
info|2019-11-13 00:24:05.028420|[g:1][CONSENSUS]addRawPrepare,height=1,reqIdx=1,hash=dae03a0d...
info|2019-11-13 00:24:05.029044|[g:1][CONSENSUS][PBFT]checkTimeout Succ,view=62013,toView=62014,nodeIdx=3,changeCycle=0,myNode=de0436d1...,timecost=0.452
info|2019-11-13 00:24:05.030712|[g:1][CONSENSUS][PBFT]checkAndChangeView: Reach consensus,org_view=62013,org_changeCycle=0,cur_changeCycle=0,to_view=62014
info|2019-11-13 00:24:06.031807|[g:1][CONSENSUS]addRawPrepare,height=1,reqIdx=2,hash=a4b5962f...
info|2019-11-13 00:24:06.032441|[g:1][CONSENSUS][PBFT]checkTimeout Succ,view=62014,toView=62015,nodeIdx=3,changeCycle=0,myNode=de0436d1...,timecost=0.503
info|2019-11-13 00:24:06.033650|[g:1][CONSENSUS][PBFT]checkAndChangeView: Reach consensus,org_view=62014,org_changeCycle=0,cur_changeCycle=0,to_view=62015
info|2019-11-13 00:24:07.033559|[g:1][CONSENSUS][SEALER]++++++++++++++++ Generating seal on,blkNum=1,tx=0,nodeIdx=3,hash=d29d4885...
info|2019-11-13 00:24:07.034241|[g:1][CONSENSUS][PBFT]checkTimeout Succ,view=62015,toView=62016,nodeIdx=3,changeCycle=0,myNode=de0436d1...,timecost=0.324
info|2019-11-13 00:24:07.036529|[g:1][CONSENSUS][PBFT]checkAndChangeView: Reach consensus,org_view=62015,org_changeCycle=0,cur_changeCycle=0,to_view=62016
info|2019-11-13 00:24:08.038224|[g:1][CONSENSUS]addRawPrepare,height=1,reqIdx=0,hash=d058b954...
info|2019-11-13 00:24:08.038971|[g:1][CONSENSUS][PBFT]checkTimeout Succ,view=62016,toView=62017,nodeIdx=3,changeCycle=0,myNode=de0436d1...,timecost=0.621
info|2019-11-13 00:24:08.040218|[g:1][CONSENSUS][PBFT]checkAndChangeView: Reach consensus,org_view=62016,org_changeCycle=0,cur_changeCycle=0,to_view=62017
info|2019-11-13 00:24:09.040868|[g:1][CONSENSUS]addRawPrepare,height=1,reqIdx=1,hash=71519564...
info|2019-11-13 00:24:09.041287|[g:1][CONSENSUS][PBFT]checkTimeout Succ,view=62017,toView=62018,nodeIdx=3,changeCycle=0,myNode=de0436d1...,timecost=0.322
info|2019-11-13 00:24:09.042284|[g:1][CONSENSUS][PBFT]checkAndChangeView: Reach consensus,org_view=62017,org_changeCycle=0,cur_changeCycle=0,to_view=62018
info|2019-11-13 00:24:10.044221|[g:1][CONSENSUS]addRawPrepare,height=1,reqIdx=2,hash=484f038d...
info|2019-11-13 00:24:10.044681|[g:1][CONSENSUS][PBFT]checkTimeout Succ,view=62018,toView=62019,nodeIdx=3,changeCycle=0,myNode=de0436d1...,timecost=0.345
info|2019-11-13 00:24:10.045805|[g:1][CONSENSUS][PBFT]checkAndChangeView: Reach consensus,org_view=62018,org_changeCycle=0,cur_changeCycle=0,to_view=62019
info|2019-11-13 00:24:11.014244|[P2P][Service] heartBeat,connected count=3
info|2019-11-13 00:24:11.045964|[g:1][CONSENSUS][SEALER]++++++++++++++++ Generating seal on,blkNum=1,tx=0,nodeIdx=3,hash=5c827f83...
info|2019-11-13 00:24:11.047114|[g:1][CONSENSUS][PBFT]checkTimeout Succ,view=62019,toView=62020,nodeIdx=3,changeCycle=0,myNode=de0436d1...,timecost=0.72
info|2019-11-13 00:24:11.049490|[g:1][CONSENSUS][PBFT]checkAndChangeView: Reach consensus,org_view=62019,org_changeCycle=0,cur_changeCycle=0,to_view=62020
info|2019-11-13 00:24:12.052673|[g:1][CONSENSUS]addRawPrepare,height=1,reqIdx=0,hash=63044156...
info|2019-11-13 00:24:12.053590|[g:1][CONSENSUS][PBFT]checkTimeout Succ,view=62020,toView=62021,nodeIdx=3,changeCycle=0,myNode=de0436d1...,timecost=0.698
info|2019-11-13 00:24:12.055278|[g:1][CONSENSUS][PBFT]checkAndChangeView: Reach consensus,org_view=62020,org_changeCycle=0,cur_changeCycle=0,to_view=62021
info|2019-11-13 00:24:13.056119|[g:1][CONSENSUS]addRawPrepare,height=1,reqIdx=1,hash=b3615d56...
info|2019-11-13 00:24:13.056677|[g:1][CONSENSUS][PBFT]checkTimeout Succ,view=62021,toView=62022,nodeIdx=3,changeCycle=0,myNode=de0436d1...,timecost=0.41
info|2019-11-13 00:24:13.058038|[g:1][CONSENSUS][PBFT]checkAndChangeView: Reach consensus,org_view=62021,org_changeCycle=0,cur_changeCycle=0,to_view=62022
info|2019-11-13 00:24:14.059708|[g:1][CONSENSUS]addRawPrepare,height=1,reqIdx=2,hash=fa6d431d...
info|2019-11-13 00:24:14.060460|[g:1][CONSENSUS][PBFT]checkTimeout Succ,view=62022,toView=62023,nodeIdx=3,changeCycle=0,myNode=de0436d1...,timecost=0.584
info|2019-11-13 00:24:14.062271|[g:1][CONSENSUS][PBFT]checkAndChangeView: Reach consensus,org_view=62022,org_changeCycle=0,cur_changeCycle=0,to_view=62023
info|2019-11-13 00:24:15.062256|[g:1][CONSENSUS][SEALER]++++++++++++++++ Generating seal on,blkNum=1,tx=0,nodeIdx=3,hash=8b6cf58f...
info|2019-11-13 00:24:15.063029|[g:1][CONSENSUS][PBFT]checkTimeout Succ,view=62023,toView=62024,nodeIdx=3,changeCycle=0,myNode=de0436d1...,timecost=0.346
info|2019-11-13 00:24:15.065480|[g:1][CONSENSUS][PBFT]checkAndChangeView: Reach consensus,org_view=62023,org_changeCycle=0,cur_changeCycle=0,to_view=62024
info|2019-11-13 00:24:16.067701|[g:1][CONSENSUS]addRawPrepare,height=1,reqIdx=0,hash=1077511f...
info|2019-11-13 00:24:16.068856|[g:1][CONSENSUS][PBFT]checkTimeout Succ,view=62024,toView=62025,nodeIdx=3,changeCycle=0,myNode=de0436d1...,timecost=0.993
info|2019-11-13 00:24:16.070400|[g:1][CONSENSUS][PBFT]checkAndChangeView: Reach consensus,org_view=62024,org_changeCycle=0,cur_changeCycle=0,to_view=62025
info|2019-11-13 00:24:17.071558|[g:1][CONSENSUS]addRawPrepare,height=1,reqIdx=1,hash=75d47065...
info|2019-11-13 00:24:17.072263|[g:1][CONSENSUS][PBFT]checkTimeout Succ,view=62025,toView=62026,nodeIdx=3,changeCycle=0,myNode=de0436d1...,timecost=0.517
info|2019-11-13 00:24:17.074033|[g:1][CONSENSUS][PBFT]checkAndChangeView: Reach consensus,org_view=62025,org_changeCycle=0,cur_changeCycle=0,to_view=62026
info|2019-11-13 00:24:18.076727|[g:1][CONSENSUS]addRawPrepare,height=1,reqIdx=2,hash=1f4b0649...
info|2019-11-13 00:24:18.077294|[g:1][CONSENSUS][PBFT]checkTimeout Succ,view=62026,toView=62027,nodeIdx=3,changeCycle=0,myNode=de0436d1...,timecost=0.45
info|2019-11-13 00:24:18.078648|[g:1][CONSENSUS][PBFT]checkAndChangeView: Reach consensus,org_view=62026,org_changeCycle=0,cur_changeCycle=0,to_view=62027
info|2019-11-13 00:24:19.078374|[g:1][CONSENSUS][SEALER]++++++++++++++++ Generating seal on,blkNum=1,tx=0,nodeIdx=3,hash=14f49fc6...
info|2019-11-13 00:24:19.081552|[g:1][CONSENSUS][PBFT]checkTimeout Succ,view=62027,toView=62028,nodeIdx=3,changeCycle=0,myNode=de0436d1...,timecost=0.514
info|2019-11-13 00:24:19.082263|[g:1][CONSENSUS][PBFT]checkAndChangeView: Reach consensus,org_view=62027,org_changeCycle=0,cur_changeCycle=0,to_view=62028
info|2019-11-13 00:24:20.083113|[g:1][CONSENSUS]addRawPrepare,height=1,reqIdx=0,hash=73ab854d...
info|2019-11-13 00:24:20.083898|[g:1][CONSENSUS][PBFT]checkTimeout Succ,view=62028,toView=62029,nodeIdx=3,changeCycle=0,myNode=de0436d1...,timecost=0.584
info|2019-11-13 00:24:20.085506|[g:1][CONSENSUS][PBFT]checkAndChangeView: Reach consensus,org_view=62028,org_changeCycle=0,cur_changeCycle=0,to_view=62029
info|2019-11-13 00:24:21.014479|[P2P][Service] heartBeat,connected count=3
info|2019-11-13 00:24:21.087374|[g:1][CONSENSUS]addRawPrepare,height=1,reqIdx=1,hash=cf06723f...
info|2019-11-13 00:24:21.088239|[g:1][CONSENSUS][PBFT]checkTimeout Succ,view=62029,toView=62030,nodeIdx=3,changeCycle=0,myNode=de0436d1...,timecost=0.747
info|2019-11-13 00:24:21.089393|[g:1][CONSENSUS][PBFT]checkAndChangeView: Reach consensus,org_view=62029,org_changeCycle=0,cur_changeCycle=0,to_view=62030
info|2019-11-13 00:24:22.090232|[g:1][CONSENSUS]addRawPrepare,height=1,reqIdx=2,hash=a31b3cdd...
info|2019-11-13 00:24:22.090890|[g:1][CONSENSUS][PBFT]checkTimeout Succ,view=62030,toView=62031,nodeIdx=3,changeCycle=0,myNode=de0436d1...,timecost=0.478
info|2019-11-13 00:24:22.092254|[g:1][CONSENSUS][PBFT]checkAndChangeView: Reach consensus,org_view=62030,org_changeCycle=0,cur_changeCycle=0,to_view=62031
info|2019-11-13 00:24:23.092949|[g:1][CONSENSUS][SEALER]++++++++++++++++ Generating seal on,blkNum=1,tx=0,nodeIdx=3,hash=3fb11660...
info|2019-11-13 00:24:23.093976|[g:1][CONSENSUS][PBFT]checkTimeout Succ,view=62031,toView=62032,nodeIdx=3,changeCycle=0,myNode=de0436d1...,timecost=0.523
info|2019-11-13 00:24:23.096524|[g:1][CONSENSUS][PBFT]checkAndChangeView: Reach consensus,org_view=62031,org_changeCycle=0,cur_changeCycle=0,to_view=62032
info|2019-11-13 00:24:24.097995|[g:1][CONSENSUS]addRawPrepare,height=1,reqIdx=0,hash=dccef0a6...
info|2019-11-13 00:24:24.098694|[g:1][CONSENSUS][PBFT]checkTimeout Succ,view=62032,toView=62033,nodeIdx=3,changeCycle=0,myNode=de0436d1...,timecost=0.577
info|2019-11-13 00:24:24.100660|[g:1][CONSENSUS][PBFT]checkAndChangeView: Reach consensus,org_view=62032,org_changeCycle=0,cur_changeCycle=0,to_view=62033
info|2019-11-13 00:24:25.102114|[g:1][CONSENSUS]addRawPrepare,height=1,reqIdx=1,hash=6d54f73e...
info|2019-11-13 00:24:25.102708|[g:1][CONSENSUS][PBFT]checkTimeout Succ,view=62033,toView=62034,nodeIdx=3,changeCycle=0,myNode=de0436d1...,timecost=0.472
info|2019-11-13 00:24:25.104005|[g:1][CONSENSUS][PBFT]checkAndChangeView: Reach consensus,org_view=62033,org_changeCycle=0,cur_changeCycle=0,to_view=62034
info|2019-11-13 00:24:26.106272|[g:1][CONSENSUS]addRawPrepare,height=1,reqIdx=2,hash=5f55b939...
info|2019-11-13 00:24:26.107210|[g:1][CONSENSUS][PBFT]checkTimeout Succ,view=62034,toView=62035,nodeIdx=3,changeCycle=0,myNode=de0436d1...,timecost=0.806
info|2019-11-13 00:24:26.108947|[g:1][CONSENSUS][PBFT]checkAndChangeView: Reach consensus,org_view=62034,org_changeCycle=0,cur_changeCycle=0,to_view=62035
info|2019-11-13 00:24:27.108689|[g:1][CONSENSUS][SEALER]++++++++++++++++ Generating seal on,blkNum=1,tx=0,nodeIdx=3,hash=899ae5fb...
info|2019-11-13 00:24:27.111321|[g:1][CONSENSUS][PBFT]checkTimeout Succ,view=62035,toView=62036,nodeIdx=3,changeCycle=0,myNode=de0436d1...,timecost=0.451
info|2019-11-13 00:24:27.112744|[g:1][CONSENSUS][PBFT]checkAndChangeView: Reach consensus,org_view=62035,org_changeCycle=0,cur_changeCycle=0,to_view=62036
info|2019-11-13 00:24:28.114203|[g:1][CONSENSUS]addRawPrepare,height=1,reqIdx=0,hash=228e74cd...
info|2019-11-13 00:24:28.114835|[g:1][CONSENSUS][PBFT]checkTimeout Succ,view=62036,toView=62037,nodeIdx=3,changeCycle=0,myNode=de0436d1...,timecost=0.472
info|2019-11-13 00:24:28.116359|[g:1][CONSENSUS][PBFT]checkAndChangeView: Reach consensus,org_view=62036,org_changeCycle=0,cur_changeCycle=0,to_view=62037
info|2019-11-13 00:24:29.118400|[g:1][CONSENSUS]addRawPrepare,height=1,reqIdx=1,hash=45b8ac29...
info|2019-11-13 00:24:29.118998|[g:1][CONSENSUS][PBFT]checkTimeout Succ,view=62037,toView=62038,nodeIdx=3,changeCycle=0,myNode=de0436d1...,timecost=0.469
info|2019-11-13 00:24:29.120820|[g:1][CONSENSUS][PBFT]checkAndChangeView: Reach consensus,org_view=62037,org_changeCycle=0,cur_changeCycle=0,to_view=62038
info|2019-11-13 00:24:30.122593|[g:1][CONSENSUS]addRawPrepare,height=1,reqIdx=2,hash=66651dc3...
info|2019-11-13 00:24:30.123256|[g:1][CONSENSUS][PBFT]checkTimeout Succ,view=62038,toView=62039,nodeIdx=3,changeCycle=0,myNode=de0436d1...,timecost=0.518
info|2019-11-13 00:24:30.124935|[g:1][CONSENSUS][PBFT]checkAndChangeView: Reach consensus,org_view=62038,org_changeCycle=0,cur_changeCycle=0,to_view=62039
info|2019-11-13 00:24:31.020373|[P2P][Service] heartBeat,connected count=3
info|2019-11-13 00:24:31.125520|[g:1][CONSENSUS][SEALER]++++++++++++++++ Generating seal on,blkNum=1,tx=0,nodeIdx=3,hash=cc008393...
info|2019-11-13 00:24:31.129195|[g:1][CONSENSUS][PBFT]checkTimeout Succ,view=62039,toView=62040,nodeIdx=3,changeCycle=0,myNode=de0436d1...,timecost=0.581
info|2019-11-13 00:24:31.129995|[g:1][CONSENSUS][PBFT]checkAndChangeView: Reach consensus,org_view=62039,org_changeCycle=0,cur_changeCycle=0,to_view=62040
info|2019-11-13 00:24:32.131316|[g:1][CONSENSUS]addRawPrepare,height=1,reqIdx=0,hash=708f925c...
info|2019-11-13 00:24:32.132028|[g:1][CONSENSUS][PBFT]checkTimeout Succ,view=62040,toView=62041,nodeIdx=3,changeCycle=0,myNode=de0436d1...,timecost=0.526
info|2019-11-13 00:24:32.133327|[g:1][CONSENSUS][PBFT]checkAndChangeView: Reach consensus,org_view=62040,org_changeCycle=0,cur_changeCycle=0,to_view=62041
info|2019-11-13 00:24:33.134859|[g:1][CONSENSUS]addRawPrepare,height=1,reqIdx=1,hash=f2f48bbb...
info|2019-11-13 00:24:33.135483|[g:1][CONSENSUS][PBFT]checkTimeout Succ,view=62041,toView=62042,nodeIdx=3,changeCycle=0,myNode=de0436d1...,timecost=0.48
info|2019-11-13 00:24:33.136956|[g:1][CONSENSUS][PBFT]checkAndChangeView: Reach consensus,org_view=62041,org_changeCycle=0,cur_changeCycle=0,to_view=62042
info|2019-11-13 00:24:34.138683|[g:1][CONSENSUS]addRawPrepare,height=1,reqIdx=2,hash=ad262753...
info|2019-11-13 00:24:34.139435|[g:1][CONSENSUS][PBFT]checkTimeout Succ,view=62042,toView=62043,nodeIdx=3,changeCycle=0,myNode=de0436d1...,timecost=0.607
info|2019-11-13 00:24:34.141091|[g:1][CONSENSUS][PBFT]checkAndChangeView: Reach consensus,org_view=62042,org_changeCycle=0,cur_changeCycle=0,to_view=62043
info|2019-11-13 00:24:35.141431|[g:1][CONSENSUS][SEALER]++++++++++++++++ Generating seal on,blkNum=1,tx=0,nodeIdx=3,hash=19afa70b...
info|2019-11-13 00:24:35.144630|[g:1][CONSENSUS][PBFT]checkTimeout Succ,view=62043,toView=62044,nodeIdx=3,changeCycle=0,myNode=de0436d1...,timecost=0.524
info|2019-11-13 00:24:35.145569|[g:1][CONSENSUS][PBFT]checkAndChangeView: Reach consensus,org_view=62043,org_changeCycle=0,cur_changeCycle=0,to_view=62044
info|2019-11-13 00:24:36.147386|[g:1][CONSENSUS]addRawPrepare,height=1,reqIdx=0,hash=b6ba5322...
info|2019-11-13 00:24:36.148543|[g:1][CONSENSUS][PBFT]checkTimeout Succ,view=62044,toView=62045,nodeIdx=3,changeCycle=0,myNode=de0436d1...,timecost=0.988
info|2019-11-13 00:24:36.149956|[g:1][CONSENSUS][PBFT]checkAndChangeView: Reach consensus,org_view=62044,org_changeCycle=0,cur_changeCycle=0,to_view=62045
info|2019-11-13 00:24:37.151492|[g:1][CONSENSUS]addRawPrepare,height=1,reqIdx=1,hash=da5613f5...
info|2019-11-13 00:24:37.152042|[g:1][CONSENSUS][PBFT]checkTimeout Succ,view=62045,toView=62046,nodeIdx=3,changeCycle=0,myNode=de0436d1...,timecost=0.377
info|2019-11-13 00:24:37.153037|[g:1][CONSENSUS][PBFT]checkAndChangeView: Reach consensus,org_view=62045,org_changeCycle=0,cur_changeCycle=0,to_view=62046
info|2019-11-13 00:24:38.154695|[g:1][CONSENSUS]addRawPrepare,height=1,reqIdx=2,hash=9fb6093a...
info|2019-11-13 00:24:38.155287|[g:1][CONSENSUS][PBFT]checkTimeout Succ,view=62046,toView=62047,nodeIdx=3,changeCycle=0,myNode=de0436d1...,timecost=0.457
info|2019-11-13 00:24:38.156839|[g:1][CONSENSUS][PBFT]checkAndChangeView: Reach consensus,org_view=62046,org_changeCycle=0,cur_changeCycle=0,to_view=62047
info|2019-11-13 00:24:39.157199|[g:1][CONSENSUS][SEALER]++++++++++++++++ Generating seal on,blkNum=1,tx=0,nodeIdx=3,hash=b4326324...
info|2019-11-13 00:24:39.158274|[g:1][CONSENSUS][PBFT]checkTimeout Succ,view=62047,toView=62048,nodeIdx=3,changeCycle=0,myNode=de0436d1...,timecost=0.597
info|2019-11-13 00:24:39.161046|[g:1][CONSENSUS][PBFT]checkAndChangeView: Reach consensus,org_view=62047,org_changeCycle=0,cur_changeCycle=0,to_view=62048
info|2019-11-13 00:24:40.163401|[g:1][CONSENSUS]addRawPrepare,height=1,reqIdx=0,hash=0f2f9ef7...
info|2019-11-13 00:24:40.163921|[g:1][CONSENSUS][PBFT]checkTimeout Succ,view=62048,toView=62049,nodeIdx=3,changeCycle=0,myNode=de0436d1...,timecost=0.361
info|2019-11-13 00:24:40.165344|[g:1][CONSENSUS][PBFT]checkAndChangeView: Reach consensus,org_view=62048,org_changeCycle=0,cur_changeCycle=0,to_view=62049
info|2019-11-13 00:24:41.021954|[P2P][Service] heartBeat,connected count=3
info|2019-11-13 00:24:41.167888|[g:1][CONSENSUS]addRawPrepare,height=1,reqIdx=1,hash=e7ad3965...
info|2019-11-13 00:24:41.169294|[g:1][CONSENSUS][PBFT]checkTimeout Succ,view=62049,toView=62050,nodeIdx=3,changeCycle=0,myNode=de0436d1...,timecost=1.224
info|2019-11-13 00:24:41.170758|[g:1][CONSENSUS][PBFT]checkAndChangeView: Reach consensus,org_view=62049,org_changeCycle=0,cur_changeCycle=0,to_view=62050
info|2019-11-13 00:24:42.172712|[g:1][CONSENSUS]addRawPrepare,height=1,reqIdx=2,hash=b07fbde9...
info|2019-11-13 00:24:42.173342|[g:1][CONSENSUS][PBFT]checkTimeout Succ,view=62050,toView=62051,nodeIdx=3,changeCycle=0,myNode=de0436d1...,timecost=0.453
info|2019-11-13 00:24:42.174809|[g:1][CONSENSUS][PBFT]checkAndChangeView: Reach consensus,org_view=62050,org_changeCycle=0,cur_changeCycle=0,to_view=62051
info|2019-11-13 00:24:43.174178|[g:1][CONSENSUS][SEALER]++++++++++++++++ Generating seal on,blkNum=1,tx=0,nodeIdx=3,hash=449e34a4...
info|2019-11-13 00:24:43.176767|[g:1][CONSENSUS][PBFT]checkTimeout Succ,view=62051,toView=62052,nodeIdx=3,changeCycle=0,myNode=de0436d1...,timecost=0.372
info|2019-11-13 00:24:43.178191|[g:1][CONSENSUS][PBFT]checkAndChangeView: Reach consensus,org_view=62051,org_changeCycle=0,cur_changeCycle=0,to_view=62052
info|2019-11-13 00:24:44.180003|[g:1][CONSENSUS]addRawPrepare,height=1,reqIdx=0,hash=10c5151a...
info|2019-11-13 00:24:44.180818|[g:1][CONSENSUS][PBFT]checkTimeout Succ,view=62052,toView=62053,nodeIdx=3,changeCycle=0,myNode=de0436d1...,timecost=0.564
info|2019-11-13 00:24:44.182464|[g:1][CONSENSUS][PBFT]checkAndChangeView: Reach consensus,org_view=62052,org_changeCycle=0,cur_changeCycle=0,to_view=62053
info|2019-11-13 00:24:45.184902|[g:1][CONSENSUS]addRawPrepare,height=1,reqIdx=1,hash=4d89bb93...
info|2019-11-13 00:24:45.185585|[g:1][CONSENSUS][PBFT]checkTimeout Succ,view=62053,toView=62054,nodeIdx=3,changeCycle=0,myNode=de0436d1...,timecost=0.516
info|2019-11-13 00:24:45.187132|[g:1][CONSENSUS][PBFT]checkAndChangeView: Reach consensus,org_view=62053,org_changeCycle=0,cur_changeCycle=0,to_view=62054
info|2019-11-13 00:24:46.189480|[g:1][CONSENSUS]addRawPrepare,height=1,reqIdx=2,hash=af8db138...
info|2019-11-13 00:24:46.190273|[g:1][CONSENSUS][PBFT]checkTimeout Succ,view=62054,toView=62055,nodeIdx=3,changeCycle=0,myNode=de0436d1...,timecost=0.652
info|2019-11-13 00:24:46.191998|[g:1][CONSENSUS][PBFT]checkAndChangeView: Reach consensus,org_view=62054,org_changeCycle=0,cur_changeCycle=0,to_view=62055
info|2019-11-13 00:24:47.193976|[g:1][CONSENSUS][SEALER]++++++++++++++++ Generating seal on,blkNum=1,tx=0,nodeIdx=3,hash=2e60a078...
info|2019-11-13 00:24:47.195070|[g:1][CONSENSUS][PBFT]checkTimeout Succ,view=62055,toView=62056,nodeIdx=3,changeCycle=0,myNode=de0436d1...,timecost=0.552
info|2019-11-13 00:24:47.197796|[g:1][CONSENSUS][PBFT]checkAndChangeView: Reach consensus,org_view=62055,org_changeCycle=0,cur_changeCycle=0,to_view=62056
info|2019-11-13 00:24:48.200812|[g:1][CONSENSUS]addRawPrepare,height=1,reqIdx=0,hash=95f32042...
info|2019-11-13 00:24:48.201495|[g:1][CONSENSUS][PBFT]checkTimeout Succ,view=62056,toView=62057,nodeIdx=3,changeCycle=0,myNode=de0436d1...,timecost=0.551
info|2019-11-13 00:24:48.203225|[g:1][CONSENSUS][PBFT]checkAndChangeView: Reach consensus,org_view=62056,org_changeCycle=0,cur_changeCycle=0,to_view=62057
info|2019-11-13 00:24:49.203500|[g:1][CONSENSUS]addRawPrepare,height=1,reqIdx=1,hash=dd15b6ba...
info|2019-11-13 00:24:49.204223|[g:1][CONSENSUS][PBFT]checkTimeout Succ,view=62057,toView=62058,nodeIdx=3,changeCycle=0,myNode=de0436d1...,timecost=0.589
info|2019-11-13 00:24:49.205564|[g:1][CONSENSUS][PBFT]checkAndChangeView: Reach consensus,org_view=62057,org_changeCycle=0,cur_changeCycle=0,to_view=62058
info|2019-11-13 00:24:50.207662|[g:1][CONSENSUS]addRawPrepare,height=1,reqIdx=2,hash=e53a8c5c...
info|2019-11-13 00:24:50.208321|[g:1][CONSENSUS][PBFT]checkTimeout Succ,view=62058,toView=62059,nodeIdx=3,changeCycle=0,myNode=de0436d1...,timecost=0.523
info|2019-11-13 00:24:50.209912|[g:1][CONSENSUS][PBFT]checkAndChangeView: Reach consensus,org_view=62058,org_changeCycle=0,cur_changeCycle=0,to_view=62059
info|2019-11-13 00:24:51.028596|[P2P][Service] heartBeat,connected count=3
info|2019-11-13 00:24:51.210303|[g:1][CONSENSUS][SEALER]++++++++++++++++ Generating seal on,blkNum=1,tx=0,nodeIdx=3,hash=08fc089a...
info|2019-11-13 00:24:51.213266|[g:1][CONSENSUS][PBFT]checkTimeout Succ,view=62059,toView=62060,nodeIdx=3,changeCycle=0,myNode=de0436d1...,timecost=0.524
info|2019-11-13 00:24:51.214718|[g:1][CONSENSUS][PBFT]checkAndChangeView: Reach consensus,org_view=62059,org_changeCycle=0,cur_changeCycle=0,to_view=62060
