info|2019-11-12 12:07:46.007562|[P2P][Service] heartBeat,connected count=3
warning|2019-11-12 12:07:46.011131|[g:1][CONSENSUS][PBFT]ViewChangeWarning: not caused by omit empty block ,v=31134,toV=31135,curNum=0,hash=f72cae63...,nodeIdx=3,myNode=de0436d1...
info|2019-11-12 12:07:46.011316|[g:1][CONSENSUS][PBFT]checkTimeout Succ,view=31134,toView=31135,nodeIdx=3,changeCycle=1,myNode=de0436d1...,timecost=0.669
info|2019-11-12 12:07:46.022921|[g:1][CONSENSUS][PBFT]checkAndChangeView: Reach consensus,org_view=31134,org_changeCycle=1,cur_changeCycle=1,to_view=31135
info|2019-11-12 12:07:47.022507|[g:1][CONSENSUS][SEALER]++++++++++++++++ Generating seal on,blkNum=1,tx=0,nodeIdx=3,hash=5db17950...
info|2019-11-12 12:07:47.024410|[g:1][CONSENSUS][PBFT]checkTimeout Succ,view=31135,toView=31136,nodeIdx=3,changeCycle=0,myNode=de0436d1...,timecost=0.427
info|2019-11-12 12:07:47.025506|[g:1][CONSENSUS][PBFT]checkAndChangeView: Reach consensus,org_view=31135,org_changeCycle=0,cur_changeCycle=0,to_view=31136
info|2019-11-12 12:07:48.026060|[g:1][CONSENSUS]addRawPrepare,height=1,reqIdx=0,hash=62c8a2e1...
info|2019-11-12 12:07:48.026555|[g:1][CONSENSUS][PBFT]checkTimeout Succ,view=31136,toView=31137,nodeIdx=3,changeCycle=0,myNode=de0436d1...,timecost=0.404
info|2019-11-12 12:07:48.027675|[g:1][CONSENSUS][PBFT]checkAndChangeView: Reach consensus,org_view=31136,org_changeCycle=0,cur_changeCycle=0,to_view=31137
info|2019-11-12 12:07:49.028587|[g:1][CONSENSUS]addRawPrepare,height=1,reqIdx=1,hash=8476b0f3...
info|2019-11-12 12:07:49.029046|[g:1][CONSENSUS][PBFT]checkTimeout Succ,view=31137,toView=31138,nodeIdx=3,changeCycle=0,myNode=de0436d1...,timecost=0.341
info|2019-11-12 12:07:49.030275|[g:1][CONSENSUS][PBFT]checkAndChangeView: Reach consensus,org_view=31137,org_changeCycle=0,cur_changeCycle=0,to_view=31138
info|2019-11-12 12:07:50.031418|[g:1][CONSENSUS]addRawPrepare,height=1,reqIdx=2,hash=ca4d5b37...
info|2019-11-12 12:07:50.032074|[g:1][CONSENSUS][PBFT]checkTimeout Succ,view=31138,toView=31139,nodeIdx=3,changeCycle=0,myNode=de0436d1...,timecost=0.482
info|2019-11-12 12:07:50.033695|[g:1][CONSENSUS][PBFT]checkAndChangeView: Reach consensus,org_view=31138,org_changeCycle=0,cur_changeCycle=0,to_view=31139
info|2019-11-12 12:07:51.033564|[g:1][CONSENSUS][SEALER]++++++++++++++++ Generating seal on,blkNum=1,tx=0,nodeIdx=3,hash=4cb6fcb9...
info|2019-11-12 12:07:51.034460|[g:1][CONSENSUS][PBFT]checkTimeout Succ,view=31139,toView=31140,nodeIdx=3,changeCycle=0,myNode=de0436d1...,timecost=0.441
info|2019-11-12 12:07:51.037305|[g:1][CONSENSUS][PBFT]checkAndChangeView: Reach consensus,org_view=31139,org_changeCycle=0,cur_changeCycle=0,to_view=31140
info|2019-11-12 12:07:52.040181|[g:1][CONSENSUS]addRawPrepare,height=1,reqIdx=0,hash=74eb103f...
info|2019-11-12 12:07:52.040935|[g:1][CONSENSUS][PBFT]checkTimeout Succ,view=31140,toView=31141,nodeIdx=3,changeCycle=0,myNode=de0436d1...,timecost=0.572
info|2019-11-12 12:07:52.042293|[g:1][CONSENSUS][PBFT]checkAndChangeView: Reach consensus,org_view=31140,org_changeCycle=0,cur_changeCycle=0,to_view=31141
info|2019-11-12 12:07:53.044348|[g:1][CONSENSUS]addRawPrepare,height=1,reqIdx=1,hash=d76843b9...
info|2019-11-12 12:07:53.044980|[g:1][CONSENSUS][PBFT]checkTimeout Succ,view=31141,toView=31142,nodeIdx=3,changeCycle=0,myNode=de0436d1...,timecost=0.499
info|2019-11-12 12:07:53.046622|[g:1][CONSENSUS][PBFT]checkAndChangeView: Reach consensus,org_view=31141,org_changeCycle=0,cur_changeCycle=0,to_view=31142
info|2019-11-12 12:07:54.047399|[g:1][CONSENSUS]addRawPrepare,height=1,reqIdx=2,hash=078b1ad7...
info|2019-11-12 12:07:54.048080|[g:1][CONSENSUS][PBFT]checkTimeout Succ,view=31142,toView=31143,nodeIdx=3,changeCycle=0,myNode=de0436d1...,timecost=0.55
info|2019-11-12 12:07:54.049770|[g:1][CONSENSUS][PBFT]checkAndChangeView: Reach consensus,org_view=31142,org_changeCycle=0,cur_changeCycle=0,to_view=31143
info|2019-11-12 12:07:55.050374|[g:1][CONSENSUS][SEALER]++++++++++++++++ Generating seal on,blkNum=1,tx=0,nodeIdx=3,hash=13ad520d...
info|2019-11-12 12:07:55.050996|[g:1][CONSENSUS][PBFT]checkTimeout Succ,view=31143,toView=31144,nodeIdx=3,changeCycle=0,myNode=de0436d1...,timecost=0.304
info|2019-11-12 12:07:55.053092|[g:1][CONSENSUS][PBFT]checkAndChangeView: Reach consensus,org_view=31143,org_changeCycle=0,cur_changeCycle=0,to_view=31144
info|2019-11-12 12:07:56.015667|[P2P][Service] heartBeat,connected count=3
info|2019-11-12 12:07:56.054753|[g:1][CONSENSUS]addRawPrepare,height=1,reqIdx=0,hash=9958150f...
info|2019-11-12 12:07:56.055881|[g:1][CONSENSUS][PBFT]checkTimeout Succ,view=31144,toView=31145,nodeIdx=3,changeCycle=0,myNode=de0436d1...,timecost=1.026
info|2019-11-12 12:07:56.057016|[g:1][CONSENSUS][PBFT]checkAndChangeView: Reach consensus,org_view=31144,org_changeCycle=0,cur_changeCycle=0,to_view=31145
info|2019-11-12 12:07:57.058907|[g:1][CONSENSUS]addRawPrepare,height=1,reqIdx=1,hash=e3987f82...
info|2019-11-12 12:07:57.059478|[g:1][CONSENSUS][PBFT]checkTimeout Succ,view=31145,toView=31146,nodeIdx=3,changeCycle=0,myNode=de0436d1...,timecost=0.429
info|2019-11-12 12:07:57.060954|[g:1][CONSENSUS][PBFT]checkAndChangeView: Reach consensus,org_view=31145,org_changeCycle=0,cur_changeCycle=0,to_view=31146
info|2019-11-12 12:07:58.062973|[g:1][CONSENSUS]addRawPrepare,height=1,reqIdx=2,hash=dd84ceae...
info|2019-11-12 12:07:58.063614|[g:1][CONSENSUS][PBFT]checkTimeout Succ,view=31146,toView=31147,nodeIdx=3,changeCycle=0,myNode=de0436d1...,timecost=0.466
info|2019-11-12 12:07:58.065064|[g:1][CONSENSUS][PBFT]checkAndChangeView: Reach consensus,org_view=31146,org_changeCycle=0,cur_changeCycle=0,to_view=31147
info|2019-11-12 12:07:59.065666|[g:1][CONSENSUS][SEALER]++++++++++++++++ Generating seal on,blkNum=1,tx=0,nodeIdx=3,hash=170edc92...
info|2019-11-12 12:07:59.068695|[g:1][CONSENSUS][PBFT]checkTimeout Succ,view=31147,toView=31148,nodeIdx=3,changeCycle=0,myNode=de0436d1...,timecost=0.461
info|2019-11-12 12:07:59.069454|[g:1][CONSENSUS][PBFT]checkAndChangeView: Reach consensus,org_view=31147,org_changeCycle=0,cur_changeCycle=0,to_view=31148
info|2019-11-12 12:08:00.071748|[g:1][CONSENSUS]addRawPrepare,height=1,reqIdx=0,hash=a5a530b9...
info|2019-11-12 12:08:00.072402|[g:1][CONSENSUS][PBFT]checkTimeout Succ,view=31148,toView=31149,nodeIdx=3,changeCycle=0,myNode=de0436d1...,timecost=0.486
info|2019-11-12 12:08:00.074038|[g:1][CONSENSUS][PBFT]checkAndChangeView: Reach consensus,org_view=31148,org_changeCycle=0,cur_changeCycle=0,to_view=31149
info|2019-11-12 12:08:01.077147|[g:1][CONSENSUS]addRawPrepare,height=1,reqIdx=1,hash=f4bec933...
info|2019-11-12 12:08:01.077768|[g:1][CONSENSUS][PBFT]checkTimeout Succ,view=31149,toView=31150,nodeIdx=3,changeCycle=0,myNode=de0436d1...,timecost=0.493
info|2019-11-12 12:08:01.079369|[g:1][CONSENSUS][PBFT]checkAndChangeView: Reach consensus,org_view=31149,org_changeCycle=0,cur_changeCycle=0,to_view=31150
info|2019-11-12 12:08:02.080706|[g:1][CONSENSUS]addRawPrepare,height=1,reqIdx=2,hash=33b083fe...
info|2019-11-12 12:08:02.081251|[g:1][CONSENSUS][PBFT]checkTimeout Succ,view=31150,toView=31151,nodeIdx=3,changeCycle=0,myNode=de0436d1...,timecost=0.415
info|2019-11-12 12:08:02.082660|[g:1][CONSENSUS][PBFT]checkAndChangeView: Reach consensus,org_view=31150,org_changeCycle=0,cur_changeCycle=0,to_view=31151
info|2019-11-12 12:08:03.082526|[g:1][CONSENSUS][SEALER]++++++++++++++++ Generating seal on,blkNum=1,tx=0,nodeIdx=3,hash=d128fa44...
info|2019-11-12 12:08:03.083465|[g:1][CONSENSUS][PBFT]checkTimeout Succ,view=31151,toView=31152,nodeIdx=3,changeCycle=0,myNode=de0436d1...,timecost=0.37
info|2019-11-12 12:08:03.086008|[g:1][CONSENSUS][PBFT]checkAndChangeView: Reach consensus,org_view=31151,org_changeCycle=0,cur_changeCycle=0,to_view=31152
info|2019-11-12 12:08:04.087771|[g:1][CONSENSUS]addRawPrepare,height=1,reqIdx=0,hash=309d5bff...
info|2019-11-12 12:08:04.088555|[g:1][CONSENSUS][PBFT]checkTimeout Succ,view=31152,toView=31153,nodeIdx=3,changeCycle=0,myNode=de0436d1...,timecost=0.577
info|2019-11-12 12:08:04.090052|[g:1][CONSENSUS][PBFT]checkAndChangeView: Reach consensus,org_view=31152,org_changeCycle=0,cur_changeCycle=0,to_view=31153
info|2019-11-12 12:08:05.092009|[g:1][CONSENSUS]addRawPrepare,height=1,reqIdx=1,hash=97dfd31f...
info|2019-11-12 12:08:05.092595|[g:1][CONSENSUS][PBFT]checkTimeout Succ,view=31153,toView=31154,nodeIdx=3,changeCycle=0,myNode=de0436d1...,timecost=0.455
info|2019-11-12 12:08:05.094333|[g:1][CONSENSUS][PBFT]checkAndChangeView: Reach consensus,org_view=31153,org_changeCycle=0,cur_changeCycle=0,to_view=31154
info|2019-11-12 12:08:06.019561|[P2P][Service] heartBeat,connected count=3
info|2019-11-12 12:08:06.095908|[g:1][CONSENSUS]addRawPrepare,height=1,reqIdx=2,hash=dc80f6cb...
info|2019-11-12 12:08:06.096679|[g:1][CONSENSUS][PBFT]checkTimeout Succ,view=31154,toView=31155,nodeIdx=3,changeCycle=0,myNode=de0436d1...,timecost=0.62
info|2019-11-12 12:08:06.098426|[g:1][CONSENSUS][PBFT]checkAndChangeView: Reach consensus,org_view=31154,org_changeCycle=0,cur_changeCycle=0,to_view=31155
info|2019-11-12 12:08:07.098303|[g:1][CONSENSUS][SEALER]++++++++++++++++ Generating seal on,blkNum=1,tx=0,nodeIdx=3,hash=a4405f1a...
info|2019-11-12 12:08:07.099289|[g:1][CONSENSUS][PBFT]checkTimeout Succ,view=31155,toView=31156,nodeIdx=3,changeCycle=0,myNode=de0436d1...,timecost=0.492
info|2019-11-12 12:08:07.101791|[g:1][CONSENSUS][PBFT]checkAndChangeView: Reach consensus,org_view=31155,org_changeCycle=0,cur_changeCycle=0,to_view=31156
info|2019-11-12 12:08:08.102773|[g:1][CONSENSUS]addRawPrepare,height=1,reqIdx=0,hash=fd2da467...
info|2019-11-12 12:08:08.103431|[g:1][CONSENSUS][PBFT]checkTimeout Succ,view=31156,toView=31157,nodeIdx=3,changeCycle=0,myNode=de0436d1...,timecost=0.449
info|2019-11-12 12:08:08.104633|[g:1][CONSENSUS][PBFT]checkAndChangeView: Reach consensus,org_view=31156,org_changeCycle=0,cur_changeCycle=0,to_view=31157
info|2019-11-12 12:08:09.105175|[g:1][CONSENSUS]addRawPrepare,height=1,reqIdx=1,hash=1aa01fdd...
info|2019-11-12 12:08:09.105655|[g:1][CONSENSUS][PBFT]checkTimeout Succ,view=31157,toView=31158,nodeIdx=3,changeCycle=0,myNode=de0436d1...,timecost=0.38
info|2019-11-12 12:08:09.107166|[g:1][CONSENSUS][PBFT]checkAndChangeView: Reach consensus,org_view=31157,org_changeCycle=0,cur_changeCycle=0,to_view=31158
info|2019-11-12 12:08:10.108092|[g:1][CONSENSUS]addRawPrepare,height=1,reqIdx=2,hash=4c4aecc4...
info|2019-11-12 12:08:10.108694|[g:1][CONSENSUS][PBFT]checkTimeout Succ,view=31158,toView=31159,nodeIdx=3,changeCycle=0,myNode=de0436d1...,timecost=0.469
info|2019-11-12 12:08:10.110198|[g:1][CONSENSUS][PBFT]checkAndChangeView: Reach consensus,org_view=31158,org_changeCycle=0,cur_changeCycle=0,to_view=31159
info|2019-11-12 12:08:11.111679|[g:1][CONSENSUS][SEALER]++++++++++++++++ Generating seal on,blkNum=1,tx=0,nodeIdx=3,hash=550b9047...
info|2019-11-12 12:08:11.115542|[g:1][CONSENSUS][PBFT]checkTimeout Succ,view=31159,toView=31160,nodeIdx=3,changeCycle=0,myNode=de0436d1...,timecost=0.593
info|2019-11-12 12:08:11.116267|[g:1][CONSENSUS][PBFT]checkAndChangeView: Reach consensus,org_view=31159,org_changeCycle=0,cur_changeCycle=0,to_view=31160
info|2019-11-12 12:08:12.118786|[g:1][CONSENSUS]addRawPrepare,height=1,reqIdx=0,hash=038111d7...
info|2019-11-12 12:08:12.119446|[g:1][CONSENSUS][PBFT]checkTimeout Succ,view=31160,toView=31161,nodeIdx=3,changeCycle=0,myNode=de0436d1...,timecost=0.519
info|2019-11-12 12:08:12.120907|[g:1][CONSENSUS][PBFT]checkAndChangeView: Reach consensus,org_view=31160,org_changeCycle=0,cur_changeCycle=0,to_view=31161
info|2019-11-12 12:08:13.121211|[g:1][CONSENSUS]addRawPrepare,height=1,reqIdx=1,hash=15f5861f...
info|2019-11-12 12:08:13.121733|[g:1][CONSENSUS][PBFT]checkTimeout Succ,view=31161,toView=31162,nodeIdx=3,changeCycle=0,myNode=de0436d1...,timecost=0.307
info|2019-11-12 12:08:13.122688|[g:1][CONSENSUS][PBFT]checkAndChangeView: Reach consensus,org_view=31161,org_changeCycle=0,cur_changeCycle=0,to_view=31162
info|2019-11-12 12:08:14.123659|[g:1][CONSENSUS]addRawPrepare,height=1,reqIdx=2,hash=402e2679...
info|2019-11-12 12:08:14.124151|[g:1][CONSENSUS][PBFT]checkTimeout Succ,view=31162,toView=31163,nodeIdx=3,changeCycle=0,myNode=de0436d1...,timecost=0.353
info|2019-11-12 12:08:14.125395|[g:1][CONSENSUS][PBFT]checkAndChangeView: Reach consensus,org_view=31162,org_changeCycle=0,cur_changeCycle=0,to_view=31163
info|2019-11-12 12:08:15.126320|[g:1][CONSENSUS][SEALER]++++++++++++++++ Generating seal on,blkNum=1,tx=0,nodeIdx=3,hash=696ed390...
info|2019-11-12 12:08:15.127324|[g:1][CONSENSUS][PBFT]checkTimeout Succ,view=31163,toView=31164,nodeIdx=3,changeCycle=0,myNode=de0436d1...,timecost=0.51
info|2019-11-12 12:08:15.130052|[g:1][CONSENSUS][PBFT]checkAndChangeView: Reach consensus,org_view=31163,org_changeCycle=0,cur_changeCycle=0,to_view=31164
info|2019-11-12 12:08:16.026612|[P2P][Service] heartBeat,connected count=3
info|2019-11-12 12:08:16.131678|[g:1][CONSENSUS]addRawPrepare,height=1,reqIdx=0,hash=9b14fb66...
info|2019-11-12 12:08:16.132478|[g:1][CONSENSUS][PBFT]checkTimeout Succ,view=31164,toView=31165,nodeIdx=3,changeCycle=0,myNode=de0436d1...,timecost=0.618
info|2019-11-12 12:08:16.134542|[g:1][CONSENSUS][PBFT]checkAndChangeView: Reach consensus,org_view=31164,org_changeCycle=0,cur_changeCycle=0,to_view=31165
