warning|2019-11-14 09:37:19.004886|[g:1][CONSENSUS][PBFT]ViewChangeWarning: not caused by omit empty block ,v=98664,toV=98665,curNum=0,hash=f72cae63...,nodeIdx=3,myNode=de0436d1...
info|2019-11-14 09:37:19.008444|[g:1][CONSENSUS][PBFT]checkTimeout Succ,view=98664,toView=98665,nodeIdx=3,changeCycle=1,myNode=de0436d1...,timecost=6.086
info|2019-11-14 09:37:19.009071|[P2P][Service] heartBeat,connected count=3
info|2019-11-14 09:37:19.012317|[g:1][CONSENSUS][PBFT]checkAndChangeView: Reach consensus,org_view=98664,org_changeCycle=1,cur_changeCycle=1,to_view=98665
info|2019-11-14 09:37:20.012332|[g:1][CONSENSUS]addRawPrepare,height=1,reqIdx=1,hash=eb45de6c...
info|2019-11-14 09:37:20.012774|[g:1][CONSENSUS][PBFT]checkTimeout Succ,view=98665,toView=98666,nodeIdx=3,changeCycle=0,myNode=de0436d1...,timecost=0.322
info|2019-11-14 09:37:20.014235|[g:1][CONSENSUS][PBFT]checkAndChangeView: Reach consensus,org_view=98665,org_changeCycle=0,cur_changeCycle=0,to_view=98666
info|2019-11-14 09:37:21.016385|[g:1][CONSENSUS]addRawPrepare,height=1,reqIdx=2,hash=8ebdd676...
info|2019-11-14 09:37:21.017145|[g:1][CONSENSUS][PBFT]checkTimeout Succ,view=98666,toView=98667,nodeIdx=3,changeCycle=0,myNode=de0436d1...,timecost=0.583
info|2019-11-14 09:37:21.018671|[g:1][CONSENSUS][PBFT]checkAndChangeView: Reach consensus,org_view=98666,org_changeCycle=0,cur_changeCycle=0,to_view=98667
info|2019-11-14 09:37:22.018991|[g:1][CONSENSUS][SEALER]++++++++++++++++ Generating seal on,blkNum=1,tx=0,nodeIdx=3,hash=50f27387...
info|2019-11-14 09:37:22.021770|[g:1][CONSENSUS][PBFT]checkTimeout Succ,view=98667,toView=98668,nodeIdx=3,changeCycle=0,myNode=de0436d1...,timecost=0.429
info|2019-11-14 09:37:22.022428|[g:1][CONSENSUS][PBFT]checkAndChangeView: Reach consensus,org_view=98667,org_changeCycle=0,cur_changeCycle=0,to_view=98668
info|2019-11-14 09:37:23.023409|[g:1][CONSENSUS]addRawPrepare,height=1,reqIdx=0,hash=d01c0342...
info|2019-11-14 09:37:23.024020|[g:1][CONSENSUS][PBFT]checkTimeout Succ,view=98668,toView=98669,nodeIdx=3,changeCycle=0,myNode=de0436d1...,timecost=0.451
info|2019-11-14 09:37:23.025542|[g:1][CONSENSUS][PBFT]checkAndChangeView: Reach consensus,org_view=98668,org_changeCycle=0,cur_changeCycle=0,to_view=98669
info|2019-11-14 09:37:24.027700|[g:1][CONSENSUS]addRawPrepare,height=1,reqIdx=1,hash=281d38e6...
info|2019-11-14 09:37:24.028867|[g:1][CONSENSUS][PBFT]checkTimeout Succ,view=98669,toView=98670,nodeIdx=3,changeCycle=0,myNode=de0436d1...,timecost=0.951
info|2019-11-14 09:37:24.030218|[g:1][CONSENSUS][PBFT]checkAndChangeView: Reach consensus,org_view=98669,org_changeCycle=0,cur_changeCycle=0,to_view=98670
info|2019-11-14 09:37:25.032280|[g:1][CONSENSUS]addRawPrepare,height=1,reqIdx=2,hash=7593d584...
info|2019-11-14 09:37:25.032952|[g:1][CONSENSUS][PBFT]checkTimeout Succ,view=98670,toView=98671,nodeIdx=3,changeCycle=0,myNode=de0436d1...,timecost=0.546
info|2019-11-14 09:37:25.034323|[g:1][CONSENSUS][PBFT]checkAndChangeView: Reach consensus,org_view=98670,org_changeCycle=0,cur_changeCycle=0,to_view=98671
info|2019-11-14 09:37:26.034698|[g:1][CONSENSUS][SEALER]++++++++++++++++ Generating seal on,blkNum=1,tx=0,nodeIdx=3,hash=52b8c931...
info|2019-11-14 09:37:26.035766|[g:1][CONSENSUS][PBFT]checkTimeout Succ,view=98671,toView=98672,nodeIdx=3,changeCycle=0,myNode=de0436d1...,timecost=0.53
info|2019-11-14 09:37:26.038195|[g:1][CONSENSUS][PBFT]checkAndChangeView: Reach consensus,org_view=98671,org_changeCycle=0,cur_changeCycle=0,to_view=98672
info|2019-11-14 09:37:27.040606|[g:1][CONSENSUS]addRawPrepare,height=1,reqIdx=0,hash=24d555bb...
info|2019-11-14 09:37:27.041206|[g:1][CONSENSUS][PBFT]checkTimeout Succ,view=98672,toView=98673,nodeIdx=3,changeCycle=0,myNode=de0436d1...,timecost=0.454
info|2019-11-14 09:37:27.042915|[g:1][CONSENSUS][PBFT]checkAndChangeView: Reach consensus,org_view=98672,org_changeCycle=0,cur_changeCycle=0,to_view=98673
info|2019-11-14 09:37:28.043654|[g:1][CONSENSUS]addRawPrepare,height=1,reqIdx=1,hash=3d18956f...
info|2019-11-14 09:37:28.044300|[g:1][CONSENSUS][PBFT]checkTimeout Succ,view=98673,toView=98674,nodeIdx=3,changeCycle=0,myNode=de0436d1...,timecost=0.481
info|2019-11-14 09:37:28.045790|[g:1][CONSENSUS][PBFT]checkAndChangeView: Reach consensus,org_view=98673,org_changeCycle=0,cur_changeCycle=0,to_view=98674
info|2019-11-14 09:37:29.014560|[P2P][Service] heartBeat,connected count=3
info|2019-11-14 09:37:29.048126|[g:1][CONSENSUS]addRawPrepare,height=1,reqIdx=2,hash=e4fdb48c...
info|2019-11-14 09:37:29.048889|[g:1][CONSENSUS][PBFT]checkTimeout Succ,view=98674,toView=98675,nodeIdx=3,changeCycle=0,myNode=de0436d1...,timecost=0.621
info|2019-11-14 09:37:29.050143|[g:1][CONSENSUS][PBFT]checkAndChangeView: Reach consensus,org_view=98674,org_changeCycle=0,cur_changeCycle=0,to_view=98675
info|2019-11-14 09:37:30.050847|[g:1][CONSENSUS][SEALER]++++++++++++++++ Generating seal on,blkNum=1,tx=0,nodeIdx=3,hash=3295a9b3...
info|2019-11-14 09:37:30.054225|[g:1][CONSENSUS][PBFT]checkTimeout Succ,view=98675,toView=98676,nodeIdx=3,changeCycle=0,myNode=de0436d1...,timecost=0.493
info|2019-11-14 09:37:30.054930|[g:1][CONSENSUS][PBFT]checkAndChangeView: Reach consensus,org_view=98675,org_changeCycle=0,cur_changeCycle=0,to_view=98676
info|2019-11-14 09:37:31.055762|[g:1][CONSENSUS]addRawPrepare,height=1,reqIdx=0,hash=11cfd4bb...
info|2019-11-14 09:37:31.056445|[g:1][CONSENSUS][PBFT]checkTimeout Succ,view=98676,toView=98677,nodeIdx=3,changeCycle=0,myNode=de0436d1...,timecost=0.525
info|2019-11-14 09:37:31.058324|[g:1][CONSENSUS][PBFT]checkAndChangeView: Reach consensus,org_view=98676,org_changeCycle=0,cur_changeCycle=0,to_view=98677
info|2019-11-14 09:37:32.058858|[g:1][CONSENSUS]addRawPrepare,height=1,reqIdx=1,hash=e5dc8afb...
info|2019-11-14 09:37:32.059595|[g:1][CONSENSUS][PBFT]checkTimeout Succ,view=98677,toView=98678,nodeIdx=3,changeCycle=0,myNode=de0436d1...,timecost=0.573
info|2019-11-14 09:37:32.061219|[g:1][CONSENSUS][PBFT]checkAndChangeView: Reach consensus,org_view=98677,org_changeCycle=0,cur_changeCycle=0,to_view=98678
info|2019-11-14 09:37:33.062614|[g:1][CONSENSUS]addRawPrepare,height=1,reqIdx=2,hash=d99c5772...
info|2019-11-14 09:37:33.063385|[g:1][CONSENSUS][PBFT]checkTimeout Succ,view=98678,toView=98679,nodeIdx=3,changeCycle=0,myNode=de0436d1...,timecost=0.618
info|2019-11-14 09:37:33.065353|[g:1][CONSENSUS][PBFT]checkAndChangeView: Reach consensus,org_view=98678,org_changeCycle=0,cur_changeCycle=0,to_view=98679
info|2019-11-14 09:37:34.065576|[g:1][CONSENSUS][SEALER]++++++++++++++++ Generating seal on,blkNum=1,tx=0,nodeIdx=3,hash=5df92d7f...
info|2019-11-14 09:37:34.066618|[g:1][CONSENSUS][PBFT]checkTimeout Succ,view=98679,toView=98680,nodeIdx=3,changeCycle=0,myNode=de0436d1...,timecost=0.586
info|2019-11-14 09:37:34.069415|[g:1][CONSENSUS][PBFT]checkAndChangeView: Reach consensus,org_view=98679,org_changeCycle=0,cur_changeCycle=0,to_view=98680
info|2019-11-14 09:37:35.070955|[g:1][CONSENSUS]addRawPrepare,height=1,reqIdx=0,hash=db9a2ebe...
info|2019-11-14 09:37:35.071611|[g:1][CONSENSUS][PBFT]checkTimeout Succ,view=98680,toView=98681,nodeIdx=3,changeCycle=0,myNode=de0436d1...,timecost=0.468
info|2019-11-14 09:37:35.073090|[g:1][CONSENSUS][PBFT]checkAndChangeView: Reach consensus,org_view=98680,org_changeCycle=0,cur_changeCycle=0,to_view=98681
info|2019-11-14 09:37:36.075846|[g:1][CONSENSUS]addRawPrepare,height=1,reqIdx=1,hash=101af8ec...
info|2019-11-14 09:37:36.076539|[g:1][CONSENSUS][PBFT]checkTimeout Succ,view=98681,toView=98682,nodeIdx=3,changeCycle=0,myNode=de0436d1...,timecost=0.533
info|2019-11-14 09:37:36.078030|[g:1][CONSENSUS][PBFT]checkAndChangeView: Reach consensus,org_view=98681,org_changeCycle=0,cur_changeCycle=0,to_view=98682
info|2019-11-14 09:37:37.081025|[g:1][CONSENSUS]addRawPrepare,height=1,reqIdx=2,hash=a4c90628...
info|2019-11-14 09:37:37.081644|[g:1][CONSENSUS][PBFT]checkTimeout Succ,view=98682,toView=98683,nodeIdx=3,changeCycle=0,myNode=de0436d1...,timecost=0.482
info|2019-11-14 09:37:37.083096|[g:1][CONSENSUS][PBFT]checkAndChangeView: Reach consensus,org_view=98682,org_changeCycle=0,cur_changeCycle=0,to_view=98683
info|2019-11-14 09:37:38.083303|[g:1][CONSENSUS][SEALER]++++++++++++++++ Generating seal on,blkNum=1,tx=0,nodeIdx=3,hash=e203fbd6...
info|2019-11-14 09:37:38.086556|[g:1][CONSENSUS][PBFT]checkTimeout Succ,view=98683,toView=98684,nodeIdx=3,changeCycle=0,myNode=de0436d1...,timecost=0.463
info|2019-11-14 09:37:38.087304|[g:1][CONSENSUS][PBFT]checkAndChangeView: Reach consensus,org_view=98683,org_changeCycle=0,cur_changeCycle=0,to_view=98684
info|2019-11-14 09:37:39.015998|[P2P][Service] heartBeat,connected count=3
info|2019-11-14 09:37:39.088030|[g:1][CONSENSUS]addRawPrepare,height=1,reqIdx=0,hash=0459e6b0...
info|2019-11-14 09:37:39.089113|[g:1][CONSENSUS][PBFT]checkTimeout Succ,view=98684,toView=98685,nodeIdx=3,changeCycle=0,myNode=de0436d1...,timecost=0.948
info|2019-11-14 09:37:39.090711|[g:1][CONSENSUS][PBFT]checkAndChangeView: Reach consensus,org_view=98684,org_changeCycle=0,cur_changeCycle=0,to_view=98685
info|2019-11-14 09:37:40.092551|[g:1][CONSENSUS]addRawPrepare,height=1,reqIdx=1,hash=168fd380...
info|2019-11-14 09:37:40.093232|[g:1][CONSENSUS][PBFT]checkTimeout Succ,view=98685,toView=98686,nodeIdx=3,changeCycle=0,myNode=de0436d1...,timecost=0.545
info|2019-11-14 09:37:40.094615|[g:1][CONSENSUS][PBFT]checkAndChangeView: Reach consensus,org_view=98685,org_changeCycle=0,cur_changeCycle=0,to_view=98686
info|2019-11-14 09:37:41.097342|[g:1][CONSENSUS]addRawPrepare,height=1,reqIdx=2,hash=974053e4...
info|2019-11-14 09:37:41.098035|[g:1][CONSENSUS][PBFT]checkTimeout Succ,view=98686,toView=98687,nodeIdx=3,changeCycle=0,myNode=de0436d1...,timecost=0.557
info|2019-11-14 09:37:41.099866|[g:1][CONSENSUS][PBFT]checkAndChangeView: Reach consensus,org_view=98686,org_changeCycle=0,cur_changeCycle=0,to_view=98687
info|2019-11-14 09:37:42.099832|[g:1][CONSENSUS][SEALER]++++++++++++++++ Generating seal on,blkNum=1,tx=0,nodeIdx=3,hash=7788d549...
info|2019-11-14 09:37:42.103152|[g:1][CONSENSUS][PBFT]checkTimeout Succ,view=98687,toView=98688,nodeIdx=3,changeCycle=0,myNode=de0436d1...,timecost=0.512
info|2019-11-14 09:37:42.103971|[g:1][CONSENSUS][PBFT]checkAndChangeView: Reach consensus,org_view=98687,org_changeCycle=0,cur_changeCycle=0,to_view=98688
info|2019-11-14 09:37:43.105824|[g:1][CONSENSUS]addRawPrepare,height=1,reqIdx=0,hash=fec3d179...
info|2019-11-14 09:37:43.106510|[g:1][CONSENSUS][PBFT]checkTimeout Succ,view=98688,toView=98689,nodeIdx=3,changeCycle=0,myNode=de0436d1...,timecost=0.502
info|2019-11-14 09:37:43.108270|[g:1][CONSENSUS][PBFT]checkAndChangeView: Reach consensus,org_view=98688,org_changeCycle=0,cur_changeCycle=0,to_view=98689
info|2019-11-14 09:37:44.109154|[g:1][CONSENSUS]addRawPrepare,height=1,reqIdx=1,hash=3d15bcc4...
info|2019-11-14 09:37:44.110099|[g:1][CONSENSUS][PBFT]checkTimeout Succ,view=98689,toView=98690,nodeIdx=3,changeCycle=0,myNode=de0436d1...,timecost=0.813
info|2019-11-14 09:37:44.111976|[g:1][CONSENSUS][PBFT]checkAndChangeView: Reach consensus,org_view=98689,org_changeCycle=0,cur_changeCycle=0,to_view=98690
info|2019-11-14 09:37:45.113929|[g:1][CONSENSUS]addRawPrepare,height=1,reqIdx=2,hash=01cb260f...
info|2019-11-14 09:37:45.114595|[g:1][CONSENSUS][PBFT]checkTimeout Succ,view=98690,toView=98691,nodeIdx=3,changeCycle=0,myNode=de0436d1...,timecost=0.535
info|2019-11-14 09:37:45.116060|[g:1][CONSENSUS][PBFT]checkAndChangeView: Reach consensus,org_view=98690,org_changeCycle=0,cur_changeCycle=0,to_view=98691
info|2019-11-14 09:37:46.116201|[g:1][CONSENSUS][SEALER]++++++++++++++++ Generating seal on,blkNum=1,tx=0,nodeIdx=3,hash=a700a172...
info|2019-11-14 09:37:46.119589|[g:1][CONSENSUS][PBFT]checkTimeout Succ,view=98691,toView=98692,nodeIdx=3,changeCycle=0,myNode=de0436d1...,timecost=0.541
info|2019-11-14 09:37:46.120325|[g:1][CONSENSUS][PBFT]checkAndChangeView: Reach consensus,org_view=98691,org_changeCycle=0,cur_changeCycle=0,to_view=98692
info|2019-11-14 09:37:47.120654|[g:1][CONSENSUS]addRawPrepare,height=1,reqIdx=0,hash=d0bbcf38...
info|2019-11-14 09:37:47.121464|[g:1][CONSENSUS][PBFT]checkTimeout Succ,view=98692,toView=98693,nodeIdx=3,changeCycle=0,myNode=de0436d1...,timecost=0.616
info|2019-11-14 09:37:47.122800|[g:1][CONSENSUS][PBFT]checkAndChangeView: Reach consensus,org_view=98692,org_changeCycle=0,cur_changeCycle=0,to_view=98693
info|2019-11-14 09:37:48.125807|[g:1][CONSENSUS]addRawPrepare,height=1,reqIdx=1,hash=ee3749ea...
info|2019-11-14 09:37:48.126432|[g:1][CONSENSUS][PBFT]checkTimeout Succ,view=98693,toView=98694,nodeIdx=3,changeCycle=0,myNode=de0436d1...,timecost=0.494
info|2019-11-14 09:37:48.127884|[g:1][CONSENSUS][PBFT]checkAndChangeView: Reach consensus,org_view=98693,org_changeCycle=0,cur_changeCycle=0,to_view=98694
info|2019-11-14 09:37:49.023216|[P2P][Service] heartBeat,connected count=3
info|2019-11-14 09:37:49.129827|[g:1][CONSENSUS]addRawPrepare,height=1,reqIdx=2,hash=e1147130...
info|2019-11-14 09:37:49.130883|[g:1][CONSENSUS][PBFT]checkTimeout Succ,view=98694,toView=98695,nodeIdx=3,changeCycle=0,myNode=de0436d1...,timecost=0.898
info|2019-11-14 09:37:49.132504|[g:1][CONSENSUS][PBFT]checkAndChangeView: Reach consensus,org_view=98694,org_changeCycle=0,cur_changeCycle=0,to_view=98695
info|2019-11-14 09:37:50.132875|[g:1][CONSENSUS][SEALER]++++++++++++++++ Generating seal on,blkNum=1,tx=0,nodeIdx=3,hash=5403f766...
info|2019-11-14 09:37:50.133784|[g:1][CONSENSUS][PBFT]checkTimeout Succ,view=98695,toView=98696,nodeIdx=3,changeCycle=0,myNode=de0436d1...,timecost=0.425
info|2019-11-14 09:37:50.136530|[g:1][CONSENSUS][PBFT]checkAndChangeView: Reach consensus,org_view=98695,org_changeCycle=0,cur_changeCycle=0,to_view=98696
info|2019-11-14 09:37:51.137849|[g:1][CONSENSUS]addRawPrepare,height=1,reqIdx=0,hash=111f5fef...
info|2019-11-14 09:37:51.138318|[g:1][CONSENSUS][PBFT]checkTimeout Succ,view=98696,toView=98697,nodeIdx=3,changeCycle=0,myNode=de0436d1...,timecost=0.377
info|2019-11-14 09:37:51.139661|[g:1][CONSENSUS][PBFT]checkAndChangeView: Reach consensus,org_view=98696,org_changeCycle=0,cur_changeCycle=0,to_view=98697
info|2019-11-14 09:37:52.141758|[g:1][CONSENSUS]addRawPrepare,height=1,reqIdx=1,hash=cb0caa36...
info|2019-11-14 09:37:52.142512|[g:1][CONSENSUS][PBFT]checkTimeout Succ,view=98697,toView=98698,nodeIdx=3,changeCycle=0,myNode=de0436d1...,timecost=0.596
info|2019-11-14 09:37:52.144241|[g:1][CONSENSUS][PBFT]checkAndChangeView: Reach consensus,org_view=98697,org_changeCycle=0,cur_changeCycle=0,to_view=98698
info|2019-11-14 09:37:53.146824|[g:1][CONSENSUS]addRawPrepare,height=1,reqIdx=2,hash=503a46f7...
info|2019-11-14 09:37:53.147476|[g:1][CONSENSUS][PBFT]checkTimeout Succ,view=98698,toView=98699,nodeIdx=3,changeCycle=0,myNode=de0436d1...,timecost=0.515
info|2019-11-14 09:37:53.148919|[g:1][CONSENSUS][PBFT]checkAndChangeView: Reach consensus,org_view=98698,org_changeCycle=0,cur_changeCycle=0,to_view=98699
info|2019-11-14 09:37:54.149202|[g:1][CONSENSUS][SEALER]++++++++++++++++ Generating seal on,blkNum=1,tx=0,nodeIdx=3,hash=a8535225...
info|2019-11-14 09:37:54.152329|[g:1][CONSENSUS][PBFT]checkTimeout Succ,view=98699,toView=98700,nodeIdx=3,changeCycle=0,myNode=de0436d1...,timecost=0.495
info|2019-11-14 09:37:54.153758|[g:1][CONSENSUS][PBFT]checkAndChangeView: Reach consensus,org_view=98699,org_changeCycle=0,cur_changeCycle=0,to_view=98700
info|2019-11-14 09:37:55.155279|[g:1][CONSENSUS]addRawPrepare,height=1,reqIdx=0,hash=3d4ee433...
info|2019-11-14 09:37:55.156000|[g:1][CONSENSUS][PBFT]checkTimeout Succ,view=98700,toView=98701,nodeIdx=3,changeCycle=0,myNode=de0436d1...,timecost=0.512
info|2019-11-14 09:37:55.157615|[g:1][CONSENSUS][PBFT]checkAndChangeView: Reach consensus,org_view=98700,org_changeCycle=0,cur_changeCycle=0,to_view=98701
info|2019-11-14 09:37:56.158623|[g:1][CONSENSUS]addRawPrepare,height=1,reqIdx=1,hash=753f4191...
info|2019-11-14 09:37:56.159288|[g:1][CONSENSUS][PBFT]checkTimeout Succ,view=98701,toView=98702,nodeIdx=3,changeCycle=0,myNode=de0436d1...,timecost=0.501
info|2019-11-14 09:37:56.161057|[g:1][CONSENSUS][PBFT]checkAndChangeView: Reach consensus,org_view=98701,org_changeCycle=0,cur_changeCycle=0,to_view=98702
info|2019-11-14 09:37:57.163853|[g:1][CONSENSUS]addRawPrepare,height=1,reqIdx=2,hash=6eb0feea...
info|2019-11-14 09:37:57.164440|[g:1][CONSENSUS][PBFT]checkTimeout Succ,view=98702,toView=98703,nodeIdx=3,changeCycle=0,myNode=de0436d1...,timecost=0.46
info|2019-11-14 09:37:57.165866|[g:1][CONSENSUS][PBFT]checkAndChangeView: Reach consensus,org_view=98702,org_changeCycle=0,cur_changeCycle=0,to_view=98703
info|2019-11-14 09:37:58.166540|[g:1][CONSENSUS][SEALER]++++++++++++++++ Generating seal on,blkNum=1,tx=0,nodeIdx=3,hash=2cb20400...
info|2019-11-14 09:37:58.169026|[g:1][CONSENSUS][PBFT]checkTimeout Succ,view=98703,toView=98704,nodeIdx=3,changeCycle=0,myNode=de0436d1...,timecost=0.408
info|2019-11-14 09:37:58.170303|[g:1][CONSENSUS][PBFT]checkAndChangeView: Reach consensus,org_view=98703,org_changeCycle=0,cur_changeCycle=0,to_view=98704
info|2019-11-14 09:37:59.032184|[P2P][Service] heartBeat,connected count=3
info|2019-11-14 09:37:59.172343|[g:1][CONSENSUS]addRawPrepare,height=1,reqIdx=0,hash=efd4a0f1...
info|2019-11-14 09:37:59.173617|[g:1][CONSENSUS][PBFT]checkTimeout Succ,view=98704,toView=98705,nodeIdx=3,changeCycle=0,myNode=de0436d1...,timecost=1.008
info|2019-11-14 09:37:59.175231|[g:1][CONSENSUS][PBFT]checkAndChangeView: Reach consensus,org_view=98704,org_changeCycle=0,cur_changeCycle=0,to_view=98705
