warning|2019-11-14 04:23:36.003693|[g:1][CONSENSUS][PBFT]ViewChangeWarning: not caused by omit empty block ,v=98608,toV=98609,curNum=0,hash=f72cae63...,nodeIdx=3,myNode=de0436d1...
info|2019-11-14 04:23:36.006272|[P2P][Service] heartBeat,connected count=3
info|2019-11-14 04:23:36.007504|[g:1][CONSENSUS][PBFT]checkTimeout Succ,view=98608,toView=98609,nodeIdx=3,changeCycle=1,myNode=de0436d1...,timecost=5.656
info|2019-11-14 04:23:36.010284|[g:1][CONSENSUS][PBFT]checkAndChangeView: Reach consensus,org_view=98608,org_changeCycle=1,cur_changeCycle=1,to_view=98609
info|2019-11-14 04:23:37.010425|[g:1][CONSENSUS]addRawPrepare,height=1,reqIdx=1,hash=054bbe39...
info|2019-11-14 04:23:37.011017|[g:1][CONSENSUS][PBFT]checkTimeout Succ,view=98609,toView=98610,nodeIdx=3,changeCycle=0,myNode=de0436d1...,timecost=0.481
info|2019-11-14 04:23:37.012321|[g:1][CONSENSUS][PBFT]checkAndChangeView: Reach consensus,org_view=98609,org_changeCycle=0,cur_changeCycle=0,to_view=98610
info|2019-11-14 04:23:38.013569|[g:1][CONSENSUS]addRawPrepare,height=1,reqIdx=2,hash=b496e609...
info|2019-11-14 04:23:38.014093|[g:1][CONSENSUS][PBFT]checkTimeout Succ,view=98610,toView=98611,nodeIdx=3,changeCycle=0,myNode=de0436d1...,timecost=0.393
info|2019-11-14 04:23:38.015553|[g:1][CONSENSUS][PBFT]checkAndChangeView: Reach consensus,org_view=98610,org_changeCycle=0,cur_changeCycle=0,to_view=98611
info|2019-11-14 04:23:39.015732|[g:1][CONSENSUS][SEALER]++++++++++++++++ Generating seal on,blkNum=1,tx=0,nodeIdx=3,hash=9c0e3ec7...
info|2019-11-14 04:23:39.016371|[g:1][CONSENSUS][PBFT]checkTimeout Succ,view=98611,toView=98612,nodeIdx=3,changeCycle=0,myNode=de0436d1...,timecost=0.309
info|2019-11-14 04:23:39.018687|[g:1][CONSENSUS][PBFT]checkAndChangeView: Reach consensus,org_view=98611,org_changeCycle=0,cur_changeCycle=0,to_view=98612
info|2019-11-14 04:23:40.019766|[g:1][CONSENSUS]addRawPrepare,height=1,reqIdx=0,hash=b6ef53b4...
info|2019-11-14 04:23:40.020331|[g:1][CONSENSUS][PBFT]checkTimeout Succ,view=98612,toView=98613,nodeIdx=3,changeCycle=0,myNode=de0436d1...,timecost=0.439
info|2019-11-14 04:23:40.021551|[g:1][CONSENSUS][PBFT]checkAndChangeView: Reach consensus,org_view=98612,org_changeCycle=0,cur_changeCycle=0,to_view=98613
info|2019-11-14 04:23:41.022720|[g:1][CONSENSUS]addRawPrepare,height=1,reqIdx=1,hash=79feb95e...
info|2019-11-14 04:23:41.023725|[g:1][CONSENSUS][PBFT]checkTimeout Succ,view=98613,toView=98614,nodeIdx=3,changeCycle=0,myNode=de0436d1...,timecost=0.877
info|2019-11-14 04:23:41.024953|[g:1][CONSENSUS][PBFT]checkAndChangeView: Reach consensus,org_view=98613,org_changeCycle=0,cur_changeCycle=0,to_view=98614
info|2019-11-14 04:23:42.025294|[g:1][CONSENSUS]addRawPrepare,height=1,reqIdx=2,hash=523c6f30...
info|2019-11-14 04:23:42.025851|[g:1][CONSENSUS][PBFT]checkTimeout Succ,view=98614,toView=98615,nodeIdx=3,changeCycle=0,myNode=de0436d1...,timecost=0.46
info|2019-11-14 04:23:42.026865|[g:1][CONSENSUS][PBFT]checkAndChangeView: Reach consensus,org_view=98614,org_changeCycle=0,cur_changeCycle=0,to_view=98615
info|2019-11-14 04:23:43.026506|[g:1][CONSENSUS][SEALER]++++++++++++++++ Generating seal on,blkNum=1,tx=0,nodeIdx=3,hash=f2f1f6fb...
info|2019-11-14 04:23:43.028979|[g:1][CONSENSUS][PBFT]checkTimeout Succ,view=98615,toView=98616,nodeIdx=3,changeCycle=0,myNode=de0436d1...,timecost=0.358
info|2019-11-14 04:23:43.029553|[g:1][CONSENSUS][PBFT]checkAndChangeView: Reach consensus,org_view=98615,org_changeCycle=0,cur_changeCycle=0,to_view=98616
info|2019-11-14 04:23:44.030400|[g:1][CONSENSUS]addRawPrepare,height=1,reqIdx=0,hash=6bf1da16...
info|2019-11-14 04:23:44.031136|[g:1][CONSENSUS][PBFT]checkTimeout Succ,view=98616,toView=98617,nodeIdx=3,changeCycle=0,myNode=de0436d1...,timecost=0.588
info|2019-11-14 04:23:44.033275|[g:1][CONSENSUS][PBFT]checkAndChangeView: Reach consensus,org_view=98616,org_changeCycle=0,cur_changeCycle=0,to_view=98617
info|2019-11-14 04:23:45.034678|[g:1][CONSENSUS]addRawPrepare,height=1,reqIdx=1,hash=99c95fc5...
info|2019-11-14 04:23:45.035331|[g:1][CONSENSUS][PBFT]checkTimeout Succ,view=98617,toView=98618,nodeIdx=3,changeCycle=0,myNode=de0436d1...,timecost=0.501
info|2019-11-14 04:23:45.037086|[g:1][CONSENSUS][PBFT]checkAndChangeView: Reach consensus,org_view=98617,org_changeCycle=0,cur_changeCycle=0,to_view=98618
info|2019-11-14 04:23:46.010725|[P2P][Service] heartBeat,connected count=3
info|2019-11-14 04:23:46.037492|[g:1][CONSENSUS]addRawPrepare,height=1,reqIdx=2,hash=3408207e...
info|2019-11-14 04:23:46.038685|[g:1][CONSENSUS][PBFT]checkTimeout Succ,view=98618,toView=98619,nodeIdx=3,changeCycle=0,myNode=de0436d1...,timecost=1.09
info|2019-11-14 04:23:46.040000|[g:1][CONSENSUS][PBFT]checkAndChangeView: Reach consensus,org_view=98618,org_changeCycle=0,cur_changeCycle=0,to_view=98619
info|2019-11-14 04:23:47.041442|[g:1][CONSENSUS][SEALER]++++++++++++++++ Generating seal on,blkNum=1,tx=0,nodeIdx=3,hash=14ce8a36...
info|2019-11-14 04:23:47.044083|[g:1][CONSENSUS][PBFT]checkTimeout Succ,view=98619,toView=98620,nodeIdx=3,changeCycle=0,myNode=de0436d1...,timecost=0.465
info|2019-11-14 04:23:47.045380|[g:1][CONSENSUS][PBFT]checkAndChangeView: Reach consensus,org_view=98619,org_changeCycle=0,cur_changeCycle=0,to_view=98620
info|2019-11-14 04:23:48.047022|[g:1][CONSENSUS]addRawPrepare,height=1,reqIdx=0,hash=3b534740...
info|2019-11-14 04:23:48.047652|[g:1][CONSENSUS][PBFT]checkTimeout Succ,view=98620,toView=98621,nodeIdx=3,changeCycle=0,myNode=de0436d1...,timecost=0.496
info|2019-11-14 04:23:48.048993|[g:1][CONSENSUS][PBFT]checkAndChangeView: Reach consensus,org_view=98620,org_changeCycle=0,cur_changeCycle=0,to_view=98621
info|2019-11-14 04:23:49.050654|[g:1][CONSENSUS]addRawPrepare,height=1,reqIdx=1,hash=276c57bf...
info|2019-11-14 04:23:49.051264|[g:1][CONSENSUS][PBFT]checkTimeout Succ,view=98621,toView=98622,nodeIdx=3,changeCycle=0,myNode=de0436d1...,timecost=0.443
info|2019-11-14 04:23:49.053142|[g:1][CONSENSUS][PBFT]checkAndChangeView: Reach consensus,org_view=98621,org_changeCycle=0,cur_changeCycle=0,to_view=98622
info|2019-11-14 04:23:50.055901|[g:1][CONSENSUS]addRawPrepare,height=1,reqIdx=2,hash=fb40c60d...
info|2019-11-14 04:23:50.056538|[g:1][CONSENSUS][PBFT]checkTimeout Succ,view=98622,toView=98623,nodeIdx=3,changeCycle=0,myNode=de0436d1...,timecost=0.483
info|2019-11-14 04:23:50.058088|[g:1][CONSENSUS][PBFT]checkAndChangeView: Reach consensus,org_view=98622,org_changeCycle=0,cur_changeCycle=0,to_view=98623
info|2019-11-14 04:23:51.058720|[g:1][CONSENSUS][SEALER]++++++++++++++++ Generating seal on,blkNum=1,tx=0,nodeIdx=3,hash=0d3cc5d2...
info|2019-11-14 04:23:51.061578|[g:1][CONSENSUS][PBFT]checkTimeout Succ,view=98623,toView=98624,nodeIdx=3,changeCycle=0,myNode=de0436d1...,timecost=0.472
info|2019-11-14 04:23:51.062833|[g:1][CONSENSUS][PBFT]checkAndChangeView: Reach consensus,org_view=98623,org_changeCycle=0,cur_changeCycle=0,to_view=98624
info|2019-11-14 04:23:52.064323|[g:1][CONSENSUS]addRawPrepare,height=1,reqIdx=0,hash=c7a4b8db...
info|2019-11-14 04:23:52.065214|[g:1][CONSENSUS][PBFT]checkTimeout Succ,view=98624,toView=98625,nodeIdx=3,changeCycle=0,myNode=de0436d1...,timecost=0.633
info|2019-11-14 04:23:52.066666|[g:1][CONSENSUS][PBFT]checkAndChangeView: Reach consensus,org_view=98624,org_changeCycle=0,cur_changeCycle=0,to_view=98625
info|2019-11-14 04:23:53.068201|[g:1][CONSENSUS]addRawPrepare,height=1,reqIdx=1,hash=aa90f0ee...
info|2019-11-14 04:23:53.069120|[g:1][CONSENSUS][PBFT]checkTimeout Succ,view=98625,toView=98626,nodeIdx=3,changeCycle=0,myNode=de0436d1...,timecost=0.713
info|2019-11-14 04:23:53.070860|[g:1][CONSENSUS][PBFT]checkAndChangeView: Reach consensus,org_view=98625,org_changeCycle=0,cur_changeCycle=0,to_view=98626
info|2019-11-14 04:23:54.071694|[g:1][CONSENSUS]addRawPrepare,height=1,reqIdx=2,hash=94cfc558...
info|2019-11-14 04:23:54.072158|[g:1][CONSENSUS][PBFT]checkTimeout Succ,view=98626,toView=98627,nodeIdx=3,changeCycle=0,myNode=de0436d1...,timecost=0.375
info|2019-11-14 04:23:54.073136|[g:1][CONSENSUS][PBFT]checkAndChangeView: Reach consensus,org_view=98626,org_changeCycle=0,cur_changeCycle=0,to_view=98627
info|2019-11-14 04:23:55.074140|[g:1][CONSENSUS][SEALER]++++++++++++++++ Generating seal on,blkNum=1,tx=0,nodeIdx=3,hash=2cca0683...
info|2019-11-14 04:23:55.074758|[g:1][CONSENSUS][PBFT]checkTimeout Succ,view=98627,toView=98628,nodeIdx=3,changeCycle=0,myNode=de0436d1...,timecost=0.298
info|2019-11-14 04:23:55.076835|[g:1][CONSENSUS][PBFT]checkAndChangeView: Reach consensus,org_view=98627,org_changeCycle=0,cur_changeCycle=0,to_view=98628
info|2019-11-14 04:23:56.015858|[P2P][Service] heartBeat,connected count=3
info|2019-11-14 04:23:56.078928|[g:1][CONSENSUS]addRawPrepare,height=1,reqIdx=0,hash=bb105278...
info|2019-11-14 04:23:56.079607|[g:1][CONSENSUS][PBFT]checkTimeout Succ,view=98628,toView=98629,nodeIdx=3,changeCycle=0,myNode=de0436d1...,timecost=0.554
info|2019-11-14 04:23:56.081452|[g:1][CONSENSUS][PBFT]checkAndChangeView: Reach consensus,org_view=98628,org_changeCycle=0,cur_changeCycle=0,to_view=98629
info|2019-11-14 04:23:57.082713|[g:1][CONSENSUS]addRawPrepare,height=1,reqIdx=1,hash=eab86fd2...
info|2019-11-14 04:23:57.083262|[g:1][CONSENSUS][PBFT]checkTimeout Succ,view=98629,toView=98630,nodeIdx=3,changeCycle=0,myNode=de0436d1...,timecost=0.429
info|2019-11-14 04:23:57.084607|[g:1][CONSENSUS][PBFT]checkAndChangeView: Reach consensus,org_view=98629,org_changeCycle=0,cur_changeCycle=0,to_view=98630
info|2019-11-14 04:23:58.087021|[g:1][CONSENSUS]addRawPrepare,height=1,reqIdx=2,hash=6d39be07...
info|2019-11-14 04:23:58.087665|[g:1][CONSENSUS][PBFT]checkTimeout Succ,view=98630,toView=98631,nodeIdx=3,changeCycle=0,myNode=de0436d1...,timecost=0.464
info|2019-11-14 04:23:58.089255|[g:1][CONSENSUS][PBFT]checkAndChangeView: Reach consensus,org_view=98630,org_changeCycle=0,cur_changeCycle=0,to_view=98631
info|2019-11-14 04:23:59.089722|[g:1][CONSENSUS][SEALER]++++++++++++++++ Generating seal on,blkNum=1,tx=0,nodeIdx=3,hash=b5069300...
info|2019-11-14 04:23:59.090680|[g:1][CONSENSUS][PBFT]checkTimeout Succ,view=98631,toView=98632,nodeIdx=3,changeCycle=0,myNode=de0436d1...,timecost=0.448
info|2019-11-14 04:23:59.093242|[g:1][CONSENSUS][PBFT]checkAndChangeView: Reach consensus,org_view=98631,org_changeCycle=0,cur_changeCycle=0,to_view=98632
info|2019-11-14 04:24:00.094857|[g:1][CONSENSUS]addRawPrepare,height=1,reqIdx=0,hash=3a58025e...
info|2019-11-14 04:24:00.095694|[g:1][CONSENSUS][PBFT]checkTimeout Succ,view=98632,toView=98633,nodeIdx=3,changeCycle=0,myNode=de0436d1...,timecost=0.656
info|2019-11-14 04:24:00.097126|[g:1][CONSENSUS][PBFT]checkAndChangeView: Reach consensus,org_view=98632,org_changeCycle=0,cur_changeCycle=0,to_view=98633
info|2019-11-14 04:24:01.099083|[g:1][CONSENSUS]addRawPrepare,height=1,reqIdx=1,hash=8c2b1ecc...
info|2019-11-14 04:24:01.099922|[g:1][CONSENSUS][PBFT]checkTimeout Succ,view=98633,toView=98634,nodeIdx=3,changeCycle=0,myNode=de0436d1...,timecost=0.652
info|2019-11-14 04:24:01.101477|[g:1][CONSENSUS][PBFT]checkAndChangeView: Reach consensus,org_view=98633,org_changeCycle=0,cur_changeCycle=0,to_view=98634
info|2019-11-14 04:24:02.103146|[g:1][CONSENSUS]addRawPrepare,height=1,reqIdx=2,hash=73e8b3a1...
info|2019-11-14 04:24:02.103757|[g:1][CONSENSUS][PBFT]checkTimeout Succ,view=98634,toView=98635,nodeIdx=3,changeCycle=0,myNode=de0436d1...,timecost=0.481
info|2019-11-14 04:24:02.105558|[g:1][CONSENSUS][PBFT]checkAndChangeView: Reach consensus,org_view=98634,org_changeCycle=0,cur_changeCycle=0,to_view=98635
info|2019-11-14 04:24:03.105396|[g:1][CONSENSUS][SEALER]++++++++++++++++ Generating seal on,blkNum=1,tx=0,nodeIdx=3,hash=0cfbe589...
info|2019-11-14 04:24:03.106249|[g:1][CONSENSUS][PBFT]checkTimeout Succ,view=98635,toView=98636,nodeIdx=3,changeCycle=0,myNode=de0436d1...,timecost=0.412
info|2019-11-14 04:24:03.108995|[g:1][CONSENSUS][PBFT]checkAndChangeView: Reach consensus,org_view=98635,org_changeCycle=0,cur_changeCycle=0,to_view=98636
info|2019-11-14 04:24:04.110795|[g:1][CONSENSUS]addRawPrepare,height=1,reqIdx=0,hash=a7c7bed9...
info|2019-11-14 04:24:04.111454|[g:1][CONSENSUS][PBFT]checkTimeout Succ,view=98636,toView=98637,nodeIdx=3,changeCycle=0,myNode=de0436d1...,timecost=0.541
info|2019-11-14 04:24:04.113069|[g:1][CONSENSUS][PBFT]checkAndChangeView: Reach consensus,org_view=98636,org_changeCycle=0,cur_changeCycle=0,to_view=98637
info|2019-11-14 04:24:05.113765|[g:1][CONSENSUS]addRawPrepare,height=1,reqIdx=1,hash=3175db04...
info|2019-11-14 04:24:05.114447|[g:1][CONSENSUS][PBFT]checkTimeout Succ,view=98637,toView=98638,nodeIdx=3,changeCycle=0,myNode=de0436d1...,timecost=0.526
info|2019-11-14 04:24:05.116127|[g:1][CONSENSUS][PBFT]checkAndChangeView: Reach consensus,org_view=98637,org_changeCycle=0,cur_changeCycle=0,to_view=98638
info|2019-11-14 04:24:06.022523|[P2P][Service] heartBeat,connected count=3
info|2019-11-14 04:24:06.118668|[g:1][CONSENSUS]addRawPrepare,height=1,reqIdx=2,hash=260d68ab...
info|2019-11-14 04:24:06.120017|[g:1][CONSENSUS][PBFT]checkTimeout Succ,view=98638,toView=98639,nodeIdx=3,changeCycle=0,myNode=de0436d1...,timecost=1.175
info|2019-11-14 04:24:06.121752|[g:1][CONSENSUS][PBFT]checkAndChangeView: Reach consensus,org_view=98638,org_changeCycle=0,cur_changeCycle=0,to_view=98639
info|2019-11-14 04:24:07.121379|[g:1][CONSENSUS][SEALER]++++++++++++++++ Generating seal on,blkNum=1,tx=0,nodeIdx=3,hash=d1b0a8e0...
info|2019-11-14 04:24:07.124265|[g:1][CONSENSUS][PBFT]checkTimeout Succ,view=98639,toView=98640,nodeIdx=3,changeCycle=0,myNode=de0436d1...,timecost=0.443
info|2019-11-14 04:24:07.125858|[g:1][CONSENSUS][PBFT]checkAndChangeView: Reach consensus,org_view=98639,org_changeCycle=0,cur_changeCycle=0,to_view=98640
info|2019-11-14 04:24:08.126609|[g:1][CONSENSUS]addRawPrepare,height=1,reqIdx=0,hash=b270be8b...
info|2019-11-14 04:24:08.127290|[g:1][CONSENSUS][PBFT]checkTimeout Succ,view=98640,toView=98641,nodeIdx=3,changeCycle=0,myNode=de0436d1...,timecost=0.519
info|2019-11-14 04:24:08.128907|[g:1][CONSENSUS][PBFT]checkAndChangeView: Reach consensus,org_view=98640,org_changeCycle=0,cur_changeCycle=0,to_view=98641
info|2019-11-14 04:24:09.129487|[g:1][CONSENSUS]addRawPrepare,height=1,reqIdx=1,hash=b3807122...
info|2019-11-14 04:24:09.130178|[g:1][CONSENSUS][PBFT]checkTimeout Succ,view=98641,toView=98642,nodeIdx=3,changeCycle=0,myNode=de0436d1...,timecost=0.537
info|2019-11-14 04:24:09.131573|[g:1][CONSENSUS][PBFT]checkAndChangeView: Reach consensus,org_view=98641,org_changeCycle=0,cur_changeCycle=0,to_view=98642
info|2019-11-14 04:24:10.133686|[g:1][CONSENSUS]addRawPrepare,height=1,reqIdx=2,hash=26e07028...
info|2019-11-14 04:24:10.134366|[g:1][CONSENSUS][PBFT]checkTimeout Succ,view=98642,toView=98643,nodeIdx=3,changeCycle=0,myNode=de0436d1...,timecost=0.542
info|2019-11-14 04:24:10.135969|[g:1][CONSENSUS][PBFT]checkAndChangeView: Reach consensus,org_view=98642,org_changeCycle=0,cur_changeCycle=0,to_view=98643
info|2019-11-14 04:24:11.135452|[g:1][CONSENSUS][SEALER]++++++++++++++++ Generating seal on,blkNum=1,tx=0,nodeIdx=3,hash=ec1c6108...
info|2019-11-14 04:24:11.138954|[g:1][CONSENSUS][PBFT]checkTimeout Succ,view=98643,toView=98644,nodeIdx=3,changeCycle=0,myNode=de0436d1...,timecost=0.545
info|2019-11-14 04:24:11.139633|[g:1][CONSENSUS][PBFT]checkAndChangeView: Reach consensus,org_view=98643,org_changeCycle=0,cur_changeCycle=0,to_view=98644
info|2019-11-14 04:24:12.141460|[g:1][CONSENSUS]addRawPrepare,height=1,reqIdx=0,hash=4796e788...
info|2019-11-14 04:24:12.142181|[g:1][CONSENSUS][PBFT]checkTimeout Succ,view=98644,toView=98645,nodeIdx=3,changeCycle=0,myNode=de0436d1...,timecost=0.545
info|2019-11-14 04:24:12.143603|[g:1][CONSENSUS][PBFT]checkAndChangeView: Reach consensus,org_view=98644,org_changeCycle=0,cur_changeCycle=0,to_view=98645
info|2019-11-14 04:24:13.144634|[g:1][CONSENSUS]addRawPrepare,height=1,reqIdx=1,hash=aa3a02dd...
info|2019-11-14 04:24:13.145252|[g:1][CONSENSUS][PBFT]checkTimeout Succ,view=98645,toView=98646,nodeIdx=3,changeCycle=0,myNode=de0436d1...,timecost=0.488
info|2019-11-14 04:24:13.146606|[g:1][CONSENSUS][PBFT]checkAndChangeView: Reach consensus,org_view=98645,org_changeCycle=0,cur_changeCycle=0,to_view=98646
info|2019-11-14 04:24:14.148863|[g:1][CONSENSUS]addRawPrepare,height=1,reqIdx=2,hash=4befcebd...
info|2019-11-14 04:24:14.149465|[g:1][CONSENSUS][PBFT]checkTimeout Succ,view=98646,toView=98647,nodeIdx=3,changeCycle=0,myNode=de0436d1...,timecost=0.471
info|2019-11-14 04:24:14.150764|[g:1][CONSENSUS][PBFT]checkAndChangeView: Reach consensus,org_view=98646,org_changeCycle=0,cur_changeCycle=0,to_view=98647
info|2019-11-14 04:24:15.150726|[g:1][CONSENSUS][SEALER]++++++++++++++++ Generating seal on,blkNum=1,tx=0,nodeIdx=3,hash=dd7ce14a...
info|2019-11-14 04:24:15.151749|[g:1][CONSENSUS][PBFT]checkTimeout Succ,view=98647,toView=98648,nodeIdx=3,changeCycle=0,myNode=de0436d1...,timecost=0.564
info|2019-11-14 04:24:15.154212|[g:1][CONSENSUS][PBFT]checkAndChangeView: Reach consensus,org_view=98647,org_changeCycle=0,cur_changeCycle=0,to_view=98648
info|2019-11-14 04:24:16.029206|[P2P][Service] heartBeat,connected count=3
info|2019-11-14 04:24:16.156462|[g:1][CONSENSUS]addRawPrepare,height=1,reqIdx=0,hash=62544f11...
info|2019-11-14 04:24:16.157978|[g:1][CONSENSUS][PBFT]checkTimeout Succ,view=98648,toView=98649,nodeIdx=3,changeCycle=0,myNode=de0436d1...,timecost=1.335
info|2019-11-14 04:24:16.159442|[g:1][CONSENSUS][PBFT]checkAndChangeView: Reach consensus,org_view=98648,org_changeCycle=0,cur_changeCycle=0,to_view=98649
info|2019-11-14 04:24:17.648510|[g:1][CONSENSUS]addRawPrepare,height=1,reqIdx=1,hash=35d2c711...
info|2019-11-14 04:24:17.649537|[g:1][CONSENSUS][PBFT]checkTimeout Succ,view=98649,toView=98650,nodeIdx=3,changeCycle=0,myNode=de0436d1...,timecost=0.843
info|2019-11-14 04:24:17.652540|[g:1][CONSENSUS][PBFT]checkAndChangeView: Reach consensus,org_view=98649,org_changeCycle=0,cur_changeCycle=0,to_view=98650
info|2019-11-14 04:24:18.653991|[g:1][CONSENSUS]addRawPrepare,height=1,reqIdx=2,hash=b5607a20...
info|2019-11-14 04:24:18.654529|[g:1][CONSENSUS][PBFT]checkTimeout Succ,view=98650,toView=98651,nodeIdx=3,changeCycle=0,myNode=de0436d1...,timecost=0.398
info|2019-11-14 04:24:18.655592|[g:1][CONSENSUS][PBFT]checkAndChangeView: Reach consensus,org_view=98650,org_changeCycle=0,cur_changeCycle=0,to_view=98651
info|2019-11-14 04:24:19.656345|[g:1][CONSENSUS][SEALER]++++++++++++++++ Generating seal on,blkNum=1,tx=0,nodeIdx=3,hash=be07a7ad...
info|2019-11-14 04:24:19.659721|[g:1][CONSENSUS][PBFT]checkTimeout Succ,view=98651,toView=98652,nodeIdx=3,changeCycle=0,myNode=de0436d1...,timecost=0.511
info|2019-11-14 04:24:19.660508|[g:1][CONSENSUS][PBFT]checkAndChangeView: Reach consensus,org_view=98651,org_changeCycle=0,cur_changeCycle=0,to_view=98652
info|2019-11-14 04:24:20.661525|[g:1][CONSENSUS]addRawPrepare,height=1,reqIdx=0,hash=193c7341...
info|2019-11-14 04:24:20.662250|[g:1][CONSENSUS][PBFT]checkTimeout Succ,view=98652,toView=98653,nodeIdx=3,changeCycle=0,myNode=de0436d1...,timecost=0.567
info|2019-11-14 04:24:20.663857|[g:1][CONSENSUS][PBFT]checkAndChangeView: Reach consensus,org_view=98652,org_changeCycle=0,cur_changeCycle=0,to_view=98653
info|2019-11-14 04:24:21.664701|[g:1][CONSENSUS]addRawPrepare,height=1,reqIdx=1,hash=3d776bf6...
info|2019-11-14 04:24:21.665555|[g:1][CONSENSUS][PBFT]checkTimeout Succ,view=98653,toView=98654,nodeIdx=3,changeCycle=0,myNode=de0436d1...,timecost=0.687
info|2019-11-14 04:24:21.667281|[g:1][CONSENSUS][PBFT]checkAndChangeView: Reach consensus,org_view=98653,org_changeCycle=0,cur_changeCycle=0,to_view=98654
info|2019-11-14 04:24:22.668219|[g:1][CONSENSUS]addRawPrepare,height=1,reqIdx=2,hash=0a461a33...
info|2019-11-14 04:24:22.668862|[g:1][CONSENSUS][PBFT]checkTimeout Succ,view=98654,toView=98655,nodeIdx=3,changeCycle=0,myNode=de0436d1...,timecost=0.51
info|2019-11-14 04:24:22.670193|[g:1][CONSENSUS][PBFT]checkAndChangeView: Reach consensus,org_view=98654,org_changeCycle=0,cur_changeCycle=0,to_view=98655
info|2019-11-14 04:24:23.670260|[g:1][CONSENSUS][SEALER]++++++++++++++++ Generating seal on,blkNum=1,tx=0,nodeIdx=3,hash=6a657c46...
info|2019-11-14 04:24:23.671273|[g:1][CONSENSUS][PBFT]checkTimeout Succ,view=98655,toView=98656,nodeIdx=3,changeCycle=0,myNode=de0436d1...,timecost=0.522
info|2019-11-14 04:24:23.673893|[g:1][CONSENSUS][PBFT]checkAndChangeView: Reach consensus,org_view=98655,org_changeCycle=0,cur_changeCycle=0,to_view=98656
info|2019-11-14 04:24:24.676529|[g:1][CONSENSUS]addRawPrepare,height=1,reqIdx=0,hash=141ea9ba...
info|2019-11-14 04:24:24.677181|[g:1][CONSENSUS][PBFT]checkTimeout Succ,view=98656,toView=98657,nodeIdx=3,changeCycle=0,myNode=de0436d1...,timecost=0.486
info|2019-11-14 04:24:24.678589|[g:1][CONSENSUS][PBFT]checkAndChangeView: Reach consensus,org_view=98656,org_changeCycle=0,cur_changeCycle=0,to_view=98657
info|2019-11-14 04:24:25.680237|[g:1][CONSENSUS]addRawPrepare,height=1,reqIdx=1,hash=7b33c07a...
info|2019-11-14 04:24:25.680909|[g:1][CONSENSUS][PBFT]checkTimeout Succ,view=98657,toView=98658,nodeIdx=3,changeCycle=0,myNode=de0436d1...,timecost=0.493
info|2019-11-14 04:24:25.682552|[g:1][CONSENSUS][PBFT]checkAndChangeView: Reach consensus,org_view=98657,org_changeCycle=0,cur_changeCycle=0,to_view=98658
info|2019-11-14 04:24:26.039110|[P2P][Service] heartBeat,connected count=3
info|2019-11-14 04:24:26.683797|[g:1][CONSENSUS]addRawPrepare,height=1,reqIdx=2,hash=cfb9fab7...
info|2019-11-14 04:24:26.684409|[g:1][CONSENSUS][PBFT]checkTimeout Succ,view=98658,toView=98659,nodeIdx=3,changeCycle=0,myNode=de0436d1...,timecost=0.479
info|2019-11-14 04:24:26.686029|[g:1][CONSENSUS][PBFT]checkAndChangeView: Reach consensus,org_view=98658,org_changeCycle=0,cur_changeCycle=0,to_view=98659
info|2019-11-14 04:24:27.686453|[g:1][CONSENSUS][SEALER]++++++++++++++++ Generating seal on,blkNum=1,tx=0,nodeIdx=3,hash=335ecd33...
info|2019-11-14 04:24:27.687413|[g:1][CONSENSUS][PBFT]checkTimeout Succ,view=98659,toView=98660,nodeIdx=3,changeCycle=0,myNode=de0436d1...,timecost=0.51
info|2019-11-14 04:24:27.689632|[g:1][CONSENSUS][PBFT]checkAndChangeView: Reach consensus,org_view=98659,org_changeCycle=0,cur_changeCycle=0,to_view=98660
info|2019-11-14 04:24:28.691378|[g:1][CONSENSUS]addRawPrepare,height=1,reqIdx=0,hash=9c714c86...
info|2019-11-14 04:24:28.692363|[g:1][CONSENSUS][PBFT]checkTimeout Succ,view=98660,toView=98661,nodeIdx=3,changeCycle=0,myNode=de0436d1...,timecost=0.713
info|2019-11-14 04:24:28.693874|[g:1][CONSENSUS][PBFT]checkAndChangeView: Reach consensus,org_view=98660,org_changeCycle=0,cur_changeCycle=0,to_view=98661
info|2019-11-14 04:24:29.695608|[g:1][CONSENSUS]addRawPrepare,height=1,reqIdx=1,hash=7365d665...
info|2019-11-14 04:24:29.696225|[g:1][CONSENSUS][PBFT]checkTimeout Succ,view=98661,toView=98662,nodeIdx=3,changeCycle=0,myNode=de0436d1...,timecost=0.473
info|2019-11-14 04:24:29.697971|[g:1][CONSENSUS][PBFT]checkAndChangeView: Reach consensus,org_view=98661,org_changeCycle=0,cur_changeCycle=0,to_view=98662
info|2019-11-14 04:24:30.700436|[g:1][CONSENSUS]addRawPrepare,height=1,reqIdx=2,hash=8debfbc9...
info|2019-11-14 04:24:30.701160|[g:1][CONSENSUS][PBFT]checkTimeout Succ,view=98662,toView=98663,nodeIdx=3,changeCycle=0,myNode=de0436d1...,timecost=0.561
info|2019-11-14 04:24:30.702523|[g:1][CONSENSUS][PBFT]checkAndChangeView: Reach consensus,org_view=98662,org_changeCycle=0,cur_changeCycle=0,to_view=98663
info|2019-11-14 04:24:31.702295|[g:1][CONSENSUS][SEALER]++++++++++++++++ Generating seal on,blkNum=1,tx=0,nodeIdx=3,hash=50213eca...
info|2019-11-14 04:24:31.705666|[g:1][CONSENSUS][PBFT]checkTimeout Succ,view=98663,toView=98664,nodeIdx=3,changeCycle=0,myNode=de0436d1...,timecost=0.479
info|2019-11-14 04:24:31.706539|[g:1][CONSENSUS][PBFT]checkAndChangeView: Reach consensus,org_view=98663,org_changeCycle=0,cur_changeCycle=0,to_view=98664
