info|2019-11-15 11:00:00.761586|[g:1][CONSENSUS]addRawPrepare,height=1,reqIdx=1,hash=3fd8be7b...
info|2019-11-15 11:00:00.763079|[g:1][CONSENSUS][PBFT]checkTimeout Succ,view=126085,toView=126086,nodeIdx=3,changeCycle=0,myNode=de0436d1...,timecost=1.153
info|2019-11-15 11:00:00.764644|[g:1][CONSENSUS][PBFT]checkAndChangeView: Reach consensus,org_view=126085,org_changeCycle=0,cur_changeCycle=0,to_view=126086
info|2019-11-15 11:00:01.766013|[g:1][CONSENSUS]addRawPrepare,height=1,reqIdx=2,hash=53e7aa66...
info|2019-11-15 11:00:01.766639|[g:1][CONSENSUS][PBFT]checkTimeout Succ,view=126086,toView=126087,nodeIdx=3,changeCycle=0,myNode=de0436d1...,timecost=0.454
info|2019-11-15 11:00:01.768404|[g:1][CONSENSUS][PBFT]checkAndChangeView: Reach consensus,org_view=126086,org_changeCycle=0,cur_changeCycle=0,to_view=126087
info|2019-11-15 11:00:02.768459|[g:1][CONSENSUS][SEALER]++++++++++++++++ Generating seal on,blkNum=1,tx=0,nodeIdx=3,hash=8e32221b...
info|2019-11-15 11:00:02.771171|[g:1][CONSENSUS][PBFT]checkTimeout Succ,view=126087,toView=126088,nodeIdx=3,changeCycle=0,myNode=de0436d1...,timecost=0.437
info|2019-11-15 11:00:02.772630|[g:1][CONSENSUS][PBFT]checkAndChangeView: Reach consensus,org_view=126087,org_changeCycle=0,cur_changeCycle=0,to_view=126088
info|2019-11-15 11:00:03.774564|[g:1][CONSENSUS]addRawPrepare,height=1,reqIdx=0,hash=5e3e8f19...
info|2019-11-15 11:00:03.775243|[g:1][CONSENSUS][PBFT]checkTimeout Succ,view=126088,toView=126089,nodeIdx=3,changeCycle=0,myNode=de0436d1...,timecost=0.536
info|2019-11-15 11:00:03.776653|[g:1][CONSENSUS][PBFT]checkAndChangeView: Reach consensus,org_view=126088,org_changeCycle=0,cur_changeCycle=0,to_view=126089
info|2019-11-15 11:00:04.778349|[g:1][CONSENSUS]addRawPrepare,height=1,reqIdx=1,hash=1e7995e5...
info|2019-11-15 11:00:04.779048|[g:1][CONSENSUS][PBFT]checkTimeout Succ,view=126089,toView=126090,nodeIdx=3,changeCycle=0,myNode=de0436d1...,timecost=0.541
info|2019-11-15 11:00:04.780434|[g:1][CONSENSUS][PBFT]checkAndChangeView: Reach consensus,org_view=126089,org_changeCycle=0,cur_changeCycle=0,to_view=126090
info|2019-11-15 11:00:05.072441|[P2P][Service] heartBeat,connected count=3
info|2019-11-15 11:00:05.781609|[g:1][CONSENSUS]addRawPrepare,height=1,reqIdx=2,hash=c8d00fd0...
info|2019-11-15 11:00:05.782433|[g:1][CONSENSUS][PBFT]checkTimeout Succ,view=126090,toView=126091,nodeIdx=3,changeCycle=0,myNode=de0436d1...,timecost=0.582
info|2019-11-15 11:00:05.783897|[g:1][CONSENSUS][PBFT]checkAndChangeView: Reach consensus,org_view=126090,org_changeCycle=0,cur_changeCycle=0,to_view=126091
info|2019-11-15 11:00:06.783689|[g:1][CONSENSUS][SEALER]++++++++++++++++ Generating seal on,blkNum=1,tx=0,nodeIdx=3,hash=3e35f853...
info|2019-11-15 11:00:06.784349|[g:1][CONSENSUS][PBFT]checkTimeout Succ,view=126091,toView=126092,nodeIdx=3,changeCycle=0,myNode=de0436d1...,timecost=0.314
info|2019-11-15 11:00:06.786206|[g:1][CONSENSUS][PBFT]checkAndChangeView: Reach consensus,org_view=126091,org_changeCycle=0,cur_changeCycle=0,to_view=126092
info|2019-11-15 11:00:07.788280|[g:1][CONSENSUS]addRawPrepare,height=1,reqIdx=0,hash=7c32fa47...
info|2019-11-15 11:00:07.788708|[g:1][CONSENSUS][PBFT]checkTimeout Succ,view=126092,toView=126093,nodeIdx=3,changeCycle=0,myNode=de0436d1...,timecost=0.33
info|2019-11-15 11:00:07.789940|[g:1][CONSENSUS][PBFT]checkAndChangeView: Reach consensus,org_view=126092,org_changeCycle=0,cur_changeCycle=0,to_view=126093
info|2019-11-15 11:00:08.790371|[g:1][CONSENSUS]addRawPrepare,height=1,reqIdx=1,hash=9dc303a2...
info|2019-11-15 11:00:08.791007|[g:1][CONSENSUS][PBFT]checkTimeout Succ,view=126093,toView=126094,nodeIdx=3,changeCycle=0,myNode=de0436d1...,timecost=0.494
info|2019-11-15 11:00:08.792653|[g:1][CONSENSUS][PBFT]checkAndChangeView: Reach consensus,org_view=126093,org_changeCycle=0,cur_changeCycle=0,to_view=126094
info|2019-11-15 11:00:09.794523|[g:1][CONSENSUS]addRawPrepare,height=1,reqIdx=2,hash=63092e72...
info|2019-11-15 11:00:09.795359|[g:1][CONSENSUS][PBFT]checkTimeout Succ,view=126094,toView=126095,nodeIdx=3,changeCycle=0,myNode=de0436d1...,timecost=0.664
info|2019-11-15 11:00:09.796876|[g:1][CONSENSUS][PBFT]checkAndChangeView: Reach consensus,org_view=126094,org_changeCycle=0,cur_changeCycle=0,to_view=126095
info|2019-11-15 11:00:10.797094|[g:1][CONSENSUS][SEALER]++++++++++++++++ Generating seal on,blkNum=1,tx=0,nodeIdx=3,hash=41cb27ac...
info|2019-11-15 11:00:10.798254|[g:1][CONSENSUS][PBFT]checkTimeout Succ,view=126095,toView=126096,nodeIdx=3,changeCycle=0,myNode=de0436d1...,timecost=0.719
info|2019-11-15 11:00:10.800768|[g:1][CONSENSUS][PBFT]checkAndChangeView: Reach consensus,org_view=126095,org_changeCycle=0,cur_changeCycle=0,to_view=126096
info|2019-11-15 11:00:11.802548|[g:1][CONSENSUS]addRawPrepare,height=1,reqIdx=0,hash=c41c999a...
info|2019-11-15 11:00:11.803341|[g:1][CONSENSUS][PBFT]checkTimeout Succ,view=126096,toView=126097,nodeIdx=3,changeCycle=0,myNode=de0436d1...,timecost=0.561
info|2019-11-15 11:00:11.804751|[g:1][CONSENSUS][PBFT]checkAndChangeView: Reach consensus,org_view=126096,org_changeCycle=0,cur_changeCycle=0,to_view=126097
info|2019-11-15 11:00:12.806373|[g:1][CONSENSUS]addRawPrepare,height=1,reqIdx=1,hash=ec70960b...
info|2019-11-15 11:00:12.807087|[g:1][CONSENSUS][PBFT]checkTimeout Succ,view=126097,toView=126098,nodeIdx=3,changeCycle=0,myNode=de0436d1...,timecost=0.508
info|2019-11-15 11:00:12.808799|[g:1][CONSENSUS][PBFT]checkAndChangeView: Reach consensus,org_view=126097,org_changeCycle=0,cur_changeCycle=0,to_view=126098
info|2019-11-15 11:00:13.809841|[g:1][CONSENSUS]addRawPrepare,height=1,reqIdx=2,hash=b1c77d7e...
info|2019-11-15 11:00:13.810533|[g:1][CONSENSUS][PBFT]checkTimeout Succ,view=126098,toView=126099,nodeIdx=3,changeCycle=0,myNode=de0436d1...,timecost=0.557
info|2019-11-15 11:00:13.812263|[g:1][CONSENSUS][PBFT]checkAndChangeView: Reach consensus,org_view=126098,org_changeCycle=0,cur_changeCycle=0,to_view=126099
info|2019-11-15 11:00:14.812394|[g:1][CONSENSUS][SEALER]++++++++++++++++ Generating seal on,blkNum=1,tx=0,nodeIdx=3,hash=6d9dee75...
info|2019-11-15 11:00:14.813433|[g:1][CONSENSUS][PBFT]checkTimeout Succ,view=126099,toView=126100,nodeIdx=3,changeCycle=0,myNode=de0436d1...,timecost=0.565
info|2019-11-15 11:00:14.816376|[g:1][CONSENSUS][PBFT]checkAndChangeView: Reach consensus,org_view=126099,org_changeCycle=0,cur_changeCycle=0,to_view=126100
info|2019-11-15 11:00:15.075457|[P2P][Service] heartBeat,connected count=3
info|2019-11-15 11:00:15.817352|[g:1][CONSENSUS]addRawPrepare,height=1,reqIdx=0,hash=522fb1ff...
info|2019-11-15 11:00:15.818247|[g:1][CONSENSUS][PBFT]checkTimeout Succ,view=126100,toView=126101,nodeIdx=3,changeCycle=0,myNode=de0436d1...,timecost=0.792
info|2019-11-15 11:00:15.819347|[g:1][CONSENSUS][PBFT]checkAndChangeView: Reach consensus,org_view=126100,org_changeCycle=0,cur_changeCycle=0,to_view=126101
info|2019-11-15 11:00:16.820535|[g:1][CONSENSUS]addRawPrepare,height=1,reqIdx=1,hash=ac24938b...
info|2019-11-15 11:00:16.821127|[g:1][CONSENSUS][PBFT]checkTimeout Succ,view=126101,toView=126102,nodeIdx=3,changeCycle=0,myNode=de0436d1...,timecost=0.452
info|2019-11-15 11:00:16.822515|[g:1][CONSENSUS][PBFT]checkAndChangeView: Reach consensus,org_view=126101,org_changeCycle=0,cur_changeCycle=0,to_view=126102
info|2019-11-15 11:00:17.824478|[g:1][CONSENSUS]addRawPrepare,height=1,reqIdx=2,hash=a58d7a5d...
info|2019-11-15 11:00:17.825069|[g:1][CONSENSUS][PBFT]checkTimeout Succ,view=126102,toView=126103,nodeIdx=3,changeCycle=0,myNode=de0436d1...,timecost=0.468
info|2019-11-15 11:00:17.826665|[g:1][CONSENSUS][PBFT]checkAndChangeView: Reach consensus,org_view=126102,org_changeCycle=0,cur_changeCycle=0,to_view=126103
info|2019-11-15 11:00:18.826406|[g:1][CONSENSUS][SEALER]++++++++++++++++ Generating seal on,blkNum=1,tx=0,nodeIdx=3,hash=203ac498...
info|2019-11-15 11:00:18.827097|[g:1][CONSENSUS][PBFT]checkTimeout Succ,view=126103,toView=126104,nodeIdx=3,changeCycle=0,myNode=de0436d1...,timecost=0.385
info|2019-11-15 11:00:18.829205|[g:1][CONSENSUS][PBFT]checkAndChangeView: Reach consensus,org_view=126103,org_changeCycle=0,cur_changeCycle=0,to_view=126104
info|2019-11-15 11:00:19.831048|[g:1][CONSENSUS]addRawPrepare,height=1,reqIdx=0,hash=3f151e9d...
info|2019-11-15 11:00:19.831505|[g:1][CONSENSUS][PBFT]checkTimeout Succ,view=126104,toView=126105,nodeIdx=3,changeCycle=0,myNode=de0436d1...,timecost=0.331
info|2019-11-15 11:00:19.832616|[g:1][CONSENSUS][PBFT]checkAndChangeView: Reach consensus,org_view=126104,org_changeCycle=0,cur_changeCycle=0,to_view=126105
info|2019-11-15 11:00:20.833166|[g:1][CONSENSUS]addRawPrepare,height=1,reqIdx=1,hash=a212f330...
info|2019-11-15 11:00:20.834088|[g:1][CONSENSUS][PBFT]checkTimeout Succ,view=126105,toView=126106,nodeIdx=3,changeCycle=0,myNode=de0436d1...,timecost=0.797
info|2019-11-15 11:00:20.835258|[g:1][CONSENSUS][PBFT]checkAndChangeView: Reach consensus,org_view=126105,org_changeCycle=0,cur_changeCycle=0,to_view=126106
info|2019-11-15 11:00:21.836208|[g:1][CONSENSUS]addRawPrepare,height=1,reqIdx=2,hash=2f520acf...
info|2019-11-15 11:00:21.836663|[g:1][CONSENSUS][PBFT]checkTimeout Succ,view=126106,toView=126107,nodeIdx=3,changeCycle=0,myNode=de0436d1...,timecost=0.363
info|2019-11-15 11:00:21.838015|[g:1][CONSENSUS][PBFT]checkAndChangeView: Reach consensus,org_view=126106,org_changeCycle=0,cur_changeCycle=0,to_view=126107
info|2019-11-15 11:00:22.839226|[g:1][CONSENSUS][SEALER]++++++++++++++++ Generating seal on,blkNum=1,tx=0,nodeIdx=3,hash=6ac80adc...
info|2019-11-15 11:00:22.841344|[g:1][CONSENSUS][PBFT]checkTimeout Succ,view=126107,toView=126108,nodeIdx=3,changeCycle=0,myNode=de0436d1...,timecost=0.665
info|2019-11-15 11:00:22.842447|[g:1][CONSENSUS][PBFT]checkAndChangeView: Reach consensus,org_view=126107,org_changeCycle=0,cur_changeCycle=0,to_view=126108
info|2019-11-15 11:00:23.843574|[g:1][CONSENSUS]addRawPrepare,height=1,reqIdx=0,hash=3f23e5b0...
info|2019-11-15 11:00:23.844259|[g:1][CONSENSUS][PBFT]checkTimeout Succ,view=126108,toView=126109,nodeIdx=3,changeCycle=0,myNode=de0436d1...,timecost=0.484
info|2019-11-15 11:00:23.845421|[g:1][CONSENSUS][PBFT]checkAndChangeView: Reach consensus,org_view=126108,org_changeCycle=0,cur_changeCycle=0,to_view=126109
info|2019-11-15 11:00:24.846603|[g:1][CONSENSUS]addRawPrepare,height=1,reqIdx=1,hash=43e985e1...
info|2019-11-15 11:00:24.847112|[g:1][CONSENSUS][PBFT]checkTimeout Succ,view=126109,toView=126110,nodeIdx=3,changeCycle=0,myNode=de0436d1...,timecost=0.392
info|2019-11-15 11:00:24.848408|[g:1][CONSENSUS][PBFT]checkAndChangeView: Reach consensus,org_view=126109,org_changeCycle=0,cur_changeCycle=0,to_view=126110
info|2019-11-15 11:00:25.077651|[P2P][Service] heartBeat,connected count=3
info|2019-11-15 11:00:25.849530|[g:1][CONSENSUS]addRawPrepare,height=1,reqIdx=2,hash=8683814e...
info|2019-11-15 11:00:25.850178|[g:1][CONSENSUS][PBFT]checkTimeout Succ,view=126110,toView=126111,nodeIdx=3,changeCycle=0,myNode=de0436d1...,timecost=0.521
info|2019-11-15 11:00:25.851249|[g:1][CONSENSUS][PBFT]checkAndChangeView: Reach consensus,org_view=126110,org_changeCycle=0,cur_changeCycle=0,to_view=126111
info|2019-11-15 11:00:26.851747|[g:1][CONSENSUS][SEALER]++++++++++++++++ Generating seal on,blkNum=1,tx=0,nodeIdx=3,hash=26fcac64...
info|2019-11-15 11:00:26.853928|[g:1][CONSENSUS][PBFT]checkTimeout Succ,view=126111,toView=126112,nodeIdx=3,changeCycle=0,myNode=de0436d1...,timecost=0.376
info|2019-11-15 11:00:26.855057|[g:1][CONSENSUS][PBFT]checkAndChangeView: Reach consensus,org_view=126111,org_changeCycle=0,cur_changeCycle=0,to_view=126112
info|2019-11-15 11:00:27.855630|[g:1][CONSENSUS]addRawPrepare,height=1,reqIdx=0,hash=60126dc0...
info|2019-11-15 11:00:27.856212|[g:1][CONSENSUS][PBFT]checkTimeout Succ,view=126112,toView=126113,nodeIdx=3,changeCycle=0,myNode=de0436d1...,timecost=0.425
info|2019-11-15 11:00:27.857428|[g:1][CONSENSUS][PBFT]checkAndChangeView: Reach consensus,org_view=126112,org_changeCycle=0,cur_changeCycle=0,to_view=126113
info|2019-11-15 11:00:28.858084|[g:1][CONSENSUS]addRawPrepare,height=1,reqIdx=1,hash=61fa931d...
info|2019-11-15 11:00:28.858521|[g:1][CONSENSUS][PBFT]checkTimeout Succ,view=126113,toView=126114,nodeIdx=3,changeCycle=0,myNode=de0436d1...,timecost=0.333
info|2019-11-15 11:00:28.859763|[g:1][CONSENSUS][PBFT]checkAndChangeView: Reach consensus,org_view=126113,org_changeCycle=0,cur_changeCycle=0,to_view=126114
info|2019-11-15 11:00:29.861325|[g:1][CONSENSUS]addRawPrepare,height=1,reqIdx=2,hash=cac8a73e...
info|2019-11-15 11:00:29.861816|[g:1][CONSENSUS][PBFT]checkTimeout Succ,view=126114,toView=126115,nodeIdx=3,changeCycle=0,myNode=de0436d1...,timecost=0.36
info|2019-11-15 11:00:29.863104|[g:1][CONSENSUS][PBFT]checkAndChangeView: Reach consensus,org_view=126114,org_changeCycle=0,cur_changeCycle=0,to_view=126115
info|2019-11-15 11:00:30.864286|[g:1][CONSENSUS][SEALER]++++++++++++++++ Generating seal on,blkNum=1,tx=0,nodeIdx=3,hash=a55cacd9...
info|2019-11-15 11:00:30.864953|[g:1][CONSENSUS][PBFT]checkTimeout Succ,view=126115,toView=126116,nodeIdx=3,changeCycle=0,myNode=de0436d1...,timecost=0.309
info|2019-11-15 11:00:30.867068|[g:1][CONSENSUS][PBFT]checkAndChangeView: Reach consensus,org_view=126115,org_changeCycle=0,cur_changeCycle=0,to_view=126116
info|2019-11-15 11:00:31.868348|[g:1][CONSENSUS]addRawPrepare,height=1,reqIdx=0,hash=0805d6d1...
info|2019-11-15 11:00:31.868940|[g:1][CONSENSUS][PBFT]checkTimeout Succ,view=126116,toView=126117,nodeIdx=3,changeCycle=0,myNode=de0436d1...,timecost=0.46
info|2019-11-15 11:00:31.870001|[g:1][CONSENSUS][PBFT]checkAndChangeView: Reach consensus,org_view=126116,org_changeCycle=0,cur_changeCycle=0,to_view=126117
info|2019-11-15 11:00:32.870448|[g:1][CONSENSUS]addRawPrepare,height=1,reqIdx=1,hash=d8e20e9d...
info|2019-11-15 11:00:32.870912|[g:1][CONSENSUS][PBFT]checkTimeout Succ,view=126117,toView=126118,nodeIdx=3,changeCycle=0,myNode=de0436d1...,timecost=0.363
info|2019-11-15 11:00:32.872446|[g:1][CONSENSUS][PBFT]checkAndChangeView: Reach consensus,org_view=126117,org_changeCycle=0,cur_changeCycle=0,to_view=126118
info|2019-11-15 11:00:33.873223|[g:1][CONSENSUS]addRawPrepare,height=1,reqIdx=2,hash=cc488de3...
info|2019-11-15 11:00:33.873734|[g:1][CONSENSUS][PBFT]checkTimeout Succ,view=126118,toView=126119,nodeIdx=3,changeCycle=0,myNode=de0436d1...,timecost=0.415
info|2019-11-15 11:00:33.875090|[g:1][CONSENSUS][PBFT]checkAndChangeView: Reach consensus,org_view=126118,org_changeCycle=0,cur_changeCycle=0,to_view=126119
info|2019-11-15 11:00:34.876106|[g:1][CONSENSUS][SEALER]++++++++++++++++ Generating seal on,blkNum=1,tx=0,nodeIdx=3,hash=9ed379c4...
info|2019-11-15 11:00:34.876862|[g:1][CONSENSUS][PBFT]checkTimeout Succ,view=126119,toView=126120,nodeIdx=3,changeCycle=0,myNode=de0436d1...,timecost=0.293
info|2019-11-15 11:00:34.878604|[g:1][CONSENSUS][PBFT]checkAndChangeView: Reach consensus,org_view=126119,org_changeCycle=0,cur_changeCycle=0,to_view=126120
info|2019-11-15 11:00:35.080598|[P2P][Service] heartBeat,connected count=3
info|2019-11-15 11:00:35.879331|[g:1][CONSENSUS]addRawPrepare,height=1,reqIdx=0,hash=457aa6ee...
info|2019-11-15 11:00:35.880039|[g:1][CONSENSUS][PBFT]checkTimeout Succ,view=126120,toView=126121,nodeIdx=3,changeCycle=0,myNode=de0436d1...,timecost=0.58
info|2019-11-15 11:00:35.881261|[g:1][CONSENSUS][PBFT]checkAndChangeView: Reach consensus,org_view=126120,org_changeCycle=0,cur_changeCycle=0,to_view=126121
info|2019-11-15 11:00:36.882084|[g:1][CONSENSUS]addRawPrepare,height=1,reqIdx=1,hash=627c66ee...
info|2019-11-15 11:00:36.882516|[g:1][CONSENSUS][PBFT]checkTimeout Succ,view=126121,toView=126122,nodeIdx=3,changeCycle=0,myNode=de0436d1...,timecost=0.312
info|2019-11-15 11:00:36.883802|[g:1][CONSENSUS][PBFT]checkAndChangeView: Reach consensus,org_view=126121,org_changeCycle=0,cur_changeCycle=0,to_view=126122
info|2019-11-15 11:00:37.884997|[g:1][CONSENSUS]addRawPrepare,height=1,reqIdx=2,hash=8f462ca0...
info|2019-11-15 11:00:37.885455|[g:1][CONSENSUS][PBFT]checkTimeout Succ,view=126122,toView=126123,nodeIdx=3,changeCycle=0,myNode=de0436d1...,timecost=0.358
info|2019-11-15 11:00:37.886612|[g:1][CONSENSUS][PBFT]checkAndChangeView: Reach consensus,org_view=126122,org_changeCycle=0,cur_changeCycle=0,to_view=126123
info|2019-11-15 11:00:38.886253|[g:1][CONSENSUS][SEALER]++++++++++++++++ Generating seal on,blkNum=1,tx=0,nodeIdx=3,hash=f6ddd5af...
info|2019-11-15 11:00:38.889209|[g:1][CONSENSUS][PBFT]checkTimeout Succ,view=126123,toView=126124,nodeIdx=3,changeCycle=0,myNode=de0436d1...,timecost=0.352
info|2019-11-15 11:00:38.889805|[g:1][CONSENSUS][PBFT]checkAndChangeView: Reach consensus,org_view=126123,org_changeCycle=0,cur_changeCycle=0,to_view=126124
info|2019-11-15 11:00:39.890737|[g:1][CONSENSUS]addRawPrepare,height=1,reqIdx=0,hash=200dd956...
info|2019-11-15 11:00:39.891377|[g:1][CONSENSUS][PBFT]checkTimeout Succ,view=126124,toView=126125,nodeIdx=3,changeCycle=0,myNode=de0436d1...,timecost=0.482
info|2019-11-15 11:00:39.892622|[g:1][CONSENSUS][PBFT]checkAndChangeView: Reach consensus,org_view=126124,org_changeCycle=0,cur_changeCycle=0,to_view=126125
info|2019-11-15 11:00:40.893392|[g:1][CONSENSUS]addRawPrepare,height=1,reqIdx=1,hash=f393e208...
info|2019-11-15 11:00:40.894453|[g:1][CONSENSUS][PBFT]checkTimeout Succ,view=126125,toView=126126,nodeIdx=3,changeCycle=0,myNode=de0436d1...,timecost=0.904
info|2019-11-15 11:00:40.895649|[g:1][CONSENSUS][PBFT]checkAndChangeView: Reach consensus,org_view=126125,org_changeCycle=0,cur_changeCycle=0,to_view=126126
info|2019-11-15 11:00:41.896040|[g:1][CONSENSUS]addRawPrepare,height=1,reqIdx=2,hash=854a55bb...
info|2019-11-15 11:00:41.896531|[g:1][CONSENSUS][PBFT]checkTimeout Succ,view=126126,toView=126127,nodeIdx=3,changeCycle=0,myNode=de0436d1...,timecost=0.393
info|2019-11-15 11:00:41.897745|[g:1][CONSENSUS][PBFT]checkAndChangeView: Reach consensus,org_view=126126,org_changeCycle=0,cur_changeCycle=0,to_view=126127
info|2019-11-15 11:00:42.897918|[g:1][CONSENSUS][SEALER]++++++++++++++++ Generating seal on,blkNum=1,tx=0,nodeIdx=3,hash=f4ca1e53...
info|2019-11-15 11:00:42.898516|[g:1][CONSENSUS][PBFT]checkTimeout Succ,view=126127,toView=126128,nodeIdx=3,changeCycle=0,myNode=de0436d1...,timecost=0.302
info|2019-11-15 11:00:42.900358|[g:1][CONSENSUS][PBFT]checkAndChangeView: Reach consensus,org_view=126127,org_changeCycle=0,cur_changeCycle=0,to_view=126128
info|2019-11-15 11:00:43.901757|[g:1][CONSENSUS]addRawPrepare,height=1,reqIdx=0,hash=7c50d14c...
info|2019-11-15 11:00:43.902432|[g:1][CONSENSUS][PBFT]checkTimeout Succ,view=126128,toView=126129,nodeIdx=3,changeCycle=0,myNode=de0436d1...,timecost=0.449
info|2019-11-15 11:00:43.903524|[g:1][CONSENSUS][PBFT]checkAndChangeView: Reach consensus,org_view=126128,org_changeCycle=0,cur_changeCycle=0,to_view=126129
info|2019-11-15 11:00:44.904216|[g:1][CONSENSUS]addRawPrepare,height=1,reqIdx=1,hash=a197d61a...
info|2019-11-15 11:00:44.904634|[g:1][CONSENSUS][PBFT]checkTimeout Succ,view=126129,toView=126130,nodeIdx=3,changeCycle=0,myNode=de0436d1...,timecost=0.321
info|2019-11-15 11:00:44.905747|[g:1][CONSENSUS][PBFT]checkAndChangeView: Reach consensus,org_view=126129,org_changeCycle=0,cur_changeCycle=0,to_view=126130
info|2019-11-15 11:00:45.084279|[P2P][Service] heartBeat,connected count=3
info|2019-11-15 11:00:45.906262|[g:1][CONSENSUS]addRawPrepare,height=1,reqIdx=2,hash=83fec6fe...
info|2019-11-15 11:00:45.907107|[g:1][CONSENSUS][PBFT]checkTimeout Succ,view=126130,toView=126131,nodeIdx=3,changeCycle=0,myNode=de0436d1...,timecost=0.718
info|2019-11-15 11:00:45.908246|[g:1][CONSENSUS][PBFT]checkAndChangeView: Reach consensus,org_view=126130,org_changeCycle=0,cur_changeCycle=0,to_view=126131
info|2019-11-15 11:00:46.909266|[g:1][CONSENSUS][SEALER]++++++++++++++++ Generating seal on,blkNum=1,tx=0,nodeIdx=3,hash=e2bd942e...
info|2019-11-15 11:00:46.909870|[g:1][CONSENSUS][PBFT]checkTimeout Succ,view=126131,toView=126132,nodeIdx=3,changeCycle=0,myNode=de0436d1...,timecost=0.286
info|2019-11-15 11:00:46.911918|[g:1][CONSENSUS][PBFT]checkAndChangeView: Reach consensus,org_view=126131,org_changeCycle=0,cur_changeCycle=0,to_view=126132
info|2019-11-15 11:00:47.914168|[g:1][CONSENSUS]addRawPrepare,height=1,reqIdx=0,hash=e95e5cea...
info|2019-11-15 11:00:47.914665|[g:1][CONSENSUS][PBFT]checkTimeout Succ,view=126132,toView=126133,nodeIdx=3,changeCycle=0,myNode=de0436d1...,timecost=0.382
info|2019-11-15 11:00:47.915964|[g:1][CONSENSUS][PBFT]checkAndChangeView: Reach consensus,org_view=126132,org_changeCycle=0,cur_changeCycle=0,to_view=126133
info|2019-11-15 11:00:48.916381|[g:1][CONSENSUS]addRawPrepare,height=1,reqIdx=1,hash=5927bb6a...
info|2019-11-15 11:00:48.916906|[g:1][CONSENSUS][PBFT]checkTimeout Succ,view=126133,toView=126134,nodeIdx=3,changeCycle=0,myNode=de0436d1...,timecost=0.407
info|2019-11-15 11:00:48.918117|[g:1][CONSENSUS][PBFT]checkAndChangeView: Reach consensus,org_view=126133,org_changeCycle=0,cur_changeCycle=0,to_view=126134
info|2019-11-15 11:00:49.918919|[g:1][CONSENSUS]addRawPrepare,height=1,reqIdx=2,hash=bb9f4daa...
info|2019-11-15 11:00:49.919406|[g:1][CONSENSUS][PBFT]checkTimeout Succ,view=126134,toView=126135,nodeIdx=3,changeCycle=0,myNode=de0436d1...,timecost=0.359
info|2019-11-15 11:00:49.920418|[g:1][CONSENSUS][PBFT]checkAndChangeView: Reach consensus,org_view=126134,org_changeCycle=0,cur_changeCycle=0,to_view=126135
info|2019-11-15 11:00:50.920743|[g:1][CONSENSUS][SEALER]++++++++++++++++ Generating seal on,blkNum=1,tx=0,nodeIdx=3,hash=c3bf724d...
info|2019-11-15 11:00:50.921393|[g:1][CONSENSUS][PBFT]checkTimeout Succ,view=126135,toView=126136,nodeIdx=3,changeCycle=0,myNode=de0436d1...,timecost=0.35
info|2019-11-15 11:00:50.923345|[g:1][CONSENSUS][PBFT]checkAndChangeView: Reach consensus,org_view=126135,org_changeCycle=0,cur_changeCycle=0,to_view=126136
info|2019-11-15 11:00:51.924858|[g:1][CONSENSUS]addRawPrepare,height=1,reqIdx=0,hash=8714af77...
info|2019-11-15 11:00:51.925287|[g:1][CONSENSUS][PBFT]checkTimeout Succ,view=126136,toView=126137,nodeIdx=3,changeCycle=0,myNode=de0436d1...,timecost=0.328
info|2019-11-15 11:00:51.926324|[g:1][CONSENSUS][PBFT]checkAndChangeView: Reach consensus,org_view=126136,org_changeCycle=0,cur_changeCycle=0,to_view=126137
info|2019-11-15 11:00:52.927848|[g:1][CONSENSUS]addRawPrepare,height=1,reqIdx=1,hash=6a40d7fc...
info|2019-11-15 11:00:52.928324|[g:1][CONSENSUS][PBFT]checkTimeout Succ,view=126137,toView=126138,nodeIdx=3,changeCycle=0,myNode=de0436d1...,timecost=0.361
info|2019-11-15 11:00:52.929557|[g:1][CONSENSUS][PBFT]checkAndChangeView: Reach consensus,org_view=126137,org_changeCycle=0,cur_changeCycle=0,to_view=126138
info|2019-11-15 11:00:53.930799|[g:1][CONSENSUS]addRawPrepare,height=1,reqIdx=2,hash=90a02729...
info|2019-11-15 11:00:53.931322|[g:1][CONSENSUS][PBFT]checkTimeout Succ,view=126138,toView=126139,nodeIdx=3,changeCycle=0,myNode=de0436d1...,timecost=0.4
info|2019-11-15 11:00:53.932427|[g:1][CONSENSUS][PBFT]checkAndChangeView: Reach consensus,org_view=126138,org_changeCycle=0,cur_changeCycle=0,to_view=126139
info|2019-11-15 11:00:54.932763|[g:1][CONSENSUS][SEALER]++++++++++++++++ Generating seal on,blkNum=1,tx=0,nodeIdx=3,hash=a614bd53...
info|2019-11-15 11:00:54.933361|[g:1][CONSENSUS][PBFT]checkTimeout Succ,view=126139,toView=126140,nodeIdx=3,changeCycle=0,myNode=de0436d1...,timecost=0.28
info|2019-11-15 11:00:54.935283|[g:1][CONSENSUS][PBFT]checkAndChangeView: Reach consensus,org_view=126139,org_changeCycle=0,cur_changeCycle=0,to_view=126140
info|2019-11-15 11:00:55.087518|[P2P][Service] heartBeat,connected count=3
info|2019-11-15 11:00:55.936902|[g:1][CONSENSUS]addRawPrepare,height=1,reqIdx=0,hash=7e831e33...
info|2019-11-15 11:00:55.937734|[g:1][CONSENSUS][PBFT]checkTimeout Succ,view=126140,toView=126141,nodeIdx=3,changeCycle=0,myNode=de0436d1...,timecost=0.711
info|2019-11-15 11:00:55.938763|[g:1][CONSENSUS][PBFT]checkAndChangeView: Reach consensus,org_view=126140,org_changeCycle=0,cur_changeCycle=0,to_view=126141
info|2019-11-15 11:00:56.940202|[g:1][CONSENSUS]addRawPrepare,height=1,reqIdx=1,hash=d0711dfe...
info|2019-11-15 11:00:56.940649|[g:1][CONSENSUS][PBFT]checkTimeout Succ,view=126141,toView=126142,nodeIdx=3,changeCycle=0,myNode=de0436d1...,timecost=0.332
info|2019-11-15 11:00:56.941725|[g:1][CONSENSUS][PBFT]checkAndChangeView: Reach consensus,org_view=126141,org_changeCycle=0,cur_changeCycle=0,to_view=126142
info|2019-11-15 11:00:57.943985|[g:1][CONSENSUS]addRawPrepare,height=1,reqIdx=2,hash=c5bf27b8...
info|2019-11-15 11:00:57.944467|[g:1][CONSENSUS][PBFT]checkTimeout Succ,view=126142,toView=126143,nodeIdx=3,changeCycle=0,myNode=de0436d1...,timecost=0.382
info|2019-11-15 11:00:57.945538|[g:1][CONSENSUS][PBFT]checkAndChangeView: Reach consensus,org_view=126142,org_changeCycle=0,cur_changeCycle=0,to_view=126143
info|2019-11-15 11:00:58.945508|[g:1][CONSENSUS][SEALER]++++++++++++++++ Generating seal on,blkNum=1,tx=0,nodeIdx=3,hash=e5449687...
info|2019-11-15 11:00:58.946115|[g:1][CONSENSUS][PBFT]checkTimeout Succ,view=126143,toView=126144,nodeIdx=3,changeCycle=0,myNode=de0436d1...,timecost=0.288
info|2019-11-15 11:00:58.947934|[g:1][CONSENSUS][PBFT]checkAndChangeView: Reach consensus,org_view=126143,org_changeCycle=0,cur_changeCycle=0,to_view=126144
info|2019-11-15 11:00:59.949843|[g:1][CONSENSUS]addRawPrepare,height=1,reqIdx=0,hash=d58e4015...
info|2019-11-15 11:00:59.950350|[g:1][CONSENSUS][PBFT]checkTimeout Succ,view=126144,toView=126145,nodeIdx=3,changeCycle=0,myNode=de0436d1...,timecost=0.381
info|2019-11-15 11:00:59.951538|[g:1][CONSENSUS][PBFT]checkAndChangeView: Reach consensus,org_view=126144,org_changeCycle=0,cur_changeCycle=0,to_view=126145
info|2019-11-15 11:01:00.952683|[g:1][CONSENSUS]addRawPrepare,height=1,reqIdx=1,hash=d92d9381...
info|2019-11-15 11:01:00.953584|[g:1][CONSENSUS][PBFT]checkTimeout Succ,view=126145,toView=126146,nodeIdx=3,changeCycle=0,myNode=de0436d1...,timecost=0.792
info|2019-11-15 11:01:00.954804|[g:1][CONSENSUS][PBFT]checkAndChangeView: Reach consensus,org_view=126145,org_changeCycle=0,cur_changeCycle=0,to_view=126146
info|2019-11-15 11:01:01.955864|[g:1][CONSENSUS]addRawPrepare,height=1,reqIdx=2,hash=87389128...
info|2019-11-15 11:01:01.956400|[g:1][CONSENSUS][PBFT]checkTimeout Succ,view=126146,toView=126147,nodeIdx=3,changeCycle=0,myNode=de0436d1...,timecost=0.41
info|2019-11-15 11:01:01.957541|[g:1][CONSENSUS][PBFT]checkAndChangeView: Reach consensus,org_view=126146,org_changeCycle=0,cur_changeCycle=0,to_view=126147
info|2019-11-15 11:01:02.957504|[g:1][CONSENSUS][SEALER]++++++++++++++++ Generating seal on,blkNum=1,tx=0,nodeIdx=3,hash=18aca059...
info|2019-11-15 11:01:02.958113|[g:1][CONSENSUS][PBFT]checkTimeout Succ,view=126147,toView=126148,nodeIdx=3,changeCycle=0,myNode=de0436d1...,timecost=0.294
info|2019-11-15 11:01:02.960220|[g:1][CONSENSUS][PBFT]checkAndChangeView: Reach consensus,org_view=126147,org_changeCycle=0,cur_changeCycle=0,to_view=126148
info|2019-11-15 11:01:03.961252|[g:1][CONSENSUS]addRawPrepare,height=1,reqIdx=0,hash=080284d7...
info|2019-11-15 11:01:03.961837|[g:1][CONSENSUS][PBFT]checkTimeout Succ,view=126148,toView=126149,nodeIdx=3,changeCycle=0,myNode=de0436d1...,timecost=0.413
info|2019-11-15 11:01:03.963114|[g:1][CONSENSUS][PBFT]checkAndChangeView: Reach consensus,org_view=126148,org_changeCycle=0,cur_changeCycle=0,to_view=126149
info|2019-11-15 11:01:04.965036|[g:1][CONSENSUS]addRawPrepare,height=1,reqIdx=1,hash=c7d3c1e4...
info|2019-11-15 11:01:04.965470|[g:1][CONSENSUS][PBFT]checkTimeout Succ,view=126149,toView=126150,nodeIdx=3,changeCycle=0,myNode=de0436d1...,timecost=0.337
info|2019-11-15 11:01:04.966560|[g:1][CONSENSUS][PBFT]checkAndChangeView: Reach consensus,org_view=126149,org_changeCycle=0,cur_changeCycle=0,to_view=126150
info|2019-11-15 11:01:05.091086|[P2P][Service] heartBeat,connected count=3
info|2019-11-15 11:01:05.967328|[g:1][CONSENSUS]addRawPrepare,height=1,reqIdx=2,hash=9e6e2187...
info|2019-11-15 11:01:05.967916|[g:1][CONSENSUS][PBFT]checkTimeout Succ,view=126150,toView=126151,nodeIdx=3,changeCycle=0,myNode=de0436d1...,timecost=0.468
info|2019-11-15 11:01:05.969403|[g:1][CONSENSUS][PBFT]checkAndChangeView: Reach consensus,org_view=126150,org_changeCycle=0,cur_changeCycle=0,to_view=126151
info|2019-11-15 11:01:06.970300|[g:1][CONSENSUS][SEALER]++++++++++++++++ Generating seal on,blkNum=1,tx=0,nodeIdx=3,hash=83cf3f2a...
info|2019-11-15 11:01:06.970992|[g:1][CONSENSUS][PBFT]checkTimeout Succ,view=126151,toView=126152,nodeIdx=3,changeCycle=0,myNode=de0436d1...,timecost=0.369
info|2019-11-15 11:01:06.972859|[g:1][CONSENSUS][PBFT]checkAndChangeView: Reach consensus,org_view=126151,org_changeCycle=0,cur_changeCycle=0,to_view=126152
info|2019-11-15 11:01:07.973396|[g:1][CONSENSUS]addRawPrepare,height=1,reqIdx=0,hash=44dcecdc...
info|2019-11-15 11:01:07.973885|[g:1][CONSENSUS][PBFT]checkTimeout Succ,view=126152,toView=126153,nodeIdx=3,changeCycle=0,myNode=de0436d1...,timecost=0.386
info|2019-11-15 11:01:07.974977|[g:1][CONSENSUS][PBFT]checkAndChangeView: Reach consensus,org_view=126152,org_changeCycle=0,cur_changeCycle=0,to_view=126153
info|2019-11-15 11:01:08.977019|[g:1][CONSENSUS]addRawPrepare,height=1,reqIdx=1,hash=c821337b...
info|2019-11-15 11:01:08.977455|[g:1][CONSENSUS][PBFT]checkTimeout Succ,view=126153,toView=126154,nodeIdx=3,changeCycle=0,myNode=de0436d1...,timecost=0.332
info|2019-11-15 11:01:08.978911|[g:1][CONSENSUS][PBFT]checkAndChangeView: Reach consensus,org_view=126153,org_changeCycle=0,cur_changeCycle=0,to_view=126154
info|2019-11-15 11:01:09.980013|[g:1][CONSENSUS]addRawPrepare,height=1,reqIdx=2,hash=09b7b80e...
info|2019-11-15 11:01:09.980461|[g:1][CONSENSUS][PBFT]checkTimeout Succ,view=126154,toView=126155,nodeIdx=3,changeCycle=0,myNode=de0436d1...,timecost=0.332
info|2019-11-15 11:01:09.981627|[g:1][CONSENSUS][PBFT]checkAndChangeView: Reach consensus,org_view=126154,org_changeCycle=0,cur_changeCycle=0,to_view=126155
info|2019-11-15 11:01:10.981539|[g:1][CONSENSUS][SEALER]++++++++++++++++ Generating seal on,blkNum=1,tx=0,nodeIdx=3,hash=072214f7...
info|2019-11-15 11:01:10.982163|[g:1][CONSENSUS][PBFT]checkTimeout Succ,view=126155,toView=126156,nodeIdx=3,changeCycle=0,myNode=de0436d1...,timecost=0.312
info|2019-11-15 11:01:10.984288|[g:1][CONSENSUS][PBFT]checkAndChangeView: Reach consensus,org_view=126155,org_changeCycle=0,cur_changeCycle=0,to_view=126156
info|2019-11-15 11:01:11.985996|[g:1][CONSENSUS]addRawPrepare,height=1,reqIdx=0,hash=825ddbaa...
info|2019-11-15 11:01:11.986473|[g:1][CONSENSUS][PBFT]checkTimeout Succ,view=126156,toView=126157,nodeIdx=3,changeCycle=0,myNode=de0436d1...,timecost=0.358
info|2019-11-15 11:01:11.987636|[g:1][CONSENSUS][PBFT]checkAndChangeView: Reach consensus,org_view=126156,org_changeCycle=0,cur_changeCycle=0,to_view=126157
info|2019-11-15 11:01:12.988698|[g:1][CONSENSUS]addRawPrepare,height=1,reqIdx=1,hash=cc48f9c3...
info|2019-11-15 11:01:12.989207|[g:1][CONSENSUS][PBFT]checkTimeout Succ,view=126157,toView=126158,nodeIdx=3,changeCycle=0,myNode=de0436d1...,timecost=0.388
info|2019-11-15 11:01:12.990613|[g:1][CONSENSUS][PBFT]checkAndChangeView: Reach consensus,org_view=126157,org_changeCycle=0,cur_changeCycle=0,to_view=126158
info|2019-11-15 11:01:13.992158|[g:1][CONSENSUS]addRawPrepare,height=1,reqIdx=2,hash=0e248027...
info|2019-11-15 11:01:13.992979|[g:1][CONSENSUS][PBFT]checkTimeout Succ,view=126158,toView=126159,nodeIdx=3,changeCycle=0,myNode=de0436d1...,timecost=0.676
info|2019-11-15 11:01:13.994137|[g:1][CONSENSUS][PBFT]checkAndChangeView: Reach consensus,org_view=126158,org_changeCycle=0,cur_changeCycle=0,to_view=126159
info|2019-11-15 11:01:14.995238|[g:1][CONSENSUS][SEALER]++++++++++++++++ Generating seal on,blkNum=1,tx=0,nodeIdx=3,hash=93dda7ef...
info|2019-11-15 11:01:14.995794|[g:1][CONSENSUS][PBFT]checkTimeout Succ,view=126159,toView=126160,nodeIdx=3,changeCycle=0,myNode=de0436d1...,timecost=0.274
info|2019-11-15 11:01:14.997867|[g:1][CONSENSUS][PBFT]checkAndChangeView: Reach consensus,org_view=126159,org_changeCycle=0,cur_changeCycle=0,to_view=126160
info|2019-11-15 11:01:15.094222|[P2P][Service] heartBeat,connected count=3
info|2019-11-15 11:01:15.998558|[g:1][CONSENSUS]addRawPrepare,height=1,reqIdx=0,hash=9aa598e6...
info|2019-11-15 11:01:15.999085|[g:1][CONSENSUS][PBFT]checkTimeout Succ,view=126160,toView=126161,nodeIdx=3,changeCycle=0,myNode=de0436d1...,timecost=0.421
info|2019-11-15 11:01:16.000269|[g:1][CONSENSUS][PBFT]checkAndChangeView: Reach consensus,org_view=126160,org_changeCycle=0,cur_changeCycle=0,to_view=126161
info|2019-11-15 11:01:17.001399|[g:1][CONSENSUS]addRawPrepare,height=1,reqIdx=1,hash=74344ef0...
info|2019-11-15 11:01:17.001878|[g:1][CONSENSUS][PBFT]checkTimeout Succ,view=126161,toView=126162,nodeIdx=3,changeCycle=0,myNode=de0436d1...,timecost=0.384
info|2019-11-15 11:01:17.002954|[g:1][CONSENSUS][PBFT]checkAndChangeView: Reach consensus,org_view=126161,org_changeCycle=0,cur_changeCycle=0,to_view=126162
info|2019-11-15 11:01:18.003142|[g:1][CONSENSUS]addRawPrepare,height=1,reqIdx=2,hash=2db8ed7c...
info|2019-11-15 11:01:18.003672|[g:1][CONSENSUS][PBFT]checkTimeout Succ,view=126162,toView=126163,nodeIdx=3,changeCycle=0,myNode=de0436d1...,timecost=0.412
info|2019-11-15 11:01:18.004857|[g:1][CONSENSUS][PBFT]checkAndChangeView: Reach consensus,org_view=126162,org_changeCycle=0,cur_changeCycle=0,to_view=126163
info|2019-11-15 11:01:19.004896|[g:1][CONSENSUS][SEALER]++++++++++++++++ Generating seal on,blkNum=1,tx=0,nodeIdx=3,hash=4c962f53...
info|2019-11-15 11:01:19.005598|[g:1][CONSENSUS][PBFT]checkTimeout Succ,view=126163,toView=126164,nodeIdx=3,changeCycle=0,myNode=de0436d1...,timecost=0.318
info|2019-11-15 11:01:19.007604|[g:1][CONSENSUS][PBFT]checkAndChangeView: Reach consensus,org_view=126163,org_changeCycle=0,cur_changeCycle=0,to_view=126164
info|2019-11-15 11:01:20.008820|[g:1][CONSENSUS]addRawPrepare,height=1,reqIdx=0,hash=f7eb270d...
info|2019-11-15 11:01:20.009307|[g:1][CONSENSUS][PBFT]checkTimeout Succ,view=126164,toView=126165,nodeIdx=3,changeCycle=0,myNode=de0436d1...,timecost=0.36
info|2019-11-15 11:01:20.010833|[g:1][CONSENSUS][PBFT]checkAndChangeView: Reach consensus,org_view=126164,org_changeCycle=0,cur_changeCycle=0,to_view=126165
info|2019-11-15 11:01:21.012474|[g:1][CONSENSUS]addRawPrepare,height=1,reqIdx=1,hash=b2f773e3...
info|2019-11-15 11:01:21.013050|[g:1][CONSENSUS][PBFT]checkTimeout Succ,view=126165,toView=126166,nodeIdx=3,changeCycle=0,myNode=de0436d1...,timecost=0.444
info|2019-11-15 11:01:21.014238|[g:1][CONSENSUS][PBFT]checkAndChangeView: Reach consensus,org_view=126165,org_changeCycle=0,cur_changeCycle=0,to_view=126166
info|2019-11-15 11:01:22.015687|[g:1][CONSENSUS]addRawPrepare,height=1,reqIdx=2,hash=0258c263...
info|2019-11-15 11:01:22.016242|[g:1][CONSENSUS][PBFT]checkTimeout Succ,view=126166,toView=126167,nodeIdx=3,changeCycle=0,myNode=de0436d1...,timecost=0.429
info|2019-11-15 11:01:22.017355|[g:1][CONSENSUS][PBFT]checkAndChangeView: Reach consensus,org_view=126166,org_changeCycle=0,cur_changeCycle=0,to_view=126167
info|2019-11-15 11:01:23.018350|[g:1][CONSENSUS][SEALER]++++++++++++++++ Generating seal on,blkNum=1,tx=0,nodeIdx=3,hash=938ebec4...
info|2019-11-15 11:01:23.019213|[g:1][CONSENSUS][PBFT]checkTimeout Succ,view=126167,toView=126168,nodeIdx=3,changeCycle=0,myNode=de0436d1...,timecost=0.409
info|2019-11-15 11:01:23.021185|[g:1][CONSENSUS][PBFT]checkAndChangeView: Reach consensus,org_view=126167,org_changeCycle=0,cur_changeCycle=0,to_view=126168
info|2019-11-15 11:01:24.022944|[g:1][CONSENSUS]addRawPrepare,height=1,reqIdx=0,hash=23026718...
info|2019-11-15 11:01:24.023450|[g:1][CONSENSUS][PBFT]checkTimeout Succ,view=126168,toView=126169,nodeIdx=3,changeCycle=0,myNode=de0436d1...,timecost=0.41
info|2019-11-15 11:01:24.024842|[g:1][CONSENSUS][PBFT]checkAndChangeView: Reach consensus,org_view=126168,org_changeCycle=0,cur_changeCycle=0,to_view=126169
info|2019-11-15 11:01:25.025274|[g:1][CONSENSUS]addRawPrepare,height=1,reqIdx=1,hash=ab8054f8...
info|2019-11-15 11:01:25.025759|[g:1][CONSENSUS][PBFT]checkTimeout Succ,view=126169,toView=126170,nodeIdx=3,changeCycle=0,myNode=de0436d1...,timecost=0.385
info|2019-11-15 11:01:25.026744|[g:1][CONSENSUS][PBFT]checkAndChangeView: Reach consensus,org_view=126169,org_changeCycle=0,cur_changeCycle=0,to_view=126170
info|2019-11-15 11:01:25.097179|[P2P][Service] heartBeat,connected count=3
info|2019-11-15 11:01:26.027756|[g:1][CONSENSUS]addRawPrepare,height=1,reqIdx=2,hash=717b8a07...
info|2019-11-15 11:01:26.028620|[g:1][CONSENSUS][PBFT]checkTimeout Succ,view=126170,toView=126171,nodeIdx=3,changeCycle=0,myNode=de0436d1...,timecost=0.728
info|2019-11-15 11:01:26.030126|[g:1][CONSENSUS][PBFT]checkAndChangeView: Reach consensus,org_view=126170,org_changeCycle=0,cur_changeCycle=0,to_view=126171
info|2019-11-15 11:01:27.030659|[g:1][CONSENSUS][SEALER]++++++++++++++++ Generating seal on,blkNum=1,tx=0,nodeIdx=3,hash=0226e5cc...
info|2019-11-15 11:01:27.031627|[g:1][CONSENSUS][PBFT]checkTimeout Succ,view=126171,toView=126172,nodeIdx=3,changeCycle=0,myNode=de0436d1...,timecost=0.471
info|2019-11-15 11:01:27.034017|[g:1][CONSENSUS][PBFT]checkAndChangeView: Reach consensus,org_view=126171,org_changeCycle=0,cur_changeCycle=0,to_view=126172
info|2019-11-15 11:01:28.036103|[g:1][CONSENSUS]addRawPrepare,height=1,reqIdx=0,hash=89106b12...
info|2019-11-15 11:01:28.036559|[g:1][CONSENSUS][PBFT]checkTimeout Succ,view=126172,toView=126173,nodeIdx=3,changeCycle=0,myNode=de0436d1...,timecost=0.342
info|2019-11-15 11:01:28.037921|[g:1][CONSENSUS][PBFT]checkAndChangeView: Reach consensus,org_view=126172,org_changeCycle=0,cur_changeCycle=0,to_view=126173
info|2019-11-15 11:01:29.039315|[g:1][CONSENSUS]addRawPrepare,height=1,reqIdx=1,hash=19a90a2d...
info|2019-11-15 11:01:29.040067|[g:1][CONSENSUS][PBFT]checkTimeout Succ,view=126173,toView=126174,nodeIdx=3,changeCycle=0,myNode=de0436d1...,timecost=0.581
info|2019-11-15 11:01:29.041663|[g:1][CONSENSUS][PBFT]checkAndChangeView: Reach consensus,org_view=126173,org_changeCycle=0,cur_changeCycle=0,to_view=126174
info|2019-11-15 11:01:30.042838|[g:1][CONSENSUS]addRawPrepare,height=1,reqIdx=2,hash=57287967...
info|2019-11-15 11:01:30.043462|[g:1][CONSENSUS][PBFT]checkTimeout Succ,view=126174,toView=126175,nodeIdx=3,changeCycle=0,myNode=de0436d1...,timecost=0.506
info|2019-11-15 11:01:30.045149|[g:1][CONSENSUS][PBFT]checkAndChangeView: Reach consensus,org_view=126174,org_changeCycle=0,cur_changeCycle=0,to_view=126175
info|2019-11-15 11:01:31.045540|[g:1][CONSENSUS][SEALER]++++++++++++++++ Generating seal on,blkNum=1,tx=0,nodeIdx=3,hash=b9823245...
info|2019-11-15 11:01:31.046295|[g:1][CONSENSUS][PBFT]checkTimeout Succ,view=126175,toView=126176,nodeIdx=3,changeCycle=0,myNode=de0436d1...,timecost=0.353
info|2019-11-15 11:01:31.048546|[g:1][CONSENSUS][PBFT]checkAndChangeView: Reach consensus,org_view=126175,org_changeCycle=0,cur_changeCycle=0,to_view=126176
info|2019-11-15 11:01:32.050266|[g:1][CONSENSUS]addRawPrepare,height=1,reqIdx=0,hash=673f2c97...
info|2019-11-15 11:01:32.050823|[g:1][CONSENSUS][PBFT]checkTimeout Succ,view=126176,toView=126177,nodeIdx=3,changeCycle=0,myNode=de0436d1...,timecost=0.44
info|2019-11-15 11:01:32.052235|[g:1][CONSENSUS][PBFT]checkAndChangeView: Reach consensus,org_view=126176,org_changeCycle=0,cur_changeCycle=0,to_view=126177
info|2019-11-15 11:01:33.053351|[g:1][CONSENSUS]addRawPrepare,height=1,reqIdx=1,hash=423db959...
info|2019-11-15 11:01:33.054118|[g:1][CONSENSUS][PBFT]checkTimeout Succ,view=126177,toView=126178,nodeIdx=3,changeCycle=0,myNode=de0436d1...,timecost=0.591
info|2019-11-15 11:01:33.055711|[g:1][CONSENSUS][PBFT]checkAndChangeView: Reach consensus,org_view=126177,org_changeCycle=0,cur_changeCycle=0,to_view=126178
info|2019-11-15 11:01:34.057061|[g:1][CONSENSUS]addRawPrepare,height=1,reqIdx=2,hash=5dee2def...
info|2019-11-15 11:01:34.057624|[g:1][CONSENSUS][PBFT]checkTimeout Succ,view=126178,toView=126179,nodeIdx=3,changeCycle=0,myNode=de0436d1...,timecost=0.436
info|2019-11-15 11:01:34.058718|[g:1][CONSENSUS][PBFT]checkAndChangeView: Reach consensus,org_view=126178,org_changeCycle=0,cur_changeCycle=0,to_view=126179
info|2019-11-15 11:01:35.058276|[g:1][CONSENSUS][SEALER]++++++++++++++++ Generating seal on,blkNum=1,tx=0,nodeIdx=3,hash=d821a0db...
info|2019-11-15 11:01:35.058997|[g:1][CONSENSUS][PBFT]checkTimeout Succ,view=126179,toView=126180,nodeIdx=3,changeCycle=0,myNode=de0436d1...,timecost=0.369
info|2019-11-15 11:01:35.061123|[g:1][CONSENSUS][PBFT]checkAndChangeView: Reach consensus,org_view=126179,org_changeCycle=0,cur_changeCycle=0,to_view=126180
info|2019-11-15 11:01:35.100920|[P2P][Service] heartBeat,connected count=3
info|2019-11-15 11:01:36.062413|[g:1][CONSENSUS]addRawPrepare,height=1,reqIdx=0,hash=48210931...
info|2019-11-15 11:01:36.063209|[g:1][CONSENSUS][PBFT]checkTimeout Succ,view=126180,toView=126181,nodeIdx=3,changeCycle=0,myNode=de0436d1...,timecost=0.663
info|2019-11-15 11:01:36.065569|[g:1][CONSENSUS][PBFT]checkAndChangeView: Reach consensus,org_view=126180,org_changeCycle=0,cur_changeCycle=0,to_view=126181
info|2019-11-15 11:01:37.066743|[g:1][CONSENSUS]addRawPrepare,height=1,reqIdx=1,hash=992f946a...
info|2019-11-15 11:01:37.067244|[g:1][CONSENSUS][PBFT]checkTimeout Succ,view=126181,toView=126182,nodeIdx=3,changeCycle=0,myNode=de0436d1...,timecost=0.377
info|2019-11-15 11:01:37.068222|[g:1][CONSENSUS][PBFT]checkAndChangeView: Reach consensus,org_view=126181,org_changeCycle=0,cur_changeCycle=0,to_view=126182
info|2019-11-15 11:01:38.069507|[g:1][CONSENSUS]addRawPrepare,height=1,reqIdx=2,hash=75c8f4ef...
info|2019-11-15 11:01:38.070082|[g:1][CONSENSUS][PBFT]checkTimeout Succ,view=126182,toView=126183,nodeIdx=3,changeCycle=0,myNode=de0436d1...,timecost=0.448
info|2019-11-15 11:01:38.071864|[g:1][CONSENSUS][PBFT]checkAndChangeView: Reach consensus,org_view=126182,org_changeCycle=0,cur_changeCycle=0,to_view=126183
info|2019-11-15 11:01:39.071795|[g:1][CONSENSUS][SEALER]++++++++++++++++ Generating seal on,blkNum=1,tx=0,nodeIdx=3,hash=921ee1d4...
info|2019-11-15 11:01:39.075142|[g:1][CONSENSUS][PBFT]checkTimeout Succ,view=126183,toView=126184,nodeIdx=3,changeCycle=0,myNode=de0436d1...,timecost=0.501
info|2019-11-15 11:01:39.075808|[g:1][CONSENSUS][PBFT]checkAndChangeView: Reach consensus,org_view=126183,org_changeCycle=0,cur_changeCycle=0,to_view=126184
info|2019-11-15 11:01:40.076421|[g:1][CONSENSUS]addRawPrepare,height=1,reqIdx=0,hash=6e4b3c83...
info|2019-11-15 11:01:40.077025|[g:1][CONSENSUS][PBFT]checkTimeout Succ,view=126184,toView=126185,nodeIdx=3,changeCycle=0,myNode=de0436d1...,timecost=0.457
info|2019-11-15 11:01:40.078049|[g:1][CONSENSUS][PBFT]checkAndChangeView: Reach consensus,org_view=126184,org_changeCycle=0,cur_changeCycle=0,to_view=126185
info|2019-11-15 11:01:41.078820|[g:1][CONSENSUS]addRawPrepare,height=1,reqIdx=1,hash=d768fba9...
info|2019-11-15 11:01:41.079545|[g:1][CONSENSUS][PBFT]checkTimeout Succ,view=126185,toView=126186,nodeIdx=3,changeCycle=0,myNode=de0436d1...,timecost=0.553
info|2019-11-15 11:01:41.081369|[g:1][CONSENSUS][PBFT]checkAndChangeView: Reach consensus,org_view=126185,org_changeCycle=0,cur_changeCycle=0,to_view=126186
info|2019-11-15 11:01:42.082506|[g:1][CONSENSUS]addRawPrepare,height=1,reqIdx=2,hash=7b633f0f...
info|2019-11-15 11:01:42.082979|[g:1][CONSENSUS][PBFT]checkTimeout Succ,view=126186,toView=126187,nodeIdx=3,changeCycle=0,myNode=de0436d1...,timecost=0.365
info|2019-11-15 11:01:42.084095|[g:1][CONSENSUS][PBFT]checkAndChangeView: Reach consensus,org_view=126186,org_changeCycle=0,cur_changeCycle=0,to_view=126187
info|2019-11-15 11:01:43.084380|[g:1][CONSENSUS][SEALER]++++++++++++++++ Generating seal on,blkNum=1,tx=0,nodeIdx=3,hash=c0f07e12...
info|2019-11-15 11:01:43.087862|[g:1][CONSENSUS][PBFT]checkTimeout Succ,view=126187,toView=126188,nodeIdx=3,changeCycle=0,myNode=de0436d1...,timecost=0.538
info|2019-11-15 11:01:43.088534|[g:1][CONSENSUS][PBFT]checkAndChangeView: Reach consensus,org_view=126187,org_changeCycle=0,cur_changeCycle=0,to_view=126188
info|2019-11-15 11:01:44.090032|[g:1][CONSENSUS]addRawPrepare,height=1,reqIdx=0,hash=4df43f1e...
info|2019-11-15 11:01:44.090489|[g:1][CONSENSUS][PBFT]checkTimeout Succ,view=126188,toView=126189,nodeIdx=3,changeCycle=0,myNode=de0436d1...,timecost=0.341
info|2019-11-15 11:01:44.091582|[g:1][CONSENSUS][PBFT]checkAndChangeView: Reach consensus,org_view=126188,org_changeCycle=0,cur_changeCycle=0,to_view=126189
info|2019-11-15 11:01:45.092753|[g:1][CONSENSUS]addRawPrepare,height=1,reqIdx=1,hash=537cbf7e...
info|2019-11-15 11:01:45.093261|[g:1][CONSENSUS][PBFT]checkTimeout Succ,view=126189,toView=126190,nodeIdx=3,changeCycle=0,myNode=de0436d1...,timecost=0.366
info|2019-11-15 11:01:45.094405|[g:1][CONSENSUS][PBFT]checkAndChangeView: Reach consensus,org_view=126189,org_changeCycle=0,cur_changeCycle=0,to_view=126190
info|2019-11-15 11:01:45.101168|[P2P][Service] heartBeat,connected count=3
info|2019-11-15 11:01:46.097375|[g:1][CONSENSUS]addRawPrepare,height=1,reqIdx=2,hash=d978bb71...
info|2019-11-15 11:01:46.097831|[g:1][CONSENSUS][PBFT]checkTimeout Succ,view=126190,toView=126191,nodeIdx=3,changeCycle=0,myNode=de0436d1...,timecost=0.344
info|2019-11-15 11:01:46.099276|[g:1][CONSENSUS][PBFT]checkAndChangeView: Reach consensus,org_view=126190,org_changeCycle=0,cur_changeCycle=0,to_view=126191
info|2019-11-15 11:01:47.099556|[g:1][CONSENSUS][SEALER]++++++++++++++++ Generating seal on,blkNum=1,tx=0,nodeIdx=3,hash=e5d01dc7...
info|2019-11-15 11:01:47.101371|[g:1][CONSENSUS][PBFT]checkTimeout Succ,view=126191,toView=126192,nodeIdx=3,changeCycle=0,myNode=de0436d1...,timecost=0.352
info|2019-11-15 11:01:47.102443|[g:1][CONSENSUS][PBFT]checkAndChangeView: Reach consensus,org_view=126191,org_changeCycle=0,cur_changeCycle=0,to_view=126192
info|2019-11-15 11:01:48.103445|[g:1][CONSENSUS]addRawPrepare,height=1,reqIdx=0,hash=e27c7d27...
info|2019-11-15 11:01:48.104004|[g:1][CONSENSUS][PBFT]checkTimeout Succ,view=126192,toView=126193,nodeIdx=3,changeCycle=0,myNode=de0436d1...,timecost=0.38
info|2019-11-15 11:01:48.105501|[g:1][CONSENSUS][PBFT]checkAndChangeView: Reach consensus,org_view=126192,org_changeCycle=0,cur_changeCycle=0,to_view=126193
info|2019-11-15 11:01:49.106208|[g:1][CONSENSUS]addRawPrepare,height=1,reqIdx=1,hash=b44336af...
info|2019-11-15 11:01:49.106841|[g:1][CONSENSUS][PBFT]checkTimeout Succ,view=126193,toView=126194,nodeIdx=3,changeCycle=0,myNode=de0436d1...,timecost=0.428
info|2019-11-15 11:01:49.108071|[g:1][CONSENSUS][PBFT]checkAndChangeView: Reach consensus,org_view=126193,org_changeCycle=0,cur_changeCycle=0,to_view=126194
info|2019-11-15 11:01:50.108949|[g:1][CONSENSUS]addRawPrepare,height=1,reqIdx=2,hash=c102b712...
info|2019-11-15 11:01:50.109444|[g:1][CONSENSUS][PBFT]checkTimeout Succ,view=126194,toView=126195,nodeIdx=3,changeCycle=0,myNode=de0436d1...,timecost=0.394
info|2019-11-15 11:01:50.110659|[g:1][CONSENSUS][PBFT]checkAndChangeView: Reach consensus,org_view=126194,org_changeCycle=0,cur_changeCycle=0,to_view=126195
info|2019-11-15 11:01:51.111300|[g:1][CONSENSUS][SEALER]++++++++++++++++ Generating seal on,blkNum=1,tx=0,nodeIdx=3,hash=f474c570...
info|2019-11-15 11:01:51.114833|[g:1][CONSENSUS][PBFT]checkTimeout Succ,view=126195,toView=126196,nodeIdx=3,changeCycle=0,myNode=de0436d1...,timecost=0.508
info|2019-11-15 11:01:51.115613|[g:1][CONSENSUS][PBFT]checkAndChangeView: Reach consensus,org_view=126195,org_changeCycle=0,cur_changeCycle=0,to_view=126196
info|2019-11-15 11:01:52.116201|[g:1][CONSENSUS]addRawPrepare,height=1,reqIdx=0,hash=944cb908...
info|2019-11-15 11:01:52.116651|[g:1][CONSENSUS][PBFT]checkTimeout Succ,view=126196,toView=126197,nodeIdx=3,changeCycle=0,myNode=de0436d1...,timecost=0.329
info|2019-11-15 11:01:52.118832|[g:1][CONSENSUS][PBFT]checkAndChangeView: Reach consensus,org_view=126196,org_changeCycle=0,cur_changeCycle=0,to_view=126197
info|2019-11-15 11:01:53.121566|[g:1][CONSENSUS]addRawPrepare,height=1,reqIdx=1,hash=87471229...
info|2019-11-15 11:01:53.122168|[g:1][CONSENSUS][PBFT]checkTimeout Succ,view=126197,toView=126198,nodeIdx=3,changeCycle=0,myNode=de0436d1...,timecost=0.461
info|2019-11-15 11:01:53.123577|[g:1][CONSENSUS][PBFT]checkAndChangeView: Reach consensus,org_view=126197,org_changeCycle=0,cur_changeCycle=0,to_view=126198
info|2019-11-15 11:01:54.124842|[g:1][CONSENSUS]addRawPrepare,height=1,reqIdx=2,hash=a92db49b...
info|2019-11-15 11:01:54.125446|[g:1][CONSENSUS][PBFT]checkTimeout Succ,view=126198,toView=126199,nodeIdx=3,changeCycle=0,myNode=de0436d1...,timecost=0.47
info|2019-11-15 11:01:54.127130|[g:1][CONSENSUS][PBFT]checkAndChangeView: Reach consensus,org_view=126198,org_changeCycle=0,cur_changeCycle=0,to_view=126199
info|2019-11-15 11:01:54.868128|[LEDGER]stop sealer,groupID=1
info|2019-11-15 11:01:54.869304|[CONSENSUS][SEALER]Stop sealer module...
info|2019-11-15 11:01:54.890963|[CONSENSUS][ConsensusEngine][Stop ConsensusEngineBase]
info|2019-11-15 11:01:54.896007|[CONSENSUS][ConsensusEngine]ConsensusEngineBase stopped
info|2019-11-15 11:01:54.896035|[LEDGER]sealer stopped. stop sync,groupID=1
info|2019-11-15 11:01:54.939464|[SYNC][id:de0436d1...]SyncMaster stopped
info|2019-11-15 11:01:54.939515|[LEDGER]ledger stopped,groupID=1
info|2019-11-15 11:01:55.027526|[EVENT][EventLogFilterManager]stop
info|2019-11-15 11:01:55.027559|[LEDGER]event filter manager stopped,groupID=1
info|2019-11-15 11:01:55.027582|[INITIALIZER]ledgerInitializer stopped
warning|2019-11-15 11:01:55.028650|[CHANNEL]Accept failed,message=Operation canceled
info|2019-11-15 11:01:55.101397|[P2P][Service] heartBeat,connected count=3
info|2019-11-15 11:01:56.048720|[INITIALIZER]ChannelRPCHttpServer deleted.
info|2019-11-15 11:01:56.049698|[INITIALIZER]JsonrpcHttpServer deleted.
info|2019-11-15 11:01:56.049717|[INITIALIZER]RPCInitializer stopped
info|2019-11-15 11:01:56.050454|[NETWORK][Host]Host exit
info|2019-11-15 11:01:56.050758|[INITIALIZER]P2PInitializer stopped
info|2019-11-15 11:01:56.052084|[LEDGER]stop sealer,groupID=1
info|2019-11-15 11:01:56.052124|[LEDGER]sealer stopped. stop sync,groupID=1
info|2019-11-15 11:01:56.052145|[SYNC][id:de0436d1...]SyncMaster stopped
info|2019-11-15 11:01:56.052157|[LEDGER]ledger stopped,groupID=1
info|2019-11-15 11:01:56.052171|[LEDGER]event filter manager stopped,groupID=1
info|2019-11-15 11:01:56.053451|[STORAGE]Stopping flushStorage thread
info|2019-11-15 11:01:56.380490|[STORAGE]flushStorage thread stopped.
info|2019-11-15 11:01:56.380522|[DBINITIALIZER] storage stopped
info|2019-11-15 11:01:56.392193|[SYNC][id:de0436d1...]SyncMaster stopped
