warning|2019-12-11 14:20:00.005113|[g:1][CONSENSUS][PBFT]ViewChangeWarning: not caused by omit empty block ,v=29588,toV=29589,curNum=5,hash=a9fec021...,nodeIdx=3,myNode=de0436d1...
info|2019-12-11 14:20:00.005297|[g:1][CONSENSUS][PBFT]checkTimeout Succ,view=29588,toView=29589,nodeIdx=3,changeCycle=1,myNode=de0436d1...,timecost=1.686
info|2019-12-11 14:20:00.007401|[P2P][Service] heartBeat,connected count=3
info|2019-12-11 14:20:00.012898|[g:1][CONSENSUS][PBFT]checkAndChangeView: Reach consensus,org_view=29588,org_changeCycle=1,cur_changeCycle=1,to_view=29589
info|2019-12-11 14:20:01.014772|[g:1][CONSENSUS]addRawPrepare,height=6,reqIdx=2,hash=81e2b2e0...
info|2019-12-11 14:20:01.015286|[g:1][CONSENSUS][PBFT]checkTimeout Succ,view=29589,toView=29590,nodeIdx=3,changeCycle=0,myNode=de0436d1...,timecost=0.377
info|2019-12-11 14:20:01.016487|[g:1][CONSENSUS][PBFT]checkAndChangeView: Reach consensus,org_view=29589,org_changeCycle=0,cur_changeCycle=0,to_view=29590
info|2019-12-11 14:20:02.016467|[g:1][CONSENSUS][SEALER]++++++++++++++++ Generating seal on,blkNum=6,tx=0,nodeIdx=3,hash=9ec79a52...
info|2019-12-11 14:20:02.018862|[g:1][CONSENSUS][PBFT]checkTimeout Succ,view=29590,toView=29591,nodeIdx=3,changeCycle=0,myNode=de0436d1...,timecost=0.376
info|2019-12-11 14:20:02.019506|[g:1][CONSENSUS][PBFT]checkAndChangeView: Reach consensus,org_view=29590,org_changeCycle=0,cur_changeCycle=0,to_view=29591
info|2019-12-11 14:20:03.021166|[g:1][CONSENSUS]addRawPrepare,height=6,reqIdx=0,hash=6d374d6c...
info|2019-12-11 14:20:03.021681|[g:1][CONSENSUS][PBFT]checkTimeout Succ,view=29591,toView=29592,nodeIdx=3,changeCycle=0,myNode=de0436d1...,timecost=0.384
info|2019-12-11 14:20:03.022924|[g:1][CONSENSUS][PBFT]checkAndChangeView: Reach consensus,org_view=29591,org_changeCycle=0,cur_changeCycle=0,to_view=29592
info|2019-12-11 14:20:04.024064|[g:1][CONSENSUS]addRawPrepare,height=6,reqIdx=1,hash=4c306b05...
info|2019-12-11 14:20:04.024584|[g:1][CONSENSUS][PBFT]checkTimeout Succ,view=29592,toView=29593,nodeIdx=3,changeCycle=0,myNode=de0436d1...,timecost=0.41
info|2019-12-11 14:20:04.025714|[g:1][CONSENSUS][PBFT]checkAndChangeView: Reach consensus,org_view=29592,org_changeCycle=0,cur_changeCycle=0,to_view=29593
info|2019-12-11 14:20:05.027146|[g:1][CONSENSUS]addRawPrepare,height=6,reqIdx=2,hash=70dcc07c...
info|2019-12-11 14:20:05.027934|[g:1][CONSENSUS][PBFT]checkTimeout Succ,view=29593,toView=29594,nodeIdx=3,changeCycle=0,myNode=de0436d1...,timecost=0.681
info|2019-12-11 14:20:05.029000|[g:1][CONSENSUS][PBFT]checkAndChangeView: Reach consensus,org_view=29593,org_changeCycle=0,cur_changeCycle=0,to_view=29594
info|2019-12-11 14:20:06.029320|[g:1][CONSENSUS][SEALER]++++++++++++++++ Generating seal on,blkNum=6,tx=0,nodeIdx=3,hash=de45ca72...
info|2019-12-11 14:20:06.031935|[g:1][CONSENSUS][PBFT]checkTimeout Succ,view=29594,toView=29595,nodeIdx=3,changeCycle=0,myNode=de0436d1...,timecost=0.38
info|2019-12-11 14:20:06.032534|[g:1][CONSENSUS][PBFT]checkAndChangeView: Reach consensus,org_view=29594,org_changeCycle=0,cur_changeCycle=0,to_view=29595
info|2019-12-11 14:20:07.033888|[g:1][CONSENSUS]addRawPrepare,height=6,reqIdx=0,hash=7ab4ee37...
info|2019-12-11 14:20:07.034514|[g:1][CONSENSUS][PBFT]checkTimeout Succ,view=29595,toView=29596,nodeIdx=3,changeCycle=0,myNode=de0436d1...,timecost=0.495
info|2019-12-11 14:20:07.035616|[g:1][CONSENSUS][PBFT]checkAndChangeView: Reach consensus,org_view=29595,org_changeCycle=0,cur_changeCycle=0,to_view=29596
info|2019-12-11 14:20:08.037418|[g:1][CONSENSUS]addRawPrepare,height=6,reqIdx=1,hash=9480c8b2...
info|2019-12-11 14:20:08.037916|[g:1][CONSENSUS][PBFT]checkTimeout Succ,view=29596,toView=29597,nodeIdx=3,changeCycle=0,myNode=de0436d1...,timecost=0.36
info|2019-12-11 14:20:08.039116|[g:1][CONSENSUS][PBFT]checkAndChangeView: Reach consensus,org_view=29596,org_changeCycle=0,cur_changeCycle=0,to_view=29597
info|2019-12-11 14:20:09.040481|[g:1][CONSENSUS]addRawPrepare,height=6,reqIdx=2,hash=7c047a9f...
info|2019-12-11 14:20:09.040966|[g:1][CONSENSUS][PBFT]checkTimeout Succ,view=29597,toView=29598,nodeIdx=3,changeCycle=0,myNode=de0436d1...,timecost=0.388
info|2019-12-11 14:20:09.042233|[g:1][CONSENSUS][PBFT]checkAndChangeView: Reach consensus,org_view=29597,org_changeCycle=0,cur_changeCycle=0,to_view=29598
info|2019-12-11 14:20:10.011904|[P2P][Service] heartBeat,connected count=3
info|2019-12-11 14:20:10.042161|[g:1][CONSENSUS][SEALER]++++++++++++++++ Generating seal on,blkNum=6,tx=0,nodeIdx=3,hash=00cf8a24...
info|2019-12-11 14:20:10.042812|[g:1][CONSENSUS][PBFT]checkTimeout Succ,view=29598,toView=29599,nodeIdx=3,changeCycle=0,myNode=de0436d1...,timecost=0.354
info|2019-12-11 14:20:10.044918|[g:1][CONSENSUS][PBFT]checkAndChangeView: Reach consensus,org_view=29598,org_changeCycle=0,cur_changeCycle=0,to_view=29599
info|2019-12-11 14:20:11.047056|[g:1][CONSENSUS]addRawPrepare,height=6,reqIdx=0,hash=dcda9eb3...
info|2019-12-11 14:20:11.047467|[g:1][CONSENSUS][PBFT]checkTimeout Succ,view=29599,toView=29600,nodeIdx=3,changeCycle=0,myNode=de0436d1...,timecost=0.31
info|2019-12-11 14:20:11.048427|[g:1][CONSENSUS][PBFT]checkAndChangeView: Reach consensus,org_view=29599,org_changeCycle=0,cur_changeCycle=0,to_view=29600
info|2019-12-11 14:20:12.050248|[g:1][CONSENSUS]addRawPrepare,height=6,reqIdx=1,hash=0d73c657...
info|2019-12-11 14:20:12.050712|[g:1][CONSENSUS][PBFT]checkTimeout Succ,view=29600,toView=29601,nodeIdx=3,changeCycle=0,myNode=de0436d1...,timecost=0.34
info|2019-12-11 14:20:12.051888|[g:1][CONSENSUS][PBFT]checkAndChangeView: Reach consensus,org_view=29600,org_changeCycle=0,cur_changeCycle=0,to_view=29601
info|2019-12-11 14:20:13.053257|[g:1][CONSENSUS]addRawPrepare,height=6,reqIdx=2,hash=e5279dcd...
info|2019-12-11 14:20:13.053694|[g:1][CONSENSUS][PBFT]checkTimeout Succ,view=29601,toView=29602,nodeIdx=3,changeCycle=0,myNode=de0436d1...,timecost=0.326
info|2019-12-11 14:20:13.054746|[g:1][CONSENSUS][PBFT]checkAndChangeView: Reach consensus,org_view=29601,org_changeCycle=0,cur_changeCycle=0,to_view=29602
info|2019-12-11 14:20:14.054324|[g:1][CONSENSUS][SEALER]++++++++++++++++ Generating seal on,blkNum=6,tx=0,nodeIdx=3,hash=ccc3699b...
info|2019-12-11 14:20:14.055239|[g:1][CONSENSUS][PBFT]checkTimeout Succ,view=29602,toView=29603,nodeIdx=3,changeCycle=0,myNode=de0436d1...,timecost=0.396
info|2019-12-11 14:20:14.057751|[g:1][CONSENSUS][PBFT]checkAndChangeView: Reach consensus,org_view=29602,org_changeCycle=0,cur_changeCycle=0,to_view=29603
info|2019-12-11 14:20:15.059690|[g:1][CONSENSUS]addRawPrepare,height=6,reqIdx=0,hash=fc57e814...
info|2019-12-11 14:20:15.060260|[g:1][CONSENSUS][PBFT]checkTimeout Succ,view=29603,toView=29604,nodeIdx=3,changeCycle=0,myNode=de0436d1...,timecost=0.443
info|2019-12-11 14:20:15.061822|[g:1][CONSENSUS][PBFT]checkAndChangeView: Reach consensus,org_view=29603,org_changeCycle=0,cur_changeCycle=0,to_view=29604
info|2019-12-11 14:20:16.062147|[g:1][CONSENSUS]addRawPrepare,height=6,reqIdx=1,hash=71d389af...
info|2019-12-11 14:20:16.062736|[g:1][CONSENSUS][PBFT]checkTimeout Succ,view=29604,toView=29605,nodeIdx=3,changeCycle=0,myNode=de0436d1...,timecost=0.473
info|2019-12-11 14:20:16.063812|[g:1][CONSENSUS][PBFT]checkAndChangeView: Reach consensus,org_view=29604,org_changeCycle=0,cur_changeCycle=0,to_view=29605
info|2019-12-11 14:20:17.064801|[g:1][CONSENSUS]addRawPrepare,height=6,reqIdx=2,hash=20c9e6da...
info|2019-12-11 14:20:17.065261|[g:1][CONSENSUS][PBFT]checkTimeout Succ,view=29605,toView=29606,nodeIdx=3,changeCycle=0,myNode=de0436d1...,timecost=0.331
info|2019-12-11 14:20:17.066493|[g:1][CONSENSUS][PBFT]checkAndChangeView: Reach consensus,org_view=29605,org_changeCycle=0,cur_changeCycle=0,to_view=29606
info|2019-12-11 14:20:18.066311|[g:1][CONSENSUS][SEALER]++++++++++++++++ Generating seal on,blkNum=6,tx=0,nodeIdx=3,hash=4aca6325...
info|2019-12-11 14:20:18.069010|[g:1][CONSENSUS][PBFT]checkTimeout Succ,view=29606,toView=29607,nodeIdx=3,changeCycle=0,myNode=de0436d1...,timecost=0.375
info|2019-12-11 14:20:18.070352|[g:1][CONSENSUS][PBFT]checkAndChangeView: Reach consensus,org_view=29606,org_changeCycle=0,cur_changeCycle=0,to_view=29607
info|2019-12-11 14:20:19.070981|[g:1][CONSENSUS]addRawPrepare,height=6,reqIdx=0,hash=78cd2ef5...
info|2019-12-11 14:20:19.071513|[g:1][CONSENSUS][PBFT]checkTimeout Succ,view=29607,toView=29608,nodeIdx=3,changeCycle=0,myNode=de0436d1...,timecost=0.361
info|2019-12-11 14:20:19.072656|[g:1][CONSENSUS][PBFT]checkAndChangeView: Reach consensus,org_view=29607,org_changeCycle=0,cur_changeCycle=0,to_view=29608
info|2019-12-11 14:20:20.015677|[P2P][Service] heartBeat,connected count=3
info|2019-12-11 14:20:20.073893|[g:1][CONSENSUS]addRawPrepare,height=6,reqIdx=1,hash=fef35e69...
info|2019-12-11 14:20:20.074748|[g:1][CONSENSUS][PBFT]checkTimeout Succ,view=29608,toView=29609,nodeIdx=3,changeCycle=0,myNode=de0436d1...,timecost=0.727
info|2019-12-11 14:20:20.076129|[g:1][CONSENSUS][PBFT]checkAndChangeView: Reach consensus,org_view=29608,org_changeCycle=0,cur_changeCycle=0,to_view=29609
info|2019-12-11 14:20:21.078034|[g:1][CONSENSUS]addRawPrepare,height=6,reqIdx=2,hash=b3a0d8c8...
info|2019-12-11 14:20:21.078615|[g:1][CONSENSUS][PBFT]checkTimeout Succ,view=29609,toView=29610,nodeIdx=3,changeCycle=0,myNode=de0436d1...,timecost=0.46
info|2019-12-11 14:20:21.080117|[g:1][CONSENSUS][PBFT]checkAndChangeView: Reach consensus,org_view=29609,org_changeCycle=0,cur_changeCycle=0,to_view=29610
info|2019-12-11 14:20:22.080916|[g:1][CONSENSUS][SEALER]++++++++++++++++ Generating seal on,blkNum=6,tx=0,nodeIdx=3,hash=8b817270...
info|2019-12-11 14:20:22.083285|[g:1][CONSENSUS][PBFT]checkTimeout Succ,view=29610,toView=29611,nodeIdx=3,changeCycle=0,myNode=de0436d1...,timecost=0.381
info|2019-12-11 14:20:22.083860|[g:1][CONSENSUS][PBFT]checkAndChangeView: Reach consensus,org_view=29610,org_changeCycle=0,cur_changeCycle=0,to_view=29611
info|2019-12-11 14:20:23.085416|[g:1][CONSENSUS]addRawPrepare,height=6,reqIdx=0,hash=6fafe352...
info|2019-12-11 14:20:23.086053|[g:1][CONSENSUS][PBFT]checkTimeout Succ,view=29611,toView=29612,nodeIdx=3,changeCycle=0,myNode=de0436d1...,timecost=0.465
info|2019-12-11 14:20:23.087961|[g:1][CONSENSUS][PBFT]checkAndChangeView: Reach consensus,org_view=29611,org_changeCycle=0,cur_changeCycle=0,to_view=29612
info|2019-12-11 14:20:24.089055|[g:1][CONSENSUS]addRawPrepare,height=6,reqIdx=1,hash=084e13f5...
info|2019-12-11 14:20:24.089502|[g:1][CONSENSUS][PBFT]checkTimeout Succ,view=29612,toView=29613,nodeIdx=3,changeCycle=0,myNode=de0436d1...,timecost=0.33
info|2019-12-11 14:20:24.090665|[g:1][CONSENSUS][PBFT]checkAndChangeView: Reach consensus,org_view=29612,org_changeCycle=0,cur_changeCycle=0,to_view=29613
info|2019-12-11 14:20:25.092628|[g:1][CONSENSUS]addRawPrepare,height=6,reqIdx=2,hash=da44d899...
info|2019-12-11 14:20:25.093461|[g:1][CONSENSUS][PBFT]checkTimeout Succ,view=29613,toView=29614,nodeIdx=3,changeCycle=0,myNode=de0436d1...,timecost=0.711
info|2019-12-11 14:20:25.095011|[g:1][CONSENSUS][PBFT]checkAndChangeView: Reach consensus,org_view=29613,org_changeCycle=0,cur_changeCycle=0,to_view=29614
info|2019-12-11 14:20:26.096325|[g:1][CONSENSUS][SEALER]++++++++++++++++ Generating seal on,blkNum=6,tx=0,nodeIdx=3,hash=0c4d4994...
info|2019-12-11 14:20:26.098594|[g:1][CONSENSUS][PBFT]checkTimeout Succ,view=29614,toView=29615,nodeIdx=3,changeCycle=0,myNode=de0436d1...,timecost=0.347
info|2019-12-11 14:20:26.099196|[g:1][CONSENSUS][PBFT]checkAndChangeView: Reach consensus,org_view=29614,org_changeCycle=0,cur_changeCycle=0,to_view=29615
info|2019-12-11 14:20:27.099079|[g:1][CONSENSUS]addRawPrepare,height=6,reqIdx=0,hash=f45029f2...
info|2019-12-11 14:20:27.099541|[g:1][CONSENSUS][PBFT]checkTimeout Succ,view=29615,toView=29616,nodeIdx=3,changeCycle=0,myNode=de0436d1...,timecost=0.347
info|2019-12-11 14:20:27.100958|[g:1][CONSENSUS][PBFT]checkAndChangeView: Reach consensus,org_view=29615,org_changeCycle=0,cur_changeCycle=0,to_view=29616
info|2019-12-11 14:20:28.101573|[g:1][CONSENSUS]addRawPrepare,height=6,reqIdx=1,hash=b15b78d3...
info|2019-12-11 14:20:28.102020|[g:1][CONSENSUS][PBFT]checkTimeout Succ,view=29616,toView=29617,nodeIdx=3,changeCycle=0,myNode=de0436d1...,timecost=0.36
info|2019-12-11 14:20:28.103417|[g:1][CONSENSUS][PBFT]checkAndChangeView: Reach consensus,org_view=29616,org_changeCycle=0,cur_changeCycle=0,to_view=29617
info|2019-12-11 14:20:29.105619|[g:1][CONSENSUS]addRawPrepare,height=6,reqIdx=2,hash=13c66411...
info|2019-12-11 14:20:29.106355|[g:1][CONSENSUS][PBFT]checkTimeout Succ,view=29617,toView=29618,nodeIdx=3,changeCycle=0,myNode=de0436d1...,timecost=0.569
info|2019-12-11 14:20:29.108075|[g:1][CONSENSUS][PBFT]checkAndChangeView: Reach consensus,org_view=29617,org_changeCycle=0,cur_changeCycle=0,to_view=29618
info|2019-12-11 14:20:30.018176|[P2P][Service] heartBeat,connected count=3
info|2019-12-11 14:20:30.108386|[g:1][CONSENSUS][SEALER]++++++++++++++++ Generating seal on,blkNum=6,tx=0,nodeIdx=3,hash=64cdc6d6...
info|2019-12-11 14:20:30.110946|[g:1][CONSENSUS][PBFT]checkTimeout Succ,view=29618,toView=29619,nodeIdx=3,changeCycle=0,myNode=de0436d1...,timecost=0.35
info|2019-12-11 14:20:30.111493|[g:1][CONSENSUS][PBFT]checkAndChangeView: Reach consensus,org_view=29618,org_changeCycle=0,cur_changeCycle=0,to_view=29619
info|2019-12-11 14:20:31.112658|[g:1][CONSENSUS]addRawPrepare,height=6,reqIdx=0,hash=8e5ae22b...
info|2019-12-11 14:20:31.113236|[g:1][CONSENSUS][PBFT]checkTimeout Succ,view=29619,toView=29620,nodeIdx=3,changeCycle=0,myNode=de0436d1...,timecost=0.414
info|2019-12-11 14:20:31.114509|[g:1][CONSENSUS][PBFT]checkAndChangeView: Reach consensus,org_view=29619,org_changeCycle=0,cur_changeCycle=0,to_view=29620
info|2019-12-11 14:20:32.115089|[g:1][CONSENSUS]addRawPrepare,height=6,reqIdx=1,hash=fe404684...
info|2019-12-11 14:20:32.115564|[g:1][CONSENSUS][PBFT]checkTimeout Succ,view=29620,toView=29621,nodeIdx=3,changeCycle=0,myNode=de0436d1...,timecost=0.383
info|2019-12-11 14:20:32.116691|[g:1][CONSENSUS][PBFT]checkAndChangeView: Reach consensus,org_view=29620,org_changeCycle=0,cur_changeCycle=0,to_view=29621
info|2019-12-11 14:20:33.117694|[g:1][CONSENSUS]addRawPrepare,height=6,reqIdx=2,hash=3eace6f0...
info|2019-12-11 14:20:33.118330|[g:1][CONSENSUS][PBFT]checkTimeout Succ,view=29621,toView=29622,nodeIdx=3,changeCycle=0,myNode=de0436d1...,timecost=0.447
info|2019-12-11 14:20:33.119664|[g:1][CONSENSUS][PBFT]checkAndChangeView: Reach consensus,org_view=29621,org_changeCycle=0,cur_changeCycle=0,to_view=29622
info|2019-12-11 14:20:34.119202|[g:1][CONSENSUS][SEALER]++++++++++++++++ Generating seal on,blkNum=6,tx=0,nodeIdx=3,hash=7b5304d0...
info|2019-12-11 14:20:34.119879|[g:1][CONSENSUS][PBFT]checkTimeout Succ,view=29622,toView=29623,nodeIdx=3,changeCycle=0,myNode=de0436d1...,timecost=0.366
info|2019-12-11 14:20:34.121853|[g:1][CONSENSUS][PBFT]checkAndChangeView: Reach consensus,org_view=29622,org_changeCycle=0,cur_changeCycle=0,to_view=29623
info|2019-12-11 14:20:35.123861|[g:1][CONSENSUS]addRawPrepare,height=6,reqIdx=0,hash=c5ddf940...
info|2019-12-11 14:20:35.124505|[g:1][CONSENSUS][PBFT]checkTimeout Succ,view=29623,toView=29624,nodeIdx=3,changeCycle=0,myNode=de0436d1...,timecost=0.493
info|2019-12-11 14:20:35.129600|[g:1][CONSENSUS][PBFT]checkAndChangeView: Reach consensus,org_view=29623,org_changeCycle=0,cur_changeCycle=0,to_view=29624
info|2019-12-11 14:20:36.127233|[g:1][CONSENSUS]addRawPrepare,height=6,reqIdx=1,hash=82520e16...
info|2019-12-11 14:20:36.127865|[g:1][CONSENSUS][PBFT]checkTimeout Succ,view=29624,toView=29625,nodeIdx=3,changeCycle=0,myNode=de0436d1...,timecost=0.582
info|2019-12-11 14:20:36.129287|[g:1][CONSENSUS][PBFT]checkAndChangeView: Reach consensus,org_view=29624,org_changeCycle=0,cur_changeCycle=0,to_view=29625
info|2019-12-11 14:20:37.130958|[g:1][CONSENSUS]addRawPrepare,height=6,reqIdx=2,hash=d58b483a...
info|2019-12-11 14:20:37.131537|[g:1][CONSENSUS][PBFT]checkTimeout Succ,view=29625,toView=29626,nodeIdx=3,changeCycle=0,myNode=de0436d1...,timecost=0.474
info|2019-12-11 14:20:37.132854|[g:1][CONSENSUS][PBFT]checkAndChangeView: Reach consensus,org_view=29625,org_changeCycle=0,cur_changeCycle=0,to_view=29626
info|2019-12-11 14:20:38.133302|[g:1][CONSENSUS][SEALER]++++++++++++++++ Generating seal on,blkNum=6,tx=0,nodeIdx=3,hash=0d92cadd...
info|2019-12-11 14:20:38.134278|[g:1][CONSENSUS][PBFT]checkTimeout Succ,view=29626,toView=29627,nodeIdx=3,changeCycle=0,myNode=de0436d1...,timecost=0.505
info|2019-12-11 14:20:38.136888|[g:1][CONSENSUS][PBFT]checkAndChangeView: Reach consensus,org_view=29626,org_changeCycle=0,cur_changeCycle=0,to_view=29627
info|2019-12-11 14:20:39.137787|[g:1][CONSENSUS]addRawPrepare,height=6,reqIdx=0,hash=4d88dd55...
info|2019-12-11 14:20:39.138361|[g:1][CONSENSUS][PBFT]checkTimeout Succ,view=29627,toView=29628,nodeIdx=3,changeCycle=0,myNode=de0436d1...,timecost=0.422
info|2019-12-11 14:20:39.139968|[g:1][CONSENSUS][PBFT]checkAndChangeView: Reach consensus,org_view=29627,org_changeCycle=0,cur_changeCycle=0,to_view=29628
info|2019-12-11 14:20:40.021191|[P2P][Service] heartBeat,connected count=3
info|2019-12-11 14:20:40.140810|[g:1][CONSENSUS]addRawPrepare,height=6,reqIdx=1,hash=40108797...
info|2019-12-11 14:20:40.141426|[g:1][CONSENSUS][PBFT]checkTimeout Succ,view=29628,toView=29629,nodeIdx=3,changeCycle=0,myNode=de0436d1...,timecost=0.452
info|2019-12-11 14:20:40.143115|[g:1][CONSENSUS][PBFT]checkAndChangeView: Reach consensus,org_view=29628,org_changeCycle=0,cur_changeCycle=0,to_view=29629
info|2019-12-11 14:20:41.145410|[g:1][CONSENSUS]addRawPrepare,height=6,reqIdx=2,hash=8ad71974...
info|2019-12-11 14:20:41.145877|[g:1][CONSENSUS][PBFT]checkTimeout Succ,view=29629,toView=29630,nodeIdx=3,changeCycle=0,myNode=de0436d1...,timecost=0.338
info|2019-12-11 14:20:41.147060|[g:1][CONSENSUS][PBFT]checkAndChangeView: Reach consensus,org_view=29629,org_changeCycle=0,cur_changeCycle=0,to_view=29630
info|2019-12-11 14:20:42.148119|[g:1][CONSENSUS][SEALER]++++++++++++++++ Generating seal on,blkNum=6,tx=0,nodeIdx=3,hash=7cf949ec...
info|2019-12-11 14:20:42.150137|[g:1][CONSENSUS][PBFT]checkTimeout Succ,view=29630,toView=29631,nodeIdx=3,changeCycle=0,myNode=de0436d1...,timecost=0.332
info|2019-12-11 14:20:42.151428|[g:1][CONSENSUS][PBFT]checkAndChangeView: Reach consensus,org_view=29630,org_changeCycle=0,cur_changeCycle=0,to_view=29631
info|2019-12-11 14:20:43.152070|[g:1][CONSENSUS]addRawPrepare,height=6,reqIdx=0,hash=631d4066...
info|2019-12-11 14:20:43.152481|[g:1][CONSENSUS][PBFT]checkTimeout Succ,view=29631,toView=29632,nodeIdx=3,changeCycle=0,myNode=de0436d1...,timecost=0.321
info|2019-12-11 14:20:43.153479|[g:1][CONSENSUS][PBFT]checkAndChangeView: Reach consensus,org_view=29631,org_changeCycle=0,cur_changeCycle=0,to_view=29632
info|2019-12-11 14:20:44.154817|[g:1][CONSENSUS]addRawPrepare,height=6,reqIdx=1,hash=db804b43...
info|2019-12-11 14:20:44.155298|[g:1][CONSENSUS][PBFT]checkTimeout Succ,view=29632,toView=29633,nodeIdx=3,changeCycle=0,myNode=de0436d1...,timecost=0.354
info|2019-12-11 14:20:44.156429|[g:1][CONSENSUS][PBFT]checkAndChangeView: Reach consensus,org_view=29632,org_changeCycle=0,cur_changeCycle=0,to_view=29633
info|2019-12-11 14:20:45.157564|[g:1][CONSENSUS]addRawPrepare,height=6,reqIdx=2,hash=08969b13...
info|2019-12-11 14:20:45.158413|[g:1][CONSENSUS][PBFT]checkTimeout Succ,view=29633,toView=29634,nodeIdx=3,changeCycle=0,myNode=de0436d1...,timecost=0.731
info|2019-12-11 14:20:45.159578|[g:1][CONSENSUS][PBFT]checkAndChangeView: Reach consensus,org_view=29633,org_changeCycle=0,cur_changeCycle=0,to_view=29634
info|2019-12-11 14:20:46.159491|[g:1][CONSENSUS][SEALER]++++++++++++++++ Generating seal on,blkNum=6,tx=0,nodeIdx=3,hash=5346e741...
info|2019-12-11 14:20:46.160124|[g:1][CONSENSUS][PBFT]checkTimeout Succ,view=29634,toView=29635,nodeIdx=3,changeCycle=0,myNode=de0436d1...,timecost=0.314
info|2019-12-11 14:20:46.162348|[g:1][CONSENSUS][PBFT]checkAndChangeView: Reach consensus,org_view=29634,org_changeCycle=0,cur_changeCycle=0,to_view=29635
info|2019-12-11 14:20:47.163826|[g:1][CONSENSUS]addRawPrepare,height=6,reqIdx=0,hash=bfe12277...
info|2019-12-11 14:20:47.164407|[g:1][CONSENSUS][PBFT]checkTimeout Succ,view=29635,toView=29636,nodeIdx=3,changeCycle=0,myNode=de0436d1...,timecost=0.409
info|2019-12-11 14:20:47.165497|[g:1][CONSENSUS][PBFT]checkAndChangeView: Reach consensus,org_view=29635,org_changeCycle=0,cur_changeCycle=0,to_view=29636
info|2019-12-11 14:20:48.166290|[g:1][CONSENSUS]addRawPrepare,height=6,reqIdx=1,hash=a2f0e8a1...
info|2019-12-11 14:20:48.166787|[g:1][CONSENSUS][PBFT]checkTimeout Succ,view=29636,toView=29637,nodeIdx=3,changeCycle=0,myNode=de0436d1...,timecost=0.369
info|2019-12-11 14:20:48.167926|[g:1][CONSENSUS][PBFT]checkAndChangeView: Reach consensus,org_view=29636,org_changeCycle=0,cur_changeCycle=0,to_view=29637
info|2019-12-11 14:20:49.169204|[g:1][CONSENSUS]addRawPrepare,height=6,reqIdx=2,hash=ff0d3663...
info|2019-12-11 14:20:49.169775|[g:1][CONSENSUS][PBFT]checkTimeout Succ,view=29637,toView=29638,nodeIdx=3,changeCycle=0,myNode=de0436d1...,timecost=0.447
info|2019-12-11 14:20:49.171133|[g:1][CONSENSUS][PBFT]checkAndChangeView: Reach consensus,org_view=29637,org_changeCycle=0,cur_changeCycle=0,to_view=29638
info|2019-12-11 14:20:50.025622|[P2P][Service] heartBeat,connected count=3
info|2019-12-11 14:20:50.172093|[g:1][CONSENSUS][SEALER]++++++++++++++++ Generating seal on,blkNum=6,tx=0,nodeIdx=3,hash=07365ce3...
info|2019-12-11 14:20:50.173023|[g:1][CONSENSUS][PBFT]checkTimeout Succ,view=29638,toView=29639,nodeIdx=3,changeCycle=0,myNode=de0436d1...,timecost=0.466
info|2019-12-11 14:20:50.175440|[g:1][CONSENSUS][PBFT]checkAndChangeView: Reach consensus,org_view=29638,org_changeCycle=0,cur_changeCycle=0,to_view=29639
info|2019-12-11 14:20:51.176485|[g:1][CONSENSUS]addRawPrepare,height=6,reqIdx=0,hash=b02e97ec...
info|2019-12-11 14:20:51.177143|[g:1][CONSENSUS][PBFT]checkTimeout Succ,view=29639,toView=29640,nodeIdx=3,changeCycle=0,myNode=de0436d1...,timecost=0.458
info|2019-12-11 14:20:51.178403|[g:1][CONSENSUS][PBFT]checkAndChangeView: Reach consensus,org_view=29639,org_changeCycle=0,cur_changeCycle=0,to_view=29640
info|2019-12-11 14:20:52.179695|[g:1][CONSENSUS]addRawPrepare,height=6,reqIdx=1,hash=eb17b476...
info|2019-12-11 14:20:52.180122|[g:1][CONSENSUS][PBFT]checkTimeout Succ,view=29640,toView=29641,nodeIdx=3,changeCycle=0,myNode=de0436d1...,timecost=0.329
info|2019-12-11 14:20:52.181092|[g:1][CONSENSUS][PBFT]checkAndChangeView: Reach consensus,org_view=29640,org_changeCycle=0,cur_changeCycle=0,to_view=29641
info|2019-12-11 14:20:53.182748|[g:1][CONSENSUS]addRawPrepare,height=6,reqIdx=2,hash=3dcff321...
info|2019-12-11 14:20:53.183286|[g:1][CONSENSUS][PBFT]checkTimeout Succ,view=29641,toView=29642,nodeIdx=3,changeCycle=0,myNode=de0436d1...,timecost=0.419
info|2019-12-11 14:20:53.184415|[g:1][CONSENSUS][PBFT]checkAndChangeView: Reach consensus,org_view=29641,org_changeCycle=0,cur_changeCycle=0,to_view=29642
info|2019-12-11 14:20:54.185027|[g:1][CONSENSUS][SEALER]++++++++++++++++ Generating seal on,blkNum=6,tx=0,nodeIdx=3,hash=966b927d...
info|2019-12-11 14:20:54.187524|[g:1][CONSENSUS][PBFT]checkTimeout Succ,view=29642,toView=29643,nodeIdx=3,changeCycle=0,myNode=de0436d1...,timecost=0.418
info|2019-12-11 14:20:54.188154|[g:1][CONSENSUS][PBFT]checkAndChangeView: Reach consensus,org_view=29642,org_changeCycle=0,cur_changeCycle=0,to_view=29643
info|2019-12-11 14:20:55.188337|[g:1][CONSENSUS]addRawPrepare,height=6,reqIdx=0,hash=6ad118bd...
info|2019-12-11 14:20:55.189243|[g:1][CONSENSUS][PBFT]checkTimeout Succ,view=29643,toView=29644,nodeIdx=3,changeCycle=0,myNode=de0436d1...,timecost=0.817
info|2019-12-11 14:20:55.190660|[g:1][CONSENSUS][PBFT]checkAndChangeView: Reach consensus,org_view=29643,org_changeCycle=0,cur_changeCycle=0,to_view=29644
info|2019-12-11 14:20:56.191200|[g:1][CONSENSUS]addRawPrepare,height=6,reqIdx=1,hash=a17ade4d...
info|2019-12-11 14:20:56.191786|[g:1][CONSENSUS][PBFT]checkTimeout Succ,view=29644,toView=29645,nodeIdx=3,changeCycle=0,myNode=de0436d1...,timecost=0.46
info|2019-12-11 14:20:56.192858|[g:1][CONSENSUS][PBFT]checkAndChangeView: Reach consensus,org_view=29644,org_changeCycle=0,cur_changeCycle=0,to_view=29645
info|2019-12-11 14:20:57.193315|[g:1][CONSENSUS]addRawPrepare,height=6,reqIdx=2,hash=ed795552...
info|2019-12-11 14:20:57.193729|[g:1][CONSENSUS][PBFT]checkTimeout Succ,view=29645,toView=29646,nodeIdx=3,changeCycle=0,myNode=de0436d1...,timecost=0.321
info|2019-12-11 14:20:57.194721|[g:1][CONSENSUS][PBFT]checkAndChangeView: Reach consensus,org_view=29645,org_changeCycle=0,cur_changeCycle=0,to_view=29646
info|2019-12-11 14:20:58.195390|[g:1][CONSENSUS][SEALER]++++++++++++++++ Generating seal on,blkNum=6,tx=0,nodeIdx=3,hash=7a6d00be...
info|2019-12-11 14:20:58.197672|[g:1][CONSENSUS][PBFT]checkTimeout Succ,view=29646,toView=29647,nodeIdx=3,changeCycle=0,myNode=de0436d1...,timecost=0.396
info|2019-12-11 14:20:58.198266|[g:1][CONSENSUS][PBFT]checkAndChangeView: Reach consensus,org_view=29646,org_changeCycle=0,cur_changeCycle=0,to_view=29647
info|2019-12-11 14:20:59.199072|[g:1][CONSENSUS]addRawPrepare,height=6,reqIdx=0,hash=755b490a...
info|2019-12-11 14:20:59.199561|[g:1][CONSENSUS][PBFT]checkTimeout Succ,view=29647,toView=29648,nodeIdx=3,changeCycle=0,myNode=de0436d1...,timecost=0.36
info|2019-12-11 14:20:59.200632|[g:1][CONSENSUS][PBFT]checkAndChangeView: Reach consensus,org_view=29647,org_changeCycle=0,cur_changeCycle=0,to_view=29648
info|2019-12-11 14:21:00.027331|[P2P][Service] heartBeat,connected count=3
info|2019-12-11 14:21:00.201229|[g:1][CONSENSUS]addRawPrepare,height=6,reqIdx=1,hash=2f5b14ff...
info|2019-12-11 14:21:00.201732|[g:1][CONSENSUS][PBFT]checkTimeout Succ,view=29648,toView=29649,nodeIdx=3,changeCycle=0,myNode=de0436d1...,timecost=0.369
info|2019-12-11 14:21:00.202901|[g:1][CONSENSUS][PBFT]checkAndChangeView: Reach consensus,org_view=29648,org_changeCycle=0,cur_changeCycle=0,to_view=29649
info|2019-12-11 14:21:01.204770|[g:1][CONSENSUS]addRawPrepare,height=6,reqIdx=2,hash=118d0166...
info|2019-12-11 14:21:01.205289|[g:1][CONSENSUS][PBFT]checkTimeout Succ,view=29649,toView=29650,nodeIdx=3,changeCycle=0,myNode=de0436d1...,timecost=0.402
info|2019-12-11 14:21:01.206772|[g:1][CONSENSUS][PBFT]checkAndChangeView: Reach consensus,org_view=29649,org_changeCycle=0,cur_changeCycle=0,to_view=29650
info|2019-12-11 14:21:02.206178|[g:1][CONSENSUS][SEALER]++++++++++++++++ Generating seal on,blkNum=6,tx=0,nodeIdx=3,hash=c46996e0...
info|2019-12-11 14:21:02.207068|[g:1][CONSENSUS][PBFT]checkTimeout Succ,view=29650,toView=29651,nodeIdx=3,changeCycle=0,myNode=de0436d1...,timecost=0.413
info|2019-12-11 14:21:02.209624|[g:1][CONSENSUS][PBFT]checkAndChangeView: Reach consensus,org_view=29650,org_changeCycle=0,cur_changeCycle=0,to_view=29651
info|2019-12-11 14:21:03.211196|[g:1][CONSENSUS]addRawPrepare,height=6,reqIdx=0,hash=8149bb5e...
info|2019-12-11 14:21:03.211836|[g:1][CONSENSUS][PBFT]checkTimeout Succ,view=29651,toView=29652,nodeIdx=3,changeCycle=0,myNode=de0436d1...,timecost=0.466
info|2019-12-11 14:21:03.213068|[g:1][CONSENSUS][PBFT]checkAndChangeView: Reach consensus,org_view=29651,org_changeCycle=0,cur_changeCycle=0,to_view=29652
info|2019-12-11 14:21:04.214486|[g:1][CONSENSUS]addRawPrepare,height=6,reqIdx=1,hash=2b37ec52...
info|2019-12-11 14:21:04.215087|[g:1][CONSENSUS][PBFT]checkTimeout Succ,view=29652,toView=29653,nodeIdx=3,changeCycle=0,myNode=de0436d1...,timecost=0.489
info|2019-12-11 14:21:04.216168|[g:1][CONSENSUS][PBFT]checkAndChangeView: Reach consensus,org_view=29652,org_changeCycle=0,cur_changeCycle=0,to_view=29653
info|2019-12-11 14:21:05.218201|[g:1][CONSENSUS]addRawPrepare,height=6,reqIdx=2,hash=84195284...
info|2019-12-11 14:21:05.219504|[g:1][CONSENSUS][PBFT]checkTimeout Succ,view=29653,toView=29654,nodeIdx=3,changeCycle=0,myNode=de0436d1...,timecost=1.178
info|2019-12-11 14:21:05.220991|[g:1][CONSENSUS][PBFT]checkAndChangeView: Reach consensus,org_view=29653,org_changeCycle=0,cur_changeCycle=0,to_view=29654
info|2019-12-11 14:21:06.222414|[g:1][CONSENSUS][SEALER]++++++++++++++++ Generating seal on,blkNum=6,tx=0,nodeIdx=3,hash=f93d475a...
info|2019-12-11 14:21:06.225737|[g:1][CONSENSUS][PBFT]checkTimeout Succ,view=29654,toView=29655,nodeIdx=3,changeCycle=0,myNode=de0436d1...,timecost=0.576
info|2019-12-11 14:21:06.226477|[g:1][CONSENSUS][PBFT]checkAndChangeView: Reach consensus,org_view=29654,org_changeCycle=0,cur_changeCycle=0,to_view=29655
info|2019-12-11 14:21:07.226966|[g:1][CONSENSUS]addRawPrepare,height=6,reqIdx=0,hash=a95d451a...
info|2019-12-11 14:21:07.227712|[g:1][CONSENSUS][PBFT]checkTimeout Succ,view=29655,toView=29656,nodeIdx=3,changeCycle=0,myNode=de0436d1...,timecost=0.473
info|2019-12-11 14:21:07.229307|[g:1][CONSENSUS][PBFT]checkAndChangeView: Reach consensus,org_view=29655,org_changeCycle=0,cur_changeCycle=0,to_view=29656
info|2019-12-11 14:21:08.231184|[g:1][CONSENSUS]addRawPrepare,height=6,reqIdx=1,hash=b34918e1...
info|2019-12-11 14:21:08.231708|[g:1][CONSENSUS][PBFT]checkTimeout Succ,view=29656,toView=29657,nodeIdx=3,changeCycle=0,myNode=de0436d1...,timecost=0.398
info|2019-12-11 14:21:08.233214|[g:1][CONSENSUS][PBFT]checkAndChangeView: Reach consensus,org_view=29656,org_changeCycle=0,cur_changeCycle=0,to_view=29657
info|2019-12-11 14:21:09.235029|[g:1][CONSENSUS]addRawPrepare,height=6,reqIdx=2,hash=9497d1e5...
info|2019-12-11 14:21:09.235658|[g:1][CONSENSUS][PBFT]checkTimeout Succ,view=29657,toView=29658,nodeIdx=3,changeCycle=0,myNode=de0436d1...,timecost=0.445
info|2019-12-11 14:21:09.237327|[g:1][CONSENSUS][PBFT]checkAndChangeView: Reach consensus,org_view=29657,org_changeCycle=0,cur_changeCycle=0,to_view=29658
info|2019-12-11 14:21:10.028178|[P2P][Service] heartBeat,connected count=3
info|2019-12-11 14:21:10.237991|[g:1][CONSENSUS][SEALER]++++++++++++++++ Generating seal on,blkNum=6,tx=0,nodeIdx=3,hash=354272f0...
info|2019-12-11 14:21:10.238818|[g:1][CONSENSUS][PBFT]checkTimeout Succ,view=29658,toView=29659,nodeIdx=3,changeCycle=0,myNode=de0436d1...,timecost=0.439
info|2019-12-11 14:21:10.240858|[g:1][CONSENSUS][PBFT]checkAndChangeView: Reach consensus,org_view=29658,org_changeCycle=0,cur_changeCycle=0,to_view=29659
info|2019-12-11 14:21:11.243461|[g:1][CONSENSUS]addRawPrepare,height=6,reqIdx=0,hash=c1345c3d...
info|2019-12-11 14:21:11.244078|[g:1][CONSENSUS][PBFT]checkTimeout Succ,view=29659,toView=29660,nodeIdx=3,changeCycle=0,myNode=de0436d1...,timecost=0.488
info|2019-12-11 14:21:11.245525|[g:1][CONSENSUS][PBFT]checkAndChangeView: Reach consensus,org_view=29659,org_changeCycle=0,cur_changeCycle=0,to_view=29660
info|2019-12-11 14:21:12.246369|[g:1][CONSENSUS]addRawPrepare,height=6,reqIdx=1,hash=a98c159e...
info|2019-12-11 14:21:12.247052|[g:1][CONSENSUS][PBFT]checkTimeout Succ,view=29660,toView=29661,nodeIdx=3,changeCycle=0,myNode=de0436d1...,timecost=0.553
info|2019-12-11 14:21:12.248173|[g:1][CONSENSUS][PBFT]checkAndChangeView: Reach consensus,org_view=29660,org_changeCycle=0,cur_changeCycle=0,to_view=29661
info|2019-12-11 14:21:13.248574|[g:1][CONSENSUS]addRawPrepare,height=6,reqIdx=2,hash=853c2102...
info|2019-12-11 14:21:13.249070|[g:1][CONSENSUS][PBFT]checkTimeout Succ,view=29661,toView=29662,nodeIdx=3,changeCycle=0,myNode=de0436d1...,timecost=0.371
info|2019-12-11 14:21:13.250258|[g:1][CONSENSUS][PBFT]checkAndChangeView: Reach consensus,org_view=29661,org_changeCycle=0,cur_changeCycle=0,to_view=29662
info|2019-12-11 14:21:14.250225|[g:1][CONSENSUS][SEALER]++++++++++++++++ Generating seal on,blkNum=6,tx=0,nodeIdx=3,hash=1a08fb9c...
info|2019-12-11 14:21:14.250842|[g:1][CONSENSUS][PBFT]checkTimeout Succ,view=29662,toView=29663,nodeIdx=3,changeCycle=0,myNode=de0436d1...,timecost=0.274
info|2019-12-11 14:21:14.252648|[g:1][CONSENSUS][PBFT]checkAndChangeView: Reach consensus,org_view=29662,org_changeCycle=0,cur_changeCycle=0,to_view=29663
info|2019-12-11 14:21:15.253535|[g:1][CONSENSUS]addRawPrepare,height=6,reqIdx=0,hash=8d00c842...
info|2019-12-11 14:21:15.254427|[g:1][CONSENSUS][PBFT]checkTimeout Succ,view=29663,toView=29664,nodeIdx=3,changeCycle=0,myNode=de0436d1...,timecost=0.763
info|2019-12-11 14:21:15.256077|[g:1][CONSENSUS][PBFT]checkAndChangeView: Reach consensus,org_view=29663,org_changeCycle=0,cur_changeCycle=0,to_view=29664
info|2019-12-11 14:21:16.257715|[g:1][CONSENSUS]addRawPrepare,height=6,reqIdx=1,hash=bf46eb33...
info|2019-12-11 14:21:16.258329|[g:1][CONSENSUS][PBFT]checkTimeout Succ,view=29664,toView=29665,nodeIdx=3,changeCycle=0,myNode=de0436d1...,timecost=0.476
info|2019-12-11 14:21:16.259972|[g:1][CONSENSUS][PBFT]checkAndChangeView: Reach consensus,org_view=29664,org_changeCycle=0,cur_changeCycle=0,to_view=29665
info|2019-12-11 14:21:17.261862|[g:1][CONSENSUS]addRawPrepare,height=6,reqIdx=2,hash=92ddc45e...
info|2019-12-11 14:21:17.262502|[g:1][CONSENSUS][PBFT]checkTimeout Succ,view=29665,toView=29666,nodeIdx=3,changeCycle=0,myNode=de0436d1...,timecost=0.465
info|2019-12-11 14:21:17.263949|[g:1][CONSENSUS][PBFT]checkAndChangeView: Reach consensus,org_view=29665,org_changeCycle=0,cur_changeCycle=0,to_view=29666
info|2019-12-11 14:21:18.263907|[g:1][CONSENSUS][SEALER]++++++++++++++++ Generating seal on,blkNum=6,tx=0,nodeIdx=3,hash=336b1ae9...
info|2019-12-11 14:21:18.264885|[g:1][CONSENSUS][PBFT]checkTimeout Succ,view=29666,toView=29667,nodeIdx=3,changeCycle=0,myNode=de0436d1...,timecost=0.517
info|2019-12-11 14:21:18.267211|[g:1][CONSENSUS][PBFT]checkAndChangeView: Reach consensus,org_view=29666,org_changeCycle=0,cur_changeCycle=0,to_view=29667
info|2019-12-11 14:21:19.268899|[g:1][CONSENSUS]addRawPrepare,height=6,reqIdx=0,hash=26f08699...
info|2019-12-11 14:21:19.269434|[g:1][CONSENSUS][PBFT]checkTimeout Succ,view=29667,toView=29668,nodeIdx=3,changeCycle=0,myNode=de0436d1...,timecost=0.417
info|2019-12-11 14:21:19.270715|[g:1][CONSENSUS][PBFT]checkAndChangeView: Reach consensus,org_view=29667,org_changeCycle=0,cur_changeCycle=0,to_view=29668
info|2019-12-11 14:21:20.030162|[P2P][Service] heartBeat,connected count=3
info|2019-12-11 14:21:20.272770|[g:1][CONSENSUS]addRawPrepare,height=6,reqIdx=1,hash=c1e7b509...
info|2019-12-11 14:21:20.273520|[g:1][CONSENSUS][PBFT]checkTimeout Succ,view=29668,toView=29669,nodeIdx=3,changeCycle=0,myNode=de0436d1...,timecost=0.63
info|2019-12-11 14:21:20.275389|[g:1][CONSENSUS][PBFT]checkAndChangeView: Reach consensus,org_view=29668,org_changeCycle=0,cur_changeCycle=0,to_view=29669
info|2019-12-11 14:21:21.276558|[g:1][CONSENSUS]addRawPrepare,height=6,reqIdx=2,hash=f9ad16f9...
info|2019-12-11 14:21:21.277004|[g:1][CONSENSUS][PBFT]checkTimeout Succ,view=29669,toView=29670,nodeIdx=3,changeCycle=0,myNode=de0436d1...,timecost=0.353
info|2019-12-11 14:21:21.278023|[g:1][CONSENSUS][PBFT]checkAndChangeView: Reach consensus,org_view=29669,org_changeCycle=0,cur_changeCycle=0,to_view=29670
info|2019-12-11 14:21:22.278281|[g:1][CONSENSUS][SEALER]++++++++++++++++ Generating seal on,blkNum=6,tx=0,nodeIdx=3,hash=fb93d4bb...
info|2019-12-11 14:21:22.279258|[g:1][CONSENSUS][PBFT]checkTimeout Succ,view=29670,toView=29671,nodeIdx=3,changeCycle=0,myNode=de0436d1...,timecost=0.509
info|2019-12-11 14:21:22.281751|[g:1][CONSENSUS][PBFT]checkAndChangeView: Reach consensus,org_view=29670,org_changeCycle=0,cur_changeCycle=0,to_view=29671
info|2019-12-11 14:21:23.282536|[g:1][CONSENSUS]addRawPrepare,height=6,reqIdx=0,hash=bdc8e289...
info|2019-12-11 14:21:23.283015|[g:1][CONSENSUS][PBFT]checkTimeout Succ,view=29671,toView=29672,nodeIdx=3,changeCycle=0,myNode=de0436d1...,timecost=0.341
info|2019-12-11 14:21:23.284506|[g:1][CONSENSUS][PBFT]checkAndChangeView: Reach consensus,org_view=29671,org_changeCycle=0,cur_changeCycle=0,to_view=29672
info|2019-12-11 14:21:24.286381|[g:1][CONSENSUS]addRawPrepare,height=6,reqIdx=1,hash=fe748652...
info|2019-12-11 14:21:24.286870|[g:1][CONSENSUS][PBFT]checkTimeout Succ,view=29672,toView=29673,nodeIdx=3,changeCycle=0,myNode=de0436d1...,timecost=0.362
info|2019-12-11 14:21:24.288016|[g:1][CONSENSUS][PBFT]checkAndChangeView: Reach consensus,org_view=29672,org_changeCycle=0,cur_changeCycle=0,to_view=29673
info|2019-12-11 14:21:25.290653|[g:1][CONSENSUS]addRawPrepare,height=6,reqIdx=2,hash=05465a60...
info|2019-12-11 14:21:25.292009|[g:1][CONSENSUS][PBFT]checkTimeout Succ,view=29673,toView=29674,nodeIdx=3,changeCycle=0,myNode=de0436d1...,timecost=1.158
info|2019-12-11 14:21:25.293490|[g:1][CONSENSUS][PBFT]checkAndChangeView: Reach consensus,org_view=29673,org_changeCycle=0,cur_changeCycle=0,to_view=29674
info|2019-12-11 14:21:26.294400|[g:1][CONSENSUS][SEALER]++++++++++++++++ Generating seal on,blkNum=6,tx=0,nodeIdx=3,hash=48e762bd...
info|2019-12-11 14:21:26.295375|[g:1][CONSENSUS][PBFT]checkTimeout Succ,view=29674,toView=29675,nodeIdx=3,changeCycle=0,myNode=de0436d1...,timecost=0.469
info|2019-12-11 14:21:26.297797|[g:1][CONSENSUS][PBFT]checkAndChangeView: Reach consensus,org_view=29674,org_changeCycle=0,cur_changeCycle=0,to_view=29675
info|2019-12-11 14:21:27.300610|[g:1][CONSENSUS]addRawPrepare,height=6,reqIdx=0,hash=f05fdd10...
info|2019-12-11 14:21:27.301225|[g:1][CONSENSUS][PBFT]checkTimeout Succ,view=29675,toView=29676,nodeIdx=3,changeCycle=0,myNode=de0436d1...,timecost=0.458
info|2019-12-11 14:21:27.302555|[g:1][CONSENSUS][PBFT]checkAndChangeView: Reach consensus,org_view=29675,org_changeCycle=0,cur_changeCycle=0,to_view=29676
info|2019-12-11 14:21:28.304399|[g:1][CONSENSUS]addRawPrepare,height=6,reqIdx=1,hash=1a4e0865...
info|2019-12-11 14:21:28.305024|[g:1][CONSENSUS][PBFT]checkTimeout Succ,view=29676,toView=29677,nodeIdx=3,changeCycle=0,myNode=de0436d1...,timecost=0.466
info|2019-12-11 14:21:28.307000|[g:1][CONSENSUS][PBFT]checkAndChangeView: Reach consensus,org_view=29676,org_changeCycle=0,cur_changeCycle=0,to_view=29677
info|2019-12-11 14:21:29.307487|[g:1][CONSENSUS]addRawPrepare,height=6,reqIdx=2,hash=d8030692...
info|2019-12-11 14:21:29.307986|[g:1][CONSENSUS][PBFT]checkTimeout Succ,view=29677,toView=29678,nodeIdx=3,changeCycle=0,myNode=de0436d1...,timecost=0.403
info|2019-12-11 14:21:29.309195|[g:1][CONSENSUS][PBFT]checkAndChangeView: Reach consensus,org_view=29677,org_changeCycle=0,cur_changeCycle=0,to_view=29678
info|2019-12-11 14:21:30.031593|[P2P][Service] heartBeat,connected count=3
info|2019-12-11 14:21:30.309739|[g:1][CONSENSUS][SEALER]++++++++++++++++ Generating seal on,blkNum=6,tx=0,nodeIdx=3,hash=0f1dd7bd...
info|2019-12-11 14:21:30.313162|[g:1][CONSENSUS][PBFT]checkTimeout Succ,view=29678,toView=29679,nodeIdx=3,changeCycle=0,myNode=de0436d1...,timecost=0.54
info|2019-12-11 14:21:30.313944|[g:1][CONSENSUS][PBFT]checkAndChangeView: Reach consensus,org_view=29678,org_changeCycle=0,cur_changeCycle=0,to_view=29679
info|2019-12-11 14:21:31.315941|[g:1][CONSENSUS]addRawPrepare,height=6,reqIdx=0,hash=d4a38951...
info|2019-12-11 14:21:31.316558|[g:1][CONSENSUS][PBFT]checkTimeout Succ,view=29679,toView=29680,nodeIdx=3,changeCycle=0,myNode=de0436d1...,timecost=0.489
info|2019-12-11 14:21:31.318054|[g:1][CONSENSUS][PBFT]checkAndChangeView: Reach consensus,org_view=29679,org_changeCycle=0,cur_changeCycle=0,to_view=29680
info|2019-12-11 14:21:32.320421|[g:1][CONSENSUS]addRawPrepare,height=6,reqIdx=1,hash=e1598c1f...
info|2019-12-11 14:21:32.321094|[g:1][CONSENSUS][PBFT]checkTimeout Succ,view=29680,toView=29681,nodeIdx=3,changeCycle=0,myNode=de0436d1...,timecost=0.506
info|2019-12-11 14:21:32.322622|[g:1][CONSENSUS][PBFT]checkAndChangeView: Reach consensus,org_view=29680,org_changeCycle=0,cur_changeCycle=0,to_view=29681
info|2019-12-11 14:21:33.323951|[g:1][CONSENSUS]addRawPrepare,height=6,reqIdx=2,hash=fff3f295...
info|2019-12-11 14:21:33.324586|[g:1][CONSENSUS][PBFT]checkTimeout Succ,view=29681,toView=29682,nodeIdx=3,changeCycle=0,myNode=de0436d1...,timecost=0.475
info|2019-12-11 14:21:33.326135|[g:1][CONSENSUS][PBFT]checkAndChangeView: Reach consensus,org_view=29681,org_changeCycle=0,cur_changeCycle=0,to_view=29682
info|2019-12-11 14:21:34.327599|[g:1][CONSENSUS][SEALER]++++++++++++++++ Generating seal on,blkNum=6,tx=0,nodeIdx=3,hash=302ea782...
info|2019-12-11 14:21:34.330092|[g:1][CONSENSUS][PBFT]checkTimeout Succ,view=29682,toView=29683,nodeIdx=3,changeCycle=0,myNode=de0436d1...,timecost=0.421
info|2019-12-11 14:21:34.331367|[g:1][CONSENSUS][PBFT]checkAndChangeView: Reach consensus,org_view=29682,org_changeCycle=0,cur_changeCycle=0,to_view=29683
info|2019-12-11 14:21:35.332897|[g:1][CONSENSUS]addRawPrepare,height=6,reqIdx=0,hash=c11ea158...
info|2019-12-11 14:21:35.333680|[g:1][CONSENSUS][PBFT]checkTimeout Succ,view=29683,toView=29684,nodeIdx=3,changeCycle=0,myNode=de0436d1...,timecost=0.625
info|2019-12-11 14:21:35.335723|[g:1][CONSENSUS][PBFT]checkAndChangeView: Reach consensus,org_view=29683,org_changeCycle=0,cur_changeCycle=0,to_view=29684
info|2019-12-11 14:21:36.336753|[g:1][CONSENSUS]addRawPrepare,height=6,reqIdx=1,hash=2ee1c9f8...
info|2019-12-11 14:21:36.337564|[g:1][CONSENSUS][PBFT]checkTimeout Succ,view=29684,toView=29685,nodeIdx=3,changeCycle=0,myNode=de0436d1...,timecost=0.652
info|2019-12-11 14:21:36.338995|[g:1][CONSENSUS][PBFT]checkAndChangeView: Reach consensus,org_view=29684,org_changeCycle=0,cur_changeCycle=0,to_view=29685
info|2019-12-11 14:21:37.341051|[g:1][CONSENSUS]addRawPrepare,height=6,reqIdx=2,hash=903597dc...
info|2019-12-11 14:21:37.341585|[g:1][CONSENSUS][PBFT]checkTimeout Succ,view=29685,toView=29686,nodeIdx=3,changeCycle=0,myNode=de0436d1...,timecost=0.405
info|2019-12-11 14:21:37.342996|[g:1][CONSENSUS][PBFT]checkAndChangeView: Reach consensus,org_view=29685,org_changeCycle=0,cur_changeCycle=0,to_view=29686
info|2019-12-11 14:21:38.344569|[g:1][CONSENSUS][SEALER]++++++++++++++++ Generating seal on,blkNum=6,tx=0,nodeIdx=3,hash=bd8df5d0...
info|2019-12-11 14:21:38.347222|[g:1][CONSENSUS][PBFT]checkTimeout Succ,view=29686,toView=29687,nodeIdx=3,changeCycle=0,myNode=de0436d1...,timecost=0.401
info|2019-12-11 14:21:38.348704|[g:1][CONSENSUS][PBFT]checkAndChangeView: Reach consensus,org_view=29686,org_changeCycle=0,cur_changeCycle=0,to_view=29687
info|2019-12-11 14:21:39.349693|[g:1][CONSENSUS]addRawPrepare,height=6,reqIdx=0,hash=1d92945e...
info|2019-12-11 14:21:39.350350|[g:1][CONSENSUS][PBFT]checkTimeout Succ,view=29687,toView=29688,nodeIdx=3,changeCycle=0,myNode=de0436d1...,timecost=0.482
info|2019-12-11 14:21:39.352007|[g:1][CONSENSUS][PBFT]checkAndChangeView: Reach consensus,org_view=29687,org_changeCycle=0,cur_changeCycle=0,to_view=29688
info|2019-12-11 14:21:40.038551|[P2P][Service] heartBeat,connected count=3
info|2019-12-11 14:21:40.353867|[g:1][CONSENSUS]addRawPrepare,height=6,reqIdx=1,hash=0135d3d3...
info|2019-12-11 14:21:40.354829|[g:1][CONSENSUS][PBFT]checkTimeout Succ,view=29688,toView=29689,nodeIdx=3,changeCycle=0,myNode=de0436d1...,timecost=0.791
info|2019-12-11 14:21:40.356353|[g:1][CONSENSUS][PBFT]checkAndChangeView: Reach consensus,org_view=29688,org_changeCycle=0,cur_changeCycle=0,to_view=29689
info|2019-12-11 14:21:41.357841|[g:1][CONSENSUS]addRawPrepare,height=6,reqIdx=2,hash=821259e1...
info|2019-12-11 14:21:41.358678|[g:1][CONSENSUS][PBFT]checkTimeout Succ,view=29689,toView=29690,nodeIdx=3,changeCycle=0,myNode=de0436d1...,timecost=0.673
info|2019-12-11 14:21:41.360160|[g:1][CONSENSUS][PBFT]checkAndChangeView: Reach consensus,org_view=29689,org_changeCycle=0,cur_changeCycle=0,to_view=29690
info|2019-12-11 14:21:42.361159|[g:1][CONSENSUS][SEALER]++++++++++++++++ Generating seal on,blkNum=6,tx=0,nodeIdx=3,hash=4b78e7cd...
info|2019-12-11 14:21:42.363846|[g:1][CONSENSUS][PBFT]checkTimeout Succ,view=29690,toView=29691,nodeIdx=3,changeCycle=0,myNode=de0436d1...,timecost=0.414
info|2019-12-11 14:21:42.365287|[g:1][CONSENSUS][PBFT]checkAndChangeView: Reach consensus,org_view=29690,org_changeCycle=0,cur_changeCycle=0,to_view=29691
info|2019-12-11 14:21:43.366204|[g:1][CONSENSUS]addRawPrepare,height=6,reqIdx=0,hash=a1029dcf...
info|2019-12-11 14:21:43.366785|[g:1][CONSENSUS][PBFT]checkTimeout Succ,view=29691,toView=29692,nodeIdx=3,changeCycle=0,myNode=de0436d1...,timecost=0.431
info|2019-12-11 14:21:43.368052|[g:1][CONSENSUS][PBFT]checkAndChangeView: Reach consensus,org_view=29691,org_changeCycle=0,cur_changeCycle=0,to_view=29692
info|2019-12-11 14:21:44.370415|[g:1][CONSENSUS]addRawPrepare,height=6,reqIdx=1,hash=b611abe4...
info|2019-12-11 14:21:44.370986|[g:1][CONSENSUS][PBFT]checkTimeout Succ,view=29692,toView=29693,nodeIdx=3,changeCycle=0,myNode=de0436d1...,timecost=0.441
info|2019-12-11 14:21:44.372301|[g:1][CONSENSUS][PBFT]checkAndChangeView: Reach consensus,org_view=29692,org_changeCycle=0,cur_changeCycle=0,to_view=29693
info|2019-12-11 14:21:45.374821|[g:1][CONSENSUS]addRawPrepare,height=6,reqIdx=2,hash=f7d89d2c...
info|2019-12-11 14:21:45.375566|[g:1][CONSENSUS][PBFT]checkTimeout Succ,view=29693,toView=29694,nodeIdx=3,changeCycle=0,myNode=de0436d1...,timecost=0.616
info|2019-12-11 14:21:45.377597|[g:1][CONSENSUS][PBFT]checkAndChangeView: Reach consensus,org_view=29693,org_changeCycle=0,cur_changeCycle=0,to_view=29694
