warning|2019-12-12 02:57:42.002392|[g:1][CONSENSUS][PBFT]ViewChangeWarning: not caused by omit empty block ,v=49105,toV=49106,curNum=5,hash=a9fec021...,nodeIdx=3,myNode=de0436d1...
info|2019-12-12 02:57:42.002533|[g:1][CONSENSUS][PBFT]checkTimeout Succ,view=49105,toView=49106,nodeIdx=3,changeCycle=1,myNode=de0436d1...,timecost=0.54
info|2019-12-12 02:57:42.003933|[P2P][Service] heartBeat,connected count=3
info|2019-12-12 02:57:42.011001|[g:1][CONSENSUS][PBFT]checkAndChangeView: Reach consensus,org_view=49105,org_changeCycle=1,cur_changeCycle=1,to_view=49106
info|2019-12-12 02:57:43.012602|[g:1][CONSENSUS][SEALER]++++++++++++++++ Generating seal on,blkNum=6,tx=0,nodeIdx=3,hash=cd3d8730...
info|2019-12-12 02:57:43.013271|[g:1][CONSENSUS][PBFT]checkTimeout Succ,view=49106,toView=49107,nodeIdx=3,changeCycle=0,myNode=de0436d1...,timecost=0.362
info|2019-12-12 02:57:43.015417|[g:1][CONSENSUS][PBFT]checkAndChangeView: Reach consensus,org_view=49106,org_changeCycle=0,cur_changeCycle=0,to_view=49107
info|2019-12-12 02:57:44.016374|[g:1][CONSENSUS]addRawPrepare,height=6,reqIdx=0,hash=70b800d0...
info|2019-12-12 02:57:44.016863|[g:1][CONSENSUS][PBFT]checkTimeout Succ,view=49107,toView=49108,nodeIdx=3,changeCycle=0,myNode=de0436d1...,timecost=0.334
info|2019-12-12 02:57:44.018012|[g:1][CONSENSUS][PBFT]checkAndChangeView: Reach consensus,org_view=49107,org_changeCycle=0,cur_changeCycle=0,to_view=49108
info|2019-12-12 02:57:45.020539|[g:1][CONSENSUS]addRawPrepare,height=6,reqIdx=1,hash=802fef10...
info|2019-12-12 02:57:45.021227|[g:1][CONSENSUS][PBFT]checkTimeout Succ,view=49108,toView=49109,nodeIdx=3,changeCycle=0,myNode=de0436d1...,timecost=0.502
info|2019-12-12 02:57:45.022902|[g:1][CONSENSUS][PBFT]checkAndChangeView: Reach consensus,org_view=49108,org_changeCycle=0,cur_changeCycle=0,to_view=49109
info|2019-12-12 02:57:46.024199|[g:1][CONSENSUS]addRawPrepare,height=6,reqIdx=2,hash=1b2254ab...
info|2019-12-12 02:57:46.024799|[g:1][CONSENSUS][PBFT]checkTimeout Succ,view=49109,toView=49110,nodeIdx=3,changeCycle=0,myNode=de0436d1...,timecost=0.487
info|2019-12-12 02:57:46.026196|[g:1][CONSENSUS][PBFT]checkAndChangeView: Reach consensus,org_view=49109,org_changeCycle=0,cur_changeCycle=0,to_view=49110
info|2019-12-12 02:57:47.027406|[g:1][CONSENSUS][SEALER]++++++++++++++++ Generating seal on,blkNum=6,tx=0,nodeIdx=3,hash=d5b51f3e...
info|2019-12-12 02:57:47.031064|[g:1][CONSENSUS][PBFT]checkTimeout Succ,view=49110,toView=49111,nodeIdx=3,changeCycle=0,myNode=de0436d1...,timecost=0.507
info|2019-12-12 02:57:47.031659|[g:1][CONSENSUS][PBFT]checkAndChangeView: Reach consensus,org_view=49110,org_changeCycle=0,cur_changeCycle=0,to_view=49111
info|2019-12-12 02:57:48.032598|[g:1][CONSENSUS]addRawPrepare,height=6,reqIdx=0,hash=6fa7053e...
info|2019-12-12 02:57:48.033088|[g:1][CONSENSUS][PBFT]checkTimeout Succ,view=49111,toView=49112,nodeIdx=3,changeCycle=0,myNode=de0436d1...,timecost=0.373
info|2019-12-12 02:57:48.034281|[g:1][CONSENSUS][PBFT]checkAndChangeView: Reach consensus,org_view=49111,org_changeCycle=0,cur_changeCycle=0,to_view=49112
info|2019-12-12 02:57:49.036364|[g:1][CONSENSUS]addRawPrepare,height=6,reqIdx=1,hash=b89a8c03...
info|2019-12-12 02:57:49.036886|[g:1][CONSENSUS][PBFT]checkTimeout Succ,view=49112,toView=49113,nodeIdx=3,changeCycle=0,myNode=de0436d1...,timecost=0.426
info|2019-12-12 02:57:49.038028|[g:1][CONSENSUS][PBFT]checkAndChangeView: Reach consensus,org_view=49112,org_changeCycle=0,cur_changeCycle=0,to_view=49113
info|2019-12-12 02:57:50.038504|[g:1][CONSENSUS]addRawPrepare,height=6,reqIdx=2,hash=d6c191e4...
info|2019-12-12 02:57:50.039023|[g:1][CONSENSUS][PBFT]checkTimeout Succ,view=49113,toView=49114,nodeIdx=3,changeCycle=0,myNode=de0436d1...,timecost=0.353
info|2019-12-12 02:57:50.040150|[g:1][CONSENSUS][PBFT]checkAndChangeView: Reach consensus,org_view=49113,org_changeCycle=0,cur_changeCycle=0,to_view=49114
info|2019-12-12 02:57:51.041063|[g:1][CONSENSUS][SEALER]++++++++++++++++ Generating seal on,blkNum=6,tx=0,nodeIdx=3,hash=85e87dd8...
info|2019-12-12 02:57:51.044546|[g:1][CONSENSUS][PBFT]checkTimeout Succ,view=49114,toView=49115,nodeIdx=3,changeCycle=0,myNode=de0436d1...,timecost=0.361
info|2019-12-12 02:57:51.045103|[g:1][CONSENSUS][PBFT]checkAndChangeView: Reach consensus,org_view=49114,org_changeCycle=0,cur_changeCycle=0,to_view=49115
info|2019-12-12 02:57:52.009818|[P2P][Service] heartBeat,connected count=3
info|2019-12-12 02:57:52.046077|[g:1][CONSENSUS]addRawPrepare,height=6,reqIdx=0,hash=704fb71a...
info|2019-12-12 02:57:52.046685|[g:1][CONSENSUS][PBFT]checkTimeout Succ,view=49115,toView=49116,nodeIdx=3,changeCycle=0,myNode=de0436d1...,timecost=0.536
info|2019-12-12 02:57:52.047840|[g:1][CONSENSUS][PBFT]checkAndChangeView: Reach consensus,org_view=49115,org_changeCycle=0,cur_changeCycle=0,to_view=49116
info|2019-12-12 02:57:53.050796|[g:1][CONSENSUS]addRawPrepare,height=6,reqIdx=1,hash=2676e55e...
info|2019-12-12 02:57:53.051537|[g:1][CONSENSUS][PBFT]checkTimeout Succ,view=49116,toView=49117,nodeIdx=3,changeCycle=0,myNode=de0436d1...,timecost=0.606
info|2019-12-12 02:57:53.053376|[g:1][CONSENSUS][PBFT]checkAndChangeView: Reach consensus,org_view=49116,org_changeCycle=0,cur_changeCycle=0,to_view=49117
info|2019-12-12 02:57:54.055630|[g:1][CONSENSUS]addRawPrepare,height=6,reqIdx=2,hash=11ee3fda...
info|2019-12-12 02:57:54.056733|[g:1][CONSENSUS][PBFT]checkTimeout Succ,view=49117,toView=49118,nodeIdx=3,changeCycle=0,myNode=de0436d1...,timecost=0.87
info|2019-12-12 02:57:54.058906|[g:1][CONSENSUS][PBFT]checkAndChangeView: Reach consensus,org_view=49117,org_changeCycle=0,cur_changeCycle=0,to_view=49118
info|2019-12-12 02:57:55.058527|[g:1][CONSENSUS][SEALER]++++++++++++++++ Generating seal on,blkNum=6,tx=0,nodeIdx=3,hash=63a620a5...
info|2019-12-12 02:57:55.064036|[g:1][CONSENSUS][PBFT]checkTimeout Succ,view=49118,toView=49119,nodeIdx=3,changeCycle=0,myNode=de0436d1...,timecost=1.08
info|2019-12-12 02:57:55.066484|[g:1][CONSENSUS][PBFT]checkAndChangeView: Reach consensus,org_view=49118,org_changeCycle=0,cur_changeCycle=0,to_view=49119
info|2019-12-12 02:57:56.067590|[g:1][CONSENSUS]addRawPrepare,height=6,reqIdx=0,hash=acbd71d1...
info|2019-12-12 02:57:56.068578|[g:1][CONSENSUS][PBFT]checkTimeout Succ,view=49119,toView=49120,nodeIdx=3,changeCycle=0,myNode=de0436d1...,timecost=0.755
info|2019-12-12 02:57:56.071097|[g:1][CONSENSUS][PBFT]checkAndChangeView: Reach consensus,org_view=49119,org_changeCycle=0,cur_changeCycle=0,to_view=49120
info|2019-12-12 02:57:57.072904|[g:1][CONSENSUS]addRawPrepare,height=6,reqIdx=1,hash=bfad6052...
info|2019-12-12 02:57:57.074580|[g:1][CONSENSUS][PBFT]checkTimeout Succ,view=49120,toView=49121,nodeIdx=3,changeCycle=0,myNode=de0436d1...,timecost=1.379
info|2019-12-12 02:57:57.077844|[g:1][CONSENSUS][PBFT]checkAndChangeView: Reach consensus,org_view=49120,org_changeCycle=0,cur_changeCycle=0,to_view=49121
info|2019-12-12 02:57:58.081641|[g:1][CONSENSUS]addRawPrepare,height=6,reqIdx=2,hash=9284944b...
info|2019-12-12 02:57:58.082909|[g:1][CONSENSUS][PBFT]checkTimeout Succ,view=49121,toView=49122,nodeIdx=3,changeCycle=0,myNode=de0436d1...,timecost=0.95
info|2019-12-12 02:57:58.085424|[g:1][CONSENSUS][PBFT]checkAndChangeView: Reach consensus,org_view=49121,org_changeCycle=0,cur_changeCycle=0,to_view=49122
info|2019-12-12 02:57:59.086622|[g:1][CONSENSUS][SEALER]++++++++++++++++ Generating seal on,blkNum=6,tx=0,nodeIdx=3,hash=2cf7f6fd...
info|2019-12-12 02:57:59.089554|[g:1][CONSENSUS][PBFT]checkTimeout Succ,view=49122,toView=49123,nodeIdx=3,changeCycle=0,myNode=de0436d1...,timecost=1.245
info|2019-12-12 02:57:59.099490|[g:1][CONSENSUS][PBFT]checkAndChangeView: Reach consensus,org_view=49122,org_changeCycle=0,cur_changeCycle=0,to_view=49123
info|2019-12-12 02:58:00.105405|[g:1][CONSENSUS]addRawPrepare,height=6,reqIdx=0,hash=037364b0...
info|2019-12-12 02:58:00.109223|[g:1][CONSENSUS][PBFT]checkTimeout Succ,view=49123,toView=49124,nodeIdx=3,changeCycle=0,myNode=de0436d1...,timecost=1.08
info|2019-12-12 02:58:00.112448|[g:1][CONSENSUS][PBFT]checkAndChangeView: Reach consensus,org_view=49123,org_changeCycle=0,cur_changeCycle=0,to_view=49124
info|2019-12-12 02:58:01.112942|[g:1][CONSENSUS]addRawPrepare,height=6,reqIdx=1,hash=1c294f9f...
info|2019-12-12 02:58:01.114397|[g:1][CONSENSUS][PBFT]checkTimeout Succ,view=49124,toView=49125,nodeIdx=3,changeCycle=0,myNode=de0436d1...,timecost=1.066
info|2019-12-12 02:58:01.117889|[g:1][CONSENSUS][PBFT]checkAndChangeView: Reach consensus,org_view=49124,org_changeCycle=0,cur_changeCycle=0,to_view=49125
info|2019-12-12 02:58:02.019488|[P2P][Service] heartBeat,connected count=3
info|2019-12-12 02:58:02.122046|[g:1][CONSENSUS]addRawPrepare,height=6,reqIdx=2,hash=c008261f...
info|2019-12-12 02:58:02.124002|[g:1][CONSENSUS][PBFT]checkTimeout Succ,view=49125,toView=49126,nodeIdx=3,changeCycle=0,myNode=de0436d1...,timecost=1.684
info|2019-12-12 02:58:02.127617|[g:1][CONSENSUS][PBFT]checkAndChangeView: Reach consensus,org_view=49125,org_changeCycle=0,cur_changeCycle=0,to_view=49126
info|2019-12-12 02:58:03.128478|[g:1][CONSENSUS][SEALER]++++++++++++++++ Generating seal on,blkNum=6,tx=0,nodeIdx=3,hash=d3ede5c0...
info|2019-12-12 02:58:03.135980|[g:1][CONSENSUS][PBFT]checkTimeout Succ,view=49126,toView=49127,nodeIdx=3,changeCycle=0,myNode=de0436d1...,timecost=1.364
info|2019-12-12 02:58:03.137786|[g:1][CONSENSUS][PBFT]checkAndChangeView: Reach consensus,org_view=49126,org_changeCycle=0,cur_changeCycle=0,to_view=49127
info|2019-12-12 02:58:04.140102|[g:1][CONSENSUS]addRawPrepare,height=6,reqIdx=0,hash=e59b590a...
info|2019-12-12 02:58:04.141579|[g:1][CONSENSUS][PBFT]checkTimeout Succ,view=49127,toView=49128,nodeIdx=3,changeCycle=0,myNode=de0436d1...,timecost=1.113
info|2019-12-12 02:58:04.145320|[g:1][CONSENSUS][PBFT]checkAndChangeView: Reach consensus,org_view=49127,org_changeCycle=0,cur_changeCycle=0,to_view=49128
info|2019-12-12 02:58:05.148462|[g:1][CONSENSUS]addRawPrepare,height=6,reqIdx=1,hash=8bee4529...
info|2019-12-12 02:58:05.149788|[g:1][CONSENSUS][PBFT]checkTimeout Succ,view=49128,toView=49129,nodeIdx=3,changeCycle=0,myNode=de0436d1...,timecost=1.105
info|2019-12-12 02:58:05.152576|[g:1][CONSENSUS][PBFT]checkAndChangeView: Reach consensus,org_view=49128,org_changeCycle=0,cur_changeCycle=0,to_view=49129
info|2019-12-12 02:58:06.155636|[g:1][CONSENSUS]addRawPrepare,height=6,reqIdx=2,hash=7e76ad31...
info|2019-12-12 02:58:06.156958|[g:1][CONSENSUS][PBFT]checkTimeout Succ,view=49129,toView=49130,nodeIdx=3,changeCycle=0,myNode=de0436d1...,timecost=1.067
info|2019-12-12 02:58:06.159852|[g:1][CONSENSUS][PBFT]checkAndChangeView: Reach consensus,org_view=49129,org_changeCycle=0,cur_changeCycle=0,to_view=49130
info|2019-12-12 02:58:07.159593|[g:1][CONSENSUS][SEALER]++++++++++++++++ Generating seal on,blkNum=6,tx=0,nodeIdx=3,hash=f7d70cb3...
info|2019-12-12 02:58:07.160920|[g:1][CONSENSUS][PBFT]checkTimeout Succ,view=49130,toView=49131,nodeIdx=3,changeCycle=0,myNode=de0436d1...,timecost=0.755
info|2019-12-12 02:58:07.164837|[g:1][CONSENSUS][PBFT]checkAndChangeView: Reach consensus,org_view=49130,org_changeCycle=0,cur_changeCycle=0,to_view=49131
info|2019-12-12 02:58:08.166955|[g:1][CONSENSUS]addRawPrepare,height=6,reqIdx=0,hash=4addc6d9...
info|2019-12-12 02:58:08.167973|[g:1][CONSENSUS][PBFT]checkTimeout Succ,view=49131,toView=49132,nodeIdx=3,changeCycle=0,myNode=de0436d1...,timecost=0.818
info|2019-12-12 02:58:08.170422|[g:1][CONSENSUS][PBFT]checkAndChangeView: Reach consensus,org_view=49131,org_changeCycle=0,cur_changeCycle=0,to_view=49132
info|2019-12-12 02:58:09.172700|[g:1][CONSENSUS]addRawPrepare,height=6,reqIdx=1,hash=34d3204a...
info|2019-12-12 02:58:09.173458|[g:1][CONSENSUS][PBFT]checkTimeout Succ,view=49132,toView=49133,nodeIdx=3,changeCycle=0,myNode=de0436d1...,timecost=0.575
info|2019-12-12 02:58:09.175550|[g:1][CONSENSUS][PBFT]checkAndChangeView: Reach consensus,org_view=49132,org_changeCycle=0,cur_changeCycle=0,to_view=49133
info|2019-12-12 02:58:10.177322|[g:1][CONSENSUS]addRawPrepare,height=6,reqIdx=2,hash=47da210f...
info|2019-12-12 02:58:10.178006|[g:1][CONSENSUS][PBFT]checkTimeout Succ,view=49133,toView=49134,nodeIdx=3,changeCycle=0,myNode=de0436d1...,timecost=0.52
info|2019-12-12 02:58:10.179907|[g:1][CONSENSUS][PBFT]checkAndChangeView: Reach consensus,org_view=49133,org_changeCycle=0,cur_changeCycle=0,to_view=49134
info|2019-12-12 02:58:11.180219|[g:1][CONSENSUS][SEALER]++++++++++++++++ Generating seal on,blkNum=6,tx=0,nodeIdx=3,hash=f097ed46...
info|2019-12-12 02:58:11.183512|[g:1][CONSENSUS][PBFT]checkTimeout Succ,view=49134,toView=49135,nodeIdx=3,changeCycle=0,myNode=de0436d1...,timecost=0.518
info|2019-12-12 02:58:11.184256|[g:1][CONSENSUS][PBFT]checkAndChangeView: Reach consensus,org_view=49134,org_changeCycle=0,cur_changeCycle=0,to_view=49135
info|2019-12-12 02:58:12.024459|[P2P][Service] heartBeat,connected count=3
info|2019-12-12 02:58:12.185816|[g:1][CONSENSUS]addRawPrepare,height=6,reqIdx=0,hash=e270b3b6...
info|2019-12-12 02:58:12.186991|[g:1][CONSENSUS][PBFT]checkTimeout Succ,view=49135,toView=49136,nodeIdx=3,changeCycle=0,myNode=de0436d1...,timecost=1.017
info|2019-12-12 02:58:12.188535|[g:1][CONSENSUS][PBFT]checkAndChangeView: Reach consensus,org_view=49135,org_changeCycle=0,cur_changeCycle=0,to_view=49136
info|2019-12-12 02:58:13.189563|[g:1][CONSENSUS]addRawPrepare,height=6,reqIdx=1,hash=aacbaff9...
info|2019-12-12 02:58:13.190206|[g:1][CONSENSUS][PBFT]checkTimeout Succ,view=49136,toView=49137,nodeIdx=3,changeCycle=0,myNode=de0436d1...,timecost=0.51
info|2019-12-12 02:58:13.191808|[g:1][CONSENSUS][PBFT]checkAndChangeView: Reach consensus,org_view=49136,org_changeCycle=0,cur_changeCycle=0,to_view=49137
info|2019-12-12 02:58:14.193990|[g:1][CONSENSUS]addRawPrepare,height=6,reqIdx=2,hash=bcfa7275...
info|2019-12-12 02:58:14.194672|[g:1][CONSENSUS][PBFT]checkTimeout Succ,view=49137,toView=49138,nodeIdx=3,changeCycle=0,myNode=de0436d1...,timecost=0.555
info|2019-12-12 02:58:14.196064|[g:1][CONSENSUS][PBFT]checkAndChangeView: Reach consensus,org_view=49137,org_changeCycle=0,cur_changeCycle=0,to_view=49138
info|2019-12-12 02:58:15.197763|[g:1][CONSENSUS][SEALER]++++++++++++++++ Generating seal on,blkNum=6,tx=0,nodeIdx=3,hash=eda41498...
info|2019-12-12 02:58:15.198659|[g:1][CONSENSUS][PBFT]checkTimeout Succ,view=49138,toView=49139,nodeIdx=3,changeCycle=0,myNode=de0436d1...,timecost=0.476
info|2019-12-12 02:58:15.201335|[g:1][CONSENSUS][PBFT]checkAndChangeView: Reach consensus,org_view=49138,org_changeCycle=0,cur_changeCycle=0,to_view=49139
info|2019-12-12 02:58:16.203976|[g:1][CONSENSUS]addRawPrepare,height=6,reqIdx=0,hash=0b672f96...
info|2019-12-12 02:58:16.204808|[g:1][CONSENSUS][PBFT]checkTimeout Succ,view=49139,toView=49140,nodeIdx=3,changeCycle=0,myNode=de0436d1...,timecost=0.645
info|2019-12-12 02:58:16.206374|[g:1][CONSENSUS][PBFT]checkAndChangeView: Reach consensus,org_view=49139,org_changeCycle=0,cur_changeCycle=0,to_view=49140
info|2019-12-12 02:58:17.206784|[g:1][CONSENSUS]addRawPrepare,height=6,reqIdx=1,hash=42d52186...
info|2019-12-12 02:58:17.207442|[g:1][CONSENSUS][PBFT]checkTimeout Succ,view=49140,toView=49141,nodeIdx=3,changeCycle=0,myNode=de0436d1...,timecost=0.497
info|2019-12-12 02:58:17.208965|[g:1][CONSENSUS][PBFT]checkAndChangeView: Reach consensus,org_view=49140,org_changeCycle=0,cur_changeCycle=0,to_view=49141
info|2019-12-12 02:58:18.211720|[g:1][CONSENSUS]addRawPrepare,height=6,reqIdx=2,hash=5199ed6e...
info|2019-12-12 02:58:18.212347|[g:1][CONSENSUS][PBFT]checkTimeout Succ,view=49141,toView=49142,nodeIdx=3,changeCycle=0,myNode=de0436d1...,timecost=0.49
info|2019-12-12 02:58:18.213843|[g:1][CONSENSUS][PBFT]checkAndChangeView: Reach consensus,org_view=49141,org_changeCycle=0,cur_changeCycle=0,to_view=49142
info|2019-12-12 02:58:19.213448|[g:1][CONSENSUS][SEALER]++++++++++++++++ Generating seal on,blkNum=6,tx=0,nodeIdx=3,hash=11c19fb5...
info|2019-12-12 02:58:19.214404|[g:1][CONSENSUS][PBFT]checkTimeout Succ,view=49142,toView=49143,nodeIdx=3,changeCycle=0,myNode=de0436d1...,timecost=0.488
info|2019-12-12 02:58:19.217077|[g:1][CONSENSUS][PBFT]checkAndChangeView: Reach consensus,org_view=49142,org_changeCycle=0,cur_changeCycle=0,to_view=49143
info|2019-12-12 02:58:20.218988|[g:1][CONSENSUS]addRawPrepare,height=6,reqIdx=0,hash=956b2017...
info|2019-12-12 02:58:20.219667|[g:1][CONSENSUS][PBFT]checkTimeout Succ,view=49143,toView=49144,nodeIdx=3,changeCycle=0,myNode=de0436d1...,timecost=0.562
info|2019-12-12 02:58:20.221301|[g:1][CONSENSUS][PBFT]checkAndChangeView: Reach consensus,org_view=49143,org_changeCycle=0,cur_changeCycle=0,to_view=49144
info|2019-12-12 02:58:21.222559|[g:1][CONSENSUS]addRawPrepare,height=6,reqIdx=1,hash=0737834c...
info|2019-12-12 02:58:21.223214|[g:1][CONSENSUS][PBFT]checkTimeout Succ,view=49144,toView=49145,nodeIdx=3,changeCycle=0,myNode=de0436d1...,timecost=0.513
info|2019-12-12 02:58:21.225063|[g:1][CONSENSUS][PBFT]checkAndChangeView: Reach consensus,org_view=49144,org_changeCycle=0,cur_changeCycle=0,to_view=49145
info|2019-12-12 02:58:22.029725|[P2P][Service] heartBeat,connected count=3
info|2019-12-12 02:58:22.226396|[g:1][CONSENSUS]addRawPrepare,height=6,reqIdx=2,hash=5237a93c...
info|2019-12-12 02:58:22.227191|[g:1][CONSENSUS][PBFT]checkTimeout Succ,view=49145,toView=49146,nodeIdx=3,changeCycle=0,myNode=de0436d1...,timecost=0.671
info|2019-12-12 02:58:22.229037|[g:1][CONSENSUS][PBFT]checkAndChangeView: Reach consensus,org_view=49145,org_changeCycle=0,cur_changeCycle=0,to_view=49146
info|2019-12-12 02:58:23.229337|[g:1][CONSENSUS][SEALER]++++++++++++++++ Generating seal on,blkNum=6,tx=0,nodeIdx=3,hash=fefbcb79...
info|2019-12-12 02:58:23.230221|[g:1][CONSENSUS][PBFT]checkTimeout Succ,view=49146,toView=49147,nodeIdx=3,changeCycle=0,myNode=de0436d1...,timecost=0.475
info|2019-12-12 02:58:23.232403|[g:1][CONSENSUS][PBFT]checkAndChangeView: Reach consensus,org_view=49146,org_changeCycle=0,cur_changeCycle=0,to_view=49147
info|2019-12-12 02:58:24.233857|[g:1][CONSENSUS]addRawPrepare,height=6,reqIdx=0,hash=d2f7e7ba...
info|2019-12-12 02:58:24.234484|[g:1][CONSENSUS][PBFT]checkTimeout Succ,view=49147,toView=49148,nodeIdx=3,changeCycle=0,myNode=de0436d1...,timecost=0.493
info|2019-12-12 02:58:24.236000|[g:1][CONSENSUS][PBFT]checkAndChangeView: Reach consensus,org_view=49147,org_changeCycle=0,cur_changeCycle=0,to_view=49148
info|2019-12-12 02:58:25.237607|[g:1][CONSENSUS]addRawPrepare,height=6,reqIdx=1,hash=064b048e...
info|2019-12-12 02:58:25.238314|[g:1][CONSENSUS][PBFT]checkTimeout Succ,view=49148,toView=49149,nodeIdx=3,changeCycle=0,myNode=de0436d1...,timecost=0.606
info|2019-12-12 02:58:25.240021|[g:1][CONSENSUS][PBFT]checkAndChangeView: Reach consensus,org_view=49148,org_changeCycle=0,cur_changeCycle=0,to_view=49149
info|2019-12-12 02:58:26.242215|[g:1][CONSENSUS]addRawPrepare,height=6,reqIdx=2,hash=bbf8a0ec...
info|2019-12-12 02:58:26.242788|[g:1][CONSENSUS][PBFT]checkTimeout Succ,view=49149,toView=49150,nodeIdx=3,changeCycle=0,myNode=de0436d1...,timecost=0.417
info|2019-12-12 02:58:26.243979|[g:1][CONSENSUS][PBFT]checkAndChangeView: Reach consensus,org_view=49149,org_changeCycle=0,cur_changeCycle=0,to_view=49150
info|2019-12-12 02:58:27.243574|[g:1][CONSENSUS][SEALER]++++++++++++++++ Generating seal on,blkNum=6,tx=0,nodeIdx=3,hash=bb45ae2d...
info|2019-12-12 02:58:27.246255|[g:1][CONSENSUS][PBFT]checkTimeout Succ,view=49150,toView=49151,nodeIdx=3,changeCycle=0,myNode=de0436d1...,timecost=0.393
info|2019-12-12 02:58:27.247424|[g:1][CONSENSUS][PBFT]checkAndChangeView: Reach consensus,org_view=49150,org_changeCycle=0,cur_changeCycle=0,to_view=49151
info|2019-12-12 02:58:28.249978|[g:1][CONSENSUS]addRawPrepare,height=6,reqIdx=0,hash=69d43ea1...
info|2019-12-12 02:58:28.250874|[g:1][CONSENSUS][PBFT]checkTimeout Succ,view=49151,toView=49152,nodeIdx=3,changeCycle=0,myNode=de0436d1...,timecost=0.713
info|2019-12-12 02:58:28.252349|[g:1][CONSENSUS][PBFT]checkAndChangeView: Reach consensus,org_view=49151,org_changeCycle=0,cur_changeCycle=0,to_view=49152
info|2019-12-12 02:58:29.253450|[g:1][CONSENSUS]addRawPrepare,height=6,reqIdx=1,hash=ca60d7c8...
info|2019-12-12 02:58:29.254084|[g:1][CONSENSUS][PBFT]checkTimeout Succ,view=49152,toView=49153,nodeIdx=3,changeCycle=0,myNode=de0436d1...,timecost=0.525
info|2019-12-12 02:58:29.255214|[g:1][CONSENSUS][PBFT]checkAndChangeView: Reach consensus,org_view=49152,org_changeCycle=0,cur_changeCycle=0,to_view=49153
info|2019-12-12 02:58:30.257464|[g:1][CONSENSUS]addRawPrepare,height=6,reqIdx=2,hash=757346ee...
info|2019-12-12 02:58:30.258146|[g:1][CONSENSUS][PBFT]checkTimeout Succ,view=49153,toView=49154,nodeIdx=3,changeCycle=0,myNode=de0436d1...,timecost=0.505
info|2019-12-12 02:58:30.259548|[g:1][CONSENSUS][PBFT]checkAndChangeView: Reach consensus,org_view=49153,org_changeCycle=0,cur_changeCycle=0,to_view=49154
info|2019-12-12 02:58:31.259320|[g:1][CONSENSUS][SEALER]++++++++++++++++ Generating seal on,blkNum=6,tx=0,nodeIdx=3,hash=26f35b0f...
info|2019-12-12 02:58:31.259908|[g:1][CONSENSUS][PBFT]checkTimeout Succ,view=49154,toView=49155,nodeIdx=3,changeCycle=0,myNode=de0436d1...,timecost=0.298
info|2019-12-12 02:58:31.261698|[g:1][CONSENSUS][PBFT]checkAndChangeView: Reach consensus,org_view=49154,org_changeCycle=0,cur_changeCycle=0,to_view=49155
info|2019-12-12 02:58:32.031435|[P2P][Service] heartBeat,connected count=3
info|2019-12-12 02:58:32.263042|[g:1][CONSENSUS]addRawPrepare,height=6,reqIdx=0,hash=10199e7e...
info|2019-12-12 02:58:32.264269|[g:1][CONSENSUS][PBFT]checkTimeout Succ,view=49155,toView=49156,nodeIdx=3,changeCycle=0,myNode=de0436d1...,timecost=1.081
info|2019-12-12 02:58:32.265796|[g:1][CONSENSUS][PBFT]checkAndChangeView: Reach consensus,org_view=49155,org_changeCycle=0,cur_changeCycle=0,to_view=49156
info|2019-12-12 02:58:33.266953|[g:1][CONSENSUS]addRawPrepare,height=6,reqIdx=1,hash=d96a9a71...
info|2019-12-12 02:58:33.267569|[g:1][CONSENSUS][PBFT]checkTimeout Succ,view=49156,toView=49157,nodeIdx=3,changeCycle=0,myNode=de0436d1...,timecost=0.497
info|2019-12-12 02:58:33.269143|[g:1][CONSENSUS][PBFT]checkAndChangeView: Reach consensus,org_view=49156,org_changeCycle=0,cur_changeCycle=0,to_view=49157
info|2019-12-12 02:58:34.271916|[g:1][CONSENSUS]addRawPrepare,height=6,reqIdx=2,hash=14224882...
info|2019-12-12 02:58:34.272480|[g:1][CONSENSUS][PBFT]checkTimeout Succ,view=49157,toView=49158,nodeIdx=3,changeCycle=0,myNode=de0436d1...,timecost=0.437
info|2019-12-12 02:58:34.273856|[g:1][CONSENSUS][PBFT]checkAndChangeView: Reach consensus,org_view=49157,org_changeCycle=0,cur_changeCycle=0,to_view=49158
info|2019-12-12 02:58:35.273917|[g:1][CONSENSUS][SEALER]++++++++++++++++ Generating seal on,blkNum=6,tx=0,nodeIdx=3,hash=7f22711e...
info|2019-12-12 02:58:35.274869|[g:1][CONSENSUS][PBFT]checkTimeout Succ,view=49158,toView=49159,nodeIdx=3,changeCycle=0,myNode=de0436d1...,timecost=0.465
info|2019-12-12 02:58:35.277544|[g:1][CONSENSUS][PBFT]checkAndChangeView: Reach consensus,org_view=49158,org_changeCycle=0,cur_changeCycle=0,to_view=49159
info|2019-12-12 02:58:36.279956|[g:1][CONSENSUS]addRawPrepare,height=6,reqIdx=0,hash=834f3502...
info|2019-12-12 02:58:36.280362|[g:1][CONSENSUS][PBFT]checkTimeout Succ,view=49159,toView=49160,nodeIdx=3,changeCycle=0,myNode=de0436d1...,timecost=0.308
info|2019-12-12 02:58:36.281531|[g:1][CONSENSUS][PBFT]checkAndChangeView: Reach consensus,org_view=49159,org_changeCycle=0,cur_changeCycle=0,to_view=49160
info|2019-12-12 02:58:37.282532|[g:1][CONSENSUS]addRawPrepare,height=6,reqIdx=1,hash=c1e7ad19...
info|2019-12-12 02:58:37.283532|[g:1][CONSENSUS][PBFT]checkTimeout Succ,view=49160,toView=49161,nodeIdx=3,changeCycle=0,myNode=de0436d1...,timecost=0.873
info|2019-12-12 02:58:37.285199|[g:1][CONSENSUS][PBFT]checkAndChangeView: Reach consensus,org_view=49160,org_changeCycle=0,cur_changeCycle=0,to_view=49161
info|2019-12-12 02:58:38.287944|[g:1][CONSENSUS]addRawPrepare,height=6,reqIdx=2,hash=0daa1b17...
info|2019-12-12 02:58:38.288582|[g:1][CONSENSUS][PBFT]checkTimeout Succ,view=49161,toView=49162,nodeIdx=3,changeCycle=0,myNode=de0436d1...,timecost=0.464
info|2019-12-12 02:58:38.290159|[g:1][CONSENSUS][PBFT]checkAndChangeView: Reach consensus,org_view=49161,org_changeCycle=0,cur_changeCycle=0,to_view=49162
