info|2019-11-13 01:13:30.003832|[P2P][Service] heartBeat,connected count=3
warning|2019-11-13 01:13:30.008142|[g:1][CONSENSUS][PBFT]ViewChangeWarning: not caused by omit empty block ,v=62060,toV=62061,curNum=0,hash=f72cae63...,nodeIdx=3,myNode=de0436d1...
info|2019-11-13 01:13:30.008365|[g:1][CONSENSUS][PBFT]checkTimeout Succ,view=62060,toView=62061,nodeIdx=3,changeCycle=1,myNode=de0436d1...,timecost=0.726
info|2019-11-13 01:13:30.010959|[g:1][CONSENSUS][PBFT]checkAndChangeView: Reach consensus,org_view=62060,org_changeCycle=1,cur_changeCycle=1,to_view=62061
info|2019-11-13 01:13:31.012291|[g:1][CONSENSUS]addRawPrepare,height=1,reqIdx=1,hash=c323864d...
info|2019-11-13 01:13:31.012815|[g:1][CONSENSUS][PBFT]checkTimeout Succ,view=62061,toView=62062,nodeIdx=3,changeCycle=0,myNode=de0436d1...,timecost=0.416
info|2019-11-13 01:13:31.013911|[g:1][CONSENSUS][PBFT]checkAndChangeView: Reach consensus,org_view=62061,org_changeCycle=0,cur_changeCycle=0,to_view=62062
info|2019-11-13 01:13:32.015825|[g:1][CONSENSUS]addRawPrepare,height=1,reqIdx=2,hash=a4f4f175...
info|2019-11-13 01:13:32.016429|[g:1][CONSENSUS][PBFT]checkTimeout Succ,view=62062,toView=62063,nodeIdx=3,changeCycle=0,myNode=de0436d1...,timecost=0.473
info|2019-11-13 01:13:32.018075|[g:1][CONSENSUS][PBFT]checkAndChangeView: Reach consensus,org_view=62062,org_changeCycle=0,cur_changeCycle=0,to_view=62063
info|2019-11-13 01:13:33.018381|[g:1][CONSENSUS][SEALER]++++++++++++++++ Generating seal on,blkNum=1,tx=0,nodeIdx=3,hash=cf902d72...
info|2019-11-13 01:13:33.020694|[g:1][CONSENSUS][PBFT]checkTimeout Succ,view=62063,toView=62064,nodeIdx=3,changeCycle=0,myNode=de0436d1...,timecost=0.392
info|2019-11-13 01:13:33.022023|[g:1][CONSENSUS][PBFT]checkAndChangeView: Reach consensus,org_view=62063,org_changeCycle=0,cur_changeCycle=0,to_view=62064
info|2019-11-13 01:13:34.022846|[g:1][CONSENSUS]addRawPrepare,height=1,reqIdx=0,hash=2a18f98c...
info|2019-11-13 01:13:34.023447|[g:1][CONSENSUS][PBFT]checkTimeout Succ,view=62064,toView=62065,nodeIdx=3,changeCycle=0,myNode=de0436d1...,timecost=0.43
info|2019-11-13 01:13:34.025381|[g:1][CONSENSUS][PBFT]checkAndChangeView: Reach consensus,org_view=62064,org_changeCycle=0,cur_changeCycle=0,to_view=62065
info|2019-11-13 01:13:35.026944|[g:1][CONSENSUS]addRawPrepare,height=1,reqIdx=1,hash=e9ccb218...
info|2019-11-13 01:13:35.027612|[g:1][CONSENSUS][PBFT]checkTimeout Succ,view=62065,toView=62066,nodeIdx=3,changeCycle=0,myNode=de0436d1...,timecost=0.547
info|2019-11-13 01:13:35.029262|[g:1][CONSENSUS][PBFT]checkAndChangeView: Reach consensus,org_view=62065,org_changeCycle=0,cur_changeCycle=0,to_view=62066
info|2019-11-13 01:13:36.030998|[g:1][CONSENSUS]addRawPrepare,height=1,reqIdx=2,hash=cfd09e12...
info|2019-11-13 01:13:36.031602|[g:1][CONSENSUS][PBFT]checkTimeout Succ,view=62066,toView=62067,nodeIdx=3,changeCycle=0,myNode=de0436d1...,timecost=0.436
info|2019-11-13 01:13:36.033088|[g:1][CONSENSUS][PBFT]checkAndChangeView: Reach consensus,org_view=62066,org_changeCycle=0,cur_changeCycle=0,to_view=62067
info|2019-11-13 01:13:37.034321|[g:1][CONSENSUS][SEALER]++++++++++++++++ Generating seal on,blkNum=1,tx=0,nodeIdx=3,hash=d4bd6b3e...
info|2019-11-13 01:13:37.035466|[g:1][CONSENSUS][PBFT]checkTimeout Succ,view=62067,toView=62068,nodeIdx=3,changeCycle=0,myNode=de0436d1...,timecost=0.427
info|2019-11-13 01:13:37.037948|[g:1][CONSENSUS][PBFT]checkAndChangeView: Reach consensus,org_view=62067,org_changeCycle=0,cur_changeCycle=0,to_view=62068
info|2019-11-13 01:13:38.038941|[g:1][CONSENSUS]addRawPrepare,height=1,reqIdx=0,hash=6398c1dc...
info|2019-11-13 01:13:38.039572|[g:1][CONSENSUS][PBFT]checkTimeout Succ,view=62068,toView=62069,nodeIdx=3,changeCycle=0,myNode=de0436d1...,timecost=0.437
info|2019-11-13 01:13:38.041148|[g:1][CONSENSUS][PBFT]checkAndChangeView: Reach consensus,org_view=62068,org_changeCycle=0,cur_changeCycle=0,to_view=62069
info|2019-11-13 01:13:39.042149|[g:1][CONSENSUS]addRawPrepare,height=1,reqIdx=1,hash=b96f2123...
info|2019-11-13 01:13:39.042728|[g:1][CONSENSUS][PBFT]checkTimeout Succ,view=62069,toView=62070,nodeIdx=3,changeCycle=0,myNode=de0436d1...,timecost=0.442
info|2019-11-13 01:13:39.044136|[g:1][CONSENSUS][PBFT]checkAndChangeView: Reach consensus,org_view=62069,org_changeCycle=0,cur_changeCycle=0,to_view=62070
info|2019-11-13 01:13:40.011848|[P2P][Service] heartBeat,connected count=3
info|2019-11-13 01:13:40.045649|[g:1][CONSENSUS]addRawPrepare,height=1,reqIdx=2,hash=a5f53956...
info|2019-11-13 01:13:40.046300|[g:1][CONSENSUS][PBFT]checkTimeout Succ,view=62070,toView=62071,nodeIdx=3,changeCycle=0,myNode=de0436d1...,timecost=0.551
info|2019-11-13 01:13:40.047809|[g:1][CONSENSUS][PBFT]checkAndChangeView: Reach consensus,org_view=62070,org_changeCycle=0,cur_changeCycle=0,to_view=62071
info|2019-11-13 01:13:41.048328|[g:1][CONSENSUS][SEALER]++++++++++++++++ Generating seal on,blkNum=1,tx=0,nodeIdx=3,hash=d1180cc2...
info|2019-11-13 01:13:41.049215|[g:1][CONSENSUS][PBFT]checkTimeout Succ,view=62071,toView=62072,nodeIdx=3,changeCycle=0,myNode=de0436d1...,timecost=0.428
info|2019-11-13 01:13:41.051819|[g:1][CONSENSUS][PBFT]checkAndChangeView: Reach consensus,org_view=62071,org_changeCycle=0,cur_changeCycle=0,to_view=62072
info|2019-11-13 01:13:42.053037|[g:1][CONSENSUS]addRawPrepare,height=1,reqIdx=0,hash=11c5a49e...
info|2019-11-13 01:13:42.053621|[g:1][CONSENSUS][PBFT]checkTimeout Succ,view=62072,toView=62073,nodeIdx=3,changeCycle=0,myNode=de0436d1...,timecost=0.451
info|2019-11-13 01:13:42.055282|[g:1][CONSENSUS][PBFT]checkAndChangeView: Reach consensus,org_view=62072,org_changeCycle=0,cur_changeCycle=0,to_view=62073
info|2019-11-13 01:13:43.057085|[g:1][CONSENSUS]addRawPrepare,height=1,reqIdx=1,hash=8be75928...
info|2019-11-13 01:13:43.057621|[g:1][CONSENSUS][PBFT]checkTimeout Succ,view=62073,toView=62074,nodeIdx=3,changeCycle=0,myNode=de0436d1...,timecost=0.35
info|2019-11-13 01:13:43.058642|[g:1][CONSENSUS][PBFT]checkAndChangeView: Reach consensus,org_view=62073,org_changeCycle=0,cur_changeCycle=0,to_view=62074
info|2019-11-13 01:13:44.059791|[g:1][CONSENSUS]addRawPrepare,height=1,reqIdx=2,hash=1a960adb...
info|2019-11-13 01:13:44.060478|[g:1][CONSENSUS][PBFT]checkTimeout Succ,view=62074,toView=62075,nodeIdx=3,changeCycle=0,myNode=de0436d1...,timecost=0.531
info|2019-11-13 01:13:44.062233|[g:1][CONSENSUS][PBFT]checkAndChangeView: Reach consensus,org_view=62074,org_changeCycle=0,cur_changeCycle=0,to_view=62075
info|2019-11-13 01:13:45.062255|[g:1][CONSENSUS][SEALER]++++++++++++++++ Generating seal on,blkNum=1,tx=0,nodeIdx=3,hash=738c59b2...
info|2019-11-13 01:13:45.065085|[g:1][CONSENSUS][PBFT]checkTimeout Succ,view=62075,toView=62076,nodeIdx=3,changeCycle=0,myNode=de0436d1...,timecost=0.48
info|2019-11-13 01:13:45.066464|[g:1][CONSENSUS][PBFT]checkAndChangeView: Reach consensus,org_view=62075,org_changeCycle=0,cur_changeCycle=0,to_view=62076
info|2019-11-13 01:13:46.068423|[g:1][CONSENSUS]addRawPrepare,height=1,reqIdx=0,hash=530a753e...
info|2019-11-13 01:13:46.069149|[g:1][CONSENSUS][PBFT]checkTimeout Succ,view=62076,toView=62077,nodeIdx=3,changeCycle=0,myNode=de0436d1...,timecost=0.562
info|2019-11-13 01:13:46.070758|[g:1][CONSENSUS][PBFT]checkAndChangeView: Reach consensus,org_view=62076,org_changeCycle=0,cur_changeCycle=0,to_view=62077
info|2019-11-13 01:13:47.071916|[g:1][CONSENSUS]addRawPrepare,height=1,reqIdx=1,hash=9e27c03c...
info|2019-11-13 01:13:47.072689|[g:1][CONSENSUS][PBFT]checkTimeout Succ,view=62077,toView=62078,nodeIdx=3,changeCycle=0,myNode=de0436d1...,timecost=0.628
info|2019-11-13 01:13:47.074127|[g:1][CONSENSUS][PBFT]checkAndChangeView: Reach consensus,org_view=62077,org_changeCycle=0,cur_changeCycle=0,to_view=62078
info|2019-11-13 01:13:48.075482|[g:1][CONSENSUS]addRawPrepare,height=1,reqIdx=2,hash=b044d1a4...
info|2019-11-13 01:13:48.076200|[g:1][CONSENSUS][PBFT]checkTimeout Succ,view=62078,toView=62079,nodeIdx=3,changeCycle=0,myNode=de0436d1...,timecost=0.528
info|2019-11-13 01:13:48.077895|[g:1][CONSENSUS][PBFT]checkAndChangeView: Reach consensus,org_view=62078,org_changeCycle=0,cur_changeCycle=0,to_view=62079
info|2019-11-13 01:13:49.077537|[g:1][CONSENSUS][SEALER]++++++++++++++++ Generating seal on,blkNum=1,tx=0,nodeIdx=3,hash=4c35cc72...
info|2019-11-13 01:13:49.080961|[g:1][CONSENSUS][PBFT]checkTimeout Succ,view=62079,toView=62080,nodeIdx=3,changeCycle=0,myNode=de0436d1...,timecost=0.571
info|2019-11-13 01:13:49.081642|[g:1][CONSENSUS][PBFT]checkAndChangeView: Reach consensus,org_view=62079,org_changeCycle=0,cur_changeCycle=0,to_view=62080
info|2019-11-13 01:13:50.014490|[P2P][Service] heartBeat,connected count=3
info|2019-11-13 01:13:50.083797|[g:1][CONSENSUS]addRawPrepare,height=1,reqIdx=0,hash=fa2b6dbe...
info|2019-11-13 01:13:50.085255|[g:1][CONSENSUS][PBFT]checkTimeout Succ,view=62080,toView=62081,nodeIdx=3,changeCycle=0,myNode=de0436d1...,timecost=1.336
info|2019-11-13 01:13:50.086793|[g:1][CONSENSUS][PBFT]checkAndChangeView: Reach consensus,org_view=62080,org_changeCycle=0,cur_changeCycle=0,to_view=62081
info|2019-11-13 01:13:51.087993|[g:1][CONSENSUS]addRawPrepare,height=1,reqIdx=1,hash=247f20f3...
info|2019-11-13 01:13:51.088650|[g:1][CONSENSUS][PBFT]checkTimeout Succ,view=62081,toView=62082,nodeIdx=3,changeCycle=0,myNode=de0436d1...,timecost=0.485
info|2019-11-13 01:13:51.090368|[g:1][CONSENSUS][PBFT]checkAndChangeView: Reach consensus,org_view=62081,org_changeCycle=0,cur_changeCycle=0,to_view=62082
info|2019-11-13 01:13:52.093084|[g:1][CONSENSUS]addRawPrepare,height=1,reqIdx=2,hash=4b749358...
info|2019-11-13 01:13:52.093728|[g:1][CONSENSUS][PBFT]checkTimeout Succ,view=62082,toView=62083,nodeIdx=3,changeCycle=0,myNode=de0436d1...,timecost=0.483
info|2019-11-13 01:13:52.095433|[g:1][CONSENSUS][PBFT]checkAndChangeView: Reach consensus,org_view=62082,org_changeCycle=0,cur_changeCycle=0,to_view=62083
info|2019-11-13 01:13:53.096005|[g:1][CONSENSUS][SEALER]++++++++++++++++ Generating seal on,blkNum=1,tx=0,nodeIdx=3,hash=98ea976a...
info|2019-11-13 01:13:53.096849|[g:1][CONSENSUS][PBFT]checkTimeout Succ,view=62083,toView=62084,nodeIdx=3,changeCycle=0,myNode=de0436d1...,timecost=0.373
info|2019-11-13 01:13:53.099322|[g:1][CONSENSUS][PBFT]checkAndChangeView: Reach consensus,org_view=62083,org_changeCycle=0,cur_changeCycle=0,to_view=62084
info|2019-11-13 01:13:54.101260|[g:1][CONSENSUS]addRawPrepare,height=1,reqIdx=0,hash=ca650df7...
info|2019-11-13 01:13:54.101906|[g:1][CONSENSUS][PBFT]checkTimeout Succ,view=62084,toView=62085,nodeIdx=3,changeCycle=0,myNode=de0436d1...,timecost=0.448
info|2019-11-13 01:13:54.103511|[g:1][CONSENSUS][PBFT]checkAndChangeView: Reach consensus,org_view=62084,org_changeCycle=0,cur_changeCycle=0,to_view=62085
info|2019-11-13 01:13:55.104946|[g:1][CONSENSUS]addRawPrepare,height=1,reqIdx=1,hash=d006fbbc...
info|2019-11-13 01:13:55.105707|[g:1][CONSENSUS][PBFT]checkTimeout Succ,view=62085,toView=62086,nodeIdx=3,changeCycle=0,myNode=de0436d1...,timecost=0.608
info|2019-11-13 01:13:55.107153|[g:1][CONSENSUS][PBFT]checkAndChangeView: Reach consensus,org_view=62085,org_changeCycle=0,cur_changeCycle=0,to_view=62086
info|2019-11-13 01:13:56.109468|[g:1][CONSENSUS]addRawPrepare,height=1,reqIdx=2,hash=e7fd3d0e...
info|2019-11-13 01:13:56.110080|[g:1][CONSENSUS][PBFT]checkTimeout Succ,view=62086,toView=62087,nodeIdx=3,changeCycle=0,myNode=de0436d1...,timecost=0.497
info|2019-11-13 01:13:56.111808|[g:1][CONSENSUS][PBFT]checkAndChangeView: Reach consensus,org_view=62086,org_changeCycle=0,cur_changeCycle=0,to_view=62087
info|2019-11-13 01:13:57.112371|[g:1][CONSENSUS][SEALER]++++++++++++++++ Generating seal on,blkNum=1,tx=0,nodeIdx=3,hash=8237db5d...
info|2019-11-13 01:13:57.113348|[g:1][CONSENSUS][PBFT]checkTimeout Succ,view=62087,toView=62088,nodeIdx=3,changeCycle=0,myNode=de0436d1...,timecost=0.426
info|2019-11-13 01:13:57.115811|[g:1][CONSENSUS][PBFT]checkAndChangeView: Reach consensus,org_view=62087,org_changeCycle=0,cur_changeCycle=0,to_view=62088
info|2019-11-13 01:13:58.117794|[g:1][CONSENSUS]addRawPrepare,height=1,reqIdx=0,hash=af04b563...
info|2019-11-13 01:13:58.118403|[g:1][CONSENSUS][PBFT]checkTimeout Succ,view=62088,toView=62089,nodeIdx=3,changeCycle=0,myNode=de0436d1...,timecost=0.473
info|2019-11-13 01:13:58.119966|[g:1][CONSENSUS][PBFT]checkAndChangeView: Reach consensus,org_view=62088,org_changeCycle=0,cur_changeCycle=0,to_view=62089
info|2019-11-13 01:13:59.120583|[g:1][CONSENSUS]addRawPrepare,height=1,reqIdx=1,hash=b56fb0ea...
info|2019-11-13 01:13:59.121260|[g:1][CONSENSUS][PBFT]checkTimeout Succ,view=62089,toView=62090,nodeIdx=3,changeCycle=0,myNode=de0436d1...,timecost=0.496
info|2019-11-13 01:13:59.122892|[g:1][CONSENSUS][PBFT]checkAndChangeView: Reach consensus,org_view=62089,org_changeCycle=0,cur_changeCycle=0,to_view=62090
info|2019-11-13 01:14:00.022254|[P2P][Service] heartBeat,connected count=3
info|2019-11-13 01:14:00.124007|[g:1][CONSENSUS]addRawPrepare,height=1,reqIdx=2,hash=21308511...
info|2019-11-13 01:14:00.125316|[g:1][CONSENSUS][PBFT]checkTimeout Succ,view=62090,toView=62091,nodeIdx=3,changeCycle=0,myNode=de0436d1...,timecost=1.138
info|2019-11-13 01:14:00.126751|[g:1][CONSENSUS][PBFT]checkAndChangeView: Reach consensus,org_view=62090,org_changeCycle=0,cur_changeCycle=0,to_view=62091
info|2019-11-13 01:14:01.127109|[g:1][CONSENSUS][SEALER]++++++++++++++++ Generating seal on,blkNum=1,tx=0,nodeIdx=3,hash=54778817...
info|2019-11-13 01:14:01.128233|[g:1][CONSENSUS][PBFT]checkTimeout Succ,view=62091,toView=62092,nodeIdx=3,changeCycle=0,myNode=de0436d1...,timecost=0.657
info|2019-11-13 01:14:01.130684|[g:1][CONSENSUS][PBFT]checkAndChangeView: Reach consensus,org_view=62091,org_changeCycle=0,cur_changeCycle=0,to_view=62092
info|2019-11-13 01:14:02.131451|[g:1][CONSENSUS]addRawPrepare,height=1,reqIdx=0,hash=415eb681...
info|2019-11-13 01:14:02.131982|[g:1][CONSENSUS][PBFT]checkTimeout Succ,view=62092,toView=62093,nodeIdx=3,changeCycle=0,myNode=de0436d1...,timecost=0.383
info|2019-11-13 01:14:02.132993|[g:1][CONSENSUS][PBFT]checkAndChangeView: Reach consensus,org_view=62092,org_changeCycle=0,cur_changeCycle=0,to_view=62093
info|2019-11-13 01:14:03.135079|[g:1][CONSENSUS]addRawPrepare,height=1,reqIdx=1,hash=b0a926f8...
info|2019-11-13 01:14:03.135877|[g:1][CONSENSUS][PBFT]checkTimeout Succ,view=62093,toView=62094,nodeIdx=3,changeCycle=0,myNode=de0436d1...,timecost=0.644
info|2019-11-13 01:14:03.137148|[g:1][CONSENSUS][PBFT]checkAndChangeView: Reach consensus,org_view=62093,org_changeCycle=0,cur_changeCycle=0,to_view=62094
info|2019-11-13 01:14:04.137728|[g:1][CONSENSUS]addRawPrepare,height=1,reqIdx=2,hash=d19a92b6...
info|2019-11-13 01:14:04.138397|[g:1][CONSENSUS][PBFT]checkTimeout Succ,view=62094,toView=62095,nodeIdx=3,changeCycle=0,myNode=de0436d1...,timecost=0.515
info|2019-11-13 01:14:04.139992|[g:1][CONSENSUS][PBFT]checkAndChangeView: Reach consensus,org_view=62094,org_changeCycle=0,cur_changeCycle=0,to_view=62095
info|2019-11-13 01:14:05.140335|[g:1][CONSENSUS][SEALER]++++++++++++++++ Generating seal on,blkNum=1,tx=0,nodeIdx=3,hash=54ed9598...
info|2019-11-13 01:14:05.141437|[g:1][CONSENSUS][PBFT]checkTimeout Succ,view=62095,toView=62096,nodeIdx=3,changeCycle=0,myNode=de0436d1...,timecost=0.67
info|2019-11-13 01:14:05.144271|[g:1][CONSENSUS][PBFT]checkAndChangeView: Reach consensus,org_view=62095,org_changeCycle=0,cur_changeCycle=0,to_view=62096
info|2019-11-13 01:14:06.145326|[g:1][CONSENSUS]addRawPrepare,height=1,reqIdx=0,hash=d439df7a...
info|2019-11-13 01:14:06.145993|[g:1][CONSENSUS][PBFT]checkTimeout Succ,view=62096,toView=62097,nodeIdx=3,changeCycle=0,myNode=de0436d1...,timecost=0.544
info|2019-11-13 01:14:06.147634|[g:1][CONSENSUS][PBFT]checkAndChangeView: Reach consensus,org_view=62096,org_changeCycle=0,cur_changeCycle=0,to_view=62097
info|2019-11-13 01:14:07.148582|[g:1][CONSENSUS]addRawPrepare,height=1,reqIdx=1,hash=577bfdc7...
info|2019-11-13 01:14:07.149252|[g:1][CONSENSUS][PBFT]checkTimeout Succ,view=62097,toView=62098,nodeIdx=3,changeCycle=0,myNode=de0436d1...,timecost=0.492
info|2019-11-13 01:14:07.150886|[g:1][CONSENSUS][PBFT]checkAndChangeView: Reach consensus,org_view=62097,org_changeCycle=0,cur_changeCycle=0,to_view=62098
info|2019-11-13 01:14:08.153519|[g:1][CONSENSUS]addRawPrepare,height=1,reqIdx=2,hash=38e6c86f...
info|2019-11-13 01:14:08.154209|[g:1][CONSENSUS][PBFT]checkTimeout Succ,view=62098,toView=62099,nodeIdx=3,changeCycle=0,myNode=de0436d1...,timecost=0.554
info|2019-11-13 01:14:08.155764|[g:1][CONSENSUS][PBFT]checkAndChangeView: Reach consensus,org_view=62098,org_changeCycle=0,cur_changeCycle=0,to_view=62099
info|2019-11-13 01:14:09.155707|[g:1][CONSENSUS][SEALER]++++++++++++++++ Generating seal on,blkNum=1,tx=0,nodeIdx=3,hash=0f43e4c8...
info|2019-11-13 01:14:09.158034|[g:1][CONSENSUS][PBFT]checkTimeout Succ,view=62099,toView=62100,nodeIdx=3,changeCycle=0,myNode=de0436d1...,timecost=0.318
info|2019-11-13 01:14:09.158583|[g:1][CONSENSUS][PBFT]checkAndChangeView: Reach consensus,org_view=62099,org_changeCycle=0,cur_changeCycle=0,to_view=62100
info|2019-11-13 01:14:10.029867|[P2P][Service] heartBeat,connected count=3
info|2019-11-13 01:14:10.160955|[g:1][CONSENSUS]addRawPrepare,height=1,reqIdx=0,hash=583b66d9...
info|2019-11-13 01:14:10.162541|[g:1][CONSENSUS][PBFT]checkTimeout Succ,view=62100,toView=62101,nodeIdx=3,changeCycle=0,myNode=de0436d1...,timecost=1.413
info|2019-11-13 01:14:10.164183|[g:1][CONSENSUS][PBFT]checkAndChangeView: Reach consensus,org_view=62100,org_changeCycle=0,cur_changeCycle=0,to_view=62101
info|2019-11-13 01:14:11.165195|[g:1][CONSENSUS]addRawPrepare,height=1,reqIdx=1,hash=3897b3fc...
info|2019-11-13 01:14:11.165934|[g:1][CONSENSUS][PBFT]checkTimeout Succ,view=62101,toView=62102,nodeIdx=3,changeCycle=0,myNode=de0436d1...,timecost=0.577
info|2019-11-13 01:14:11.167396|[g:1][CONSENSUS][PBFT]checkAndChangeView: Reach consensus,org_view=62101,org_changeCycle=0,cur_changeCycle=0,to_view=62102
info|2019-11-13 01:14:12.168249|[g:1][CONSENSUS]addRawPrepare,height=1,reqIdx=2,hash=3e1ead33...
info|2019-11-13 01:14:12.168685|[g:1][CONSENSUS][PBFT]checkTimeout Succ,view=62102,toView=62103,nodeIdx=3,changeCycle=0,myNode=de0436d1...,timecost=0.336
info|2019-11-13 01:14:12.169873|[g:1][CONSENSUS][PBFT]checkAndChangeView: Reach consensus,org_view=62102,org_changeCycle=0,cur_changeCycle=0,to_view=62103
info|2019-11-13 01:14:13.169316|[g:1][CONSENSUS][SEALER]++++++++++++++++ Generating seal on,blkNum=1,tx=0,nodeIdx=3,hash=12d37d37...
info|2019-11-13 01:14:13.170322|[g:1][CONSENSUS][PBFT]checkTimeout Succ,view=62103,toView=62104,nodeIdx=3,changeCycle=0,myNode=de0436d1...,timecost=0.534
info|2019-11-13 01:14:13.172905|[g:1][CONSENSUS][PBFT]checkAndChangeView: Reach consensus,org_view=62103,org_changeCycle=0,cur_changeCycle=0,to_view=62104
info|2019-11-13 01:14:14.174717|[g:1][CONSENSUS]addRawPrepare,height=1,reqIdx=0,hash=b7542fc2...
info|2019-11-13 01:14:14.175350|[g:1][CONSENSUS][PBFT]checkTimeout Succ,view=62104,toView=62105,nodeIdx=3,changeCycle=0,myNode=de0436d1...,timecost=0.502
info|2019-11-13 01:14:14.176803|[g:1][CONSENSUS][PBFT]checkAndChangeView: Reach consensus,org_view=62104,org_changeCycle=0,cur_changeCycle=0,to_view=62105
info|2019-11-13 01:14:15.178742|[g:1][CONSENSUS]addRawPrepare,height=1,reqIdx=1,hash=a90623a0...
info|2019-11-13 01:14:15.179791|[g:1][CONSENSUS][PBFT]checkTimeout Succ,view=62105,toView=62106,nodeIdx=3,changeCycle=0,myNode=de0436d1...,timecost=0.921
info|2019-11-13 01:14:15.181376|[g:1][CONSENSUS][PBFT]checkAndChangeView: Reach consensus,org_view=62105,org_changeCycle=0,cur_changeCycle=0,to_view=62106
info|2019-11-13 01:14:16.183245|[g:1][CONSENSUS]addRawPrepare,height=1,reqIdx=2,hash=fc9ca33f...
info|2019-11-13 01:14:16.183987|[g:1][CONSENSUS][PBFT]checkTimeout Succ,view=62106,toView=62107,nodeIdx=3,changeCycle=0,myNode=de0436d1...,timecost=0.582
info|2019-11-13 01:14:16.185491|[g:1][CONSENSUS][PBFT]checkAndChangeView: Reach consensus,org_view=62106,org_changeCycle=0,cur_changeCycle=0,to_view=62107
info|2019-11-13 01:14:17.185264|[g:1][CONSENSUS][SEALER]++++++++++++++++ Generating seal on,blkNum=1,tx=0,nodeIdx=3,hash=6a03691a...
info|2019-11-13 01:14:17.188611|[g:1][CONSENSUS][PBFT]checkTimeout Succ,view=62107,toView=62108,nodeIdx=3,changeCycle=0,myNode=de0436d1...,timecost=0.515
info|2019-11-13 01:14:17.189244|[g:1][CONSENSUS][PBFT]checkAndChangeView: Reach consensus,org_view=62107,org_changeCycle=0,cur_changeCycle=0,to_view=62108
info|2019-11-13 01:14:18.191146|[g:1][CONSENSUS]addRawPrepare,height=1,reqIdx=0,hash=40393712...
info|2019-11-13 01:14:18.191818|[g:1][CONSENSUS][PBFT]checkTimeout Succ,view=62108,toView=62109,nodeIdx=3,changeCycle=0,myNode=de0436d1...,timecost=0.526
info|2019-11-13 01:14:18.193138|[g:1][CONSENSUS][PBFT]checkAndChangeView: Reach consensus,org_view=62108,org_changeCycle=0,cur_changeCycle=0,to_view=62109
info|2019-11-13 01:14:19.194873|[g:1][CONSENSUS]addRawPrepare,height=1,reqIdx=1,hash=cc9072d4...
info|2019-11-13 01:14:19.195537|[g:1][CONSENSUS][PBFT]checkTimeout Succ,view=62109,toView=62110,nodeIdx=3,changeCycle=0,myNode=de0436d1...,timecost=0.538
info|2019-11-13 01:14:19.197012|[g:1][CONSENSUS][PBFT]checkAndChangeView: Reach consensus,org_view=62109,org_changeCycle=0,cur_changeCycle=0,to_view=62110
info|2019-11-13 01:14:20.037123|[P2P][Service] heartBeat,connected count=3
info|2019-11-13 01:14:20.198308|[g:1][CONSENSUS]addRawPrepare,height=1,reqIdx=2,hash=c6e7c02e...
info|2019-11-13 01:14:20.199146|[g:1][CONSENSUS][PBFT]checkTimeout Succ,view=62110,toView=62111,nodeIdx=3,changeCycle=0,myNode=de0436d1...,timecost=0.699
info|2019-11-13 01:14:20.201078|[g:1][CONSENSUS][PBFT]checkAndChangeView: Reach consensus,org_view=62110,org_changeCycle=0,cur_changeCycle=0,to_view=62111
info|2019-11-13 01:14:21.201621|[g:1][CONSENSUS][SEALER]++++++++++++++++ Generating seal on,blkNum=1,tx=0,nodeIdx=3,hash=42b7bd02...
info|2019-11-13 01:14:21.204929|[g:1][CONSENSUS][PBFT]checkTimeout Succ,view=62111,toView=62112,nodeIdx=3,changeCycle=0,myNode=de0436d1...,timecost=0.521
info|2019-11-13 01:14:21.205664|[g:1][CONSENSUS][PBFT]checkAndChangeView: Reach consensus,org_view=62111,org_changeCycle=0,cur_changeCycle=0,to_view=62112
info|2019-11-13 01:14:22.207885|[g:1][CONSENSUS]addRawPrepare,height=1,reqIdx=0,hash=281794b7...
info|2019-11-13 01:14:22.208523|[g:1][CONSENSUS][PBFT]checkTimeout Succ,view=62112,toView=62113,nodeIdx=3,changeCycle=0,myNode=de0436d1...,timecost=0.462
info|2019-11-13 01:14:22.210129|[g:1][CONSENSUS][PBFT]checkAndChangeView: Reach consensus,org_view=62112,org_changeCycle=0,cur_changeCycle=0,to_view=62113
info|2019-11-13 01:14:23.211576|[g:1][CONSENSUS]addRawPrepare,height=1,reqIdx=1,hash=d188b281...
info|2019-11-13 01:14:23.212457|[g:1][CONSENSUS][PBFT]checkTimeout Succ,view=62113,toView=62114,nodeIdx=3,changeCycle=0,myNode=de0436d1...,timecost=0.631
info|2019-11-13 01:14:23.214193|[g:1][CONSENSUS][PBFT]checkAndChangeView: Reach consensus,org_view=62113,org_changeCycle=0,cur_changeCycle=0,to_view=62114
info|2019-11-13 01:14:24.215411|[g:1][CONSENSUS]addRawPrepare,height=1,reqIdx=2,hash=7f9fe886...
info|2019-11-13 01:14:24.216090|[g:1][CONSENSUS][PBFT]checkTimeout Succ,view=62114,toView=62115,nodeIdx=3,changeCycle=0,myNode=de0436d1...,timecost=0.507
info|2019-11-13 01:14:24.217535|[g:1][CONSENSUS][PBFT]checkAndChangeView: Reach consensus,org_view=62114,org_changeCycle=0,cur_changeCycle=0,to_view=62115
info|2019-11-13 01:14:25.217938|[g:1][CONSENSUS][SEALER]++++++++++++++++ Generating seal on,blkNum=1,tx=0,nodeIdx=3,hash=2af9dc18...
info|2019-11-13 01:14:25.221124|[g:1][CONSENSUS][PBFT]checkTimeout Succ,view=62115,toView=62116,nodeIdx=3,changeCycle=0,myNode=de0436d1...,timecost=0.48
info|2019-11-13 01:14:25.222588|[g:1][CONSENSUS][PBFT]checkAndChangeView: Reach consensus,org_view=62115,org_changeCycle=0,cur_changeCycle=0,to_view=62116
info|2019-11-13 01:14:26.224508|[g:1][CONSENSUS]addRawPrepare,height=1,reqIdx=0,hash=196e75a6...
info|2019-11-13 01:14:26.225162|[g:1][CONSENSUS][PBFT]checkTimeout Succ,view=62116,toView=62117,nodeIdx=3,changeCycle=0,myNode=de0436d1...,timecost=0.44
info|2019-11-13 01:14:26.226541|[g:1][CONSENSUS][PBFT]checkAndChangeView: Reach consensus,org_view=62116,org_changeCycle=0,cur_changeCycle=0,to_view=62117
