warning|2019-11-12 01:25:32.002587|[g:1][CONSENSUS][PBFT]ViewChangeWarning: not caused by omit empty block ,v=22341,toV=22342,curNum=0,hash=f72cae63...,nodeIdx=3,myNode=de0436d1...
info|2019-11-12 01:25:32.003092|[g:1][CONSENSUS][PBFT]checkTimeout Succ,view=22341,toView=22342,nodeIdx=3,changeCycle=1,myNode=de0436d1...,timecost=1.47
info|2019-11-12 01:25:32.003143|[P2P][Service] heartBeat,connected count=3
info|2019-11-12 01:25:32.009044|[g:1][CONSENSUS][PBFT]checkAndChangeView: Reach consensus,org_view=22341,org_changeCycle=1,cur_changeCycle=1,to_view=22342
info|2019-11-12 01:25:33.008760|[g:1][CONSENSUS]addRawPrepare,height=1,reqIdx=2,hash=7a3d3419...
info|2019-11-12 01:25:33.009431|[g:1][CONSENSUS][PBFT]checkTimeout Succ,view=22342,toView=22343,nodeIdx=3,changeCycle=0,myNode=de0436d1...,timecost=0.586
info|2019-11-12 01:25:33.010756|[g:1][CONSENSUS][PBFT]checkAndChangeView: Reach consensus,org_view=22342,org_changeCycle=0,cur_changeCycle=0,to_view=22343
info|2019-11-12 01:25:34.011115|[g:1][CONSENSUS][SEALER]++++++++++++++++ Generating seal on,blkNum=1,tx=0,nodeIdx=3,hash=a620740c...
info|2019-11-12 01:25:34.014017|[g:1][CONSENSUS][PBFT]checkTimeout Succ,view=22343,toView=22344,nodeIdx=3,changeCycle=0,myNode=de0436d1...,timecost=0.352
info|2019-11-12 01:25:34.014550|[g:1][CONSENSUS][PBFT]checkAndChangeView: Reach consensus,org_view=22343,org_changeCycle=0,cur_changeCycle=0,to_view=22344
info|2019-11-12 01:25:35.016176|[g:1][CONSENSUS]addRawPrepare,height=1,reqIdx=0,hash=c88b6fe5...
info|2019-11-12 01:25:35.016626|[g:1][CONSENSUS][PBFT]checkTimeout Succ,view=22344,toView=22345,nodeIdx=3,changeCycle=0,myNode=de0436d1...,timecost=0.363
info|2019-11-12 01:25:35.018150|[g:1][CONSENSUS][PBFT]checkAndChangeView: Reach consensus,org_view=22344,org_changeCycle=0,cur_changeCycle=0,to_view=22345
info|2019-11-12 01:25:36.019730|[g:1][CONSENSUS]addRawPrepare,height=1,reqIdx=1,hash=d51b736c...
info|2019-11-12 01:25:36.020408|[g:1][CONSENSUS][PBFT]checkTimeout Succ,view=22345,toView=22346,nodeIdx=3,changeCycle=0,myNode=de0436d1...,timecost=0.49
info|2019-11-12 01:25:36.021798|[g:1][CONSENSUS][PBFT]checkAndChangeView: Reach consensus,org_view=22345,org_changeCycle=0,cur_changeCycle=0,to_view=22346
info|2019-11-12 01:25:37.022872|[g:1][CONSENSUS]addRawPrepare,height=1,reqIdx=2,hash=f0587b9f...
info|2019-11-12 01:25:37.023583|[g:1][CONSENSUS][PBFT]checkTimeout Succ,view=22346,toView=22347,nodeIdx=3,changeCycle=0,myNode=de0436d1...,timecost=0.586
info|2019-11-12 01:25:37.025059|[g:1][CONSENSUS][PBFT]checkAndChangeView: Reach consensus,org_view=22346,org_changeCycle=0,cur_changeCycle=0,to_view=22347
info|2019-11-12 01:25:38.026611|[g:1][CONSENSUS][SEALER]++++++++++++++++ Generating seal on,blkNum=1,tx=0,nodeIdx=3,hash=a467ee21...
info|2019-11-12 01:25:38.029293|[g:1][CONSENSUS][PBFT]checkTimeout Succ,view=22347,toView=22348,nodeIdx=3,changeCycle=0,myNode=de0436d1...,timecost=0.453
info|2019-11-12 01:25:38.030729|[g:1][CONSENSUS][PBFT]checkAndChangeView: Reach consensus,org_view=22347,org_changeCycle=0,cur_changeCycle=0,to_view=22348
info|2019-11-12 01:25:39.032707|[g:1][CONSENSUS]addRawPrepare,height=1,reqIdx=0,hash=7f24c740...
info|2019-11-12 01:25:39.033320|[g:1][CONSENSUS][PBFT]checkTimeout Succ,view=22348,toView=22349,nodeIdx=3,changeCycle=0,myNode=de0436d1...,timecost=0.484
info|2019-11-12 01:25:39.034929|[g:1][CONSENSUS][PBFT]checkAndChangeView: Reach consensus,org_view=22348,org_changeCycle=0,cur_changeCycle=0,to_view=22349
info|2019-11-12 01:25:40.035760|[g:1][CONSENSUS]addRawPrepare,height=1,reqIdx=1,hash=b7d42bbf...
info|2019-11-12 01:25:40.036367|[g:1][CONSENSUS][PBFT]checkTimeout Succ,view=22349,toView=22350,nodeIdx=3,changeCycle=0,myNode=de0436d1...,timecost=0.444
info|2019-11-12 01:25:40.037896|[g:1][CONSENSUS][PBFT]checkAndChangeView: Reach consensus,org_view=22349,org_changeCycle=0,cur_changeCycle=0,to_view=22350
info|2019-11-12 01:25:41.039478|[g:1][CONSENSUS]addRawPrepare,height=1,reqIdx=2,hash=82aa775c...
info|2019-11-12 01:25:41.040080|[g:1][CONSENSUS][PBFT]checkTimeout Succ,view=22350,toView=22351,nodeIdx=3,changeCycle=0,myNode=de0436d1...,timecost=0.468
info|2019-11-12 01:25:41.041624|[g:1][CONSENSUS][PBFT]checkAndChangeView: Reach consensus,org_view=22350,org_changeCycle=0,cur_changeCycle=0,to_view=22351
info|2019-11-12 01:25:42.007935|[P2P][Service] heartBeat,connected count=3
info|2019-11-12 01:25:42.041615|[g:1][CONSENSUS][SEALER]++++++++++++++++ Generating seal on,blkNum=1,tx=0,nodeIdx=3,hash=f0ebed08...
info|2019-11-12 01:25:42.042453|[g:1][CONSENSUS][PBFT]checkTimeout Succ,view=22351,toView=22352,nodeIdx=3,changeCycle=0,myNode=de0436d1...,timecost=0.471
info|2019-11-12 01:25:42.044435|[g:1][CONSENSUS][PBFT]checkAndChangeView: Reach consensus,org_view=22351,org_changeCycle=0,cur_changeCycle=0,to_view=22352
info|2019-11-12 01:25:43.046953|[g:1][CONSENSUS]addRawPrepare,height=1,reqIdx=0,hash=2f5b3d2b...
info|2019-11-12 01:25:43.047557|[g:1][CONSENSUS][PBFT]checkTimeout Succ,view=22352,toView=22353,nodeIdx=3,changeCycle=0,myNode=de0436d1...,timecost=0.476
info|2019-11-12 01:25:43.049422|[g:1][CONSENSUS][PBFT]checkAndChangeView: Reach consensus,org_view=22352,org_changeCycle=0,cur_changeCycle=0,to_view=22353
info|2019-11-12 01:25:44.050781|[g:1][CONSENSUS]addRawPrepare,height=1,reqIdx=1,hash=5df19a8e...
info|2019-11-12 01:25:44.051445|[g:1][CONSENSUS][PBFT]checkTimeout Succ,view=22353,toView=22354,nodeIdx=3,changeCycle=0,myNode=de0436d1...,timecost=0.479
info|2019-11-12 01:25:44.052899|[g:1][CONSENSUS][PBFT]checkAndChangeView: Reach consensus,org_view=22353,org_changeCycle=0,cur_changeCycle=0,to_view=22354
info|2019-11-12 01:25:45.055164|[g:1][CONSENSUS]addRawPrepare,height=1,reqIdx=2,hash=38ce0728...
info|2019-11-12 01:25:45.055751|[g:1][CONSENSUS][PBFT]checkTimeout Succ,view=22354,toView=22355,nodeIdx=3,changeCycle=0,myNode=de0436d1...,timecost=0.437
info|2019-11-12 01:25:45.056994|[g:1][CONSENSUS][PBFT]checkAndChangeView: Reach consensus,org_view=22354,org_changeCycle=0,cur_changeCycle=0,to_view=22355
info|2019-11-12 01:25:46.058085|[g:1][CONSENSUS][SEALER]++++++++++++++++ Generating seal on,blkNum=1,tx=0,nodeIdx=3,hash=f856e177...
info|2019-11-12 01:25:46.058923|[g:1][CONSENSUS][PBFT]checkTimeout Succ,view=22355,toView=22356,nodeIdx=3,changeCycle=0,myNode=de0436d1...,timecost=0.443
info|2019-11-12 01:25:46.061229|[g:1][CONSENSUS][PBFT]checkAndChangeView: Reach consensus,org_view=22355,org_changeCycle=0,cur_changeCycle=0,to_view=22356
info|2019-11-12 01:25:47.063586|[g:1][CONSENSUS]addRawPrepare,height=1,reqIdx=0,hash=065dc08e...
info|2019-11-12 01:25:47.064319|[g:1][CONSENSUS][PBFT]checkTimeout Succ,view=22356,toView=22357,nodeIdx=3,changeCycle=0,myNode=de0436d1...,timecost=0.547
info|2019-11-12 01:25:47.066140|[g:1][CONSENSUS][PBFT]checkAndChangeView: Reach consensus,org_view=22356,org_changeCycle=0,cur_changeCycle=0,to_view=22357
info|2019-11-12 01:25:48.067772|[g:1][CONSENSUS]addRawPrepare,height=1,reqIdx=1,hash=5480dc06...
info|2019-11-12 01:25:48.068546|[g:1][CONSENSUS][PBFT]checkTimeout Succ,view=22357,toView=22358,nodeIdx=3,changeCycle=0,myNode=de0436d1...,timecost=0.618
info|2019-11-12 01:25:48.069985|[g:1][CONSENSUS][PBFT]checkAndChangeView: Reach consensus,org_view=22357,org_changeCycle=0,cur_changeCycle=0,to_view=22358
info|2019-11-12 01:25:49.070737|[g:1][CONSENSUS]addRawPrepare,height=1,reqIdx=2,hash=25ce3563...
info|2019-11-12 01:25:49.071382|[g:1][CONSENSUS][PBFT]checkTimeout Succ,view=22358,toView=22359,nodeIdx=3,changeCycle=0,myNode=de0436d1...,timecost=0.488
info|2019-11-12 01:25:49.073242|[g:1][CONSENSUS][PBFT]checkAndChangeView: Reach consensus,org_view=22358,org_changeCycle=0,cur_changeCycle=0,to_view=22359
info|2019-11-12 01:25:50.074463|[g:1][CONSENSUS][SEALER]++++++++++++++++ Generating seal on,blkNum=1,tx=0,nodeIdx=3,hash=df836361...
info|2019-11-12 01:25:50.075361|[g:1][CONSENSUS][PBFT]checkTimeout Succ,view=22359,toView=22360,nodeIdx=3,changeCycle=0,myNode=de0436d1...,timecost=0.424
info|2019-11-12 01:25:50.077788|[g:1][CONSENSUS][PBFT]checkAndChangeView: Reach consensus,org_view=22359,org_changeCycle=0,cur_changeCycle=0,to_view=22360
info|2019-11-12 01:25:51.078785|[g:1][CONSENSUS]addRawPrepare,height=1,reqIdx=0,hash=8b358798...
info|2019-11-12 01:25:51.079416|[g:1][CONSENSUS][PBFT]checkTimeout Succ,view=22360,toView=22361,nodeIdx=3,changeCycle=0,myNode=de0436d1...,timecost=0.427
info|2019-11-12 01:25:51.080750|[g:1][CONSENSUS][PBFT]checkAndChangeView: Reach consensus,org_view=22360,org_changeCycle=0,cur_changeCycle=0,to_view=22361
info|2019-11-12 01:25:52.008614|[P2P][Service] heartBeat,connected count=3
info|2019-11-12 01:25:52.082371|[g:1][CONSENSUS]addRawPrepare,height=1,reqIdx=1,hash=d7ec5132...
info|2019-11-12 01:25:52.083741|[g:1][CONSENSUS][PBFT]checkTimeout Succ,view=22361,toView=22362,nodeIdx=3,changeCycle=0,myNode=de0436d1...,timecost=1.225
info|2019-11-12 01:25:52.085371|[g:1][CONSENSUS][PBFT]checkAndChangeView: Reach consensus,org_view=22361,org_changeCycle=0,cur_changeCycle=0,to_view=22362
info|2019-11-12 01:25:53.086716|[g:1][CONSENSUS]addRawPrepare,height=1,reqIdx=2,hash=51b2d053...
info|2019-11-12 01:25:53.087393|[g:1][CONSENSUS][PBFT]checkTimeout Succ,view=22362,toView=22363,nodeIdx=3,changeCycle=0,myNode=de0436d1...,timecost=0.54
info|2019-11-12 01:25:53.088749|[g:1][CONSENSUS][PBFT]checkAndChangeView: Reach consensus,org_view=22362,org_changeCycle=0,cur_changeCycle=0,to_view=22363
info|2019-11-12 01:25:54.089178|[g:1][CONSENSUS][SEALER]++++++++++++++++ Generating seal on,blkNum=1,tx=0,nodeIdx=3,hash=c119011a...
info|2019-11-12 01:25:54.090128|[g:1][CONSENSUS][PBFT]checkTimeout Succ,view=22363,toView=22364,nodeIdx=3,changeCycle=0,myNode=de0436d1...,timecost=0.47
info|2019-11-12 01:25:54.092578|[g:1][CONSENSUS][PBFT]checkAndChangeView: Reach consensus,org_view=22363,org_changeCycle=0,cur_changeCycle=0,to_view=22364
info|2019-11-12 01:25:55.093585|[g:1][CONSENSUS]addRawPrepare,height=1,reqIdx=0,hash=4f4ed55b...
info|2019-11-12 01:25:55.094248|[g:1][CONSENSUS][PBFT]checkTimeout Succ,view=22364,toView=22365,nodeIdx=3,changeCycle=0,myNode=de0436d1...,timecost=0.499
info|2019-11-12 01:25:55.095614|[g:1][CONSENSUS][PBFT]checkAndChangeView: Reach consensus,org_view=22364,org_changeCycle=0,cur_changeCycle=0,to_view=22365
info|2019-11-12 01:25:56.096929|[g:1][CONSENSUS]addRawPrepare,height=1,reqIdx=1,hash=a833a224...
info|2019-11-12 01:25:56.097591|[g:1][CONSENSUS][PBFT]checkTimeout Succ,view=22365,toView=22366,nodeIdx=3,changeCycle=0,myNode=de0436d1...,timecost=0.517
info|2019-11-12 01:25:56.099262|[g:1][CONSENSUS][PBFT]checkAndChangeView: Reach consensus,org_view=22365,org_changeCycle=0,cur_changeCycle=0,to_view=22366
info|2019-11-12 01:25:57.101190|[g:1][CONSENSUS]addRawPrepare,height=1,reqIdx=2,hash=1900c2ca...
info|2019-11-12 01:25:57.102760|[g:1][CONSENSUS][PBFT]checkTimeout Succ,view=22366,toView=22367,nodeIdx=3,changeCycle=0,myNode=de0436d1...,timecost=1.403
info|2019-11-12 01:25:57.104165|[g:1][CONSENSUS][PBFT]checkAndChangeView: Reach consensus,org_view=22366,org_changeCycle=0,cur_changeCycle=0,to_view=22367
info|2019-11-12 01:25:58.104699|[g:1][CONSENSUS][SEALER]++++++++++++++++ Generating seal on,blkNum=1,tx=0,nodeIdx=3,hash=4b7e612e...
info|2019-11-12 01:25:58.105621|[g:1][CONSENSUS][PBFT]checkTimeout Succ,view=22367,toView=22368,nodeIdx=3,changeCycle=0,myNode=de0436d1...,timecost=0.509
info|2019-11-12 01:25:58.107792|[g:1][CONSENSUS][PBFT]checkAndChangeView: Reach consensus,org_view=22367,org_changeCycle=0,cur_changeCycle=0,to_view=22368
info|2019-11-12 01:25:59.108983|[g:1][CONSENSUS]addRawPrepare,height=1,reqIdx=0,hash=a6638638...
info|2019-11-12 01:25:59.109648|[g:1][CONSENSUS][PBFT]checkTimeout Succ,view=22368,toView=22369,nodeIdx=3,changeCycle=0,myNode=de0436d1...,timecost=0.483
info|2019-11-12 01:25:59.111144|[g:1][CONSENSUS][PBFT]checkAndChangeView: Reach consensus,org_view=22368,org_changeCycle=0,cur_changeCycle=0,to_view=22369
info|2019-11-12 01:26:00.112792|[g:1][CONSENSUS]addRawPrepare,height=1,reqIdx=1,hash=d08e9b13...
info|2019-11-12 01:26:00.113441|[g:1][CONSENSUS][PBFT]checkTimeout Succ,view=22369,toView=22370,nodeIdx=3,changeCycle=0,myNode=de0436d1...,timecost=0.477
info|2019-11-12 01:26:00.114905|[g:1][CONSENSUS][PBFT]checkAndChangeView: Reach consensus,org_view=22369,org_changeCycle=0,cur_changeCycle=0,to_view=22370
info|2019-11-12 01:26:01.116000|[g:1][CONSENSUS]addRawPrepare,height=1,reqIdx=2,hash=6ccb6ee1...
info|2019-11-12 01:26:01.116642|[g:1][CONSENSUS][PBFT]checkTimeout Succ,view=22370,toView=22371,nodeIdx=3,changeCycle=0,myNode=de0436d1...,timecost=0.469
info|2019-11-12 01:26:01.118275|[g:1][CONSENSUS][PBFT]checkAndChangeView: Reach consensus,org_view=22370,org_changeCycle=0,cur_changeCycle=0,to_view=22371
info|2019-11-12 01:26:02.015852|[P2P][Service] heartBeat,connected count=3
info|2019-11-12 01:26:02.118288|[g:1][CONSENSUS][SEALER]++++++++++++++++ Generating seal on,blkNum=1,tx=0,nodeIdx=3,hash=ebc288dd...
info|2019-11-12 01:26:02.119580|[g:1][CONSENSUS][PBFT]checkTimeout Succ,view=22371,toView=22372,nodeIdx=3,changeCycle=0,myNode=de0436d1...,timecost=0.829
info|2019-11-12 01:26:02.122029|[g:1][CONSENSUS][PBFT]checkAndChangeView: Reach consensus,org_view=22371,org_changeCycle=0,cur_changeCycle=0,to_view=22372
info|2019-11-12 01:26:03.124216|[g:1][CONSENSUS]addRawPrepare,height=1,reqIdx=0,hash=5ab484a7...
info|2019-11-12 01:26:03.125071|[g:1][CONSENSUS][PBFT]checkTimeout Succ,view=22372,toView=22373,nodeIdx=3,changeCycle=0,myNode=de0436d1...,timecost=0.726
info|2019-11-12 01:26:03.126620|[g:1][CONSENSUS][PBFT]checkAndChangeView: Reach consensus,org_view=22372,org_changeCycle=0,cur_changeCycle=0,to_view=22373
info|2019-11-12 01:26:04.128882|[g:1][CONSENSUS]addRawPrepare,height=1,reqIdx=1,hash=7c140d5b...
info|2019-11-12 01:26:04.129504|[g:1][CONSENSUS][PBFT]checkTimeout Succ,view=22373,toView=22374,nodeIdx=3,changeCycle=0,myNode=de0436d1...,timecost=0.542
info|2019-11-12 01:26:04.131201|[g:1][CONSENSUS][PBFT]checkAndChangeView: Reach consensus,org_view=22373,org_changeCycle=0,cur_changeCycle=0,to_view=22374
info|2019-11-12 01:26:05.133006|[g:1][CONSENSUS]addRawPrepare,height=1,reqIdx=2,hash=226e95f2...
info|2019-11-12 01:26:05.133690|[g:1][CONSENSUS][PBFT]checkTimeout Succ,view=22374,toView=22375,nodeIdx=3,changeCycle=0,myNode=de0436d1...,timecost=0.544
info|2019-11-12 01:26:05.135563|[g:1][CONSENSUS][PBFT]checkAndChangeView: Reach consensus,org_view=22374,org_changeCycle=0,cur_changeCycle=0,to_view=22375
info|2019-11-12 01:26:06.136708|[g:1][CONSENSUS][SEALER]++++++++++++++++ Generating seal on,blkNum=1,tx=0,nodeIdx=3,hash=9b67b8eb...
info|2019-11-12 01:26:06.137678|[g:1][CONSENSUS][PBFT]checkTimeout Succ,view=22375,toView=22376,nodeIdx=3,changeCycle=0,myNode=de0436d1...,timecost=0.503
info|2019-11-12 01:26:06.140230|[g:1][CONSENSUS][PBFT]checkAndChangeView: Reach consensus,org_view=22375,org_changeCycle=0,cur_changeCycle=0,to_view=22376
info|2019-11-12 01:26:07.142872|[g:1][CONSENSUS]addRawPrepare,height=1,reqIdx=0,hash=e0f5a4d8...
info|2019-11-12 01:26:07.144292|[g:1][CONSENSUS][PBFT]checkTimeout Succ,view=22376,toView=22377,nodeIdx=3,changeCycle=0,myNode=de0436d1...,timecost=1.272
info|2019-11-12 01:26:07.145652|[g:1][CONSENSUS][PBFT]checkAndChangeView: Reach consensus,org_view=22376,org_changeCycle=0,cur_changeCycle=0,to_view=22377
info|2019-11-12 01:26:08.147644|[g:1][CONSENSUS]addRawPrepare,height=1,reqIdx=1,hash=df1b6540...
info|2019-11-12 01:26:08.148311|[g:1][CONSENSUS][PBFT]checkTimeout Succ,view=22377,toView=22378,nodeIdx=3,changeCycle=0,myNode=de0436d1...,timecost=0.519
info|2019-11-12 01:26:08.149898|[g:1][CONSENSUS][PBFT]checkAndChangeView: Reach consensus,org_view=22377,org_changeCycle=0,cur_changeCycle=0,to_view=22378
info|2019-11-12 01:26:09.152169|[g:1][CONSENSUS]addRawPrepare,height=1,reqIdx=2,hash=e17c1f18...
info|2019-11-12 01:26:09.152747|[g:1][CONSENSUS][PBFT]checkTimeout Succ,view=22378,toView=22379,nodeIdx=3,changeCycle=0,myNode=de0436d1...,timecost=0.447
info|2019-11-12 01:26:09.154199|[g:1][CONSENSUS][PBFT]checkAndChangeView: Reach consensus,org_view=22378,org_changeCycle=0,cur_changeCycle=0,to_view=22379
info|2019-11-12 01:26:10.154910|[g:1][CONSENSUS][SEALER]++++++++++++++++ Generating seal on,blkNum=1,tx=0,nodeIdx=3,hash=9f855e04...
info|2019-11-12 01:26:10.155840|[g:1][CONSENSUS][PBFT]checkTimeout Succ,view=22379,toView=22380,nodeIdx=3,changeCycle=0,myNode=de0436d1...,timecost=0.46
info|2019-11-12 01:26:10.158372|[g:1][CONSENSUS][PBFT]checkAndChangeView: Reach consensus,org_view=22379,org_changeCycle=0,cur_changeCycle=0,to_view=22380
info|2019-11-12 01:26:11.160750|[g:1][CONSENSUS]addRawPrepare,height=1,reqIdx=0,hash=2131f479...
info|2019-11-12 01:26:11.161370|[g:1][CONSENSUS][PBFT]checkTimeout Succ,view=22380,toView=22381,nodeIdx=3,changeCycle=0,myNode=de0436d1...,timecost=0.449
info|2019-11-12 01:26:11.163115|[g:1][CONSENSUS][PBFT]checkAndChangeView: Reach consensus,org_view=22380,org_changeCycle=0,cur_changeCycle=0,to_view=22381
info|2019-11-12 01:26:12.023252|[P2P][Service] heartBeat,connected count=3
info|2019-11-12 01:26:12.166077|[g:1][CONSENSUS]addRawPrepare,height=1,reqIdx=1,hash=2c3607e9...
info|2019-11-12 01:26:12.166943|[g:1][CONSENSUS][PBFT]checkTimeout Succ,view=22381,toView=22382,nodeIdx=3,changeCycle=0,myNode=de0436d1...,timecost=0.676
info|2019-11-12 01:26:12.168506|[g:1][CONSENSUS][PBFT]checkAndChangeView: Reach consensus,org_view=22381,org_changeCycle=0,cur_changeCycle=0,to_view=22382
info|2019-11-12 01:26:13.169630|[g:1][CONSENSUS]addRawPrepare,height=1,reqIdx=2,hash=626e164c...
info|2019-11-12 01:26:13.170194|[g:1][CONSENSUS][PBFT]checkTimeout Succ,view=22382,toView=22383,nodeIdx=3,changeCycle=0,myNode=de0436d1...,timecost=0.441
info|2019-11-12 01:26:13.171562|[g:1][CONSENSUS][PBFT]checkAndChangeView: Reach consensus,org_view=22382,org_changeCycle=0,cur_changeCycle=0,to_view=22383
info|2019-11-12 01:26:14.171308|[g:1][CONSENSUS][SEALER]++++++++++++++++ Generating seal on,blkNum=1,tx=0,nodeIdx=3,hash=2a272029...
info|2019-11-12 01:26:14.173179|[g:1][CONSENSUS][PBFT]checkTimeout Succ,view=22383,toView=22384,nodeIdx=3,changeCycle=0,myNode=de0436d1...,timecost=0.367
info|2019-11-12 01:26:14.174332|[g:1][CONSENSUS][PBFT]checkAndChangeView: Reach consensus,org_view=22383,org_changeCycle=0,cur_changeCycle=0,to_view=22384
info|2019-11-12 01:26:15.176416|[g:1][CONSENSUS]addRawPrepare,height=1,reqIdx=0,hash=0222b9a7...
info|2019-11-12 01:26:15.177012|[g:1][CONSENSUS][PBFT]checkTimeout Succ,view=22384,toView=22385,nodeIdx=3,changeCycle=0,myNode=de0436d1...,timecost=0.462
info|2019-11-12 01:26:15.178622|[g:1][CONSENSUS][PBFT]checkAndChangeView: Reach consensus,org_view=22384,org_changeCycle=0,cur_changeCycle=0,to_view=22385
info|2019-11-12 01:26:16.179666|[g:1][CONSENSUS]addRawPrepare,height=1,reqIdx=1,hash=74099051...
info|2019-11-12 01:26:16.180291|[g:1][CONSENSUS][PBFT]checkTimeout Succ,view=22385,toView=22386,nodeIdx=3,changeCycle=0,myNode=de0436d1...,timecost=0.48
info|2019-11-12 01:26:16.182076|[g:1][CONSENSUS][PBFT]checkAndChangeView: Reach consensus,org_view=22385,org_changeCycle=0,cur_changeCycle=0,to_view=22386
info|2019-11-12 01:26:17.184865|[g:1][CONSENSUS]addRawPrepare,height=1,reqIdx=2,hash=bdaff2aa...
info|2019-11-12 01:26:17.185938|[g:1][CONSENSUS][PBFT]checkTimeout Succ,view=22386,toView=22387,nodeIdx=3,changeCycle=0,myNode=de0436d1...,timecost=0.916
info|2019-11-12 01:26:17.187283|[g:1][CONSENSUS][PBFT]checkAndChangeView: Reach consensus,org_view=22386,org_changeCycle=0,cur_changeCycle=0,to_view=22387
info|2019-11-12 01:26:18.188744|[g:1][CONSENSUS][SEALER]++++++++++++++++ Generating seal on,blkNum=1,tx=0,nodeIdx=3,hash=2ac67dab...
info|2019-11-12 01:26:18.189821|[g:1][CONSENSUS][PBFT]checkTimeout Succ,view=22387,toView=22388,nodeIdx=3,changeCycle=0,myNode=de0436d1...,timecost=0.547
info|2019-11-12 01:26:18.192493|[g:1][CONSENSUS][PBFT]checkAndChangeView: Reach consensus,org_view=22387,org_changeCycle=0,cur_changeCycle=0,to_view=22388
info|2019-11-12 01:26:19.194565|[g:1][CONSENSUS]addRawPrepare,height=1,reqIdx=0,hash=c812196b...
info|2019-11-12 01:26:19.195220|[g:1][CONSENSUS][PBFT]checkTimeout Succ,view=22388,toView=22389,nodeIdx=3,changeCycle=0,myNode=de0436d1...,timecost=0.488
info|2019-11-12 01:26:19.196903|[g:1][CONSENSUS][PBFT]checkAndChangeView: Reach consensus,org_view=22388,org_changeCycle=0,cur_changeCycle=0,to_view=22389
info|2019-11-12 01:26:20.198384|[g:1][CONSENSUS]addRawPrepare,height=1,reqIdx=1,hash=a92f9faa...
info|2019-11-12 01:26:20.199100|[g:1][CONSENSUS][PBFT]checkTimeout Succ,view=22389,toView=22390,nodeIdx=3,changeCycle=0,myNode=de0436d1...,timecost=0.56
info|2019-11-12 01:26:20.200637|[g:1][CONSENSUS][PBFT]checkAndChangeView: Reach consensus,org_view=22389,org_changeCycle=0,cur_changeCycle=0,to_view=22390
info|2019-11-12 01:26:21.202571|[g:1][CONSENSUS]addRawPrepare,height=1,reqIdx=2,hash=1be1516d...
info|2019-11-12 01:26:21.203230|[g:1][CONSENSUS][PBFT]checkTimeout Succ,view=22390,toView=22391,nodeIdx=3,changeCycle=0,myNode=de0436d1...,timecost=0.525
info|2019-11-12 01:26:21.204806|[g:1][CONSENSUS][PBFT]checkAndChangeView: Reach consensus,org_view=22390,org_changeCycle=0,cur_changeCycle=0,to_view=22391
info|2019-11-12 01:26:22.030865|[P2P][Service] heartBeat,connected count=3
info|2019-11-12 01:26:22.205434|[g:1][CONSENSUS][SEALER]++++++++++++++++ Generating seal on,blkNum=1,tx=0,nodeIdx=3,hash=7a11b1a6...
info|2019-11-12 01:26:22.208543|[g:1][CONSENSUS][PBFT]checkTimeout Succ,view=22391,toView=22392,nodeIdx=3,changeCycle=0,myNode=de0436d1...,timecost=0.653
info|2019-11-12 01:26:22.209965|[g:1][CONSENSUS][PBFT]checkAndChangeView: Reach consensus,org_view=22391,org_changeCycle=0,cur_changeCycle=0,to_view=22392
info|2019-11-12 01:26:23.210979|[g:1][CONSENSUS]addRawPrepare,height=1,reqIdx=0,hash=cc95767c...
info|2019-11-12 01:26:23.211670|[g:1][CONSENSUS][PBFT]checkTimeout Succ,view=22392,toView=22393,nodeIdx=3,changeCycle=0,myNode=de0436d1...,timecost=0.488
info|2019-11-12 01:26:23.213356|[g:1][CONSENSUS][PBFT]checkAndChangeView: Reach consensus,org_view=22392,org_changeCycle=0,cur_changeCycle=0,to_view=22393
info|2019-11-12 01:26:24.215028|[g:1][CONSENSUS]addRawPrepare,height=1,reqIdx=1,hash=2256e841...
info|2019-11-12 01:26:24.215689|[g:1][CONSENSUS][PBFT]checkTimeout Succ,view=22393,toView=22394,nodeIdx=3,changeCycle=0,myNode=de0436d1...,timecost=0.487
info|2019-11-12 01:26:24.217240|[g:1][CONSENSUS][PBFT]checkAndChangeView: Reach consensus,org_view=22393,org_changeCycle=0,cur_changeCycle=0,to_view=22394
info|2019-11-12 01:26:25.219214|[g:1][CONSENSUS]addRawPrepare,height=1,reqIdx=2,hash=0f9feda5...
info|2019-11-12 01:26:25.219866|[g:1][CONSENSUS][PBFT]checkTimeout Succ,view=22394,toView=22395,nodeIdx=3,changeCycle=0,myNode=de0436d1...,timecost=0.519
info|2019-11-12 01:26:25.221585|[g:1][CONSENSUS][PBFT]checkAndChangeView: Reach consensus,org_view=22394,org_changeCycle=0,cur_changeCycle=0,to_view=22395
info|2019-11-12 01:26:26.221272|[g:1][CONSENSUS][SEALER]++++++++++++++++ Generating seal on,blkNum=1,tx=0,nodeIdx=3,hash=8b0bf00e...
info|2019-11-12 01:26:26.222320|[g:1][CONSENSUS][PBFT]checkTimeout Succ,view=22395,toView=22396,nodeIdx=3,changeCycle=0,myNode=de0436d1...,timecost=0.566
info|2019-11-12 01:26:26.224872|[g:1][CONSENSUS][PBFT]checkAndChangeView: Reach consensus,org_view=22395,org_changeCycle=0,cur_changeCycle=0,to_view=22396
info|2019-11-12 01:26:27.226557|[g:1][CONSENSUS]addRawPrepare,height=1,reqIdx=0,hash=37a62bc4...
info|2019-11-12 01:26:27.227340|[g:1][CONSENSUS][PBFT]checkTimeout Succ,view=22396,toView=22397,nodeIdx=3,changeCycle=0,myNode=de0436d1...,timecost=0.619
info|2019-11-12 01:26:27.229029|[g:1][CONSENSUS][PBFT]checkAndChangeView: Reach consensus,org_view=22396,org_changeCycle=0,cur_changeCycle=0,to_view=22397
info|2019-11-12 01:26:28.231529|[g:1][CONSENSUS]addRawPrepare,height=1,reqIdx=1,hash=e0cc4e87...
info|2019-11-12 01:26:28.232239|[g:1][CONSENSUS][PBFT]checkTimeout Succ,view=22397,toView=22398,nodeIdx=3,changeCycle=0,myNode=de0436d1...,timecost=0.48
info|2019-11-12 01:26:28.233655|[g:1][CONSENSUS][PBFT]checkAndChangeView: Reach consensus,org_view=22397,org_changeCycle=0,cur_changeCycle=0,to_view=22398
info|2019-11-12 01:26:29.235004|[g:1][CONSENSUS]addRawPrepare,height=1,reqIdx=2,hash=eeac191e...
info|2019-11-12 01:26:29.235811|[g:1][CONSENSUS][PBFT]checkTimeout Succ,view=22398,toView=22399,nodeIdx=3,changeCycle=0,myNode=de0436d1...,timecost=0.618
info|2019-11-12 01:26:29.237421|[g:1][CONSENSUS][PBFT]checkAndChangeView: Reach consensus,org_view=22398,org_changeCycle=0,cur_changeCycle=0,to_view=22399
info|2019-11-12 01:26:30.238331|[g:1][CONSENSUS][SEALER]++++++++++++++++ Generating seal on,blkNum=1,tx=0,nodeIdx=3,hash=77e6914b...
info|2019-11-12 01:26:30.241509|[g:1][CONSENSUS][PBFT]checkTimeout Succ,view=22399,toView=22400,nodeIdx=3,changeCycle=0,myNode=de0436d1...,timecost=0.521
info|2019-11-12 01:26:30.242226|[g:1][CONSENSUS][PBFT]checkAndChangeView: Reach consensus,org_view=22399,org_changeCycle=0,cur_changeCycle=0,to_view=22400
info|2019-11-12 01:26:31.243800|[g:1][CONSENSUS]addRawPrepare,height=1,reqIdx=0,hash=830f7993...
info|2019-11-12 01:26:31.244477|[g:1][CONSENSUS][PBFT]checkTimeout Succ,view=22400,toView=22401,nodeIdx=3,changeCycle=0,myNode=de0436d1...,timecost=0.497
info|2019-11-12 01:26:31.246007|[g:1][CONSENSUS][PBFT]checkAndChangeView: Reach consensus,org_view=22400,org_changeCycle=0,cur_changeCycle=0,to_view=22401
info|2019-11-12 01:26:32.036002|[P2P][Service] heartBeat,connected count=3
info|2019-11-12 01:26:32.248068|[g:1][CONSENSUS]addRawPrepare,height=1,reqIdx=1,hash=9d273955...
info|2019-11-12 01:26:32.249436|[g:1][CONSENSUS][PBFT]checkTimeout Succ,view=22401,toView=22402,nodeIdx=3,changeCycle=0,myNode=de0436d1...,timecost=1.19
info|2019-11-12 01:26:32.251075|[g:1][CONSENSUS][PBFT]checkAndChangeView: Reach consensus,org_view=22401,org_changeCycle=0,cur_changeCycle=0,to_view=22402
info|2019-11-12 01:26:33.251616|[g:1][CONSENSUS]addRawPrepare,height=1,reqIdx=2,hash=5684778d...
info|2019-11-12 01:26:33.252301|[g:1][CONSENSUS][PBFT]checkTimeout Succ,view=22402,toView=22403,nodeIdx=3,changeCycle=0,myNode=de0436d1...,timecost=0.565
info|2019-11-12 01:26:33.253744|[g:1][CONSENSUS][PBFT]checkAndChangeView: Reach consensus,org_view=22402,org_changeCycle=0,cur_changeCycle=0,to_view=22403
info|2019-11-12 01:26:34.253590|[g:1][CONSENSUS][SEALER]++++++++++++++++ Generating seal on,blkNum=1,tx=0,nodeIdx=3,hash=e4949e43...
info|2019-11-12 01:26:34.256995|[g:1][CONSENSUS][PBFT]checkTimeout Succ,view=22403,toView=22404,nodeIdx=3,changeCycle=0,myNode=de0436d1...,timecost=0.613
info|2019-11-12 01:26:34.257659|[g:1][CONSENSUS][PBFT]checkAndChangeView: Reach consensus,org_view=22403,org_changeCycle=0,cur_changeCycle=0,to_view=22404
info|2019-11-12 01:26:35.259678|[g:1][CONSENSUS]addRawPrepare,height=1,reqIdx=0,hash=d020e4b6...
info|2019-11-12 01:26:35.260410|[g:1][CONSENSUS][PBFT]checkTimeout Succ,view=22404,toView=22405,nodeIdx=3,changeCycle=0,myNode=de0436d1...,timecost=0.509
info|2019-11-12 01:26:35.261983|[g:1][CONSENSUS][PBFT]checkAndChangeView: Reach consensus,org_view=22404,org_changeCycle=0,cur_changeCycle=0,to_view=22405
info|2019-11-12 01:26:36.263037|[g:1][CONSENSUS]addRawPrepare,height=1,reqIdx=1,hash=eddf557a...
info|2019-11-12 01:26:36.263706|[g:1][CONSENSUS][PBFT]checkTimeout Succ,view=22405,toView=22406,nodeIdx=3,changeCycle=0,myNode=de0436d1...,timecost=0.5
info|2019-11-12 01:26:36.265246|[g:1][CONSENSUS][PBFT]checkAndChangeView: Reach consensus,org_view=22405,org_changeCycle=0,cur_changeCycle=0,to_view=22406
info|2019-11-12 01:26:37.267021|[g:1][CONSENSUS]addRawPrepare,height=1,reqIdx=2,hash=899f2df6...
info|2019-11-12 01:26:37.267920|[g:1][CONSENSUS][PBFT]checkTimeout Succ,view=22406,toView=22407,nodeIdx=3,changeCycle=0,myNode=de0436d1...,timecost=0.652
info|2019-11-12 01:26:37.269447|[g:1][CONSENSUS][PBFT]checkAndChangeView: Reach consensus,org_view=22406,org_changeCycle=0,cur_changeCycle=0,to_view=22407
info|2019-11-12 01:26:38.269736|[g:1][CONSENSUS][SEALER]++++++++++++++++ Generating seal on,blkNum=1,tx=0,nodeIdx=3,hash=9b315641...
info|2019-11-12 01:26:38.270849|[g:1][CONSENSUS][PBFT]checkTimeout Succ,view=22407,toView=22408,nodeIdx=3,changeCycle=0,myNode=de0436d1...,timecost=0.648
info|2019-11-12 01:26:38.273427|[g:1][CONSENSUS][PBFT]checkAndChangeView: Reach consensus,org_view=22407,org_changeCycle=0,cur_changeCycle=0,to_view=22408
info|2019-11-12 01:26:39.275162|[g:1][CONSENSUS]addRawPrepare,height=1,reqIdx=0,hash=fd74c2e6...
info|2019-11-12 01:26:39.275771|[g:1][CONSENSUS][PBFT]checkTimeout Succ,view=22408,toView=22409,nodeIdx=3,changeCycle=0,myNode=de0436d1...,timecost=0.483
info|2019-11-12 01:26:39.277399|[g:1][CONSENSUS][PBFT]checkAndChangeView: Reach consensus,org_view=22408,org_changeCycle=0,cur_changeCycle=0,to_view=22409
info|2019-11-12 01:26:40.278766|[g:1][CONSENSUS]addRawPrepare,height=1,reqIdx=1,hash=e9121098...
info|2019-11-12 01:26:40.279417|[g:1][CONSENSUS][PBFT]checkTimeout Succ,view=22409,toView=22410,nodeIdx=3,changeCycle=0,myNode=de0436d1...,timecost=0.489
info|2019-11-12 01:26:40.280891|[g:1][CONSENSUS][PBFT]checkAndChangeView: Reach consensus,org_view=22409,org_changeCycle=0,cur_changeCycle=0,to_view=22410
info|2019-11-12 01:26:41.282810|[g:1][CONSENSUS]addRawPrepare,height=1,reqIdx=2,hash=1b48bcd4...
info|2019-11-12 01:26:41.283461|[g:1][CONSENSUS][PBFT]checkTimeout Succ,view=22410,toView=22411,nodeIdx=3,changeCycle=0,myNode=de0436d1...,timecost=0.522
info|2019-11-12 01:26:41.284982|[g:1][CONSENSUS][PBFT]checkAndChangeView: Reach consensus,org_view=22410,org_changeCycle=0,cur_changeCycle=0,to_view=22411
info|2019-11-12 01:26:42.039901|[P2P][Service] heartBeat,connected count=3
info|2019-11-12 01:26:42.286053|[g:1][CONSENSUS][SEALER]++++++++++++++++ Generating seal on,blkNum=1,tx=0,nodeIdx=3,hash=1622797d...
info|2019-11-12 01:26:42.289173|[g:1][CONSENSUS][PBFT]checkTimeout Succ,view=22411,toView=22412,nodeIdx=3,changeCycle=0,myNode=de0436d1...,timecost=0.593
info|2019-11-12 01:26:42.290432|[g:1][CONSENSUS][PBFT]checkAndChangeView: Reach consensus,org_view=22411,org_changeCycle=0,cur_changeCycle=0,to_view=22412
info|2019-11-12 01:26:43.292178|[g:1][CONSENSUS]addRawPrepare,height=1,reqIdx=0,hash=5d4005f7...
info|2019-11-12 01:26:43.292888|[g:1][CONSENSUS][PBFT]checkTimeout Succ,view=22412,toView=22413,nodeIdx=3,changeCycle=0,myNode=de0436d1...,timecost=0.582
info|2019-11-12 01:26:43.294246|[g:1][CONSENSUS][PBFT]checkAndChangeView: Reach consensus,org_view=22412,org_changeCycle=0,cur_changeCycle=0,to_view=22413
info|2019-11-12 01:26:44.296419|[g:1][CONSENSUS]addRawPrepare,height=1,reqIdx=1,hash=60c38102...
info|2019-11-12 01:26:44.297059|[g:1][CONSENSUS][PBFT]checkTimeout Succ,view=22413,toView=22414,nodeIdx=3,changeCycle=0,myNode=de0436d1...,timecost=0.467
info|2019-11-12 01:26:44.298629|[g:1][CONSENSUS][PBFT]checkAndChangeView: Reach consensus,org_view=22413,org_changeCycle=0,cur_changeCycle=0,to_view=22414
