warning|2019-12-12 09:44:31.006763|[g:1][CONSENSUS][PBFT]ViewChangeWarning: not caused by omit empty block ,v=49162,toV=49163,curNum=5,hash=a9fec021...,nodeIdx=3,myNode=de0436d1...
info|2019-12-12 09:44:31.011207|[P2P][Service] heartBeat,connected count=3
info|2019-12-12 09:44:31.012115|[g:1][CONSENSUS][PBFT]checkTimeout Succ,view=49162,toView=49163,nodeIdx=3,changeCycle=1,myNode=de0436d1...,timecost=10.21
info|2019-12-12 09:44:31.013938|[g:1][CONSENSUS][PBFT]checkAndChangeView: Reach consensus,org_view=49162,org_changeCycle=1,cur_changeCycle=1,to_view=49163
info|2019-12-12 09:44:32.011106|[g:1][CONSENSUS]addRawPrepare,height=6,reqIdx=0,hash=e4dc8b69...
info|2019-12-12 09:44:32.011613|[g:1][CONSENSUS][PBFT]checkTimeout Succ,view=49163,toView=49164,nodeIdx=3,changeCycle=0,myNode=de0436d1...,timecost=0.394
info|2019-12-12 09:44:32.012569|[g:1][CONSENSUS][PBFT]checkAndChangeView: Reach consensus,org_view=49163,org_changeCycle=0,cur_changeCycle=0,to_view=49164
info|2019-12-12 09:44:33.013235|[g:1][CONSENSUS]addRawPrepare,height=6,reqIdx=1,hash=1bd5abd1...
info|2019-12-12 09:44:33.013734|[g:1][CONSENSUS][PBFT]checkTimeout Succ,view=49164,toView=49165,nodeIdx=3,changeCycle=0,myNode=de0436d1...,timecost=0.371
info|2019-12-12 09:44:33.014949|[g:1][CONSENSUS][PBFT]checkAndChangeView: Reach consensus,org_view=49164,org_changeCycle=0,cur_changeCycle=0,to_view=49165
info|2019-12-12 09:44:34.016762|[g:1][CONSENSUS]addRawPrepare,height=6,reqIdx=2,hash=576ce56a...
info|2019-12-12 09:44:34.017282|[g:1][CONSENSUS][PBFT]checkTimeout Succ,view=49165,toView=49166,nodeIdx=3,changeCycle=0,myNode=de0436d1...,timecost=0.387
info|2019-12-12 09:44:34.018351|[g:1][CONSENSUS][PBFT]checkAndChangeView: Reach consensus,org_view=49165,org_changeCycle=0,cur_changeCycle=0,to_view=49166
info|2019-12-12 09:44:35.018891|[g:1][CONSENSUS][SEALER]++++++++++++++++ Generating seal on,blkNum=6,tx=0,nodeIdx=3,hash=6cc3de6a...
info|2019-12-12 09:44:35.021130|[g:1][CONSENSUS][PBFT]checkTimeout Succ,view=49166,toView=49167,nodeIdx=3,changeCycle=0,myNode=de0436d1...,timecost=0.303
info|2019-12-12 09:44:35.021669|[g:1][CONSENSUS][PBFT]checkAndChangeView: Reach consensus,org_view=49166,org_changeCycle=0,cur_changeCycle=0,to_view=49167
info|2019-12-12 09:44:36.023421|[g:1][CONSENSUS]addRawPrepare,height=6,reqIdx=0,hash=f23c7fac...
info|2019-12-12 09:44:36.024243|[g:1][CONSENSUS][PBFT]checkTimeout Succ,view=49167,toView=49168,nodeIdx=3,changeCycle=0,myNode=de0436d1...,timecost=0.616
info|2019-12-12 09:44:36.025590|[g:1][CONSENSUS][PBFT]checkAndChangeView: Reach consensus,org_view=49167,org_changeCycle=0,cur_changeCycle=0,to_view=49168
info|2019-12-12 09:44:37.026386|[g:1][CONSENSUS]addRawPrepare,height=6,reqIdx=1,hash=ebb94c41...
info|2019-12-12 09:44:37.026990|[g:1][CONSENSUS][PBFT]checkTimeout Succ,view=49168,toView=49169,nodeIdx=3,changeCycle=0,myNode=de0436d1...,timecost=0.469
info|2019-12-12 09:44:37.028732|[g:1][CONSENSUS][PBFT]checkAndChangeView: Reach consensus,org_view=49168,org_changeCycle=0,cur_changeCycle=0,to_view=49169
info|2019-12-12 09:44:38.030400|[g:1][CONSENSUS]addRawPrepare,height=6,reqIdx=2,hash=c897fd00...
info|2019-12-12 09:44:38.031088|[g:1][CONSENSUS][PBFT]checkTimeout Succ,view=49169,toView=49170,nodeIdx=3,changeCycle=0,myNode=de0436d1...,timecost=0.494
info|2019-12-12 09:44:38.032565|[g:1][CONSENSUS][PBFT]checkAndChangeView: Reach consensus,org_view=49169,org_changeCycle=0,cur_changeCycle=0,to_view=49170
info|2019-12-12 09:44:39.032173|[g:1][CONSENSUS][SEALER]++++++++++++++++ Generating seal on,blkNum=6,tx=0,nodeIdx=3,hash=06e61704...
info|2019-12-12 09:44:39.032825|[g:1][CONSENSUS][PBFT]checkTimeout Succ,view=49170,toView=49171,nodeIdx=3,changeCycle=0,myNode=de0436d1...,timecost=0.368
info|2019-12-12 09:44:39.034951|[g:1][CONSENSUS][PBFT]checkAndChangeView: Reach consensus,org_view=49170,org_changeCycle=0,cur_changeCycle=0,to_view=49171
warning|2019-12-12 09:44:38.698881|[g:1][CONSENSUS][PBFT]ViewChangeWarning: not caused by omit empty block ,v=49171,toV=49172,curNum=5,hash=a9fec021...,nodeIdx=3,myNode=de0436d1...
info|2019-12-12 09:44:38.699104|[g:1][CONSENSUS][PBFT]checkTimeout Succ,view=49171,toView=49172,nodeIdx=3,changeCycle=1,myNode=de0436d1...,timecost=0.525
info|2019-12-12 09:44:38.700526|[g:1][CONSENSUS][PBFT]checkAndChangeView: Reach consensus,org_view=49171,org_changeCycle=1,cur_changeCycle=1,to_view=49172
info|2019-12-12 09:44:39.701396|[g:1][CONSENSUS]addRawPrepare,height=6,reqIdx=1,hash=48531412...
info|2019-12-12 09:44:39.701894|[g:1][CONSENSUS][PBFT]checkTimeout Succ,view=49172,toView=49173,nodeIdx=3,changeCycle=0,myNode=de0436d1...,timecost=0.389
info|2019-12-12 09:44:39.703061|[g:1][CONSENSUS][PBFT]checkAndChangeView: Reach consensus,org_view=49172,org_changeCycle=0,cur_changeCycle=0,to_view=49173
info|2019-12-12 09:44:40.707266|[g:1][CONSENSUS]addRawPrepare,height=6,reqIdx=2,hash=279597b4...
info|2019-12-12 09:44:40.708207|[g:1][CONSENSUS][PBFT]checkTimeout Succ,view=49173,toView=49174,nodeIdx=3,changeCycle=0,myNode=de0436d1...,timecost=0.75
info|2019-12-12 09:44:40.710495|[g:1][CONSENSUS][PBFT]checkAndChangeView: Reach consensus,org_view=49173,org_changeCycle=0,cur_changeCycle=0,to_view=49174
info|2019-12-12 09:44:41.014392|[P2P][Service] heartBeat,connected count=3
info|2019-12-12 09:44:41.711330|[g:1][CONSENSUS][SEALER]++++++++++++++++ Generating seal on,blkNum=6,tx=0,nodeIdx=3,hash=ee20a990...
info|2019-12-12 09:44:41.712307|[g:1][CONSENSUS][PBFT]checkTimeout Succ,view=49174,toView=49175,nodeIdx=3,changeCycle=0,myNode=de0436d1...,timecost=0.518
info|2019-12-12 09:44:41.714871|[g:1][CONSENSUS][PBFT]checkAndChangeView: Reach consensus,org_view=49174,org_changeCycle=0,cur_changeCycle=0,to_view=49175
info|2019-12-12 09:44:42.715593|[g:1][CONSENSUS]addRawPrepare,height=6,reqIdx=0,hash=7f56386c...
info|2019-12-12 09:44:42.716270|[g:1][CONSENSUS][PBFT]checkTimeout Succ,view=49175,toView=49176,nodeIdx=3,changeCycle=0,myNode=de0436d1...,timecost=0.548
info|2019-12-12 09:44:42.717984|[g:1][CONSENSUS][PBFT]checkAndChangeView: Reach consensus,org_view=49175,org_changeCycle=0,cur_changeCycle=0,to_view=49176
info|2019-12-12 09:44:43.720808|[g:1][CONSENSUS]addRawPrepare,height=6,reqIdx=1,hash=efc9ef25...
info|2019-12-12 09:44:43.721430|[g:1][CONSENSUS][PBFT]checkTimeout Succ,view=49176,toView=49177,nodeIdx=3,changeCycle=0,myNode=de0436d1...,timecost=0.486
info|2019-12-12 09:44:43.723230|[g:1][CONSENSUS][PBFT]checkAndChangeView: Reach consensus,org_view=49176,org_changeCycle=0,cur_changeCycle=0,to_view=49177
info|2019-12-12 09:44:44.725083|[g:1][CONSENSUS]addRawPrepare,height=6,reqIdx=2,hash=5add92c6...
info|2019-12-12 09:44:44.726097|[g:1][CONSENSUS][PBFT]checkTimeout Succ,view=49177,toView=49178,nodeIdx=3,changeCycle=0,myNode=de0436d1...,timecost=0.697
info|2019-12-12 09:44:44.727609|[g:1][CONSENSUS][PBFT]checkAndChangeView: Reach consensus,org_view=49177,org_changeCycle=0,cur_changeCycle=0,to_view=49178
info|2019-12-12 09:44:45.727467|[g:1][CONSENSUS][SEALER]++++++++++++++++ Generating seal on,blkNum=6,tx=0,nodeIdx=3,hash=2c3440e0...
info|2019-12-12 09:44:45.730170|[g:1][CONSENSUS][PBFT]checkTimeout Succ,view=49178,toView=49179,nodeIdx=3,changeCycle=0,myNode=de0436d1...,timecost=0.464
info|2019-12-12 09:44:45.731568|[g:1][CONSENSUS][PBFT]checkAndChangeView: Reach consensus,org_view=49178,org_changeCycle=0,cur_changeCycle=0,to_view=49179
info|2019-12-12 09:44:46.733528|[g:1][CONSENSUS]addRawPrepare,height=6,reqIdx=0,hash=981d49ba...
info|2019-12-12 09:44:46.734329|[g:1][CONSENSUS][PBFT]checkTimeout Succ,view=49179,toView=49180,nodeIdx=3,changeCycle=0,myNode=de0436d1...,timecost=0.615
info|2019-12-12 09:44:46.736216|[g:1][CONSENSUS][PBFT]checkAndChangeView: Reach consensus,org_view=49179,org_changeCycle=0,cur_changeCycle=0,to_view=49180
