info|2019-11-15 02:24:01.003355|[P2P][Service] heartBeat,connected count=3
warning|2019-11-15 02:24:01.006019|[g:1][CONSENSUS][PBFT]ViewChangeWarning: not caused by omit empty block ,v=121769,toV=121770,curNum=0,hash=f72cae63...,nodeIdx=3,myNode=de0436d1...
info|2019-11-15 02:24:01.006193|[g:1][CONSENSUS][PBFT]checkTimeout Succ,view=121769,toView=121770,nodeIdx=3,changeCycle=1,myNode=de0436d1...,timecost=0.695
info|2019-11-15 02:24:01.008279|[g:1][CONSENSUS][PBFT]checkAndChangeView: Reach consensus,org_view=121769,org_changeCycle=1,cur_changeCycle=1,to_view=121770
info|2019-11-15 02:24:02.011194|[g:1][CONSENSUS]addRawPrepare,height=1,reqIdx=2,hash=50c44364...
info|2019-11-15 02:24:02.011769|[g:1][CONSENSUS][PBFT]checkTimeout Succ,view=121770,toView=121771,nodeIdx=3,changeCycle=0,myNode=de0436d1...,timecost=0.449
info|2019-11-15 02:24:02.013198|[g:1][CONSENSUS][PBFT]checkAndChangeView: Reach consensus,org_view=121770,org_changeCycle=0,cur_changeCycle=0,to_view=121771
info|2019-11-15 02:24:03.014353|[g:1][CONSENSUS][SEALER]++++++++++++++++ Generating seal on,blkNum=1,tx=0,nodeIdx=3,hash=1209602d...
info|2019-11-15 02:24:03.016657|[g:1][CONSENSUS][PBFT]checkTimeout Succ,view=121771,toView=121772,nodeIdx=3,changeCycle=0,myNode=de0436d1...,timecost=0.363
info|2019-11-15 02:24:03.017276|[g:1][CONSENSUS][PBFT]checkAndChangeView: Reach consensus,org_view=121771,org_changeCycle=0,cur_changeCycle=0,to_view=121772
info|2019-11-15 02:24:04.018329|[g:1][CONSENSUS]addRawPrepare,height=1,reqIdx=0,hash=b4d16170...
info|2019-11-15 02:24:04.018812|[g:1][CONSENSUS][PBFT]checkTimeout Succ,view=121772,toView=121773,nodeIdx=3,changeCycle=0,myNode=de0436d1...,timecost=0.351
info|2019-11-15 02:24:04.020087|[g:1][CONSENSUS][PBFT]checkAndChangeView: Reach consensus,org_view=121772,org_changeCycle=0,cur_changeCycle=0,to_view=121773
info|2019-11-15 02:24:05.021327|[g:1][CONSENSUS]addRawPrepare,height=1,reqIdx=1,hash=4096e0eb...
info|2019-11-15 02:24:05.021799|[g:1][CONSENSUS][PBFT]checkTimeout Succ,view=121773,toView=121774,nodeIdx=3,changeCycle=0,myNode=de0436d1...,timecost=0.337
info|2019-11-15 02:24:05.022771|[g:1][CONSENSUS][PBFT]checkAndChangeView: Reach consensus,org_view=121773,org_changeCycle=0,cur_changeCycle=0,to_view=121774
info|2019-11-15 02:24:06.024716|[g:1][CONSENSUS]addRawPrepare,height=1,reqIdx=2,hash=17f1dfa8...
info|2019-11-15 02:24:06.025284|[g:1][CONSENSUS][PBFT]checkTimeout Succ,view=121774,toView=121775,nodeIdx=3,changeCycle=0,myNode=de0436d1...,timecost=0.448
info|2019-11-15 02:24:06.026938|[g:1][CONSENSUS][PBFT]checkAndChangeView: Reach consensus,org_view=121774,org_changeCycle=0,cur_changeCycle=0,to_view=121775
info|2019-11-15 02:24:07.026196|[g:1][CONSENSUS][SEALER]++++++++++++++++ Generating seal on,blkNum=1,tx=0,nodeIdx=3,hash=691dd95e...
info|2019-11-15 02:24:07.026798|[g:1][CONSENSUS][PBFT]checkTimeout Succ,view=121775,toView=121776,nodeIdx=3,changeCycle=0,myNode=de0436d1...,timecost=0.319
info|2019-11-15 02:24:07.028624|[g:1][CONSENSUS][PBFT]checkAndChangeView: Reach consensus,org_view=121775,org_changeCycle=0,cur_changeCycle=0,to_view=121776
info|2019-11-15 02:24:08.029698|[g:1][CONSENSUS]addRawPrepare,height=1,reqIdx=0,hash=51247e85...
info|2019-11-15 02:24:08.030294|[g:1][CONSENSUS][PBFT]checkTimeout Succ,view=121776,toView=121777,nodeIdx=3,changeCycle=0,myNode=de0436d1...,timecost=0.48
info|2019-11-15 02:24:08.031415|[g:1][CONSENSUS][PBFT]checkAndChangeView: Reach consensus,org_view=121776,org_changeCycle=0,cur_changeCycle=0,to_view=121777
info|2019-11-15 02:24:09.032735|[g:1][CONSENSUS]addRawPrepare,height=1,reqIdx=1,hash=0dbec6d8...
info|2019-11-15 02:24:09.033395|[g:1][CONSENSUS][PBFT]checkTimeout Succ,view=121777,toView=121778,nodeIdx=3,changeCycle=0,myNode=de0436d1...,timecost=0.529
info|2019-11-15 02:24:09.034808|[g:1][CONSENSUS][PBFT]checkAndChangeView: Reach consensus,org_view=121777,org_changeCycle=0,cur_changeCycle=0,to_view=121778
info|2019-11-15 02:24:10.037358|[g:1][CONSENSUS]addRawPrepare,height=1,reqIdx=2,hash=75f1b0fd...
info|2019-11-15 02:24:10.037963|[g:1][CONSENSUS][PBFT]checkTimeout Succ,view=121778,toView=121779,nodeIdx=3,changeCycle=0,myNode=de0436d1...,timecost=0.469
info|2019-11-15 02:24:10.039672|[g:1][CONSENSUS][PBFT]checkAndChangeView: Reach consensus,org_view=121778,org_changeCycle=0,cur_changeCycle=0,to_view=121779
info|2019-11-15 02:24:11.010895|[P2P][Service] heartBeat,connected count=3
info|2019-11-15 02:24:11.039899|[g:1][CONSENSUS][SEALER]++++++++++++++++ Generating seal on,blkNum=1,tx=0,nodeIdx=3,hash=2c81d873...
info|2019-11-15 02:24:11.041009|[g:1][CONSENSUS][PBFT]checkTimeout Succ,view=121779,toView=121780,nodeIdx=3,changeCycle=0,myNode=de0436d1...,timecost=0.628
info|2019-11-15 02:24:11.043638|[g:1][CONSENSUS][PBFT]checkAndChangeView: Reach consensus,org_view=121779,org_changeCycle=0,cur_changeCycle=0,to_view=121780
info|2019-11-15 02:24:12.046688|[g:1][CONSENSUS]addRawPrepare,height=1,reqIdx=0,hash=ee9dd7fe...
info|2019-11-15 02:24:12.047383|[g:1][CONSENSUS][PBFT]checkTimeout Succ,view=121780,toView=121781,nodeIdx=3,changeCycle=0,myNode=de0436d1...,timecost=0.567
info|2019-11-15 02:24:12.049010|[g:1][CONSENSUS][PBFT]checkAndChangeView: Reach consensus,org_view=121780,org_changeCycle=0,cur_changeCycle=0,to_view=121781
info|2019-11-15 02:24:13.050614|[g:1][CONSENSUS]addRawPrepare,height=1,reqIdx=1,hash=8e8c2103...
info|2019-11-15 02:24:13.051247|[g:1][CONSENSUS][PBFT]checkTimeout Succ,view=121781,toView=121782,nodeIdx=3,changeCycle=0,myNode=de0436d1...,timecost=0.489
info|2019-11-15 02:24:13.052699|[g:1][CONSENSUS][PBFT]checkAndChangeView: Reach consensus,org_view=121781,org_changeCycle=0,cur_changeCycle=0,to_view=121782
info|2019-11-15 02:24:14.054388|[g:1][CONSENSUS]addRawPrepare,height=1,reqIdx=2,hash=a699c7bc...
info|2019-11-15 02:24:14.054861|[g:1][CONSENSUS][PBFT]checkTimeout Succ,view=121782,toView=121783,nodeIdx=3,changeCycle=0,myNode=de0436d1...,timecost=0.353
info|2019-11-15 02:24:14.056122|[g:1][CONSENSUS][PBFT]checkAndChangeView: Reach consensus,org_view=121782,org_changeCycle=0,cur_changeCycle=0,to_view=121783
info|2019-11-15 02:24:15.057240|[g:1][CONSENSUS][SEALER]++++++++++++++++ Generating seal on,blkNum=1,tx=0,nodeIdx=3,hash=e43c0b1a...
info|2019-11-15 02:24:15.058220|[g:1][CONSENSUS][PBFT]checkTimeout Succ,view=121783,toView=121784,nodeIdx=3,changeCycle=0,myNode=de0436d1...,timecost=0.504
info|2019-11-15 02:24:15.060793|[g:1][CONSENSUS][PBFT]checkAndChangeView: Reach consensus,org_view=121783,org_changeCycle=0,cur_changeCycle=0,to_view=121784
info|2019-11-15 02:24:16.062380|[g:1][CONSENSUS]addRawPrepare,height=1,reqIdx=0,hash=6fd3ac20...
info|2019-11-15 02:24:16.063301|[g:1][CONSENSUS][PBFT]checkTimeout Succ,view=121784,toView=121785,nodeIdx=3,changeCycle=0,myNode=de0436d1...,timecost=0.795
info|2019-11-15 02:24:16.064987|[g:1][CONSENSUS][PBFT]checkAndChangeView: Reach consensus,org_view=121784,org_changeCycle=0,cur_changeCycle=0,to_view=121785
info|2019-11-15 02:24:17.067758|[g:1][CONSENSUS]addRawPrepare,height=1,reqIdx=1,hash=fb2e89b7...
info|2019-11-15 02:24:17.068466|[g:1][CONSENSUS][PBFT]checkTimeout Succ,view=121785,toView=121786,nodeIdx=3,changeCycle=0,myNode=de0436d1...,timecost=0.571
info|2019-11-15 02:24:17.070175|[g:1][CONSENSUS][PBFT]checkAndChangeView: Reach consensus,org_view=121785,org_changeCycle=0,cur_changeCycle=0,to_view=121786
info|2019-11-15 02:24:18.071229|[g:1][CONSENSUS]addRawPrepare,height=1,reqIdx=2,hash=94f31c1d...
info|2019-11-15 02:24:18.071942|[g:1][CONSENSUS][PBFT]checkTimeout Succ,view=121786,toView=121787,nodeIdx=3,changeCycle=0,myNode=de0436d1...,timecost=0.538
info|2019-11-15 02:24:18.073354|[g:1][CONSENSUS][PBFT]checkAndChangeView: Reach consensus,org_view=121786,org_changeCycle=0,cur_changeCycle=0,to_view=121787
info|2019-11-15 02:24:19.074626|[g:1][CONSENSUS][SEALER]++++++++++++++++ Generating seal on,blkNum=1,tx=0,nodeIdx=3,hash=13ed5aa7...
info|2019-11-15 02:24:19.075627|[g:1][CONSENSUS][PBFT]checkTimeout Succ,view=121787,toView=121788,nodeIdx=3,changeCycle=0,myNode=de0436d1...,timecost=0.524
info|2019-11-15 02:24:19.078138|[g:1][CONSENSUS][PBFT]checkAndChangeView: Reach consensus,org_view=121787,org_changeCycle=0,cur_changeCycle=0,to_view=121788
info|2019-11-15 02:24:20.079889|[g:1][CONSENSUS]addRawPrepare,height=1,reqIdx=0,hash=784caf85...
info|2019-11-15 02:24:20.080522|[g:1][CONSENSUS][PBFT]checkTimeout Succ,view=121788,toView=121789,nodeIdx=3,changeCycle=0,myNode=de0436d1...,timecost=0.501
info|2019-11-15 02:24:20.081886|[g:1][CONSENSUS][PBFT]checkAndChangeView: Reach consensus,org_view=121788,org_changeCycle=0,cur_changeCycle=0,to_view=121789
info|2019-11-15 02:24:21.013483|[P2P][Service] heartBeat,connected count=3
info|2019-11-15 02:24:21.084960|[g:1][CONSENSUS]addRawPrepare,height=1,reqIdx=1,hash=dc48b8a6...
info|2019-11-15 02:24:21.085990|[g:1][CONSENSUS][PBFT]checkTimeout Succ,view=121789,toView=121790,nodeIdx=3,changeCycle=0,myNode=de0436d1...,timecost=0.934
info|2019-11-15 02:24:21.087678|[g:1][CONSENSUS][PBFT]checkAndChangeView: Reach consensus,org_view=121789,org_changeCycle=0,cur_changeCycle=0,to_view=121790
info|2019-11-15 02:24:22.090018|[g:1][CONSENSUS]addRawPrepare,height=1,reqIdx=2,hash=8b2f8512...
info|2019-11-15 02:24:22.090672|[g:1][CONSENSUS][PBFT]checkTimeout Succ,view=121790,toView=121791,nodeIdx=3,changeCycle=0,myNode=de0436d1...,timecost=0.498
info|2019-11-15 02:24:22.092103|[g:1][CONSENSUS][PBFT]checkAndChangeView: Reach consensus,org_view=121790,org_changeCycle=0,cur_changeCycle=0,to_view=121791
info|2019-11-15 02:24:23.093642|[g:1][CONSENSUS][SEALER]++++++++++++++++ Generating seal on,blkNum=1,tx=0,nodeIdx=3,hash=a232695b...
info|2019-11-15 02:24:23.096944|[g:1][CONSENSUS][PBFT]checkTimeout Succ,view=121791,toView=121792,nodeIdx=3,changeCycle=0,myNode=de0436d1...,timecost=0.487
info|2019-11-15 02:24:23.097619|[g:1][CONSENSUS][PBFT]checkAndChangeView: Reach consensus,org_view=121791,org_changeCycle=0,cur_changeCycle=0,to_view=121792
info|2019-11-15 02:24:24.098337|[g:1][CONSENSUS]addRawPrepare,height=1,reqIdx=0,hash=d18bc01a...
info|2019-11-15 02:24:24.098760|[g:1][CONSENSUS][PBFT]checkTimeout Succ,view=121792,toView=121793,nodeIdx=3,changeCycle=0,myNode=de0436d1...,timecost=0.324
info|2019-11-15 02:24:24.099789|[g:1][CONSENSUS][PBFT]checkAndChangeView: Reach consensus,org_view=121792,org_changeCycle=0,cur_changeCycle=0,to_view=121793
info|2019-11-15 02:24:25.101521|[g:1][CONSENSUS]addRawPrepare,height=1,reqIdx=1,hash=124e5205...
info|2019-11-15 02:24:25.102111|[g:1][CONSENSUS][PBFT]checkTimeout Succ,view=121793,toView=121794,nodeIdx=3,changeCycle=0,myNode=de0436d1...,timecost=0.463
info|2019-11-15 02:24:25.103638|[g:1][CONSENSUS][PBFT]checkAndChangeView: Reach consensus,org_view=121793,org_changeCycle=0,cur_changeCycle=0,to_view=121794
info|2019-11-15 02:24:26.105488|[g:1][CONSENSUS]addRawPrepare,height=1,reqIdx=2,hash=33a0ca04...
info|2019-11-15 02:24:26.106128|[g:1][CONSENSUS][PBFT]checkTimeout Succ,view=121794,toView=121795,nodeIdx=3,changeCycle=0,myNode=de0436d1...,timecost=0.512
info|2019-11-15 02:24:26.107964|[g:1][CONSENSUS][PBFT]checkAndChangeView: Reach consensus,org_view=121794,org_changeCycle=0,cur_changeCycle=0,to_view=121795
info|2019-11-15 02:24:27.107665|[g:1][CONSENSUS][SEALER]++++++++++++++++ Generating seal on,blkNum=1,tx=0,nodeIdx=3,hash=cc272d45...
info|2019-11-15 02:24:27.108704|[g:1][CONSENSUS][PBFT]checkTimeout Succ,view=121795,toView=121796,nodeIdx=3,changeCycle=0,myNode=de0436d1...,timecost=0.523
info|2019-11-15 02:24:27.111469|[g:1][CONSENSUS][PBFT]checkAndChangeView: Reach consensus,org_view=121795,org_changeCycle=0,cur_changeCycle=0,to_view=121796
info|2019-11-15 02:24:28.113481|[g:1][CONSENSUS]addRawPrepare,height=1,reqIdx=0,hash=4bdcf06a...
info|2019-11-15 02:24:28.114197|[g:1][CONSENSUS][PBFT]checkTimeout Succ,view=121796,toView=121797,nodeIdx=3,changeCycle=0,myNode=de0436d1...,timecost=0.576
info|2019-11-15 02:24:28.115713|[g:1][CONSENSUS][PBFT]checkAndChangeView: Reach consensus,org_view=121796,org_changeCycle=0,cur_changeCycle=0,to_view=121797
info|2019-11-15 02:24:29.117877|[g:1][CONSENSUS]addRawPrepare,height=1,reqIdx=1,hash=9338541f...
info|2019-11-15 02:24:29.118514|[g:1][CONSENSUS][PBFT]checkTimeout Succ,view=121797,toView=121798,nodeIdx=3,changeCycle=0,myNode=de0436d1...,timecost=0.5
info|2019-11-15 02:24:29.120025|[g:1][CONSENSUS][PBFT]checkAndChangeView: Reach consensus,org_view=121797,org_changeCycle=0,cur_changeCycle=0,to_view=121798
info|2019-11-15 02:24:30.122484|[g:1][CONSENSUS]addRawPrepare,height=1,reqIdx=2,hash=7d8485a2...
info|2019-11-15 02:24:30.123214|[g:1][CONSENSUS][PBFT]checkTimeout Succ,view=121798,toView=121799,nodeIdx=3,changeCycle=0,myNode=de0436d1...,timecost=0.563
info|2019-11-15 02:24:30.124828|[g:1][CONSENSUS][PBFT]checkAndChangeView: Reach consensus,org_view=121798,org_changeCycle=0,cur_changeCycle=0,to_view=121799
info|2019-11-15 02:24:31.018091|[P2P][Service] heartBeat,connected count=3
info|2019-11-15 02:24:31.125595|[g:1][CONSENSUS][SEALER]++++++++++++++++ Generating seal on,blkNum=1,tx=0,nodeIdx=3,hash=05b4de3a...
info|2019-11-15 02:24:31.126738|[g:1][CONSENSUS][PBFT]checkTimeout Succ,view=121799,toView=121800,nodeIdx=3,changeCycle=0,myNode=de0436d1...,timecost=0.67
info|2019-11-15 02:24:31.129519|[g:1][CONSENSUS][PBFT]checkAndChangeView: Reach consensus,org_view=121799,org_changeCycle=0,cur_changeCycle=0,to_view=121800
info|2019-11-15 02:24:32.131696|[g:1][CONSENSUS]addRawPrepare,height=1,reqIdx=0,hash=b07452f3...
info|2019-11-15 02:24:32.132325|[g:1][CONSENSUS][PBFT]checkTimeout Succ,view=121800,toView=121801,nodeIdx=3,changeCycle=0,myNode=de0436d1...,timecost=0.462
info|2019-11-15 02:24:32.133708|[g:1][CONSENSUS][PBFT]checkAndChangeView: Reach consensus,org_view=121800,org_changeCycle=0,cur_changeCycle=0,to_view=121801
info|2019-11-15 02:24:33.136555|[g:1][CONSENSUS]addRawPrepare,height=1,reqIdx=1,hash=a874a0a6...
info|2019-11-15 02:24:33.137171|[g:1][CONSENSUS][PBFT]checkTimeout Succ,view=121801,toView=121802,nodeIdx=3,changeCycle=0,myNode=de0436d1...,timecost=0.475
info|2019-11-15 02:24:33.138706|[g:1][CONSENSUS][PBFT]checkAndChangeView: Reach consensus,org_view=121801,org_changeCycle=0,cur_changeCycle=0,to_view=121802
info|2019-11-15 02:24:34.140878|[g:1][CONSENSUS]addRawPrepare,height=1,reqIdx=2,hash=f7e8954e...
info|2019-11-15 02:24:34.141732|[g:1][CONSENSUS][PBFT]checkTimeout Succ,view=121802,toView=121803,nodeIdx=3,changeCycle=0,myNode=de0436d1...,timecost=0.715
info|2019-11-15 02:24:34.143546|[g:1][CONSENSUS][PBFT]checkAndChangeView: Reach consensus,org_view=121802,org_changeCycle=0,cur_changeCycle=0,to_view=121803
info|2019-11-15 02:24:35.144178|[g:1][CONSENSUS][SEALER]++++++++++++++++ Generating seal on,blkNum=1,tx=0,nodeIdx=3,hash=491b130d...
info|2019-11-15 02:24:35.145219|[g:1][CONSENSUS][PBFT]checkTimeout Succ,view=121803,toView=121804,nodeIdx=3,changeCycle=0,myNode=de0436d1...,timecost=0.585
info|2019-11-15 02:24:35.147789|[g:1][CONSENSUS][PBFT]checkAndChangeView: Reach consensus,org_view=121803,org_changeCycle=0,cur_changeCycle=0,to_view=121804
info|2019-11-15 02:24:36.150218|[g:1][CONSENSUS]addRawPrepare,height=1,reqIdx=0,hash=42f8b79a...
info|2019-11-15 02:24:36.151407|[g:1][CONSENSUS][PBFT]checkTimeout Succ,view=121804,toView=121805,nodeIdx=3,changeCycle=0,myNode=de0436d1...,timecost=1.057
info|2019-11-15 02:24:36.152954|[g:1][CONSENSUS][PBFT]checkAndChangeView: Reach consensus,org_view=121804,org_changeCycle=0,cur_changeCycle=0,to_view=121805
info|2019-11-15 02:24:37.153742|[g:1][CONSENSUS]addRawPrepare,height=1,reqIdx=1,hash=64601730...
info|2019-11-15 02:24:37.154385|[g:1][CONSENSUS][PBFT]checkTimeout Succ,view=121805,toView=121806,nodeIdx=3,changeCycle=0,myNode=de0436d1...,timecost=0.49
info|2019-11-15 02:24:37.155862|[g:1][CONSENSUS][PBFT]checkAndChangeView: Reach consensus,org_view=121805,org_changeCycle=0,cur_changeCycle=0,to_view=121806
info|2019-11-15 02:24:38.158239|[g:1][CONSENSUS]addRawPrepare,height=1,reqIdx=2,hash=0486ee08...
info|2019-11-15 02:24:38.158874|[g:1][CONSENSUS][PBFT]checkTimeout Succ,view=121806,toView=121807,nodeIdx=3,changeCycle=0,myNode=de0436d1...,timecost=0.492
info|2019-11-15 02:24:38.160339|[g:1][CONSENSUS][PBFT]checkAndChangeView: Reach consensus,org_view=121806,org_changeCycle=0,cur_changeCycle=0,to_view=121807
info|2019-11-15 02:24:39.160299|[g:1][CONSENSUS][SEALER]++++++++++++++++ Generating seal on,blkNum=1,tx=0,nodeIdx=3,hash=a10989ec...
info|2019-11-15 02:24:39.161265|[g:1][CONSENSUS][PBFT]checkTimeout Succ,view=121807,toView=121808,nodeIdx=3,changeCycle=0,myNode=de0436d1...,timecost=0.497
info|2019-11-15 02:24:39.163897|[g:1][CONSENSUS][PBFT]checkAndChangeView: Reach consensus,org_view=121807,org_changeCycle=0,cur_changeCycle=0,to_view=121808
info|2019-11-15 02:24:40.165785|[g:1][CONSENSUS]addRawPrepare,height=1,reqIdx=0,hash=92a48e05...
info|2019-11-15 02:24:40.166471|[g:1][CONSENSUS][PBFT]checkTimeout Succ,view=121808,toView=121809,nodeIdx=3,changeCycle=0,myNode=de0436d1...,timecost=0.49
info|2019-11-15 02:24:40.167913|[g:1][CONSENSUS][PBFT]checkAndChangeView: Reach consensus,org_view=121808,org_changeCycle=0,cur_changeCycle=0,to_view=121809
info|2019-11-15 02:24:41.024249|[P2P][Service] heartBeat,connected count=3
info|2019-11-15 02:24:41.168738|[g:1][CONSENSUS]addRawPrepare,height=1,reqIdx=1,hash=c22525de...
info|2019-11-15 02:24:41.169498|[g:1][CONSENSUS][PBFT]checkTimeout Succ,view=121809,toView=121810,nodeIdx=3,changeCycle=0,myNode=de0436d1...,timecost=0.629
info|2019-11-15 02:24:41.171442|[g:1][CONSENSUS][PBFT]checkAndChangeView: Reach consensus,org_view=121809,org_changeCycle=0,cur_changeCycle=0,to_view=121810
info|2019-11-15 02:24:42.173646|[g:1][CONSENSUS]addRawPrepare,height=1,reqIdx=2,hash=5cc3e724...
info|2019-11-15 02:24:42.174339|[g:1][CONSENSUS][PBFT]checkTimeout Succ,view=121810,toView=121811,nodeIdx=3,changeCycle=0,myNode=de0436d1...,timecost=0.526
info|2019-11-15 02:24:42.176106|[g:1][CONSENSUS][PBFT]checkAndChangeView: Reach consensus,org_view=121810,org_changeCycle=0,cur_changeCycle=0,to_view=121811
info|2019-11-15 02:24:43.177412|[g:1][CONSENSUS][SEALER]++++++++++++++++ Generating seal on,blkNum=1,tx=0,nodeIdx=3,hash=713d3de5...
info|2019-11-15 02:24:43.178051|[g:1][CONSENSUS][PBFT]checkTimeout Succ,view=121811,toView=121812,nodeIdx=3,changeCycle=0,myNode=de0436d1...,timecost=0.358
info|2019-11-15 02:24:43.179829|[g:1][CONSENSUS][PBFT]checkAndChangeView: Reach consensus,org_view=121811,org_changeCycle=0,cur_changeCycle=0,to_view=121812
info|2019-11-15 02:24:44.181714|[g:1][CONSENSUS]addRawPrepare,height=1,reqIdx=0,hash=515cedd7...
info|2019-11-15 02:24:44.182321|[g:1][CONSENSUS][PBFT]checkTimeout Succ,view=121812,toView=121813,nodeIdx=3,changeCycle=0,myNode=de0436d1...,timecost=0.438
info|2019-11-15 02:24:44.183720|[g:1][CONSENSUS][PBFT]checkAndChangeView: Reach consensus,org_view=121812,org_changeCycle=0,cur_changeCycle=0,to_view=121813
info|2019-11-15 02:24:45.185037|[g:1][CONSENSUS]addRawPrepare,height=1,reqIdx=1,hash=f8a90599...
info|2019-11-15 02:24:45.185773|[g:1][CONSENSUS][PBFT]checkTimeout Succ,view=121813,toView=121814,nodeIdx=3,changeCycle=0,myNode=de0436d1...,timecost=0.568
info|2019-11-15 02:24:45.187015|[g:1][CONSENSUS][PBFT]checkAndChangeView: Reach consensus,org_view=121813,org_changeCycle=0,cur_changeCycle=0,to_view=121814
info|2019-11-15 02:24:46.189314|[g:1][CONSENSUS]addRawPrepare,height=1,reqIdx=2,hash=b9813fdd...
info|2019-11-15 02:24:46.189977|[g:1][CONSENSUS][PBFT]checkTimeout Succ,view=121814,toView=121815,nodeIdx=3,changeCycle=0,myNode=de0436d1...,timecost=0.533
info|2019-11-15 02:24:46.191419|[g:1][CONSENSUS][PBFT]checkAndChangeView: Reach consensus,org_view=121814,org_changeCycle=0,cur_changeCycle=0,to_view=121815
info|2019-11-15 02:24:47.192781|[g:1][CONSENSUS][SEALER]++++++++++++++++ Generating seal on,blkNum=1,tx=0,nodeIdx=3,hash=0b5e18e6...
info|2019-11-15 02:24:47.196295|[g:1][CONSENSUS][PBFT]checkTimeout Succ,view=121815,toView=121816,nodeIdx=3,changeCycle=0,myNode=de0436d1...,timecost=0.56
info|2019-11-15 02:24:47.197099|[g:1][CONSENSUS][PBFT]checkAndChangeView: Reach consensus,org_view=121815,org_changeCycle=0,cur_changeCycle=0,to_view=121816
info|2019-11-15 02:24:48.197971|[g:1][CONSENSUS]addRawPrepare,height=1,reqIdx=0,hash=7fe7a29e...
info|2019-11-15 02:24:48.198600|[g:1][CONSENSUS][PBFT]checkTimeout Succ,view=121816,toView=121817,nodeIdx=3,changeCycle=0,myNode=de0436d1...,timecost=0.515
info|2019-11-15 02:24:48.200071|[g:1][CONSENSUS][PBFT]checkAndChangeView: Reach consensus,org_view=121816,org_changeCycle=0,cur_changeCycle=0,to_view=121817
info|2019-11-15 02:24:49.201878|[g:1][CONSENSUS]addRawPrepare,height=1,reqIdx=1,hash=e313211a...
info|2019-11-15 02:24:49.202546|[g:1][CONSENSUS][PBFT]checkTimeout Succ,view=121817,toView=121818,nodeIdx=3,changeCycle=0,myNode=de0436d1...,timecost=0.518
info|2019-11-15 02:24:49.204153|[g:1][CONSENSUS][PBFT]checkAndChangeView: Reach consensus,org_view=121817,org_changeCycle=0,cur_changeCycle=0,to_view=121818
info|2019-11-15 02:24:50.205767|[g:1][CONSENSUS]addRawPrepare,height=1,reqIdx=2,hash=82ca2a49...
info|2019-11-15 02:24:50.206450|[g:1][CONSENSUS][PBFT]checkTimeout Succ,view=121818,toView=121819,nodeIdx=3,changeCycle=0,myNode=de0436d1...,timecost=0.548
info|2019-11-15 02:24:50.208226|[g:1][CONSENSUS][PBFT]checkAndChangeView: Reach consensus,org_view=121818,org_changeCycle=0,cur_changeCycle=0,to_view=121819
info|2019-11-15 02:24:51.030855|[P2P][Service] heartBeat,connected count=3
info|2019-11-15 02:24:51.209565|[g:1][CONSENSUS][SEALER]++++++++++++++++ Generating seal on,blkNum=1,tx=0,nodeIdx=3,hash=a63d4415...
info|2019-11-15 02:24:51.213295|[g:1][CONSENSUS][PBFT]checkTimeout Succ,view=121819,toView=121820,nodeIdx=3,changeCycle=0,myNode=de0436d1...,timecost=0.474
info|2019-11-15 02:24:51.214147|[g:1][CONSENSUS][PBFT]checkAndChangeView: Reach consensus,org_view=121819,org_changeCycle=0,cur_changeCycle=0,to_view=121820
info|2019-11-15 02:24:52.215078|[g:1][CONSENSUS]addRawPrepare,height=1,reqIdx=0,hash=81b1e213...
info|2019-11-15 02:24:52.215750|[g:1][CONSENSUS][PBFT]checkTimeout Succ,view=121820,toView=121821,nodeIdx=3,changeCycle=0,myNode=de0436d1...,timecost=0.516
info|2019-11-15 02:24:52.217131|[g:1][CONSENSUS][PBFT]checkAndChangeView: Reach consensus,org_view=121820,org_changeCycle=0,cur_changeCycle=0,to_view=121821
info|2019-11-15 02:24:53.218513|[g:1][CONSENSUS]addRawPrepare,height=1,reqIdx=1,hash=0839b829...
info|2019-11-15 02:24:53.219176|[g:1][CONSENSUS][PBFT]checkTimeout Succ,view=121821,toView=121822,nodeIdx=3,changeCycle=0,myNode=de0436d1...,timecost=0.496
info|2019-11-15 02:24:53.220805|[g:1][CONSENSUS][PBFT]checkAndChangeView: Reach consensus,org_view=121821,org_changeCycle=0,cur_changeCycle=0,to_view=121822
info|2019-11-15 02:24:54.222154|[g:1][CONSENSUS]addRawPrepare,height=1,reqIdx=2,hash=dbb8955c...
info|2019-11-15 02:24:54.222678|[g:1][CONSENSUS][PBFT]checkTimeout Succ,view=121822,toView=121823,nodeIdx=3,changeCycle=0,myNode=de0436d1...,timecost=0.423
info|2019-11-15 02:24:54.223722|[g:1][CONSENSUS][PBFT]checkAndChangeView: Reach consensus,org_view=121822,org_changeCycle=0,cur_changeCycle=0,to_view=121823
info|2019-11-15 02:24:55.223606|[g:1][CONSENSUS][SEALER]++++++++++++++++ Generating seal on,blkNum=1,tx=0,nodeIdx=3,hash=f5938bd0...
info|2019-11-15 02:24:55.224585|[g:1][CONSENSUS][PBFT]checkTimeout Succ,view=121823,toView=121824,nodeIdx=3,changeCycle=0,myNode=de0436d1...,timecost=0.509
info|2019-11-15 02:24:55.227134|[g:1][CONSENSUS][PBFT]checkAndChangeView: Reach consensus,org_view=121823,org_changeCycle=0,cur_changeCycle=0,to_view=121824
info|2019-11-15 02:24:56.229115|[g:1][CONSENSUS]addRawPrepare,height=1,reqIdx=0,hash=1caf2d83...
info|2019-11-15 02:24:56.230229|[g:1][CONSENSUS][PBFT]checkTimeout Succ,view=121824,toView=121825,nodeIdx=3,changeCycle=0,myNode=de0436d1...,timecost=0.99
info|2019-11-15 02:24:56.232109|[g:1][CONSENSUS][PBFT]checkAndChangeView: Reach consensus,org_view=121824,org_changeCycle=0,cur_changeCycle=0,to_view=121825
info|2019-11-15 02:24:57.234463|[g:1][CONSENSUS]addRawPrepare,height=1,reqIdx=1,hash=976f076e...
info|2019-11-15 02:24:57.235154|[g:1][CONSENSUS][PBFT]checkTimeout Succ,view=121825,toView=121826,nodeIdx=3,changeCycle=0,myNode=de0436d1...,timecost=0.543
info|2019-11-15 02:24:57.236901|[g:1][CONSENSUS][PBFT]checkAndChangeView: Reach consensus,org_view=121825,org_changeCycle=0,cur_changeCycle=0,to_view=121826
info|2019-11-15 02:24:58.240043|[g:1][CONSENSUS]addRawPrepare,height=1,reqIdx=2,hash=1eeeb694...
info|2019-11-15 02:24:58.240690|[g:1][CONSENSUS][PBFT]checkTimeout Succ,view=121826,toView=121827,nodeIdx=3,changeCycle=0,myNode=de0436d1...,timecost=0.515
info|2019-11-15 02:24:58.242114|[g:1][CONSENSUS][PBFT]checkAndChangeView: Reach consensus,org_view=121826,org_changeCycle=0,cur_changeCycle=0,to_view=121827
info|2019-11-15 02:24:59.243180|[g:1][CONSENSUS][SEALER]++++++++++++++++ Generating seal on,blkNum=1,tx=0,nodeIdx=3,hash=c670da77...
info|2019-11-15 02:24:59.245928|[g:1][CONSENSUS][PBFT]checkTimeout Succ,view=121827,toView=121828,nodeIdx=3,changeCycle=0,myNode=de0436d1...,timecost=0.435
info|2019-11-15 02:24:59.247223|[g:1][CONSENSUS][PBFT]checkAndChangeView: Reach consensus,org_view=121827,org_changeCycle=0,cur_changeCycle=0,to_view=121828
info|2019-11-15 02:25:00.248523|[g:1][CONSENSUS]addRawPrepare,height=1,reqIdx=0,hash=20478e03...
info|2019-11-15 02:25:00.249169|[g:1][CONSENSUS][PBFT]checkTimeout Succ,view=121828,toView=121829,nodeIdx=3,changeCycle=0,myNode=de0436d1...,timecost=0.479
info|2019-11-15 02:25:00.250894|[g:1][CONSENSUS][PBFT]checkAndChangeView: Reach consensus,org_view=121828,org_changeCycle=0,cur_changeCycle=0,to_view=121829
info|2019-11-15 02:25:01.035766|[P2P][Service] heartBeat,connected count=3
info|2019-11-15 02:25:01.252844|[g:1][CONSENSUS]addRawPrepare,height=1,reqIdx=1,hash=6f7bf0d6...
info|2019-11-15 02:25:01.253460|[g:1][CONSENSUS][PBFT]checkTimeout Succ,view=121829,toView=121830,nodeIdx=3,changeCycle=0,myNode=de0436d1...,timecost=0.481
info|2019-11-15 02:25:01.255638|[g:1][CONSENSUS][PBFT]checkAndChangeView: Reach consensus,org_view=121829,org_changeCycle=0,cur_changeCycle=0,to_view=121830
info|2019-11-15 02:25:02.256549|[g:1][CONSENSUS]addRawPrepare,height=1,reqIdx=2,hash=68611427...
info|2019-11-15 02:25:02.257145|[g:1][CONSENSUS][PBFT]checkTimeout Succ,view=121830,toView=121831,nodeIdx=3,changeCycle=0,myNode=de0436d1...,timecost=0.452
info|2019-11-15 02:25:02.258947|[g:1][CONSENSUS][PBFT]checkAndChangeView: Reach consensus,org_view=121830,org_changeCycle=0,cur_changeCycle=0,to_view=121831
info|2019-11-15 02:25:03.258939|[g:1][CONSENSUS][SEALER]++++++++++++++++ Generating seal on,blkNum=1,tx=0,nodeIdx=3,hash=15a894b9...
info|2019-11-15 02:25:03.259919|[g:1][CONSENSUS][PBFT]checkTimeout Succ,view=121831,toView=121832,nodeIdx=3,changeCycle=0,myNode=de0436d1...,timecost=0.496
info|2019-11-15 02:25:03.262423|[g:1][CONSENSUS][PBFT]checkAndChangeView: Reach consensus,org_view=121831,org_changeCycle=0,cur_changeCycle=0,to_view=121832
info|2019-11-15 02:25:04.264130|[g:1][CONSENSUS]addRawPrepare,height=1,reqIdx=0,hash=40bc6370...
info|2019-11-15 02:25:04.264973|[g:1][CONSENSUS][PBFT]checkTimeout Succ,view=121832,toView=121833,nodeIdx=3,changeCycle=0,myNode=de0436d1...,timecost=0.601
info|2019-11-15 02:25:04.266317|[g:1][CONSENSUS][PBFT]checkAndChangeView: Reach consensus,org_view=121832,org_changeCycle=0,cur_changeCycle=0,to_view=121833
info|2019-11-15 02:25:05.267903|[g:1][CONSENSUS]addRawPrepare,height=1,reqIdx=1,hash=5125bc47...
info|2019-11-15 02:25:05.268542|[g:1][CONSENSUS][PBFT]checkTimeout Succ,view=121833,toView=121834,nodeIdx=3,changeCycle=0,myNode=de0436d1...,timecost=0.502
info|2019-11-15 02:25:05.270512|[g:1][CONSENSUS][PBFT]checkAndChangeView: Reach consensus,org_view=121833,org_changeCycle=0,cur_changeCycle=0,to_view=121834
info|2019-11-15 02:25:06.272453|[g:1][CONSENSUS]addRawPrepare,height=1,reqIdx=2,hash=815cc26f...
info|2019-11-15 02:25:06.273187|[g:1][CONSENSUS][PBFT]checkTimeout Succ,view=121834,toView=121835,nodeIdx=3,changeCycle=0,myNode=de0436d1...,timecost=0.605
info|2019-11-15 02:25:06.274960|[g:1][CONSENSUS][PBFT]checkAndChangeView: Reach consensus,org_view=121834,org_changeCycle=0,cur_changeCycle=0,to_view=121835
info|2019-11-15 02:25:07.274482|[g:1][CONSENSUS][SEALER]++++++++++++++++ Generating seal on,blkNum=1,tx=0,nodeIdx=3,hash=762e8530...
info|2019-11-15 02:25:07.275519|[g:1][CONSENSUS][PBFT]checkTimeout Succ,view=121835,toView=121836,nodeIdx=3,changeCycle=0,myNode=de0436d1...,timecost=0.554
info|2019-11-15 02:25:07.277833|[g:1][CONSENSUS][PBFT]checkAndChangeView: Reach consensus,org_view=121835,org_changeCycle=0,cur_changeCycle=0,to_view=121836
info|2019-11-15 02:25:08.280436|[g:1][CONSENSUS]addRawPrepare,height=1,reqIdx=0,hash=ee2c4c37...
info|2019-11-15 02:25:08.281109|[g:1][CONSENSUS][PBFT]checkTimeout Succ,view=121836,toView=121837,nodeIdx=3,changeCycle=0,myNode=de0436d1...,timecost=0.444
info|2019-11-15 02:25:08.282682|[g:1][CONSENSUS][PBFT]checkAndChangeView: Reach consensus,org_view=121836,org_changeCycle=0,cur_changeCycle=0,to_view=121837
info|2019-11-15 02:25:09.283813|[g:1][CONSENSUS]addRawPrepare,height=1,reqIdx=1,hash=851c20a1...
info|2019-11-15 02:25:09.284320|[g:1][CONSENSUS][PBFT]checkTimeout Succ,view=121837,toView=121838,nodeIdx=3,changeCycle=0,myNode=de0436d1...,timecost=0.343
info|2019-11-15 02:25:09.285344|[g:1][CONSENSUS][PBFT]checkAndChangeView: Reach consensus,org_view=121837,org_changeCycle=0,cur_changeCycle=0,to_view=121838
info|2019-11-15 02:25:10.287012|[g:1][CONSENSUS]addRawPrepare,height=1,reqIdx=2,hash=2eee782f...
info|2019-11-15 02:25:10.287704|[g:1][CONSENSUS][PBFT]checkTimeout Succ,view=121838,toView=121839,nodeIdx=3,changeCycle=0,myNode=de0436d1...,timecost=0.538
info|2019-11-15 02:25:10.289385|[g:1][CONSENSUS][PBFT]checkAndChangeView: Reach consensus,org_view=121838,org_changeCycle=0,cur_changeCycle=0,to_view=121839
info|2019-11-15 02:25:11.040455|[P2P][Service] heartBeat,connected count=3
info|2019-11-15 02:25:11.289760|[g:1][CONSENSUS][SEALER]++++++++++++++++ Generating seal on,blkNum=1,tx=0,nodeIdx=3,hash=df889226...
info|2019-11-15 02:25:11.293530|[g:1][CONSENSUS][PBFT]checkTimeout Succ,view=121839,toView=121840,nodeIdx=3,changeCycle=0,myNode=de0436d1...,timecost=0.526
info|2019-11-15 02:25:11.294260|[g:1][CONSENSUS][PBFT]checkAndChangeView: Reach consensus,org_view=121839,org_changeCycle=0,cur_changeCycle=0,to_view=121840
info|2019-11-15 02:25:12.295557|[g:1][CONSENSUS]addRawPrepare,height=1,reqIdx=0,hash=1ccd5596...
info|2019-11-15 02:25:12.296143|[g:1][CONSENSUS][PBFT]checkTimeout Succ,view=121840,toView=121841,nodeIdx=3,changeCycle=0,myNode=de0436d1...,timecost=0.448
info|2019-11-15 02:25:12.297760|[g:1][CONSENSUS][PBFT]checkAndChangeView: Reach consensus,org_view=121840,org_changeCycle=0,cur_changeCycle=0,to_view=121841
info|2019-11-15 02:25:13.299870|[g:1][CONSENSUS]addRawPrepare,height=1,reqIdx=1,hash=32c374bb...
info|2019-11-15 02:25:13.300579|[g:1][CONSENSUS][PBFT]checkTimeout Succ,view=121841,toView=121842,nodeIdx=3,changeCycle=0,myNode=de0436d1...,timecost=0.575
info|2019-11-15 02:25:13.302151|[g:1][CONSENSUS][PBFT]checkAndChangeView: Reach consensus,org_view=121841,org_changeCycle=0,cur_changeCycle=0,to_view=121842
