warning|2019-11-14 00:29:09.010479|[g:1][CONSENSUS][PBFT]ViewChangeWarning: not caused by omit empty block ,v=98540,toV=98541,curNum=0,hash=f72cae63...,nodeIdx=3,myNode=de0436d1...
info|2019-11-14 00:29:09.011137|[g:1][CONSENSUS][PBFT]checkTimeout Succ,view=98540,toView=98541,nodeIdx=3,changeCycle=1,myNode=de0436d1...,timecost=1.355
info|2019-11-14 00:29:09.011283|[P2P][Service] heartBeat,connected count=3
info|2019-11-14 00:29:09.013538|[g:1][CONSENSUS][PBFT]checkAndChangeView: Reach consensus,org_view=98540,org_changeCycle=1,cur_changeCycle=1,to_view=98541
info|2019-11-14 00:29:10.015766|[g:1][CONSENSUS]addRawPrepare,height=1,reqIdx=1,hash=14411549...
info|2019-11-14 00:29:10.016462|[g:1][CONSENSUS][PBFT]checkTimeout Succ,view=98541,toView=98542,nodeIdx=3,changeCycle=0,myNode=de0436d1...,timecost=0.51
info|2019-11-14 00:29:10.017594|[g:1][CONSENSUS][PBFT]checkAndChangeView: Reach consensus,org_view=98541,org_changeCycle=0,cur_changeCycle=0,to_view=98542
info|2019-11-14 00:29:11.018467|[g:1][CONSENSUS]addRawPrepare,height=1,reqIdx=2,hash=d134a712...
info|2019-11-14 00:29:11.019053|[g:1][CONSENSUS][PBFT]checkTimeout Succ,view=98542,toView=98543,nodeIdx=3,changeCycle=0,myNode=de0436d1...,timecost=0.468
info|2019-11-14 00:29:11.020230|[g:1][CONSENSUS][PBFT]checkAndChangeView: Reach consensus,org_view=98542,org_changeCycle=0,cur_changeCycle=0,to_view=98543
info|2019-11-14 00:29:12.021657|[g:1][CONSENSUS][SEALER]++++++++++++++++ Generating seal on,blkNum=1,tx=0,nodeIdx=3,hash=3342a436...
info|2019-11-14 00:29:12.024962|[g:1][CONSENSUS][PBFT]checkTimeout Succ,view=98543,toView=98544,nodeIdx=3,changeCycle=0,myNode=de0436d1...,timecost=0.519
info|2019-11-14 00:29:12.025760|[g:1][CONSENSUS][PBFT]checkAndChangeView: Reach consensus,org_view=98543,org_changeCycle=0,cur_changeCycle=0,to_view=98544
info|2019-11-14 00:29:13.026107|[g:1][CONSENSUS]addRawPrepare,height=1,reqIdx=0,hash=f44725fa...
info|2019-11-14 00:29:13.026590|[g:1][CONSENSUS][PBFT]checkTimeout Succ,view=98544,toView=98545,nodeIdx=3,changeCycle=0,myNode=de0436d1...,timecost=0.351
info|2019-11-14 00:29:13.027730|[g:1][CONSENSUS][PBFT]checkAndChangeView: Reach consensus,org_view=98544,org_changeCycle=0,cur_changeCycle=0,to_view=98545
info|2019-11-14 00:29:14.028617|[g:1][CONSENSUS]addRawPrepare,height=1,reqIdx=1,hash=9b46084d...
info|2019-11-14 00:29:14.029403|[g:1][CONSENSUS][PBFT]checkTimeout Succ,view=98545,toView=98546,nodeIdx=3,changeCycle=0,myNode=de0436d1...,timecost=0.621
info|2019-11-14 00:29:14.030976|[g:1][CONSENSUS][PBFT]checkAndChangeView: Reach consensus,org_view=98545,org_changeCycle=0,cur_changeCycle=0,to_view=98546
info|2019-11-14 00:29:15.031619|[g:1][CONSENSUS]addRawPrepare,height=1,reqIdx=2,hash=72e7a19c...
info|2019-11-14 00:29:15.032334|[g:1][CONSENSUS][PBFT]checkTimeout Succ,view=98546,toView=98547,nodeIdx=3,changeCycle=0,myNode=de0436d1...,timecost=0.548
info|2019-11-14 00:29:15.034390|[g:1][CONSENSUS][PBFT]checkAndChangeView: Reach consensus,org_view=98546,org_changeCycle=0,cur_changeCycle=0,to_view=98547
info|2019-11-14 00:29:16.034274|[g:1][CONSENSUS][SEALER]++++++++++++++++ Generating seal on,blkNum=1,tx=0,nodeIdx=3,hash=ee74320c...
info|2019-11-14 00:29:16.035116|[g:1][CONSENSUS][PBFT]checkTimeout Succ,view=98547,toView=98548,nodeIdx=3,changeCycle=0,myNode=de0436d1...,timecost=0.422
info|2019-11-14 00:29:16.038038|[g:1][CONSENSUS][PBFT]checkAndChangeView: Reach consensus,org_view=98547,org_changeCycle=0,cur_changeCycle=0,to_view=98548
info|2019-11-14 00:29:17.039594|[g:1][CONSENSUS]addRawPrepare,height=1,reqIdx=0,hash=94135d2f...
info|2019-11-14 00:29:17.040202|[g:1][CONSENSUS][PBFT]checkTimeout Succ,view=98548,toView=98549,nodeIdx=3,changeCycle=0,myNode=de0436d1...,timecost=0.478
info|2019-11-14 00:29:17.041817|[g:1][CONSENSUS][PBFT]checkAndChangeView: Reach consensus,org_view=98548,org_changeCycle=0,cur_changeCycle=0,to_view=98549
info|2019-11-14 00:29:18.043216|[g:1][CONSENSUS]addRawPrepare,height=1,reqIdx=1,hash=5ccc3e46...
info|2019-11-14 00:29:18.043888|[g:1][CONSENSUS][PBFT]checkTimeout Succ,view=98549,toView=98550,nodeIdx=3,changeCycle=0,myNode=de0436d1...,timecost=0.506
info|2019-11-14 00:29:18.045385|[g:1][CONSENSUS][PBFT]checkAndChangeView: Reach consensus,org_view=98549,org_changeCycle=0,cur_changeCycle=0,to_view=98550
info|2019-11-14 00:29:19.013354|[P2P][Service] heartBeat,connected count=3
info|2019-11-14 00:29:19.046834|[g:1][CONSENSUS]addRawPrepare,height=1,reqIdx=2,hash=d838aaa7...
info|2019-11-14 00:29:19.047516|[g:1][CONSENSUS][PBFT]checkTimeout Succ,view=98550,toView=98551,nodeIdx=3,changeCycle=0,myNode=de0436d1...,timecost=0.569
info|2019-11-14 00:29:19.049072|[g:1][CONSENSUS][PBFT]checkAndChangeView: Reach consensus,org_view=98550,org_changeCycle=0,cur_changeCycle=0,to_view=98551
info|2019-11-14 00:29:20.049347|[g:1][CONSENSUS][SEALER]++++++++++++++++ Generating seal on,blkNum=1,tx=0,nodeIdx=3,hash=f10546bd...
info|2019-11-14 00:29:20.051836|[g:1][CONSENSUS][PBFT]checkTimeout Succ,view=98551,toView=98552,nodeIdx=3,changeCycle=0,myNode=de0436d1...,timecost=0.427
info|2019-11-14 00:29:20.053140|[g:1][CONSENSUS][PBFT]checkAndChangeView: Reach consensus,org_view=98551,org_changeCycle=0,cur_changeCycle=0,to_view=98552
info|2019-11-14 00:29:21.054214|[g:1][CONSENSUS]addRawPrepare,height=1,reqIdx=0,hash=3980753e...
info|2019-11-14 00:29:21.054765|[g:1][CONSENSUS][PBFT]checkTimeout Succ,view=98552,toView=98553,nodeIdx=3,changeCycle=0,myNode=de0436d1...,timecost=0.356
info|2019-11-14 00:29:21.056194|[g:1][CONSENSUS][PBFT]checkAndChangeView: Reach consensus,org_view=98552,org_changeCycle=0,cur_changeCycle=0,to_view=98553
info|2019-11-14 00:29:22.058037|[g:1][CONSENSUS]addRawPrepare,height=1,reqIdx=1,hash=695c40a1...
info|2019-11-14 00:29:22.058810|[g:1][CONSENSUS][PBFT]checkTimeout Succ,view=98553,toView=98554,nodeIdx=3,changeCycle=0,myNode=de0436d1...,timecost=0.639
info|2019-11-14 00:29:22.060437|[g:1][CONSENSUS][PBFT]checkAndChangeView: Reach consensus,org_view=98553,org_changeCycle=0,cur_changeCycle=0,to_view=98554
info|2019-11-14 00:29:23.061839|[g:1][CONSENSUS]addRawPrepare,height=1,reqIdx=2,hash=d50a5024...
info|2019-11-14 00:29:23.062569|[g:1][CONSENSUS][PBFT]checkTimeout Succ,view=98554,toView=98555,nodeIdx=3,changeCycle=0,myNode=de0436d1...,timecost=0.566
info|2019-11-14 00:29:23.064300|[g:1][CONSENSUS][PBFT]checkAndChangeView: Reach consensus,org_view=98554,org_changeCycle=0,cur_changeCycle=0,to_view=98555
info|2019-11-14 00:29:24.064799|[g:1][CONSENSUS][SEALER]++++++++++++++++ Generating seal on,blkNum=1,tx=0,nodeIdx=3,hash=aba074b9...
info|2019-11-14 00:29:24.065968|[g:1][CONSENSUS][PBFT]checkTimeout Succ,view=98555,toView=98556,nodeIdx=3,changeCycle=0,myNode=de0436d1...,timecost=0.733
info|2019-11-14 00:29:24.068363|[g:1][CONSENSUS][PBFT]checkAndChangeView: Reach consensus,org_view=98555,org_changeCycle=0,cur_changeCycle=0,to_view=98556
info|2019-11-14 00:29:25.071024|[g:1][CONSENSUS]addRawPrepare,height=1,reqIdx=0,hash=74469e9a...
info|2019-11-14 00:29:25.071666|[g:1][CONSENSUS][PBFT]checkTimeout Succ,view=98556,toView=98557,nodeIdx=3,changeCycle=0,myNode=de0436d1...,timecost=0.407
info|2019-11-14 00:29:25.073036|[g:1][CONSENSUS][PBFT]checkAndChangeView: Reach consensus,org_view=98556,org_changeCycle=0,cur_changeCycle=0,to_view=98557
info|2019-11-14 00:29:26.075863|[g:1][CONSENSUS]addRawPrepare,height=1,reqIdx=1,hash=587a69a3...
info|2019-11-14 00:29:26.076556|[g:1][CONSENSUS][PBFT]checkTimeout Succ,view=98557,toView=98558,nodeIdx=3,changeCycle=0,myNode=de0436d1...,timecost=0.565
info|2019-11-14 00:29:26.078013|[g:1][CONSENSUS][PBFT]checkAndChangeView: Reach consensus,org_view=98557,org_changeCycle=0,cur_changeCycle=0,to_view=98558
info|2019-11-14 00:29:27.080759|[g:1][CONSENSUS]addRawPrepare,height=1,reqIdx=2,hash=7d8c4c91...
info|2019-11-14 00:29:27.081341|[g:1][CONSENSUS][PBFT]checkTimeout Succ,view=98558,toView=98559,nodeIdx=3,changeCycle=0,myNode=de0436d1...,timecost=0.416
info|2019-11-14 00:29:27.082857|[g:1][CONSENSUS][PBFT]checkAndChangeView: Reach consensus,org_view=98558,org_changeCycle=0,cur_changeCycle=0,to_view=98559
info|2019-11-14 00:29:28.082636|[g:1][CONSENSUS][SEALER]++++++++++++++++ Generating seal on,blkNum=1,tx=0,nodeIdx=3,hash=842787e6...
info|2019-11-14 00:29:28.084939|[g:1][CONSENSUS][PBFT]checkTimeout Succ,view=98559,toView=98560,nodeIdx=3,changeCycle=0,myNode=de0436d1...,timecost=0.364
info|2019-11-14 00:29:28.085589|[g:1][CONSENSUS][PBFT]checkAndChangeView: Reach consensus,org_view=98559,org_changeCycle=0,cur_changeCycle=0,to_view=98560
info|2019-11-14 00:29:29.020933|[P2P][Service] heartBeat,connected count=3
info|2019-11-14 00:29:29.087247|[g:1][CONSENSUS]addRawPrepare,height=1,reqIdx=0,hash=3c154094...
info|2019-11-14 00:29:29.088002|[g:1][CONSENSUS][PBFT]checkTimeout Succ,view=98560,toView=98561,nodeIdx=3,changeCycle=0,myNode=de0436d1...,timecost=0.595
info|2019-11-14 00:29:29.089817|[g:1][CONSENSUS][PBFT]checkAndChangeView: Reach consensus,org_view=98560,org_changeCycle=0,cur_changeCycle=0,to_view=98561
info|2019-11-14 00:29:30.090797|[g:1][CONSENSUS]addRawPrepare,height=1,reqIdx=1,hash=b9e8cb68...
info|2019-11-14 00:29:30.091434|[g:1][CONSENSUS][PBFT]checkTimeout Succ,view=98561,toView=98562,nodeIdx=3,changeCycle=0,myNode=de0436d1...,timecost=0.493
info|2019-11-14 00:29:30.092997|[g:1][CONSENSUS][PBFT]checkAndChangeView: Reach consensus,org_view=98561,org_changeCycle=0,cur_changeCycle=0,to_view=98562
info|2019-11-14 00:29:31.095365|[g:1][CONSENSUS]addRawPrepare,height=1,reqIdx=2,hash=9a0cfc5e...
info|2019-11-14 00:29:31.095985|[g:1][CONSENSUS][PBFT]checkTimeout Succ,view=98562,toView=98563,nodeIdx=3,changeCycle=0,myNode=de0436d1...,timecost=0.473
info|2019-11-14 00:29:31.097544|[g:1][CONSENSUS][PBFT]checkAndChangeView: Reach consensus,org_view=98562,org_changeCycle=0,cur_changeCycle=0,to_view=98563
info|2019-11-14 00:29:32.098409|[g:1][CONSENSUS][SEALER]++++++++++++++++ Generating seal on,blkNum=1,tx=0,nodeIdx=3,hash=6baa73da...
info|2019-11-14 00:29:32.100935|[g:1][CONSENSUS][PBFT]checkTimeout Succ,view=98563,toView=98564,nodeIdx=3,changeCycle=0,myNode=de0436d1...,timecost=0.4
info|2019-11-14 00:29:32.102298|[g:1][CONSENSUS][PBFT]checkAndChangeView: Reach consensus,org_view=98563,org_changeCycle=0,cur_changeCycle=0,to_view=98564
info|2019-11-14 00:29:33.102668|[g:1][CONSENSUS]addRawPrepare,height=1,reqIdx=0,hash=bffbbc13...
info|2019-11-14 00:29:33.103616|[g:1][CONSENSUS][PBFT]checkTimeout Succ,view=98564,toView=98565,nodeIdx=3,changeCycle=0,myNode=de0436d1...,timecost=0.771
info|2019-11-14 00:29:33.105171|[g:1][CONSENSUS][PBFT]checkAndChangeView: Reach consensus,org_view=98564,org_changeCycle=0,cur_changeCycle=0,to_view=98565
info|2019-11-14 00:29:34.105847|[g:1][CONSENSUS]addRawPrepare,height=1,reqIdx=1,hash=542fced6...
info|2019-11-14 00:29:34.107337|[g:1][CONSENSUS][PBFT]checkTimeout Succ,view=98565,toView=98566,nodeIdx=3,changeCycle=0,myNode=de0436d1...,timecost=1.359
info|2019-11-14 00:29:34.108987|[g:1][CONSENSUS][PBFT]checkAndChangeView: Reach consensus,org_view=98565,org_changeCycle=0,cur_changeCycle=0,to_view=98566
info|2019-11-14 00:29:35.110820|[g:1][CONSENSUS]addRawPrepare,height=1,reqIdx=2,hash=5e3543bb...
info|2019-11-14 00:29:35.111484|[g:1][CONSENSUS][PBFT]checkTimeout Succ,view=98566,toView=98567,nodeIdx=3,changeCycle=0,myNode=de0436d1...,timecost=0.554
info|2019-11-14 00:29:35.113056|[g:1][CONSENSUS][PBFT]checkAndChangeView: Reach consensus,org_view=98566,org_changeCycle=0,cur_changeCycle=0,to_view=98567
info|2019-11-14 00:29:36.114608|[g:1][CONSENSUS][SEALER]++++++++++++++++ Generating seal on,blkNum=1,tx=0,nodeIdx=3,hash=e09dded7...
info|2019-11-14 00:29:36.118006|[g:1][CONSENSUS][PBFT]checkTimeout Succ,view=98567,toView=98568,nodeIdx=3,changeCycle=0,myNode=de0436d1...,timecost=0.507
info|2019-11-14 00:29:36.118910|[g:1][CONSENSUS][PBFT]checkAndChangeView: Reach consensus,org_view=98567,org_changeCycle=0,cur_changeCycle=0,to_view=98568
info|2019-11-14 00:29:37.120148|[g:1][CONSENSUS]addRawPrepare,height=1,reqIdx=0,hash=51c0b78b...
info|2019-11-14 00:29:37.120841|[g:1][CONSENSUS][PBFT]checkTimeout Succ,view=98568,toView=98569,nodeIdx=3,changeCycle=0,myNode=de0436d1...,timecost=0.515
info|2019-11-14 00:29:37.122204|[g:1][CONSENSUS][PBFT]checkAndChangeView: Reach consensus,org_view=98568,org_changeCycle=0,cur_changeCycle=0,to_view=98569
info|2019-11-14 00:29:38.124413|[g:1][CONSENSUS]addRawPrepare,height=1,reqIdx=1,hash=c1e547ff...
info|2019-11-14 00:29:38.125258|[g:1][CONSENSUS][PBFT]checkTimeout Succ,view=98569,toView=98570,nodeIdx=3,changeCycle=0,myNode=de0436d1...,timecost=0.677
info|2019-11-14 00:29:38.126931|[g:1][CONSENSUS][PBFT]checkAndChangeView: Reach consensus,org_view=98569,org_changeCycle=0,cur_changeCycle=0,to_view=98570
info|2019-11-14 00:29:39.029413|[P2P][Service] heartBeat,connected count=3
info|2019-11-14 00:29:39.129192|[g:1][CONSENSUS]addRawPrepare,height=1,reqIdx=2,hash=21d59f3e...
info|2019-11-14 00:29:39.129947|[g:1][CONSENSUS][PBFT]checkTimeout Succ,view=98570,toView=98571,nodeIdx=3,changeCycle=0,myNode=de0436d1...,timecost=0.622
info|2019-11-14 00:29:39.131664|[g:1][CONSENSUS][PBFT]checkAndChangeView: Reach consensus,org_view=98570,org_changeCycle=0,cur_changeCycle=0,to_view=98571
info|2019-11-14 00:29:40.131585|[g:1][CONSENSUS][SEALER]++++++++++++++++ Generating seal on,blkNum=1,tx=0,nodeIdx=3,hash=0000e2e6...
info|2019-11-14 00:29:40.134711|[g:1][CONSENSUS][PBFT]checkTimeout Succ,view=98571,toView=98572,nodeIdx=3,changeCycle=0,myNode=de0436d1...,timecost=0.479
info|2019-11-14 00:29:40.135377|[g:1][CONSENSUS][PBFT]checkAndChangeView: Reach consensus,org_view=98571,org_changeCycle=0,cur_changeCycle=0,to_view=98572
info|2019-11-14 00:29:41.136303|[g:1][CONSENSUS]addRawPrepare,height=1,reqIdx=0,hash=92ff7158...
info|2019-11-14 00:29:41.137157|[g:1][CONSENSUS][PBFT]checkTimeout Succ,view=98572,toView=98573,nodeIdx=3,changeCycle=0,myNode=de0436d1...,timecost=0.581
info|2019-11-14 00:29:41.138485|[g:1][CONSENSUS][PBFT]checkAndChangeView: Reach consensus,org_view=98572,org_changeCycle=0,cur_changeCycle=0,to_view=98573
info|2019-11-14 00:29:42.141014|[g:1][CONSENSUS]addRawPrepare,height=1,reqIdx=1,hash=561b2203...
info|2019-11-14 00:29:42.141668|[g:1][CONSENSUS][PBFT]checkTimeout Succ,view=98573,toView=98574,nodeIdx=3,changeCycle=0,myNode=de0436d1...,timecost=0.481
info|2019-11-14 00:29:42.143560|[g:1][CONSENSUS][PBFT]checkAndChangeView: Reach consensus,org_view=98573,org_changeCycle=0,cur_changeCycle=0,to_view=98574
info|2019-11-14 00:29:43.145633|[g:1][CONSENSUS]addRawPrepare,height=1,reqIdx=2,hash=ee4f0603...
info|2019-11-14 00:29:43.146276|[g:1][CONSENSUS][PBFT]checkTimeout Succ,view=98574,toView=98575,nodeIdx=3,changeCycle=0,myNode=de0436d1...,timecost=0.491
info|2019-11-14 00:29:43.147659|[g:1][CONSENSUS][PBFT]checkAndChangeView: Reach consensus,org_view=98574,org_changeCycle=0,cur_changeCycle=0,to_view=98575
info|2019-11-14 00:29:44.148059|[g:1][CONSENSUS][SEALER]++++++++++++++++ Generating seal on,blkNum=1,tx=0,nodeIdx=3,hash=defcee6a...
info|2019-11-14 00:29:44.149207|[g:1][CONSENSUS][PBFT]checkTimeout Succ,view=98575,toView=98576,nodeIdx=3,changeCycle=0,myNode=de0436d1...,timecost=0.673
info|2019-11-14 00:29:44.152100|[g:1][CONSENSUS][PBFT]checkAndChangeView: Reach consensus,org_view=98575,org_changeCycle=0,cur_changeCycle=0,to_view=98576
info|2019-11-14 00:29:45.153717|[g:1][CONSENSUS]addRawPrepare,height=1,reqIdx=0,hash=bdfea59d...
info|2019-11-14 00:29:45.154266|[g:1][CONSENSUS][PBFT]checkTimeout Succ,view=98576,toView=98577,nodeIdx=3,changeCycle=0,myNode=de0436d1...,timecost=0.426
info|2019-11-14 00:29:45.155539|[g:1][CONSENSUS][PBFT]checkAndChangeView: Reach consensus,org_view=98576,org_changeCycle=0,cur_changeCycle=0,to_view=98577
info|2019-11-14 00:29:46.156877|[g:1][CONSENSUS]addRawPrepare,height=1,reqIdx=1,hash=10c59ea4...
info|2019-11-14 00:29:46.157487|[g:1][CONSENSUS][PBFT]checkTimeout Succ,view=98577,toView=98578,nodeIdx=3,changeCycle=0,myNode=de0436d1...,timecost=0.461
info|2019-11-14 00:29:46.159267|[g:1][CONSENSUS][PBFT]checkAndChangeView: Reach consensus,org_view=98577,org_changeCycle=0,cur_changeCycle=0,to_view=98578
info|2019-11-14 00:29:47.160271|[g:1][CONSENSUS]addRawPrepare,height=1,reqIdx=2,hash=d554ae4e...
info|2019-11-14 00:29:47.160967|[g:1][CONSENSUS][PBFT]checkTimeout Succ,view=98578,toView=98579,nodeIdx=3,changeCycle=0,myNode=de0436d1...,timecost=0.557
info|2019-11-14 00:29:47.162944|[g:1][CONSENSUS][PBFT]checkAndChangeView: Reach consensus,org_view=98578,org_changeCycle=0,cur_changeCycle=0,to_view=98579
info|2019-11-14 00:29:48.162224|[g:1][CONSENSUS][SEALER]++++++++++++++++ Generating seal on,blkNum=1,tx=0,nodeIdx=3,hash=5ac9cfcb...
info|2019-11-14 00:29:48.165373|[g:1][CONSENSUS][PBFT]checkTimeout Succ,view=98579,toView=98580,nodeIdx=3,changeCycle=0,myNode=de0436d1...,timecost=0.488
info|2019-11-14 00:29:48.166180|[g:1][CONSENSUS][PBFT]checkAndChangeView: Reach consensus,org_view=98579,org_changeCycle=0,cur_changeCycle=0,to_view=98580
info|2019-11-14 00:29:49.036324|[P2P][Service] heartBeat,connected count=3
info|2019-11-14 00:29:49.167246|[g:1][CONSENSUS]addRawPrepare,height=1,reqIdx=0,hash=2478f779...
info|2019-11-14 00:29:49.167899|[g:1][CONSENSUS][PBFT]checkTimeout Succ,view=98580,toView=98581,nodeIdx=3,changeCycle=0,myNode=de0436d1...,timecost=0.462
info|2019-11-14 00:29:49.169617|[g:1][CONSENSUS][PBFT]checkAndChangeView: Reach consensus,org_view=98580,org_changeCycle=0,cur_changeCycle=0,to_view=98581
info|2019-11-14 00:29:50.683601|[g:1][CONSENSUS]addRawPrepare,height=1,reqIdx=1,hash=fbb1930b...
info|2019-11-14 00:29:50.684163|[g:1][CONSENSUS][PBFT]checkTimeout Succ,view=98581,toView=98582,nodeIdx=3,changeCycle=0,myNode=de0436d1...,timecost=0.429
info|2019-11-14 00:29:50.685663|[g:1][CONSENSUS][PBFT]checkAndChangeView: Reach consensus,org_view=98581,org_changeCycle=0,cur_changeCycle=0,to_view=98582
info|2019-11-14 00:29:51.686964|[g:1][CONSENSUS]addRawPrepare,height=1,reqIdx=2,hash=29f13373...
info|2019-11-14 00:29:51.687459|[g:1][CONSENSUS][PBFT]checkTimeout Succ,view=98582,toView=98583,nodeIdx=3,changeCycle=0,myNode=de0436d1...,timecost=0.366
info|2019-11-14 00:29:51.688743|[g:1][CONSENSUS][PBFT]checkAndChangeView: Reach consensus,org_view=98582,org_changeCycle=0,cur_changeCycle=0,to_view=98583
info|2019-11-14 00:29:52.688288|[g:1][CONSENSUS][SEALER]++++++++++++++++ Generating seal on,blkNum=1,tx=0,nodeIdx=3,hash=8ec12f2d...
info|2019-11-14 00:29:52.691848|[g:1][CONSENSUS][PBFT]checkTimeout Succ,view=98583,toView=98584,nodeIdx=3,changeCycle=0,myNode=de0436d1...,timecost=0.56
info|2019-11-14 00:29:52.692544|[g:1][CONSENSUS][PBFT]checkAndChangeView: Reach consensus,org_view=98583,org_changeCycle=0,cur_changeCycle=0,to_view=98584
info|2019-11-14 00:29:53.692862|[g:1][CONSENSUS]addRawPrepare,height=1,reqIdx=0,hash=70c8ce96...
info|2019-11-14 00:29:53.693438|[g:1][CONSENSUS][PBFT]checkTimeout Succ,view=98584,toView=98585,nodeIdx=3,changeCycle=0,myNode=de0436d1...,timecost=0.459
info|2019-11-14 00:29:53.695009|[g:1][CONSENSUS][PBFT]checkAndChangeView: Reach consensus,org_view=98584,org_changeCycle=0,cur_changeCycle=0,to_view=98585
info|2019-11-14 00:29:54.697602|[g:1][CONSENSUS]addRawPrepare,height=1,reqIdx=1,hash=2cb53194...
info|2019-11-14 00:29:54.698245|[g:1][CONSENSUS][PBFT]checkTimeout Succ,view=98585,toView=98586,nodeIdx=3,changeCycle=0,myNode=de0436d1...,timecost=0.483
info|2019-11-14 00:29:54.699745|[g:1][CONSENSUS][PBFT]checkAndChangeView: Reach consensus,org_view=98585,org_changeCycle=0,cur_changeCycle=0,to_view=98586
info|2019-11-14 00:29:55.701456|[g:1][CONSENSUS]addRawPrepare,height=1,reqIdx=2,hash=955183f9...
info|2019-11-14 00:29:55.702130|[g:1][CONSENSUS][PBFT]checkTimeout Succ,view=98586,toView=98587,nodeIdx=3,changeCycle=0,myNode=de0436d1...,timecost=0.513
info|2019-11-14 00:29:55.703529|[g:1][CONSENSUS][PBFT]checkAndChangeView: Reach consensus,org_view=98586,org_changeCycle=0,cur_changeCycle=0,to_view=98587
info|2019-11-14 00:29:56.704583|[g:1][CONSENSUS][SEALER]++++++++++++++++ Generating seal on,blkNum=1,tx=0,nodeIdx=3,hash=91f9675b...
info|2019-11-14 00:29:56.705574|[g:1][CONSENSUS][PBFT]checkTimeout Succ,view=98587,toView=98588,nodeIdx=3,changeCycle=0,myNode=de0436d1...,timecost=0.503
info|2019-11-14 00:29:56.708170|[g:1][CONSENSUS][PBFT]checkAndChangeView: Reach consensus,org_view=98587,org_changeCycle=0,cur_changeCycle=0,to_view=98588
info|2019-11-14 00:29:57.708570|[g:1][CONSENSUS]addRawPrepare,height=1,reqIdx=0,hash=490139a8...
info|2019-11-14 00:29:57.709011|[g:1][CONSENSUS][PBFT]checkTimeout Succ,view=98588,toView=98589,nodeIdx=3,changeCycle=0,myNode=de0436d1...,timecost=0.348
info|2019-11-14 00:29:57.710358|[g:1][CONSENSUS][PBFT]checkAndChangeView: Reach consensus,org_view=98588,org_changeCycle=0,cur_changeCycle=0,to_view=98589
info|2019-11-14 00:29:58.712046|[g:1][CONSENSUS]addRawPrepare,height=1,reqIdx=1,hash=2d88c47d...
info|2019-11-14 00:29:58.712642|[g:1][CONSENSUS][PBFT]checkTimeout Succ,view=98589,toView=98590,nodeIdx=3,changeCycle=0,myNode=de0436d1...,timecost=0.435
info|2019-11-14 00:29:58.714163|[g:1][CONSENSUS][PBFT]checkAndChangeView: Reach consensus,org_view=98589,org_changeCycle=0,cur_changeCycle=0,to_view=98590
info|2019-11-14 00:29:59.045282|[P2P][Service] heartBeat,connected count=3
info|2019-11-14 00:29:59.716749|[g:1][CONSENSUS]addRawPrepare,height=1,reqIdx=2,hash=20ae37bf...
info|2019-11-14 00:29:59.717420|[g:1][CONSENSUS][PBFT]checkTimeout Succ,view=98590,toView=98591,nodeIdx=3,changeCycle=0,myNode=de0436d1...,timecost=0.534
info|2019-11-14 00:29:59.718887|[g:1][CONSENSUS][PBFT]checkAndChangeView: Reach consensus,org_view=98590,org_changeCycle=0,cur_changeCycle=0,to_view=98591
info|2019-11-14 00:30:00.719183|[g:1][CONSENSUS][SEALER]++++++++++++++++ Generating seal on,blkNum=1,tx=0,nodeIdx=3,hash=1f010c48...
info|2019-11-14 00:30:00.720066|[g:1][CONSENSUS][PBFT]checkTimeout Succ,view=98591,toView=98592,nodeIdx=3,changeCycle=0,myNode=de0436d1...,timecost=0.447
info|2019-11-14 00:30:00.722510|[g:1][CONSENSUS][PBFT]checkAndChangeView: Reach consensus,org_view=98591,org_changeCycle=0,cur_changeCycle=0,to_view=98592
info|2019-11-14 00:30:01.724558|[g:1][CONSENSUS]addRawPrepare,height=1,reqIdx=0,hash=379c70fc...
info|2019-11-14 00:30:01.725237|[g:1][CONSENSUS][PBFT]checkTimeout Succ,view=98592,toView=98593,nodeIdx=3,changeCycle=0,myNode=de0436d1...,timecost=0.492
info|2019-11-14 00:30:01.726522|[g:1][CONSENSUS][PBFT]checkAndChangeView: Reach consensus,org_view=98592,org_changeCycle=0,cur_changeCycle=0,to_view=98593
info|2019-11-14 00:30:02.728225|[g:1][CONSENSUS]addRawPrepare,height=1,reqIdx=1,hash=db7a88ea...
info|2019-11-14 00:30:02.728878|[g:1][CONSENSUS][PBFT]checkTimeout Succ,view=98593,toView=98594,nodeIdx=3,changeCycle=0,myNode=de0436d1...,timecost=0.515
info|2019-11-14 00:30:02.730379|[g:1][CONSENSUS][PBFT]checkAndChangeView: Reach consensus,org_view=98593,org_changeCycle=0,cur_changeCycle=0,to_view=98594
info|2019-11-14 00:30:03.732382|[g:1][CONSENSUS]addRawPrepare,height=1,reqIdx=2,hash=2e6bb204...
info|2019-11-14 00:30:03.733130|[g:1][CONSENSUS][PBFT]checkTimeout Succ,view=98594,toView=98595,nodeIdx=3,changeCycle=0,myNode=de0436d1...,timecost=0.576
info|2019-11-14 00:30:03.734552|[g:1][CONSENSUS][PBFT]checkAndChangeView: Reach consensus,org_view=98594,org_changeCycle=0,cur_changeCycle=0,to_view=98595
info|2019-11-14 00:30:04.734403|[g:1][CONSENSUS][SEALER]++++++++++++++++ Generating seal on,blkNum=1,tx=0,nodeIdx=3,hash=a32eaa23...
info|2019-11-14 00:30:04.736908|[g:1][CONSENSUS][PBFT]checkTimeout Succ,view=98595,toView=98596,nodeIdx=3,changeCycle=0,myNode=de0436d1...,timecost=0.447
info|2019-11-14 00:30:04.737559|[g:1][CONSENSUS][PBFT]checkAndChangeView: Reach consensus,org_view=98595,org_changeCycle=0,cur_changeCycle=0,to_view=98596
info|2019-11-14 00:30:05.738920|[g:1][CONSENSUS]addRawPrepare,height=1,reqIdx=0,hash=2a5728b9...
info|2019-11-14 00:30:05.739455|[g:1][CONSENSUS][PBFT]checkTimeout Succ,view=98596,toView=98597,nodeIdx=3,changeCycle=0,myNode=de0436d1...,timecost=0.409
info|2019-11-14 00:30:05.740783|[g:1][CONSENSUS][PBFT]checkAndChangeView: Reach consensus,org_view=98596,org_changeCycle=0,cur_changeCycle=0,to_view=98597
info|2019-11-14 00:30:06.741903|[g:1][CONSENSUS]addRawPrepare,height=1,reqIdx=1,hash=2fa397c4...
info|2019-11-14 00:30:06.742668|[g:1][CONSENSUS][PBFT]checkTimeout Succ,view=98597,toView=98598,nodeIdx=3,changeCycle=0,myNode=de0436d1...,timecost=0.619
info|2019-11-14 00:30:06.744229|[g:1][CONSENSUS][PBFT]checkAndChangeView: Reach consensus,org_view=98597,org_changeCycle=0,cur_changeCycle=0,to_view=98598
info|2019-11-14 00:30:07.746389|[g:1][CONSENSUS]addRawPrepare,height=1,reqIdx=2,hash=d59d3cdc...
info|2019-11-14 00:30:07.747020|[g:1][CONSENSUS][PBFT]checkTimeout Succ,view=98598,toView=98599,nodeIdx=3,changeCycle=0,myNode=de0436d1...,timecost=0.511
info|2019-11-14 00:30:07.748661|[g:1][CONSENSUS][PBFT]checkAndChangeView: Reach consensus,org_view=98598,org_changeCycle=0,cur_changeCycle=0,to_view=98599
info|2019-11-14 00:30:08.749591|[g:1][CONSENSUS][SEALER]++++++++++++++++ Generating seal on,blkNum=1,tx=0,nodeIdx=3,hash=be676d2c...
info|2019-11-14 00:30:08.750541|[g:1][CONSENSUS][PBFT]checkTimeout Succ,view=98599,toView=98600,nodeIdx=3,changeCycle=0,myNode=de0436d1...,timecost=0.511
info|2019-11-14 00:30:08.752750|[g:1][CONSENSUS][PBFT]checkAndChangeView: Reach consensus,org_view=98599,org_changeCycle=0,cur_changeCycle=0,to_view=98600
info|2019-11-14 00:30:09.049872|[P2P][Service] heartBeat,connected count=3
info|2019-11-14 00:30:09.754043|[g:1][CONSENSUS]addRawPrepare,height=1,reqIdx=0,hash=3f5e8300...
info|2019-11-14 00:30:09.754494|[g:1][CONSENSUS][PBFT]checkTimeout Succ,view=98600,toView=98601,nodeIdx=3,changeCycle=0,myNode=de0436d1...,timecost=0.361
info|2019-11-14 00:30:09.755743|[g:1][CONSENSUS][PBFT]checkAndChangeView: Reach consensus,org_view=98600,org_changeCycle=0,cur_changeCycle=0,to_view=98601
info|2019-11-14 00:30:10.757449|[g:1][CONSENSUS]addRawPrepare,height=1,reqIdx=1,hash=f4e80667...
info|2019-11-14 00:30:10.758179|[g:1][CONSENSUS][PBFT]checkTimeout Succ,view=98601,toView=98602,nodeIdx=3,changeCycle=0,myNode=de0436d1...,timecost=0.603
info|2019-11-14 00:30:10.759620|[g:1][CONSENSUS][PBFT]checkAndChangeView: Reach consensus,org_view=98601,org_changeCycle=0,cur_changeCycle=0,to_view=98602
info|2019-11-14 00:30:11.761056|[g:1][CONSENSUS]addRawPrepare,height=1,reqIdx=2,hash=a416bd09...
info|2019-11-14 00:30:11.761659|[g:1][CONSENSUS][PBFT]checkTimeout Succ,view=98602,toView=98603,nodeIdx=3,changeCycle=0,myNode=de0436d1...,timecost=0.446
info|2019-11-14 00:30:11.762738|[g:1][CONSENSUS][PBFT]checkAndChangeView: Reach consensus,org_view=98602,org_changeCycle=0,cur_changeCycle=0,to_view=98603
info|2019-11-14 00:30:12.763174|[g:1][CONSENSUS][SEALER]++++++++++++++++ Generating seal on,blkNum=1,tx=0,nodeIdx=3,hash=559a80d5...
info|2019-11-14 00:30:12.764228|[g:1][CONSENSUS][PBFT]checkTimeout Succ,view=98603,toView=98604,nodeIdx=3,changeCycle=0,myNode=de0436d1...,timecost=0.579
info|2019-11-14 00:30:12.766732|[g:1][CONSENSUS][PBFT]checkAndChangeView: Reach consensus,org_view=98603,org_changeCycle=0,cur_changeCycle=0,to_view=98604
info|2019-11-14 00:30:13.769258|[g:1][CONSENSUS]addRawPrepare,height=1,reqIdx=0,hash=60eeaac8...
info|2019-11-14 00:30:13.769865|[g:1][CONSENSUS][PBFT]checkTimeout Succ,view=98604,toView=98605,nodeIdx=3,changeCycle=0,myNode=de0436d1...,timecost=0.478
info|2019-11-14 00:30:13.771398|[g:1][CONSENSUS][PBFT]checkAndChangeView: Reach consensus,org_view=98604,org_changeCycle=0,cur_changeCycle=0,to_view=98605
info|2019-11-14 00:30:14.772379|[g:1][CONSENSUS]addRawPrepare,height=1,reqIdx=1,hash=c5ef96b5...
info|2019-11-14 00:30:14.772932|[g:1][CONSENSUS][PBFT]checkTimeout Succ,view=98605,toView=98606,nodeIdx=3,changeCycle=0,myNode=de0436d1...,timecost=0.443
info|2019-11-14 00:30:14.774299|[g:1][CONSENSUS][PBFT]checkAndChangeView: Reach consensus,org_view=98605,org_changeCycle=0,cur_changeCycle=0,to_view=98606
info|2019-11-14 00:30:15.776191|[g:1][CONSENSUS]addRawPrepare,height=1,reqIdx=2,hash=c60e6f52...
info|2019-11-14 00:30:15.776638|[g:1][CONSENSUS][PBFT]checkTimeout Succ,view=98606,toView=98607,nodeIdx=3,changeCycle=0,myNode=de0436d1...,timecost=0.344
info|2019-11-14 00:30:15.778053|[g:1][CONSENSUS][PBFT]checkAndChangeView: Reach consensus,org_view=98606,org_changeCycle=0,cur_changeCycle=0,to_view=98607
info|2019-11-14 00:30:16.779019|[g:1][CONSENSUS][SEALER]++++++++++++++++ Generating seal on,blkNum=1,tx=0,nodeIdx=3,hash=6b72fa2a...
info|2019-11-14 00:30:16.779836|[g:1][CONSENSUS][PBFT]checkTimeout Succ,view=98607,toView=98608,nodeIdx=3,changeCycle=0,myNode=de0436d1...,timecost=0.4
info|2019-11-14 00:30:16.782673|[g:1][CONSENSUS][PBFT]checkAndChangeView: Reach consensus,org_view=98607,org_changeCycle=0,cur_changeCycle=0,to_view=98608
