warning|2019-12-13 08:02:02.002366|[g:1][CONSENSUS][PBFT]ViewChangeWarning: not caused by omit empty block ,v=359,toV=360,curNum=68,hash=685b9589...,nodeIdx=3,myNode=de0436d1...
info|2019-12-13 08:02:02.002523|[g:1][CONSENSUS][PBFT]checkTimeout Succ,view=359,toView=360,nodeIdx=3,changeCycle=1,myNode=de0436d1...,timecost=0.58
info|2019-12-13 08:02:02.002924|[P2P][Service] heartBeat,connected count=3
info|2019-12-13 08:02:02.008771|[g:1][CONSENSUS][PBFT]checkAndChangeView: Reach consensus,org_view=359,org_changeCycle=1,cur_changeCycle=1,to_view=360
info|2019-12-13 08:02:03.009329|[g:1][CONSENSUS]addRawPrepare,height=69,reqIdx=0,hash=11d3e16d...
info|2019-12-13 08:02:03.009852|[g:1][CONSENSUS][PBFT]checkTimeout Succ,view=360,toView=361,nodeIdx=3,changeCycle=0,myNode=de0436d1...,timecost=0.428
info|2019-12-13 08:02:03.011100|[g:1][CONSENSUS][PBFT]checkAndChangeView: Reach consensus,org_view=360,org_changeCycle=0,cur_changeCycle=0,to_view=361
info|2019-12-13 08:02:04.012640|[g:1][CONSENSUS]addRawPrepare,height=69,reqIdx=1,hash=1ef9d9e1...
info|2019-12-13 08:02:04.013281|[g:1][CONSENSUS][PBFT]checkTimeout Succ,view=361,toView=362,nodeIdx=3,changeCycle=0,myNode=de0436d1...,timecost=0.487
info|2019-12-13 08:02:04.014876|[g:1][CONSENSUS][PBFT]checkAndChangeView: Reach consensus,org_view=361,org_changeCycle=0,cur_changeCycle=0,to_view=362
info|2019-12-13 08:02:05.017167|[g:1][CONSENSUS]addRawPrepare,height=69,reqIdx=2,hash=ace755a3...
info|2019-12-13 08:02:05.017714|[g:1][CONSENSUS][PBFT]checkTimeout Succ,view=362,toView=363,nodeIdx=3,changeCycle=0,myNode=de0436d1...,timecost=0.404
info|2019-12-13 08:02:05.018803|[g:1][CONSENSUS][PBFT]checkAndChangeView: Reach consensus,org_view=362,org_changeCycle=0,cur_changeCycle=0,to_view=363
info|2019-12-13 08:02:06.018212|[g:1][CONSENSUS][SEALER]++++++++++++++++ Generating seal on,blkNum=69,tx=0,nodeIdx=3,hash=50b74e14...
info|2019-12-13 08:02:06.021194|[g:1][CONSENSUS][PBFT]checkTimeout Succ,view=363,toView=364,nodeIdx=3,changeCycle=0,myNode=de0436d1...,timecost=0.515
info|2019-12-13 08:02:06.021898|[g:1][CONSENSUS][PBFT]checkAndChangeView: Reach consensus,org_view=363,org_changeCycle=0,cur_changeCycle=0,to_view=364
info|2019-12-13 08:02:07.023253|[g:1][CONSENSUS]addRawPrepare,height=69,reqIdx=0,hash=db652e48...
info|2019-12-13 08:02:07.024464|[g:1][CONSENSUS][PBFT]checkTimeout Succ,view=364,toView=365,nodeIdx=3,changeCycle=0,myNode=de0436d1...,timecost=0.967
info|2019-12-13 08:02:07.025884|[g:1][CONSENSUS][PBFT]checkAndChangeView: Reach consensus,org_view=364,org_changeCycle=0,cur_changeCycle=0,to_view=365
info|2019-12-13 08:02:08.026482|[g:1][CONSENSUS]addRawPrepare,height=69,reqIdx=1,hash=7f1a949d...
info|2019-12-13 08:02:08.026972|[g:1][CONSENSUS][PBFT]checkTimeout Succ,view=365,toView=366,nodeIdx=3,changeCycle=0,myNode=de0436d1...,timecost=0.378
info|2019-12-13 08:02:08.028426|[g:1][CONSENSUS][PBFT]checkAndChangeView: Reach consensus,org_view=365,org_changeCycle=0,cur_changeCycle=0,to_view=366
info|2019-12-13 08:02:09.029762|[g:1][CONSENSUS]addRawPrepare,height=69,reqIdx=2,hash=0be5a633...
info|2019-12-13 08:02:09.030419|[g:1][CONSENSUS][PBFT]checkTimeout Succ,view=366,toView=367,nodeIdx=3,changeCycle=0,myNode=de0436d1...,timecost=0.48
info|2019-12-13 08:02:09.032300|[g:1][CONSENSUS][PBFT]checkAndChangeView: Reach consensus,org_view=366,org_changeCycle=0,cur_changeCycle=0,to_view=367
info|2019-12-13 08:02:10.032369|[g:1][CONSENSUS][SEALER]++++++++++++++++ Generating seal on,blkNum=69,tx=0,nodeIdx=3,hash=fbc8e0f4...
info|2019-12-13 08:02:10.033107|[g:1][CONSENSUS][PBFT]checkTimeout Succ,view=367,toView=368,nodeIdx=3,changeCycle=0,myNode=de0436d1...,timecost=0.349
info|2019-12-13 08:02:10.035528|[g:1][CONSENSUS][PBFT]checkAndChangeView: Reach consensus,org_view=367,org_changeCycle=0,cur_changeCycle=0,to_view=368
info|2019-12-13 08:02:11.037475|[g:1][CONSENSUS]addRawPrepare,height=69,reqIdx=0,hash=8996e58b...
info|2019-12-13 08:02:11.038096|[g:1][CONSENSUS][PBFT]checkTimeout Succ,view=368,toView=369,nodeIdx=3,changeCycle=0,myNode=de0436d1...,timecost=0.471
info|2019-12-13 08:02:11.039686|[g:1][CONSENSUS][PBFT]checkAndChangeView: Reach consensus,org_view=368,org_changeCycle=0,cur_changeCycle=0,to_view=369
info|2019-12-13 08:02:12.007550|[P2P][Service] heartBeat,connected count=3
info|2019-12-13 08:02:12.040642|[g:1][CONSENSUS]addRawPrepare,height=69,reqIdx=1,hash=69b75fd3...
info|2019-12-13 08:02:12.041272|[g:1][CONSENSUS][PBFT]checkTimeout Succ,view=369,toView=370,nodeIdx=3,changeCycle=0,myNode=de0436d1...,timecost=0.533
info|2019-12-13 08:02:12.042667|[g:1][CONSENSUS][PBFT]checkAndChangeView: Reach consensus,org_view=369,org_changeCycle=0,cur_changeCycle=0,to_view=370
info|2019-12-13 08:02:13.043802|[g:1][CONSENSUS]addRawPrepare,height=69,reqIdx=2,hash=7df3f10d...
info|2019-12-13 08:02:13.044300|[g:1][CONSENSUS][PBFT]checkTimeout Succ,view=370,toView=371,nodeIdx=3,changeCycle=0,myNode=de0436d1...,timecost=0.361
info|2019-12-13 08:02:13.045520|[g:1][CONSENSUS][PBFT]checkAndChangeView: Reach consensus,org_view=370,org_changeCycle=0,cur_changeCycle=0,to_view=371
info|2019-12-13 08:02:14.045140|[g:1][CONSENSUS][SEALER]++++++++++++++++ Generating seal on,blkNum=69,tx=0,nodeIdx=3,hash=25eddb43...
info|2019-12-13 08:02:14.045794|[g:1][CONSENSUS][PBFT]checkTimeout Succ,view=371,toView=372,nodeIdx=3,changeCycle=0,myNode=de0436d1...,timecost=0.344
info|2019-12-13 08:02:14.047991|[g:1][CONSENSUS][PBFT]checkAndChangeView: Reach consensus,org_view=371,org_changeCycle=0,cur_changeCycle=0,to_view=372
info|2019-12-13 08:02:15.048833|[g:1][CONSENSUS]addRawPrepare,height=69,reqIdx=0,hash=0713e39e...
info|2019-12-13 08:02:15.049458|[g:1][CONSENSUS][PBFT]checkTimeout Succ,view=372,toView=373,nodeIdx=3,changeCycle=0,myNode=de0436d1...,timecost=0.494
info|2019-12-13 08:02:15.050890|[g:1][CONSENSUS][PBFT]checkAndChangeView: Reach consensus,org_view=372,org_changeCycle=0,cur_changeCycle=0,to_view=373
info|2019-12-13 08:02:16.051391|[g:1][CONSENSUS]addRawPrepare,height=69,reqIdx=1,hash=673ea6b2...
info|2019-12-13 08:02:16.052001|[g:1][CONSENSUS][PBFT]checkTimeout Succ,view=373,toView=374,nodeIdx=3,changeCycle=0,myNode=de0436d1...,timecost=0.523
info|2019-12-13 08:02:16.053211|[g:1][CONSENSUS][PBFT]checkAndChangeView: Reach consensus,org_view=373,org_changeCycle=0,cur_changeCycle=0,to_view=374
info|2019-12-13 08:02:17.054906|[g:1][CONSENSUS]addRawPrepare,height=69,reqIdx=2,hash=f627f16a...
info|2019-12-13 08:02:17.055785|[g:1][CONSENSUS][PBFT]checkTimeout Succ,view=374,toView=375,nodeIdx=3,changeCycle=0,myNode=de0436d1...,timecost=0.755
info|2019-12-13 08:02:17.057349|[g:1][CONSENSUS][PBFT]checkAndChangeView: Reach consensus,org_view=374,org_changeCycle=0,cur_changeCycle=0,to_view=375
info|2019-12-13 08:02:18.057947|[g:1][CONSENSUS][SEALER]++++++++++++++++ Generating seal on,blkNum=69,tx=0,nodeIdx=3,hash=2bacc09b...
info|2019-12-13 08:02:18.061226|[g:1][CONSENSUS][PBFT]checkTimeout Succ,view=375,toView=376,nodeIdx=3,changeCycle=0,myNode=de0436d1...,timecost=0.481
info|2019-12-13 08:02:18.061961|[g:1][CONSENSUS][PBFT]checkAndChangeView: Reach consensus,org_view=375,org_changeCycle=0,cur_changeCycle=0,to_view=376
info|2019-12-13 08:02:19.063963|[g:1][CONSENSUS]addRawPrepare,height=69,reqIdx=0,hash=4891436d...
info|2019-12-13 08:02:19.064560|[g:1][CONSENSUS][PBFT]checkTimeout Succ,view=376,toView=377,nodeIdx=3,changeCycle=0,myNode=de0436d1...,timecost=0.478
info|2019-12-13 08:02:19.066114|[g:1][CONSENSUS][PBFT]checkAndChangeView: Reach consensus,org_view=376,org_changeCycle=0,cur_changeCycle=0,to_view=377
info|2019-12-13 08:02:20.068042|[g:1][CONSENSUS]addRawPrepare,height=69,reqIdx=1,hash=f696f815...
info|2019-12-13 08:02:20.068730|[g:1][CONSENSUS][PBFT]checkTimeout Succ,view=377,toView=378,nodeIdx=3,changeCycle=0,myNode=de0436d1...,timecost=0.543
info|2019-12-13 08:02:20.070361|[g:1][CONSENSUS][PBFT]checkAndChangeView: Reach consensus,org_view=377,org_changeCycle=0,cur_changeCycle=0,to_view=378
info|2019-12-13 08:02:21.072082|[g:1][CONSENSUS]addRawPrepare,height=69,reqIdx=2,hash=d68a254b...
info|2019-12-13 08:02:21.072582|[g:1][CONSENSUS][PBFT]checkTimeout Succ,view=378,toView=379,nodeIdx=3,changeCycle=0,myNode=de0436d1...,timecost=0.407
info|2019-12-13 08:02:21.073658|[g:1][CONSENSUS][PBFT]checkAndChangeView: Reach consensus,org_view=378,org_changeCycle=0,cur_changeCycle=0,to_view=379
info|2019-12-13 08:02:22.008515|[P2P][Service] heartBeat,connected count=3
info|2019-12-13 08:02:22.074015|[g:1][CONSENSUS][SEALER]++++++++++++++++ Generating seal on,blkNum=69,tx=0,nodeIdx=3,hash=ae574c5d...
info|2019-12-13 08:02:22.075071|[g:1][CONSENSUS][PBFT]checkTimeout Succ,view=379,toView=380,nodeIdx=3,changeCycle=0,myNode=de0436d1...,timecost=0.59
info|2019-12-13 08:02:22.077649|[g:1][CONSENSUS][PBFT]checkAndChangeView: Reach consensus,org_view=379,org_changeCycle=0,cur_changeCycle=0,to_view=380
info|2019-12-13 08:02:23.079415|[g:1][CONSENSUS]addRawPrepare,height=69,reqIdx=0,hash=c6750af0...
info|2019-12-13 08:02:23.079838|[g:1][CONSENSUS][PBFT]checkTimeout Succ,view=380,toView=381,nodeIdx=3,changeCycle=0,myNode=de0436d1...,timecost=0.311
info|2019-12-13 08:02:23.080990|[g:1][CONSENSUS][PBFT]checkAndChangeView: Reach consensus,org_view=380,org_changeCycle=0,cur_changeCycle=0,to_view=381
info|2019-12-13 08:02:24.082481|[g:1][CONSENSUS]addRawPrepare,height=69,reqIdx=1,hash=a5973b1c...
info|2019-12-13 08:02:24.083118|[g:1][CONSENSUS][PBFT]checkTimeout Succ,view=381,toView=382,nodeIdx=3,changeCycle=0,myNode=de0436d1...,timecost=0.453
info|2019-12-13 08:02:24.084359|[g:1][CONSENSUS][PBFT]checkAndChangeView: Reach consensus,org_view=381,org_changeCycle=0,cur_changeCycle=0,to_view=382
info|2019-12-13 08:02:25.086369|[g:1][CONSENSUS]addRawPrepare,height=69,reqIdx=2,hash=c71f512b...
info|2019-12-13 08:02:25.087137|[g:1][CONSENSUS][PBFT]checkTimeout Succ,view=382,toView=383,nodeIdx=3,changeCycle=0,myNode=de0436d1...,timecost=0.549
info|2019-12-13 08:02:25.088612|[g:1][CONSENSUS][PBFT]checkAndChangeView: Reach consensus,org_view=382,org_changeCycle=0,cur_changeCycle=0,to_view=383
info|2019-12-13 08:02:26.088927|[g:1][CONSENSUS][SEALER]++++++++++++++++ Generating seal on,blkNum=69,tx=0,nodeIdx=3,hash=7dcd35a8...
info|2019-12-13 08:02:26.092155|[g:1][CONSENSUS][PBFT]checkTimeout Succ,view=383,toView=384,nodeIdx=3,changeCycle=0,myNode=de0436d1...,timecost=0.435
info|2019-12-13 08:02:26.092898|[g:1][CONSENSUS][PBFT]checkAndChangeView: Reach consensus,org_view=383,org_changeCycle=0,cur_changeCycle=0,to_view=384
info|2019-12-13 08:02:27.093840|[g:1][CONSENSUS]addRawPrepare,height=69,reqIdx=0,hash=b17eb825...
info|2019-12-13 08:02:27.094558|[g:1][CONSENSUS][PBFT]checkTimeout Succ,view=384,toView=385,nodeIdx=3,changeCycle=0,myNode=de0436d1...,timecost=0.607
info|2019-12-13 08:02:27.096160|[g:1][CONSENSUS][PBFT]checkAndChangeView: Reach consensus,org_view=384,org_changeCycle=0,cur_changeCycle=0,to_view=385
info|2019-12-13 08:02:28.097771|[g:1][CONSENSUS]addRawPrepare,height=69,reqIdx=1,hash=8bbd2568...
info|2019-12-13 08:02:28.098456|[g:1][CONSENSUS][PBFT]checkTimeout Succ,view=385,toView=386,nodeIdx=3,changeCycle=0,myNode=de0436d1...,timecost=0.496
info|2019-12-13 08:02:28.100019|[g:1][CONSENSUS][PBFT]checkAndChangeView: Reach consensus,org_view=385,org_changeCycle=0,cur_changeCycle=0,to_view=386
info|2019-12-13 08:02:29.102494|[g:1][CONSENSUS]addRawPrepare,height=69,reqIdx=2,hash=ca52c9aa...
info|2019-12-13 08:02:29.103338|[g:1][CONSENSUS][PBFT]checkTimeout Succ,view=386,toView=387,nodeIdx=3,changeCycle=0,myNode=de0436d1...,timecost=0.59
info|2019-12-13 08:02:29.104688|[g:1][CONSENSUS][PBFT]checkAndChangeView: Reach consensus,org_view=386,org_changeCycle=0,cur_changeCycle=0,to_view=387
info|2019-12-13 08:02:30.104956|[g:1][CONSENSUS][SEALER]++++++++++++++++ Generating seal on,blkNum=69,tx=0,nodeIdx=3,hash=3e7efba0...
info|2019-12-13 08:02:30.107784|[g:1][CONSENSUS][PBFT]checkTimeout Succ,view=387,toView=388,nodeIdx=3,changeCycle=0,myNode=de0436d1...,timecost=0.395
info|2019-12-13 08:02:30.109250|[g:1][CONSENSUS][PBFT]checkAndChangeView: Reach consensus,org_view=387,org_changeCycle=0,cur_changeCycle=0,to_view=388
info|2019-12-13 08:02:31.108942|[g:1][CONSENSUS]addRawPrepare,height=69,reqIdx=0,hash=c7bf980c...
info|2019-12-13 08:02:31.109580|[g:1][CONSENSUS][PBFT]checkTimeout Succ,view=388,toView=389,nodeIdx=3,changeCycle=0,myNode=de0436d1...,timecost=0.406
info|2019-12-13 08:02:31.110813|[g:1][CONSENSUS][PBFT]checkAndChangeView: Reach consensus,org_view=388,org_changeCycle=0,cur_changeCycle=0,to_view=389
info|2019-12-13 08:02:32.014322|[P2P][Service] heartBeat,connected count=3
info|2019-12-13 08:02:32.111629|[g:1][CONSENSUS]addRawPrepare,height=69,reqIdx=1,hash=d85846d1...
info|2019-12-13 08:02:32.112857|[g:1][CONSENSUS][PBFT]checkTimeout Succ,view=389,toView=390,nodeIdx=3,changeCycle=0,myNode=de0436d1...,timecost=1.069
info|2019-12-13 08:02:32.114356|[g:1][CONSENSUS][PBFT]checkAndChangeView: Reach consensus,org_view=389,org_changeCycle=0,cur_changeCycle=0,to_view=390
info|2019-12-13 08:02:33.117159|[g:1][CONSENSUS]addRawPrepare,height=69,reqIdx=2,hash=0d39966f...
info|2019-12-13 08:02:33.117795|[g:1][CONSENSUS][PBFT]checkTimeout Succ,view=390,toView=391,nodeIdx=3,changeCycle=0,myNode=de0436d1...,timecost=0.473
info|2019-12-13 08:02:33.119442|[g:1][CONSENSUS][PBFT]checkAndChangeView: Reach consensus,org_view=390,org_changeCycle=0,cur_changeCycle=0,to_view=391
info|2019-12-13 08:02:34.119153|[g:1][CONSENSUS][SEALER]++++++++++++++++ Generating seal on,blkNum=69,tx=0,nodeIdx=3,hash=72e80132...
info|2019-12-13 08:02:34.120058|[g:1][CONSENSUS][PBFT]checkTimeout Succ,view=391,toView=392,nodeIdx=3,changeCycle=0,myNode=de0436d1...,timecost=0.458
info|2019-12-13 08:02:34.122479|[g:1][CONSENSUS][PBFT]checkAndChangeView: Reach consensus,org_view=391,org_changeCycle=0,cur_changeCycle=0,to_view=392
info|2019-12-13 08:02:35.123783|[g:1][CONSENSUS]addRawPrepare,height=69,reqIdx=0,hash=958a2b60...
info|2019-12-13 08:02:35.124429|[g:1][CONSENSUS][PBFT]checkTimeout Succ,view=392,toView=393,nodeIdx=3,changeCycle=0,myNode=de0436d1...,timecost=0.486
info|2019-12-13 08:02:35.125883|[g:1][CONSENSUS][PBFT]checkAndChangeView: Reach consensus,org_view=392,org_changeCycle=0,cur_changeCycle=0,to_view=393
info|2019-12-13 08:02:36.126469|[g:1][CONSENSUS]addRawPrepare,height=69,reqIdx=1,hash=35f90d69...
info|2019-12-13 08:02:36.127141|[g:1][CONSENSUS][PBFT]checkTimeout Succ,view=393,toView=394,nodeIdx=3,changeCycle=0,myNode=de0436d1...,timecost=0.509
info|2019-12-13 08:02:36.128690|[g:1][CONSENSUS][PBFT]checkAndChangeView: Reach consensus,org_view=393,org_changeCycle=0,cur_changeCycle=0,to_view=394
info|2019-12-13 08:02:37.129734|[g:1][CONSENSUS]addRawPrepare,height=69,reqIdx=2,hash=4ed5ce94...
info|2019-12-13 08:02:37.131220|[g:1][CONSENSUS][PBFT]checkTimeout Succ,view=394,toView=395,nodeIdx=3,changeCycle=0,myNode=de0436d1...,timecost=1.322
info|2019-12-13 08:02:37.132657|[g:1][CONSENSUS][PBFT]checkAndChangeView: Reach consensus,org_view=394,org_changeCycle=0,cur_changeCycle=0,to_view=395
info|2019-12-13 08:02:38.132965|[g:1][CONSENSUS][SEALER]++++++++++++++++ Generating seal on,blkNum=69,tx=0,nodeIdx=3,hash=7ca3a492...
info|2019-12-13 08:02:38.135830|[g:1][CONSENSUS][PBFT]checkTimeout Succ,view=395,toView=396,nodeIdx=3,changeCycle=0,myNode=de0436d1...,timecost=0.427
info|2019-12-13 08:02:38.136415|[g:1][CONSENSUS][PBFT]checkAndChangeView: Reach consensus,org_view=395,org_changeCycle=0,cur_changeCycle=0,to_view=396
info|2019-12-13 08:02:39.137446|[g:1][CONSENSUS]addRawPrepare,height=69,reqIdx=0,hash=1b30c32c...
info|2019-12-13 08:02:39.137880|[g:1][CONSENSUS][PBFT]checkTimeout Succ,view=396,toView=397,nodeIdx=3,changeCycle=0,myNode=de0436d1...,timecost=0.338
info|2019-12-13 08:02:39.139007|[g:1][CONSENSUS][PBFT]checkAndChangeView: Reach consensus,org_view=396,org_changeCycle=0,cur_changeCycle=0,to_view=397
info|2019-12-13 08:02:40.140574|[g:1][CONSENSUS]addRawPrepare,height=69,reqIdx=1,hash=b57b6b70...
info|2019-12-13 08:02:40.141071|[g:1][CONSENSUS][PBFT]checkTimeout Succ,view=397,toView=398,nodeIdx=3,changeCycle=0,myNode=de0436d1...,timecost=0.404
info|2019-12-13 08:02:40.142068|[g:1][CONSENSUS][PBFT]checkAndChangeView: Reach consensus,org_view=397,org_changeCycle=0,cur_changeCycle=0,to_view=398
info|2019-12-13 08:02:41.144602|[g:1][CONSENSUS]addRawPrepare,height=69,reqIdx=2,hash=b7b969bd...
info|2019-12-13 08:02:41.145133|[g:1][CONSENSUS][PBFT]checkTimeout Succ,view=398,toView=399,nodeIdx=3,changeCycle=0,myNode=de0436d1...,timecost=0.391
info|2019-12-13 08:02:41.146672|[g:1][CONSENSUS][PBFT]checkAndChangeView: Reach consensus,org_view=398,org_changeCycle=0,cur_changeCycle=0,to_view=399
info|2019-12-13 08:02:42.021891|[P2P][Service] heartBeat,connected count=3
info|2019-12-13 08:02:42.146858|[g:1][CONSENSUS][SEALER]++++++++++++++++ Generating seal on,blkNum=69,tx=0,nodeIdx=3,hash=db47fadc...
info|2019-12-13 08:02:42.149506|[g:1][CONSENSUS][PBFT]checkTimeout Succ,view=399,toView=400,nodeIdx=3,changeCycle=0,myNode=de0436d1...,timecost=0.36
info|2019-12-13 08:02:42.150082|[g:1][CONSENSUS][PBFT]checkAndChangeView: Reach consensus,org_view=399,org_changeCycle=0,cur_changeCycle=0,to_view=400
warning|2019-12-13 08:02:42.085776|[g:1][CONSENSUS][PBFT]ViewChangeWarning: not caused by omit empty block ,v=400,toV=401,curNum=68,hash=685b9589...,nodeIdx=3,myNode=de0436d1...
info|2019-12-13 08:02:42.094456|[g:1][CONSENSUS][PBFT]checkTimeout Succ,view=400,toView=401,nodeIdx=3,changeCycle=1,myNode=de0436d1...,timecost=9.027
info|2019-12-13 08:02:42.095770|[g:1][CONSENSUS][PBFT]checkAndChangeView: Reach consensus,org_view=400,org_changeCycle=1,cur_changeCycle=1,to_view=401
info|2019-12-13 08:02:43.092666|[g:1][CONSENSUS]addRawPrepare,height=69,reqIdx=1,hash=2fd7e65c...
info|2019-12-13 08:02:43.093194|[g:1][CONSENSUS][PBFT]checkTimeout Succ,view=401,toView=402,nodeIdx=3,changeCycle=0,myNode=de0436d1...,timecost=0.359
info|2019-12-13 08:02:43.094429|[g:1][CONSENSUS][PBFT]checkAndChangeView: Reach consensus,org_view=401,org_changeCycle=0,cur_changeCycle=0,to_view=402
info|2019-12-13 08:02:44.095944|[g:1][CONSENSUS]addRawPrepare,height=69,reqIdx=2,hash=a0da6ca1...
info|2019-12-13 08:02:44.096472|[g:1][CONSENSUS][PBFT]checkTimeout Succ,view=402,toView=403,nodeIdx=3,changeCycle=0,myNode=de0436d1...,timecost=0.399
info|2019-12-13 08:02:44.097898|[g:1][CONSENSUS][PBFT]checkAndChangeView: Reach consensus,org_view=402,org_changeCycle=0,cur_changeCycle=0,to_view=403
info|2019-12-13 08:02:45.098342|[g:1][CONSENSUS][SEALER]++++++++++++++++ Generating seal on,blkNum=69,tx=0,nodeIdx=3,hash=5e654cc0...
info|2019-12-13 08:02:45.098953|[g:1][CONSENSUS][PBFT]checkTimeout Succ,view=403,toView=404,nodeIdx=3,changeCycle=0,myNode=de0436d1...,timecost=0.245
info|2019-12-13 08:02:45.100620|[g:1][CONSENSUS][PBFT]checkAndChangeView: Reach consensus,org_view=403,org_changeCycle=0,cur_changeCycle=0,to_view=404
info|2019-12-13 08:02:46.103200|[g:1][CONSENSUS]addRawPrepare,height=69,reqIdx=0,hash=cc1a47ad...
info|2019-12-13 08:02:46.103679|[g:1][CONSENSUS][PBFT]checkTimeout Succ,view=404,toView=405,nodeIdx=3,changeCycle=0,myNode=de0436d1...,timecost=0.372
info|2019-12-13 08:02:46.104781|[g:1][CONSENSUS][PBFT]checkAndChangeView: Reach consensus,org_view=404,org_changeCycle=0,cur_changeCycle=0,to_view=405
info|2019-12-13 08:02:47.106989|[g:1][CONSENSUS]addRawPrepare,height=69,reqIdx=1,hash=222d5318...
info|2019-12-13 08:02:47.107518|[g:1][CONSENSUS][PBFT]checkTimeout Succ,view=405,toView=406,nodeIdx=3,changeCycle=0,myNode=de0436d1...,timecost=0.347
info|2019-12-13 08:02:47.108726|[g:1][CONSENSUS][PBFT]checkAndChangeView: Reach consensus,org_view=405,org_changeCycle=0,cur_changeCycle=0,to_view=406
info|2019-12-13 08:02:48.110527|[g:1][CONSENSUS]addRawPrepare,height=69,reqIdx=2,hash=3c63a3c6...
info|2019-12-13 08:02:48.111084|[g:1][CONSENSUS][PBFT]checkTimeout Succ,view=406,toView=407,nodeIdx=3,changeCycle=0,myNode=de0436d1...,timecost=0.424
info|2019-12-13 08:02:48.112756|[g:1][CONSENSUS][PBFT]checkAndChangeView: Reach consensus,org_view=406,org_changeCycle=0,cur_changeCycle=0,to_view=407
info|2019-12-13 08:02:49.113018|[g:1][CONSENSUS][SEALER]++++++++++++++++ Generating seal on,blkNum=69,tx=0,nodeIdx=3,hash=8d1f1e9a...
info|2019-12-13 08:02:49.115798|[g:1][CONSENSUS][PBFT]checkTimeout Succ,view=407,toView=408,nodeIdx=3,changeCycle=0,myNode=de0436d1...,timecost=0.422
info|2019-12-13 08:02:49.117781|[g:1][CONSENSUS][PBFT]checkAndChangeView: Reach consensus,org_view=407,org_changeCycle=0,cur_changeCycle=0,to_view=408
info|2019-12-13 08:02:50.118438|[g:1][CONSENSUS]addRawPrepare,height=69,reqIdx=0,hash=bab1781c...
info|2019-12-13 08:02:50.118891|[g:1][CONSENSUS][PBFT]checkTimeout Succ,view=408,toView=409,nodeIdx=3,changeCycle=0,myNode=de0436d1...,timecost=0.36
info|2019-12-13 08:02:50.119919|[g:1][CONSENSUS][PBFT]checkAndChangeView: Reach consensus,org_view=408,org_changeCycle=0,cur_changeCycle=0,to_view=409
info|2019-12-13 08:02:51.122301|[g:1][CONSENSUS]addRawPrepare,height=69,reqIdx=1,hash=5ea6fd77...
info|2019-12-13 08:02:51.122758|[g:1][CONSENSUS][PBFT]checkTimeout Succ,view=409,toView=410,nodeIdx=3,changeCycle=0,myNode=de0436d1...,timecost=0.331
info|2019-12-13 08:02:51.123960|[g:1][CONSENSUS][PBFT]checkAndChangeView: Reach consensus,org_view=409,org_changeCycle=0,cur_changeCycle=0,to_view=410
info|2019-12-13 08:02:52.028719|[P2P][Service] heartBeat,connected count=3
info|2019-12-13 08:02:52.125191|[g:1][CONSENSUS]addRawPrepare,height=69,reqIdx=2,hash=eab88190...
info|2019-12-13 08:02:52.125741|[g:1][CONSENSUS][PBFT]checkTimeout Succ,view=410,toView=411,nodeIdx=3,changeCycle=0,myNode=de0436d1...,timecost=0.39
info|2019-12-13 08:02:52.127006|[g:1][CONSENSUS][PBFT]checkAndChangeView: Reach consensus,org_view=410,org_changeCycle=0,cur_changeCycle=0,to_view=411
info|2019-12-13 08:02:53.128153|[g:1][CONSENSUS][SEALER]++++++++++++++++ Generating seal on,blkNum=69,tx=0,nodeIdx=3,hash=2bb59b97...
info|2019-12-13 08:02:53.128919|[g:1][CONSENSUS][PBFT]checkTimeout Succ,view=411,toView=412,nodeIdx=3,changeCycle=0,myNode=de0436d1...,timecost=0.395
info|2019-12-13 08:02:53.132092|[g:1][CONSENSUS][PBFT]checkAndChangeView: Reach consensus,org_view=411,org_changeCycle=0,cur_changeCycle=0,to_view=412
info|2019-12-13 08:02:54.132425|[g:1][CONSENSUS]addRawPrepare,height=69,reqIdx=0,hash=c2d8754a...
info|2019-12-13 08:02:54.132962|[g:1][CONSENSUS][PBFT]checkTimeout Succ,view=412,toView=413,nodeIdx=3,changeCycle=0,myNode=de0436d1...,timecost=0.391
info|2019-12-13 08:02:54.134107|[g:1][CONSENSUS][PBFT]checkAndChangeView: Reach consensus,org_view=412,org_changeCycle=0,cur_changeCycle=0,to_view=413
info|2019-12-13 08:02:55.135795|[g:1][CONSENSUS]addRawPrepare,height=69,reqIdx=1,hash=feaf4314...
info|2019-12-13 08:02:55.136486|[g:1][CONSENSUS][PBFT]checkTimeout Succ,view=413,toView=414,nodeIdx=3,changeCycle=0,myNode=de0436d1...,timecost=0.522
info|2019-12-13 08:02:55.137910|[g:1][CONSENSUS][PBFT]checkAndChangeView: Reach consensus,org_view=413,org_changeCycle=0,cur_changeCycle=0,to_view=414
info|2019-12-13 08:02:56.140424|[g:1][CONSENSUS]addRawPrepare,height=69,reqIdx=2,hash=2a6aaca2...
info|2019-12-13 08:02:56.141131|[g:1][CONSENSUS][PBFT]checkTimeout Succ,view=414,toView=415,nodeIdx=3,changeCycle=0,myNode=de0436d1...,timecost=0.547
info|2019-12-13 08:02:56.142753|[g:1][CONSENSUS][PBFT]checkAndChangeView: Reach consensus,org_view=414,org_changeCycle=0,cur_changeCycle=0,to_view=415
info|2019-12-13 08:41:44.006742|[g:1][CONSENSUS][SEALER]++++++++++++++++ Generating seal on,blkNum=69,tx=0,nodeIdx=3,hash=c02d65c4...
info|2019-12-13 08:41:44.010394|[P2P][Service] heartBeat,connected count=3
info|2019-12-13 08:41:44.012286|[g:1][CONSENSUS][PBFT]checkTimeout Succ,view=415,toView=416,nodeIdx=3,changeCycle=0,myNode=de0436d1...,timecost=1.908
info|2019-12-13 08:41:44.013895|[g:1][CONSENSUS][PBFT]checkAndChangeView: Reach consensus,org_view=415,org_changeCycle=0,cur_changeCycle=0,to_view=416
info|2019-12-13 08:41:45.012939|[g:1][CONSENSUS]addRawPrepare,height=69,reqIdx=0,hash=441a0a8a...
info|2019-12-13 08:41:45.013417|[g:1][CONSENSUS][PBFT]checkTimeout Succ,view=416,toView=417,nodeIdx=3,changeCycle=0,myNode=de0436d1...,timecost=0.35
info|2019-12-13 08:41:45.014522|[g:1][CONSENSUS][PBFT]checkAndChangeView: Reach consensus,org_view=416,org_changeCycle=0,cur_changeCycle=0,to_view=417
info|2019-12-13 08:41:46.015534|[g:1][CONSENSUS]addRawPrepare,height=69,reqIdx=1,hash=ca8d373b...
info|2019-12-13 08:41:46.015983|[g:1][CONSENSUS][PBFT]checkTimeout Succ,view=417,toView=418,nodeIdx=3,changeCycle=0,myNode=de0436d1...,timecost=0.349
info|2019-12-13 08:41:46.017074|[g:1][CONSENSUS][PBFT]checkAndChangeView: Reach consensus,org_view=417,org_changeCycle=0,cur_changeCycle=0,to_view=418
info|2019-12-13 08:41:47.019214|[g:1][CONSENSUS]addRawPrepare,height=69,reqIdx=2,hash=a056e1d2...
info|2019-12-13 08:41:47.020038|[g:1][CONSENSUS][PBFT]checkTimeout Succ,view=418,toView=419,nodeIdx=3,changeCycle=0,myNode=de0436d1...,timecost=0.692
info|2019-12-13 08:41:47.021174|[g:1][CONSENSUS][PBFT]checkAndChangeView: Reach consensus,org_view=418,org_changeCycle=0,cur_changeCycle=0,to_view=419
info|2019-12-13 08:41:48.021484|[g:1][CONSENSUS][SEALER]++++++++++++++++ Generating seal on,blkNum=69,tx=0,nodeIdx=3,hash=27b94086...
info|2019-12-13 08:41:48.022620|[g:1][CONSENSUS][PBFT]checkTimeout Succ,view=419,toView=420,nodeIdx=3,changeCycle=0,myNode=de0436d1...,timecost=0.595
info|2019-12-13 08:41:48.025203|[g:1][CONSENSUS][PBFT]checkAndChangeView: Reach consensus,org_view=419,org_changeCycle=0,cur_changeCycle=0,to_view=420
info|2019-12-13 08:41:49.026402|[g:1][CONSENSUS]addRawPrepare,height=69,reqIdx=0,hash=809bfdb3...
info|2019-12-13 08:41:49.027304|[g:1][CONSENSUS][PBFT]checkTimeout Succ,view=420,toView=421,nodeIdx=3,changeCycle=0,myNode=de0436d1...,timecost=0.727
info|2019-12-13 08:41:49.028737|[g:1][CONSENSUS][PBFT]checkAndChangeView: Reach consensus,org_view=420,org_changeCycle=0,cur_changeCycle=0,to_view=421
info|2019-12-13 08:41:50.030751|[g:1][CONSENSUS]addRawPrepare,height=69,reqIdx=1,hash=0d3b913f...
info|2019-12-13 08:41:50.031458|[g:1][CONSENSUS][PBFT]checkTimeout Succ,view=421,toView=422,nodeIdx=3,changeCycle=0,myNode=de0436d1...,timecost=0.572
info|2019-12-13 08:41:50.033065|[g:1][CONSENSUS][PBFT]checkAndChangeView: Reach consensus,org_view=421,org_changeCycle=0,cur_changeCycle=0,to_view=422
info|2019-12-13 08:41:51.034341|[g:1][CONSENSUS]addRawPrepare,height=69,reqIdx=2,hash=35cc2178...
info|2019-12-13 08:41:51.034960|[g:1][CONSENSUS][PBFT]checkTimeout Succ,view=422,toView=423,nodeIdx=3,changeCycle=0,myNode=de0436d1...,timecost=0.502
info|2019-12-13 08:41:51.036068|[g:1][CONSENSUS][PBFT]checkAndChangeView: Reach consensus,org_view=422,org_changeCycle=0,cur_changeCycle=0,to_view=423
info|2019-12-13 08:41:52.037169|[g:1][CONSENSUS][SEALER]++++++++++++++++ Generating seal on,blkNum=69,tx=0,nodeIdx=3,hash=b7c5402e...
info|2019-12-13 08:41:52.039583|[g:1][CONSENSUS][PBFT]checkTimeout Succ,view=423,toView=424,nodeIdx=3,changeCycle=0,myNode=de0436d1...,timecost=0.359
info|2019-12-13 08:41:52.040162|[g:1][CONSENSUS][PBFT]checkAndChangeView: Reach consensus,org_view=423,org_changeCycle=0,cur_changeCycle=0,to_view=424
info|2019-12-13 08:41:53.040337|[g:1][CONSENSUS]addRawPrepare,height=69,reqIdx=0,hash=a615f199...
info|2019-12-13 08:41:53.040817|[g:1][CONSENSUS][PBFT]checkTimeout Succ,view=424,toView=425,nodeIdx=3,changeCycle=0,myNode=de0436d1...,timecost=0.366
info|2019-12-13 08:41:53.041949|[g:1][CONSENSUS][PBFT]checkAndChangeView: Reach consensus,org_view=424,org_changeCycle=0,cur_changeCycle=0,to_view=425
info|2019-12-13 08:41:54.015223|[P2P][Service] heartBeat,connected count=3
info|2019-12-13 08:41:54.042480|[g:1][CONSENSUS]addRawPrepare,height=69,reqIdx=1,hash=a007c688...
info|2019-12-13 08:41:54.043029|[g:1][CONSENSUS][PBFT]checkTimeout Succ,view=425,toView=426,nodeIdx=3,changeCycle=0,myNode=de0436d1...,timecost=0.436
info|2019-12-13 08:41:54.044103|[g:1][CONSENSUS][PBFT]checkAndChangeView: Reach consensus,org_view=425,org_changeCycle=0,cur_changeCycle=0,to_view=426
info|2019-12-13 08:41:55.045697|[g:1][CONSENSUS]addRawPrepare,height=69,reqIdx=2,hash=cd860c09...
info|2019-12-13 08:41:55.046171|[g:1][CONSENSUS][PBFT]checkTimeout Succ,view=426,toView=427,nodeIdx=3,changeCycle=0,myNode=de0436d1...,timecost=0.368
info|2019-12-13 08:41:55.047385|[g:1][CONSENSUS][PBFT]checkAndChangeView: Reach consensus,org_view=426,org_changeCycle=0,cur_changeCycle=0,to_view=427
info|2019-12-13 08:41:56.048222|[g:1][CONSENSUS][SEALER]++++++++++++++++ Generating seal on,blkNum=69,tx=0,nodeIdx=3,hash=2b4e8ca3...
info|2019-12-13 08:41:56.051001|[g:1][CONSENSUS][PBFT]checkTimeout Succ,view=427,toView=428,nodeIdx=3,changeCycle=0,myNode=de0436d1...,timecost=0.486
info|2019-12-13 08:41:56.051662|[g:1][CONSENSUS][PBFT]checkAndChangeView: Reach consensus,org_view=427,org_changeCycle=0,cur_changeCycle=0,to_view=428
info|2019-12-13 08:41:57.053547|[g:1][CONSENSUS]addRawPrepare,height=69,reqIdx=0,hash=df03f713...
info|2019-12-13 08:41:57.054132|[g:1][CONSENSUS][PBFT]checkTimeout Succ,view=428,toView=429,nodeIdx=3,changeCycle=0,myNode=de0436d1...,timecost=0.464
info|2019-12-13 08:41:57.055655|[g:1][CONSENSUS][PBFT]checkAndChangeView: Reach consensus,org_view=428,org_changeCycle=0,cur_changeCycle=0,to_view=429
info|2019-12-13 08:41:58.057878|[g:1][CONSENSUS]addRawPrepare,height=69,reqIdx=1,hash=6baba7b0...
info|2019-12-13 08:41:58.058744|[g:1][CONSENSUS][PBFT]checkTimeout Succ,view=429,toView=430,nodeIdx=3,changeCycle=0,myNode=de0436d1...,timecost=0.687
info|2019-12-13 08:41:58.060509|[g:1][CONSENSUS][PBFT]checkAndChangeView: Reach consensus,org_view=429,org_changeCycle=0,cur_changeCycle=0,to_view=430
info|2019-12-13 08:41:59.062303|[g:1][CONSENSUS]addRawPrepare,height=69,reqIdx=2,hash=e1b8ef31...
info|2019-12-13 08:41:59.063372|[g:1][CONSENSUS][PBFT]checkTimeout Succ,view=430,toView=431,nodeIdx=3,changeCycle=0,myNode=de0436d1...,timecost=0.926
info|2019-12-13 08:41:59.064947|[g:1][CONSENSUS][PBFT]checkAndChangeView: Reach consensus,org_view=430,org_changeCycle=0,cur_changeCycle=0,to_view=431
info|2019-12-13 08:42:00.065070|[g:1][CONSENSUS][SEALER]++++++++++++++++ Generating seal on,blkNum=69,tx=0,nodeIdx=3,hash=4d7b4b43...
info|2019-12-13 08:42:00.067389|[g:1][CONSENSUS][PBFT]checkTimeout Succ,view=431,toView=432,nodeIdx=3,changeCycle=0,myNode=de0436d1...,timecost=0.421
info|2019-12-13 08:42:00.068757|[g:1][CONSENSUS][PBFT]checkAndChangeView: Reach consensus,org_view=431,org_changeCycle=0,cur_changeCycle=0,to_view=432
info|2019-12-13 08:42:01.070540|[g:1][CONSENSUS]addRawPrepare,height=69,reqIdx=0,hash=159341a4...
info|2019-12-13 08:42:01.071183|[g:1][CONSENSUS][PBFT]checkTimeout Succ,view=432,toView=433,nodeIdx=3,changeCycle=0,myNode=de0436d1...,timecost=0.481
info|2019-12-13 08:42:01.072291|[g:1][CONSENSUS][PBFT]checkAndChangeView: Reach consensus,org_view=432,org_changeCycle=0,cur_changeCycle=0,to_view=433
info|2019-12-13 08:42:02.075372|[g:1][CONSENSUS]addRawPrepare,height=69,reqIdx=1,hash=33acf7dd...
info|2019-12-13 08:42:02.075982|[g:1][CONSENSUS][PBFT]checkTimeout Succ,view=433,toView=434,nodeIdx=3,changeCycle=0,myNode=de0436d1...,timecost=0.44
info|2019-12-13 08:42:02.078228|[g:1][CONSENSUS][PBFT]checkAndChangeView: Reach consensus,org_view=433,org_changeCycle=0,cur_changeCycle=0,to_view=434
info|2019-12-13 08:42:03.080792|[g:1][CONSENSUS]addRawPrepare,height=69,reqIdx=2,hash=3a616335...
info|2019-12-13 08:42:03.081467|[g:1][CONSENSUS][PBFT]checkTimeout Succ,view=434,toView=435,nodeIdx=3,changeCycle=0,myNode=de0436d1...,timecost=0.506
info|2019-12-13 08:42:03.083381|[g:1][CONSENSUS][PBFT]checkAndChangeView: Reach consensus,org_view=434,org_changeCycle=0,cur_changeCycle=0,to_view=435
info|2019-12-13 08:42:04.022886|[P2P][Service] heartBeat,connected count=3
info|2019-12-13 08:42:04.083750|[g:1][CONSENSUS][SEALER]++++++++++++++++ Generating seal on,blkNum=69,tx=0,nodeIdx=3,hash=760d7280...
info|2019-12-13 08:42:04.084833|[g:1][CONSENSUS][PBFT]checkTimeout Succ,view=435,toView=436,nodeIdx=3,changeCycle=0,myNode=de0436d1...,timecost=0.606
info|2019-12-13 08:42:04.087761|[g:1][CONSENSUS][PBFT]checkAndChangeView: Reach consensus,org_view=435,org_changeCycle=0,cur_changeCycle=0,to_view=436
info|2019-12-13 08:42:05.090076|[g:1][CONSENSUS]addRawPrepare,height=69,reqIdx=0,hash=22865050...
info|2019-12-13 08:42:05.090720|[g:1][CONSENSUS][PBFT]checkTimeout Succ,view=436,toView=437,nodeIdx=3,changeCycle=0,myNode=de0436d1...,timecost=0.475
info|2019-12-13 08:42:05.092163|[g:1][CONSENSUS][PBFT]checkAndChangeView: Reach consensus,org_view=436,org_changeCycle=0,cur_changeCycle=0,to_view=437
info|2019-12-13 08:42:06.093975|[g:1][CONSENSUS]addRawPrepare,height=69,reqIdx=1,hash=7261ca1c...
info|2019-12-13 08:42:06.094624|[g:1][CONSENSUS][PBFT]checkTimeout Succ,view=437,toView=438,nodeIdx=3,changeCycle=0,myNode=de0436d1...,timecost=0.481
info|2019-12-13 08:42:06.096683|[g:1][CONSENSUS][PBFT]checkAndChangeView: Reach consensus,org_view=437,org_changeCycle=0,cur_changeCycle=0,to_view=438
info|2019-12-13 08:42:07.098301|[g:1][CONSENSUS]addRawPrepare,height=69,reqIdx=2,hash=32a8ba79...
info|2019-12-13 08:42:07.099000|[g:1][CONSENSUS][PBFT]checkTimeout Succ,view=438,toView=439,nodeIdx=3,changeCycle=0,myNode=de0436d1...,timecost=0.54
info|2019-12-13 08:42:07.100977|[g:1][CONSENSUS][PBFT]checkAndChangeView: Reach consensus,org_view=438,org_changeCycle=0,cur_changeCycle=0,to_view=439
info|2019-12-13 08:42:08.101743|[g:1][CONSENSUS][SEALER]++++++++++++++++ Generating seal on,blkNum=69,tx=0,nodeIdx=3,hash=753140cb...
info|2019-12-13 08:42:08.102608|[g:1][CONSENSUS][PBFT]checkTimeout Succ,view=439,toView=440,nodeIdx=3,changeCycle=0,myNode=de0436d1...,timecost=0.435
info|2019-12-13 08:42:08.105351|[g:1][CONSENSUS][PBFT]checkAndChangeView: Reach consensus,org_view=439,org_changeCycle=0,cur_changeCycle=0,to_view=440
info|2019-12-13 08:42:09.106803|[g:1][CONSENSUS]addRawPrepare,height=69,reqIdx=0,hash=606ca5e7...
info|2019-12-13 08:42:09.107528|[g:1][CONSENSUS][PBFT]checkTimeout Succ,view=440,toView=441,nodeIdx=3,changeCycle=0,myNode=de0436d1...,timecost=0.552
info|2019-12-13 08:42:09.109218|[g:1][CONSENSUS][PBFT]checkAndChangeView: Reach consensus,org_view=440,org_changeCycle=0,cur_changeCycle=0,to_view=441
info|2019-12-13 08:42:10.110227|[g:1][CONSENSUS]addRawPrepare,height=69,reqIdx=1,hash=6cae9564...
info|2019-12-13 08:42:10.110786|[g:1][CONSENSUS][PBFT]checkTimeout Succ,view=441,toView=442,nodeIdx=3,changeCycle=0,myNode=de0436d1...,timecost=0.433
info|2019-12-13 08:42:10.111739|[g:1][CONSENSUS][PBFT]checkAndChangeView: Reach consensus,org_view=441,org_changeCycle=0,cur_changeCycle=0,to_view=442
info|2019-12-13 08:42:11.113545|[g:1][CONSENSUS]addRawPrepare,height=69,reqIdx=2,hash=417ac4c9...
info|2019-12-13 08:42:11.114448|[g:1][CONSENSUS][PBFT]checkTimeout Succ,view=442,toView=443,nodeIdx=3,changeCycle=0,myNode=de0436d1...,timecost=0.69
info|2019-12-13 08:42:11.116117|[g:1][CONSENSUS][PBFT]checkAndChangeView: Reach consensus,org_view=442,org_changeCycle=0,cur_changeCycle=0,to_view=443
info|2019-12-13 08:42:12.116781|[g:1][CONSENSUS][SEALER]++++++++++++++++ Generating seal on,blkNum=69,tx=0,nodeIdx=3,hash=42a50338...
info|2019-12-13 08:42:12.117691|[g:1][CONSENSUS][PBFT]checkTimeout Succ,view=443,toView=444,nodeIdx=3,changeCycle=0,myNode=de0436d1...,timecost=0.518
info|2019-12-13 08:42:12.120358|[g:1][CONSENSUS][PBFT]checkAndChangeView: Reach consensus,org_view=443,org_changeCycle=0,cur_changeCycle=0,to_view=444
info|2019-12-13 08:42:13.121699|[g:1][CONSENSUS]addRawPrepare,height=69,reqIdx=0,hash=216196e7...
info|2019-12-13 08:42:13.122397|[g:1][CONSENSUS][PBFT]checkTimeout Succ,view=444,toView=445,nodeIdx=3,changeCycle=0,myNode=de0436d1...,timecost=0.462
info|2019-12-13 08:42:13.123783|[g:1][CONSENSUS][PBFT]checkAndChangeView: Reach consensus,org_view=444,org_changeCycle=0,cur_changeCycle=0,to_view=445
info|2019-12-13 08:42:14.027188|[P2P][Service] heartBeat,connected count=3
info|2019-12-13 08:42:14.125048|[g:1][CONSENSUS]addRawPrepare,height=69,reqIdx=1,hash=28d7092e...
info|2019-12-13 08:42:14.125669|[g:1][CONSENSUS][PBFT]checkTimeout Succ,view=445,toView=446,nodeIdx=3,changeCycle=0,myNode=de0436d1...,timecost=0.494
info|2019-12-13 08:42:14.127585|[g:1][CONSENSUS][PBFT]checkAndChangeView: Reach consensus,org_view=445,org_changeCycle=0,cur_changeCycle=0,to_view=446
info|2019-12-13 08:42:15.129848|[g:1][CONSENSUS]addRawPrepare,height=69,reqIdx=2,hash=40256fe1...
info|2019-12-13 08:42:15.130676|[g:1][CONSENSUS][PBFT]checkTimeout Succ,view=446,toView=447,nodeIdx=3,changeCycle=0,myNode=de0436d1...,timecost=0.504
info|2019-12-13 08:42:15.132204|[g:1][CONSENSUS][PBFT]checkAndChangeView: Reach consensus,org_view=446,org_changeCycle=0,cur_changeCycle=0,to_view=447
info|2019-12-13 08:42:16.133321|[g:1][CONSENSUS][SEALER]++++++++++++++++ Generating seal on,blkNum=69,tx=0,nodeIdx=3,hash=c483b7f7...
info|2019-12-13 08:42:16.136786|[g:1][CONSENSUS][PBFT]checkTimeout Succ,view=447,toView=448,nodeIdx=3,changeCycle=0,myNode=de0436d1...,timecost=0.573
info|2019-12-13 08:42:16.137632|[g:1][CONSENSUS][PBFT]checkAndChangeView: Reach consensus,org_view=447,org_changeCycle=0,cur_changeCycle=0,to_view=448
info|2019-12-13 08:42:17.139172|[g:1][CONSENSUS]addRawPrepare,height=69,reqIdx=0,hash=a24b576b...
info|2019-12-13 08:42:17.139630|[g:1][CONSENSUS][PBFT]checkTimeout Succ,view=448,toView=449,nodeIdx=3,changeCycle=0,myNode=de0436d1...,timecost=0.32
info|2019-12-13 08:42:17.140625|[g:1][CONSENSUS][PBFT]checkAndChangeView: Reach consensus,org_view=448,org_changeCycle=0,cur_changeCycle=0,to_view=449
info|2019-12-13 08:42:18.140966|[g:1][CONSENSUS]addRawPrepare,height=69,reqIdx=1,hash=d7b6abb9...
info|2019-12-13 08:42:18.141467|[g:1][CONSENSUS][PBFT]checkTimeout Succ,view=449,toView=450,nodeIdx=3,changeCycle=0,myNode=de0436d1...,timecost=0.367
info|2019-12-13 08:42:18.142597|[g:1][CONSENSUS][PBFT]checkAndChangeView: Reach consensus,org_view=449,org_changeCycle=0,cur_changeCycle=0,to_view=450
info|2019-12-13 08:42:19.143135|[g:1][CONSENSUS]addRawPrepare,height=69,reqIdx=2,hash=a84fb7cd...
info|2019-12-13 08:42:19.143641|[g:1][CONSENSUS][PBFT]checkTimeout Succ,view=450,toView=451,nodeIdx=3,changeCycle=0,myNode=de0436d1...,timecost=0.387
info|2019-12-13 08:42:19.145035|[g:1][CONSENSUS][PBFT]checkAndChangeView: Reach consensus,org_view=450,org_changeCycle=0,cur_changeCycle=0,to_view=451
info|2019-12-13 08:42:20.146068|[g:1][CONSENSUS][SEALER]++++++++++++++++ Generating seal on,blkNum=69,tx=0,nodeIdx=3,hash=66bf407b...
info|2019-12-13 08:42:20.147891|[g:1][CONSENSUS][PBFT]checkTimeout Succ,view=451,toView=452,nodeIdx=3,changeCycle=0,myNode=de0436d1...,timecost=0.352
info|2019-12-13 08:42:20.148965|[g:1][CONSENSUS][PBFT]checkAndChangeView: Reach consensus,org_view=451,org_changeCycle=0,cur_changeCycle=0,to_view=452
info|2019-12-13 08:42:21.149551|[g:1][CONSENSUS]addRawPrepare,height=69,reqIdx=0,hash=03090d06...
info|2019-12-13 08:42:21.150051|[g:1][CONSENSUS][PBFT]checkTimeout Succ,view=452,toView=453,nodeIdx=3,changeCycle=0,myNode=de0436d1...,timecost=0.378
info|2019-12-13 08:42:21.151379|[g:1][CONSENSUS][PBFT]checkAndChangeView: Reach consensus,org_view=452,org_changeCycle=0,cur_changeCycle=0,to_view=453
info|2019-12-13 08:42:22.153116|[g:1][CONSENSUS]addRawPrepare,height=69,reqIdx=1,hash=c20bd01b...
info|2019-12-13 08:42:22.153570|[g:1][CONSENSUS][PBFT]checkTimeout Succ,view=453,toView=454,nodeIdx=3,changeCycle=0,myNode=de0436d1...,timecost=0.372
info|2019-12-13 08:42:22.154970|[g:1][CONSENSUS][PBFT]checkAndChangeView: Reach consensus,org_view=453,org_changeCycle=0,cur_changeCycle=0,to_view=454
info|2019-12-13 08:42:23.155879|[g:1][CONSENSUS]addRawPrepare,height=69,reqIdx=2,hash=185e4dc1...
info|2019-12-13 08:42:23.156436|[g:1][CONSENSUS][PBFT]checkTimeout Succ,view=454,toView=455,nodeIdx=3,changeCycle=0,myNode=de0436d1...,timecost=0.43
info|2019-12-13 08:42:23.157600|[g:1][CONSENSUS][PBFT]checkAndChangeView: Reach consensus,org_view=454,org_changeCycle=0,cur_changeCycle=0,to_view=455
info|2019-12-13 08:42:24.036436|[P2P][Service] heartBeat,connected count=3
info|2019-12-13 08:42:24.157994|[g:1][CONSENSUS][SEALER]++++++++++++++++ Generating seal on,blkNum=69,tx=0,nodeIdx=3,hash=5c0900bf...
info|2019-12-13 08:42:24.160558|[g:1][CONSENSUS][PBFT]checkTimeout Succ,view=455,toView=456,nodeIdx=3,changeCycle=0,myNode=de0436d1...,timecost=0.359
info|2019-12-13 08:42:24.161034|[g:1][CONSENSUS][PBFT]checkAndChangeView: Reach consensus,org_view=455,org_changeCycle=0,cur_changeCycle=0,to_view=456
info|2019-12-13 08:42:25.161671|[g:1][CONSENSUS]addRawPrepare,height=69,reqIdx=0,hash=d2a71204...
info|2019-12-13 08:42:25.162180|[g:1][CONSENSUS][PBFT]checkTimeout Succ,view=456,toView=457,nodeIdx=3,changeCycle=0,myNode=de0436d1...,timecost=0.382
info|2019-12-13 08:42:25.163450|[g:1][CONSENSUS][PBFT]checkAndChangeView: Reach consensus,org_view=456,org_changeCycle=0,cur_changeCycle=0,to_view=457
info|2019-12-13 08:42:26.164935|[g:1][CONSENSUS]addRawPrepare,height=69,reqIdx=1,hash=cc90da8f...
info|2019-12-13 08:42:26.165541|[g:1][CONSENSUS][PBFT]checkTimeout Succ,view=457,toView=458,nodeIdx=3,changeCycle=0,myNode=de0436d1...,timecost=0.446
info|2019-12-13 08:42:26.166942|[g:1][CONSENSUS][PBFT]checkAndChangeView: Reach consensus,org_view=457,org_changeCycle=0,cur_changeCycle=0,to_view=458
info|2019-12-13 08:42:27.168424|[g:1][CONSENSUS]addRawPrepare,height=69,reqIdx=2,hash=ab591a4d...
info|2019-12-13 08:42:27.169081|[g:1][CONSENSUS][PBFT]checkTimeout Succ,view=458,toView=459,nodeIdx=3,changeCycle=0,myNode=de0436d1...,timecost=0.53
info|2019-12-13 08:42:27.170656|[g:1][CONSENSUS][PBFT]checkAndChangeView: Reach consensus,org_view=458,org_changeCycle=0,cur_changeCycle=0,to_view=459
info|2019-12-13 08:42:28.170923|[g:1][CONSENSUS][SEALER]++++++++++++++++ Generating seal on,blkNum=69,tx=0,nodeIdx=3,hash=d9138935...
info|2019-12-13 08:42:28.171902|[g:1][CONSENSUS][PBFT]checkTimeout Succ,view=459,toView=460,nodeIdx=3,changeCycle=0,myNode=de0436d1...,timecost=0.517
info|2019-12-13 08:42:28.174907|[g:1][CONSENSUS][PBFT]checkAndChangeView: Reach consensus,org_view=459,org_changeCycle=0,cur_changeCycle=0,to_view=460
info|2019-12-13 08:42:29.176636|[g:1][CONSENSUS]addRawPrepare,height=69,reqIdx=0,hash=7dec06df...
info|2019-12-13 08:42:29.177374|[g:1][CONSENSUS][PBFT]checkTimeout Succ,view=460,toView=461,nodeIdx=3,changeCycle=0,myNode=de0436d1...,timecost=0.552
info|2019-12-13 08:42:29.179119|[g:1][CONSENSUS][PBFT]checkAndChangeView: Reach consensus,org_view=460,org_changeCycle=0,cur_changeCycle=0,to_view=461
info|2019-12-13 08:42:30.180854|[g:1][CONSENSUS]addRawPrepare,height=69,reqIdx=1,hash=437e7195...
info|2019-12-13 08:42:30.181655|[g:1][CONSENSUS][PBFT]checkTimeout Succ,view=461,toView=462,nodeIdx=3,changeCycle=0,myNode=de0436d1...,timecost=0.603
info|2019-12-13 08:42:30.183950|[g:1][CONSENSUS][PBFT]checkAndChangeView: Reach consensus,org_view=461,org_changeCycle=0,cur_changeCycle=0,to_view=462
info|2019-12-13 08:42:31.185098|[g:1][CONSENSUS]addRawPrepare,height=69,reqIdx=2,hash=633d50e6...
info|2019-12-13 08:42:31.186079|[g:1][CONSENSUS][PBFT]checkTimeout Succ,view=462,toView=463,nodeIdx=3,changeCycle=0,myNode=de0436d1...,timecost=0.747
info|2019-12-13 08:42:31.188284|[g:1][CONSENSUS][PBFT]checkAndChangeView: Reach consensus,org_view=462,org_changeCycle=0,cur_changeCycle=0,to_view=463
info|2019-12-13 08:42:32.188442|[g:1][CONSENSUS][SEALER]++++++++++++++++ Generating seal on,blkNum=69,tx=0,nodeIdx=3,hash=5dc42b6f...
info|2019-12-13 08:42:32.191636|[g:1][CONSENSUS][PBFT]checkTimeout Succ,view=463,toView=464,nodeIdx=3,changeCycle=0,myNode=de0436d1...,timecost=0.576
info|2019-12-13 08:42:32.193850|[g:1][CONSENSUS][PBFT]checkAndChangeView: Reach consensus,org_view=463,org_changeCycle=0,cur_changeCycle=0,to_view=464
info|2019-12-13 08:42:33.195519|[g:1][CONSENSUS]addRawPrepare,height=69,reqIdx=0,hash=9744194c...
info|2019-12-13 08:42:33.196401|[g:1][CONSENSUS][PBFT]checkTimeout Succ,view=464,toView=465,nodeIdx=3,changeCycle=0,myNode=de0436d1...,timecost=0.66
info|2019-12-13 08:42:33.198885|[g:1][CONSENSUS][PBFT]checkAndChangeView: Reach consensus,org_view=464,org_changeCycle=0,cur_changeCycle=0,to_view=465
info|2019-12-13 08:42:34.041513|[P2P][Service] heartBeat,connected count=3
info|2019-12-13 08:42:34.201898|[g:1][CONSENSUS]addRawPrepare,height=69,reqIdx=1,hash=6026575c...
info|2019-12-13 08:42:34.203553|[g:1][CONSENSUS][PBFT]checkTimeout Succ,view=465,toView=466,nodeIdx=3,changeCycle=0,myNode=de0436d1...,timecost=1.386
info|2019-12-13 08:42:34.205732|[g:1][CONSENSUS][PBFT]checkAndChangeView: Reach consensus,org_view=465,org_changeCycle=0,cur_changeCycle=0,to_view=466
info|2019-12-13 08:42:35.208055|[g:1][CONSENSUS]addRawPrepare,height=69,reqIdx=2,hash=4d08376e...
info|2019-12-13 08:42:35.209207|[g:1][CONSENSUS][PBFT]checkTimeout Succ,view=466,toView=467,nodeIdx=3,changeCycle=0,myNode=de0436d1...,timecost=0.904
info|2019-12-13 08:42:35.211860|[g:1][CONSENSUS][PBFT]checkAndChangeView: Reach consensus,org_view=466,org_changeCycle=0,cur_changeCycle=0,to_view=467
info|2019-12-13 08:42:36.212327|[g:1][CONSENSUS][SEALER]++++++++++++++++ Generating seal on,blkNum=69,tx=0,nodeIdx=3,hash=eb4e1547...
info|2019-12-13 08:42:36.217224|[g:1][CONSENSUS][PBFT]checkTimeout Succ,view=467,toView=468,nodeIdx=3,changeCycle=0,myNode=de0436d1...,timecost=0.794
info|2019-12-13 08:42:36.218364|[g:1][CONSENSUS][PBFT]checkAndChangeView: Reach consensus,org_view=467,org_changeCycle=0,cur_changeCycle=0,to_view=468
info|2019-12-13 08:42:37.219744|[g:1][CONSENSUS]addRawPrepare,height=69,reqIdx=0,hash=fc60272d...
info|2019-12-13 08:42:37.220599|[g:1][CONSENSUS][PBFT]checkTimeout Succ,view=468,toView=469,nodeIdx=3,changeCycle=0,myNode=de0436d1...,timecost=0.668
info|2019-12-13 08:42:37.222960|[g:1][CONSENSUS][PBFT]checkAndChangeView: Reach consensus,org_view=468,org_changeCycle=0,cur_changeCycle=0,to_view=469
info|2019-12-13 08:42:38.225728|[g:1][CONSENSUS]addRawPrepare,height=69,reqIdx=1,hash=f84f5272...
info|2019-12-13 08:42:38.226555|[g:1][CONSENSUS][PBFT]checkTimeout Succ,view=469,toView=470,nodeIdx=3,changeCycle=0,myNode=de0436d1...,timecost=0.645
info|2019-12-13 08:42:38.228803|[g:1][CONSENSUS][PBFT]checkAndChangeView: Reach consensus,org_view=469,org_changeCycle=0,cur_changeCycle=0,to_view=470
info|2019-12-13 08:42:39.231718|[g:1][CONSENSUS]addRawPrepare,height=69,reqIdx=2,hash=e6938c19...
info|2019-12-13 08:42:39.232872|[g:1][CONSENSUS][PBFT]checkTimeout Succ,view=470,toView=471,nodeIdx=3,changeCycle=0,myNode=de0436d1...,timecost=0.926
info|2019-12-13 08:42:39.235834|[g:1][CONSENSUS][PBFT]checkAndChangeView: Reach consensus,org_view=470,org_changeCycle=0,cur_changeCycle=0,to_view=471
info|2019-12-13 08:42:40.236379|[g:1][CONSENSUS][SEALER]++++++++++++++++ Generating seal on,blkNum=69,tx=0,nodeIdx=3,hash=f6f1fca4...
info|2019-12-13 08:42:40.240737|[g:1][CONSENSUS][PBFT]checkTimeout Succ,view=471,toView=472,nodeIdx=3,changeCycle=0,myNode=de0436d1...,timecost=0.781
info|2019-12-13 08:42:40.242061|[g:1][CONSENSUS][PBFT]checkAndChangeView: Reach consensus,org_view=471,org_changeCycle=0,cur_changeCycle=0,to_view=472
info|2019-12-13 08:42:41.243383|[g:1][CONSENSUS]addRawPrepare,height=69,reqIdx=0,hash=8b18a533...
info|2019-12-13 08:42:41.244169|[g:1][CONSENSUS][PBFT]checkTimeout Succ,view=472,toView=473,nodeIdx=3,changeCycle=0,myNode=de0436d1...,timecost=0.62
info|2019-12-13 08:42:41.246824|[g:1][CONSENSUS][PBFT]checkAndChangeView: Reach consensus,org_view=472,org_changeCycle=0,cur_changeCycle=0,to_view=473
info|2019-12-13 08:42:42.248367|[g:1][CONSENSUS]addRawPrepare,height=69,reqIdx=1,hash=0441a98e...
info|2019-12-13 08:42:42.249128|[g:1][CONSENSUS][PBFT]checkTimeout Succ,view=473,toView=474,nodeIdx=3,changeCycle=0,myNode=de0436d1...,timecost=0.582
info|2019-12-13 08:42:42.251498|[g:1][CONSENSUS][PBFT]checkAndChangeView: Reach consensus,org_view=473,org_changeCycle=0,cur_changeCycle=0,to_view=474
info|2019-12-13 08:42:43.253233|[g:1][CONSENSUS]addRawPrepare,height=69,reqIdx=2,hash=63c2cc40...
info|2019-12-13 08:42:43.254072|[g:1][CONSENSUS][PBFT]checkTimeout Succ,view=474,toView=475,nodeIdx=3,changeCycle=0,myNode=de0436d1...,timecost=0.637
info|2019-12-13 08:42:43.255847|[g:1][CONSENSUS][PBFT]checkAndChangeView: Reach consensus,org_view=474,org_changeCycle=0,cur_changeCycle=0,to_view=475
info|2019-12-13 08:42:44.049639|[P2P][Service] heartBeat,connected count=3
info|2019-12-13 08:42:44.256252|[g:1][CONSENSUS][SEALER]++++++++++++++++ Generating seal on,blkNum=69,tx=0,nodeIdx=3,hash=7d16fcc4...
info|2019-12-13 08:42:44.259318|[g:1][CONSENSUS][PBFT]checkTimeout Succ,view=475,toView=476,nodeIdx=3,changeCycle=0,myNode=de0436d1...,timecost=0.608
info|2019-12-13 08:42:44.261024|[g:1][CONSENSUS][PBFT]checkAndChangeView: Reach consensus,org_view=475,org_changeCycle=0,cur_changeCycle=0,to_view=476
