info|2019-11-12 07:39:34.003263|[P2P][Service] heartBeat,connected count=3
warning|2019-11-12 07:39:34.007888|[g:1][CONSENSUS][PBFT]ViewChangeWarning: not caused by omit empty block ,v=22414,toV=22415,curNum=0,hash=f72cae63...,nodeIdx=3,myNode=de0436d1...
info|2019-11-12 07:39:34.011666|[g:1][CONSENSUS][PBFT]checkTimeout Succ,view=22414,toView=22415,nodeIdx=3,changeCycle=1,myNode=de0436d1...,timecost=4.516
info|2019-11-12 07:39:34.013680|[g:1][CONSENSUS][PBFT]checkAndChangeView: Reach consensus,org_view=22414,org_changeCycle=1,cur_changeCycle=1,to_view=22415
info|2019-11-12 07:39:35.013200|[g:1][CONSENSUS][SEALER]++++++++++++++++ Generating seal on,blkNum=1,tx=0,nodeIdx=3,hash=ce7eed0b...
info|2019-11-12 07:39:35.016379|[g:1][CONSENSUS][PBFT]checkTimeout Succ,view=22415,toView=22416,nodeIdx=3,changeCycle=0,myNode=de0436d1...,timecost=0.627
info|2019-11-12 07:39:35.017239|[g:1][CONSENSUS][PBFT]checkAndChangeView: Reach consensus,org_view=22415,org_changeCycle=0,cur_changeCycle=0,to_view=22416
info|2019-11-12 07:39:36.017885|[g:1][CONSENSUS]addRawPrepare,height=1,reqIdx=0,hash=a291ff35...
info|2019-11-12 07:39:36.018389|[g:1][CONSENSUS][PBFT]checkTimeout Succ,view=22416,toView=22417,nodeIdx=3,changeCycle=0,myNode=de0436d1...,timecost=0.432
info|2019-11-12 07:39:36.019520|[g:1][CONSENSUS][PBFT]checkAndChangeView: Reach consensus,org_view=22416,org_changeCycle=0,cur_changeCycle=0,to_view=22417
info|2019-11-12 07:39:37.020276|[g:1][CONSENSUS]addRawPrepare,height=1,reqIdx=1,hash=4097e382...
info|2019-11-12 07:39:37.020713|[g:1][CONSENSUS][PBFT]checkTimeout Succ,view=22417,toView=22418,nodeIdx=3,changeCycle=0,myNode=de0436d1...,timecost=0.335
info|2019-11-12 07:39:37.021927|[g:1][CONSENSUS][PBFT]checkAndChangeView: Reach consensus,org_view=22417,org_changeCycle=0,cur_changeCycle=0,to_view=22418
info|2019-11-12 07:39:38.024438|[g:1][CONSENSUS]addRawPrepare,height=1,reqIdx=2,hash=685d26c4...
info|2019-11-12 07:39:38.025073|[g:1][CONSENSUS][PBFT]checkTimeout Succ,view=22418,toView=22419,nodeIdx=3,changeCycle=0,myNode=de0436d1...,timecost=0.491
info|2019-11-12 07:39:38.026472|[g:1][CONSENSUS][PBFT]checkAndChangeView: Reach consensus,org_view=22418,org_changeCycle=0,cur_changeCycle=0,to_view=22419
info|2019-11-12 07:39:39.027268|[g:1][CONSENSUS][SEALER]++++++++++++++++ Generating seal on,blkNum=1,tx=0,nodeIdx=3,hash=d13c8af6...
info|2019-11-12 07:39:39.028047|[g:1][CONSENSUS][PBFT]checkTimeout Succ,view=22419,toView=22420,nodeIdx=3,changeCycle=0,myNode=de0436d1...,timecost=0.413
info|2019-11-12 07:39:39.029974|[g:1][CONSENSUS][PBFT]checkAndChangeView: Reach consensus,org_view=22419,org_changeCycle=0,cur_changeCycle=0,to_view=22420
info|2019-11-12 07:39:40.032678|[g:1][CONSENSUS]addRawPrepare,height=1,reqIdx=0,hash=e449e86d...
info|2019-11-12 07:39:40.033362|[g:1][CONSENSUS][PBFT]checkTimeout Succ,view=22420,toView=22421,nodeIdx=3,changeCycle=0,myNode=de0436d1...,timecost=0.504
info|2019-11-12 07:39:40.034711|[g:1][CONSENSUS][PBFT]checkAndChangeView: Reach consensus,org_view=22420,org_changeCycle=0,cur_changeCycle=0,to_view=22421
info|2019-11-12 07:39:41.036109|[g:1][CONSENSUS]addRawPrepare,height=1,reqIdx=1,hash=1591bfdf...
info|2019-11-12 07:39:41.036641|[g:1][CONSENSUS][PBFT]checkTimeout Succ,view=22421,toView=22422,nodeIdx=3,changeCycle=0,myNode=de0436d1...,timecost=0.398
info|2019-11-12 07:39:41.037940|[g:1][CONSENSUS][PBFT]checkAndChangeView: Reach consensus,org_view=22421,org_changeCycle=0,cur_changeCycle=0,to_view=22422
info|2019-11-12 07:39:42.040711|[g:1][CONSENSUS]addRawPrepare,height=1,reqIdx=2,hash=9c01535c...
info|2019-11-12 07:39:42.041396|[g:1][CONSENSUS][PBFT]checkTimeout Succ,view=22422,toView=22423,nodeIdx=3,changeCycle=0,myNode=de0436d1...,timecost=0.515
info|2019-11-12 07:39:42.043094|[g:1][CONSENSUS][PBFT]checkAndChangeView: Reach consensus,org_view=22422,org_changeCycle=0,cur_changeCycle=0,to_view=22423
info|2019-11-12 07:39:43.044549|[g:1][CONSENSUS][SEALER]++++++++++++++++ Generating seal on,blkNum=1,tx=0,nodeIdx=3,hash=2a46a543...
info|2019-11-12 07:39:43.045569|[g:1][CONSENSUS][PBFT]checkTimeout Succ,view=22423,toView=22424,nodeIdx=3,changeCycle=0,myNode=de0436d1...,timecost=0.581
info|2019-11-12 07:39:43.047741|[g:1][CONSENSUS][PBFT]checkAndChangeView: Reach consensus,org_view=22423,org_changeCycle=0,cur_changeCycle=0,to_view=22424
info|2019-11-12 07:39:44.009093|[P2P][Service] heartBeat,connected count=3
info|2019-11-12 07:39:44.048961|[g:1][CONSENSUS]addRawPrepare,height=1,reqIdx=0,hash=3167a57d...
info|2019-11-12 07:39:44.049924|[g:1][CONSENSUS][PBFT]checkTimeout Succ,view=22424,toView=22425,nodeIdx=3,changeCycle=0,myNode=de0436d1...,timecost=0.738
info|2019-11-12 07:39:44.051161|[g:1][CONSENSUS][PBFT]checkAndChangeView: Reach consensus,org_view=22424,org_changeCycle=0,cur_changeCycle=0,to_view=22425
info|2019-11-12 07:39:45.052625|[g:1][CONSENSUS]addRawPrepare,height=1,reqIdx=1,hash=4c07dcaf...
info|2019-11-12 07:39:45.053253|[g:1][CONSENSUS][PBFT]checkTimeout Succ,view=22425,toView=22426,nodeIdx=3,changeCycle=0,myNode=de0436d1...,timecost=0.456
info|2019-11-12 07:39:45.055025|[g:1][CONSENSUS][PBFT]checkAndChangeView: Reach consensus,org_view=22425,org_changeCycle=0,cur_changeCycle=0,to_view=22426
info|2019-11-12 07:39:46.056426|[g:1][CONSENSUS]addRawPrepare,height=1,reqIdx=2,hash=9af3801a...
info|2019-11-12 07:39:46.057131|[g:1][CONSENSUS][PBFT]checkTimeout Succ,view=22426,toView=22427,nodeIdx=3,changeCycle=0,myNode=de0436d1...,timecost=0.521
info|2019-11-12 07:39:46.058629|[g:1][CONSENSUS][PBFT]checkAndChangeView: Reach consensus,org_view=22426,org_changeCycle=0,cur_changeCycle=0,to_view=22427
info|2019-11-12 07:39:47.059398|[g:1][CONSENSUS][SEALER]++++++++++++++++ Generating seal on,blkNum=1,tx=0,nodeIdx=3,hash=d52e0460...
info|2019-11-12 07:39:47.062692|[g:1][CONSENSUS][PBFT]checkTimeout Succ,view=22427,toView=22428,nodeIdx=3,changeCycle=0,myNode=de0436d1...,timecost=0.544
info|2019-11-12 07:39:47.063480|[g:1][CONSENSUS][PBFT]checkAndChangeView: Reach consensus,org_view=22427,org_changeCycle=0,cur_changeCycle=0,to_view=22428
info|2019-11-12 07:39:48.065433|[g:1][CONSENSUS]addRawPrepare,height=1,reqIdx=0,hash=446cae6f...
info|2019-11-12 07:39:48.066090|[g:1][CONSENSUS][PBFT]checkTimeout Succ,view=22428,toView=22429,nodeIdx=3,changeCycle=0,myNode=de0436d1...,timecost=0.474
info|2019-11-12 07:39:48.067409|[g:1][CONSENSUS][PBFT]checkAndChangeView: Reach consensus,org_view=22428,org_changeCycle=0,cur_changeCycle=0,to_view=22429
info|2019-11-12 07:39:49.069621|[g:1][CONSENSUS]addRawPrepare,height=1,reqIdx=1,hash=221f7f80...
info|2019-11-12 07:39:49.070365|[g:1][CONSENSUS][PBFT]checkTimeout Succ,view=22429,toView=22430,nodeIdx=3,changeCycle=0,myNode=de0436d1...,timecost=0.613
info|2019-11-12 07:39:49.072112|[g:1][CONSENSUS][PBFT]checkAndChangeView: Reach consensus,org_view=22429,org_changeCycle=0,cur_changeCycle=0,to_view=22430
info|2019-11-12 07:39:50.073249|[g:1][CONSENSUS]addRawPrepare,height=1,reqIdx=2,hash=18a86e9b...
info|2019-11-12 07:39:50.073936|[g:1][CONSENSUS][PBFT]checkTimeout Succ,view=22430,toView=22431,nodeIdx=3,changeCycle=0,myNode=de0436d1...,timecost=0.473
info|2019-11-12 07:39:50.075210|[g:1][CONSENSUS][PBFT]checkAndChangeView: Reach consensus,org_view=22430,org_changeCycle=0,cur_changeCycle=0,to_view=22431
info|2019-11-12 07:39:51.076147|[g:1][CONSENSUS][SEALER]++++++++++++++++ Generating seal on,blkNum=1,tx=0,nodeIdx=3,hash=907c6286...
info|2019-11-12 07:39:51.077095|[g:1][CONSENSUS][PBFT]checkTimeout Succ,view=22431,toView=22432,nodeIdx=3,changeCycle=0,myNode=de0436d1...,timecost=0.477
info|2019-11-12 07:39:51.079689|[g:1][CONSENSUS][PBFT]checkAndChangeView: Reach consensus,org_view=22431,org_changeCycle=0,cur_changeCycle=0,to_view=22432
info|2019-11-12 07:39:52.081413|[g:1][CONSENSUS]addRawPrepare,height=1,reqIdx=0,hash=77cc7271...
info|2019-11-12 07:39:52.082278|[g:1][CONSENSUS][PBFT]checkTimeout Succ,view=22432,toView=22433,nodeIdx=3,changeCycle=0,myNode=de0436d1...,timecost=0.684
info|2019-11-12 07:39:52.083641|[g:1][CONSENSUS][PBFT]checkAndChangeView: Reach consensus,org_view=22432,org_changeCycle=0,cur_changeCycle=0,to_view=22433
info|2019-11-12 07:39:53.085064|[g:1][CONSENSUS]addRawPrepare,height=1,reqIdx=1,hash=9a21e9a8...
info|2019-11-12 07:39:53.085709|[g:1][CONSENSUS][PBFT]checkTimeout Succ,view=22433,toView=22434,nodeIdx=3,changeCycle=0,myNode=de0436d1...,timecost=0.496
info|2019-11-12 07:39:53.087315|[g:1][CONSENSUS][PBFT]checkAndChangeView: Reach consensus,org_view=22433,org_changeCycle=0,cur_changeCycle=0,to_view=22434
info|2019-11-12 07:39:54.009645|[P2P][Service] heartBeat,connected count=3
info|2019-11-12 07:39:54.089884|[g:1][CONSENSUS]addRawPrepare,height=1,reqIdx=2,hash=0312f4ad...
info|2019-11-12 07:39:54.090775|[g:1][CONSENSUS][PBFT]checkTimeout Succ,view=22434,toView=22435,nodeIdx=3,changeCycle=0,myNode=de0436d1...,timecost=0.715
info|2019-11-12 07:39:54.092367|[g:1][CONSENSUS][PBFT]checkAndChangeView: Reach consensus,org_view=22434,org_changeCycle=0,cur_changeCycle=0,to_view=22435
info|2019-11-12 07:39:55.093065|[g:1][CONSENSUS][SEALER]++++++++++++++++ Generating seal on,blkNum=1,tx=0,nodeIdx=3,hash=eee4f3d4...
info|2019-11-12 07:39:55.094070|[g:1][CONSENSUS][PBFT]checkTimeout Succ,view=22435,toView=22436,nodeIdx=3,changeCycle=0,myNode=de0436d1...,timecost=0.532
info|2019-11-12 07:39:55.096502|[g:1][CONSENSUS][PBFT]checkAndChangeView: Reach consensus,org_view=22435,org_changeCycle=0,cur_changeCycle=0,to_view=22436
info|2019-11-12 07:39:56.097769|[g:1][CONSENSUS]addRawPrepare,height=1,reqIdx=0,hash=284f514e...
info|2019-11-12 07:39:56.098325|[g:1][CONSENSUS][PBFT]checkTimeout Succ,view=22436,toView=22437,nodeIdx=3,changeCycle=0,myNode=de0436d1...,timecost=0.437
info|2019-11-12 07:39:56.099880|[g:1][CONSENSUS][PBFT]checkAndChangeView: Reach consensus,org_view=22436,org_changeCycle=0,cur_changeCycle=0,to_view=22437
info|2019-11-12 07:39:57.103017|[g:1][CONSENSUS]addRawPrepare,height=1,reqIdx=1,hash=925b6ed3...
info|2019-11-12 07:39:57.103615|[g:1][CONSENSUS][PBFT]checkTimeout Succ,view=22437,toView=22438,nodeIdx=3,changeCycle=0,myNode=de0436d1...,timecost=0.465
info|2019-11-12 07:39:57.105076|[g:1][CONSENSUS][PBFT]checkAndChangeView: Reach consensus,org_view=22437,org_changeCycle=0,cur_changeCycle=0,to_view=22438
info|2019-11-12 07:39:58.107597|[g:1][CONSENSUS]addRawPrepare,height=1,reqIdx=2,hash=45e0bca5...
info|2019-11-12 07:39:58.108280|[g:1][CONSENSUS][PBFT]checkTimeout Succ,view=22438,toView=22439,nodeIdx=3,changeCycle=0,myNode=de0436d1...,timecost=0.518
info|2019-11-12 07:39:58.109765|[g:1][CONSENSUS][PBFT]checkAndChangeView: Reach consensus,org_view=22438,org_changeCycle=0,cur_changeCycle=0,to_view=22439
info|2019-11-12 07:39:59.110341|[g:1][CONSENSUS][SEALER]++++++++++++++++ Generating seal on,blkNum=1,tx=0,nodeIdx=3,hash=d1b64656...
info|2019-11-12 07:39:59.114060|[g:1][CONSENSUS][PBFT]checkTimeout Succ,view=22439,toView=22440,nodeIdx=3,changeCycle=0,myNode=de0436d1...,timecost=0.535
info|2019-11-12 07:39:59.114934|[g:1][CONSENSUS][PBFT]checkAndChangeView: Reach consensus,org_view=22439,org_changeCycle=0,cur_changeCycle=0,to_view=22440
info|2019-11-12 07:40:00.116799|[g:1][CONSENSUS]addRawPrepare,height=1,reqIdx=0,hash=fd65925b...
info|2019-11-12 07:40:00.117501|[g:1][CONSENSUS][PBFT]checkTimeout Succ,view=22440,toView=22441,nodeIdx=3,changeCycle=0,myNode=de0436d1...,timecost=0.495
info|2019-11-12 07:40:00.119089|[g:1][CONSENSUS][PBFT]checkAndChangeView: Reach consensus,org_view=22440,org_changeCycle=0,cur_changeCycle=0,to_view=22441
info|2019-11-12 07:40:01.121838|[g:1][CONSENSUS]addRawPrepare,height=1,reqIdx=1,hash=4283a6b2...
info|2019-11-12 07:40:01.122474|[g:1][CONSENSUS][PBFT]checkTimeout Succ,view=22441,toView=22442,nodeIdx=3,changeCycle=0,myNode=de0436d1...,timecost=0.501
info|2019-11-12 07:40:01.124098|[g:1][CONSENSUS][PBFT]checkAndChangeView: Reach consensus,org_view=22441,org_changeCycle=0,cur_changeCycle=0,to_view=22442
info|2019-11-12 07:40:02.125477|[g:1][CONSENSUS]addRawPrepare,height=1,reqIdx=2,hash=c17770b5...
info|2019-11-12 07:40:02.126137|[g:1][CONSENSUS][PBFT]checkTimeout Succ,view=22442,toView=22443,nodeIdx=3,changeCycle=0,myNode=de0436d1...,timecost=0.476
info|2019-11-12 07:40:02.127868|[g:1][CONSENSUS][PBFT]checkAndChangeView: Reach consensus,org_view=22442,org_changeCycle=0,cur_changeCycle=0,to_view=22443
info|2019-11-12 07:40:03.128013|[g:1][CONSENSUS][SEALER]++++++++++++++++ Generating seal on,blkNum=1,tx=0,nodeIdx=3,hash=3340144a...
info|2019-11-12 07:40:03.128999|[g:1][CONSENSUS][PBFT]checkTimeout Succ,view=22443,toView=22444,nodeIdx=3,changeCycle=0,myNode=de0436d1...,timecost=0.481
info|2019-11-12 07:40:03.131532|[g:1][CONSENSUS][PBFT]checkAndChangeView: Reach consensus,org_view=22443,org_changeCycle=0,cur_changeCycle=0,to_view=22444
info|2019-11-12 07:40:04.018357|[P2P][Service] heartBeat,connected count=3
info|2019-11-12 07:40:04.133456|[g:1][CONSENSUS]addRawPrepare,height=1,reqIdx=0,hash=46a5ad47...
info|2019-11-12 07:40:04.134255|[g:1][CONSENSUS][PBFT]checkTimeout Succ,view=22444,toView=22445,nodeIdx=3,changeCycle=0,myNode=de0436d1...,timecost=0.64
info|2019-11-12 07:40:04.136384|[g:1][CONSENSUS][PBFT]checkAndChangeView: Reach consensus,org_view=22444,org_changeCycle=0,cur_changeCycle=0,to_view=22445
info|2019-11-12 07:40:05.138306|[g:1][CONSENSUS]addRawPrepare,height=1,reqIdx=1,hash=a707527a...
info|2019-11-12 07:40:05.138770|[g:1][CONSENSUS][PBFT]checkTimeout Succ,view=22445,toView=22446,nodeIdx=3,changeCycle=0,myNode=de0436d1...,timecost=0.394
info|2019-11-12 07:40:05.140124|[g:1][CONSENSUS][PBFT]checkAndChangeView: Reach consensus,org_view=22445,org_changeCycle=0,cur_changeCycle=0,to_view=22446
info|2019-11-12 07:40:06.142685|[g:1][CONSENSUS]addRawPrepare,height=1,reqIdx=2,hash=31bd3dec...
info|2019-11-12 07:40:06.143272|[g:1][CONSENSUS][PBFT]checkTimeout Succ,view=22446,toView=22447,nodeIdx=3,changeCycle=0,myNode=de0436d1...,timecost=0.464
info|2019-11-12 07:40:06.144732|[g:1][CONSENSUS][PBFT]checkAndChangeView: Reach consensus,org_view=22446,org_changeCycle=0,cur_changeCycle=0,to_view=22447
info|2019-11-12 07:40:07.144918|[g:1][CONSENSUS][SEALER]++++++++++++++++ Generating seal on,blkNum=1,tx=0,nodeIdx=3,hash=7697bbed...
info|2019-11-12 07:40:07.148177|[g:1][CONSENSUS][PBFT]checkTimeout Succ,view=22447,toView=22448,nodeIdx=3,changeCycle=0,myNode=de0436d1...,timecost=0.504
info|2019-11-12 07:40:07.149009|[g:1][CONSENSUS][PBFT]checkAndChangeView: Reach consensus,org_view=22447,org_changeCycle=0,cur_changeCycle=0,to_view=22448
info|2019-11-12 07:40:08.151098|[g:1][CONSENSUS]addRawPrepare,height=1,reqIdx=0,hash=6d99e2cf...
info|2019-11-12 07:40:08.151705|[g:1][CONSENSUS][PBFT]checkTimeout Succ,view=22448,toView=22449,nodeIdx=3,changeCycle=0,myNode=de0436d1...,timecost=0.449
info|2019-11-12 07:40:08.153181|[g:1][CONSENSUS][PBFT]checkAndChangeView: Reach consensus,org_view=22448,org_changeCycle=0,cur_changeCycle=0,to_view=22449
info|2019-11-12 07:40:09.155988|[g:1][CONSENSUS]addRawPrepare,height=1,reqIdx=1,hash=f049038e...
info|2019-11-12 07:40:09.156872|[g:1][CONSENSUS][PBFT]checkTimeout Succ,view=22449,toView=22450,nodeIdx=3,changeCycle=0,myNode=de0436d1...,timecost=0.697
info|2019-11-12 07:40:09.158887|[g:1][CONSENSUS][PBFT]checkAndChangeView: Reach consensus,org_view=22449,org_changeCycle=0,cur_changeCycle=0,to_view=22450
info|2019-11-12 07:40:10.159814|[g:1][CONSENSUS]addRawPrepare,height=1,reqIdx=2,hash=9fa3c2eb...
info|2019-11-12 07:40:10.160481|[g:1][CONSENSUS][PBFT]checkTimeout Succ,view=22450,toView=22451,nodeIdx=3,changeCycle=0,myNode=de0436d1...,timecost=0.517
info|2019-11-12 07:40:10.162052|[g:1][CONSENSUS][PBFT]checkAndChangeView: Reach consensus,org_view=22450,org_changeCycle=0,cur_changeCycle=0,to_view=22451
info|2019-11-12 07:40:11.163809|[g:1][CONSENSUS][SEALER]++++++++++++++++ Generating seal on,blkNum=1,tx=0,nodeIdx=3,hash=b78e2c43...
info|2019-11-12 07:40:11.164882|[g:1][CONSENSUS][PBFT]checkTimeout Succ,view=22451,toView=22452,nodeIdx=3,changeCycle=0,myNode=de0436d1...,timecost=0.594
info|2019-11-12 07:40:11.167552|[g:1][CONSENSUS][PBFT]checkAndChangeView: Reach consensus,org_view=22451,org_changeCycle=0,cur_changeCycle=0,to_view=22452
info|2019-11-12 07:40:12.169959|[g:1][CONSENSUS]addRawPrepare,height=1,reqIdx=0,hash=ad816ab2...
info|2019-11-12 07:40:12.170566|[g:1][CONSENSUS][PBFT]checkTimeout Succ,view=22452,toView=22453,nodeIdx=3,changeCycle=0,myNode=de0436d1...,timecost=0.472
info|2019-11-12 07:40:12.172063|[g:1][CONSENSUS][PBFT]checkAndChangeView: Reach consensus,org_view=22452,org_changeCycle=0,cur_changeCycle=0,to_view=22453
info|2019-11-12 07:40:13.174001|[g:1][CONSENSUS]addRawPrepare,height=1,reqIdx=1,hash=9f085e50...
info|2019-11-12 07:40:13.174725|[g:1][CONSENSUS][PBFT]checkTimeout Succ,view=22453,toView=22454,nodeIdx=3,changeCycle=0,myNode=de0436d1...,timecost=0.552
info|2019-11-12 07:40:13.176248|[g:1][CONSENSUS][PBFT]checkAndChangeView: Reach consensus,org_view=22453,org_changeCycle=0,cur_changeCycle=0,to_view=22454
info|2019-11-12 07:40:14.021200|[P2P][Service] heartBeat,connected count=3
info|2019-11-12 07:40:14.177748|[g:1][CONSENSUS]addRawPrepare,height=1,reqIdx=2,hash=08eba243...
info|2019-11-12 07:40:14.178763|[g:1][CONSENSUS][PBFT]checkTimeout Succ,view=22454,toView=22455,nodeIdx=3,changeCycle=0,myNode=de0436d1...,timecost=0.858
info|2019-11-12 07:40:14.180543|[g:1][CONSENSUS][PBFT]checkAndChangeView: Reach consensus,org_view=22454,org_changeCycle=0,cur_changeCycle=0,to_view=22455
info|2019-11-12 07:40:15.180785|[g:1][CONSENSUS][SEALER]++++++++++++++++ Generating seal on,blkNum=1,tx=0,nodeIdx=3,hash=6678de7c...
info|2019-11-12 07:40:15.183851|[g:1][CONSENSUS][PBFT]checkTimeout Succ,view=22455,toView=22456,nodeIdx=3,changeCycle=0,myNode=de0436d1...,timecost=0.464
info|2019-11-12 07:40:15.184622|[g:1][CONSENSUS][PBFT]checkAndChangeView: Reach consensus,org_view=22455,org_changeCycle=0,cur_changeCycle=0,to_view=22456
info|2019-11-12 07:40:16.186553|[g:1][CONSENSUS]addRawPrepare,height=1,reqIdx=0,hash=475fc306...
info|2019-11-12 07:40:16.187214|[g:1][CONSENSUS][PBFT]checkTimeout Succ,view=22456,toView=22457,nodeIdx=3,changeCycle=0,myNode=de0436d1...,timecost=0.503
info|2019-11-12 07:40:16.188568|[g:1][CONSENSUS][PBFT]checkAndChangeView: Reach consensus,org_view=22456,org_changeCycle=0,cur_changeCycle=0,to_view=22457
info|2019-11-12 07:40:17.190189|[g:1][CONSENSUS]addRawPrepare,height=1,reqIdx=1,hash=b81820bb...
info|2019-11-12 07:40:17.190705|[g:1][CONSENSUS][PBFT]checkTimeout Succ,view=22457,toView=22458,nodeIdx=3,changeCycle=0,myNode=de0436d1...,timecost=0.398
info|2019-11-12 07:40:17.191813|[g:1][CONSENSUS][PBFT]checkAndChangeView: Reach consensus,org_view=22457,org_changeCycle=0,cur_changeCycle=0,to_view=22458
info|2019-11-12 07:40:18.193250|[g:1][CONSENSUS]addRawPrepare,height=1,reqIdx=2,hash=ac0de649...
info|2019-11-12 07:40:18.193877|[g:1][CONSENSUS][PBFT]checkTimeout Succ,view=22458,toView=22459,nodeIdx=3,changeCycle=0,myNode=de0436d1...,timecost=0.481
info|2019-11-12 07:40:18.195541|[g:1][CONSENSUS][PBFT]checkAndChangeView: Reach consensus,org_view=22458,org_changeCycle=0,cur_changeCycle=0,to_view=22459
info|2019-11-12 07:40:19.195505|[g:1][CONSENSUS][SEALER]++++++++++++++++ Generating seal on,blkNum=1,tx=0,nodeIdx=3,hash=e4357152...
info|2019-11-12 07:40:19.196631|[g:1][CONSENSUS][PBFT]checkTimeout Succ,view=22459,toView=22460,nodeIdx=3,changeCycle=0,myNode=de0436d1...,timecost=0.681
info|2019-11-12 07:40:19.199433|[g:1][CONSENSUS][PBFT]checkAndChangeView: Reach consensus,org_view=22459,org_changeCycle=0,cur_changeCycle=0,to_view=22460
