warning|2019-11-14 04:23:36.002296|[g:1][CONSENSUS][PBFT]ViewChangeWarning: not caused by omit empty block ,v=98608,toV=98609,curNum=0,hash=f72cae63...,nodeIdx=1,myNode=2dce86f9...
info|2019-11-14 04:23:36.002500|[g:1][CONSENSUS][PBFT]checkTimeout Succ,view=98608,toView=98609,nodeIdx=1,changeCycle=1,myNode=2dce86f9...,timecost=0.674
info|2019-11-14 04:23:36.002899|[P2P][Service] heartBeat,connected count=3
info|2019-11-14 04:23:36.009544|[g:1][CONSENSUS][PBFT]checkAndChangeView: Reach consensus,org_view=98608,org_changeCycle=1,cur_changeCycle=1,to_view=98609
info|2019-11-14 04:23:37.009630|[g:1][CONSENSUS][SEALER]++++++++++++++++ Generating seal on,blkNum=1,tx=0,nodeIdx=1,hash=054bbe39...
info|2019-11-14 04:23:37.012086|[g:1][CONSENSUS][PBFT]checkTimeout Succ,view=98609,toView=98610,nodeIdx=1,changeCycle=0,myNode=2dce86f9...,timecost=0.318
info|2019-11-14 04:23:37.012646|[g:1][CONSENSUS][PBFT]checkAndChangeView: Reach consensus,org_view=98609,org_changeCycle=0,cur_changeCycle=0,to_view=98610
info|2019-11-14 04:23:38.013604|[g:1][CONSENSUS]addRawPrepare,height=1,reqIdx=2,hash=b496e609...
info|2019-11-14 04:23:38.014413|[g:1][CONSENSUS][PBFT]checkTimeout Succ,view=98610,toView=98611,nodeIdx=1,changeCycle=0,myNode=2dce86f9...,timecost=0.685
info|2019-11-14 04:23:38.015907|[g:1][CONSENSUS][PBFT]checkAndChangeView: Reach consensus,org_view=98610,org_changeCycle=0,cur_changeCycle=0,to_view=98611
info|2019-11-14 04:23:39.016732|[g:1][CONSENSUS]addRawPrepare,height=1,reqIdx=3,hash=9c0e3ec7...
info|2019-11-14 04:23:39.017294|[g:1][CONSENSUS][PBFT]checkTimeout Succ,view=98611,toView=98612,nodeIdx=1,changeCycle=0,myNode=2dce86f9...,timecost=0.422
info|2019-11-14 04:23:39.018515|[g:1][CONSENSUS][PBFT]checkAndChangeView: Reach consensus,org_view=98611,org_changeCycle=0,cur_changeCycle=0,to_view=98612
info|2019-11-14 04:23:40.019679|[g:1][CONSENSUS]addRawPrepare,height=1,reqIdx=0,hash=b6ef53b4...
info|2019-11-14 04:23:40.020232|[g:1][CONSENSUS][PBFT]checkTimeout Succ,view=98612,toView=98613,nodeIdx=1,changeCycle=0,myNode=2dce86f9...,timecost=0.435
info|2019-11-14 04:23:40.021479|[g:1][CONSENSUS][PBFT]checkAndChangeView: Reach consensus,org_view=98612,org_changeCycle=0,cur_changeCycle=0,to_view=98613
info|2019-11-14 04:23:41.021756|[g:1][CONSENSUS][SEALER]++++++++++++++++ Generating seal on,blkNum=1,tx=0,nodeIdx=1,hash=79feb95e...
info|2019-11-14 04:23:41.022434|[g:1][CONSENSUS][PBFT]checkTimeout Succ,view=98613,toView=98614,nodeIdx=1,changeCycle=0,myNode=2dce86f9...,timecost=0.371
info|2019-11-14 04:23:41.024506|[g:1][CONSENSUS][PBFT]checkAndChangeView: Reach consensus,org_view=98613,org_changeCycle=0,cur_changeCycle=0,to_view=98614
info|2019-11-14 04:23:42.025375|[g:1][CONSENSUS]addRawPrepare,height=1,reqIdx=2,hash=523c6f30...
info|2019-11-14 04:23:42.025933|[g:1][CONSENSUS][PBFT]checkTimeout Succ,view=98614,toView=98615,nodeIdx=1,changeCycle=0,myNode=2dce86f9...,timecost=0.418
info|2019-11-14 04:23:42.027382|[g:1][CONSENSUS][PBFT]checkAndChangeView: Reach consensus,org_view=98614,org_changeCycle=0,cur_changeCycle=0,to_view=98615
info|2019-11-14 04:23:43.027441|[g:1][CONSENSUS]addRawPrepare,height=1,reqIdx=3,hash=f2f1f6fb...
info|2019-11-14 04:23:43.028034|[g:1][CONSENSUS][PBFT]checkTimeout Succ,view=98615,toView=98616,nodeIdx=1,changeCycle=0,myNode=2dce86f9...,timecost=0.49
info|2019-11-14 04:23:43.029165|[g:1][CONSENSUS][PBFT]checkAndChangeView: Reach consensus,org_view=98615,org_changeCycle=0,cur_changeCycle=0,to_view=98616
info|2019-11-14 04:23:44.030386|[g:1][CONSENSUS]addRawPrepare,height=1,reqIdx=0,hash=6bf1da16...
info|2019-11-14 04:23:44.031111|[g:1][CONSENSUS][PBFT]checkTimeout Succ,view=98616,toView=98617,nodeIdx=1,changeCycle=0,myNode=2dce86f9...,timecost=0.564
info|2019-11-14 04:23:44.033129|[g:1][CONSENSUS][PBFT]checkAndChangeView: Reach consensus,org_view=98616,org_changeCycle=0,cur_changeCycle=0,to_view=98617
info|2019-11-14 04:23:45.033396|[g:1][CONSENSUS][SEALER]++++++++++++++++ Generating seal on,blkNum=1,tx=0,nodeIdx=1,hash=99c95fc5...
info|2019-11-14 04:23:45.036105|[g:1][CONSENSUS][PBFT]checkTimeout Succ,view=98617,toView=98618,nodeIdx=1,changeCycle=0,myNode=2dce86f9...,timecost=0.39
info|2019-11-14 04:23:45.037485|[g:1][CONSENSUS][PBFT]checkAndChangeView: Reach consensus,org_view=98617,org_changeCycle=0,cur_changeCycle=0,to_view=98618
info|2019-11-14 04:23:46.010694|[P2P][Service] heartBeat,connected count=3
info|2019-11-14 04:23:46.037543|[g:1][CONSENSUS]addRawPrepare,height=1,reqIdx=2,hash=3408207e...
info|2019-11-14 04:23:46.038619|[g:1][CONSENSUS][PBFT]checkTimeout Succ,view=98618,toView=98619,nodeIdx=1,changeCycle=0,myNode=2dce86f9...,timecost=0.884
info|2019-11-14 04:23:46.040105|[g:1][CONSENSUS][PBFT]checkAndChangeView: Reach consensus,org_view=98618,org_changeCycle=0,cur_changeCycle=0,to_view=98619
info|2019-11-14 04:23:47.042659|[g:1][CONSENSUS]addRawPrepare,height=1,reqIdx=3,hash=14ce8a36...
info|2019-11-14 04:23:47.043295|[g:1][CONSENSUS][PBFT]checkTimeout Succ,view=98619,toView=98620,nodeIdx=1,changeCycle=0,myNode=2dce86f9...,timecost=0.483
info|2019-11-14 04:23:47.045236|[g:1][CONSENSUS][PBFT]checkAndChangeView: Reach consensus,org_view=98619,org_changeCycle=0,cur_changeCycle=0,to_view=98620
info|2019-11-14 04:23:48.047094|[g:1][CONSENSUS]addRawPrepare,height=1,reqIdx=0,hash=3b534740...
info|2019-11-14 04:23:48.047787|[g:1][CONSENSUS][PBFT]checkTimeout Succ,view=98620,toView=98621,nodeIdx=1,changeCycle=0,myNode=2dce86f9...,timecost=0.485
info|2019-11-14 04:23:48.049180|[g:1][CONSENSUS][PBFT]checkAndChangeView: Reach consensus,org_view=98620,org_changeCycle=0,cur_changeCycle=0,to_view=98621
info|2019-11-14 04:23:49.049318|[g:1][CONSENSUS][SEALER]++++++++++++++++ Generating seal on,blkNum=1,tx=0,nodeIdx=1,hash=276c57bf...
info|2019-11-14 04:23:49.052845|[g:1][CONSENSUS][PBFT]checkTimeout Succ,view=98621,toView=98622,nodeIdx=1,changeCycle=0,myNode=2dce86f9...,timecost=0.532
info|2019-11-14 04:23:49.053635|[g:1][CONSENSUS][PBFT]checkAndChangeView: Reach consensus,org_view=98621,org_changeCycle=0,cur_changeCycle=0,to_view=98622
info|2019-11-14 04:23:50.055975|[g:1][CONSENSUS]addRawPrepare,height=1,reqIdx=2,hash=fb40c60d...
info|2019-11-14 04:23:50.056636|[g:1][CONSENSUS][PBFT]checkTimeout Succ,view=98622,toView=98623,nodeIdx=1,changeCycle=0,myNode=2dce86f9...,timecost=0.485
info|2019-11-14 04:23:50.058139|[g:1][CONSENSUS][PBFT]checkAndChangeView: Reach consensus,org_view=98622,org_changeCycle=0,cur_changeCycle=0,to_view=98623
info|2019-11-14 04:23:51.059988|[g:1][CONSENSUS]addRawPrepare,height=1,reqIdx=3,hash=0d3cc5d2...
info|2019-11-14 04:23:51.061311|[g:1][CONSENSUS][PBFT]checkTimeout Succ,view=98623,toView=98624,nodeIdx=1,changeCycle=0,myNode=2dce86f9...,timecost=1.17
info|2019-11-14 04:23:51.062719|[g:1][CONSENSUS][PBFT]checkAndChangeView: Reach consensus,org_view=98623,org_changeCycle=0,cur_changeCycle=0,to_view=98624
info|2019-11-14 04:23:52.064297|[g:1][CONSENSUS]addRawPrepare,height=1,reqIdx=0,hash=c7a4b8db...
info|2019-11-14 04:23:52.064971|[g:1][CONSENSUS][PBFT]checkTimeout Succ,view=98624,toView=98625,nodeIdx=1,changeCycle=0,myNode=2dce86f9...,timecost=0.535
info|2019-11-14 04:23:52.066526|[g:1][CONSENSUS][PBFT]checkAndChangeView: Reach consensus,org_view=98624,org_changeCycle=0,cur_changeCycle=0,to_view=98625
info|2019-11-14 04:23:53.066702|[g:1][CONSENSUS][SEALER]++++++++++++++++ Generating seal on,blkNum=1,tx=0,nodeIdx=1,hash=aa90f0ee...
info|2019-11-14 04:23:53.067755|[g:1][CONSENSUS][PBFT]checkTimeout Succ,view=98625,toView=98626,nodeIdx=1,changeCycle=0,myNode=2dce86f9...,timecost=0.577
info|2019-11-14 04:23:53.070289|[g:1][CONSENSUS][PBFT]checkAndChangeView: Reach consensus,org_view=98625,org_changeCycle=0,cur_changeCycle=0,to_view=98626
info|2019-11-14 04:23:54.071772|[g:1][CONSENSUS]addRawPrepare,height=1,reqIdx=2,hash=94cfc558...
info|2019-11-14 04:23:54.072198|[g:1][CONSENSUS][PBFT]checkTimeout Succ,view=98626,toView=98627,nodeIdx=1,changeCycle=0,myNode=2dce86f9...,timecost=0.296
info|2019-11-14 04:23:54.073348|[g:1][CONSENSUS][PBFT]checkAndChangeView: Reach consensus,org_view=98626,org_changeCycle=0,cur_changeCycle=0,to_view=98627
info|2019-11-14 04:23:55.075116|[g:1][CONSENSUS]addRawPrepare,height=1,reqIdx=3,hash=2cca0683...
info|2019-11-14 04:23:55.075610|[g:1][CONSENSUS][PBFT]checkTimeout Succ,view=98627,toView=98628,nodeIdx=1,changeCycle=0,myNode=2dce86f9...,timecost=0.361
info|2019-11-14 04:23:55.077019|[g:1][CONSENSUS][PBFT]checkAndChangeView: Reach consensus,org_view=98627,org_changeCycle=0,cur_changeCycle=0,to_view=98628
info|2019-11-14 04:23:56.015878|[P2P][Service] heartBeat,connected count=3
info|2019-11-14 04:23:56.078897|[g:1][CONSENSUS]addRawPrepare,height=1,reqIdx=0,hash=bb105278...
info|2019-11-14 04:23:56.080054|[g:1][CONSENSUS][PBFT]checkTimeout Succ,view=98628,toView=98629,nodeIdx=1,changeCycle=0,myNode=2dce86f9...,timecost=0.993
info|2019-11-14 04:23:56.081401|[g:1][CONSENSUS][PBFT]checkAndChangeView: Reach consensus,org_view=98628,org_changeCycle=0,cur_changeCycle=0,to_view=98629
info|2019-11-14 04:23:57.081464|[g:1][CONSENSUS][SEALER]++++++++++++++++ Generating seal on,blkNum=1,tx=0,nodeIdx=1,hash=eab86fd2...
info|2019-11-14 04:23:57.082353|[g:1][CONSENSUS][PBFT]checkTimeout Succ,view=98629,toView=98630,nodeIdx=1,changeCycle=0,myNode=2dce86f9...,timecost=0.443
info|2019-11-14 04:23:57.084589|[g:1][CONSENSUS][PBFT]checkAndChangeView: Reach consensus,org_view=98629,org_changeCycle=0,cur_changeCycle=0,to_view=98630
info|2019-11-14 04:23:58.087041|[g:1][CONSENSUS]addRawPrepare,height=1,reqIdx=2,hash=6d39be07...
info|2019-11-14 04:23:58.087947|[g:1][CONSENSUS][PBFT]checkTimeout Succ,view=98630,toView=98631,nodeIdx=1,changeCycle=0,myNode=2dce86f9...,timecost=0.779
info|2019-11-14 04:23:58.089360|[g:1][CONSENSUS][PBFT]checkAndChangeView: Reach consensus,org_view=98630,org_changeCycle=0,cur_changeCycle=0,to_view=98631
info|2019-11-14 04:23:59.091122|[g:1][CONSENSUS]addRawPrepare,height=1,reqIdx=3,hash=b5069300...
info|2019-11-14 04:23:59.091748|[g:1][CONSENSUS][PBFT]checkTimeout Succ,view=98631,toView=98632,nodeIdx=1,changeCycle=0,myNode=2dce86f9...,timecost=0.479
info|2019-11-14 04:23:59.093229|[g:1][CONSENSUS][PBFT]checkAndChangeView: Reach consensus,org_view=98631,org_changeCycle=0,cur_changeCycle=0,to_view=98632
info|2019-11-14 04:24:00.094787|[g:1][CONSENSUS]addRawPrepare,height=1,reqIdx=0,hash=3a58025e...
info|2019-11-14 04:24:00.095374|[g:1][CONSENSUS][PBFT]checkTimeout Succ,view=98632,toView=98633,nodeIdx=1,changeCycle=0,myNode=2dce86f9...,timecost=0.452
info|2019-11-14 04:24:00.096872|[g:1][CONSENSUS][PBFT]checkAndChangeView: Reach consensus,org_view=98632,org_changeCycle=0,cur_changeCycle=0,to_view=98633
info|2019-11-14 04:24:01.097458|[g:1][CONSENSUS][SEALER]++++++++++++++++ Generating seal on,blkNum=1,tx=0,nodeIdx=1,hash=8c2b1ecc...
info|2019-11-14 04:24:01.098788|[g:1][CONSENSUS][PBFT]checkTimeout Succ,view=98633,toView=98634,nodeIdx=1,changeCycle=0,myNode=2dce86f9...,timecost=0.848
info|2019-11-14 04:24:01.101474|[g:1][CONSENSUS][PBFT]checkAndChangeView: Reach consensus,org_view=98633,org_changeCycle=0,cur_changeCycle=0,to_view=98634
info|2019-11-14 04:24:02.103204|[g:1][CONSENSUS]addRawPrepare,height=1,reqIdx=2,hash=73e8b3a1...
info|2019-11-14 04:24:02.103964|[g:1][CONSENSUS][PBFT]checkTimeout Succ,view=98634,toView=98635,nodeIdx=1,changeCycle=0,myNode=2dce86f9...,timecost=0.594
info|2019-11-14 04:24:02.105402|[g:1][CONSENSUS][PBFT]checkAndChangeView: Reach consensus,org_view=98634,org_changeCycle=0,cur_changeCycle=0,to_view=98635
info|2019-11-14 04:24:03.106724|[g:1][CONSENSUS]addRawPrepare,height=1,reqIdx=3,hash=0cfbe589...
info|2019-11-14 04:24:03.107366|[g:1][CONSENSUS][PBFT]checkTimeout Succ,view=98635,toView=98636,nodeIdx=1,changeCycle=0,myNode=2dce86f9...,timecost=0.488
info|2019-11-14 04:24:03.108659|[g:1][CONSENSUS][PBFT]checkAndChangeView: Reach consensus,org_view=98635,org_changeCycle=0,cur_changeCycle=0,to_view=98636
info|2019-11-14 04:24:04.110764|[g:1][CONSENSUS]addRawPrepare,height=1,reqIdx=0,hash=a7c7bed9...
info|2019-11-14 04:24:04.111436|[g:1][CONSENSUS][PBFT]checkTimeout Succ,view=98636,toView=98637,nodeIdx=1,changeCycle=0,myNode=2dce86f9...,timecost=0.511
info|2019-11-14 04:24:04.112903|[g:1][CONSENSUS][PBFT]checkAndChangeView: Reach consensus,org_view=98636,org_changeCycle=0,cur_changeCycle=0,to_view=98637
info|2019-11-14 04:24:05.112323|[g:1][CONSENSUS][SEALER]++++++++++++++++ Generating seal on,blkNum=1,tx=0,nodeIdx=1,hash=3175db04...
info|2019-11-14 04:24:05.113272|[g:1][CONSENSUS][PBFT]checkTimeout Succ,view=98637,toView=98638,nodeIdx=1,changeCycle=0,myNode=2dce86f9...,timecost=0.465
info|2019-11-14 04:24:05.115850|[g:1][CONSENSUS][PBFT]checkAndChangeView: Reach consensus,org_view=98637,org_changeCycle=0,cur_changeCycle=0,to_view=98638
info|2019-11-14 04:24:06.022520|[P2P][Service] heartBeat,connected count=3
info|2019-11-14 04:24:06.118692|[g:1][CONSENSUS]addRawPrepare,height=1,reqIdx=2,hash=260d68ab...
info|2019-11-14 04:24:06.119948|[g:1][CONSENSUS][PBFT]checkTimeout Succ,view=98638,toView=98639,nodeIdx=1,changeCycle=0,myNode=2dce86f9...,timecost=1.135
info|2019-11-14 04:24:06.121417|[g:1][CONSENSUS][PBFT]checkAndChangeView: Reach consensus,org_view=98638,org_changeCycle=0,cur_changeCycle=0,to_view=98639
info|2019-11-14 04:24:07.122824|[g:1][CONSENSUS]addRawPrepare,height=1,reqIdx=3,hash=d1b0a8e0...
info|2019-11-14 04:24:07.123512|[g:1][CONSENSUS][PBFT]checkTimeout Succ,view=98639,toView=98640,nodeIdx=1,changeCycle=0,myNode=2dce86f9...,timecost=0.544
info|2019-11-14 04:24:07.125406|[g:1][CONSENSUS][PBFT]checkAndChangeView: Reach consensus,org_view=98639,org_changeCycle=0,cur_changeCycle=0,to_view=98640
info|2019-11-14 04:24:08.126606|[g:1][CONSENSUS]addRawPrepare,height=1,reqIdx=0,hash=b270be8b...
info|2019-11-14 04:24:08.127243|[g:1][CONSENSUS][PBFT]checkTimeout Succ,view=98640,toView=98641,nodeIdx=1,changeCycle=0,myNode=2dce86f9...,timecost=0.492
info|2019-11-14 04:24:08.128878|[g:1][CONSENSUS][PBFT]checkAndChangeView: Reach consensus,org_view=98640,org_changeCycle=0,cur_changeCycle=0,to_view=98641
info|2019-11-14 04:24:09.128220|[g:1][CONSENSUS][SEALER]++++++++++++++++ Generating seal on,blkNum=1,tx=0,nodeIdx=1,hash=b3807122...
info|2019-11-14 04:24:09.128999|[g:1][CONSENSUS][PBFT]checkTimeout Succ,view=98641,toView=98642,nodeIdx=1,changeCycle=0,myNode=2dce86f9...,timecost=0.373
info|2019-11-14 04:24:09.131733|[g:1][CONSENSUS][PBFT]checkAndChangeView: Reach consensus,org_view=98641,org_changeCycle=0,cur_changeCycle=0,to_view=98642
info|2019-11-14 04:24:10.133740|[g:1][CONSENSUS]addRawPrepare,height=1,reqIdx=2,hash=26e07028...
info|2019-11-14 04:24:10.134366|[g:1][CONSENSUS][PBFT]checkTimeout Succ,view=98642,toView=98643,nodeIdx=1,changeCycle=0,myNode=2dce86f9...,timecost=0.437
info|2019-11-14 04:24:10.135860|[g:1][CONSENSUS][PBFT]checkAndChangeView: Reach consensus,org_view=98642,org_changeCycle=0,cur_changeCycle=0,to_view=98643
info|2019-11-14 04:24:11.136719|[g:1][CONSENSUS]addRawPrepare,height=1,reqIdx=3,hash=ec1c6108...
info|2019-11-14 04:24:11.137919|[g:1][CONSENSUS][PBFT]checkTimeout Succ,view=98643,toView=98644,nodeIdx=1,changeCycle=0,myNode=2dce86f9...,timecost=0.942
info|2019-11-14 04:24:11.139300|[g:1][CONSENSUS][PBFT]checkAndChangeView: Reach consensus,org_view=98643,org_changeCycle=0,cur_changeCycle=0,to_view=98644
info|2019-11-14 04:24:12.141376|[g:1][CONSENSUS]addRawPrepare,height=1,reqIdx=0,hash=4796e788...
info|2019-11-14 04:24:12.142002|[g:1][CONSENSUS][PBFT]checkTimeout Succ,view=98644,toView=98645,nodeIdx=1,changeCycle=0,myNode=2dce86f9...,timecost=0.464
info|2019-11-14 04:24:12.143694|[g:1][CONSENSUS][PBFT]checkAndChangeView: Reach consensus,org_view=98644,org_changeCycle=0,cur_changeCycle=0,to_view=98645
info|2019-11-14 04:24:13.143304|[g:1][CONSENSUS][SEALER]++++++++++++++++ Generating seal on,blkNum=1,tx=0,nodeIdx=1,hash=aa3a02dd...
info|2019-11-14 04:24:13.144248|[g:1][CONSENSUS][PBFT]checkTimeout Succ,view=98645,toView=98646,nodeIdx=1,changeCycle=0,myNode=2dce86f9...,timecost=0.495
info|2019-11-14 04:24:13.146836|[g:1][CONSENSUS][PBFT]checkAndChangeView: Reach consensus,org_view=98645,org_changeCycle=0,cur_changeCycle=0,to_view=98646
info|2019-11-14 04:24:14.148936|[g:1][CONSENSUS]addRawPrepare,height=1,reqIdx=2,hash=4befcebd...
info|2019-11-14 04:24:14.149809|[g:1][CONSENSUS][PBFT]checkTimeout Succ,view=98646,toView=98647,nodeIdx=1,changeCycle=0,myNode=2dce86f9...,timecost=0.712
info|2019-11-14 04:24:14.151076|[g:1][CONSENSUS][PBFT]checkAndChangeView: Reach consensus,org_view=98646,org_changeCycle=0,cur_changeCycle=0,to_view=98647
info|2019-11-14 04:24:15.152099|[g:1][CONSENSUS]addRawPrepare,height=1,reqIdx=3,hash=dd7ce14a...
info|2019-11-14 04:24:15.152797|[g:1][CONSENSUS][PBFT]checkTimeout Succ,view=98647,toView=98648,nodeIdx=1,changeCycle=0,myNode=2dce86f9...,timecost=0.557
info|2019-11-14 04:24:15.154214|[g:1][CONSENSUS][PBFT]checkAndChangeView: Reach consensus,org_view=98647,org_changeCycle=0,cur_changeCycle=0,to_view=98648
info|2019-11-14 04:24:16.029215|[P2P][Service] heartBeat,connected count=3
info|2019-11-14 04:24:16.156382|[g:1][CONSENSUS]addRawPrepare,height=1,reqIdx=0,hash=62544f11...
info|2019-11-14 04:24:16.157086|[g:1][CONSENSUS][PBFT]checkTimeout Succ,view=98648,toView=98649,nodeIdx=1,changeCycle=0,myNode=2dce86f9...,timecost=0.571
info|2019-11-14 04:24:16.158703|[g:1][CONSENSUS][PBFT]checkAndChangeView: Reach consensus,org_view=98648,org_changeCycle=0,cur_changeCycle=0,to_view=98649
info|2019-11-14 04:24:17.647274|[g:1][CONSENSUS][SEALER]++++++++++++++++ Generating seal on,blkNum=1,tx=0,nodeIdx=1,hash=35d2c711...
info|2019-11-14 04:24:17.652584|[g:1][CONSENSUS][PBFT]checkTimeout Succ,view=98649,toView=98650,nodeIdx=1,changeCycle=0,myNode=2dce86f9...,timecost=0.614
info|2019-11-14 04:24:17.653153|[g:1][CONSENSUS][PBFT]checkAndChangeView: Reach consensus,org_view=98649,org_changeCycle=0,cur_changeCycle=0,to_view=98650
info|2019-11-14 04:24:18.653959|[g:1][CONSENSUS]addRawPrepare,height=1,reqIdx=2,hash=b5607a20...
info|2019-11-14 04:24:18.654449|[g:1][CONSENSUS][PBFT]checkTimeout Succ,view=98650,toView=98651,nodeIdx=1,changeCycle=0,myNode=2dce86f9...,timecost=0.391
info|2019-11-14 04:24:18.655889|[g:1][CONSENSUS][PBFT]checkAndChangeView: Reach consensus,org_view=98650,org_changeCycle=0,cur_changeCycle=0,to_view=98651
info|2019-11-14 04:24:19.657632|[g:1][CONSENSUS]addRawPrepare,height=1,reqIdx=3,hash=be07a7ad...
info|2019-11-14 04:24:19.658347|[g:1][CONSENSUS][PBFT]checkTimeout Succ,view=98651,toView=98652,nodeIdx=1,changeCycle=0,myNode=2dce86f9...,timecost=0.547
info|2019-11-14 04:24:19.660093|[g:1][CONSENSUS][PBFT]checkAndChangeView: Reach consensus,org_view=98651,org_changeCycle=0,cur_changeCycle=0,to_view=98652
info|2019-11-14 04:24:20.661507|[g:1][CONSENSUS]addRawPrepare,height=1,reqIdx=0,hash=193c7341...
info|2019-11-14 04:24:20.662085|[g:1][CONSENSUS][PBFT]checkTimeout Succ,view=98652,toView=98653,nodeIdx=1,changeCycle=0,myNode=2dce86f9...,timecost=0.427
info|2019-11-14 04:24:20.663764|[g:1][CONSENSUS][PBFT]checkAndChangeView: Reach consensus,org_view=98652,org_changeCycle=0,cur_changeCycle=0,to_view=98653
info|2019-11-14 04:24:21.663602|[g:1][CONSENSUS][SEALER]++++++++++++++++ Generating seal on,blkNum=1,tx=0,nodeIdx=1,hash=3d776bf6...
info|2019-11-14 04:24:21.666887|[g:1][CONSENSUS][PBFT]checkTimeout Succ,view=98653,toView=98654,nodeIdx=1,changeCycle=0,myNode=2dce86f9...,timecost=0.43
info|2019-11-14 04:24:21.667630|[g:1][CONSENSUS][PBFT]checkAndChangeView: Reach consensus,org_view=98653,org_changeCycle=0,cur_changeCycle=0,to_view=98654
info|2019-11-14 04:24:22.668322|[g:1][CONSENSUS]addRawPrepare,height=1,reqIdx=2,hash=0a461a33...
info|2019-11-14 04:24:22.668992|[g:1][CONSENSUS][PBFT]checkTimeout Succ,view=98654,toView=98655,nodeIdx=1,changeCycle=0,myNode=2dce86f9...,timecost=0.518
info|2019-11-14 04:24:22.670425|[g:1][CONSENSUS][PBFT]checkAndChangeView: Reach consensus,org_view=98654,org_changeCycle=0,cur_changeCycle=0,to_view=98655
info|2019-11-14 04:24:23.671667|[g:1][CONSENSUS]addRawPrepare,height=1,reqIdx=3,hash=6a657c46...
info|2019-11-14 04:24:23.672280|[g:1][CONSENSUS][PBFT]checkTimeout Succ,view=98655,toView=98656,nodeIdx=1,changeCycle=0,myNode=2dce86f9...,timecost=0.475
info|2019-11-14 04:24:23.673787|[g:1][CONSENSUS][PBFT]checkAndChangeView: Reach consensus,org_view=98655,org_changeCycle=0,cur_changeCycle=0,to_view=98656
info|2019-11-14 04:24:24.676538|[g:1][CONSENSUS]addRawPrepare,height=1,reqIdx=0,hash=141ea9ba...
info|2019-11-14 04:24:24.677142|[g:1][CONSENSUS][PBFT]checkTimeout Succ,view=98656,toView=98657,nodeIdx=1,changeCycle=0,myNode=2dce86f9...,timecost=0.468
info|2019-11-14 04:24:24.678533|[g:1][CONSENSUS][PBFT]checkAndChangeView: Reach consensus,org_view=98656,org_changeCycle=0,cur_changeCycle=0,to_view=98657
info|2019-11-14 04:24:25.678914|[g:1][CONSENSUS][SEALER]++++++++++++++++ Generating seal on,blkNum=1,tx=0,nodeIdx=1,hash=7b33c07a...
info|2019-11-14 04:24:25.682320|[g:1][CONSENSUS][PBFT]checkTimeout Succ,view=98657,toView=98658,nodeIdx=1,changeCycle=0,myNode=2dce86f9...,timecost=0.52
info|2019-11-14 04:24:25.683141|[g:1][CONSENSUS][PBFT]checkAndChangeView: Reach consensus,org_view=98657,org_changeCycle=0,cur_changeCycle=0,to_view=98658
info|2019-11-14 04:24:26.039100|[P2P][Service] heartBeat,connected count=3
info|2019-11-14 04:24:26.683884|[g:1][CONSENSUS]addRawPrepare,height=1,reqIdx=2,hash=cfb9fab7...
info|2019-11-14 04:24:26.684639|[g:1][CONSENSUS][PBFT]checkTimeout Succ,view=98658,toView=98659,nodeIdx=1,changeCycle=0,myNode=2dce86f9...,timecost=0.515
info|2019-11-14 04:24:26.686362|[g:1][CONSENSUS][PBFT]checkAndChangeView: Reach consensus,org_view=98658,org_changeCycle=0,cur_changeCycle=0,to_view=98659
info|2019-11-14 04:24:27.687815|[g:1][CONSENSUS]addRawPrepare,height=1,reqIdx=3,hash=335ecd33...
info|2019-11-14 04:24:27.688348|[g:1][CONSENSUS][PBFT]checkTimeout Succ,view=98659,toView=98660,nodeIdx=1,changeCycle=0,myNode=2dce86f9...,timecost=0.407
info|2019-11-14 04:24:27.689745|[g:1][CONSENSUS][PBFT]checkAndChangeView: Reach consensus,org_view=98659,org_changeCycle=0,cur_changeCycle=0,to_view=98660
info|2019-11-14 04:24:28.691272|[g:1][CONSENSUS]addRawPrepare,height=1,reqIdx=0,hash=9c714c86...
info|2019-11-14 04:24:28.692050|[g:1][CONSENSUS][PBFT]checkTimeout Succ,view=98660,toView=98661,nodeIdx=1,changeCycle=0,myNode=2dce86f9...,timecost=0.64
info|2019-11-14 04:24:28.693585|[g:1][CONSENSUS][PBFT]checkAndChangeView: Reach consensus,org_view=98660,org_changeCycle=0,cur_changeCycle=0,to_view=98661
info|2019-11-14 04:24:29.694385|[g:1][CONSENSUS][SEALER]++++++++++++++++ Generating seal on,blkNum=1,tx=0,nodeIdx=1,hash=7365d665...
info|2019-11-14 04:24:29.696918|[g:1][CONSENSUS][PBFT]checkTimeout Succ,view=98661,toView=98662,nodeIdx=1,changeCycle=0,myNode=2dce86f9...,timecost=0.502
info|2019-11-14 04:24:29.698389|[g:1][CONSENSUS][PBFT]checkAndChangeView: Reach consensus,org_view=98661,org_changeCycle=0,cur_changeCycle=0,to_view=98662
info|2019-11-14 04:24:30.700537|[g:1][CONSENSUS]addRawPrepare,height=1,reqIdx=2,hash=8debfbc9...
info|2019-11-14 04:24:30.701208|[g:1][CONSENSUS][PBFT]checkTimeout Succ,view=98662,toView=98663,nodeIdx=1,changeCycle=0,myNode=2dce86f9...,timecost=0.525
info|2019-11-14 04:24:30.702513|[g:1][CONSENSUS][PBFT]checkAndChangeView: Reach consensus,org_view=98662,org_changeCycle=0,cur_changeCycle=0,to_view=98663
info|2019-11-14 04:24:31.703512|[g:1][CONSENSUS]addRawPrepare,height=1,reqIdx=3,hash=50213eca...
info|2019-11-14 04:24:31.704268|[g:1][CONSENSUS][PBFT]checkTimeout Succ,view=98663,toView=98664,nodeIdx=1,changeCycle=0,myNode=2dce86f9...,timecost=0.62
info|2019-11-14 04:24:31.705846|[g:1][CONSENSUS][PBFT]checkAndChangeView: Reach consensus,org_view=98663,org_changeCycle=0,cur_changeCycle=0,to_view=98664
