info|2019-11-12 12:07:46.007835|[P2P][Service] heartBeat,connected count=3
warning|2019-11-12 12:07:46.010766|[g:1][CONSENSUS][PBFT]ViewChangeWarning: not caused by omit empty block ,v=31134,toV=31135,curNum=0,hash=f72cae63...,nodeIdx=1,myNode=2dce86f9...
info|2019-11-12 12:07:46.010932|[g:1][CONSENSUS][PBFT]checkTimeout Succ,view=31134,toView=31135,nodeIdx=1,changeCycle=1,myNode=2dce86f9...,timecost=0.64
info|2019-11-12 12:07:46.023019|[g:1][CONSENSUS][PBFT]checkAndChangeView: Reach consensus,org_view=31134,org_changeCycle=1,cur_changeCycle=1,to_view=31135
info|2019-11-12 12:07:47.023352|[g:1][CONSENSUS]addRawPrepare,height=1,reqIdx=3,hash=5db17950...
info|2019-11-12 12:07:47.023829|[g:1][CONSENSUS][PBFT]checkTimeout Succ,view=31135,toView=31136,nodeIdx=1,changeCycle=0,myNode=2dce86f9...,timecost=0.383
info|2019-11-12 12:07:47.025208|[g:1][CONSENSUS][PBFT]checkAndChangeView: Reach consensus,org_view=31135,org_changeCycle=0,cur_changeCycle=0,to_view=31136
info|2019-11-12 12:07:48.026022|[g:1][CONSENSUS]addRawPrepare,height=1,reqIdx=0,hash=62c8a2e1...
info|2019-11-12 12:07:48.026527|[g:1][CONSENSUS][PBFT]checkTimeout Succ,view=31136,toView=31137,nodeIdx=1,changeCycle=0,myNode=2dce86f9...,timecost=0.38
info|2019-11-12 12:07:48.027838|[g:1][CONSENSUS][PBFT]checkAndChangeView: Reach consensus,org_view=31136,org_changeCycle=0,cur_changeCycle=0,to_view=31137
info|2019-11-12 12:07:49.027819|[g:1][CONSENSUS][SEALER]++++++++++++++++ Generating seal on,blkNum=1,tx=0,nodeIdx=1,hash=8476b0f3...
info|2019-11-12 12:07:49.029999|[g:1][CONSENSUS][PBFT]checkTimeout Succ,view=31137,toView=31138,nodeIdx=1,changeCycle=0,myNode=2dce86f9...,timecost=0.364
info|2019-11-12 12:07:49.030530|[g:1][CONSENSUS][PBFT]checkAndChangeView: Reach consensus,org_view=31137,org_changeCycle=0,cur_changeCycle=0,to_view=31138
info|2019-11-12 12:07:50.031484|[g:1][CONSENSUS]addRawPrepare,height=1,reqIdx=2,hash=ca4d5b37...
info|2019-11-12 12:07:50.032116|[g:1][CONSENSUS][PBFT]checkTimeout Succ,view=31138,toView=31139,nodeIdx=1,changeCycle=0,myNode=2dce86f9...,timecost=0.504
info|2019-11-12 12:07:50.033797|[g:1][CONSENSUS][PBFT]checkAndChangeView: Reach consensus,org_view=31138,org_changeCycle=0,cur_changeCycle=0,to_view=31139
info|2019-11-12 12:07:51.034931|[g:1][CONSENSUS]addRawPrepare,height=1,reqIdx=3,hash=4cb6fcb9...
info|2019-11-12 12:07:51.035874|[g:1][CONSENSUS][PBFT]checkTimeout Succ,view=31139,toView=31140,nodeIdx=1,changeCycle=0,myNode=2dce86f9...,timecost=0.821
info|2019-11-12 12:07:51.037490|[g:1][CONSENSUS][PBFT]checkAndChangeView: Reach consensus,org_view=31139,org_changeCycle=0,cur_changeCycle=0,to_view=31140
info|2019-11-12 12:07:52.040195|[g:1][CONSENSUS]addRawPrepare,height=1,reqIdx=0,hash=74eb103f...
info|2019-11-12 12:07:52.040818|[g:1][CONSENSUS][PBFT]checkTimeout Succ,view=31140,toView=31141,nodeIdx=1,changeCycle=0,myNode=2dce86f9...,timecost=0.448
info|2019-11-12 12:07:52.042244|[g:1][CONSENSUS][PBFT]checkAndChangeView: Reach consensus,org_view=31140,org_changeCycle=0,cur_changeCycle=0,to_view=31141
info|2019-11-12 12:07:53.042917|[g:1][CONSENSUS][SEALER]++++++++++++++++ Generating seal on,blkNum=1,tx=0,nodeIdx=1,hash=d76843b9...
info|2019-11-12 12:07:53.043873|[g:1][CONSENSUS][PBFT]checkTimeout Succ,view=31141,toView=31142,nodeIdx=1,changeCycle=0,myNode=2dce86f9...,timecost=0.433
info|2019-11-12 12:07:53.046481|[g:1][CONSENSUS][PBFT]checkAndChangeView: Reach consensus,org_view=31141,org_changeCycle=0,cur_changeCycle=0,to_view=31142
info|2019-11-12 12:07:54.047446|[g:1][CONSENSUS]addRawPrepare,height=1,reqIdx=2,hash=078b1ad7...
info|2019-11-12 12:07:54.048224|[g:1][CONSENSUS][PBFT]checkTimeout Succ,view=31142,toView=31143,nodeIdx=1,changeCycle=0,myNode=2dce86f9...,timecost=0.637
info|2019-11-12 12:07:54.049750|[g:1][CONSENSUS][PBFT]checkAndChangeView: Reach consensus,org_view=31142,org_changeCycle=0,cur_changeCycle=0,to_view=31143
info|2019-11-12 12:07:55.051342|[g:1][CONSENSUS]addRawPrepare,height=1,reqIdx=3,hash=13ad520d...
info|2019-11-12 12:07:55.051929|[g:1][CONSENSUS][PBFT]checkTimeout Succ,view=31143,toView=31144,nodeIdx=1,changeCycle=0,myNode=2dce86f9...,timecost=0.404
info|2019-11-12 12:07:55.052951|[g:1][CONSENSUS][PBFT]checkAndChangeView: Reach consensus,org_view=31143,org_changeCycle=0,cur_changeCycle=0,to_view=31144
info|2019-11-12 12:07:56.015665|[P2P][Service] heartBeat,connected count=3
info|2019-11-12 12:07:56.054717|[g:1][CONSENSUS]addRawPrepare,height=1,reqIdx=0,hash=9958150f...
info|2019-11-12 12:07:56.055227|[g:1][CONSENSUS][PBFT]checkTimeout Succ,view=31144,toView=31145,nodeIdx=1,changeCycle=0,myNode=2dce86f9...,timecost=0.395
info|2019-11-12 12:07:56.056562|[g:1][CONSENSUS][PBFT]checkAndChangeView: Reach consensus,org_view=31144,org_changeCycle=0,cur_changeCycle=0,to_view=31145
info|2019-11-12 12:07:57.057702|[g:1][CONSENSUS][SEALER]++++++++++++++++ Generating seal on,blkNum=1,tx=0,nodeIdx=1,hash=e3987f82...
info|2019-11-12 12:07:57.060226|[g:1][CONSENSUS][PBFT]checkTimeout Succ,view=31145,toView=31146,nodeIdx=1,changeCycle=0,myNode=2dce86f9...,timecost=0.482
info|2019-11-12 12:07:57.061545|[g:1][CONSENSUS][PBFT]checkAndChangeView: Reach consensus,org_view=31145,org_changeCycle=0,cur_changeCycle=0,to_view=31146
info|2019-11-12 12:07:58.063023|[g:1][CONSENSUS]addRawPrepare,height=1,reqIdx=2,hash=dd84ceae...
info|2019-11-12 12:07:58.063627|[g:1][CONSENSUS][PBFT]checkTimeout Succ,view=31146,toView=31147,nodeIdx=1,changeCycle=0,myNode=2dce86f9...,timecost=0.454
info|2019-11-12 12:07:58.065017|[g:1][CONSENSUS][PBFT]checkAndChangeView: Reach consensus,org_view=31146,org_changeCycle=0,cur_changeCycle=0,to_view=31147
info|2019-11-12 12:07:59.066806|[g:1][CONSENSUS]addRawPrepare,height=1,reqIdx=3,hash=170edc92...
info|2019-11-12 12:07:59.067356|[g:1][CONSENSUS][PBFT]checkTimeout Succ,view=31147,toView=31148,nodeIdx=1,changeCycle=0,myNode=2dce86f9...,timecost=0.421
info|2019-11-12 12:07:59.068969|[g:1][CONSENSUS][PBFT]checkAndChangeView: Reach consensus,org_view=31147,org_changeCycle=0,cur_changeCycle=0,to_view=31148
info|2019-11-12 12:08:00.071724|[g:1][CONSENSUS]addRawPrepare,height=1,reqIdx=0,hash=a5a530b9...
info|2019-11-12 12:08:00.072443|[g:1][CONSENSUS][PBFT]checkTimeout Succ,view=31148,toView=31149,nodeIdx=1,changeCycle=0,myNode=2dce86f9...,timecost=0.58
info|2019-11-12 12:08:00.074166|[g:1][CONSENSUS][PBFT]checkAndChangeView: Reach consensus,org_view=31148,org_changeCycle=0,cur_changeCycle=0,to_view=31149
info|2019-11-12 12:08:01.075558|[g:1][CONSENSUS][SEALER]++++++++++++++++ Generating seal on,blkNum=1,tx=0,nodeIdx=1,hash=f4bec933...
info|2019-11-12 12:08:01.076732|[g:1][CONSENSUS][PBFT]checkTimeout Succ,view=31149,toView=31150,nodeIdx=1,changeCycle=0,myNode=2dce86f9...,timecost=0.662
info|2019-11-12 12:08:01.079665|[g:1][CONSENSUS][PBFT]checkAndChangeView: Reach consensus,org_view=31149,org_changeCycle=0,cur_changeCycle=0,to_view=31150
info|2019-11-12 12:08:02.080729|[g:1][CONSENSUS]addRawPrepare,height=1,reqIdx=2,hash=33b083fe...
info|2019-11-12 12:08:02.081304|[g:1][CONSENSUS][PBFT]checkTimeout Succ,view=31150,toView=31151,nodeIdx=1,changeCycle=0,myNode=2dce86f9...,timecost=0.443
info|2019-11-12 12:08:02.082685|[g:1][CONSENSUS][PBFT]checkAndChangeView: Reach consensus,org_view=31150,org_changeCycle=0,cur_changeCycle=0,to_view=31151
info|2019-11-12 12:08:03.083942|[g:1][CONSENSUS]addRawPrepare,height=1,reqIdx=3,hash=d128fa44...
info|2019-11-12 12:08:03.084556|[g:1][CONSENSUS][PBFT]checkTimeout Succ,view=31151,toView=31152,nodeIdx=1,changeCycle=0,myNode=2dce86f9...,timecost=0.478
info|2019-11-12 12:08:03.086037|[g:1][CONSENSUS][PBFT]checkAndChangeView: Reach consensus,org_view=31151,org_changeCycle=0,cur_changeCycle=0,to_view=31152
info|2019-11-12 12:08:04.087625|[g:1][CONSENSUS]addRawPrepare,height=1,reqIdx=0,hash=309d5bff...
info|2019-11-12 12:08:04.088238|[g:1][CONSENSUS][PBFT]checkTimeout Succ,view=31152,toView=31153,nodeIdx=1,changeCycle=0,myNode=2dce86f9...,timecost=0.489
info|2019-11-12 12:08:04.089869|[g:1][CONSENSUS][PBFT]checkAndChangeView: Reach consensus,org_view=31152,org_changeCycle=0,cur_changeCycle=0,to_view=31153
info|2019-11-12 12:08:05.090629|[g:1][CONSENSUS][SEALER]++++++++++++++++ Generating seal on,blkNum=1,tx=0,nodeIdx=1,hash=97dfd31f...
info|2019-11-12 12:08:05.091663|[g:1][CONSENSUS][PBFT]checkTimeout Succ,view=31153,toView=31154,nodeIdx=1,changeCycle=0,myNode=2dce86f9...,timecost=0.487
info|2019-11-12 12:08:05.094481|[g:1][CONSENSUS][PBFT]checkAndChangeView: Reach consensus,org_view=31153,org_changeCycle=0,cur_changeCycle=0,to_view=31154
info|2019-11-12 12:08:06.019565|[P2P][Service] heartBeat,connected count=3
info|2019-11-12 12:08:06.096030|[g:1][CONSENSUS]addRawPrepare,height=1,reqIdx=2,hash=dc80f6cb...
info|2019-11-12 12:08:06.097299|[g:1][CONSENSUS][PBFT]checkTimeout Succ,view=31154,toView=31155,nodeIdx=1,changeCycle=0,myNode=2dce86f9...,timecost=1.098
info|2019-11-12 12:08:06.098601|[g:1][CONSENSUS][PBFT]checkAndChangeView: Reach consensus,org_view=31154,org_changeCycle=0,cur_changeCycle=0,to_view=31155
info|2019-11-12 12:08:07.099725|[g:1][CONSENSUS]addRawPrepare,height=1,reqIdx=3,hash=a4405f1a...
info|2019-11-12 12:08:07.100343|[g:1][CONSENSUS][PBFT]checkTimeout Succ,view=31155,toView=31156,nodeIdx=1,changeCycle=0,myNode=2dce86f9...,timecost=0.479
info|2019-11-12 12:08:07.101796|[g:1][CONSENSUS][PBFT]checkAndChangeView: Reach consensus,org_view=31155,org_changeCycle=0,cur_changeCycle=0,to_view=31156
info|2019-11-12 12:08:08.102755|[g:1][CONSENSUS]addRawPrepare,height=1,reqIdx=0,hash=fd2da467...
info|2019-11-12 12:08:08.103396|[g:1][CONSENSUS][PBFT]checkTimeout Succ,view=31156,toView=31157,nodeIdx=1,changeCycle=0,myNode=2dce86f9...,timecost=0.489
info|2019-11-12 12:08:08.104859|[g:1][CONSENSUS][PBFT]checkAndChangeView: Reach consensus,org_view=31156,org_changeCycle=0,cur_changeCycle=0,to_view=31157
info|2019-11-12 12:08:09.104389|[g:1][CONSENSUS][SEALER]++++++++++++++++ Generating seal on,blkNum=1,tx=0,nodeIdx=1,hash=1aa01fdd...
info|2019-11-12 12:08:09.106807|[g:1][CONSENSUS][PBFT]checkTimeout Succ,view=31157,toView=31158,nodeIdx=1,changeCycle=0,myNode=2dce86f9...,timecost=0.429
info|2019-11-12 12:08:09.107485|[g:1][CONSENSUS][PBFT]checkAndChangeView: Reach consensus,org_view=31157,org_changeCycle=0,cur_changeCycle=0,to_view=31158
info|2019-11-12 12:08:10.108162|[g:1][CONSENSUS]addRawPrepare,height=1,reqIdx=2,hash=4c4aecc4...
info|2019-11-12 12:08:10.108904|[g:1][CONSENSUS][PBFT]checkTimeout Succ,view=31158,toView=31159,nodeIdx=1,changeCycle=0,myNode=2dce86f9...,timecost=0.59
info|2019-11-12 12:08:10.110273|[g:1][CONSENSUS][PBFT]checkAndChangeView: Reach consensus,org_view=31158,org_changeCycle=0,cur_changeCycle=0,to_view=31159
info|2019-11-12 12:08:11.113003|[g:1][CONSENSUS]addRawPrepare,height=1,reqIdx=3,hash=550b9047...
info|2019-11-12 12:08:11.113823|[g:1][CONSENSUS][PBFT]checkTimeout Succ,view=31159,toView=31160,nodeIdx=1,changeCycle=0,myNode=2dce86f9...,timecost=0.678
info|2019-11-12 12:08:11.115571|[g:1][CONSENSUS][PBFT]checkAndChangeView: Reach consensus,org_view=31159,org_changeCycle=0,cur_changeCycle=0,to_view=31160
info|2019-11-12 12:08:12.118782|[g:1][CONSENSUS]addRawPrepare,height=1,reqIdx=0,hash=038111d7...
info|2019-11-12 12:08:12.119457|[g:1][CONSENSUS][PBFT]checkTimeout Succ,view=31160,toView=31161,nodeIdx=1,changeCycle=0,myNode=2dce86f9...,timecost=0.476
info|2019-11-12 12:08:12.120754|[g:1][CONSENSUS][PBFT]checkAndChangeView: Reach consensus,org_view=31160,org_changeCycle=0,cur_changeCycle=0,to_view=31161
info|2019-11-12 12:08:13.120179|[g:1][CONSENSUS][SEALER]++++++++++++++++ Generating seal on,blkNum=1,tx=0,nodeIdx=1,hash=15f5861f...
info|2019-11-12 12:08:13.120761|[g:1][CONSENSUS][PBFT]checkTimeout Succ,view=31161,toView=31162,nodeIdx=1,changeCycle=0,myNode=2dce86f9...,timecost=0.269
info|2019-11-12 12:08:13.122817|[g:1][CONSENSUS][PBFT]checkAndChangeView: Reach consensus,org_view=31161,org_changeCycle=0,cur_changeCycle=0,to_view=31162
info|2019-11-12 12:08:14.123753|[g:1][CONSENSUS]addRawPrepare,height=1,reqIdx=2,hash=402e2679...
info|2019-11-12 12:08:14.124429|[g:1][CONSENSUS][PBFT]checkTimeout Succ,view=31162,toView=31163,nodeIdx=1,changeCycle=0,myNode=2dce86f9...,timecost=0.501
info|2019-11-12 12:08:14.125571|[g:1][CONSENSUS][PBFT]checkAndChangeView: Reach consensus,org_view=31162,org_changeCycle=0,cur_changeCycle=0,to_view=31163
info|2019-11-12 12:08:15.127788|[g:1][CONSENSUS]addRawPrepare,height=1,reqIdx=3,hash=696ed390...
info|2019-11-12 12:08:15.128484|[g:1][CONSENSUS][PBFT]checkTimeout Succ,view=31163,toView=31164,nodeIdx=1,changeCycle=0,myNode=2dce86f9...,timecost=0.556
info|2019-11-12 12:08:15.130117|[g:1][CONSENSUS][PBFT]checkAndChangeView: Reach consensus,org_view=31163,org_changeCycle=0,cur_changeCycle=0,to_view=31164
info|2019-11-12 12:08:16.026629|[P2P][Service] heartBeat,connected count=3
info|2019-11-12 12:08:16.131666|[g:1][CONSENSUS]addRawPrepare,height=1,reqIdx=0,hash=9b14fb66...
info|2019-11-12 12:08:16.133079|[g:1][CONSENSUS][PBFT]checkTimeout Succ,view=31164,toView=31165,nodeIdx=1,changeCycle=0,myNode=2dce86f9...,timecost=1.307
info|2019-11-12 12:08:16.134703|[g:1][CONSENSUS][PBFT]checkAndChangeView: Reach consensus,org_view=31164,org_changeCycle=0,cur_changeCycle=0,to_view=31165
