info|2019-11-13 01:13:30.004368|[P2P][Service] heartBeat,connected count=3
warning|2019-11-13 01:13:30.008049|[g:1][CONSENSUS][PBFT]ViewChangeWarning: not caused by omit empty block ,v=62060,toV=62061,curNum=0,hash=f72cae63...,nodeIdx=1,myNode=2dce86f9...
info|2019-11-13 01:13:30.008287|[g:1][CONSENSUS][PBFT]checkTimeout Succ,view=62060,toView=62061,nodeIdx=1,changeCycle=1,myNode=2dce86f9...,timecost=0.891
info|2019-11-13 01:13:30.011153|[g:1][CONSENSUS][PBFT]checkAndChangeView: Reach consensus,org_view=62060,org_changeCycle=1,cur_changeCycle=1,to_view=62061
info|2019-11-13 01:13:31.011324|[g:1][CONSENSUS][SEALER]++++++++++++++++ Generating seal on,blkNum=1,tx=0,nodeIdx=1,hash=c323864d...
info|2019-11-13 01:13:31.011982|[g:1][CONSENSUS][PBFT]checkTimeout Succ,view=62061,toView=62062,nodeIdx=1,changeCycle=0,myNode=2dce86f9...,timecost=0.329
info|2019-11-13 01:13:31.014046|[g:1][CONSENSUS][PBFT]checkAndChangeView: Reach consensus,org_view=62061,org_changeCycle=0,cur_changeCycle=0,to_view=62062
info|2019-11-13 01:13:32.015933|[g:1][CONSENSUS]addRawPrepare,height=1,reqIdx=2,hash=a4f4f175...
info|2019-11-13 01:13:32.016535|[g:1][CONSENSUS][PBFT]checkTimeout Succ,view=62062,toView=62063,nodeIdx=1,changeCycle=0,myNode=2dce86f9...,timecost=0.445
info|2019-11-13 01:13:32.017865|[g:1][CONSENSUS][PBFT]checkAndChangeView: Reach consensus,org_view=62062,org_changeCycle=0,cur_changeCycle=0,to_view=62063
info|2019-11-13 01:13:33.019444|[g:1][CONSENSUS]addRawPrepare,height=1,reqIdx=3,hash=cf902d72...
info|2019-11-13 01:13:33.020024|[g:1][CONSENSUS][PBFT]checkTimeout Succ,view=62063,toView=62064,nodeIdx=1,changeCycle=0,myNode=2dce86f9...,timecost=0.427
info|2019-11-13 01:13:33.021524|[g:1][CONSENSUS][PBFT]checkAndChangeView: Reach consensus,org_view=62063,org_changeCycle=0,cur_changeCycle=0,to_view=62064
info|2019-11-13 01:13:34.022800|[g:1][CONSENSUS]addRawPrepare,height=1,reqIdx=0,hash=2a18f98c...
info|2019-11-13 01:13:34.023510|[g:1][CONSENSUS][PBFT]checkTimeout Succ,view=62064,toView=62065,nodeIdx=1,changeCycle=0,myNode=2dce86f9...,timecost=0.552
info|2019-11-13 01:13:34.025772|[g:1][CONSENSUS][PBFT]checkAndChangeView: Reach consensus,org_view=62064,org_changeCycle=0,cur_changeCycle=0,to_view=62065
info|2019-11-13 01:13:35.025738|[g:1][CONSENSUS][SEALER]++++++++++++++++ Generating seal on,blkNum=1,tx=0,nodeIdx=1,hash=e9ccb218...
info|2019-11-13 01:13:35.026511|[g:1][CONSENSUS][PBFT]checkTimeout Succ,view=62065,toView=62066,nodeIdx=1,changeCycle=0,myNode=2dce86f9...,timecost=0.393
info|2019-11-13 01:13:35.029366|[g:1][CONSENSUS][PBFT]checkAndChangeView: Reach consensus,org_view=62065,org_changeCycle=0,cur_changeCycle=0,to_view=62066
info|2019-11-13 01:13:36.031027|[g:1][CONSENSUS]addRawPrepare,height=1,reqIdx=2,hash=cfd09e12...
info|2019-11-13 01:13:36.031751|[g:1][CONSENSUS][PBFT]checkTimeout Succ,view=62066,toView=62067,nodeIdx=1,changeCycle=0,myNode=2dce86f9...,timecost=0.57
info|2019-11-13 01:13:36.033393|[g:1][CONSENSUS][PBFT]checkAndChangeView: Reach consensus,org_view=62066,org_changeCycle=0,cur_changeCycle=0,to_view=62067
info|2019-11-13 01:13:37.035785|[g:1][CONSENSUS]addRawPrepare,height=1,reqIdx=3,hash=d4bd6b3e...
info|2019-11-13 01:13:37.036424|[g:1][CONSENSUS][PBFT]checkTimeout Succ,view=62067,toView=62068,nodeIdx=1,changeCycle=0,myNode=2dce86f9...,timecost=0.514
info|2019-11-13 01:13:37.037833|[g:1][CONSENSUS][PBFT]checkAndChangeView: Reach consensus,org_view=62067,org_changeCycle=0,cur_changeCycle=0,to_view=62068
info|2019-11-13 01:13:38.038867|[g:1][CONSENSUS]addRawPrepare,height=1,reqIdx=0,hash=6398c1dc...
info|2019-11-13 01:13:38.039539|[g:1][CONSENSUS][PBFT]checkTimeout Succ,view=62068,toView=62069,nodeIdx=1,changeCycle=0,myNode=2dce86f9...,timecost=0.517
info|2019-11-13 01:13:38.041153|[g:1][CONSENSUS][PBFT]checkAndChangeView: Reach consensus,org_view=62068,org_changeCycle=0,cur_changeCycle=0,to_view=62069
info|2019-11-13 01:13:39.041248|[g:1][CONSENSUS][SEALER]++++++++++++++++ Generating seal on,blkNum=1,tx=0,nodeIdx=1,hash=b96f2123...
info|2019-11-13 01:13:39.043794|[g:1][CONSENSUS][PBFT]checkTimeout Succ,view=62069,toView=62070,nodeIdx=1,changeCycle=0,myNode=2dce86f9...,timecost=0.382
info|2019-11-13 01:13:39.044607|[g:1][CONSENSUS][PBFT]checkAndChangeView: Reach consensus,org_view=62069,org_changeCycle=0,cur_changeCycle=0,to_view=62070
info|2019-11-13 01:13:40.011833|[P2P][Service] heartBeat,connected count=3
info|2019-11-13 01:13:40.045698|[g:1][CONSENSUS]addRawPrepare,height=1,reqIdx=2,hash=a5f53956...
info|2019-11-13 01:13:40.046651|[g:1][CONSENSUS][PBFT]checkTimeout Succ,view=62070,toView=62071,nodeIdx=1,changeCycle=0,myNode=2dce86f9...,timecost=0.798
info|2019-11-13 01:13:40.047729|[g:1][CONSENSUS][PBFT]checkAndChangeView: Reach consensus,org_view=62070,org_changeCycle=0,cur_changeCycle=0,to_view=62071
info|2019-11-13 01:13:41.049755|[g:1][CONSENSUS]addRawPrepare,height=1,reqIdx=3,hash=d1180cc2...
info|2019-11-13 01:13:41.050645|[g:1][CONSENSUS][PBFT]checkTimeout Succ,view=62071,toView=62072,nodeIdx=1,changeCycle=0,myNode=2dce86f9...,timecost=0.585
info|2019-11-13 01:13:41.052231|[g:1][CONSENSUS][PBFT]checkAndChangeView: Reach consensus,org_view=62071,org_changeCycle=0,cur_changeCycle=0,to_view=62072
info|2019-11-13 01:13:42.053012|[g:1][CONSENSUS]addRawPrepare,height=1,reqIdx=0,hash=11c5a49e...
info|2019-11-13 01:13:42.053708|[g:1][CONSENSUS][PBFT]checkTimeout Succ,view=62072,toView=62073,nodeIdx=1,changeCycle=0,myNode=2dce86f9...,timecost=0.566
info|2019-11-13 01:13:42.055129|[g:1][CONSENSUS][PBFT]checkAndChangeView: Reach consensus,org_view=62072,org_changeCycle=0,cur_changeCycle=0,to_view=62073
info|2019-11-13 01:13:43.056038|[g:1][CONSENSUS][SEALER]++++++++++++++++ Generating seal on,blkNum=1,tx=0,nodeIdx=1,hash=8be75928...
info|2019-11-13 01:13:43.058495|[g:1][CONSENSUS][PBFT]checkTimeout Succ,view=62073,toView=62074,nodeIdx=1,changeCycle=0,myNode=2dce86f9...,timecost=0.343
info|2019-11-13 01:13:43.059076|[g:1][CONSENSUS][PBFT]checkAndChangeView: Reach consensus,org_view=62073,org_changeCycle=0,cur_changeCycle=0,to_view=62074
info|2019-11-13 01:13:44.059821|[g:1][CONSENSUS]addRawPrepare,height=1,reqIdx=2,hash=1a960adb...
info|2019-11-13 01:13:44.060514|[g:1][CONSENSUS][PBFT]checkTimeout Succ,view=62074,toView=62075,nodeIdx=1,changeCycle=0,myNode=2dce86f9...,timecost=0.53
info|2019-11-13 01:13:44.062137|[g:1][CONSENSUS][PBFT]checkAndChangeView: Reach consensus,org_view=62074,org_changeCycle=0,cur_changeCycle=0,to_view=62075
info|2019-11-13 01:13:45.063515|[g:1][CONSENSUS]addRawPrepare,height=1,reqIdx=3,hash=738c59b2...
info|2019-11-13 01:13:45.064829|[g:1][CONSENSUS][PBFT]checkTimeout Succ,view=62075,toView=62076,nodeIdx=1,changeCycle=0,myNode=2dce86f9...,timecost=1.162
info|2019-11-13 01:13:45.066126|[g:1][CONSENSUS][PBFT]checkAndChangeView: Reach consensus,org_view=62075,org_changeCycle=0,cur_changeCycle=0,to_view=62076
info|2019-11-13 01:13:46.068349|[g:1][CONSENSUS]addRawPrepare,height=1,reqIdx=0,hash=530a753e...
info|2019-11-13 01:13:46.069051|[g:1][CONSENSUS][PBFT]checkTimeout Succ,view=62076,toView=62077,nodeIdx=1,changeCycle=0,myNode=2dce86f9...,timecost=0.548
info|2019-11-13 01:13:46.070797|[g:1][CONSENSUS][PBFT]checkAndChangeView: Reach consensus,org_view=62076,org_changeCycle=0,cur_changeCycle=0,to_view=62077
info|2019-11-13 01:13:47.070574|[g:1][CONSENSUS][SEALER]++++++++++++++++ Generating seal on,blkNum=1,tx=0,nodeIdx=1,hash=9e27c03c...
info|2019-11-13 01:13:47.071469|[g:1][CONSENSUS][PBFT]checkTimeout Succ,view=62077,toView=62078,nodeIdx=1,changeCycle=0,myNode=2dce86f9...,timecost=0.397
info|2019-11-13 01:13:47.073999|[g:1][CONSENSUS][PBFT]checkAndChangeView: Reach consensus,org_view=62077,org_changeCycle=0,cur_changeCycle=0,to_view=62078
info|2019-11-13 01:13:48.075569|[g:1][CONSENSUS]addRawPrepare,height=1,reqIdx=2,hash=b044d1a4...
info|2019-11-13 01:13:48.076710|[g:1][CONSENSUS][PBFT]checkTimeout Succ,view=62078,toView=62079,nodeIdx=1,changeCycle=0,myNode=2dce86f9...,timecost=0.791
info|2019-11-13 01:13:48.078474|[g:1][CONSENSUS][PBFT]checkAndChangeView: Reach consensus,org_view=62078,org_changeCycle=0,cur_changeCycle=0,to_view=62079
info|2019-11-13 01:13:49.078742|[g:1][CONSENSUS]addRawPrepare,height=1,reqIdx=3,hash=4c35cc72...
info|2019-11-13 01:13:49.079361|[g:1][CONSENSUS][PBFT]checkTimeout Succ,view=62079,toView=62080,nodeIdx=1,changeCycle=0,myNode=2dce86f9...,timecost=0.485
info|2019-11-13 01:13:49.080954|[g:1][CONSENSUS][PBFT]checkAndChangeView: Reach consensus,org_view=62079,org_changeCycle=0,cur_changeCycle=0,to_view=62080
info|2019-11-13 01:13:50.014478|[P2P][Service] heartBeat,connected count=3
info|2019-11-13 01:13:50.083797|[g:1][CONSENSUS]addRawPrepare,height=1,reqIdx=0,hash=fa2b6dbe...
info|2019-11-13 01:13:50.085011|[g:1][CONSENSUS][PBFT]checkTimeout Succ,view=62080,toView=62081,nodeIdx=1,changeCycle=0,myNode=2dce86f9...,timecost=1.05
info|2019-11-13 01:13:50.086593|[g:1][CONSENSUS][PBFT]checkAndChangeView: Reach consensus,org_view=62080,org_changeCycle=0,cur_changeCycle=0,to_view=62081
info|2019-11-13 01:13:51.086764|[g:1][CONSENSUS][SEALER]++++++++++++++++ Generating seal on,blkNum=1,tx=0,nodeIdx=1,hash=247f20f3...
info|2019-11-13 01:13:51.089394|[g:1][CONSENSUS][PBFT]checkTimeout Succ,view=62081,toView=62082,nodeIdx=1,changeCycle=0,myNode=2dce86f9...,timecost=0.505
info|2019-11-13 01:13:51.090829|[g:1][CONSENSUS][PBFT]checkAndChangeView: Reach consensus,org_view=62081,org_changeCycle=0,cur_changeCycle=0,to_view=62082
info|2019-11-13 01:13:52.093125|[g:1][CONSENSUS]addRawPrepare,height=1,reqIdx=2,hash=4b749358...
info|2019-11-13 01:13:52.093784|[g:1][CONSENSUS][PBFT]checkTimeout Succ,view=62082,toView=62083,nodeIdx=1,changeCycle=0,myNode=2dce86f9...,timecost=0.484
info|2019-11-13 01:13:52.095249|[g:1][CONSENSUS][PBFT]checkAndChangeView: Reach consensus,org_view=62082,org_changeCycle=0,cur_changeCycle=0,to_view=62083
info|2019-11-13 01:13:53.097254|[g:1][CONSENSUS]addRawPrepare,height=1,reqIdx=3,hash=98ea976a...
info|2019-11-13 01:13:53.097860|[g:1][CONSENSUS][PBFT]checkTimeout Succ,view=62083,toView=62084,nodeIdx=1,changeCycle=0,myNode=2dce86f9...,timecost=0.473
info|2019-11-13 01:13:53.099340|[g:1][CONSENSUS][PBFT]checkAndChangeView: Reach consensus,org_view=62083,org_changeCycle=0,cur_changeCycle=0,to_view=62084
info|2019-11-13 01:13:54.101203|[g:1][CONSENSUS]addRawPrepare,height=1,reqIdx=0,hash=ca650df7...
info|2019-11-13 01:13:54.101770|[g:1][CONSENSUS][PBFT]checkTimeout Succ,view=62084,toView=62085,nodeIdx=1,changeCycle=0,myNode=2dce86f9...,timecost=0.45
info|2019-11-13 01:13:54.103252|[g:1][CONSENSUS][PBFT]checkAndChangeView: Reach consensus,org_view=62084,org_changeCycle=0,cur_changeCycle=0,to_view=62085
info|2019-11-13 01:13:55.103470|[g:1][CONSENSUS][SEALER]++++++++++++++++ Generating seal on,blkNum=1,tx=0,nodeIdx=1,hash=d006fbbc...
info|2019-11-13 01:13:55.104661|[g:1][CONSENSUS][PBFT]checkTimeout Succ,view=62085,toView=62086,nodeIdx=1,changeCycle=0,myNode=2dce86f9...,timecost=0.743
info|2019-11-13 01:13:55.107372|[g:1][CONSENSUS][PBFT]checkAndChangeView: Reach consensus,org_view=62085,org_changeCycle=0,cur_changeCycle=0,to_view=62086
info|2019-11-13 01:13:56.109499|[g:1][CONSENSUS]addRawPrepare,height=1,reqIdx=2,hash=e7fd3d0e...
info|2019-11-13 01:13:56.110064|[g:1][CONSENSUS][PBFT]checkTimeout Succ,view=62086,toView=62087,nodeIdx=1,changeCycle=0,myNode=2dce86f9...,timecost=0.438
info|2019-11-13 01:13:56.111591|[g:1][CONSENSUS][PBFT]checkAndChangeView: Reach consensus,org_view=62086,org_changeCycle=0,cur_changeCycle=0,to_view=62087
info|2019-11-13 01:13:57.113755|[g:1][CONSENSUS]addRawPrepare,height=1,reqIdx=3,hash=8237db5d...
info|2019-11-13 01:13:57.114370|[g:1][CONSENSUS][PBFT]checkTimeout Succ,view=62087,toView=62088,nodeIdx=1,changeCycle=0,myNode=2dce86f9...,timecost=0.482
info|2019-11-13 01:13:57.115767|[g:1][CONSENSUS][PBFT]checkAndChangeView: Reach consensus,org_view=62087,org_changeCycle=0,cur_changeCycle=0,to_view=62088
info|2019-11-13 01:13:58.117791|[g:1][CONSENSUS]addRawPrepare,height=1,reqIdx=0,hash=af04b563...
info|2019-11-13 01:13:58.118504|[g:1][CONSENSUS][PBFT]checkTimeout Succ,view=62088,toView=62089,nodeIdx=1,changeCycle=0,myNode=2dce86f9...,timecost=0.536
info|2019-11-13 01:13:58.119897|[g:1][CONSENSUS][PBFT]checkAndChangeView: Reach consensus,org_view=62088,org_changeCycle=0,cur_changeCycle=0,to_view=62089
info|2019-11-13 01:13:59.119285|[g:1][CONSENSUS][SEALER]++++++++++++++++ Generating seal on,blkNum=1,tx=0,nodeIdx=1,hash=b56fb0ea...
info|2019-11-13 01:13:59.122671|[g:1][CONSENSUS][PBFT]checkTimeout Succ,view=62089,toView=62090,nodeIdx=1,changeCycle=0,myNode=2dce86f9...,timecost=0.507
info|2019-11-13 01:13:59.123516|[g:1][CONSENSUS][PBFT]checkAndChangeView: Reach consensus,org_view=62089,org_changeCycle=0,cur_changeCycle=0,to_view=62090
info|2019-11-13 01:14:00.022260|[P2P][Service] heartBeat,connected count=3
info|2019-11-13 01:14:00.124026|[g:1][CONSENSUS]addRawPrepare,height=1,reqIdx=2,hash=21308511...
info|2019-11-13 01:14:00.125106|[g:1][CONSENSUS][PBFT]checkTimeout Succ,view=62090,toView=62091,nodeIdx=1,changeCycle=0,myNode=2dce86f9...,timecost=0.875
info|2019-11-13 01:14:00.126530|[g:1][CONSENSUS][PBFT]checkAndChangeView: Reach consensus,org_view=62090,org_changeCycle=0,cur_changeCycle=0,to_view=62091
info|2019-11-13 01:14:01.128694|[g:1][CONSENSUS]addRawPrepare,height=1,reqIdx=3,hash=54778817...
info|2019-11-13 01:14:01.129318|[g:1][CONSENSUS][PBFT]checkTimeout Succ,view=62091,toView=62092,nodeIdx=1,changeCycle=0,myNode=2dce86f9...,timecost=0.499
info|2019-11-13 01:14:01.130795|[g:1][CONSENSUS][PBFT]checkAndChangeView: Reach consensus,org_view=62091,org_changeCycle=0,cur_changeCycle=0,to_view=62092
info|2019-11-13 01:14:02.131445|[g:1][CONSENSUS]addRawPrepare,height=1,reqIdx=0,hash=415eb681...
info|2019-11-13 01:14:02.131986|[g:1][CONSENSUS][PBFT]checkTimeout Succ,view=62092,toView=62093,nodeIdx=1,changeCycle=0,myNode=2dce86f9...,timecost=0.422
info|2019-11-13 01:14:02.133128|[g:1][CONSENSUS][PBFT]checkAndChangeView: Reach consensus,org_view=62092,org_changeCycle=0,cur_changeCycle=0,to_view=62093
info|2019-11-13 01:14:03.133726|[g:1][CONSENSUS][SEALER]++++++++++++++++ Generating seal on,blkNum=1,tx=0,nodeIdx=1,hash=b0a926f8...
info|2019-11-13 01:14:03.134723|[g:1][CONSENSUS][PBFT]checkTimeout Succ,view=62093,toView=62094,nodeIdx=1,changeCycle=0,myNode=2dce86f9...,timecost=0.559
info|2019-11-13 01:14:03.136991|[g:1][CONSENSUS][PBFT]checkAndChangeView: Reach consensus,org_view=62093,org_changeCycle=0,cur_changeCycle=0,to_view=62094
info|2019-11-13 01:14:04.137750|[g:1][CONSENSUS]addRawPrepare,height=1,reqIdx=2,hash=d19a92b6...
info|2019-11-13 01:14:04.138370|[g:1][CONSENSUS][PBFT]checkTimeout Succ,view=62094,toView=62095,nodeIdx=1,changeCycle=0,myNode=2dce86f9...,timecost=0.483
info|2019-11-13 01:14:04.140164|[g:1][CONSENSUS][PBFT]checkAndChangeView: Reach consensus,org_view=62094,org_changeCycle=0,cur_changeCycle=0,to_view=62095
info|2019-11-13 01:14:05.141864|[g:1][CONSENSUS]addRawPrepare,height=1,reqIdx=3,hash=54ed9598...
info|2019-11-13 01:14:05.142825|[g:1][CONSENSUS][PBFT]checkTimeout Succ,view=62095,toView=62096,nodeIdx=1,changeCycle=0,myNode=2dce86f9...,timecost=0.804
info|2019-11-13 01:14:05.144250|[g:1][CONSENSUS][PBFT]checkAndChangeView: Reach consensus,org_view=62095,org_changeCycle=0,cur_changeCycle=0,to_view=62096
info|2019-11-13 01:14:06.145319|[g:1][CONSENSUS]addRawPrepare,height=1,reqIdx=0,hash=d439df7a...
info|2019-11-13 01:14:06.146000|[g:1][CONSENSUS][PBFT]checkTimeout Succ,view=62096,toView=62097,nodeIdx=1,changeCycle=0,myNode=2dce86f9...,timecost=0.469
info|2019-11-13 01:14:06.147647|[g:1][CONSENSUS][PBFT]checkAndChangeView: Reach consensus,org_view=62096,org_changeCycle=0,cur_changeCycle=0,to_view=62097
info|2019-11-13 01:14:07.147398|[g:1][CONSENSUS][SEALER]++++++++++++++++ Generating seal on,blkNum=1,tx=0,nodeIdx=1,hash=577bfdc7...
info|2019-11-13 01:14:07.150610|[g:1][CONSENSUS][PBFT]checkTimeout Succ,view=62097,toView=62098,nodeIdx=1,changeCycle=0,myNode=2dce86f9...,timecost=0.455
info|2019-11-13 01:14:07.151269|[g:1][CONSENSUS][PBFT]checkAndChangeView: Reach consensus,org_view=62097,org_changeCycle=0,cur_changeCycle=0,to_view=62098
info|2019-11-13 01:14:08.153703|[g:1][CONSENSUS]addRawPrepare,height=1,reqIdx=2,hash=38e6c86f...
info|2019-11-13 01:14:08.154421|[g:1][CONSENSUS][PBFT]checkTimeout Succ,view=62098,toView=62099,nodeIdx=1,changeCycle=0,myNode=2dce86f9...,timecost=0.522
info|2019-11-13 01:14:08.156138|[g:1][CONSENSUS][PBFT]checkAndChangeView: Reach consensus,org_view=62098,org_changeCycle=0,cur_changeCycle=0,to_view=62099
info|2019-11-13 01:14:09.156604|[g:1][CONSENSUS]addRawPrepare,height=1,reqIdx=3,hash=0f43e4c8...
info|2019-11-13 01:14:09.157090|[g:1][CONSENSUS][PBFT]checkTimeout Succ,view=62099,toView=62100,nodeIdx=1,changeCycle=0,myNode=2dce86f9...,timecost=0.386
info|2019-11-13 01:14:09.158454|[g:1][CONSENSUS][PBFT]checkAndChangeView: Reach consensus,org_view=62099,org_changeCycle=0,cur_changeCycle=0,to_view=62100
info|2019-11-13 01:14:10.029820|[P2P][Service] heartBeat,connected count=3
info|2019-11-13 01:14:10.160933|[g:1][CONSENSUS]addRawPrepare,height=1,reqIdx=0,hash=583b66d9...
info|2019-11-13 01:14:10.161659|[g:1][CONSENSUS][PBFT]checkTimeout Succ,view=62100,toView=62101,nodeIdx=1,changeCycle=0,myNode=2dce86f9...,timecost=0.599
info|2019-11-13 01:14:10.163739|[g:1][CONSENSUS][PBFT]checkAndChangeView: Reach consensus,org_view=62100,org_changeCycle=0,cur_changeCycle=0,to_view=62101
info|2019-11-13 01:14:11.163733|[g:1][CONSENSUS][SEALER]++++++++++++++++ Generating seal on,blkNum=1,tx=0,nodeIdx=1,hash=3897b3fc...
info|2019-11-13 01:14:11.164886|[g:1][CONSENSUS][PBFT]checkTimeout Succ,view=62101,toView=62102,nodeIdx=1,changeCycle=0,myNode=2dce86f9...,timecost=0.564
info|2019-11-13 01:14:11.167286|[g:1][CONSENSUS][PBFT]checkAndChangeView: Reach consensus,org_view=62101,org_changeCycle=0,cur_changeCycle=0,to_view=62102
info|2019-11-13 01:14:12.168286|[g:1][CONSENSUS]addRawPrepare,height=1,reqIdx=2,hash=3e1ead33...
info|2019-11-13 01:14:12.168956|[g:1][CONSENSUS][PBFT]checkTimeout Succ,view=62102,toView=62103,nodeIdx=1,changeCycle=0,myNode=2dce86f9...,timecost=0.5
info|2019-11-13 01:14:12.170177|[g:1][CONSENSUS][PBFT]checkAndChangeView: Reach consensus,org_view=62102,org_changeCycle=0,cur_changeCycle=0,to_view=62103
info|2019-11-13 01:14:13.170688|[g:1][CONSENSUS]addRawPrepare,height=1,reqIdx=3,hash=12d37d37...
info|2019-11-13 01:14:13.171302|[g:1][CONSENSUS][PBFT]checkTimeout Succ,view=62103,toView=62104,nodeIdx=1,changeCycle=0,myNode=2dce86f9...,timecost=0.488
info|2019-11-13 01:14:13.172916|[g:1][CONSENSUS][PBFT]checkAndChangeView: Reach consensus,org_view=62103,org_changeCycle=0,cur_changeCycle=0,to_view=62104
info|2019-11-13 01:14:14.174639|[g:1][CONSENSUS]addRawPrepare,height=1,reqIdx=0,hash=b7542fc2...
info|2019-11-13 01:14:14.175250|[g:1][CONSENSUS][PBFT]checkTimeout Succ,view=62104,toView=62105,nodeIdx=1,changeCycle=0,myNode=2dce86f9...,timecost=0.473
info|2019-11-13 01:14:14.176630|[g:1][CONSENSUS][PBFT]checkAndChangeView: Reach consensus,org_view=62104,org_changeCycle=0,cur_changeCycle=0,to_view=62105
info|2019-11-13 01:14:15.177439|[g:1][CONSENSUS][SEALER]++++++++++++++++ Generating seal on,blkNum=1,tx=0,nodeIdx=1,hash=a90623a0...
info|2019-11-13 01:14:15.181153|[g:1][CONSENSUS][PBFT]checkTimeout Succ,view=62105,toView=62106,nodeIdx=1,changeCycle=0,myNode=2dce86f9...,timecost=0.601
info|2019-11-13 01:14:15.181899|[g:1][CONSENSUS][PBFT]checkAndChangeView: Reach consensus,org_view=62105,org_changeCycle=0,cur_changeCycle=0,to_view=62106
info|2019-11-13 01:14:16.183298|[g:1][CONSENSUS]addRawPrepare,height=1,reqIdx=2,hash=fc9ca33f...
info|2019-11-13 01:14:16.183902|[g:1][CONSENSUS][PBFT]checkTimeout Succ,view=62106,toView=62107,nodeIdx=1,changeCycle=0,myNode=2dce86f9...,timecost=0.515
info|2019-11-13 01:14:16.185790|[g:1][CONSENSUS][PBFT]checkAndChangeView: Reach consensus,org_view=62106,org_changeCycle=0,cur_changeCycle=0,to_view=62107
info|2019-11-13 01:14:17.186442|[g:1][CONSENSUS]addRawPrepare,height=1,reqIdx=3,hash=6a03691a...
info|2019-11-13 01:14:17.187064|[g:1][CONSENSUS][PBFT]checkTimeout Succ,view=62107,toView=62108,nodeIdx=1,changeCycle=0,myNode=2dce86f9...,timecost=0.475
info|2019-11-13 01:14:17.188556|[g:1][CONSENSUS][PBFT]checkAndChangeView: Reach consensus,org_view=62107,org_changeCycle=0,cur_changeCycle=0,to_view=62108
info|2019-11-13 01:14:18.191167|[g:1][CONSENSUS]addRawPrepare,height=1,reqIdx=0,hash=40393712...
info|2019-11-13 01:14:18.191948|[g:1][CONSENSUS][PBFT]checkTimeout Succ,view=62108,toView=62109,nodeIdx=1,changeCycle=0,myNode=2dce86f9...,timecost=0.571
info|2019-11-13 01:14:18.193520|[g:1][CONSENSUS][PBFT]checkAndChangeView: Reach consensus,org_view=62108,org_changeCycle=0,cur_changeCycle=0,to_view=62109
info|2019-11-13 01:14:19.193744|[g:1][CONSENSUS][SEALER]++++++++++++++++ Generating seal on,blkNum=1,tx=0,nodeIdx=1,hash=cc9072d4...
info|2019-11-13 01:14:19.194511|[g:1][CONSENSUS][PBFT]checkTimeout Succ,view=62109,toView=62110,nodeIdx=1,changeCycle=0,myNode=2dce86f9...,timecost=0.375
info|2019-11-13 01:14:19.196898|[g:1][CONSENSUS][PBFT]checkAndChangeView: Reach consensus,org_view=62109,org_changeCycle=0,cur_changeCycle=0,to_view=62110
info|2019-11-13 01:14:20.037124|[P2P][Service] heartBeat,connected count=3
info|2019-11-13 01:14:20.198375|[g:1][CONSENSUS]addRawPrepare,height=1,reqIdx=2,hash=c6e7c02e...
info|2019-11-13 01:14:20.199600|[g:1][CONSENSUS][PBFT]checkTimeout Succ,view=62110,toView=62111,nodeIdx=1,changeCycle=0,myNode=2dce86f9...,timecost=1.037
info|2019-11-13 01:14:20.201384|[g:1][CONSENSUS][PBFT]checkAndChangeView: Reach consensus,org_view=62110,org_changeCycle=0,cur_changeCycle=0,to_view=62111
info|2019-11-13 01:14:21.202797|[g:1][CONSENSUS]addRawPrepare,height=1,reqIdx=3,hash=42b7bd02...
info|2019-11-13 01:14:21.203473|[g:1][CONSENSUS][PBFT]checkTimeout Succ,view=62111,toView=62112,nodeIdx=1,changeCycle=0,myNode=2dce86f9...,timecost=0.534
info|2019-11-13 01:14:21.204965|[g:1][CONSENSUS][PBFT]checkAndChangeView: Reach consensus,org_view=62111,org_changeCycle=0,cur_changeCycle=0,to_view=62112
info|2019-11-13 01:14:22.207845|[g:1][CONSENSUS]addRawPrepare,height=1,reqIdx=0,hash=281794b7...
info|2019-11-13 01:14:22.208470|[g:1][CONSENSUS][PBFT]checkTimeout Succ,view=62112,toView=62113,nodeIdx=1,changeCycle=0,myNode=2dce86f9...,timecost=0.461
info|2019-11-13 01:14:22.209924|[g:1][CONSENSUS][PBFT]checkAndChangeView: Reach consensus,org_view=62112,org_changeCycle=0,cur_changeCycle=0,to_view=62113
info|2019-11-13 01:14:23.210192|[g:1][CONSENSUS][SEALER]++++++++++++++++ Generating seal on,blkNum=1,tx=0,nodeIdx=1,hash=d188b281...
info|2019-11-13 01:14:23.211086|[g:1][CONSENSUS][PBFT]checkTimeout Succ,view=62113,toView=62114,nodeIdx=1,changeCycle=0,myNode=2dce86f9...,timecost=0.439
info|2019-11-13 01:14:23.213938|[g:1][CONSENSUS][PBFT]checkAndChangeView: Reach consensus,org_view=62113,org_changeCycle=0,cur_changeCycle=0,to_view=62114
info|2019-11-13 01:14:24.215431|[g:1][CONSENSUS]addRawPrepare,height=1,reqIdx=2,hash=7f9fe886...
info|2019-11-13 01:14:24.216016|[g:1][CONSENSUS][PBFT]checkTimeout Succ,view=62114,toView=62115,nodeIdx=1,changeCycle=0,myNode=2dce86f9...,timecost=0.447
info|2019-11-13 01:14:24.217734|[g:1][CONSENSUS][PBFT]checkAndChangeView: Reach consensus,org_view=62114,org_changeCycle=0,cur_changeCycle=0,to_view=62115
info|2019-11-13 01:14:25.219307|[g:1][CONSENSUS]addRawPrepare,height=1,reqIdx=3,hash=2af9dc18...
info|2019-11-13 01:14:25.220109|[g:1][CONSENSUS][PBFT]checkTimeout Succ,view=62115,toView=62116,nodeIdx=1,changeCycle=0,myNode=2dce86f9...,timecost=0.643
info|2019-11-13 01:14:25.221836|[g:1][CONSENSUS][PBFT]checkAndChangeView: Reach consensus,org_view=62115,org_changeCycle=0,cur_changeCycle=0,to_view=62116
info|2019-11-13 01:14:26.224503|[g:1][CONSENSUS]addRawPrepare,height=1,reqIdx=0,hash=196e75a6...
info|2019-11-13 01:14:26.225123|[g:1][CONSENSUS][PBFT]checkTimeout Succ,view=62116,toView=62117,nodeIdx=1,changeCycle=0,myNode=2dce86f9...,timecost=0.497
info|2019-11-13 01:14:26.226540|[g:1][CONSENSUS][PBFT]checkAndChangeView: Reach consensus,org_view=62116,org_changeCycle=0,cur_changeCycle=0,to_view=62117
