info|2019-11-12 07:39:34.003672|[P2P][Service] heartBeat,connected count=3
warning|2019-11-12 07:39:34.007497|[g:1][CONSENSUS][PBFT]ViewChangeWarning: not caused by omit empty block ,v=22414,toV=22415,curNum=0,hash=f72cae63...,nodeIdx=1,myNode=2dce86f9...
info|2019-11-12 07:39:34.009368|[g:1][CONSENSUS][PBFT]checkTimeout Succ,view=22414,toView=22415,nodeIdx=1,changeCycle=1,myNode=2dce86f9...,timecost=2.352
info|2019-11-12 07:39:34.011021|[g:1][CONSENSUS][PBFT]checkAndChangeView: Reach consensus,org_view=22414,org_changeCycle=1,cur_changeCycle=1,to_view=22415
info|2019-11-12 07:39:35.014289|[g:1][CONSENSUS]addRawPrepare,height=1,reqIdx=3,hash=ce7eed0b...
info|2019-11-12 07:39:35.014896|[g:1][CONSENSUS][PBFT]checkTimeout Succ,view=22415,toView=22416,nodeIdx=1,changeCycle=0,myNode=2dce86f9...,timecost=0.477
info|2019-11-12 07:39:35.016583|[g:1][CONSENSUS][PBFT]checkAndChangeView: Reach consensus,org_view=22415,org_changeCycle=0,cur_changeCycle=0,to_view=22416
info|2019-11-12 07:39:36.017857|[g:1][CONSENSUS]addRawPrepare,height=1,reqIdx=0,hash=a291ff35...
info|2019-11-12 07:39:36.018330|[g:1][CONSENSUS][PBFT]checkTimeout Succ,view=22416,toView=22417,nodeIdx=1,changeCycle=0,myNode=2dce86f9...,timecost=0.375
info|2019-11-12 07:39:36.019423|[g:1][CONSENSUS][PBFT]checkAndChangeView: Reach consensus,org_view=22416,org_changeCycle=0,cur_changeCycle=0,to_view=22417
info|2019-11-12 07:39:37.019350|[g:1][CONSENSUS][SEALER]++++++++++++++++ Generating seal on,blkNum=1,tx=0,nodeIdx=1,hash=4097e382...
info|2019-11-12 07:39:37.019952|[g:1][CONSENSUS][PBFT]checkTimeout Succ,view=22417,toView=22418,nodeIdx=1,changeCycle=0,myNode=2dce86f9...,timecost=0.28
info|2019-11-12 07:39:37.021969|[g:1][CONSENSUS][PBFT]checkAndChangeView: Reach consensus,org_view=22417,org_changeCycle=0,cur_changeCycle=0,to_view=22418
info|2019-11-12 07:39:38.024465|[g:1][CONSENSUS]addRawPrepare,height=1,reqIdx=2,hash=685d26c4...
info|2019-11-12 07:39:38.024937|[g:1][CONSENSUS][PBFT]checkTimeout Succ,view=22418,toView=22419,nodeIdx=1,changeCycle=0,myNode=2dce86f9...,timecost=0.356
info|2019-11-12 07:39:38.026111|[g:1][CONSENSUS][PBFT]checkAndChangeView: Reach consensus,org_view=22418,org_changeCycle=0,cur_changeCycle=0,to_view=22419
info|2019-11-12 07:39:39.028301|[g:1][CONSENSUS]addRawPrepare,height=1,reqIdx=3,hash=d13c8af6...
info|2019-11-12 07:39:39.028895|[g:1][CONSENSUS][PBFT]checkTimeout Succ,view=22419,toView=22420,nodeIdx=1,changeCycle=0,myNode=2dce86f9...,timecost=0.481
info|2019-11-12 07:39:39.030211|[g:1][CONSENSUS][PBFT]checkAndChangeView: Reach consensus,org_view=22419,org_changeCycle=0,cur_changeCycle=0,to_view=22420
info|2019-11-12 07:39:40.032624|[g:1][CONSENSUS]addRawPrepare,height=1,reqIdx=0,hash=e449e86d...
info|2019-11-12 07:39:40.033233|[g:1][CONSENSUS][PBFT]checkTimeout Succ,view=22420,toView=22421,nodeIdx=1,changeCycle=0,myNode=2dce86f9...,timecost=0.44
info|2019-11-12 07:39:40.034923|[g:1][CONSENSUS][PBFT]checkAndChangeView: Reach consensus,org_view=22420,org_changeCycle=0,cur_changeCycle=0,to_view=22421
info|2019-11-12 07:39:41.035170|[g:1][CONSENSUS][SEALER]++++++++++++++++ Generating seal on,blkNum=1,tx=0,nodeIdx=1,hash=1591bfdf...
info|2019-11-12 07:39:41.037906|[g:1][CONSENSUS][PBFT]checkTimeout Succ,view=22421,toView=22422,nodeIdx=1,changeCycle=0,myNode=2dce86f9...,timecost=0.464
info|2019-11-12 07:39:41.038561|[g:1][CONSENSUS][PBFT]checkAndChangeView: Reach consensus,org_view=22421,org_changeCycle=0,cur_changeCycle=0,to_view=22422
info|2019-11-12 07:39:42.040627|[g:1][CONSENSUS]addRawPrepare,height=1,reqIdx=2,hash=9c01535c...
info|2019-11-12 07:39:42.041316|[g:1][CONSENSUS][PBFT]checkTimeout Succ,view=22422,toView=22423,nodeIdx=1,changeCycle=0,myNode=2dce86f9...,timecost=0.557
info|2019-11-12 07:39:42.042917|[g:1][CONSENSUS][PBFT]checkAndChangeView: Reach consensus,org_view=22422,org_changeCycle=0,cur_changeCycle=0,to_view=22423
info|2019-11-12 07:39:43.045824|[g:1][CONSENSUS]addRawPrepare,height=1,reqIdx=3,hash=2a46a543...
info|2019-11-12 07:39:43.046448|[g:1][CONSENSUS][PBFT]checkTimeout Succ,view=22423,toView=22424,nodeIdx=1,changeCycle=0,myNode=2dce86f9...,timecost=0.497
info|2019-11-12 07:39:43.047790|[g:1][CONSENSUS][PBFT]checkAndChangeView: Reach consensus,org_view=22423,org_changeCycle=0,cur_changeCycle=0,to_view=22424
info|2019-11-12 07:39:44.009092|[P2P][Service] heartBeat,connected count=3
info|2019-11-12 07:39:44.048967|[g:1][CONSENSUS]addRawPrepare,height=1,reqIdx=0,hash=3167a57d...
info|2019-11-12 07:39:44.049988|[g:1][CONSENSUS][PBFT]checkTimeout Succ,view=22424,toView=22425,nodeIdx=1,changeCycle=0,myNode=2dce86f9...,timecost=0.893
info|2019-11-12 07:39:44.051178|[g:1][CONSENSUS][PBFT]checkAndChangeView: Reach consensus,org_view=22424,org_changeCycle=0,cur_changeCycle=0,to_view=22425
info|2019-11-12 07:39:45.051514|[g:1][CONSENSUS][SEALER]++++++++++++++++ Generating seal on,blkNum=1,tx=0,nodeIdx=1,hash=4c07dcaf...
info|2019-11-12 07:39:45.054119|[g:1][CONSENSUS][PBFT]checkTimeout Succ,view=22425,toView=22426,nodeIdx=1,changeCycle=0,myNode=2dce86f9...,timecost=0.517
info|2019-11-12 07:39:45.055696|[g:1][CONSENSUS][PBFT]checkAndChangeView: Reach consensus,org_view=22425,org_changeCycle=0,cur_changeCycle=0,to_view=22426
info|2019-11-12 07:39:46.056501|[g:1][CONSENSUS]addRawPrepare,height=1,reqIdx=2,hash=9af3801a...
info|2019-11-12 07:39:46.057194|[g:1][CONSENSUS][PBFT]checkTimeout Succ,view=22426,toView=22427,nodeIdx=1,changeCycle=0,myNode=2dce86f9...,timecost=0.522
info|2019-11-12 07:39:46.058589|[g:1][CONSENSUS][PBFT]checkAndChangeView: Reach consensus,org_view=22426,org_changeCycle=0,cur_changeCycle=0,to_view=22427
info|2019-11-12 07:39:47.060610|[g:1][CONSENSUS]addRawPrepare,height=1,reqIdx=3,hash=d52e0460...
info|2019-11-12 07:39:47.061280|[g:1][CONSENSUS][PBFT]checkTimeout Succ,view=22427,toView=22428,nodeIdx=1,changeCycle=0,myNode=2dce86f9...,timecost=0.539
info|2019-11-12 07:39:47.062933|[g:1][CONSENSUS][PBFT]checkAndChangeView: Reach consensus,org_view=22427,org_changeCycle=0,cur_changeCycle=0,to_view=22428
info|2019-11-12 07:39:48.065373|[g:1][CONSENSUS]addRawPrepare,height=1,reqIdx=0,hash=446cae6f...
info|2019-11-12 07:39:48.066004|[g:1][CONSENSUS][PBFT]checkTimeout Succ,view=22428,toView=22429,nodeIdx=1,changeCycle=0,myNode=2dce86f9...,timecost=0.499
info|2019-11-12 07:39:48.067382|[g:1][CONSENSUS][PBFT]checkAndChangeView: Reach consensus,org_view=22428,org_changeCycle=0,cur_changeCycle=0,to_view=22429
info|2019-11-12 07:39:49.068444|[g:1][CONSENSUS][SEALER]++++++++++++++++ Generating seal on,blkNum=1,tx=0,nodeIdx=1,hash=221f7f80...
info|2019-11-12 07:39:49.071909|[g:1][CONSENSUS][PBFT]checkTimeout Succ,view=22429,toView=22430,nodeIdx=1,changeCycle=0,myNode=2dce86f9...,timecost=0.511
info|2019-11-12 07:39:49.072612|[g:1][CONSENSUS][PBFT]checkAndChangeView: Reach consensus,org_view=22429,org_changeCycle=0,cur_changeCycle=0,to_view=22430
info|2019-11-12 07:39:50.073253|[g:1][CONSENSUS]addRawPrepare,height=1,reqIdx=2,hash=18a86e9b...
info|2019-11-12 07:39:50.073902|[g:1][CONSENSUS][PBFT]checkTimeout Succ,view=22430,toView=22431,nodeIdx=1,changeCycle=0,myNode=2dce86f9...,timecost=0.481
info|2019-11-12 07:39:50.075333|[g:1][CONSENSUS][PBFT]checkAndChangeView: Reach consensus,org_view=22430,org_changeCycle=0,cur_changeCycle=0,to_view=22431
info|2019-11-12 07:39:51.077592|[g:1][CONSENSUS]addRawPrepare,height=1,reqIdx=3,hash=907c6286...
info|2019-11-12 07:39:51.078230|[g:1][CONSENSUS][PBFT]checkTimeout Succ,view=22431,toView=22432,nodeIdx=1,changeCycle=0,myNode=2dce86f9...,timecost=0.452
info|2019-11-12 07:39:51.079850|[g:1][CONSENSUS][PBFT]checkAndChangeView: Reach consensus,org_view=22431,org_changeCycle=0,cur_changeCycle=0,to_view=22432
info|2019-11-12 07:39:52.081382|[g:1][CONSENSUS]addRawPrepare,height=1,reqIdx=0,hash=77cc7271...
info|2019-11-12 07:39:52.082029|[g:1][CONSENSUS][PBFT]checkTimeout Succ,view=22432,toView=22433,nodeIdx=1,changeCycle=0,myNode=2dce86f9...,timecost=0.488
info|2019-11-12 07:39:52.083549|[g:1][CONSENSUS][PBFT]checkAndChangeView: Reach consensus,org_view=22432,org_changeCycle=0,cur_changeCycle=0,to_view=22433
info|2019-11-12 07:39:53.083750|[g:1][CONSENSUS][SEALER]++++++++++++++++ Generating seal on,blkNum=1,tx=0,nodeIdx=1,hash=9a21e9a8...
info|2019-11-12 07:39:53.084760|[g:1][CONSENSUS][PBFT]checkTimeout Succ,view=22433,toView=22434,nodeIdx=1,changeCycle=0,myNode=2dce86f9...,timecost=0.533
info|2019-11-12 07:39:53.087182|[g:1][CONSENSUS][PBFT]checkAndChangeView: Reach consensus,org_view=22433,org_changeCycle=0,cur_changeCycle=0,to_view=22434
info|2019-11-12 07:39:54.009632|[P2P][Service] heartBeat,connected count=3
info|2019-11-12 07:39:54.089941|[g:1][CONSENSUS]addRawPrepare,height=1,reqIdx=2,hash=0312f4ad...
info|2019-11-12 07:39:54.090832|[g:1][CONSENSUS][PBFT]checkTimeout Succ,view=22434,toView=22435,nodeIdx=1,changeCycle=0,myNode=2dce86f9...,timecost=0.774
info|2019-11-12 07:39:54.092346|[g:1][CONSENSUS][PBFT]checkAndChangeView: Reach consensus,org_view=22434,org_changeCycle=0,cur_changeCycle=0,to_view=22435
info|2019-11-12 07:39:55.094498|[g:1][CONSENSUS]addRawPrepare,height=1,reqIdx=3,hash=eee4f3d4...
info|2019-11-12 07:39:55.095229|[g:1][CONSENSUS][PBFT]checkTimeout Succ,view=22435,toView=22436,nodeIdx=1,changeCycle=0,myNode=2dce86f9...,timecost=0.568
info|2019-11-12 07:39:55.096458|[g:1][CONSENSUS][PBFT]checkAndChangeView: Reach consensus,org_view=22435,org_changeCycle=0,cur_changeCycle=0,to_view=22436
info|2019-11-12 07:39:56.097786|[g:1][CONSENSUS]addRawPrepare,height=1,reqIdx=0,hash=284f514e...
info|2019-11-12 07:39:56.098622|[g:1][CONSENSUS][PBFT]checkTimeout Succ,view=22436,toView=22437,nodeIdx=1,changeCycle=0,myNode=2dce86f9...,timecost=0.612
info|2019-11-12 07:39:56.100019|[g:1][CONSENSUS][PBFT]checkAndChangeView: Reach consensus,org_view=22436,org_changeCycle=0,cur_changeCycle=0,to_view=22437
info|2019-11-12 07:39:57.101572|[g:1][CONSENSUS][SEALER]++++++++++++++++ Generating seal on,blkNum=1,tx=0,nodeIdx=1,hash=925b6ed3...
info|2019-11-12 07:39:57.102653|[g:1][CONSENSUS][PBFT]checkTimeout Succ,view=22437,toView=22438,nodeIdx=1,changeCycle=0,myNode=2dce86f9...,timecost=0.605
info|2019-11-12 07:39:57.105178|[g:1][CONSENSUS][PBFT]checkAndChangeView: Reach consensus,org_view=22437,org_changeCycle=0,cur_changeCycle=0,to_view=22438
info|2019-11-12 07:39:58.107620|[g:1][CONSENSUS]addRawPrepare,height=1,reqIdx=2,hash=45e0bca5...
info|2019-11-12 07:39:58.108264|[g:1][CONSENSUS][PBFT]checkTimeout Succ,view=22438,toView=22439,nodeIdx=1,changeCycle=0,myNode=2dce86f9...,timecost=0.506
info|2019-11-12 07:39:58.109797|[g:1][CONSENSUS][PBFT]checkAndChangeView: Reach consensus,org_view=22438,org_changeCycle=0,cur_changeCycle=0,to_view=22439
info|2019-11-12 07:39:59.111601|[g:1][CONSENSUS]addRawPrepare,height=1,reqIdx=3,hash=d1b64656...
info|2019-11-12 07:39:59.113126|[g:1][CONSENSUS][PBFT]checkTimeout Succ,view=22439,toView=22440,nodeIdx=1,changeCycle=0,myNode=2dce86f9...,timecost=1.193
info|2019-11-12 07:39:59.114706|[g:1][CONSENSUS][PBFT]checkAndChangeView: Reach consensus,org_view=22439,org_changeCycle=0,cur_changeCycle=0,to_view=22440
info|2019-11-12 07:40:00.116773|[g:1][CONSENSUS]addRawPrepare,height=1,reqIdx=0,hash=fd65925b...
info|2019-11-12 07:40:00.117450|[g:1][CONSENSUS][PBFT]checkTimeout Succ,view=22440,toView=22441,nodeIdx=1,changeCycle=0,myNode=2dce86f9...,timecost=0.539
info|2019-11-12 07:40:00.119156|[g:1][CONSENSUS][PBFT]checkAndChangeView: Reach consensus,org_view=22440,org_changeCycle=0,cur_changeCycle=0,to_view=22441
info|2019-11-12 07:40:01.120585|[g:1][CONSENSUS][SEALER]++++++++++++++++ Generating seal on,blkNum=1,tx=0,nodeIdx=1,hash=4283a6b2...
info|2019-11-12 07:40:01.123935|[g:1][CONSENSUS][PBFT]checkTimeout Succ,view=22441,toView=22442,nodeIdx=1,changeCycle=0,myNode=2dce86f9...,timecost=0.507
info|2019-11-12 07:40:01.124622|[g:1][CONSENSUS][PBFT]checkAndChangeView: Reach consensus,org_view=22441,org_changeCycle=0,cur_changeCycle=0,to_view=22442
info|2019-11-12 07:40:02.125515|[g:1][CONSENSUS]addRawPrepare,height=1,reqIdx=2,hash=c17770b5...
info|2019-11-12 07:40:02.126121|[g:1][CONSENSUS][PBFT]checkTimeout Succ,view=22442,toView=22443,nodeIdx=1,changeCycle=0,myNode=2dce86f9...,timecost=0.472
info|2019-11-12 07:40:02.127638|[g:1][CONSENSUS][PBFT]checkAndChangeView: Reach consensus,org_view=22442,org_changeCycle=0,cur_changeCycle=0,to_view=22443
info|2019-11-12 07:40:03.129407|[g:1][CONSENSUS]addRawPrepare,height=1,reqIdx=3,hash=3340144a...
info|2019-11-12 07:40:03.130045|[g:1][CONSENSUS][PBFT]checkTimeout Succ,view=22443,toView=22444,nodeIdx=1,changeCycle=0,myNode=2dce86f9...,timecost=0.482
info|2019-11-12 07:40:03.131567|[g:1][CONSENSUS][PBFT]checkAndChangeView: Reach consensus,org_view=22443,org_changeCycle=0,cur_changeCycle=0,to_view=22444
info|2019-11-12 07:40:04.018353|[P2P][Service] heartBeat,connected count=3
info|2019-11-12 07:40:04.133443|[g:1][CONSENSUS]addRawPrepare,height=1,reqIdx=0,hash=46a5ad47...
info|2019-11-12 07:40:04.134069|[g:1][CONSENSUS][PBFT]checkTimeout Succ,view=22444,toView=22445,nodeIdx=1,changeCycle=0,myNode=2dce86f9...,timecost=0.487
info|2019-11-12 07:40:04.136012|[g:1][CONSENSUS][PBFT]checkAndChangeView: Reach consensus,org_view=22444,org_changeCycle=0,cur_changeCycle=0,to_view=22445
info|2019-11-12 07:40:05.137502|[g:1][CONSENSUS][SEALER]++++++++++++++++ Generating seal on,blkNum=1,tx=0,nodeIdx=1,hash=a707527a...
info|2019-11-12 07:40:05.139768|[g:1][CONSENSUS][PBFT]checkTimeout Succ,view=22445,toView=22446,nodeIdx=1,changeCycle=0,myNode=2dce86f9...,timecost=0.335
info|2019-11-12 07:40:05.140386|[g:1][CONSENSUS][PBFT]checkAndChangeView: Reach consensus,org_view=22445,org_changeCycle=0,cur_changeCycle=0,to_view=22446
info|2019-11-12 07:40:06.142754|[g:1][CONSENSUS]addRawPrepare,height=1,reqIdx=2,hash=31bd3dec...
info|2019-11-12 07:40:06.143326|[g:1][CONSENSUS][PBFT]checkTimeout Succ,view=22446,toView=22447,nodeIdx=1,changeCycle=0,myNode=2dce86f9...,timecost=0.42
info|2019-11-12 07:40:06.144768|[g:1][CONSENSUS][PBFT]checkAndChangeView: Reach consensus,org_view=22446,org_changeCycle=0,cur_changeCycle=0,to_view=22447
info|2019-11-12 07:40:07.146082|[g:1][CONSENSUS]addRawPrepare,height=1,reqIdx=3,hash=7697bbed...
info|2019-11-12 07:40:07.146839|[g:1][CONSENSUS][PBFT]checkTimeout Succ,view=22447,toView=22448,nodeIdx=1,changeCycle=0,myNode=2dce86f9...,timecost=0.618
info|2019-11-12 07:40:07.148511|[g:1][CONSENSUS][PBFT]checkAndChangeView: Reach consensus,org_view=22447,org_changeCycle=0,cur_changeCycle=0,to_view=22448
info|2019-11-12 07:40:08.151025|[g:1][CONSENSUS]addRawPrepare,height=1,reqIdx=0,hash=6d99e2cf...
info|2019-11-12 07:40:08.151786|[g:1][CONSENSUS][PBFT]checkTimeout Succ,view=22448,toView=22449,nodeIdx=1,changeCycle=0,myNode=2dce86f9...,timecost=0.588
info|2019-11-12 07:40:08.153284|[g:1][CONSENSUS][PBFT]checkAndChangeView: Reach consensus,org_view=22448,org_changeCycle=0,cur_changeCycle=0,to_view=22449
info|2019-11-12 07:40:09.154663|[g:1][CONSENSUS][SEALER]++++++++++++++++ Generating seal on,blkNum=1,tx=0,nodeIdx=1,hash=f049038e...
info|2019-11-12 07:40:09.158412|[g:1][CONSENSUS][PBFT]checkTimeout Succ,view=22449,toView=22450,nodeIdx=1,changeCycle=0,myNode=2dce86f9...,timecost=0.464
info|2019-11-12 07:40:09.159199|[g:1][CONSENSUS][PBFT]checkAndChangeView: Reach consensus,org_view=22449,org_changeCycle=0,cur_changeCycle=0,to_view=22450
info|2019-11-12 07:40:10.159875|[g:1][CONSENSUS]addRawPrepare,height=1,reqIdx=2,hash=9fa3c2eb...
info|2019-11-12 07:40:10.160558|[g:1][CONSENSUS][PBFT]checkTimeout Succ,view=22450,toView=22451,nodeIdx=1,changeCycle=0,myNode=2dce86f9...,timecost=0.506
info|2019-11-12 07:40:10.162026|[g:1][CONSENSUS][PBFT]checkAndChangeView: Reach consensus,org_view=22450,org_changeCycle=0,cur_changeCycle=0,to_view=22451
info|2019-11-12 07:40:11.165253|[g:1][CONSENSUS]addRawPrepare,height=1,reqIdx=3,hash=b78e2c43...
info|2019-11-12 07:40:11.165867|[g:1][CONSENSUS][PBFT]checkTimeout Succ,view=22451,toView=22452,nodeIdx=1,changeCycle=0,myNode=2dce86f9...,timecost=0.472
info|2019-11-12 07:40:11.167346|[g:1][CONSENSUS][PBFT]checkAndChangeView: Reach consensus,org_view=22451,org_changeCycle=0,cur_changeCycle=0,to_view=22452
info|2019-11-12 07:40:12.169949|[g:1][CONSENSUS]addRawPrepare,height=1,reqIdx=0,hash=ad816ab2...
info|2019-11-12 07:40:12.170610|[g:1][CONSENSUS][PBFT]checkTimeout Succ,view=22452,toView=22453,nodeIdx=1,changeCycle=0,myNode=2dce86f9...,timecost=0.49
info|2019-11-12 07:40:12.172087|[g:1][CONSENSUS][PBFT]checkAndChangeView: Reach consensus,org_view=22452,org_changeCycle=0,cur_changeCycle=0,to_view=22453
info|2019-11-12 07:40:13.172561|[g:1][CONSENSUS][SEALER]++++++++++++++++ Generating seal on,blkNum=1,tx=0,nodeIdx=1,hash=9f085e50...
info|2019-11-12 07:40:13.173590|[g:1][CONSENSUS][PBFT]checkTimeout Succ,view=22453,toView=22454,nodeIdx=1,changeCycle=0,myNode=2dce86f9...,timecost=0.559
info|2019-11-12 07:40:13.176078|[g:1][CONSENSUS][PBFT]checkAndChangeView: Reach consensus,org_view=22453,org_changeCycle=0,cur_changeCycle=0,to_view=22454
info|2019-11-12 07:40:14.021241|[P2P][Service] heartBeat,connected count=3
info|2019-11-12 07:40:14.177786|[g:1][CONSENSUS]addRawPrepare,height=1,reqIdx=2,hash=08eba243...
info|2019-11-12 07:40:14.179020|[g:1][CONSENSUS][PBFT]checkTimeout Succ,view=22454,toView=22455,nodeIdx=1,changeCycle=0,myNode=2dce86f9...,timecost=1.115
info|2019-11-12 07:40:14.180571|[g:1][CONSENSUS][PBFT]checkAndChangeView: Reach consensus,org_view=22454,org_changeCycle=0,cur_changeCycle=0,to_view=22455
info|2019-11-12 07:40:15.181929|[g:1][CONSENSUS]addRawPrepare,height=1,reqIdx=3,hash=6678de7c...
info|2019-11-12 07:40:15.182563|[g:1][CONSENSUS][PBFT]checkTimeout Succ,view=22455,toView=22456,nodeIdx=1,changeCycle=0,myNode=2dce86f9...,timecost=0.493
info|2019-11-12 07:40:15.184114|[g:1][CONSENSUS][PBFT]checkAndChangeView: Reach consensus,org_view=22455,org_changeCycle=0,cur_changeCycle=0,to_view=22456
info|2019-11-12 07:40:16.186528|[g:1][CONSENSUS]addRawPrepare,height=1,reqIdx=0,hash=475fc306...
info|2019-11-12 07:40:16.187250|[g:1][CONSENSUS][PBFT]checkTimeout Succ,view=22456,toView=22457,nodeIdx=1,changeCycle=0,myNode=2dce86f9...,timecost=0.556
info|2019-11-12 07:40:16.188689|[g:1][CONSENSUS][PBFT]checkAndChangeView: Reach consensus,org_view=22456,org_changeCycle=0,cur_changeCycle=0,to_view=22457
info|2019-11-12 07:40:17.189353|[g:1][CONSENSUS][SEALER]++++++++++++++++ Generating seal on,blkNum=1,tx=0,nodeIdx=1,hash=b81820bb...
info|2019-11-12 07:40:17.191805|[g:1][CONSENSUS][PBFT]checkTimeout Succ,view=22457,toView=22458,nodeIdx=1,changeCycle=0,myNode=2dce86f9...,timecost=0.439
info|2019-11-12 07:40:17.192353|[g:1][CONSENSUS][PBFT]checkAndChangeView: Reach consensus,org_view=22457,org_changeCycle=0,cur_changeCycle=0,to_view=22458
info|2019-11-12 07:40:18.193254|[g:1][CONSENSUS]addRawPrepare,height=1,reqIdx=2,hash=ac0de649...
info|2019-11-12 07:40:18.193869|[g:1][CONSENSUS][PBFT]checkTimeout Succ,view=22458,toView=22459,nodeIdx=1,changeCycle=0,myNode=2dce86f9...,timecost=0.447
info|2019-11-12 07:40:18.195374|[g:1][CONSENSUS][PBFT]checkAndChangeView: Reach consensus,org_view=22458,org_changeCycle=0,cur_changeCycle=0,to_view=22459
info|2019-11-12 07:40:19.196971|[g:1][CONSENSUS]addRawPrepare,height=1,reqIdx=3,hash=e4357152...
info|2019-11-12 07:40:19.197683|[g:1][CONSENSUS][PBFT]checkTimeout Succ,view=22459,toView=22460,nodeIdx=1,changeCycle=0,myNode=2dce86f9...,timecost=0.573
info|2019-11-12 07:40:19.199355|[g:1][CONSENSUS][PBFT]checkAndChangeView: Reach consensus,org_view=22459,org_changeCycle=0,cur_changeCycle=0,to_view=22460
