warning|2019-11-14 09:37:19.005615|[g:1][CONSENSUS][PBFT]ViewChangeWarning: not caused by omit empty block ,v=98664,toV=98665,curNum=0,hash=f72cae63...,nodeIdx=1,myNode=2dce86f9...
info|2019-11-14 09:37:19.006453|[g:1][CONSENSUS][PBFT]checkTimeout Succ,view=98664,toView=98665,nodeIdx=1,changeCycle=1,myNode=2dce86f9...,timecost=4.148
info|2019-11-14 09:37:19.006772|[P2P][Service] heartBeat,connected count=3
info|2019-11-14 09:37:19.011384|[g:1][CONSENSUS][PBFT]checkAndChangeView: Reach consensus,org_view=98664,org_changeCycle=1,cur_changeCycle=1,to_view=98665
info|2019-11-14 09:37:20.011506|[g:1][CONSENSUS][SEALER]++++++++++++++++ Generating seal on,blkNum=1,tx=0,nodeIdx=1,hash=eb45de6c...
info|2019-11-14 09:37:20.013464|[g:1][CONSENSUS][PBFT]checkTimeout Succ,view=98665,toView=98666,nodeIdx=1,changeCycle=0,myNode=2dce86f9...,timecost=0.474
info|2019-11-14 09:37:20.014492|[g:1][CONSENSUS][PBFT]checkAndChangeView: Reach consensus,org_view=98665,org_changeCycle=0,cur_changeCycle=0,to_view=98666
info|2019-11-14 09:37:21.016463|[g:1][CONSENSUS]addRawPrepare,height=1,reqIdx=2,hash=8ebdd676...
info|2019-11-14 09:37:21.017152|[g:1][CONSENSUS][PBFT]checkTimeout Succ,view=98666,toView=98667,nodeIdx=1,changeCycle=0,myNode=2dce86f9...,timecost=0.556
info|2019-11-14 09:37:21.018786|[g:1][CONSENSUS][PBFT]checkAndChangeView: Reach consensus,org_view=98666,org_changeCycle=0,cur_changeCycle=0,to_view=98667
info|2019-11-14 09:37:22.019855|[g:1][CONSENSUS]addRawPrepare,height=1,reqIdx=3,hash=50f27387...
info|2019-11-14 09:37:22.020431|[g:1][CONSENSUS][PBFT]checkTimeout Succ,view=98667,toView=98668,nodeIdx=1,changeCycle=0,myNode=2dce86f9...,timecost=0.474
info|2019-11-14 09:37:22.021752|[g:1][CONSENSUS][PBFT]checkAndChangeView: Reach consensus,org_view=98667,org_changeCycle=0,cur_changeCycle=0,to_view=98668
info|2019-11-14 09:37:23.023453|[g:1][CONSENSUS]addRawPrepare,height=1,reqIdx=0,hash=d01c0342...
info|2019-11-14 09:37:23.024242|[g:1][CONSENSUS][PBFT]checkTimeout Succ,view=98668,toView=98669,nodeIdx=1,changeCycle=0,myNode=2dce86f9...,timecost=0.629
info|2019-11-14 09:37:23.025774|[g:1][CONSENSUS][PBFT]checkAndChangeView: Reach consensus,org_view=98668,org_changeCycle=0,cur_changeCycle=0,to_view=98669
info|2019-11-14 09:37:24.026358|[g:1][CONSENSUS][SEALER]++++++++++++++++ Generating seal on,blkNum=1,tx=0,nodeIdx=1,hash=281d38e6...
info|2019-11-14 09:37:24.027349|[g:1][CONSENSUS][PBFT]checkTimeout Succ,view=98669,toView=98670,nodeIdx=1,changeCycle=0,myNode=2dce86f9...,timecost=0.546
info|2019-11-14 09:37:24.029923|[g:1][CONSENSUS][PBFT]checkAndChangeView: Reach consensus,org_view=98669,org_changeCycle=0,cur_changeCycle=0,to_view=98670
info|2019-11-14 09:37:25.032370|[g:1][CONSENSUS]addRawPrepare,height=1,reqIdx=2,hash=7593d584...
info|2019-11-14 09:37:25.032950|[g:1][CONSENSUS][PBFT]checkTimeout Succ,view=98670,toView=98671,nodeIdx=1,changeCycle=0,myNode=2dce86f9...,timecost=0.42
info|2019-11-14 09:37:25.034266|[g:1][CONSENSUS][PBFT]checkAndChangeView: Reach consensus,org_view=98670,org_changeCycle=0,cur_changeCycle=0,to_view=98671
info|2019-11-14 09:37:26.036155|[g:1][CONSENSUS]addRawPrepare,height=1,reqIdx=3,hash=52b8c931...
info|2019-11-14 09:37:26.036755|[g:1][CONSENSUS][PBFT]checkTimeout Succ,view=98671,toView=98672,nodeIdx=1,changeCycle=0,myNode=2dce86f9...,timecost=0.467
info|2019-11-14 09:37:26.038254|[g:1][CONSENSUS][PBFT]checkAndChangeView: Reach consensus,org_view=98671,org_changeCycle=0,cur_changeCycle=0,to_view=98672
info|2019-11-14 09:37:27.040593|[g:1][CONSENSUS]addRawPrepare,height=1,reqIdx=0,hash=24d555bb...
info|2019-11-14 09:37:27.041297|[g:1][CONSENSUS][PBFT]checkTimeout Succ,view=98672,toView=98673,nodeIdx=1,changeCycle=0,myNode=2dce86f9...,timecost=0.539
info|2019-11-14 09:37:27.042850|[g:1][CONSENSUS][PBFT]checkAndChangeView: Reach consensus,org_view=98672,org_changeCycle=0,cur_changeCycle=0,to_view=98673
info|2019-11-14 09:37:28.042305|[g:1][CONSENSUS][SEALER]++++++++++++++++ Generating seal on,blkNum=1,tx=0,nodeIdx=1,hash=3d18956f...
info|2019-11-14 09:37:28.043219|[g:1][CONSENSUS][PBFT]checkTimeout Succ,view=98673,toView=98674,nodeIdx=1,changeCycle=0,myNode=2dce86f9...,timecost=0.454
info|2019-11-14 09:37:28.045746|[g:1][CONSENSUS][PBFT]checkAndChangeView: Reach consensus,org_view=98673,org_changeCycle=0,cur_changeCycle=0,to_view=98674
info|2019-11-14 09:37:29.012563|[P2P][Service] heartBeat,connected count=3
info|2019-11-14 09:37:29.048182|[g:1][CONSENSUS]addRawPrepare,height=1,reqIdx=2,hash=e4fdb48c...
info|2019-11-14 09:37:29.049256|[g:1][CONSENSUS][PBFT]checkTimeout Succ,view=98674,toView=98675,nodeIdx=1,changeCycle=0,myNode=2dce86f9...,timecost=0.926
info|2019-11-14 09:37:29.050526|[g:1][CONSENSUS][PBFT]checkAndChangeView: Reach consensus,org_view=98674,org_changeCycle=0,cur_changeCycle=0,to_view=98675
info|2019-11-14 09:37:30.052073|[g:1][CONSENSUS]addRawPrepare,height=1,reqIdx=3,hash=3295a9b3...
info|2019-11-14 09:37:30.052978|[g:1][CONSENSUS][PBFT]checkTimeout Succ,view=98675,toView=98676,nodeIdx=1,changeCycle=0,myNode=2dce86f9...,timecost=0.737
info|2019-11-14 09:37:30.054608|[g:1][CONSENSUS][PBFT]checkAndChangeView: Reach consensus,org_view=98675,org_changeCycle=0,cur_changeCycle=0,to_view=98676
info|2019-11-14 09:37:31.055716|[g:1][CONSENSUS]addRawPrepare,height=1,reqIdx=0,hash=11cfd4bb...
info|2019-11-14 09:37:31.056306|[g:1][CONSENSUS][PBFT]checkTimeout Succ,view=98676,toView=98677,nodeIdx=1,changeCycle=0,myNode=2dce86f9...,timecost=0.462
info|2019-11-14 09:37:31.057966|[g:1][CONSENSUS][PBFT]checkAndChangeView: Reach consensus,org_view=98676,org_changeCycle=0,cur_changeCycle=0,to_view=98677
info|2019-11-14 09:37:32.057634|[g:1][CONSENSUS][SEALER]++++++++++++++++ Generating seal on,blkNum=1,tx=0,nodeIdx=1,hash=e5dc8afb...
info|2019-11-14 09:37:32.060346|[g:1][CONSENSUS][PBFT]checkTimeout Succ,view=98677,toView=98678,nodeIdx=1,changeCycle=0,myNode=2dce86f9...,timecost=0.412
info|2019-11-14 09:37:32.061730|[g:1][CONSENSUS][PBFT]checkAndChangeView: Reach consensus,org_view=98677,org_changeCycle=0,cur_changeCycle=0,to_view=98678
info|2019-11-14 09:37:33.062792|[g:1][CONSENSUS]addRawPrepare,height=1,reqIdx=2,hash=d99c5772...
info|2019-11-14 09:37:33.063564|[g:1][CONSENSUS][PBFT]checkTimeout Succ,view=98678,toView=98679,nodeIdx=1,changeCycle=0,myNode=2dce86f9...,timecost=0.566
info|2019-11-14 09:37:33.065054|[g:1][CONSENSUS][PBFT]checkAndChangeView: Reach consensus,org_view=98678,org_changeCycle=0,cur_changeCycle=0,to_view=98679
info|2019-11-14 09:37:34.067076|[g:1][CONSENSUS]addRawPrepare,height=1,reqIdx=3,hash=5df92d7f...
info|2019-11-14 09:37:34.068147|[g:1][CONSENSUS][PBFT]checkTimeout Succ,view=98679,toView=98680,nodeIdx=1,changeCycle=0,myNode=2dce86f9...,timecost=0.925
info|2019-11-14 09:37:34.069483|[g:1][CONSENSUS][PBFT]checkAndChangeView: Reach consensus,org_view=98679,org_changeCycle=0,cur_changeCycle=0,to_view=98680
info|2019-11-14 09:37:35.070927|[g:1][CONSENSUS]addRawPrepare,height=1,reqIdx=0,hash=db9a2ebe...
info|2019-11-14 09:37:35.071621|[g:1][CONSENSUS][PBFT]checkTimeout Succ,view=98680,toView=98681,nodeIdx=1,changeCycle=0,myNode=2dce86f9...,timecost=0.57
info|2019-11-14 09:37:35.073087|[g:1][CONSENSUS][PBFT]checkAndChangeView: Reach consensus,org_view=98680,org_changeCycle=0,cur_changeCycle=0,to_view=98681
info|2019-11-14 09:37:36.074431|[g:1][CONSENSUS][SEALER]++++++++++++++++ Generating seal on,blkNum=1,tx=0,nodeIdx=1,hash=101af8ec...
info|2019-11-14 09:37:36.075456|[g:1][CONSENSUS][PBFT]checkTimeout Succ,view=98681,toView=98682,nodeIdx=1,changeCycle=0,myNode=2dce86f9...,timecost=0.554
info|2019-11-14 09:37:36.078017|[g:1][CONSENSUS][PBFT]checkAndChangeView: Reach consensus,org_view=98681,org_changeCycle=0,cur_changeCycle=0,to_view=98682
info|2019-11-14 09:37:37.081025|[g:1][CONSENSUS]addRawPrepare,height=1,reqIdx=2,hash=a4c90628...
info|2019-11-14 09:37:37.081789|[g:1][CONSENSUS][PBFT]checkTimeout Succ,view=98682,toView=98683,nodeIdx=1,changeCycle=0,myNode=2dce86f9...,timecost=0.605
info|2019-11-14 09:37:37.083231|[g:1][CONSENSUS][PBFT]checkAndChangeView: Reach consensus,org_view=98682,org_changeCycle=0,cur_changeCycle=0,to_view=98683
info|2019-11-14 09:37:38.084601|[g:1][CONSENSUS]addRawPrepare,height=1,reqIdx=3,hash=e203fbd6...
info|2019-11-14 09:37:38.085235|[g:1][CONSENSUS][PBFT]checkTimeout Succ,view=98683,toView=98684,nodeIdx=1,changeCycle=0,myNode=2dce86f9...,timecost=0.434
info|2019-11-14 09:37:38.086660|[g:1][CONSENSUS][PBFT]checkAndChangeView: Reach consensus,org_view=98683,org_changeCycle=0,cur_changeCycle=0,to_view=98684
info|2019-11-14 09:37:39.015988|[P2P][Service] heartBeat,connected count=3
info|2019-11-14 09:37:39.087986|[g:1][CONSENSUS]addRawPrepare,height=1,reqIdx=0,hash=0459e6b0...
info|2019-11-14 09:37:39.089298|[g:1][CONSENSUS][PBFT]checkTimeout Succ,view=98684,toView=98685,nodeIdx=1,changeCycle=0,myNode=2dce86f9...,timecost=1.165
info|2019-11-14 09:37:39.090852|[g:1][CONSENSUS][PBFT]checkAndChangeView: Reach consensus,org_view=98684,org_changeCycle=0,cur_changeCycle=0,to_view=98685
info|2019-11-14 09:37:40.091201|[g:1][CONSENSUS][SEALER]++++++++++++++++ Generating seal on,blkNum=1,tx=0,nodeIdx=1,hash=168fd380...
info|2019-11-14 09:37:40.092112|[g:1][CONSENSUS][PBFT]checkTimeout Succ,view=98685,toView=98686,nodeIdx=1,changeCycle=0,myNode=2dce86f9...,timecost=0.423
info|2019-11-14 09:37:40.094755|[g:1][CONSENSUS][PBFT]checkAndChangeView: Reach consensus,org_view=98685,org_changeCycle=0,cur_changeCycle=0,to_view=98686
info|2019-11-14 09:37:41.097372|[g:1][CONSENSUS]addRawPrepare,height=1,reqIdx=2,hash=974053e4...
info|2019-11-14 09:37:41.098068|[g:1][CONSENSUS][PBFT]checkTimeout Succ,view=98686,toView=98687,nodeIdx=1,changeCycle=0,myNode=2dce86f9...,timecost=0.506
info|2019-11-14 09:37:41.099623|[g:1][CONSENSUS][PBFT]checkAndChangeView: Reach consensus,org_view=98686,org_changeCycle=0,cur_changeCycle=0,to_view=98687
info|2019-11-14 09:37:42.101042|[g:1][CONSENSUS]addRawPrepare,height=1,reqIdx=3,hash=7788d549...
info|2019-11-14 09:37:42.101777|[g:1][CONSENSUS][PBFT]checkTimeout Succ,view=98687,toView=98688,nodeIdx=1,changeCycle=0,myNode=2dce86f9...,timecost=0.559
info|2019-11-14 09:37:42.103468|[g:1][CONSENSUS][PBFT]checkAndChangeView: Reach consensus,org_view=98687,org_changeCycle=0,cur_changeCycle=0,to_view=98688
info|2019-11-14 09:37:43.105752|[g:1][CONSENSUS]addRawPrepare,height=1,reqIdx=0,hash=fec3d179...
info|2019-11-14 09:37:43.106415|[g:1][CONSENSUS][PBFT]checkTimeout Succ,view=98688,toView=98689,nodeIdx=1,changeCycle=0,myNode=2dce86f9...,timecost=0.506
info|2019-11-14 09:37:43.107845|[g:1][CONSENSUS][PBFT]checkAndChangeView: Reach consensus,org_view=98688,org_changeCycle=0,cur_changeCycle=0,to_view=98689
info|2019-11-14 09:37:44.107788|[g:1][CONSENSUS][SEALER]++++++++++++++++ Generating seal on,blkNum=1,tx=0,nodeIdx=1,hash=3d15bcc4...
info|2019-11-14 09:37:44.110824|[g:1][CONSENSUS][PBFT]checkTimeout Succ,view=98689,toView=98690,nodeIdx=1,changeCycle=0,myNode=2dce86f9...,timecost=0.505
info|2019-11-14 09:37:44.112129|[g:1][CONSENSUS][PBFT]checkAndChangeView: Reach consensus,org_view=98689,org_changeCycle=0,cur_changeCycle=0,to_view=98690
info|2019-11-14 09:37:45.113994|[g:1][CONSENSUS]addRawPrepare,height=1,reqIdx=2,hash=01cb260f...
info|2019-11-14 09:37:45.114581|[g:1][CONSENSUS][PBFT]checkTimeout Succ,view=98690,toView=98691,nodeIdx=1,changeCycle=0,myNode=2dce86f9...,timecost=0.45
info|2019-11-14 09:37:45.115968|[g:1][CONSENSUS][PBFT]checkAndChangeView: Reach consensus,org_view=98690,org_changeCycle=0,cur_changeCycle=0,to_view=98691
info|2019-11-14 09:37:46.117462|[g:1][CONSENSUS]addRawPrepare,height=1,reqIdx=3,hash=a700a172...
info|2019-11-14 09:37:46.118163|[g:1][CONSENSUS][PBFT]checkTimeout Succ,view=98691,toView=98692,nodeIdx=1,changeCycle=0,myNode=2dce86f9...,timecost=0.569
info|2019-11-14 09:37:46.119622|[g:1][CONSENSUS][PBFT]checkAndChangeView: Reach consensus,org_view=98691,org_changeCycle=0,cur_changeCycle=0,to_view=98692
info|2019-11-14 09:37:47.120627|[g:1][CONSENSUS]addRawPrepare,height=1,reqIdx=0,hash=d0bbcf38...
info|2019-11-14 09:37:47.121277|[g:1][CONSENSUS][PBFT]checkTimeout Succ,view=98692,toView=98693,nodeIdx=1,changeCycle=0,myNode=2dce86f9...,timecost=0.474
info|2019-11-14 09:37:47.123064|[g:1][CONSENSUS][PBFT]checkAndChangeView: Reach consensus,org_view=98692,org_changeCycle=0,cur_changeCycle=0,to_view=98693
info|2019-11-14 09:37:48.124338|[g:1][CONSENSUS][SEALER]++++++++++++++++ Generating seal on,blkNum=1,tx=0,nodeIdx=1,hash=ee3749ea...
info|2019-11-14 09:37:48.125301|[g:1][CONSENSUS][PBFT]checkTimeout Succ,view=98693,toView=98694,nodeIdx=1,changeCycle=0,myNode=2dce86f9...,timecost=0.483
info|2019-11-14 09:37:48.128189|[g:1][CONSENSUS][PBFT]checkAndChangeView: Reach consensus,org_view=98693,org_changeCycle=0,cur_changeCycle=0,to_view=98694
info|2019-11-14 09:37:49.023192|[P2P][Service] heartBeat,connected count=3
info|2019-11-14 09:37:49.129863|[g:1][CONSENSUS]addRawPrepare,height=1,reqIdx=2,hash=e1147130...
info|2019-11-14 09:37:49.130921|[g:1][CONSENSUS][PBFT]checkTimeout Succ,view=98694,toView=98695,nodeIdx=1,changeCycle=0,myNode=2dce86f9...,timecost=0.929
info|2019-11-14 09:37:49.132514|[g:1][CONSENSUS][PBFT]checkAndChangeView: Reach consensus,org_view=98694,org_changeCycle=0,cur_changeCycle=0,to_view=98695
info|2019-11-14 09:37:50.134295|[g:1][CONSENSUS]addRawPrepare,height=1,reqIdx=3,hash=5403f766...
info|2019-11-14 09:37:50.134945|[g:1][CONSENSUS][PBFT]checkTimeout Succ,view=98695,toView=98696,nodeIdx=1,changeCycle=0,myNode=2dce86f9...,timecost=0.482
info|2019-11-14 09:37:50.136396|[g:1][CONSENSUS][PBFT]checkAndChangeView: Reach consensus,org_view=98695,org_changeCycle=0,cur_changeCycle=0,to_view=98696
info|2019-11-14 09:37:51.137828|[g:1][CONSENSUS]addRawPrepare,height=1,reqIdx=0,hash=111f5fef...
info|2019-11-14 09:37:51.138280|[g:1][CONSENSUS][PBFT]checkTimeout Succ,view=98696,toView=98697,nodeIdx=1,changeCycle=0,myNode=2dce86f9...,timecost=0.343
info|2019-11-14 09:37:51.139655|[g:1][CONSENSUS][PBFT]checkAndChangeView: Reach consensus,org_view=98696,org_changeCycle=0,cur_changeCycle=0,to_view=98697
info|2019-11-14 09:37:52.140520|[g:1][CONSENSUS][SEALER]++++++++++++++++ Generating seal on,blkNum=1,tx=0,nodeIdx=1,hash=cb0caa36...
info|2019-11-14 09:37:52.143118|[g:1][CONSENSUS][PBFT]checkTimeout Succ,view=98697,toView=98698,nodeIdx=1,changeCycle=0,myNode=2dce86f9...,timecost=0.388
info|2019-11-14 09:37:52.144561|[g:1][CONSENSUS][PBFT]checkAndChangeView: Reach consensus,org_view=98697,org_changeCycle=0,cur_changeCycle=0,to_view=98698
info|2019-11-14 09:37:53.146914|[g:1][CONSENSUS]addRawPrepare,height=1,reqIdx=2,hash=503a46f7...
info|2019-11-14 09:37:53.147726|[g:1][CONSENSUS][PBFT]checkTimeout Succ,view=98698,toView=98699,nodeIdx=1,changeCycle=0,myNode=2dce86f9...,timecost=0.651
info|2019-11-14 09:37:53.149300|[g:1][CONSENSUS][PBFT]checkAndChangeView: Reach consensus,org_view=98698,org_changeCycle=0,cur_changeCycle=0,to_view=98699
info|2019-11-14 09:37:54.150546|[g:1][CONSENSUS]addRawPrepare,height=1,reqIdx=3,hash=a8535225...
info|2019-11-14 09:37:54.151655|[g:1][CONSENSUS][PBFT]checkTimeout Succ,view=98699,toView=98700,nodeIdx=1,changeCycle=0,myNode=2dce86f9...,timecost=0.945
info|2019-11-14 09:37:54.153360|[g:1][CONSENSUS][PBFT]checkAndChangeView: Reach consensus,org_view=98699,org_changeCycle=0,cur_changeCycle=0,to_view=98700
info|2019-11-14 09:37:55.155317|[g:1][CONSENSUS]addRawPrepare,height=1,reqIdx=0,hash=3d4ee433...
info|2019-11-14 09:37:55.156109|[g:1][CONSENSUS][PBFT]checkTimeout Succ,view=98700,toView=98701,nodeIdx=1,changeCycle=0,myNode=2dce86f9...,timecost=0.559
info|2019-11-14 09:37:55.157571|[g:1][CONSENSUS][PBFT]checkAndChangeView: Reach consensus,org_view=98700,org_changeCycle=0,cur_changeCycle=0,to_view=98701
info|2019-11-14 09:37:56.157367|[g:1][CONSENSUS][SEALER]++++++++++++++++ Generating seal on,blkNum=1,tx=0,nodeIdx=1,hash=753f4191...
info|2019-11-14 09:37:56.160021|[g:1][CONSENSUS][PBFT]checkTimeout Succ,view=98701,toView=98702,nodeIdx=1,changeCycle=0,myNode=2dce86f9...,timecost=0.422
info|2019-11-14 09:37:56.161472|[g:1][CONSENSUS][PBFT]checkAndChangeView: Reach consensus,org_view=98701,org_changeCycle=0,cur_changeCycle=0,to_view=98702
info|2019-11-14 09:37:57.163903|[g:1][CONSENSUS]addRawPrepare,height=1,reqIdx=2,hash=6eb0feea...
info|2019-11-14 09:37:57.164439|[g:1][CONSENSUS][PBFT]checkTimeout Succ,view=98702,toView=98703,nodeIdx=1,changeCycle=0,myNode=2dce86f9...,timecost=0.42
info|2019-11-14 09:37:57.165745|[g:1][CONSENSUS][PBFT]checkAndChangeView: Reach consensus,org_view=98702,org_changeCycle=0,cur_changeCycle=0,to_view=98703
info|2019-11-14 09:37:58.167728|[g:1][CONSENSUS]addRawPrepare,height=1,reqIdx=3,hash=2cb20400...
info|2019-11-14 09:37:58.168325|[g:1][CONSENSUS][PBFT]checkTimeout Succ,view=98703,toView=98704,nodeIdx=1,changeCycle=0,myNode=2dce86f9...,timecost=0.472
info|2019-11-14 09:37:58.169885|[g:1][CONSENSUS][PBFT]checkAndChangeView: Reach consensus,org_view=98703,org_changeCycle=0,cur_changeCycle=0,to_view=98704
info|2019-11-14 09:37:59.032184|[P2P][Service] heartBeat,connected count=3
info|2019-11-14 09:37:59.172238|[g:1][CONSENSUS]addRawPrepare,height=1,reqIdx=0,hash=efd4a0f1...
info|2019-11-14 09:37:59.172960|[g:1][CONSENSUS][PBFT]checkTimeout Succ,view=98704,toView=98705,nodeIdx=1,changeCycle=0,myNode=2dce86f9...,timecost=0.59
info|2019-11-14 09:37:59.174952|[g:1][CONSENSUS][PBFT]checkAndChangeView: Reach consensus,org_view=98704,org_changeCycle=0,cur_changeCycle=0,to_view=98705
