info|2019-12-13 09:42:18.005937|[P2P][Service] heartBeat,connected count=3
warning|2019-12-13 09:42:18.008509|[g:1][CONSENSUS][PBFT]ViewChangeWarning: not caused by omit empty block ,v=476,toV=477,curNum=68,hash=685b9589...,nodeIdx=1,myNode=2dce86f9...
info|2019-12-13 09:42:18.009240|[g:1][CONSENSUS][PBFT]checkTimeout Succ,view=476,toView=477,nodeIdx=1,changeCycle=1,myNode=2dce86f9...,timecost=1.951
info|2019-12-13 09:42:18.012084|[g:1][CONSENSUS][PBFT]checkAndChangeView: Reach consensus,org_view=476,org_changeCycle=1,cur_changeCycle=1,to_view=477
info|2019-12-13 09:42:19.012407|[g:1][CONSENSUS][SEALER]++++++++++++++++ Generating seal on,blkNum=69,tx=0,nodeIdx=1,hash=00e6c7f8...
info|2019-12-13 09:42:19.013034|[g:1][CONSENSUS][PBFT]checkTimeout Succ,view=477,toView=478,nodeIdx=1,changeCycle=0,myNode=2dce86f9...,timecost=0.343
info|2019-12-13 09:42:19.014476|[g:1][CONSENSUS][PBFT]checkAndChangeView: Reach consensus,org_view=477,org_changeCycle=0,cur_changeCycle=0,to_view=478
info|2019-12-13 09:42:20.016439|[g:1][CONSENSUS]addRawPrepare,height=69,reqIdx=2,hash=f34060be...
info|2019-12-13 09:42:20.017038|[g:1][CONSENSUS][PBFT]checkTimeout Succ,view=478,toView=479,nodeIdx=1,changeCycle=0,myNode=2dce86f9...,timecost=0.456
info|2019-12-13 09:42:20.018224|[g:1][CONSENSUS][PBFT]checkAndChangeView: Reach consensus,org_view=478,org_changeCycle=0,cur_changeCycle=0,to_view=479
info|2019-12-13 09:42:21.019907|[g:1][CONSENSUS]addRawPrepare,height=69,reqIdx=3,hash=d1477995...
info|2019-12-13 09:42:21.020429|[g:1][CONSENSUS][PBFT]checkTimeout Succ,view=479,toView=480,nodeIdx=1,changeCycle=0,myNode=2dce86f9...,timecost=0.386
info|2019-12-13 09:42:21.021906|[g:1][CONSENSUS][PBFT]checkAndChangeView: Reach consensus,org_view=479,org_changeCycle=0,cur_changeCycle=0,to_view=480
info|2019-12-13 09:42:22.023783|[g:1][CONSENSUS]addRawPrepare,height=69,reqIdx=0,hash=3ab16077...
info|2019-12-13 09:42:22.024461|[g:1][CONSENSUS][PBFT]checkTimeout Succ,view=480,toView=481,nodeIdx=1,changeCycle=0,myNode=2dce86f9...,timecost=0.547
info|2019-12-13 09:42:22.025924|[g:1][CONSENSUS][PBFT]checkAndChangeView: Reach consensus,org_view=480,org_changeCycle=0,cur_changeCycle=0,to_view=481
info|2019-12-13 09:42:23.025262|[g:1][CONSENSUS][SEALER]++++++++++++++++ Generating seal on,blkNum=69,tx=0,nodeIdx=1,hash=5e1dad40...
info|2019-12-13 09:42:23.027995|[g:1][CONSENSUS][PBFT]checkTimeout Succ,view=481,toView=482,nodeIdx=1,changeCycle=0,myNode=2dce86f9...,timecost=0.685
info|2019-12-13 09:42:23.029398|[g:1][CONSENSUS][PBFT]checkAndChangeView: Reach consensus,org_view=481,org_changeCycle=0,cur_changeCycle=0,to_view=482
info|2019-12-13 09:42:24.029504|[g:1][CONSENSUS]addRawPrepare,height=69,reqIdx=2,hash=ec6ce778...
info|2019-12-13 09:42:24.030162|[g:1][CONSENSUS][PBFT]checkTimeout Succ,view=482,toView=483,nodeIdx=1,changeCycle=0,myNode=2dce86f9...,timecost=0.567
info|2019-12-13 09:42:24.031631|[g:1][CONSENSUS][PBFT]checkAndChangeView: Reach consensus,org_view=482,org_changeCycle=0,cur_changeCycle=0,to_view=483
info|2019-12-13 09:42:25.033834|[g:1][CONSENSUS]addRawPrepare,height=69,reqIdx=3,hash=ed0b941a...
info|2019-12-13 09:42:25.034707|[g:1][CONSENSUS][PBFT]checkTimeout Succ,view=483,toView=484,nodeIdx=1,changeCycle=0,myNode=2dce86f9...,timecost=0.714
info|2019-12-13 09:42:25.036253|[g:1][CONSENSUS][PBFT]checkAndChangeView: Reach consensus,org_view=483,org_changeCycle=0,cur_changeCycle=0,to_view=484
info|2019-12-13 09:42:26.038454|[g:1][CONSENSUS]addRawPrepare,height=69,reqIdx=0,hash=f364d4bc...
info|2019-12-13 09:42:26.038901|[g:1][CONSENSUS][PBFT]checkTimeout Succ,view=484,toView=485,nodeIdx=1,changeCycle=0,myNode=2dce86f9...,timecost=0.33
info|2019-12-13 09:42:26.040026|[g:1][CONSENSUS][PBFT]checkAndChangeView: Reach consensus,org_view=484,org_changeCycle=0,cur_changeCycle=0,to_view=485
info|2019-12-13 09:42:27.040271|[g:1][CONSENSUS][SEALER]++++++++++++++++ Generating seal on,blkNum=69,tx=0,nodeIdx=1,hash=9cf8a3c0...
info|2019-12-13 09:42:27.043442|[g:1][CONSENSUS][PBFT]checkTimeout Succ,view=485,toView=486,nodeIdx=1,changeCycle=0,myNode=2dce86f9...,timecost=0.537
info|2019-12-13 09:42:27.044122|[g:1][CONSENSUS][PBFT]checkAndChangeView: Reach consensus,org_view=485,org_changeCycle=0,cur_changeCycle=0,to_view=486
info|2019-12-13 09:42:28.013314|[P2P][Service] heartBeat,connected count=3
info|2019-12-13 09:42:28.045726|[g:1][CONSENSUS]addRawPrepare,height=69,reqIdx=2,hash=41884236...
info|2019-12-13 09:42:28.047182|[g:1][CONSENSUS][PBFT]checkTimeout Succ,view=486,toView=487,nodeIdx=1,changeCycle=0,myNode=2dce86f9...,timecost=1.3
info|2019-12-13 09:42:28.048708|[g:1][CONSENSUS][PBFT]checkAndChangeView: Reach consensus,org_view=486,org_changeCycle=0,cur_changeCycle=0,to_view=487
info|2019-12-13 09:42:29.050465|[g:1][CONSENSUS]addRawPrepare,height=69,reqIdx=3,hash=8108a152...
info|2019-12-13 09:42:29.051088|[g:1][CONSENSUS][PBFT]checkTimeout Succ,view=487,toView=488,nodeIdx=1,changeCycle=0,myNode=2dce86f9...,timecost=0.508
info|2019-12-13 09:42:29.053012|[g:1][CONSENSUS][PBFT]checkAndChangeView: Reach consensus,org_view=487,org_changeCycle=0,cur_changeCycle=0,to_view=488
info|2019-12-13 09:42:30.054088|[g:1][CONSENSUS]addRawPrepare,height=69,reqIdx=0,hash=d394c517...
info|2019-12-13 09:42:30.054834|[g:1][CONSENSUS][PBFT]checkTimeout Succ,view=488,toView=489,nodeIdx=1,changeCycle=0,myNode=2dce86f9...,timecost=0.581
info|2019-12-13 09:42:30.056582|[g:1][CONSENSUS][PBFT]checkAndChangeView: Reach consensus,org_view=488,org_changeCycle=0,cur_changeCycle=0,to_view=489
info|2019-12-13 09:42:31.056408|[g:1][CONSENSUS][SEALER]++++++++++++++++ Generating seal on,blkNum=69,tx=0,nodeIdx=1,hash=3b49ba77...
info|2019-12-13 09:42:31.057394|[g:1][CONSENSUS][PBFT]checkTimeout Succ,view=489,toView=490,nodeIdx=1,changeCycle=0,myNode=2dce86f9...,timecost=0.552
info|2019-12-13 09:42:31.059691|[g:1][CONSENSUS][PBFT]checkAndChangeView: Reach consensus,org_view=489,org_changeCycle=0,cur_changeCycle=0,to_view=490
info|2019-12-13 09:42:32.061379|[g:1][CONSENSUS]addRawPrepare,height=69,reqIdx=2,hash=f9040ba2...
info|2019-12-13 09:42:32.062223|[g:1][CONSENSUS][PBFT]checkTimeout Succ,view=490,toView=491,nodeIdx=1,changeCycle=0,myNode=2dce86f9...,timecost=0.698
info|2019-12-13 09:42:32.063735|[g:1][CONSENSUS][PBFT]checkAndChangeView: Reach consensus,org_view=490,org_changeCycle=0,cur_changeCycle=0,to_view=491
info|2019-12-13 09:42:33.065568|[g:1][CONSENSUS]addRawPrepare,height=69,reqIdx=3,hash=f4e96331...
info|2019-12-13 09:42:33.066320|[g:1][CONSENSUS][PBFT]checkTimeout Succ,view=491,toView=492,nodeIdx=1,changeCycle=0,myNode=2dce86f9...,timecost=0.609
info|2019-12-13 09:42:33.068001|[g:1][CONSENSUS][PBFT]checkAndChangeView: Reach consensus,org_view=491,org_changeCycle=0,cur_changeCycle=0,to_view=492
info|2019-12-13 09:42:34.070087|[g:1][CONSENSUS]addRawPrepare,height=69,reqIdx=0,hash=58d3232b...
info|2019-12-13 09:42:34.070819|[g:1][CONSENSUS][PBFT]checkTimeout Succ,view=492,toView=493,nodeIdx=1,changeCycle=0,myNode=2dce86f9...,timecost=0.561
info|2019-12-13 09:42:34.072228|[g:1][CONSENSUS][PBFT]checkAndChangeView: Reach consensus,org_view=492,org_changeCycle=0,cur_changeCycle=0,to_view=493
info|2019-12-13 09:42:35.073776|[g:1][CONSENSUS][SEALER]++++++++++++++++ Generating seal on,blkNum=69,tx=0,nodeIdx=1,hash=d69b99ce...
info|2019-12-13 09:42:35.077015|[g:1][CONSENSUS][PBFT]checkTimeout Succ,view=493,toView=494,nodeIdx=1,changeCycle=0,myNode=2dce86f9...,timecost=0.431
info|2019-12-13 09:42:35.077830|[g:1][CONSENSUS][PBFT]checkAndChangeView: Reach consensus,org_view=493,org_changeCycle=0,cur_changeCycle=0,to_view=494
info|2019-12-13 09:42:36.079002|[g:1][CONSENSUS]addRawPrepare,height=69,reqIdx=2,hash=d9cab858...
info|2019-12-13 09:42:36.079698|[g:1][CONSENSUS][PBFT]checkTimeout Succ,view=494,toView=495,nodeIdx=1,changeCycle=0,myNode=2dce86f9...,timecost=0.551
info|2019-12-13 09:42:36.081200|[g:1][CONSENSUS][PBFT]checkAndChangeView: Reach consensus,org_view=494,org_changeCycle=0,cur_changeCycle=0,to_view=495
info|2019-12-13 09:42:37.082301|[g:1][CONSENSUS]addRawPrepare,height=69,reqIdx=3,hash=28daa527...
info|2019-12-13 09:42:37.082739|[g:1][CONSENSUS][PBFT]checkTimeout Succ,view=495,toView=496,nodeIdx=1,changeCycle=0,myNode=2dce86f9...,timecost=0.335
info|2019-12-13 09:42:37.083863|[g:1][CONSENSUS][PBFT]checkAndChangeView: Reach consensus,org_view=495,org_changeCycle=0,cur_changeCycle=0,to_view=496
info|2019-12-13 09:42:38.022359|[P2P][Service] heartBeat,connected count=3
info|2019-12-13 09:42:38.085060|[g:1][CONSENSUS]addRawPrepare,height=69,reqIdx=0,hash=85b18b33...
info|2019-12-13 09:42:38.086147|[g:1][CONSENSUS][PBFT]checkTimeout Succ,view=496,toView=497,nodeIdx=1,changeCycle=0,myNode=2dce86f9...,timecost=0.915
info|2019-12-13 09:42:38.087845|[g:1][CONSENSUS][PBFT]checkAndChangeView: Reach consensus,org_view=496,org_changeCycle=0,cur_changeCycle=0,to_view=497
info|2019-12-13 09:42:39.088371|[g:1][CONSENSUS][SEALER]++++++++++++++++ Generating seal on,blkNum=69,tx=0,nodeIdx=1,hash=5896ccca...
info|2019-12-13 09:42:39.090933|[g:1][CONSENSUS][PBFT]checkTimeout Succ,view=497,toView=498,nodeIdx=1,changeCycle=0,myNode=2dce86f9...,timecost=0.397
info|2019-12-13 09:42:39.092280|[g:1][CONSENSUS][PBFT]checkAndChangeView: Reach consensus,org_view=497,org_changeCycle=0,cur_changeCycle=0,to_view=498
info|2019-12-13 09:42:40.092821|[g:1][CONSENSUS]addRawPrepare,height=69,reqIdx=2,hash=3b17927f...
info|2019-12-13 09:42:40.093583|[g:1][CONSENSUS][PBFT]checkTimeout Succ,view=498,toView=499,nodeIdx=1,changeCycle=0,myNode=2dce86f9...,timecost=0.638
info|2019-12-13 09:42:40.094891|[g:1][CONSENSUS][PBFT]checkAndChangeView: Reach consensus,org_view=498,org_changeCycle=0,cur_changeCycle=0,to_view=499
info|2019-12-13 09:42:41.096081|[g:1][CONSENSUS]addRawPrepare,height=69,reqIdx=3,hash=00ea8f92...
info|2019-12-13 09:42:41.096869|[g:1][CONSENSUS][PBFT]checkTimeout Succ,view=499,toView=500,nodeIdx=1,changeCycle=0,myNode=2dce86f9...,timecost=0.615
info|2019-12-13 09:42:41.098374|[g:1][CONSENSUS][PBFT]checkAndChangeView: Reach consensus,org_view=499,org_changeCycle=0,cur_changeCycle=0,to_view=500
info|2019-12-13 09:42:42.100876|[g:1][CONSENSUS]addRawPrepare,height=69,reqIdx=0,hash=8d639f2a...
info|2019-12-13 09:42:42.101483|[g:1][CONSENSUS][PBFT]checkTimeout Succ,view=500,toView=501,nodeIdx=1,changeCycle=0,myNode=2dce86f9...,timecost=0.467
info|2019-12-13 09:42:42.102923|[g:1][CONSENSUS][PBFT]checkAndChangeView: Reach consensus,org_view=500,org_changeCycle=0,cur_changeCycle=0,to_view=501
info|2019-12-13 09:42:43.103444|[g:1][CONSENSUS][SEALER]++++++++++++++++ Generating seal on,blkNum=69,tx=0,nodeIdx=1,hash=f7a86940...
info|2019-12-13 09:42:43.104329|[g:1][CONSENSUS][PBFT]checkTimeout Succ,view=501,toView=502,nodeIdx=1,changeCycle=0,myNode=2dce86f9...,timecost=0.416
info|2019-12-13 09:42:43.106967|[g:1][CONSENSUS][PBFT]checkAndChangeView: Reach consensus,org_view=501,org_changeCycle=0,cur_changeCycle=0,to_view=502
info|2019-12-13 09:42:44.108151|[g:1][CONSENSUS]addRawPrepare,height=69,reqIdx=2,hash=e9a58d74...
info|2019-12-13 09:42:44.108851|[g:1][CONSENSUS][PBFT]checkTimeout Succ,view=502,toView=503,nodeIdx=1,changeCycle=0,myNode=2dce86f9...,timecost=0.529
info|2019-12-13 09:42:44.110370|[g:1][CONSENSUS][PBFT]checkAndChangeView: Reach consensus,org_view=502,org_changeCycle=0,cur_changeCycle=0,to_view=503
info|2019-12-13 09:42:45.111830|[g:1][CONSENSUS]addRawPrepare,height=69,reqIdx=3,hash=41db15ef...
info|2019-12-13 09:42:45.112522|[g:1][CONSENSUS][PBFT]checkTimeout Succ,view=503,toView=504,nodeIdx=1,changeCycle=0,myNode=2dce86f9...,timecost=0.564
info|2019-12-13 09:42:45.114168|[g:1][CONSENSUS][PBFT]checkAndChangeView: Reach consensus,org_view=503,org_changeCycle=0,cur_changeCycle=0,to_view=504
info|2019-12-13 09:42:46.116537|[g:1][CONSENSUS]addRawPrepare,height=69,reqIdx=0,hash=de38c11d...
info|2019-12-13 09:42:46.117397|[g:1][CONSENSUS][PBFT]checkTimeout Succ,view=504,toView=505,nodeIdx=1,changeCycle=0,myNode=2dce86f9...,timecost=0.713
info|2019-12-13 09:42:46.118724|[g:1][CONSENSUS][PBFT]checkAndChangeView: Reach consensus,org_view=504,org_changeCycle=0,cur_changeCycle=0,to_view=505
info|2019-12-13 09:42:47.119745|[g:1][CONSENSUS][SEALER]++++++++++++++++ Generating seal on,blkNum=69,tx=0,nodeIdx=1,hash=1bb57b73...
info|2019-12-13 09:42:47.123357|[g:1][CONSENSUS][PBFT]checkTimeout Succ,view=505,toView=506,nodeIdx=1,changeCycle=0,myNode=2dce86f9...,timecost=0.559
info|2019-12-13 09:42:47.124021|[g:1][CONSENSUS][PBFT]checkAndChangeView: Reach consensus,org_view=505,org_changeCycle=0,cur_changeCycle=0,to_view=506
info|2019-12-13 09:42:48.023329|[P2P][Service] heartBeat,connected count=3
info|2019-12-13 09:42:48.125175|[g:1][CONSENSUS]addRawPrepare,height=69,reqIdx=2,hash=8560bbf8...
info|2019-12-13 09:42:48.126493|[g:1][CONSENSUS][PBFT]checkTimeout Succ,view=506,toView=507,nodeIdx=1,changeCycle=0,myNode=2dce86f9...,timecost=1.192
info|2019-12-13 09:42:48.127810|[g:1][CONSENSUS][PBFT]checkAndChangeView: Reach consensus,org_view=506,org_changeCycle=0,cur_changeCycle=0,to_view=507
info|2019-12-13 09:42:49.129130|[g:1][CONSENSUS]addRawPrepare,height=69,reqIdx=3,hash=0b56d578...
info|2019-12-13 09:42:49.129737|[g:1][CONSENSUS][PBFT]checkTimeout Succ,view=507,toView=508,nodeIdx=1,changeCycle=0,myNode=2dce86f9...,timecost=0.476
info|2019-12-13 09:42:49.131191|[g:1][CONSENSUS][PBFT]checkAndChangeView: Reach consensus,org_view=507,org_changeCycle=0,cur_changeCycle=0,to_view=508
info|2019-12-13 09:42:50.133603|[g:1][CONSENSUS]addRawPrepare,height=69,reqIdx=0,hash=470d3275...
info|2019-12-13 09:42:50.137004|[g:1][CONSENSUS][PBFT]checkTimeout Succ,view=508,toView=509,nodeIdx=1,changeCycle=0,myNode=2dce86f9...,timecost=0.336
info|2019-12-13 09:42:50.137995|[g:1][CONSENSUS][PBFT]checkAndChangeView: Reach consensus,org_view=508,org_changeCycle=0,cur_changeCycle=0,to_view=509
info|2019-12-13 09:42:51.139548|[g:1][CONSENSUS][SEALER]++++++++++++++++ Generating seal on,blkNum=69,tx=0,nodeIdx=1,hash=8b2d37d1...
info|2019-12-13 09:42:51.140570|[g:1][CONSENSUS][PBFT]checkTimeout Succ,view=509,toView=510,nodeIdx=1,changeCycle=0,myNode=2dce86f9...,timecost=0.544
info|2019-12-13 09:42:51.143049|[g:1][CONSENSUS][PBFT]checkAndChangeView: Reach consensus,org_view=509,org_changeCycle=0,cur_changeCycle=0,to_view=510
info|2019-12-13 09:42:52.145730|[g:1][CONSENSUS]addRawPrepare,height=69,reqIdx=2,hash=eb0ba3a9...
info|2019-12-13 09:42:52.146343|[g:1][CONSENSUS][PBFT]checkTimeout Succ,view=510,toView=511,nodeIdx=1,changeCycle=0,myNode=2dce86f9...,timecost=0.444
info|2019-12-13 09:42:52.148107|[g:1][CONSENSUS][PBFT]checkAndChangeView: Reach consensus,org_view=510,org_changeCycle=0,cur_changeCycle=0,to_view=511
info|2019-12-13 09:42:53.149268|[g:1][CONSENSUS]addRawPrepare,height=69,reqIdx=3,hash=5d79d548...
info|2019-12-13 09:42:53.149831|[g:1][CONSENSUS][PBFT]checkTimeout Succ,view=511,toView=512,nodeIdx=1,changeCycle=0,myNode=2dce86f9...,timecost=0.434
info|2019-12-13 09:42:53.151276|[g:1][CONSENSUS][PBFT]checkAndChangeView: Reach consensus,org_view=511,org_changeCycle=0,cur_changeCycle=0,to_view=512
info|2019-12-13 09:42:54.153620|[g:1][CONSENSUS]addRawPrepare,height=69,reqIdx=0,hash=ce926884...
info|2019-12-13 09:42:54.154213|[g:1][CONSENSUS][PBFT]checkTimeout Succ,view=512,toView=513,nodeIdx=1,changeCycle=0,myNode=2dce86f9...,timecost=0.441
info|2019-12-13 09:42:54.155743|[g:1][CONSENSUS][PBFT]checkAndChangeView: Reach consensus,org_view=512,org_changeCycle=0,cur_changeCycle=0,to_view=513
info|2019-12-13 09:42:55.156390|[g:1][CONSENSUS][SEALER]++++++++++++++++ Generating seal on,blkNum=69,tx=0,nodeIdx=1,hash=9521a5ad...
info|2019-12-13 09:42:55.157340|[g:1][CONSENSUS][PBFT]checkTimeout Succ,view=513,toView=514,nodeIdx=1,changeCycle=0,myNode=2dce86f9...,timecost=0.4
info|2019-12-13 09:42:55.159700|[g:1][CONSENSUS][PBFT]checkAndChangeView: Reach consensus,org_view=513,org_changeCycle=0,cur_changeCycle=0,to_view=514
info|2019-12-13 09:42:56.160539|[g:1][CONSENSUS]addRawPrepare,height=69,reqIdx=2,hash=d1b2f260...
info|2019-12-13 09:42:56.160995|[g:1][CONSENSUS][PBFT]checkTimeout Succ,view=514,toView=515,nodeIdx=1,changeCycle=0,myNode=2dce86f9...,timecost=0.361
info|2019-12-13 09:42:56.162205|[g:1][CONSENSUS][PBFT]checkAndChangeView: Reach consensus,org_view=514,org_changeCycle=0,cur_changeCycle=0,to_view=515
info|2019-12-13 09:42:57.164504|[g:1][CONSENSUS]addRawPrepare,height=69,reqIdx=3,hash=8159ca1a...
info|2019-12-13 09:42:57.165097|[g:1][CONSENSUS][PBFT]checkTimeout Succ,view=515,toView=516,nodeIdx=1,changeCycle=0,myNode=2dce86f9...,timecost=0.447
info|2019-12-13 09:42:57.166736|[g:1][CONSENSUS][PBFT]checkAndChangeView: Reach consensus,org_view=515,org_changeCycle=0,cur_changeCycle=0,to_view=516
info|2019-12-13 09:42:58.028539|[P2P][Service] heartBeat,connected count=3
info|2019-12-13 09:42:58.168627|[g:1][CONSENSUS]addRawPrepare,height=69,reqIdx=0,hash=be3f1944...
info|2019-12-13 09:42:58.169739|[g:1][CONSENSUS][PBFT]checkTimeout Succ,view=516,toView=517,nodeIdx=1,changeCycle=0,myNode=2dce86f9...,timecost=0.964
info|2019-12-13 09:42:58.171136|[g:1][CONSENSUS][PBFT]checkAndChangeView: Reach consensus,org_view=516,org_changeCycle=0,cur_changeCycle=0,to_view=517
info|2019-12-13 09:42:59.171250|[g:1][CONSENSUS][SEALER]++++++++++++++++ Generating seal on,blkNum=69,tx=0,nodeIdx=1,hash=1d3ec93e...
info|2019-12-13 09:42:59.174162|[g:1][CONSENSUS][PBFT]checkTimeout Succ,view=517,toView=518,nodeIdx=1,changeCycle=0,myNode=2dce86f9...,timecost=0.521
info|2019-12-13 09:42:59.174930|[g:1][CONSENSUS][PBFT]checkAndChangeView: Reach consensus,org_view=517,org_changeCycle=0,cur_changeCycle=0,to_view=518
