warning|2019-11-13 15:09:41.007461|[g:1][CONSENSUS][PBFT]ViewChangeWarning: not caused by omit empty block ,v=76160,toV=76161,curNum=0,hash=f72cae63...,nodeIdx=1,myNode=2dce86f9...
info|2019-11-13 15:09:41.012409|[g:1][CONSENSUS][PBFT]checkTimeout Succ,view=76160,toView=76161,nodeIdx=1,changeCycle=1,myNode=2dce86f9...,timecost=10.311
info|2019-11-13 15:09:41.012610|[P2P][Service] heartBeat,connected count=3
info|2019-11-13 15:09:41.015347|[g:1][CONSENSUS][PBFT]checkAndChangeView: Reach consensus,org_view=76160,org_changeCycle=1,cur_changeCycle=1,to_view=76161
info|2019-11-13 15:09:42.015726|[g:1][CONSENSUS][SEALER]++++++++++++++++ Generating seal on,blkNum=1,tx=0,nodeIdx=1,hash=58facdb5...
info|2019-11-13 15:09:42.017734|[g:1][CONSENSUS][PBFT]Trigger fast-viewchange,view=76161,toView=76161,minView=76162,INFO=,reqNum=0,curNum=0,GenIdx=3,Cview=76162,view=76161,fromIdx=3,fromNode=de0436d1...,fromIp=127.0.0.1:54829,hash=f72cae63...,nodeIdx=1,myNode=2dce86f9...
info|2019-11-13 15:09:42.018160|[g:1][CONSENSUS][PBFT]checkAndChangeView: Reach consensus,org_view=76161,org_changeCycle=0,cur_changeCycle=0,to_view=76162
info|2019-11-13 15:09:42.018179|[g:1][CONSENSUS][PBFT]checkTimeout Succ,view=76162,toView=76162,nodeIdx=1,changeCycle=0,myNode=2dce86f9...,timecost=0.32
info|2019-11-13 15:09:43.018567|[g:1][CONSENSUS]addRawPrepare,height=1,reqIdx=2,hash=f259e258...
info|2019-11-13 15:09:43.019116|[g:1][CONSENSUS][PBFT]checkTimeout Succ,view=76162,toView=76163,nodeIdx=1,changeCycle=0,myNode=2dce86f9...,timecost=0.395
info|2019-11-13 15:09:43.020335|[g:1][CONSENSUS][PBFT]checkAndChangeView: Reach consensus,org_view=76162,org_changeCycle=0,cur_changeCycle=0,to_view=76163
info|2019-11-13 15:09:44.022437|[g:1][CONSENSUS]addRawPrepare,height=1,reqIdx=3,hash=8d66ba23...
info|2019-11-13 15:09:44.023038|[g:1][CONSENSUS][PBFT]checkTimeout Succ,view=76163,toView=76164,nodeIdx=1,changeCycle=0,myNode=2dce86f9...,timecost=0.41
info|2019-11-13 15:09:44.024381|[g:1][CONSENSUS][PBFT]checkAndChangeView: Reach consensus,org_view=76163,org_changeCycle=0,cur_changeCycle=0,to_view=76164
info|2019-11-13 15:09:45.025829|[g:1][CONSENSUS]addRawPrepare,height=1,reqIdx=0,hash=533aa359...
info|2019-11-13 15:09:45.026312|[g:1][CONSENSUS][PBFT]checkTimeout Succ,view=76164,toView=76165,nodeIdx=1,changeCycle=0,myNode=2dce86f9...,timecost=0.36
info|2019-11-13 15:09:45.027528|[g:1][CONSENSUS][PBFT]checkAndChangeView: Reach consensus,org_view=76164,org_changeCycle=0,cur_changeCycle=0,to_view=76165
info|2019-11-13 15:09:46.027505|[g:1][CONSENSUS][SEALER]++++++++++++++++ Generating seal on,blkNum=1,tx=0,nodeIdx=1,hash=c287a9c4...
info|2019-11-13 15:09:46.030363|[g:1][CONSENSUS][PBFT]checkTimeout Succ,view=76165,toView=76166,nodeIdx=1,changeCycle=0,myNode=2dce86f9...,timecost=0.333
info|2019-11-13 15:09:46.031098|[g:1][CONSENSUS][PBFT]checkAndChangeView: Reach consensus,org_view=76165,org_changeCycle=0,cur_changeCycle=0,to_view=76166
info|2019-11-13 15:09:47.031588|[g:1][CONSENSUS]addRawPrepare,height=1,reqIdx=2,hash=fb5a661f...
info|2019-11-13 15:09:47.032238|[g:1][CONSENSUS][PBFT]checkTimeout Succ,view=76166,toView=76167,nodeIdx=1,changeCycle=0,myNode=2dce86f9...,timecost=0.495
info|2019-11-13 15:09:47.033957|[g:1][CONSENSUS][PBFT]checkAndChangeView: Reach consensus,org_view=76166,org_changeCycle=0,cur_changeCycle=0,to_view=76167
info|2019-11-13 15:09:48.034767|[g:1][CONSENSUS]addRawPrepare,height=1,reqIdx=3,hash=06fc35fc...
info|2019-11-13 15:09:48.035447|[g:1][CONSENSUS][PBFT]checkTimeout Succ,view=76167,toView=76168,nodeIdx=1,changeCycle=0,myNode=2dce86f9...,timecost=0.518
info|2019-11-13 15:09:48.036926|[g:1][CONSENSUS][PBFT]checkAndChangeView: Reach consensus,org_view=76167,org_changeCycle=0,cur_changeCycle=0,to_view=76168
info|2019-11-13 15:09:49.038090|[g:1][CONSENSUS]addRawPrepare,height=1,reqIdx=0,hash=37d764e6...
info|2019-11-13 15:09:49.038681|[g:1][CONSENSUS][PBFT]checkTimeout Succ,view=76168,toView=76169,nodeIdx=1,changeCycle=0,myNode=2dce86f9...,timecost=0.421
info|2019-11-13 15:09:49.039905|[g:1][CONSENSUS][PBFT]checkAndChangeView: Reach consensus,org_view=76168,org_changeCycle=0,cur_changeCycle=0,to_view=76169
info|2019-11-13 15:09:50.039984|[g:1][CONSENSUS][SEALER]++++++++++++++++ Generating seal on,blkNum=1,tx=0,nodeIdx=1,hash=7930b23f...
info|2019-11-13 15:09:50.043280|[g:1][CONSENSUS][PBFT]checkTimeout Succ,view=76169,toView=76170,nodeIdx=1,changeCycle=0,myNode=2dce86f9...,timecost=0.553
info|2019-11-13 15:09:50.044065|[g:1][CONSENSUS][PBFT]checkAndChangeView: Reach consensus,org_view=76169,org_changeCycle=0,cur_changeCycle=0,to_view=76170
info|2019-11-13 15:09:51.014022|[P2P][Service] heartBeat,connected count=3
info|2019-11-13 15:09:51.044530|[g:1][CONSENSUS]addRawPrepare,height=1,reqIdx=2,hash=fd32cf7c...
info|2019-11-13 15:09:51.045482|[g:1][CONSENSUS][PBFT]checkTimeout Succ,view=76170,toView=76171,nodeIdx=1,changeCycle=0,myNode=2dce86f9...,timecost=0.825
info|2019-11-13 15:09:51.046802|[g:1][CONSENSUS][PBFT]checkAndChangeView: Reach consensus,org_view=76170,org_changeCycle=0,cur_changeCycle=0,to_view=76171
info|2019-11-13 15:09:52.048179|[g:1][CONSENSUS]addRawPrepare,height=1,reqIdx=3,hash=3e561d8c...
info|2019-11-13 15:09:52.048747|[g:1][CONSENSUS][PBFT]checkTimeout Succ,view=76171,toView=76172,nodeIdx=1,changeCycle=0,myNode=2dce86f9...,timecost=0.436
info|2019-11-13 15:09:52.050340|[g:1][CONSENSUS][PBFT]checkAndChangeView: Reach consensus,org_view=76171,org_changeCycle=0,cur_changeCycle=0,to_view=76172
info|2019-11-13 15:09:53.051862|[g:1][CONSENSUS]addRawPrepare,height=1,reqIdx=0,hash=25fae2cd...
info|2019-11-13 15:09:53.052433|[g:1][CONSENSUS][PBFT]checkTimeout Succ,view=76172,toView=76173,nodeIdx=1,changeCycle=0,myNode=2dce86f9...,timecost=0.45
info|2019-11-13 15:09:53.053973|[g:1][CONSENSUS][PBFT]checkAndChangeView: Reach consensus,org_view=76172,org_changeCycle=0,cur_changeCycle=0,to_view=76173
info|2019-11-13 15:09:54.054012|[g:1][CONSENSUS][SEALER]++++++++++++++++ Generating seal on,blkNum=1,tx=0,nodeIdx=1,hash=a9c1dd23...
info|2019-11-13 15:09:54.055055|[g:1][CONSENSUS][PBFT]checkTimeout Succ,view=76173,toView=76174,nodeIdx=1,changeCycle=0,myNode=2dce86f9...,timecost=0.601
info|2019-11-13 15:09:54.057603|[g:1][CONSENSUS][PBFT]checkAndChangeView: Reach consensus,org_view=76173,org_changeCycle=0,cur_changeCycle=0,to_view=76174
info|2019-11-13 15:09:55.058782|[g:1][CONSENSUS]addRawPrepare,height=1,reqIdx=2,hash=eb33d4f4...
info|2019-11-13 15:09:55.059427|[g:1][CONSENSUS][PBFT]checkTimeout Succ,view=76174,toView=76175,nodeIdx=1,changeCycle=0,myNode=2dce86f9...,timecost=0.484
info|2019-11-13 15:09:55.061373|[g:1][CONSENSUS][PBFT]checkAndChangeView: Reach consensus,org_view=76174,org_changeCycle=0,cur_changeCycle=0,to_view=76175
info|2019-11-13 15:09:56.064149|[g:1][CONSENSUS]addRawPrepare,height=1,reqIdx=3,hash=5fa03cc1...
info|2019-11-13 15:09:56.065307|[g:1][CONSENSUS][PBFT]checkTimeout Succ,view=76175,toView=76176,nodeIdx=1,changeCycle=0,myNode=2dce86f9...,timecost=1.031
info|2019-11-13 15:09:56.066817|[g:1][CONSENSUS][PBFT]checkAndChangeView: Reach consensus,org_view=76175,org_changeCycle=0,cur_changeCycle=0,to_view=76176
