info|2019-11-13 04:19:07.006642|[g:1][CONSENSUS][SEALER]++++++++++++++++ Generating seal on,blkNum=1,tx=0,nodeIdx=1,hash=1287f4d4...
info|2019-11-13 04:19:07.008597|[P2P][Service] heartBeat,connected count=3
info|2019-11-13 04:19:07.009378|[g:1][CONSENSUS][PBFT]checkTimeout Succ,view=62117,toView=62118,nodeIdx=1,changeCycle=0,myNode=2dce86f9...,timecost=0.816
info|2019-11-13 04:19:07.012573|[g:1][CONSENSUS][PBFT]checkAndChangeView: Reach consensus,org_view=62117,org_changeCycle=0,cur_changeCycle=0,to_view=62118
info|2019-11-13 04:19:08.012916|[g:1][CONSENSUS]addRawPrepare,height=1,reqIdx=2,hash=53540223...
info|2019-11-13 04:19:08.013432|[g:1][CONSENSUS][PBFT]checkTimeout Succ,view=62118,toView=62119,nodeIdx=1,changeCycle=0,myNode=2dce86f9...,timecost=0.437
info|2019-11-13 04:19:08.014628|[g:1][CONSENSUS][PBFT]checkAndChangeView: Reach consensus,org_view=62118,org_changeCycle=0,cur_changeCycle=0,to_view=62119
info|2019-11-13 04:19:09.016077|[g:1][CONSENSUS]addRawPrepare,height=1,reqIdx=3,hash=989dd1ea...
info|2019-11-13 04:19:09.016638|[g:1][CONSENSUS][PBFT]checkTimeout Succ,view=62119,toView=62120,nodeIdx=1,changeCycle=0,myNode=2dce86f9...,timecost=0.446
info|2019-11-13 04:19:09.017898|[g:1][CONSENSUS][PBFT]checkAndChangeView: Reach consensus,org_view=62119,org_changeCycle=0,cur_changeCycle=0,to_view=62120
info|2019-11-13 04:19:10.019096|[g:1][CONSENSUS]addRawPrepare,height=1,reqIdx=0,hash=7f1058cd...
info|2019-11-13 04:19:10.019736|[g:1][CONSENSUS][PBFT]checkTimeout Succ,view=62120,toView=62121,nodeIdx=1,changeCycle=0,myNode=2dce86f9...,timecost=0.51
info|2019-11-13 04:19:10.021485|[g:1][CONSENSUS][PBFT]checkAndChangeView: Reach consensus,org_view=62120,org_changeCycle=0,cur_changeCycle=0,to_view=62121
info|2019-11-13 04:19:11.022179|[g:1][CONSENSUS][SEALER]++++++++++++++++ Generating seal on,blkNum=1,tx=0,nodeIdx=1,hash=674c2e17...
info|2019-11-13 04:19:11.024816|[g:1][CONSENSUS][PBFT]checkTimeout Succ,view=62121,toView=62122,nodeIdx=1,changeCycle=0,myNode=2dce86f9...,timecost=0.358
info|2019-11-13 04:19:11.025363|[g:1][CONSENSUS][PBFT]checkAndChangeView: Reach consensus,org_view=62121,org_changeCycle=0,cur_changeCycle=0,to_view=62122
info|2019-11-13 04:19:12.026261|[g:1][CONSENSUS]addRawPrepare,height=1,reqIdx=2,hash=eabbdc39...
info|2019-11-13 04:19:12.026890|[g:1][CONSENSUS][PBFT]checkTimeout Succ,view=62122,toView=62123,nodeIdx=1,changeCycle=0,myNode=2dce86f9...,timecost=0.493
info|2019-11-13 04:19:12.028626|[g:1][CONSENSUS][PBFT]checkAndChangeView: Reach consensus,org_view=62122,org_changeCycle=0,cur_changeCycle=0,to_view=62123
info|2019-11-13 04:19:13.030261|[g:1][CONSENSUS]addRawPrepare,height=1,reqIdx=3,hash=34203a55...
info|2019-11-13 04:19:13.030693|[g:1][CONSENSUS][PBFT]checkTimeout Succ,view=62123,toView=62124,nodeIdx=1,changeCycle=0,myNode=2dce86f9...,timecost=0.332
info|2019-11-13 04:19:13.031671|[g:1][CONSENSUS][PBFT]checkAndChangeView: Reach consensus,org_view=62123,org_changeCycle=0,cur_changeCycle=0,to_view=62124
info|2019-11-13 04:19:14.033058|[g:1][CONSENSUS]addRawPrepare,height=1,reqIdx=0,hash=bb7ab847...
info|2019-11-13 04:19:14.033584|[g:1][CONSENSUS][PBFT]checkTimeout Succ,view=62124,toView=62125,nodeIdx=1,changeCycle=0,myNode=2dce86f9...,timecost=0.393
info|2019-11-13 04:19:14.034640|[g:1][CONSENSUS][PBFT]checkAndChangeView: Reach consensus,org_view=62124,org_changeCycle=0,cur_changeCycle=0,to_view=62125
info|2019-11-13 04:19:15.034580|[g:1][CONSENSUS][SEALER]++++++++++++++++ Generating seal on,blkNum=1,tx=0,nodeIdx=1,hash=d9c73aea...
info|2019-11-13 04:19:15.037783|[g:1][CONSENSUS][PBFT]checkTimeout Succ,view=62125,toView=62126,nodeIdx=1,changeCycle=0,myNode=2dce86f9...,timecost=0.548
info|2019-11-13 04:19:15.038612|[g:1][CONSENSUS][PBFT]checkAndChangeView: Reach consensus,org_view=62125,org_changeCycle=0,cur_changeCycle=0,to_view=62126
info|2019-11-13 04:19:16.039681|[g:1][CONSENSUS]addRawPrepare,height=1,reqIdx=2,hash=a820651e...
info|2019-11-13 04:19:16.040388|[g:1][CONSENSUS][PBFT]checkTimeout Succ,view=62126,toView=62127,nodeIdx=1,changeCycle=0,myNode=2dce86f9...,timecost=0.513
info|2019-11-13 04:19:16.042302|[g:1][CONSENSUS][PBFT]checkAndChangeView: Reach consensus,org_view=62126,org_changeCycle=0,cur_changeCycle=0,to_view=62127
info|2019-11-13 04:19:17.013300|[P2P][Service] heartBeat,connected count=3
info|2019-11-13 04:19:17.043804|[g:1][CONSENSUS]addRawPrepare,height=1,reqIdx=3,hash=5416a35d...
info|2019-11-13 04:19:17.044366|[g:1][CONSENSUS][PBFT]checkTimeout Succ,view=62127,toView=62128,nodeIdx=1,changeCycle=0,myNode=2dce86f9...,timecost=0.468
info|2019-11-13 04:19:17.045871|[g:1][CONSENSUS][PBFT]checkAndChangeView: Reach consensus,org_view=62127,org_changeCycle=0,cur_changeCycle=0,to_view=62128
info|2019-11-13 04:19:18.048592|[g:1][CONSENSUS]addRawPrepare,height=1,reqIdx=0,hash=abb631d3...
info|2019-11-13 04:19:18.049242|[g:1][CONSENSUS][PBFT]checkTimeout Succ,view=62128,toView=62129,nodeIdx=1,changeCycle=0,myNode=2dce86f9...,timecost=0.506
info|2019-11-13 04:19:18.050664|[g:1][CONSENSUS][PBFT]checkAndChangeView: Reach consensus,org_view=62128,org_changeCycle=0,cur_changeCycle=0,to_view=62129
info|2019-11-13 04:19:19.050184|[g:1][CONSENSUS][SEALER]++++++++++++++++ Generating seal on,blkNum=1,tx=0,nodeIdx=1,hash=adb68f09...
info|2019-11-13 04:19:19.051011|[g:1][CONSENSUS][PBFT]checkTimeout Succ,view=62129,toView=62130,nodeIdx=1,changeCycle=0,myNode=2dce86f9...,timecost=0.414
info|2019-11-13 04:19:19.053770|[g:1][CONSENSUS][PBFT]checkAndChangeView: Reach consensus,org_view=62129,org_changeCycle=0,cur_changeCycle=0,to_view=62130
info|2019-11-13 04:19:20.056541|[g:1][CONSENSUS]addRawPrepare,height=1,reqIdx=2,hash=8541aeeb...
info|2019-11-13 04:19:20.057185|[g:1][CONSENSUS][PBFT]checkTimeout Succ,view=62130,toView=62131,nodeIdx=1,changeCycle=0,myNode=2dce86f9...,timecost=0.474
info|2019-11-13 04:19:20.058849|[g:1][CONSENSUS][PBFT]checkAndChangeView: Reach consensus,org_view=62130,org_changeCycle=0,cur_changeCycle=0,to_view=62131
info|2019-11-13 04:19:21.060746|[g:1][CONSENSUS]addRawPrepare,height=1,reqIdx=3,hash=018df9d9...
info|2019-11-13 04:19:21.061507|[g:1][CONSENSUS][PBFT]checkTimeout Succ,view=62131,toView=62132,nodeIdx=1,changeCycle=0,myNode=2dce86f9...,timecost=0.613
info|2019-11-13 04:19:21.063022|[g:1][CONSENSUS][PBFT]checkAndChangeView: Reach consensus,org_view=62131,org_changeCycle=0,cur_changeCycle=0,to_view=62132
info|2019-11-13 04:19:22.064952|[g:1][CONSENSUS]addRawPrepare,height=1,reqIdx=0,hash=d3c891ca...
info|2019-11-13 04:19:22.066124|[g:1][CONSENSUS][PBFT]checkTimeout Succ,view=62132,toView=62133,nodeIdx=1,changeCycle=0,myNode=2dce86f9...,timecost=1.052
info|2019-11-13 04:19:22.067334|[g:1][CONSENSUS][PBFT]checkAndChangeView: Reach consensus,org_view=62132,org_changeCycle=0,cur_changeCycle=0,to_view=62133
info|2019-11-13 04:19:23.067173|[g:1][CONSENSUS][SEALER]++++++++++++++++ Generating seal on,blkNum=1,tx=0,nodeIdx=1,hash=4f132a62...
info|2019-11-13 04:19:23.069467|[g:1][CONSENSUS][PBFT]checkTimeout Succ,view=62133,toView=62134,nodeIdx=1,changeCycle=0,myNode=2dce86f9...,timecost=0.331
info|2019-11-13 04:19:23.070028|[g:1][CONSENSUS][PBFT]checkAndChangeView: Reach consensus,org_view=62133,org_changeCycle=0,cur_changeCycle=0,to_view=62134
info|2019-11-13 04:19:24.072101|[g:1][CONSENSUS]addRawPrepare,height=1,reqIdx=2,hash=24fc7a47...
info|2019-11-13 04:19:24.072786|[g:1][CONSENSUS][PBFT]checkTimeout Succ,view=62134,toView=62135,nodeIdx=1,changeCycle=0,myNode=2dce86f9...,timecost=0.526
info|2019-11-13 04:19:24.074137|[g:1][CONSENSUS][PBFT]checkAndChangeView: Reach consensus,org_view=62134,org_changeCycle=0,cur_changeCycle=0,to_view=62135
info|2019-11-13 04:19:25.076179|[g:1][CONSENSUS]addRawPrepare,height=1,reqIdx=3,hash=0ff1245e...
info|2019-11-13 04:19:25.076771|[g:1][CONSENSUS][PBFT]checkTimeout Succ,view=62135,toView=62136,nodeIdx=1,changeCycle=0,myNode=2dce86f9...,timecost=0.46
info|2019-11-13 04:19:25.078295|[g:1][CONSENSUS][PBFT]checkAndChangeView: Reach consensus,org_view=62135,org_changeCycle=0,cur_changeCycle=0,to_view=62136
info|2019-11-13 04:19:26.080753|[g:1][CONSENSUS]addRawPrepare,height=1,reqIdx=0,hash=8650ca64...
info|2019-11-13 04:19:26.081449|[g:1][CONSENSUS][PBFT]checkTimeout Succ,view=62136,toView=62137,nodeIdx=1,changeCycle=0,myNode=2dce86f9...,timecost=0.566
info|2019-11-13 04:19:26.083069|[g:1][CONSENSUS][PBFT]checkAndChangeView: Reach consensus,org_view=62136,org_changeCycle=0,cur_changeCycle=0,to_view=62137
info|2019-11-13 04:19:27.018898|[P2P][Service] heartBeat,connected count=3
info|2019-11-13 04:19:27.084155|[g:1][CONSENSUS][SEALER]++++++++++++++++ Generating seal on,blkNum=1,tx=0,nodeIdx=1,hash=02d3db07...
info|2019-11-13 04:19:27.086829|[g:1][CONSENSUS][PBFT]checkTimeout Succ,view=62137,toView=62138,nodeIdx=1,changeCycle=0,myNode=2dce86f9...,timecost=0.406
info|2019-11-13 04:19:27.087449|[g:1][CONSENSUS][PBFT]checkAndChangeView: Reach consensus,org_view=62137,org_changeCycle=0,cur_changeCycle=0,to_view=62138
info|2019-11-13 04:19:28.089547|[g:1][CONSENSUS]addRawPrepare,height=1,reqIdx=2,hash=d8b31112...
info|2019-11-13 04:19:28.090261|[g:1][CONSENSUS][PBFT]checkTimeout Succ,view=62138,toView=62139,nodeIdx=1,changeCycle=0,myNode=2dce86f9...,timecost=0.552
info|2019-11-13 04:19:28.092205|[g:1][CONSENSUS][PBFT]checkAndChangeView: Reach consensus,org_view=62138,org_changeCycle=0,cur_changeCycle=0,to_view=62139
info|2019-11-13 04:19:29.092665|[g:1][CONSENSUS]addRawPrepare,height=1,reqIdx=3,hash=7b4dbf3b...
info|2019-11-13 04:19:29.093352|[g:1][CONSENSUS][PBFT]checkTimeout Succ,view=62139,toView=62140,nodeIdx=1,changeCycle=0,myNode=2dce86f9...,timecost=0.543
info|2019-11-13 04:19:29.094803|[g:1][CONSENSUS][PBFT]checkAndChangeView: Reach consensus,org_view=62139,org_changeCycle=0,cur_changeCycle=0,to_view=62140
info|2019-11-13 04:19:30.095650|[g:1][CONSENSUS]addRawPrepare,height=1,reqIdx=0,hash=ce3871fd...
info|2019-11-13 04:19:30.096298|[g:1][CONSENSUS][PBFT]checkTimeout Succ,view=62140,toView=62141,nodeIdx=1,changeCycle=0,myNode=2dce86f9...,timecost=0.484
info|2019-11-13 04:19:30.097563|[g:1][CONSENSUS][PBFT]checkAndChangeView: Reach consensus,org_view=62140,org_changeCycle=0,cur_changeCycle=0,to_view=62141
info|2019-11-13 04:19:31.097526|[g:1][CONSENSUS][SEALER]++++++++++++++++ Generating seal on,blkNum=1,tx=0,nodeIdx=1,hash=c2ccb5f3...
info|2019-11-13 04:19:31.100084|[g:1][CONSENSUS][PBFT]checkTimeout Succ,view=62141,toView=62142,nodeIdx=1,changeCycle=0,myNode=2dce86f9...,timecost=0.496
info|2019-11-13 04:19:31.101554|[g:1][CONSENSUS][PBFT]checkAndChangeView: Reach consensus,org_view=62141,org_changeCycle=0,cur_changeCycle=0,to_view=62142
info|2019-11-13 04:19:32.103876|[g:1][CONSENSUS]addRawPrepare,height=1,reqIdx=2,hash=afc1bfe9...
info|2019-11-13 04:19:32.104914|[g:1][CONSENSUS][PBFT]checkTimeout Succ,view=62142,toView=62143,nodeIdx=1,changeCycle=0,myNode=2dce86f9...,timecost=0.897
info|2019-11-13 04:19:32.106409|[g:1][CONSENSUS][PBFT]checkAndChangeView: Reach consensus,org_view=62142,org_changeCycle=0,cur_changeCycle=0,to_view=62143
info|2019-11-13 04:19:33.108769|[g:1][CONSENSUS]addRawPrepare,height=1,reqIdx=3,hash=8ea94e4c...
info|2019-11-13 04:19:33.109417|[g:1][CONSENSUS][PBFT]checkTimeout Succ,view=62143,toView=62144,nodeIdx=1,changeCycle=0,myNode=2dce86f9...,timecost=0.487
info|2019-11-13 04:19:33.111236|[g:1][CONSENSUS][PBFT]checkAndChangeView: Reach consensus,org_view=62143,org_changeCycle=0,cur_changeCycle=0,to_view=62144
info|2019-11-13 04:19:34.111837|[g:1][CONSENSUS]addRawPrepare,height=1,reqIdx=0,hash=70a31048...
info|2019-11-13 04:19:34.112536|[g:1][CONSENSUS][PBFT]checkTimeout Succ,view=62144,toView=62145,nodeIdx=1,changeCycle=0,myNode=2dce86f9...,timecost=0.519
info|2019-11-13 04:19:34.113916|[g:1][CONSENSUS][PBFT]checkAndChangeView: Reach consensus,org_view=62144,org_changeCycle=0,cur_changeCycle=0,to_view=62145
info|2019-11-13 04:19:35.113807|[g:1][CONSENSUS][SEALER]++++++++++++++++ Generating seal on,blkNum=1,tx=0,nodeIdx=1,hash=6e73a1ab...
info|2019-11-13 04:19:35.114821|[g:1][CONSENSUS][PBFT]checkTimeout Succ,view=62145,toView=62146,nodeIdx=1,changeCycle=0,myNode=2dce86f9...,timecost=0.543
info|2019-11-13 04:19:35.117651|[g:1][CONSENSUS][PBFT]checkAndChangeView: Reach consensus,org_view=62145,org_changeCycle=0,cur_changeCycle=0,to_view=62146
info|2019-11-13 04:19:36.119677|[g:1][CONSENSUS]addRawPrepare,height=1,reqIdx=2,hash=f444b7fb...
info|2019-11-13 04:19:36.120425|[g:1][CONSENSUS][PBFT]checkTimeout Succ,view=62146,toView=62147,nodeIdx=1,changeCycle=0,myNode=2dce86f9...,timecost=0.494
info|2019-11-13 04:19:36.121738|[g:1][CONSENSUS][PBFT]checkAndChangeView: Reach consensus,org_view=62146,org_changeCycle=0,cur_changeCycle=0,to_view=62147
info|2019-11-13 04:19:37.024850|[P2P][Service] heartBeat,connected count=3
info|2019-11-13 04:19:37.123761|[g:1][CONSENSUS]addRawPrepare,height=1,reqIdx=3,hash=64dc4f38...
info|2019-11-13 04:19:37.124386|[g:1][CONSENSUS][PBFT]checkTimeout Succ,view=62147,toView=62148,nodeIdx=1,changeCycle=0,myNode=2dce86f9...,timecost=0.491
info|2019-11-13 04:19:37.126021|[g:1][CONSENSUS][PBFT]checkAndChangeView: Reach consensus,org_view=62147,org_changeCycle=0,cur_changeCycle=0,to_view=62148
info|2019-11-13 04:19:38.128336|[g:1][CONSENSUS]addRawPrepare,height=1,reqIdx=0,hash=19767699...
info|2019-11-13 04:19:38.128958|[g:1][CONSENSUS][PBFT]checkTimeout Succ,view=62148,toView=62149,nodeIdx=1,changeCycle=0,myNode=2dce86f9...,timecost=0.492
info|2019-11-13 04:19:38.130627|[g:1][CONSENSUS][PBFT]checkAndChangeView: Reach consensus,org_view=62148,org_changeCycle=0,cur_changeCycle=0,to_view=62149
info|2019-11-13 04:19:39.130728|[g:1][CONSENSUS][SEALER]++++++++++++++++ Generating seal on,blkNum=1,tx=0,nodeIdx=1,hash=0aba1529...
info|2019-11-13 04:19:39.133768|[g:1][CONSENSUS][PBFT]checkTimeout Succ,view=62149,toView=62150,nodeIdx=1,changeCycle=0,myNode=2dce86f9...,timecost=0.465
info|2019-11-13 04:19:39.134453|[g:1][CONSENSUS][PBFT]checkAndChangeView: Reach consensus,org_view=62149,org_changeCycle=0,cur_changeCycle=0,to_view=62150
info|2019-11-13 04:19:40.136204|[g:1][CONSENSUS]addRawPrepare,height=1,reqIdx=2,hash=b3669f8f...
info|2019-11-13 04:19:40.136791|[g:1][CONSENSUS][PBFT]checkTimeout Succ,view=62150,toView=62151,nodeIdx=1,changeCycle=0,myNode=2dce86f9...,timecost=0.459
info|2019-11-13 04:19:40.138068|[g:1][CONSENSUS][PBFT]checkAndChangeView: Reach consensus,org_view=62150,org_changeCycle=0,cur_changeCycle=0,to_view=62151
info|2019-11-13 04:19:41.138975|[g:1][CONSENSUS]addRawPrepare,height=1,reqIdx=3,hash=f9bcc3c3...
info|2019-11-13 04:19:41.139710|[g:1][CONSENSUS][PBFT]checkTimeout Succ,view=62151,toView=62152,nodeIdx=1,changeCycle=0,myNode=2dce86f9...,timecost=0.566
info|2019-11-13 04:19:41.141393|[g:1][CONSENSUS][PBFT]checkAndChangeView: Reach consensus,org_view=62151,org_changeCycle=0,cur_changeCycle=0,to_view=62152
info|2019-11-13 04:19:42.144016|[g:1][CONSENSUS]addRawPrepare,height=1,reqIdx=0,hash=422b0170...
info|2019-11-13 04:19:42.144865|[g:1][CONSENSUS][PBFT]checkTimeout Succ,view=62152,toView=62153,nodeIdx=1,changeCycle=0,myNode=2dce86f9...,timecost=0.683
info|2019-11-13 04:19:42.146503|[g:1][CONSENSUS][PBFT]checkAndChangeView: Reach consensus,org_view=62152,org_changeCycle=0,cur_changeCycle=0,to_view=62153
info|2019-11-13 04:19:43.146301|[g:1][CONSENSUS][SEALER]++++++++++++++++ Generating seal on,blkNum=1,tx=0,nodeIdx=1,hash=e7fe0ac1...
info|2019-11-13 04:19:43.147279|[g:1][CONSENSUS][PBFT]checkTimeout Succ,view=62153,toView=62154,nodeIdx=1,changeCycle=0,myNode=2dce86f9...,timecost=0.51
info|2019-11-13 04:19:43.149933|[g:1][CONSENSUS][PBFT]checkAndChangeView: Reach consensus,org_view=62153,org_changeCycle=0,cur_changeCycle=0,to_view=62154
info|2019-11-13 04:19:44.151354|[g:1][CONSENSUS]addRawPrepare,height=1,reqIdx=2,hash=ca5d9326...
info|2019-11-13 04:19:44.152144|[g:1][CONSENSUS][PBFT]checkTimeout Succ,view=62154,toView=62155,nodeIdx=1,changeCycle=0,myNode=2dce86f9...,timecost=0.499
info|2019-11-13 04:19:44.153749|[g:1][CONSENSUS][PBFT]checkAndChangeView: Reach consensus,org_view=62154,org_changeCycle=0,cur_changeCycle=0,to_view=62155
info|2019-11-13 04:19:45.155563|[g:1][CONSENSUS]addRawPrepare,height=1,reqIdx=3,hash=d2913688...
info|2019-11-13 04:19:45.156235|[g:1][CONSENSUS][PBFT]checkTimeout Succ,view=62155,toView=62156,nodeIdx=1,changeCycle=0,myNode=2dce86f9...,timecost=0.496
info|2019-11-13 04:19:45.157733|[g:1][CONSENSUS][PBFT]checkAndChangeView: Reach consensus,org_view=62155,org_changeCycle=0,cur_changeCycle=0,to_view=62156
info|2019-11-13 04:19:46.158814|[g:1][CONSENSUS]addRawPrepare,height=1,reqIdx=0,hash=9adec53c...
info|2019-11-13 04:19:46.159509|[g:1][CONSENSUS][PBFT]checkTimeout Succ,view=62156,toView=62157,nodeIdx=1,changeCycle=0,myNode=2dce86f9...,timecost=0.504
info|2019-11-13 04:19:46.161147|[g:1][CONSENSUS][PBFT]checkAndChangeView: Reach consensus,org_view=62156,org_changeCycle=0,cur_changeCycle=0,to_view=62157
info|2019-11-13 04:19:47.034378|[P2P][Service] heartBeat,connected count=3
info|2019-11-13 04:19:47.161824|[g:1][CONSENSUS][SEALER]++++++++++++++++ Generating seal on,blkNum=1,tx=0,nodeIdx=1,hash=7b1c257a...
info|2019-11-13 04:19:47.163093|[g:1][CONSENSUS][PBFT]checkTimeout Succ,view=62157,toView=62158,nodeIdx=1,changeCycle=0,myNode=2dce86f9...,timecost=0.773
info|2019-11-13 04:19:47.165832|[g:1][CONSENSUS][PBFT]checkAndChangeView: Reach consensus,org_view=62157,org_changeCycle=0,cur_changeCycle=0,to_view=62158
info|2019-11-13 04:19:48.168285|[g:1][CONSENSUS]addRawPrepare,height=1,reqIdx=2,hash=2f748a25...
info|2019-11-13 04:19:48.168887|[g:1][CONSENSUS][PBFT]checkTimeout Succ,view=62158,toView=62159,nodeIdx=1,changeCycle=0,myNode=2dce86f9...,timecost=0.46
info|2019-11-13 04:19:48.170495|[g:1][CONSENSUS][PBFT]checkAndChangeView: Reach consensus,org_view=62158,org_changeCycle=0,cur_changeCycle=0,to_view=62159
info|2019-11-13 04:19:50.365833|[g:1][CONSENSUS]addRawPrepare,height=1,reqIdx=3,hash=a1bac376...
info|2019-11-13 04:19:50.367244|[g:1][CONSENSUS][PBFT]checkTimeout Succ,view=62159,toView=62160,nodeIdx=1,changeCycle=0,myNode=2dce86f9...,timecost=1.176
info|2019-11-13 04:19:50.370293|[g:1][CONSENSUS][PBFT]checkAndChangeView: Reach consensus,org_view=62159,org_changeCycle=0,cur_changeCycle=0,to_view=62160
info|2019-11-13 04:19:51.372342|[g:1][CONSENSUS]addRawPrepare,height=1,reqIdx=0,hash=45fdaca3...
info|2019-11-13 04:19:51.373009|[g:1][CONSENSUS][PBFT]checkTimeout Succ,view=62160,toView=62161,nodeIdx=1,changeCycle=0,myNode=2dce86f9...,timecost=0.539
info|2019-11-13 04:19:51.374505|[g:1][CONSENSUS][PBFT]checkAndChangeView: Reach consensus,org_view=62160,org_changeCycle=0,cur_changeCycle=0,to_view=62161
info|2019-11-13 04:19:52.375078|[g:1][CONSENSUS][SEALER]++++++++++++++++ Generating seal on,blkNum=1,tx=0,nodeIdx=1,hash=2eff13cd...
info|2019-11-13 04:19:52.377590|[g:1][CONSENSUS][PBFT]checkTimeout Succ,view=62161,toView=62162,nodeIdx=1,changeCycle=0,myNode=2dce86f9...,timecost=0.398
info|2019-11-13 04:19:52.378210|[g:1][CONSENSUS][PBFT]checkAndChangeView: Reach consensus,org_view=62161,org_changeCycle=0,cur_changeCycle=0,to_view=62162
info|2019-11-13 04:19:53.378874|[g:1][CONSENSUS]addRawPrepare,height=1,reqIdx=2,hash=726f165a...
info|2019-11-13 04:19:53.379521|[g:1][CONSENSUS][PBFT]checkTimeout Succ,view=62162,toView=62163,nodeIdx=1,changeCycle=0,myNode=2dce86f9...,timecost=0.483
info|2019-11-13 04:19:53.381177|[g:1][CONSENSUS][PBFT]checkAndChangeView: Reach consensus,org_view=62162,org_changeCycle=0,cur_changeCycle=0,to_view=62163
info|2019-11-13 04:19:54.383933|[g:1][CONSENSUS]addRawPrepare,height=1,reqIdx=3,hash=c987e1ec...
info|2019-11-13 04:19:54.384575|[g:1][CONSENSUS][PBFT]checkTimeout Succ,view=62163,toView=62164,nodeIdx=1,changeCycle=0,myNode=2dce86f9...,timecost=0.496
info|2019-11-13 04:19:54.386263|[g:1][CONSENSUS][PBFT]checkAndChangeView: Reach consensus,org_view=62163,org_changeCycle=0,cur_changeCycle=0,to_view=62164
info|2019-11-13 04:19:55.389414|[g:1][CONSENSUS]addRawPrepare,height=1,reqIdx=0,hash=45d98995...
info|2019-11-13 04:19:55.390142|[g:1][CONSENSUS][PBFT]checkTimeout Succ,view=62164,toView=62165,nodeIdx=1,changeCycle=0,myNode=2dce86f9...,timecost=0.512
info|2019-11-13 04:19:55.391756|[g:1][CONSENSUS][PBFT]checkAndChangeView: Reach consensus,org_view=62164,org_changeCycle=0,cur_changeCycle=0,to_view=62165
info|2019-11-13 04:19:56.391387|[g:1][CONSENSUS][SEALER]++++++++++++++++ Generating seal on,blkNum=1,tx=0,nodeIdx=1,hash=1efc7683...
info|2019-11-13 04:19:56.394339|[g:1][CONSENSUS][PBFT]checkTimeout Succ,view=62165,toView=62166,nodeIdx=1,changeCycle=0,myNode=2dce86f9...,timecost=0.523
info|2019-11-13 04:19:56.394903|[g:1][CONSENSUS][PBFT]checkAndChangeView: Reach consensus,org_view=62165,org_changeCycle=0,cur_changeCycle=0,to_view=62166
info|2019-11-13 04:19:57.043366|[P2P][Service] heartBeat,connected count=3
info|2019-11-13 04:19:57.396430|[g:1][CONSENSUS]addRawPrepare,height=1,reqIdx=2,hash=a8d476c2...
info|2019-11-13 04:19:57.397127|[g:1][CONSENSUS][PBFT]checkTimeout Succ,view=62166,toView=62167,nodeIdx=1,changeCycle=0,myNode=2dce86f9...,timecost=0.534
info|2019-11-13 04:19:57.398457|[g:1][CONSENSUS][PBFT]checkAndChangeView: Reach consensus,org_view=62166,org_changeCycle=0,cur_changeCycle=0,to_view=62167
info|2019-11-13 04:19:58.400203|[g:1][CONSENSUS]addRawPrepare,height=1,reqIdx=3,hash=876c24fe...
info|2019-11-13 04:19:58.400830|[g:1][CONSENSUS][PBFT]checkTimeout Succ,view=62167,toView=62168,nodeIdx=1,changeCycle=0,myNode=2dce86f9...,timecost=0.484
info|2019-11-13 04:19:58.402271|[g:1][CONSENSUS][PBFT]checkAndChangeView: Reach consensus,org_view=62167,org_changeCycle=0,cur_changeCycle=0,to_view=62168
info|2019-11-13 04:19:59.404018|[g:1][CONSENSUS]addRawPrepare,height=1,reqIdx=0,hash=16992e51...
info|2019-11-13 04:19:59.404630|[g:1][CONSENSUS][PBFT]checkTimeout Succ,view=62168,toView=62169,nodeIdx=1,changeCycle=0,myNode=2dce86f9...,timecost=0.472
info|2019-11-13 04:19:59.406422|[g:1][CONSENSUS][PBFT]checkAndChangeView: Reach consensus,org_view=62168,org_changeCycle=0,cur_changeCycle=0,to_view=62169
info|2019-11-13 04:20:00.407034|[g:1][CONSENSUS][SEALER]++++++++++++++++ Generating seal on,blkNum=1,tx=0,nodeIdx=1,hash=098f0d0e...
info|2019-11-13 04:20:00.408047|[g:1][CONSENSUS][PBFT]checkTimeout Succ,view=62169,toView=62170,nodeIdx=1,changeCycle=0,myNode=2dce86f9...,timecost=0.566
info|2019-11-13 04:20:00.410272|[g:1][CONSENSUS][PBFT]checkAndChangeView: Reach consensus,org_view=62169,org_changeCycle=0,cur_changeCycle=0,to_view=62170
info|2019-11-13 04:20:01.412712|[g:1][CONSENSUS]addRawPrepare,height=1,reqIdx=2,hash=f2429d5b...
info|2019-11-13 04:20:01.413392|[g:1][CONSENSUS][PBFT]checkTimeout Succ,view=62170,toView=62171,nodeIdx=1,changeCycle=0,myNode=2dce86f9...,timecost=0.517
info|2019-11-13 04:20:01.415280|[g:1][CONSENSUS][PBFT]checkAndChangeView: Reach consensus,org_view=62170,org_changeCycle=0,cur_changeCycle=0,to_view=62171
info|2019-11-13 04:20:02.416725|[g:1][CONSENSUS]addRawPrepare,height=1,reqIdx=3,hash=c2e61fc4...
info|2019-11-13 04:20:02.417375|[g:1][CONSENSUS][PBFT]checkTimeout Succ,view=62171,toView=62172,nodeIdx=1,changeCycle=0,myNode=2dce86f9...,timecost=0.52
info|2019-11-13 04:20:02.418841|[g:1][CONSENSUS][PBFT]checkAndChangeView: Reach consensus,org_view=62171,org_changeCycle=0,cur_changeCycle=0,to_view=62172
info|2019-11-13 04:20:03.421107|[g:1][CONSENSUS]addRawPrepare,height=1,reqIdx=0,hash=627e98eb...
info|2019-11-13 04:20:03.421848|[g:1][CONSENSUS][PBFT]checkTimeout Succ,view=62172,toView=62173,nodeIdx=1,changeCycle=0,myNode=2dce86f9...,timecost=0.617
info|2019-11-13 04:20:03.423181|[g:1][CONSENSUS][PBFT]checkAndChangeView: Reach consensus,org_view=62172,org_changeCycle=0,cur_changeCycle=0,to_view=62173
info|2019-11-13 04:20:04.423598|[g:1][CONSENSUS][SEALER]++++++++++++++++ Generating seal on,blkNum=1,tx=0,nodeIdx=1,hash=3c2f4039...
info|2019-11-13 04:20:04.426912|[g:1][CONSENSUS][PBFT]checkTimeout Succ,view=62173,toView=62174,nodeIdx=1,changeCycle=0,myNode=2dce86f9...,timecost=0.548
info|2019-11-13 04:20:04.427756|[g:1][CONSENSUS][PBFT]checkAndChangeView: Reach consensus,org_view=62173,org_changeCycle=0,cur_changeCycle=0,to_view=62174
