warning|2019-12-11 14:20:00.004984|[g:1][CONSENSUS][PBFT]ViewChangeWarning: not caused by omit empty block ,v=29588,toV=29589,curNum=5,hash=a9fec021...,nodeIdx=1,myNode=2dce86f9...
info|2019-12-11 14:20:00.005117|[g:1][CONSENSUS][PBFT]checkTimeout Succ,view=29588,toView=29589,nodeIdx=1,changeCycle=1,myNode=2dce86f9...,timecost=0.503
info|2019-12-11 14:20:00.008392|[P2P][Service] heartBeat,connected count=3
info|2019-12-11 14:20:00.012307|[g:1][CONSENSUS][PBFT]checkAndChangeView: Reach consensus,org_view=29588,org_changeCycle=1,cur_changeCycle=1,to_view=29589
info|2019-12-11 14:20:01.014761|[g:1][CONSENSUS]addRawPrepare,height=6,reqIdx=2,hash=81e2b2e0...
info|2019-12-11 14:20:01.015493|[g:1][CONSENSUS][PBFT]checkTimeout Succ,view=29589,toView=29590,nodeIdx=1,changeCycle=0,myNode=2dce86f9...,timecost=0.594
info|2019-12-11 14:20:01.016670|[g:1][CONSENSUS][PBFT]checkAndChangeView: Reach consensus,org_view=29589,org_changeCycle=0,cur_changeCycle=0,to_view=29590
info|2019-12-11 14:20:02.017281|[g:1][CONSENSUS]addRawPrepare,height=6,reqIdx=3,hash=9ec79a52...
info|2019-12-11 14:20:02.017907|[g:1][CONSENSUS][PBFT]checkTimeout Succ,view=29590,toView=29591,nodeIdx=1,changeCycle=0,myNode=2dce86f9...,timecost=0.484
info|2019-12-11 14:20:02.019303|[g:1][CONSENSUS][PBFT]checkAndChangeView: Reach consensus,org_view=29590,org_changeCycle=0,cur_changeCycle=0,to_view=29591
info|2019-12-11 14:20:03.021105|[g:1][CONSENSUS]addRawPrepare,height=6,reqIdx=0,hash=6d374d6c...
info|2019-12-11 14:20:03.021642|[g:1][CONSENSUS][PBFT]checkTimeout Succ,view=29591,toView=29592,nodeIdx=1,changeCycle=0,myNode=2dce86f9...,timecost=0.393
info|2019-12-11 14:20:03.023071|[g:1][CONSENSUS][PBFT]checkAndChangeView: Reach consensus,org_view=29591,org_changeCycle=0,cur_changeCycle=0,to_view=29592
info|2019-12-11 14:20:04.023173|[g:1][CONSENSUS][SEALER]++++++++++++++++ Generating seal on,blkNum=6,tx=0,nodeIdx=1,hash=4c306b05...
info|2019-12-11 14:20:04.025027|[g:1][CONSENSUS][PBFT]checkTimeout Succ,view=29592,toView=29593,nodeIdx=1,changeCycle=0,myNode=2dce86f9...,timecost=0.261
info|2019-12-11 14:20:04.026092|[g:1][CONSENSUS][PBFT]checkAndChangeView: Reach consensus,org_view=29592,org_changeCycle=0,cur_changeCycle=0,to_view=29593
info|2019-12-11 14:20:05.027134|[g:1][CONSENSUS]addRawPrepare,height=6,reqIdx=2,hash=70dcc07c...
info|2019-12-11 14:20:05.028217|[g:1][CONSENSUS][PBFT]checkTimeout Succ,view=29593,toView=29594,nodeIdx=1,changeCycle=0,myNode=2dce86f9...,timecost=0.962
info|2019-12-11 14:20:05.029352|[g:1][CONSENSUS][PBFT]checkAndChangeView: Reach consensus,org_view=29593,org_changeCycle=0,cur_changeCycle=0,to_view=29594
info|2019-12-11 14:20:06.030346|[g:1][CONSENSUS]addRawPrepare,height=6,reqIdx=3,hash=de45ca72...
info|2019-12-11 14:20:06.031041|[g:1][CONSENSUS][PBFT]checkTimeout Succ,view=29594,toView=29595,nodeIdx=1,changeCycle=0,myNode=2dce86f9...,timecost=0.465
info|2019-12-11 14:20:06.032254|[g:1][CONSENSUS][PBFT]checkAndChangeView: Reach consensus,org_view=29594,org_changeCycle=0,cur_changeCycle=0,to_view=29595
info|2019-12-11 14:20:07.033953|[g:1][CONSENSUS]addRawPrepare,height=6,reqIdx=0,hash=7ab4ee37...
info|2019-12-11 14:20:07.034512|[g:1][CONSENSUS][PBFT]checkTimeout Succ,view=29595,toView=29596,nodeIdx=1,changeCycle=0,myNode=2dce86f9...,timecost=0.422
info|2019-12-11 14:20:07.035727|[g:1][CONSENSUS][PBFT]checkAndChangeView: Reach consensus,org_view=29595,org_changeCycle=0,cur_changeCycle=0,to_view=29596
info|2019-12-11 14:20:08.036293|[g:1][CONSENSUS][SEALER]++++++++++++++++ Generating seal on,blkNum=6,tx=0,nodeIdx=1,hash=9480c8b2...
info|2019-12-11 14:20:08.037037|[g:1][CONSENSUS][PBFT]checkTimeout Succ,view=29596,toView=29597,nodeIdx=1,changeCycle=0,myNode=2dce86f9...,timecost=0.361
info|2019-12-11 14:20:08.039398|[g:1][CONSENSUS][PBFT]checkAndChangeView: Reach consensus,org_view=29596,org_changeCycle=0,cur_changeCycle=0,to_view=29597
info|2019-12-11 14:20:09.040485|[g:1][CONSENSUS]addRawPrepare,height=6,reqIdx=2,hash=7c047a9f...
info|2019-12-11 14:20:09.040940|[g:1][CONSENSUS][PBFT]checkTimeout Succ,view=29597,toView=29598,nodeIdx=1,changeCycle=0,myNode=2dce86f9...,timecost=0.315
info|2019-12-11 14:20:09.041914|[g:1][CONSENSUS][PBFT]checkAndChangeView: Reach consensus,org_view=29597,org_changeCycle=0,cur_changeCycle=0,to_view=29598
info|2019-12-11 14:20:10.011905|[P2P][Service] heartBeat,connected count=3
info|2019-12-11 14:20:10.043228|[g:1][CONSENSUS]addRawPrepare,height=6,reqIdx=3,hash=00cf8a24...
info|2019-12-11 14:20:10.044145|[g:1][CONSENSUS][PBFT]checkTimeout Succ,view=29598,toView=29599,nodeIdx=1,changeCycle=0,myNode=2dce86f9...,timecost=0.734
info|2019-12-11 14:20:10.045260|[g:1][CONSENSUS][PBFT]checkAndChangeView: Reach consensus,org_view=29598,org_changeCycle=0,cur_changeCycle=0,to_view=29599
info|2019-12-11 14:20:11.047009|[g:1][CONSENSUS]addRawPrepare,height=6,reqIdx=0,hash=dcda9eb3...
info|2019-12-11 14:20:11.047560|[g:1][CONSENSUS][PBFT]checkTimeout Succ,view=29599,toView=29600,nodeIdx=1,changeCycle=0,myNode=2dce86f9...,timecost=0.492
info|2019-12-11 14:20:11.048591|[g:1][CONSENSUS][PBFT]checkAndChangeView: Reach consensus,org_view=29599,org_changeCycle=0,cur_changeCycle=0,to_view=29600
info|2019-12-11 14:20:12.049252|[g:1][CONSENSUS][SEALER]++++++++++++++++ Generating seal on,blkNum=6,tx=0,nodeIdx=1,hash=0d73c657...
info|2019-12-11 14:20:12.049914|[g:1][CONSENSUS][PBFT]checkTimeout Succ,view=29600,toView=29601,nodeIdx=1,changeCycle=0,myNode=2dce86f9...,timecost=0.301
info|2019-12-11 14:20:12.051721|[g:1][CONSENSUS][PBFT]checkAndChangeView: Reach consensus,org_view=29600,org_changeCycle=0,cur_changeCycle=0,to_view=29601
info|2019-12-11 14:20:13.053258|[g:1][CONSENSUS]addRawPrepare,height=6,reqIdx=2,hash=e5279dcd...
info|2019-12-11 14:20:13.053784|[g:1][CONSENSUS][PBFT]checkTimeout Succ,view=29601,toView=29602,nodeIdx=1,changeCycle=0,myNode=2dce86f9...,timecost=0.404
info|2019-12-11 14:20:13.054875|[g:1][CONSENSUS][PBFT]checkAndChangeView: Reach consensus,org_view=29601,org_changeCycle=0,cur_changeCycle=0,to_view=29602
info|2019-12-11 14:20:14.055634|[g:1][CONSENSUS]addRawPrepare,height=6,reqIdx=3,hash=ccc3699b...
info|2019-12-11 14:20:14.056306|[g:1][CONSENSUS][PBFT]checkTimeout Succ,view=29602,toView=29603,nodeIdx=1,changeCycle=0,myNode=2dce86f9...,timecost=0.502
info|2019-12-11 14:20:14.057806|[g:1][CONSENSUS][PBFT]checkAndChangeView: Reach consensus,org_view=29602,org_changeCycle=0,cur_changeCycle=0,to_view=29603
info|2019-12-11 14:20:15.059656|[g:1][CONSENSUS]addRawPrepare,height=6,reqIdx=0,hash=fc57e814...
info|2019-12-11 14:20:15.060152|[g:1][CONSENSUS][PBFT]checkTimeout Succ,view=29603,toView=29604,nodeIdx=1,changeCycle=0,myNode=2dce86f9...,timecost=0.418
info|2019-12-11 14:20:15.061310|[g:1][CONSENSUS][PBFT]checkAndChangeView: Reach consensus,org_view=29603,org_changeCycle=0,cur_changeCycle=0,to_view=29604
info|2019-12-11 14:20:16.061272|[g:1][CONSENSUS][SEALER]++++++++++++++++ Generating seal on,blkNum=6,tx=0,nodeIdx=1,hash=71d389af...
info|2019-12-11 14:20:16.063910|[g:1][CONSENSUS][PBFT]checkTimeout Succ,view=29604,toView=29605,nodeIdx=1,changeCycle=0,myNode=2dce86f9...,timecost=0.377
info|2019-12-11 14:20:16.064446|[g:1][CONSENSUS][PBFT]checkAndChangeView: Reach consensus,org_view=29604,org_changeCycle=0,cur_changeCycle=0,to_view=29605
info|2019-12-11 14:20:17.064771|[g:1][CONSENSUS]addRawPrepare,height=6,reqIdx=2,hash=20c9e6da...
info|2019-12-11 14:20:17.065246|[g:1][CONSENSUS][PBFT]checkTimeout Succ,view=29605,toView=29606,nodeIdx=1,changeCycle=0,myNode=2dce86f9...,timecost=0.352
info|2019-12-11 14:20:17.066583|[g:1][CONSENSUS][PBFT]checkAndChangeView: Reach consensus,org_view=29605,org_changeCycle=0,cur_changeCycle=0,to_view=29606
info|2019-12-11 14:20:18.067548|[g:1][CONSENSUS]addRawPrepare,height=6,reqIdx=3,hash=4aca6325...
info|2019-12-11 14:20:18.068238|[g:1][CONSENSUS][PBFT]checkTimeout Succ,view=29606,toView=29607,nodeIdx=1,changeCycle=0,myNode=2dce86f9...,timecost=0.556
info|2019-12-11 14:20:18.069693|[g:1][CONSENSUS][PBFT]checkAndChangeView: Reach consensus,org_view=29606,org_changeCycle=0,cur_changeCycle=0,to_view=29607
info|2019-12-11 14:20:19.070934|[g:1][CONSENSUS]addRawPrepare,height=6,reqIdx=0,hash=78cd2ef5...
info|2019-12-11 14:20:19.071384|[g:1][CONSENSUS][PBFT]checkTimeout Succ,view=29607,toView=29608,nodeIdx=1,changeCycle=0,myNode=2dce86f9...,timecost=0.347
info|2019-12-11 14:20:19.072434|[g:1][CONSENSUS][PBFT]checkAndChangeView: Reach consensus,org_view=29607,org_changeCycle=0,cur_changeCycle=0,to_view=29608
info|2019-12-11 14:20:20.015680|[P2P][Service] heartBeat,connected count=3
info|2019-12-11 14:20:20.072332|[g:1][CONSENSUS][SEALER]++++++++++++++++ Generating seal on,blkNum=6,tx=0,nodeIdx=1,hash=fef35e69...
info|2019-12-11 14:20:20.073439|[g:1][CONSENSUS][PBFT]checkTimeout Succ,view=29608,toView=29609,nodeIdx=1,changeCycle=0,myNode=2dce86f9...,timecost=0.642
info|2019-12-11 14:20:20.076449|[g:1][CONSENSUS][PBFT]checkAndChangeView: Reach consensus,org_view=29608,org_changeCycle=0,cur_changeCycle=0,to_view=29609
info|2019-12-11 14:20:21.077944|[g:1][CONSENSUS]addRawPrepare,height=6,reqIdx=2,hash=b3a0d8c8...
info|2019-12-11 14:20:21.078548|[g:1][CONSENSUS][PBFT]checkTimeout Succ,view=29609,toView=29610,nodeIdx=1,changeCycle=0,myNode=2dce86f9...,timecost=0.468
info|2019-12-11 14:20:21.079920|[g:1][CONSENSUS][PBFT]checkAndChangeView: Reach consensus,org_view=29609,org_changeCycle=0,cur_changeCycle=0,to_view=29610
info|2019-12-11 14:20:22.081805|[g:1][CONSENSUS]addRawPrepare,height=6,reqIdx=3,hash=8b817270...
info|2019-12-11 14:20:22.082298|[g:1][CONSENSUS][PBFT]checkTimeout Succ,view=29610,toView=29611,nodeIdx=1,changeCycle=0,myNode=2dce86f9...,timecost=0.361
info|2019-12-11 14:20:22.083281|[g:1][CONSENSUS][PBFT]checkAndChangeView: Reach consensus,org_view=29610,org_changeCycle=0,cur_changeCycle=0,to_view=29611
info|2019-12-11 14:20:23.085391|[g:1][CONSENSUS]addRawPrepare,height=6,reqIdx=0,hash=6fafe352...
info|2019-12-11 14:20:23.086133|[g:1][CONSENSUS][PBFT]checkTimeout Succ,view=29611,toView=29612,nodeIdx=1,changeCycle=0,myNode=2dce86f9...,timecost=0.631
info|2019-12-11 14:20:23.087663|[g:1][CONSENSUS][PBFT]checkAndChangeView: Reach consensus,org_view=29611,org_changeCycle=0,cur_changeCycle=0,to_view=29612
info|2019-12-11 14:20:24.088082|[g:1][CONSENSUS][SEALER]++++++++++++++++ Generating seal on,blkNum=6,tx=0,nodeIdx=1,hash=084e13f5...
info|2019-12-11 14:20:24.088717|[g:1][CONSENSUS][PBFT]checkTimeout Succ,view=29612,toView=29613,nodeIdx=1,changeCycle=0,myNode=2dce86f9...,timecost=0.296
info|2019-12-11 14:20:24.090504|[g:1][CONSENSUS][PBFT]checkAndChangeView: Reach consensus,org_view=29612,org_changeCycle=0,cur_changeCycle=0,to_view=29613
info|2019-12-11 14:20:25.092523|[g:1][CONSENSUS]addRawPrepare,height=6,reqIdx=2,hash=da44d899...
info|2019-12-11 14:20:25.093970|[g:1][CONSENSUS][PBFT]checkTimeout Succ,view=29613,toView=29614,nodeIdx=1,changeCycle=0,myNode=2dce86f9...,timecost=1.267
info|2019-12-11 14:20:25.095508|[g:1][CONSENSUS][PBFT]checkAndChangeView: Reach consensus,org_view=29613,org_changeCycle=0,cur_changeCycle=0,to_view=29614
info|2019-12-11 14:20:26.097198|[g:1][CONSENSUS]addRawPrepare,height=6,reqIdx=3,hash=0c4d4994...
info|2019-12-11 14:20:26.097627|[g:1][CONSENSUS][PBFT]checkTimeout Succ,view=29614,toView=29615,nodeIdx=1,changeCycle=0,myNode=2dce86f9...,timecost=0.325
info|2019-12-11 14:20:26.098883|[g:1][CONSENSUS][PBFT]checkAndChangeView: Reach consensus,org_view=29614,org_changeCycle=0,cur_changeCycle=0,to_view=29615
info|2019-12-11 14:20:27.099079|[g:1][CONSENSUS]addRawPrepare,height=6,reqIdx=0,hash=f45029f2...
info|2019-12-11 14:20:27.099521|[g:1][CONSENSUS][PBFT]checkTimeout Succ,view=29615,toView=29616,nodeIdx=1,changeCycle=0,myNode=2dce86f9...,timecost=0.342
info|2019-12-11 14:20:27.100680|[g:1][CONSENSUS][PBFT]checkAndChangeView: Reach consensus,org_view=29615,org_changeCycle=0,cur_changeCycle=0,to_view=29616
info|2019-12-11 14:20:28.100488|[g:1][CONSENSUS][SEALER]++++++++++++++++ Generating seal on,blkNum=6,tx=0,nodeIdx=1,hash=b15b78d3...
info|2019-12-11 14:20:28.103015|[g:1][CONSENSUS][PBFT]checkTimeout Succ,view=29616,toView=29617,nodeIdx=1,changeCycle=0,myNode=2dce86f9...,timecost=0.364
info|2019-12-11 14:20:28.103512|[g:1][CONSENSUS][PBFT]checkAndChangeView: Reach consensus,org_view=29616,org_changeCycle=0,cur_changeCycle=0,to_view=29617
info|2019-12-11 14:20:29.105604|[g:1][CONSENSUS]addRawPrepare,height=6,reqIdx=2,hash=13c66411...
info|2019-12-11 14:20:29.106240|[g:1][CONSENSUS][PBFT]checkTimeout Succ,view=29617,toView=29618,nodeIdx=1,changeCycle=0,myNode=2dce86f9...,timecost=0.489
info|2019-12-11 14:20:29.107908|[g:1][CONSENSUS][PBFT]checkAndChangeView: Reach consensus,org_view=29617,org_changeCycle=0,cur_changeCycle=0,to_view=29618
info|2019-12-11 14:20:30.018208|[P2P][Service] heartBeat,connected count=3
info|2019-12-11 14:20:30.109335|[g:1][CONSENSUS]addRawPrepare,height=6,reqIdx=3,hash=64cdc6d6...
info|2019-12-11 14:20:30.109940|[g:1][CONSENSUS][PBFT]checkTimeout Succ,view=29618,toView=29619,nodeIdx=1,changeCycle=0,myNode=2dce86f9...,timecost=0.489
info|2019-12-11 14:20:30.111179|[g:1][CONSENSUS][PBFT]checkAndChangeView: Reach consensus,org_view=29618,org_changeCycle=0,cur_changeCycle=0,to_view=29619
info|2019-12-11 14:20:31.112549|[g:1][CONSENSUS]addRawPrepare,height=6,reqIdx=0,hash=8e5ae22b...
info|2019-12-11 14:20:31.113098|[g:1][CONSENSUS][PBFT]checkTimeout Succ,view=29619,toView=29620,nodeIdx=1,changeCycle=0,myNode=2dce86f9...,timecost=0.416
info|2019-12-11 14:20:31.114213|[g:1][CONSENSUS][PBFT]checkAndChangeView: Reach consensus,org_view=29619,org_changeCycle=0,cur_changeCycle=0,to_view=29620
info|2019-12-11 14:20:32.114294|[g:1][CONSENSUS][SEALER]++++++++++++++++ Generating seal on,blkNum=6,tx=0,nodeIdx=1,hash=fe404684...
info|2019-12-11 14:20:32.116489|[g:1][CONSENSUS][PBFT]checkTimeout Succ,view=29620,toView=29621,nodeIdx=1,changeCycle=0,myNode=2dce86f9...,timecost=0.346
info|2019-12-11 14:20:32.117110|[g:1][CONSENSUS][PBFT]checkAndChangeView: Reach consensus,org_view=29620,org_changeCycle=0,cur_changeCycle=0,to_view=29621
info|2019-12-11 14:20:33.117639|[g:1][CONSENSUS]addRawPrepare,height=6,reqIdx=2,hash=3eace6f0...
info|2019-12-11 14:20:33.118148|[g:1][CONSENSUS][PBFT]checkTimeout Succ,view=29621,toView=29622,nodeIdx=1,changeCycle=0,myNode=2dce86f9...,timecost=0.394
info|2019-12-11 14:20:33.119382|[g:1][CONSENSUS][PBFT]checkAndChangeView: Reach consensus,org_view=29621,org_changeCycle=0,cur_changeCycle=0,to_view=29622
info|2019-12-11 14:20:34.120210|[g:1][CONSENSUS]addRawPrepare,height=6,reqIdx=3,hash=7b5304d0...
info|2019-12-11 14:20:34.120688|[g:1][CONSENSUS][PBFT]checkTimeout Succ,view=29622,toView=29623,nodeIdx=1,changeCycle=0,myNode=2dce86f9...,timecost=0.359
info|2019-12-11 14:20:34.121786|[g:1][CONSENSUS][PBFT]checkAndChangeView: Reach consensus,org_view=29622,org_changeCycle=0,cur_changeCycle=0,to_view=29623
info|2019-12-11 14:20:35.123660|[g:1][CONSENSUS]addRawPrepare,height=6,reqIdx=0,hash=c5ddf940...
info|2019-12-11 14:20:35.124148|[g:1][CONSENSUS][PBFT]checkTimeout Succ,view=29623,toView=29624,nodeIdx=1,changeCycle=0,myNode=2dce86f9...,timecost=0.36
info|2019-12-11 14:20:35.126672|[g:1][CONSENSUS][PBFT]checkAndChangeView: Reach consensus,org_view=29623,org_changeCycle=0,cur_changeCycle=0,to_view=29624
info|2019-12-11 14:20:36.126247|[g:1][CONSENSUS][SEALER]++++++++++++++++ Generating seal on,blkNum=6,tx=0,nodeIdx=1,hash=82520e16...
info|2019-12-11 14:20:36.128532|[g:1][CONSENSUS][PBFT]checkTimeout Succ,view=29624,toView=29625,nodeIdx=1,changeCycle=0,myNode=2dce86f9...,timecost=0.34
info|2019-12-11 14:20:36.129851|[g:1][CONSENSUS][PBFT]checkAndChangeView: Reach consensus,org_view=29624,org_changeCycle=0,cur_changeCycle=0,to_view=29625
info|2019-12-11 14:20:37.130870|[g:1][CONSENSUS]addRawPrepare,height=6,reqIdx=2,hash=d58b483a...
info|2019-12-11 14:20:37.131472|[g:1][CONSENSUS][PBFT]checkTimeout Succ,view=29625,toView=29626,nodeIdx=1,changeCycle=0,myNode=2dce86f9...,timecost=0.425
info|2019-12-11 14:20:37.132755|[g:1][CONSENSUS][PBFT]checkAndChangeView: Reach consensus,org_view=29625,org_changeCycle=0,cur_changeCycle=0,to_view=29626
info|2019-12-11 14:20:38.134700|[g:1][CONSENSUS]addRawPrepare,height=6,reqIdx=3,hash=0d92cadd...
info|2019-12-11 14:20:38.135366|[g:1][CONSENSUS][PBFT]checkTimeout Succ,view=29626,toView=29627,nodeIdx=1,changeCycle=0,myNode=2dce86f9...,timecost=0.489
info|2019-12-11 14:20:38.136729|[g:1][CONSENSUS][PBFT]checkAndChangeView: Reach consensus,org_view=29626,org_changeCycle=0,cur_changeCycle=0,to_view=29627
info|2019-12-11 14:20:39.137760|[g:1][CONSENSUS]addRawPrepare,height=6,reqIdx=0,hash=4d88dd55...
info|2019-12-11 14:20:39.138335|[g:1][CONSENSUS][PBFT]checkTimeout Succ,view=29627,toView=29628,nodeIdx=1,changeCycle=0,myNode=2dce86f9...,timecost=0.43
info|2019-12-11 14:20:39.139582|[g:1][CONSENSUS][PBFT]checkAndChangeView: Reach consensus,org_view=29627,org_changeCycle=0,cur_changeCycle=0,to_view=29628
info|2019-12-11 14:20:40.021188|[P2P][Service] heartBeat,connected count=3
info|2019-12-11 14:20:40.139304|[g:1][CONSENSUS][SEALER]++++++++++++++++ Generating seal on,blkNum=6,tx=0,nodeIdx=1,hash=40108797...
info|2019-12-11 14:20:40.140509|[g:1][CONSENSUS][PBFT]checkTimeout Succ,view=29628,toView=29629,nodeIdx=1,changeCycle=0,myNode=2dce86f9...,timecost=0.729
info|2019-12-11 14:20:40.143025|[g:1][CONSENSUS][PBFT]checkAndChangeView: Reach consensus,org_view=29628,org_changeCycle=0,cur_changeCycle=0,to_view=29629
info|2019-12-11 14:20:41.145387|[g:1][CONSENSUS]addRawPrepare,height=6,reqIdx=2,hash=8ad71974...
info|2019-12-11 14:20:41.145857|[g:1][CONSENSUS][PBFT]checkTimeout Succ,view=29629,toView=29630,nodeIdx=1,changeCycle=0,myNode=2dce86f9...,timecost=0.334
info|2019-12-11 14:20:41.146980|[g:1][CONSENSUS][PBFT]checkAndChangeView: Reach consensus,org_view=29629,org_changeCycle=0,cur_changeCycle=0,to_view=29630
info|2019-12-11 14:20:42.149005|[g:1][CONSENSUS]addRawPrepare,height=6,reqIdx=3,hash=7cf949ec...
info|2019-12-11 14:20:42.149519|[g:1][CONSENSUS][PBFT]checkTimeout Succ,view=29630,toView=29631,nodeIdx=1,changeCycle=0,myNode=2dce86f9...,timecost=0.388
info|2019-12-11 14:20:42.150928|[g:1][CONSENSUS][PBFT]checkAndChangeView: Reach consensus,org_view=29630,org_changeCycle=0,cur_changeCycle=0,to_view=29631
info|2019-12-11 14:20:43.152043|[g:1][CONSENSUS]addRawPrepare,height=6,reqIdx=0,hash=631d4066...
info|2019-12-11 14:20:43.152542|[g:1][CONSENSUS][PBFT]checkTimeout Succ,view=29631,toView=29632,nodeIdx=1,changeCycle=0,myNode=2dce86f9...,timecost=0.37
info|2019-12-11 14:20:43.153571|[g:1][CONSENSUS][PBFT]checkAndChangeView: Reach consensus,org_view=29631,org_changeCycle=0,cur_changeCycle=0,to_view=29632
info|2019-12-11 14:20:44.153754|[g:1][CONSENSUS][SEALER]++++++++++++++++ Generating seal on,blkNum=6,tx=0,nodeIdx=1,hash=db804b43...
info|2019-12-11 14:20:44.154466|[g:1][CONSENSUS][PBFT]checkTimeout Succ,view=29632,toView=29633,nodeIdx=1,changeCycle=0,myNode=2dce86f9...,timecost=0.356
info|2019-12-11 14:20:44.156422|[g:1][CONSENSUS][PBFT]checkAndChangeView: Reach consensus,org_view=29632,org_changeCycle=0,cur_changeCycle=0,to_view=29633
info|2019-12-11 14:20:45.157581|[g:1][CONSENSUS]addRawPrepare,height=6,reqIdx=2,hash=08969b13...
info|2019-12-11 14:20:45.158263|[g:1][CONSENSUS][PBFT]checkTimeout Succ,view=29633,toView=29634,nodeIdx=1,changeCycle=0,myNode=2dce86f9...,timecost=0.562
info|2019-12-11 14:20:45.159487|[g:1][CONSENSUS][PBFT]checkAndChangeView: Reach consensus,org_view=29633,org_changeCycle=0,cur_changeCycle=0,to_view=29634
info|2019-12-11 14:20:46.160432|[g:1][CONSENSUS]addRawPrepare,height=6,reqIdx=3,hash=5346e741...
info|2019-12-11 14:20:46.160946|[g:1][CONSENSUS][PBFT]checkTimeout Succ,view=29634,toView=29635,nodeIdx=1,changeCycle=0,myNode=2dce86f9...,timecost=0.402
info|2019-12-11 14:20:46.161989|[g:1][CONSENSUS][PBFT]checkAndChangeView: Reach consensus,org_view=29634,org_changeCycle=0,cur_changeCycle=0,to_view=29635
info|2019-12-11 14:20:47.163729|[g:1][CONSENSUS]addRawPrepare,height=6,reqIdx=0,hash=bfe12277...
info|2019-12-11 14:20:47.164265|[g:1][CONSENSUS][PBFT]checkTimeout Succ,view=29635,toView=29636,nodeIdx=1,changeCycle=0,myNode=2dce86f9...,timecost=0.444
info|2019-12-11 14:20:47.165244|[g:1][CONSENSUS][PBFT]checkAndChangeView: Reach consensus,org_view=29635,org_changeCycle=0,cur_changeCycle=0,to_view=29636
info|2019-12-11 14:20:48.165374|[g:1][CONSENSUS][SEALER]++++++++++++++++ Generating seal on,blkNum=6,tx=0,nodeIdx=1,hash=a2f0e8a1...
info|2019-12-11 14:20:48.165927|[g:1][CONSENSUS][PBFT]checkTimeout Succ,view=29636,toView=29637,nodeIdx=1,changeCycle=0,myNode=2dce86f9...,timecost=0.271
info|2019-12-11 14:20:48.167740|[g:1][CONSENSUS][PBFT]checkAndChangeView: Reach consensus,org_view=29636,org_changeCycle=0,cur_changeCycle=0,to_view=29637
info|2019-12-11 14:20:49.169238|[g:1][CONSENSUS]addRawPrepare,height=6,reqIdx=2,hash=ff0d3663...
info|2019-12-11 14:20:49.169727|[g:1][CONSENSUS][PBFT]checkTimeout Succ,view=29637,toView=29638,nodeIdx=1,changeCycle=0,myNode=2dce86f9...,timecost=0.382
info|2019-12-11 14:20:49.170997|[g:1][CONSENSUS][PBFT]checkAndChangeView: Reach consensus,org_view=29637,org_changeCycle=0,cur_changeCycle=0,to_view=29638
info|2019-12-11 14:20:50.025626|[P2P][Service] heartBeat,connected count=3
info|2019-12-11 14:20:50.173428|[g:1][CONSENSUS]addRawPrepare,height=6,reqIdx=3,hash=07365ce3...
info|2019-12-11 14:20:50.174393|[g:1][CONSENSUS][PBFT]checkTimeout Succ,view=29638,toView=29639,nodeIdx=1,changeCycle=0,myNode=2dce86f9...,timecost=0.83
info|2019-12-11 14:20:50.175671|[g:1][CONSENSUS][PBFT]checkAndChangeView: Reach consensus,org_view=29638,org_changeCycle=0,cur_changeCycle=0,to_view=29639
info|2019-12-11 14:20:51.176488|[g:1][CONSENSUS]addRawPrepare,height=6,reqIdx=0,hash=b02e97ec...
info|2019-12-11 14:20:51.177182|[g:1][CONSENSUS][PBFT]checkTimeout Succ,view=29639,toView=29640,nodeIdx=1,changeCycle=0,myNode=2dce86f9...,timecost=0.456
info|2019-12-11 14:20:51.178505|[g:1][CONSENSUS][PBFT]checkAndChangeView: Reach consensus,org_view=29639,org_changeCycle=0,cur_changeCycle=0,to_view=29640
info|2019-12-11 14:20:52.178681|[g:1][CONSENSUS][SEALER]++++++++++++++++ Generating seal on,blkNum=6,tx=0,nodeIdx=1,hash=eb17b476...
info|2019-12-11 14:20:52.179355|[g:1][CONSENSUS][PBFT]checkTimeout Succ,view=29640,toView=29641,nodeIdx=1,changeCycle=0,myNode=2dce86f9...,timecost=0.313
info|2019-12-11 14:20:52.181211|[g:1][CONSENSUS][PBFT]checkAndChangeView: Reach consensus,org_view=29640,org_changeCycle=0,cur_changeCycle=0,to_view=29641
info|2019-12-11 14:20:53.182759|[g:1][CONSENSUS]addRawPrepare,height=6,reqIdx=2,hash=3dcff321...
info|2019-12-11 14:20:53.183240|[g:1][CONSENSUS][PBFT]checkTimeout Succ,view=29641,toView=29642,nodeIdx=1,changeCycle=0,myNode=2dce86f9...,timecost=0.364
info|2019-12-11 14:20:53.184625|[g:1][CONSENSUS][PBFT]checkAndChangeView: Reach consensus,org_view=29641,org_changeCycle=0,cur_changeCycle=0,to_view=29642
info|2019-12-11 14:20:54.185885|[g:1][CONSENSUS]addRawPrepare,height=6,reqIdx=3,hash=966b927d...
info|2019-12-11 14:20:54.186362|[g:1][CONSENSUS][PBFT]checkTimeout Succ,view=29642,toView=29643,nodeIdx=1,changeCycle=0,myNode=2dce86f9...,timecost=0.354
info|2019-12-11 14:20:54.187815|[g:1][CONSENSUS][PBFT]checkAndChangeView: Reach consensus,org_view=29642,org_changeCycle=0,cur_changeCycle=0,to_view=29643
info|2019-12-11 14:20:55.188301|[g:1][CONSENSUS]addRawPrepare,height=6,reqIdx=0,hash=6ad118bd...
info|2019-12-11 14:20:55.189612|[g:1][CONSENSUS][PBFT]checkTimeout Succ,view=29643,toView=29644,nodeIdx=1,changeCycle=0,myNode=2dce86f9...,timecost=1.189
info|2019-12-11 14:20:55.190874|[g:1][CONSENSUS][PBFT]checkAndChangeView: Reach consensus,org_view=29643,org_changeCycle=0,cur_changeCycle=0,to_view=29644
info|2019-12-11 14:20:56.190381|[g:1][CONSENSUS][SEALER]++++++++++++++++ Generating seal on,blkNum=6,tx=0,nodeIdx=1,hash=a17ade4d...
info|2019-12-11 14:20:56.192870|[g:1][CONSENSUS][PBFT]checkTimeout Succ,view=29644,toView=29645,nodeIdx=1,changeCycle=0,myNode=2dce86f9...,timecost=0.389
info|2019-12-11 14:20:56.193580|[g:1][CONSENSUS][PBFT]checkAndChangeView: Reach consensus,org_view=29644,org_changeCycle=0,cur_changeCycle=0,to_view=29645
info|2019-12-11 14:20:57.193324|[g:1][CONSENSUS]addRawPrepare,height=6,reqIdx=2,hash=ed795552...
info|2019-12-11 14:20:57.193743|[g:1][CONSENSUS][PBFT]checkTimeout Succ,view=29645,toView=29646,nodeIdx=1,changeCycle=0,myNode=2dce86f9...,timecost=0.313
info|2019-12-11 14:20:57.194797|[g:1][CONSENSUS][PBFT]checkAndChangeView: Reach consensus,org_view=29645,org_changeCycle=0,cur_changeCycle=0,to_view=29646
info|2019-12-11 14:20:58.196161|[g:1][CONSENSUS]addRawPrepare,height=6,reqIdx=3,hash=7a6d00be...
info|2019-12-11 14:20:58.196636|[g:1][CONSENSUS][PBFT]checkTimeout Succ,view=29646,toView=29647,nodeIdx=1,changeCycle=0,myNode=2dce86f9...,timecost=0.348
info|2019-12-11 14:20:58.197777|[g:1][CONSENSUS][PBFT]checkAndChangeView: Reach consensus,org_view=29646,org_changeCycle=0,cur_changeCycle=0,to_view=29647
info|2019-12-11 14:20:59.198968|[g:1][CONSENSUS]addRawPrepare,height=6,reqIdx=0,hash=755b490a...
info|2019-12-11 14:20:59.199472|[g:1][CONSENSUS][PBFT]checkTimeout Succ,view=29647,toView=29648,nodeIdx=1,changeCycle=0,myNode=2dce86f9...,timecost=0.381
info|2019-12-11 14:20:59.200680|[g:1][CONSENSUS][PBFT]checkAndChangeView: Reach consensus,org_view=29647,org_changeCycle=0,cur_changeCycle=0,to_view=29648
info|2019-12-11 14:21:00.027350|[P2P][Service] heartBeat,connected count=3
info|2019-12-11 14:21:00.200193|[g:1][CONSENSUS][SEALER]++++++++++++++++ Generating seal on,blkNum=6,tx=0,nodeIdx=1,hash=2f5b14ff...
info|2019-12-11 14:21:00.200913|[g:1][CONSENSUS][PBFT]checkTimeout Succ,view=29648,toView=29649,nodeIdx=1,changeCycle=0,myNode=2dce86f9...,timecost=0.4
info|2019-12-11 14:21:00.202999|[g:1][CONSENSUS][PBFT]checkAndChangeView: Reach consensus,org_view=29648,org_changeCycle=0,cur_changeCycle=0,to_view=29649
info|2019-12-11 14:21:01.204753|[g:1][CONSENSUS]addRawPrepare,height=6,reqIdx=2,hash=118d0166...
info|2019-12-11 14:21:01.205253|[g:1][CONSENSUS][PBFT]checkTimeout Succ,view=29649,toView=29650,nodeIdx=1,changeCycle=0,myNode=2dce86f9...,timecost=0.38
info|2019-12-11 14:21:01.206513|[g:1][CONSENSUS][PBFT]checkAndChangeView: Reach consensus,org_view=29649,org_changeCycle=0,cur_changeCycle=0,to_view=29650
info|2019-12-11 14:21:02.207499|[g:1][CONSENSUS]addRawPrepare,height=6,reqIdx=3,hash=c46996e0...
info|2019-12-11 14:21:02.208206|[g:1][CONSENSUS][PBFT]checkTimeout Succ,view=29650,toView=29651,nodeIdx=1,changeCycle=0,myNode=2dce86f9...,timecost=0.561
info|2019-12-11 14:21:02.209658|[g:1][CONSENSUS][PBFT]checkAndChangeView: Reach consensus,org_view=29650,org_changeCycle=0,cur_changeCycle=0,to_view=29651
info|2019-12-11 14:21:03.211021|[g:1][CONSENSUS]addRawPrepare,height=6,reqIdx=0,hash=8149bb5e...
info|2019-12-11 14:21:03.211602|[g:1][CONSENSUS][PBFT]checkTimeout Succ,view=29651,toView=29652,nodeIdx=1,changeCycle=0,myNode=2dce86f9...,timecost=0.463
info|2019-12-11 14:21:03.212860|[g:1][CONSENSUS][PBFT]checkAndChangeView: Reach consensus,org_view=29651,org_changeCycle=0,cur_changeCycle=0,to_view=29652
info|2019-12-11 14:21:04.213444|[g:1][CONSENSUS][SEALER]++++++++++++++++ Generating seal on,blkNum=6,tx=0,nodeIdx=1,hash=2b37ec52...
info|2019-12-11 14:21:04.214138|[g:1][CONSENSUS][PBFT]checkTimeout Succ,view=29652,toView=29653,nodeIdx=1,changeCycle=0,myNode=2dce86f9...,timecost=0.346
info|2019-12-11 14:21:04.216287|[g:1][CONSENSUS][PBFT]checkAndChangeView: Reach consensus,org_view=29652,org_changeCycle=0,cur_changeCycle=0,to_view=29653
info|2019-12-11 14:21:05.218175|[g:1][CONSENSUS]addRawPrepare,height=6,reqIdx=2,hash=84195284...
info|2019-12-11 14:21:05.219414|[g:1][CONSENSUS][PBFT]checkTimeout Succ,view=29653,toView=29654,nodeIdx=1,changeCycle=0,myNode=2dce86f9...,timecost=1.097
info|2019-12-11 14:21:05.220878|[g:1][CONSENSUS][PBFT]checkAndChangeView: Reach consensus,org_view=29653,org_changeCycle=0,cur_changeCycle=0,to_view=29654
info|2019-12-11 14:21:06.223624|[g:1][CONSENSUS]addRawPrepare,height=6,reqIdx=3,hash=f93d475a...
info|2019-12-11 14:21:06.224236|[g:1][CONSENSUS][PBFT]checkTimeout Succ,view=29654,toView=29655,nodeIdx=1,changeCycle=0,myNode=2dce86f9...,timecost=0.476
info|2019-12-11 14:21:06.225889|[g:1][CONSENSUS][PBFT]checkAndChangeView: Reach consensus,org_view=29654,org_changeCycle=0,cur_changeCycle=0,to_view=29655
info|2019-12-11 14:21:07.226903|[g:1][CONSENSUS]addRawPrepare,height=6,reqIdx=0,hash=a95d451a...
info|2019-12-11 14:21:07.227532|[g:1][CONSENSUS][PBFT]checkTimeout Succ,view=29655,toView=29656,nodeIdx=1,changeCycle=0,myNode=2dce86f9...,timecost=0.501
info|2019-12-11 14:21:07.229143|[g:1][CONSENSUS][PBFT]checkAndChangeView: Reach consensus,org_view=29655,org_changeCycle=0,cur_changeCycle=0,to_view=29656
info|2019-12-11 14:21:08.230297|[g:1][CONSENSUS][SEALER]++++++++++++++++ Generating seal on,blkNum=6,tx=0,nodeIdx=1,hash=b34918e1...
info|2019-12-11 14:21:08.232314|[g:1][CONSENSUS][PBFT]checkTimeout Succ,view=29656,toView=29657,nodeIdx=1,changeCycle=0,myNode=2dce86f9...,timecost=0.406
info|2019-12-11 14:21:08.233408|[g:1][CONSENSUS][PBFT]checkAndChangeView: Reach consensus,org_view=29656,org_changeCycle=0,cur_changeCycle=0,to_view=29657
info|2019-12-11 14:21:09.235021|[g:1][CONSENSUS]addRawPrepare,height=6,reqIdx=2,hash=9497d1e5...
info|2019-12-11 14:21:09.235647|[g:1][CONSENSUS][PBFT]checkTimeout Succ,view=29657,toView=29658,nodeIdx=1,changeCycle=0,myNode=2dce86f9...,timecost=0.454
info|2019-12-11 14:21:09.237266|[g:1][CONSENSUS][PBFT]checkAndChangeView: Reach consensus,org_view=29657,org_changeCycle=0,cur_changeCycle=0,to_view=29658
info|2019-12-11 14:21:10.028182|[P2P][Service] heartBeat,connected count=3
info|2019-12-11 14:21:10.239110|[g:1][CONSENSUS]addRawPrepare,height=6,reqIdx=3,hash=354272f0...
info|2019-12-11 14:21:10.239645|[g:1][CONSENSUS][PBFT]checkTimeout Succ,view=29658,toView=29659,nodeIdx=1,changeCycle=0,myNode=2dce86f9...,timecost=0.432
info|2019-12-11 14:21:10.241081|[g:1][CONSENSUS][PBFT]checkAndChangeView: Reach consensus,org_view=29658,org_changeCycle=0,cur_changeCycle=0,to_view=29659
info|2019-12-11 14:21:11.243440|[g:1][CONSENSUS]addRawPrepare,height=6,reqIdx=0,hash=c1345c3d...
info|2019-12-11 14:21:11.244040|[g:1][CONSENSUS][PBFT]checkTimeout Succ,view=29659,toView=29660,nodeIdx=1,changeCycle=0,myNode=2dce86f9...,timecost=0.469
info|2019-12-11 14:21:11.245618|[g:1][CONSENSUS][PBFT]checkAndChangeView: Reach consensus,org_view=29659,org_changeCycle=0,cur_changeCycle=0,to_view=29660
info|2019-12-11 14:21:12.245296|[g:1][CONSENSUS][SEALER]++++++++++++++++ Generating seal on,blkNum=6,tx=0,nodeIdx=1,hash=a98c159e...
info|2019-12-11 14:21:12.245966|[g:1][CONSENSUS][PBFT]checkTimeout Succ,view=29660,toView=29661,nodeIdx=1,changeCycle=0,myNode=2dce86f9...,timecost=0.324
info|2019-12-11 14:21:12.248084|[g:1][CONSENSUS][PBFT]checkAndChangeView: Reach consensus,org_view=29660,org_changeCycle=0,cur_changeCycle=0,to_view=29661
info|2019-12-11 14:21:13.248558|[g:1][CONSENSUS]addRawPrepare,height=6,reqIdx=2,hash=853c2102...
info|2019-12-11 14:21:13.249036|[g:1][CONSENSUS][PBFT]checkTimeout Succ,view=29661,toView=29662,nodeIdx=1,changeCycle=0,myNode=2dce86f9...,timecost=0.348
info|2019-12-11 14:21:13.250379|[g:1][CONSENSUS][PBFT]checkAndChangeView: Reach consensus,org_view=29661,org_changeCycle=0,cur_changeCycle=0,to_view=29662
info|2019-12-11 14:21:14.251198|[g:1][CONSENSUS]addRawPrepare,height=6,reqIdx=3,hash=1a08fb9c...
info|2019-12-11 14:21:14.251649|[g:1][CONSENSUS][PBFT]checkTimeout Succ,view=29662,toView=29663,nodeIdx=1,changeCycle=0,myNode=2dce86f9...,timecost=0.333
info|2019-12-11 14:21:14.252620|[g:1][CONSENSUS][PBFT]checkAndChangeView: Reach consensus,org_view=29662,org_changeCycle=0,cur_changeCycle=0,to_view=29663
info|2019-12-11 14:21:15.253522|[g:1][CONSENSUS]addRawPrepare,height=6,reqIdx=0,hash=8d00c842...
info|2019-12-11 14:21:15.254435|[g:1][CONSENSUS][PBFT]checkTimeout Succ,view=29663,toView=29664,nodeIdx=1,changeCycle=0,myNode=2dce86f9...,timecost=0.753
info|2019-12-11 14:21:15.256504|[g:1][CONSENSUS][PBFT]checkAndChangeView: Reach consensus,org_view=29663,org_changeCycle=0,cur_changeCycle=0,to_view=29664
info|2019-12-11 14:21:16.256476|[g:1][CONSENSUS][SEALER]++++++++++++++++ Generating seal on,blkNum=6,tx=0,nodeIdx=1,hash=bf46eb33...
info|2019-12-11 14:21:16.259812|[g:1][CONSENSUS][PBFT]checkTimeout Succ,view=29664,toView=29665,nodeIdx=1,changeCycle=0,myNode=2dce86f9...,timecost=0.562
info|2019-12-11 14:21:16.260518|[g:1][CONSENSUS][PBFT]checkAndChangeView: Reach consensus,org_view=29664,org_changeCycle=0,cur_changeCycle=0,to_view=29665
info|2019-12-11 14:21:17.261837|[g:1][CONSENSUS]addRawPrepare,height=6,reqIdx=2,hash=92ddc45e...
info|2019-12-11 14:21:17.262466|[g:1][CONSENSUS][PBFT]checkTimeout Succ,view=29665,toView=29666,nodeIdx=1,changeCycle=0,myNode=2dce86f9...,timecost=0.497
info|2019-12-11 14:21:17.263943|[g:1][CONSENSUS][PBFT]checkAndChangeView: Reach consensus,org_view=29665,org_changeCycle=0,cur_changeCycle=0,to_view=29666
info|2019-12-11 14:21:18.265230|[g:1][CONSENSUS]addRawPrepare,height=6,reqIdx=3,hash=336b1ae9...
info|2019-12-11 14:21:18.265824|[g:1][CONSENSUS][PBFT]checkTimeout Succ,view=29666,toView=29667,nodeIdx=1,changeCycle=0,myNode=2dce86f9...,timecost=0.481
info|2019-12-11 14:21:18.267073|[g:1][CONSENSUS][PBFT]checkAndChangeView: Reach consensus,org_view=29666,org_changeCycle=0,cur_changeCycle=0,to_view=29667
info|2019-12-11 14:21:19.268863|[g:1][CONSENSUS]addRawPrepare,height=6,reqIdx=0,hash=26f08699...
info|2019-12-11 14:21:19.269551|[g:1][CONSENSUS][PBFT]checkTimeout Succ,view=29667,toView=29668,nodeIdx=1,changeCycle=0,myNode=2dce86f9...,timecost=0.523
info|2019-12-11 14:21:19.270875|[g:1][CONSENSUS][PBFT]checkAndChangeView: Reach consensus,org_view=29667,org_changeCycle=0,cur_changeCycle=0,to_view=29668
info|2019-12-11 14:21:20.030148|[P2P][Service] heartBeat,connected count=3
info|2019-12-11 14:21:20.271460|[g:1][CONSENSUS][SEALER]++++++++++++++++ Generating seal on,blkNum=6,tx=0,nodeIdx=1,hash=c1e7b509...
info|2019-12-11 14:21:20.274892|[g:1][CONSENSUS][PBFT]checkTimeout Succ,view=29668,toView=29669,nodeIdx=1,changeCycle=0,myNode=2dce86f9...,timecost=0.446
info|2019-12-11 14:21:20.275708|[g:1][CONSENSUS][PBFT]checkAndChangeView: Reach consensus,org_view=29668,org_changeCycle=0,cur_changeCycle=0,to_view=29669
info|2019-12-11 14:21:21.276507|[g:1][CONSENSUS]addRawPrepare,height=6,reqIdx=2,hash=f9ad16f9...
info|2019-12-11 14:21:21.276921|[g:1][CONSENSUS][PBFT]checkTimeout Succ,view=29669,toView=29670,nodeIdx=1,changeCycle=0,myNode=2dce86f9...,timecost=0.316
info|2019-12-11 14:21:21.278144|[g:1][CONSENSUS][PBFT]checkAndChangeView: Reach consensus,org_view=29669,org_changeCycle=0,cur_changeCycle=0,to_view=29670
info|2019-12-11 14:21:22.279689|[g:1][CONSENSUS]addRawPrepare,height=6,reqIdx=3,hash=fb93d4bb...
info|2019-12-11 14:21:22.280425|[g:1][CONSENSUS][PBFT]checkTimeout Succ,view=29670,toView=29671,nodeIdx=1,changeCycle=0,myNode=2dce86f9...,timecost=0.575
info|2019-12-11 14:21:22.281752|[g:1][CONSENSUS][PBFT]checkAndChangeView: Reach consensus,org_view=29670,org_changeCycle=0,cur_changeCycle=0,to_view=29671
info|2019-12-11 14:21:23.282607|[g:1][CONSENSUS]addRawPrepare,height=6,reqIdx=0,hash=bdc8e289...
info|2019-12-11 14:21:23.283088|[g:1][CONSENSUS][PBFT]checkTimeout Succ,view=29671,toView=29672,nodeIdx=1,changeCycle=0,myNode=2dce86f9...,timecost=0.349
info|2019-12-11 14:21:23.285137|[g:1][CONSENSUS][PBFT]checkAndChangeView: Reach consensus,org_view=29671,org_changeCycle=0,cur_changeCycle=0,to_view=29672
info|2019-12-11 14:21:24.285405|[g:1][CONSENSUS][SEALER]++++++++++++++++ Generating seal on,blkNum=6,tx=0,nodeIdx=1,hash=fe748652...
info|2019-12-11 14:21:24.286047|[g:1][CONSENSUS][PBFT]checkTimeout Succ,view=29672,toView=29673,nodeIdx=1,changeCycle=0,myNode=2dce86f9...,timecost=0.35
info|2019-12-11 14:21:24.288511|[g:1][CONSENSUS][PBFT]checkAndChangeView: Reach consensus,org_view=29672,org_changeCycle=0,cur_changeCycle=0,to_view=29673
info|2019-12-11 14:21:25.290621|[g:1][CONSENSUS]addRawPrepare,height=6,reqIdx=2,hash=05465a60...
info|2019-12-11 14:21:25.291530|[g:1][CONSENSUS][PBFT]checkTimeout Succ,view=29673,toView=29674,nodeIdx=1,changeCycle=0,myNode=2dce86f9...,timecost=0.748
info|2019-12-11 14:21:25.293163|[g:1][CONSENSUS][PBFT]checkAndChangeView: Reach consensus,org_view=29673,org_changeCycle=0,cur_changeCycle=0,to_view=29674
info|2019-12-11 14:21:26.295714|[g:1][CONSENSUS]addRawPrepare,height=6,reqIdx=3,hash=48e762bd...
info|2019-12-11 14:21:26.296395|[g:1][CONSENSUS][PBFT]checkTimeout Succ,view=29674,toView=29675,nodeIdx=1,changeCycle=0,myNode=2dce86f9...,timecost=0.556
info|2019-12-11 14:21:26.298075|[g:1][CONSENSUS][PBFT]checkAndChangeView: Reach consensus,org_view=29674,org_changeCycle=0,cur_changeCycle=0,to_view=29675
info|2019-12-11 14:21:27.300600|[g:1][CONSENSUS]addRawPrepare,height=6,reqIdx=0,hash=f05fdd10...
info|2019-12-11 14:21:27.301327|[g:1][CONSENSUS][PBFT]checkTimeout Succ,view=29675,toView=29676,nodeIdx=1,changeCycle=0,myNode=2dce86f9...,timecost=0.517
info|2019-12-11 14:21:27.302968|[g:1][CONSENSUS][PBFT]checkAndChangeView: Reach consensus,org_view=29675,org_changeCycle=0,cur_changeCycle=0,to_view=29676
info|2019-12-11 14:21:28.302861|[g:1][CONSENSUS][SEALER]++++++++++++++++ Generating seal on,blkNum=6,tx=0,nodeIdx=1,hash=1a4e0865...
info|2019-12-11 14:21:28.303939|[g:1][CONSENSUS][PBFT]checkTimeout Succ,view=29676,toView=29677,nodeIdx=1,changeCycle=0,myNode=2dce86f9...,timecost=0.595
info|2019-12-11 14:21:28.306317|[g:1][CONSENSUS][PBFT]checkAndChangeView: Reach consensus,org_view=29676,org_changeCycle=0,cur_changeCycle=0,to_view=29677
info|2019-12-11 14:21:29.307470|[g:1][CONSENSUS]addRawPrepare,height=6,reqIdx=2,hash=d8030692...
info|2019-12-11 14:21:29.307939|[g:1][CONSENSUS][PBFT]checkTimeout Succ,view=29677,toView=29678,nodeIdx=1,changeCycle=0,myNode=2dce86f9...,timecost=0.35
info|2019-12-11 14:21:29.309097|[g:1][CONSENSUS][PBFT]checkAndChangeView: Reach consensus,org_view=29677,org_changeCycle=0,cur_changeCycle=0,to_view=29678
info|2019-12-11 14:21:30.031592|[P2P][Service] heartBeat,connected count=3
info|2019-12-11 14:21:30.310821|[g:1][CONSENSUS]addRawPrepare,height=6,reqIdx=3,hash=0f1dd7bd...
info|2019-12-11 14:21:30.311467|[g:1][CONSENSUS][PBFT]checkTimeout Succ,view=29678,toView=29679,nodeIdx=1,changeCycle=0,myNode=2dce86f9...,timecost=0.522
info|2019-12-11 14:21:30.313391|[g:1][CONSENSUS][PBFT]checkAndChangeView: Reach consensus,org_view=29678,org_changeCycle=0,cur_changeCycle=0,to_view=29679
info|2019-12-11 14:21:31.315960|[g:1][CONSENSUS]addRawPrepare,height=6,reqIdx=0,hash=d4a38951...
info|2019-12-11 14:21:31.316623|[g:1][CONSENSUS][PBFT]checkTimeout Succ,view=29679,toView=29680,nodeIdx=1,changeCycle=0,myNode=2dce86f9...,timecost=0.489
info|2019-12-11 14:21:31.318004|[g:1][CONSENSUS][PBFT]checkAndChangeView: Reach consensus,org_view=29679,org_changeCycle=0,cur_changeCycle=0,to_view=29680
info|2019-12-11 14:21:32.319149|[g:1][CONSENSUS][SEALER]++++++++++++++++ Generating seal on,blkNum=6,tx=0,nodeIdx=1,hash=e1598c1f...
info|2019-12-11 14:21:32.322430|[g:1][CONSENSUS][PBFT]checkTimeout Succ,view=29680,toView=29681,nodeIdx=1,changeCycle=0,myNode=2dce86f9...,timecost=0.478
info|2019-12-11 14:21:32.323210|[g:1][CONSENSUS][PBFT]checkAndChangeView: Reach consensus,org_view=29680,org_changeCycle=0,cur_changeCycle=0,to_view=29681
info|2019-12-11 14:21:33.323896|[g:1][CONSENSUS]addRawPrepare,height=6,reqIdx=2,hash=fff3f295...
info|2019-12-11 14:21:33.324569|[g:1][CONSENSUS][PBFT]checkTimeout Succ,view=29681,toView=29682,nodeIdx=1,changeCycle=0,myNode=2dce86f9...,timecost=0.497
info|2019-12-11 14:21:33.326257|[g:1][CONSENSUS][PBFT]checkAndChangeView: Reach consensus,org_view=29681,org_changeCycle=0,cur_changeCycle=0,to_view=29682
info|2019-12-11 14:21:34.328789|[g:1][CONSENSUS]addRawPrepare,height=6,reqIdx=3,hash=302ea782...
info|2019-12-11 14:21:34.329360|[g:1][CONSENSUS][PBFT]checkTimeout Succ,view=29682,toView=29683,nodeIdx=1,changeCycle=0,myNode=2dce86f9...,timecost=0.434
info|2019-12-11 14:21:34.331085|[g:1][CONSENSUS][PBFT]checkAndChangeView: Reach consensus,org_view=29682,org_changeCycle=0,cur_changeCycle=0,to_view=29683
info|2019-12-11 14:21:35.332834|[g:1][CONSENSUS]addRawPrepare,height=6,reqIdx=0,hash=c11ea158...
info|2019-12-11 14:21:35.333736|[g:1][CONSENSUS][PBFT]checkTimeout Succ,view=29683,toView=29684,nodeIdx=1,changeCycle=0,myNode=2dce86f9...,timecost=0.775
info|2019-12-11 14:21:35.335806|[g:1][CONSENSUS][PBFT]checkAndChangeView: Reach consensus,org_view=29683,org_changeCycle=0,cur_changeCycle=0,to_view=29684
info|2019-12-11 14:21:36.335545|[g:1][CONSENSUS][SEALER]++++++++++++++++ Generating seal on,blkNum=6,tx=0,nodeIdx=1,hash=2ee1c9f8...
info|2019-12-11 14:21:36.338754|[g:1][CONSENSUS][PBFT]checkTimeout Succ,view=29684,toView=29685,nodeIdx=1,changeCycle=0,myNode=2dce86f9...,timecost=0.598
info|2019-12-11 14:21:36.339687|[g:1][CONSENSUS][PBFT]checkAndChangeView: Reach consensus,org_view=29684,org_changeCycle=0,cur_changeCycle=0,to_view=29685
info|2019-12-11 14:21:37.340964|[g:1][CONSENSUS]addRawPrepare,height=6,reqIdx=2,hash=903597dc...
info|2019-12-11 14:21:37.341659|[g:1][CONSENSUS][PBFT]checkTimeout Succ,view=29685,toView=29686,nodeIdx=1,changeCycle=0,myNode=2dce86f9...,timecost=0.509
info|2019-12-11 14:21:37.343390|[g:1][CONSENSUS][PBFT]checkAndChangeView: Reach consensus,org_view=29685,org_changeCycle=0,cur_changeCycle=0,to_view=29686
info|2019-12-11 14:21:38.345789|[g:1][CONSENSUS]addRawPrepare,height=6,reqIdx=3,hash=bd8df5d0...
info|2019-12-11 14:21:38.346426|[g:1][CONSENSUS][PBFT]checkTimeout Succ,view=29686,toView=29687,nodeIdx=1,changeCycle=0,myNode=2dce86f9...,timecost=0.496
info|2019-12-11 14:21:38.347984|[g:1][CONSENSUS][PBFT]checkAndChangeView: Reach consensus,org_view=29686,org_changeCycle=0,cur_changeCycle=0,to_view=29687
info|2019-12-11 14:21:39.349600|[g:1][CONSENSUS]addRawPrepare,height=6,reqIdx=0,hash=1d92945e...
info|2019-12-11 14:21:39.350220|[g:1][CONSENSUS][PBFT]checkTimeout Succ,view=29687,toView=29688,nodeIdx=1,changeCycle=0,myNode=2dce86f9...,timecost=0.484
info|2019-12-11 14:21:39.351665|[g:1][CONSENSUS][PBFT]checkAndChangeView: Reach consensus,org_view=29687,org_changeCycle=0,cur_changeCycle=0,to_view=29688
info|2019-12-11 14:21:40.038537|[P2P][Service] heartBeat,connected count=3
info|2019-12-11 14:21:40.352500|[g:1][CONSENSUS][SEALER]++++++++++++++++ Generating seal on,blkNum=6,tx=0,nodeIdx=1,hash=0135d3d3...
info|2019-12-11 14:21:40.355506|[g:1][CONSENSUS][PBFT]checkTimeout Succ,view=29688,toView=29689,nodeIdx=1,changeCycle=0,myNode=2dce86f9...,timecost=0.442
info|2019-12-11 14:21:40.356911|[g:1][CONSENSUS][PBFT]checkAndChangeView: Reach consensus,org_view=29688,org_changeCycle=0,cur_changeCycle=0,to_view=29689
info|2019-12-11 14:21:41.357733|[g:1][CONSENSUS]addRawPrepare,height=6,reqIdx=2,hash=821259e1...
info|2019-12-11 14:21:41.358346|[g:1][CONSENSUS][PBFT]checkTimeout Succ,view=29689,toView=29690,nodeIdx=1,changeCycle=0,myNode=2dce86f9...,timecost=0.444
info|2019-12-11 14:21:41.359788|[g:1][CONSENSUS][PBFT]checkAndChangeView: Reach consensus,org_view=29689,org_changeCycle=0,cur_changeCycle=0,to_view=29690
info|2019-12-11 14:21:42.362411|[g:1][CONSENSUS]addRawPrepare,height=6,reqIdx=3,hash=4b78e7cd...
info|2019-12-11 14:21:42.363083|[g:1][CONSENSUS][PBFT]checkTimeout Succ,view=29690,toView=29691,nodeIdx=1,changeCycle=0,myNode=2dce86f9...,timecost=0.509
info|2019-12-11 14:21:42.364644|[g:1][CONSENSUS][PBFT]checkAndChangeView: Reach consensus,org_view=29690,org_changeCycle=0,cur_changeCycle=0,to_view=29691
info|2019-12-11 14:21:43.366186|[g:1][CONSENSUS]addRawPrepare,height=6,reqIdx=0,hash=a1029dcf...
info|2019-12-11 14:21:43.366917|[g:1][CONSENSUS][PBFT]checkTimeout Succ,view=29691,toView=29692,nodeIdx=1,changeCycle=0,myNode=2dce86f9...,timecost=0.568
info|2019-12-11 14:21:43.368254|[g:1][CONSENSUS][PBFT]checkAndChangeView: Reach consensus,org_view=29691,org_changeCycle=0,cur_changeCycle=0,to_view=29692
info|2019-12-11 14:21:44.369002|[g:1][CONSENSUS][SEALER]++++++++++++++++ Generating seal on,blkNum=6,tx=0,nodeIdx=1,hash=b611abe4...
info|2019-12-11 14:21:44.370007|[g:1][CONSENSUS][PBFT]checkTimeout Succ,view=29692,toView=29693,nodeIdx=1,changeCycle=0,myNode=2dce86f9...,timecost=0.54
info|2019-12-11 14:21:44.372332|[g:1][CONSENSUS][PBFT]checkAndChangeView: Reach consensus,org_view=29692,org_changeCycle=0,cur_changeCycle=0,to_view=29693
info|2019-12-11 14:21:45.374804|[g:1][CONSENSUS]addRawPrepare,height=6,reqIdx=2,hash=f7d89d2c...
info|2019-12-11 14:21:45.375943|[g:1][CONSENSUS][PBFT]checkTimeout Succ,view=29693,toView=29694,nodeIdx=1,changeCycle=0,myNode=2dce86f9...,timecost=0.97
info|2019-12-11 14:21:45.377554|[g:1][CONSENSUS][PBFT]checkAndChangeView: Reach consensus,org_view=29693,org_changeCycle=0,cur_changeCycle=0,to_view=29694
