info|2019-11-12 01:25:32.003420|[g:1][CONSENSUS][SEALER]++++++++++++++++ Generating seal on,blkNum=1,tx=0,nodeIdx=1,hash=7749e7e4...
info|2019-11-12 01:25:32.004667|[P2P][Service] heartBeat,connected count=3
info|2019-11-12 01:25:32.007311|[g:1][CONSENSUS][PBFT]checkTimeout Succ,view=22341,toView=22342,nodeIdx=1,changeCycle=0,myNode=2dce86f9...,timecost=2.662
info|2019-11-12 01:25:32.010318|[g:1][CONSENSUS][PBFT]checkAndChangeView: Reach consensus,org_view=22341,org_changeCycle=0,cur_changeCycle=0,to_view=22342
info|2019-11-12 01:25:33.008778|[g:1][CONSENSUS]addRawPrepare,height=1,reqIdx=2,hash=7a3d3419...
info|2019-11-12 01:25:33.009244|[g:1][CONSENSUS][PBFT]checkTimeout Succ,view=22342,toView=22343,nodeIdx=1,changeCycle=0,myNode=2dce86f9...,timecost=0.381
info|2019-11-12 01:25:33.010478|[g:1][CONSENSUS][PBFT]checkAndChangeView: Reach consensus,org_view=22342,org_changeCycle=0,cur_changeCycle=0,to_view=22343
info|2019-11-12 01:25:34.012528|[g:1][CONSENSUS]addRawPrepare,height=1,reqIdx=3,hash=a620740c...
info|2019-11-12 01:25:34.013016|[g:1][CONSENSUS][PBFT]checkTimeout Succ,view=22343,toView=22344,nodeIdx=1,changeCycle=0,myNode=2dce86f9...,timecost=0.354
info|2019-11-12 01:25:34.014336|[g:1][CONSENSUS][PBFT]checkAndChangeView: Reach consensus,org_view=22343,org_changeCycle=0,cur_changeCycle=0,to_view=22344
info|2019-11-12 01:25:35.016170|[g:1][CONSENSUS]addRawPrepare,height=1,reqIdx=0,hash=c88b6fe5...
info|2019-11-12 01:25:35.016645|[g:1][CONSENSUS][PBFT]checkTimeout Succ,view=22344,toView=22345,nodeIdx=1,changeCycle=0,myNode=2dce86f9...,timecost=0.354
info|2019-11-12 01:25:35.017901|[g:1][CONSENSUS][PBFT]checkAndChangeView: Reach consensus,org_view=22344,org_changeCycle=0,cur_changeCycle=0,to_view=22345
info|2019-11-12 01:25:36.018517|[g:1][CONSENSUS][SEALER]++++++++++++++++ Generating seal on,blkNum=1,tx=0,nodeIdx=1,hash=d51b736c...
info|2019-11-12 01:25:36.021702|[g:1][CONSENSUS][PBFT]checkTimeout Succ,view=22345,toView=22346,nodeIdx=1,changeCycle=0,myNode=2dce86f9...,timecost=0.424
info|2019-11-12 01:25:36.022406|[g:1][CONSENSUS][PBFT]checkAndChangeView: Reach consensus,org_view=22345,org_changeCycle=0,cur_changeCycle=0,to_view=22346
info|2019-11-12 01:25:37.022967|[g:1][CONSENSUS]addRawPrepare,height=1,reqIdx=2,hash=f0587b9f...
info|2019-11-12 01:25:37.024003|[g:1][CONSENSUS][PBFT]checkTimeout Succ,view=22346,toView=22347,nodeIdx=1,changeCycle=0,myNode=2dce86f9...,timecost=0.918
info|2019-11-12 01:25:37.025073|[g:1][CONSENSUS][PBFT]checkAndChangeView: Reach consensus,org_view=22346,org_changeCycle=0,cur_changeCycle=0,to_view=22347
info|2019-11-12 01:25:38.027768|[g:1][CONSENSUS]addRawPrepare,height=1,reqIdx=3,hash=a467ee21...
info|2019-11-12 01:25:38.028629|[g:1][CONSENSUS][PBFT]checkTimeout Succ,view=22347,toView=22348,nodeIdx=1,changeCycle=0,myNode=2dce86f9...,timecost=0.718
info|2019-11-12 01:25:38.030461|[g:1][CONSENSUS][PBFT]checkAndChangeView: Reach consensus,org_view=22347,org_changeCycle=0,cur_changeCycle=0,to_view=22348
info|2019-11-12 01:25:39.032669|[g:1][CONSENSUS]addRawPrepare,height=1,reqIdx=0,hash=7f24c740...
info|2019-11-12 01:25:39.033356|[g:1][CONSENSUS][PBFT]checkTimeout Succ,view=22348,toView=22349,nodeIdx=1,changeCycle=0,myNode=2dce86f9...,timecost=0.522
info|2019-11-12 01:25:39.034822|[g:1][CONSENSUS][PBFT]checkAndChangeView: Reach consensus,org_view=22348,org_changeCycle=0,cur_changeCycle=0,to_view=22349
info|2019-11-12 01:25:40.034565|[g:1][CONSENSUS][SEALER]++++++++++++++++ Generating seal on,blkNum=1,tx=0,nodeIdx=1,hash=b7d42bbf...
info|2019-11-12 01:25:40.037636|[g:1][CONSENSUS][PBFT]checkTimeout Succ,view=22349,toView=22350,nodeIdx=1,changeCycle=0,myNode=2dce86f9...,timecost=0.414
info|2019-11-12 01:25:40.038430|[g:1][CONSENSUS][PBFT]checkAndChangeView: Reach consensus,org_view=22349,org_changeCycle=0,cur_changeCycle=0,to_view=22350
info|2019-11-12 01:25:41.039577|[g:1][CONSENSUS]addRawPrepare,height=1,reqIdx=2,hash=82aa775c...
info|2019-11-12 01:25:41.040267|[g:1][CONSENSUS][PBFT]checkTimeout Succ,view=22350,toView=22351,nodeIdx=1,changeCycle=0,myNode=2dce86f9...,timecost=0.537
info|2019-11-12 01:25:41.041886|[g:1][CONSENSUS][PBFT]checkAndChangeView: Reach consensus,org_view=22350,org_changeCycle=0,cur_changeCycle=0,to_view=22351
info|2019-11-12 01:25:42.007935|[P2P][Service] heartBeat,connected count=3
info|2019-11-12 01:25:42.042689|[g:1][CONSENSUS]addRawPrepare,height=1,reqIdx=3,hash=f0ebed08...
info|2019-11-12 01:25:42.043188|[g:1][CONSENSUS][PBFT]checkTimeout Succ,view=22351,toView=22352,nodeIdx=1,changeCycle=0,myNode=2dce86f9...,timecost=0.406
info|2019-11-12 01:25:42.044471|[g:1][CONSENSUS][PBFT]checkAndChangeView: Reach consensus,org_view=22351,org_changeCycle=0,cur_changeCycle=0,to_view=22352
info|2019-11-12 01:25:43.046947|[g:1][CONSENSUS]addRawPrepare,height=1,reqIdx=0,hash=2f5b3d2b...
info|2019-11-12 01:25:43.047794|[g:1][CONSENSUS][PBFT]checkTimeout Succ,view=22352,toView=22353,nodeIdx=1,changeCycle=0,myNode=2dce86f9...,timecost=0.688
info|2019-11-12 01:25:43.049274|[g:1][CONSENSUS][PBFT]checkAndChangeView: Reach consensus,org_view=22352,org_changeCycle=0,cur_changeCycle=0,to_view=22353
info|2019-11-12 01:25:44.049585|[g:1][CONSENSUS][SEALER]++++++++++++++++ Generating seal on,blkNum=1,tx=0,nodeIdx=1,hash=5df19a8e...
info|2019-11-12 01:25:44.052906|[g:1][CONSENSUS][PBFT]checkTimeout Succ,view=22353,toView=22354,nodeIdx=1,changeCycle=0,myNode=2dce86f9...,timecost=0.555
info|2019-11-12 01:25:44.053667|[g:1][CONSENSUS][PBFT]checkAndChangeView: Reach consensus,org_view=22353,org_changeCycle=0,cur_changeCycle=0,to_view=22354
info|2019-11-12 01:25:45.055262|[g:1][CONSENSUS]addRawPrepare,height=1,reqIdx=2,hash=38ce0728...
info|2019-11-12 01:25:45.055984|[g:1][CONSENSUS][PBFT]checkTimeout Succ,view=22354,toView=22355,nodeIdx=1,changeCycle=0,myNode=2dce86f9...,timecost=0.549
info|2019-11-12 01:25:45.057233|[g:1][CONSENSUS][PBFT]checkAndChangeView: Reach consensus,org_view=22354,org_changeCycle=0,cur_changeCycle=0,to_view=22355
info|2019-11-12 01:25:46.059255|[g:1][CONSENSUS]addRawPrepare,height=1,reqIdx=3,hash=f856e177...
info|2019-11-12 01:25:46.059823|[g:1][CONSENSUS][PBFT]checkTimeout Succ,view=22355,toView=22356,nodeIdx=1,changeCycle=0,myNode=2dce86f9...,timecost=0.446
info|2019-11-12 01:25:46.061148|[g:1][CONSENSUS][PBFT]checkAndChangeView: Reach consensus,org_view=22355,org_changeCycle=0,cur_changeCycle=0,to_view=22356
info|2019-11-12 01:25:47.063573|[g:1][CONSENSUS]addRawPrepare,height=1,reqIdx=0,hash=065dc08e...
info|2019-11-12 01:25:47.064164|[g:1][CONSENSUS][PBFT]checkTimeout Succ,view=22356,toView=22357,nodeIdx=1,changeCycle=0,myNode=2dce86f9...,timecost=0.464
info|2019-11-12 01:25:47.065723|[g:1][CONSENSUS][PBFT]checkAndChangeView: Reach consensus,org_view=22356,org_changeCycle=0,cur_changeCycle=0,to_view=22357
info|2019-11-12 01:25:48.066362|[g:1][CONSENSUS][SEALER]++++++++++++++++ Generating seal on,blkNum=1,tx=0,nodeIdx=1,hash=5480dc06...
info|2019-11-12 01:25:48.067298|[g:1][CONSENSUS][PBFT]checkTimeout Succ,view=22357,toView=22358,nodeIdx=1,changeCycle=0,myNode=2dce86f9...,timecost=0.467
info|2019-11-12 01:25:48.069908|[g:1][CONSENSUS][PBFT]checkAndChangeView: Reach consensus,org_view=22357,org_changeCycle=0,cur_changeCycle=0,to_view=22358
info|2019-11-12 01:25:49.070760|[g:1][CONSENSUS]addRawPrepare,height=1,reqIdx=2,hash=25ce3563...
info|2019-11-12 01:25:49.071577|[g:1][CONSENSUS][PBFT]checkTimeout Succ,view=22358,toView=22359,nodeIdx=1,changeCycle=0,myNode=2dce86f9...,timecost=0.657
info|2019-11-12 01:25:49.073171|[g:1][CONSENSUS][PBFT]checkAndChangeView: Reach consensus,org_view=22358,org_changeCycle=0,cur_changeCycle=0,to_view=22359
info|2019-11-12 01:25:50.075795|[g:1][CONSENSUS]addRawPrepare,height=1,reqIdx=3,hash=df836361...
info|2019-11-12 01:25:50.076542|[g:1][CONSENSUS][PBFT]checkTimeout Succ,view=22359,toView=22360,nodeIdx=1,changeCycle=0,myNode=2dce86f9...,timecost=0.599
info|2019-11-12 01:25:50.078037|[g:1][CONSENSUS][PBFT]checkAndChangeView: Reach consensus,org_view=22359,org_changeCycle=0,cur_changeCycle=0,to_view=22360
info|2019-11-12 01:25:51.078798|[g:1][CONSENSUS]addRawPrepare,height=1,reqIdx=0,hash=8b358798...
info|2019-11-12 01:25:51.079405|[g:1][CONSENSUS][PBFT]checkTimeout Succ,view=22360,toView=22361,nodeIdx=1,changeCycle=0,myNode=2dce86f9...,timecost=0.447
info|2019-11-12 01:25:51.080677|[g:1][CONSENSUS][PBFT]checkAndChangeView: Reach consensus,org_view=22360,org_changeCycle=0,cur_changeCycle=0,to_view=22361
info|2019-11-12 01:25:52.008611|[P2P][Service] heartBeat,connected count=3
info|2019-11-12 01:25:52.081036|[g:1][CONSENSUS][SEALER]++++++++++++++++ Generating seal on,blkNum=1,tx=0,nodeIdx=1,hash=d7ec5132...
info|2019-11-12 01:25:52.084611|[g:1][CONSENSUS][PBFT]checkTimeout Succ,view=22361,toView=22362,nodeIdx=1,changeCycle=0,myNode=2dce86f9...,timecost=0.496
info|2019-11-12 01:25:52.085458|[g:1][CONSENSUS][PBFT]checkAndChangeView: Reach consensus,org_view=22361,org_changeCycle=0,cur_changeCycle=0,to_view=22362
info|2019-11-12 01:25:53.086822|[g:1][CONSENSUS]addRawPrepare,height=1,reqIdx=2,hash=51b2d053...
info|2019-11-12 01:25:53.087461|[g:1][CONSENSUS][PBFT]checkTimeout Succ,view=22362,toView=22363,nodeIdx=1,changeCycle=0,myNode=2dce86f9...,timecost=0.476
info|2019-11-12 01:25:53.088750|[g:1][CONSENSUS][PBFT]checkAndChangeView: Reach consensus,org_view=22362,org_changeCycle=0,cur_changeCycle=0,to_view=22363
info|2019-11-12 01:25:54.090553|[g:1][CONSENSUS]addRawPrepare,height=1,reqIdx=3,hash=c119011a...
info|2019-11-12 01:25:54.091431|[g:1][CONSENSUS][PBFT]checkTimeout Succ,view=22363,toView=22364,nodeIdx=1,changeCycle=0,myNode=2dce86f9...,timecost=0.75
info|2019-11-12 01:25:54.092925|[g:1][CONSENSUS][PBFT]checkAndChangeView: Reach consensus,org_view=22363,org_changeCycle=0,cur_changeCycle=0,to_view=22364
info|2019-11-12 01:25:55.093530|[g:1][CONSENSUS]addRawPrepare,height=1,reqIdx=0,hash=4f4ed55b...
info|2019-11-12 01:25:55.094130|[g:1][CONSENSUS][PBFT]checkTimeout Succ,view=22364,toView=22365,nodeIdx=1,changeCycle=0,myNode=2dce86f9...,timecost=0.462
info|2019-11-12 01:25:55.095690|[g:1][CONSENSUS][PBFT]checkAndChangeView: Reach consensus,org_view=22364,org_changeCycle=0,cur_changeCycle=0,to_view=22365
info|2019-11-12 01:25:56.095708|[g:1][CONSENSUS][SEALER]++++++++++++++++ Generating seal on,blkNum=1,tx=0,nodeIdx=1,hash=a833a224...
info|2019-11-12 01:25:56.098414|[g:1][CONSENSUS][PBFT]checkTimeout Succ,view=22365,toView=22366,nodeIdx=1,changeCycle=0,myNode=2dce86f9...,timecost=0.413
info|2019-11-12 01:25:56.099952|[g:1][CONSENSUS][PBFT]checkAndChangeView: Reach consensus,org_view=22365,org_changeCycle=0,cur_changeCycle=0,to_view=22366
info|2019-11-12 01:25:57.101266|[g:1][CONSENSUS]addRawPrepare,height=1,reqIdx=2,hash=1900c2ca...
info|2019-11-12 01:25:57.102196|[g:1][CONSENSUS][PBFT]checkTimeout Succ,view=22366,toView=22367,nodeIdx=1,changeCycle=0,myNode=2dce86f9...,timecost=0.799
info|2019-11-12 01:25:57.103561|[g:1][CONSENSUS][PBFT]checkAndChangeView: Reach consensus,org_view=22366,org_changeCycle=0,cur_changeCycle=0,to_view=22367
info|2019-11-12 01:25:58.105910|[g:1][CONSENSUS]addRawPrepare,height=1,reqIdx=3,hash=4b7e612e...
info|2019-11-12 01:25:58.106446|[g:1][CONSENSUS][PBFT]checkTimeout Succ,view=22367,toView=22368,nodeIdx=1,changeCycle=0,myNode=2dce86f9...,timecost=0.415
info|2019-11-12 01:25:58.108151|[g:1][CONSENSUS][PBFT]checkAndChangeView: Reach consensus,org_view=22367,org_changeCycle=0,cur_changeCycle=0,to_view=22368
info|2019-11-12 01:25:59.108902|[g:1][CONSENSUS]addRawPrepare,height=1,reqIdx=0,hash=a6638638...
info|2019-11-12 01:25:59.109549|[g:1][CONSENSUS][PBFT]checkTimeout Succ,view=22368,toView=22369,nodeIdx=1,changeCycle=0,myNode=2dce86f9...,timecost=0.49
info|2019-11-12 01:25:59.111178|[g:1][CONSENSUS][PBFT]checkAndChangeView: Reach consensus,org_view=22368,org_changeCycle=0,cur_changeCycle=0,to_view=22369
info|2019-11-12 01:26:00.111375|[g:1][CONSENSUS][SEALER]++++++++++++++++ Generating seal on,blkNum=1,tx=0,nodeIdx=1,hash=d08e9b13...
info|2019-11-12 01:26:00.112370|[g:1][CONSENSUS][PBFT]checkTimeout Succ,view=22369,toView=22370,nodeIdx=1,changeCycle=0,myNode=2dce86f9...,timecost=0.54
info|2019-11-12 01:26:00.115004|[g:1][CONSENSUS][PBFT]checkAndChangeView: Reach consensus,org_view=22369,org_changeCycle=0,cur_changeCycle=0,to_view=22370
info|2019-11-12 01:26:01.116059|[g:1][CONSENSUS]addRawPrepare,height=1,reqIdx=2,hash=6ccb6ee1...
info|2019-11-12 01:26:01.116729|[g:1][CONSENSUS][PBFT]checkTimeout Succ,view=22370,toView=22371,nodeIdx=1,changeCycle=0,myNode=2dce86f9...,timecost=0.498
info|2019-11-12 01:26:01.118453|[g:1][CONSENSUS][PBFT]checkAndChangeView: Reach consensus,org_view=22370,org_changeCycle=0,cur_changeCycle=0,to_view=22371
info|2019-11-12 01:26:02.015847|[P2P][Service] heartBeat,connected count=3
info|2019-11-12 01:26:02.119729|[g:1][CONSENSUS]addRawPrepare,height=1,reqIdx=3,hash=ebc288dd...
info|2019-11-12 01:26:02.120350|[g:1][CONSENSUS][PBFT]checkTimeout Succ,view=22371,toView=22372,nodeIdx=1,changeCycle=0,myNode=2dce86f9...,timecost=0.458
info|2019-11-12 01:26:02.121952|[g:1][CONSENSUS][PBFT]checkAndChangeView: Reach consensus,org_view=22371,org_changeCycle=0,cur_changeCycle=0,to_view=22372
info|2019-11-12 01:26:03.124180|[g:1][CONSENSUS]addRawPrepare,height=1,reqIdx=0,hash=5ab484a7...
info|2019-11-12 01:26:03.124866|[g:1][CONSENSUS][PBFT]checkTimeout Succ,view=22372,toView=22373,nodeIdx=1,changeCycle=0,myNode=2dce86f9...,timecost=0.522
info|2019-11-12 01:26:03.126645|[g:1][CONSENSUS][PBFT]checkAndChangeView: Reach consensus,org_view=22372,org_changeCycle=0,cur_changeCycle=0,to_view=22373
info|2019-11-12 01:26:04.127454|[g:1][CONSENSUS][SEALER]++++++++++++++++ Generating seal on,blkNum=1,tx=0,nodeIdx=1,hash=7c140d5b...
info|2019-11-12 01:26:04.128467|[g:1][CONSENSUS][PBFT]checkTimeout Succ,view=22373,toView=22374,nodeIdx=1,changeCycle=0,myNode=2dce86f9...,timecost=0.501
info|2019-11-12 01:26:04.131120|[g:1][CONSENSUS][PBFT]checkAndChangeView: Reach consensus,org_view=22373,org_changeCycle=0,cur_changeCycle=0,to_view=22374
info|2019-11-12 01:26:05.133082|[g:1][CONSENSUS]addRawPrepare,height=1,reqIdx=2,hash=226e95f2...
info|2019-11-12 01:26:05.133746|[g:1][CONSENSUS][PBFT]checkTimeout Succ,view=22374,toView=22375,nodeIdx=1,changeCycle=0,myNode=2dce86f9...,timecost=0.493
info|2019-11-12 01:26:05.135159|[g:1][CONSENSUS][PBFT]checkAndChangeView: Reach consensus,org_view=22374,org_changeCycle=0,cur_changeCycle=0,to_view=22375
info|2019-11-12 01:26:06.138010|[g:1][CONSENSUS]addRawPrepare,height=1,reqIdx=3,hash=9b67b8eb...
info|2019-11-12 01:26:06.138736|[g:1][CONSENSUS][PBFT]checkTimeout Succ,view=22375,toView=22376,nodeIdx=1,changeCycle=0,myNode=2dce86f9...,timecost=0.595
info|2019-11-12 01:26:06.140167|[g:1][CONSENSUS][PBFT]checkAndChangeView: Reach consensus,org_view=22375,org_changeCycle=0,cur_changeCycle=0,to_view=22376
info|2019-11-12 01:26:07.142820|[g:1][CONSENSUS]addRawPrepare,height=1,reqIdx=0,hash=e0f5a4d8...
info|2019-11-12 01:26:07.143529|[g:1][CONSENSUS][PBFT]checkTimeout Succ,view=22376,toView=22377,nodeIdx=1,changeCycle=0,myNode=2dce86f9...,timecost=0.588
info|2019-11-12 01:26:07.145003|[g:1][CONSENSUS][PBFT]checkAndChangeView: Reach consensus,org_view=22376,org_changeCycle=0,cur_changeCycle=0,to_view=22377
info|2019-11-12 01:26:08.146410|[g:1][CONSENSUS][SEALER]++++++++++++++++ Generating seal on,blkNum=1,tx=0,nodeIdx=1,hash=df1b6540...
info|2019-11-12 01:26:08.149715|[g:1][CONSENSUS][PBFT]checkTimeout Succ,view=22377,toView=22378,nodeIdx=1,changeCycle=0,myNode=2dce86f9...,timecost=0.508
info|2019-11-12 01:26:08.150527|[g:1][CONSENSUS][PBFT]checkAndChangeView: Reach consensus,org_view=22377,org_changeCycle=0,cur_changeCycle=0,to_view=22378
info|2019-11-12 01:26:09.152185|[g:1][CONSENSUS]addRawPrepare,height=1,reqIdx=2,hash=e17c1f18...
info|2019-11-12 01:26:09.152914|[g:1][CONSENSUS][PBFT]checkTimeout Succ,view=22378,toView=22379,nodeIdx=1,changeCycle=0,myNode=2dce86f9...,timecost=0.548
info|2019-11-12 01:26:09.154489|[g:1][CONSENSUS][PBFT]checkAndChangeView: Reach consensus,org_view=22378,org_changeCycle=0,cur_changeCycle=0,to_view=22379
info|2019-11-12 01:26:10.156302|[g:1][CONSENSUS]addRawPrepare,height=1,reqIdx=3,hash=9f855e04...
info|2019-11-12 01:26:10.156956|[g:1][CONSENSUS][PBFT]checkTimeout Succ,view=22379,toView=22380,nodeIdx=1,changeCycle=0,myNode=2dce86f9...,timecost=0.477
info|2019-11-12 01:26:10.158582|[g:1][CONSENSUS][PBFT]checkAndChangeView: Reach consensus,org_view=22379,org_changeCycle=0,cur_changeCycle=0,to_view=22380
info|2019-11-12 01:26:11.160757|[g:1][CONSENSUS]addRawPrepare,height=1,reqIdx=0,hash=2131f479...
info|2019-11-12 01:26:11.161343|[g:1][CONSENSUS][PBFT]checkTimeout Succ,view=22380,toView=22381,nodeIdx=1,changeCycle=0,myNode=2dce86f9...,timecost=0.461
info|2019-11-12 01:26:11.163371|[g:1][CONSENSUS][PBFT]checkAndChangeView: Reach consensus,org_view=22380,org_changeCycle=0,cur_changeCycle=0,to_view=22381
info|2019-11-12 01:26:12.023244|[P2P][Service] heartBeat,connected count=3
info|2019-11-12 01:26:12.164574|[g:1][CONSENSUS][SEALER]++++++++++++++++ Generating seal on,blkNum=1,tx=0,nodeIdx=1,hash=2c3607e9...
info|2019-11-12 01:26:12.165727|[g:1][CONSENSUS][PBFT]checkTimeout Succ,view=22381,toView=22382,nodeIdx=1,changeCycle=0,myNode=2dce86f9...,timecost=0.688
info|2019-11-12 01:26:12.168320|[g:1][CONSENSUS][PBFT]checkAndChangeView: Reach consensus,org_view=22381,org_changeCycle=0,cur_changeCycle=0,to_view=22382
info|2019-11-12 01:26:13.169700|[g:1][CONSENSUS]addRawPrepare,height=1,reqIdx=2,hash=626e164c...
info|2019-11-12 01:26:13.170289|[g:1][CONSENSUS][PBFT]checkTimeout Succ,view=22382,toView=22383,nodeIdx=1,changeCycle=0,myNode=2dce86f9...,timecost=0.429
info|2019-11-12 01:26:13.171829|[g:1][CONSENSUS][PBFT]checkAndChangeView: Reach consensus,org_view=22382,org_changeCycle=0,cur_changeCycle=0,to_view=22383
info|2019-11-12 01:26:14.172093|[g:1][CONSENSUS]addRawPrepare,height=1,reqIdx=3,hash=2a272029...
info|2019-11-12 01:26:14.172589|[g:1][CONSENSUS][PBFT]checkTimeout Succ,view=22383,toView=22384,nodeIdx=1,changeCycle=0,myNode=2dce86f9...,timecost=0.388
info|2019-11-12 01:26:14.173958|[g:1][CONSENSUS][PBFT]checkAndChangeView: Reach consensus,org_view=22383,org_changeCycle=0,cur_changeCycle=0,to_view=22384
info|2019-11-12 01:26:15.176421|[g:1][CONSENSUS]addRawPrepare,height=1,reqIdx=0,hash=0222b9a7...
info|2019-11-12 01:26:15.177175|[g:1][CONSENSUS][PBFT]checkTimeout Succ,view=22384,toView=22385,nodeIdx=1,changeCycle=0,myNode=2dce86f9...,timecost=0.547
info|2019-11-12 01:26:15.178611|[g:1][CONSENSUS][PBFT]checkAndChangeView: Reach consensus,org_view=22384,org_changeCycle=0,cur_changeCycle=0,to_view=22385
info|2019-11-12 01:26:16.178351|[g:1][CONSENSUS][SEALER]++++++++++++++++ Generating seal on,blkNum=1,tx=0,nodeIdx=1,hash=74099051...
info|2019-11-12 01:26:16.181035|[g:1][CONSENSUS][PBFT]checkTimeout Succ,view=22385,toView=22386,nodeIdx=1,changeCycle=0,myNode=2dce86f9...,timecost=0.47
info|2019-11-12 01:26:16.182533|[g:1][CONSENSUS][PBFT]checkAndChangeView: Reach consensus,org_view=22385,org_changeCycle=0,cur_changeCycle=0,to_view=22386
info|2019-11-12 01:26:17.184802|[g:1][CONSENSUS]addRawPrepare,height=1,reqIdx=2,hash=bdaff2aa...
info|2019-11-12 01:26:17.185960|[g:1][CONSENSUS][PBFT]checkTimeout Succ,view=22386,toView=22387,nodeIdx=1,changeCycle=0,myNode=2dce86f9...,timecost=1.038
info|2019-11-12 01:26:17.187143|[g:1][CONSENSUS][PBFT]checkAndChangeView: Reach consensus,org_view=22386,org_changeCycle=0,cur_changeCycle=0,to_view=22387
info|2019-11-12 01:26:18.190157|[g:1][CONSENSUS]addRawPrepare,height=1,reqIdx=3,hash=2ac67dab...
info|2019-11-12 01:26:18.190838|[g:1][CONSENSUS][PBFT]checkTimeout Succ,view=22387,toView=22388,nodeIdx=1,changeCycle=0,myNode=2dce86f9...,timecost=0.535
info|2019-11-12 01:26:18.192331|[g:1][CONSENSUS][PBFT]checkAndChangeView: Reach consensus,org_view=22387,org_changeCycle=0,cur_changeCycle=0,to_view=22388
info|2019-11-12 01:26:19.194513|[g:1][CONSENSUS]addRawPrepare,height=1,reqIdx=0,hash=c812196b...
info|2019-11-12 01:26:19.195375|[g:1][CONSENSUS][PBFT]checkTimeout Succ,view=22388,toView=22389,nodeIdx=1,changeCycle=0,myNode=2dce86f9...,timecost=0.731
info|2019-11-12 01:26:19.196868|[g:1][CONSENSUS][PBFT]checkAndChangeView: Reach consensus,org_view=22388,org_changeCycle=0,cur_changeCycle=0,to_view=22389
info|2019-11-12 01:26:20.197011|[g:1][CONSENSUS][SEALER]++++++++++++++++ Generating seal on,blkNum=1,tx=0,nodeIdx=1,hash=a92f9faa...
info|2019-11-12 01:26:20.197999|[g:1][CONSENSUS][PBFT]checkTimeout Succ,view=22389,toView=22390,nodeIdx=1,changeCycle=0,myNode=2dce86f9...,timecost=0.463
info|2019-11-12 01:26:20.200742|[g:1][CONSENSUS][PBFT]checkAndChangeView: Reach consensus,org_view=22389,org_changeCycle=0,cur_changeCycle=0,to_view=22390
info|2019-11-12 01:26:21.202660|[g:1][CONSENSUS]addRawPrepare,height=1,reqIdx=2,hash=1be1516d...
info|2019-11-12 01:26:21.203308|[g:1][CONSENSUS][PBFT]checkTimeout Succ,view=22390,toView=22391,nodeIdx=1,changeCycle=0,myNode=2dce86f9...,timecost=0.499
info|2019-11-12 01:26:21.204751|[g:1][CONSENSUS][PBFT]checkAndChangeView: Reach consensus,org_view=22390,org_changeCycle=0,cur_changeCycle=0,to_view=22391
info|2019-11-12 01:26:22.030892|[P2P][Service] heartBeat,connected count=3
info|2019-11-12 01:26:22.206765|[g:1][CONSENSUS]addRawPrepare,height=1,reqIdx=3,hash=7a11b1a6...
info|2019-11-12 01:26:22.207884|[g:1][CONSENSUS][PBFT]checkTimeout Succ,view=22391,toView=22392,nodeIdx=1,changeCycle=0,myNode=2dce86f9...,timecost=1.04
info|2019-11-12 01:26:22.209647|[g:1][CONSENSUS][PBFT]checkAndChangeView: Reach consensus,org_view=22391,org_changeCycle=0,cur_changeCycle=0,to_view=22392
info|2019-11-12 01:26:23.210999|[g:1][CONSENSUS]addRawPrepare,height=1,reqIdx=0,hash=cc95767c...
info|2019-11-12 01:26:23.211599|[g:1][CONSENSUS][PBFT]checkTimeout Succ,view=22392,toView=22393,nodeIdx=1,changeCycle=0,myNode=2dce86f9...,timecost=0.461
info|2019-11-12 01:26:23.213069|[g:1][CONSENSUS][PBFT]checkAndChangeView: Reach consensus,org_view=22392,org_changeCycle=0,cur_changeCycle=0,to_view=22393
info|2019-11-12 01:26:24.213811|[g:1][CONSENSUS][SEALER]++++++++++++++++ Generating seal on,blkNum=1,tx=0,nodeIdx=1,hash=2256e841...
info|2019-11-12 01:26:24.217174|[g:1][CONSENSUS][PBFT]checkTimeout Succ,view=22393,toView=22394,nodeIdx=1,changeCycle=0,myNode=2dce86f9...,timecost=0.592
info|2019-11-12 01:26:24.218011|[g:1][CONSENSUS][PBFT]checkAndChangeView: Reach consensus,org_view=22393,org_changeCycle=0,cur_changeCycle=0,to_view=22394
info|2019-11-12 01:26:25.219295|[g:1][CONSENSUS]addRawPrepare,height=1,reqIdx=2,hash=0f9feda5...
info|2019-11-12 01:26:25.220085|[g:1][CONSENSUS][PBFT]checkTimeout Succ,view=22394,toView=22395,nodeIdx=1,changeCycle=0,myNode=2dce86f9...,timecost=0.616
info|2019-11-12 01:26:25.221593|[g:1][CONSENSUS][PBFT]checkAndChangeView: Reach consensus,org_view=22394,org_changeCycle=0,cur_changeCycle=0,to_view=22395
info|2019-11-12 01:26:26.222735|[g:1][CONSENSUS]addRawPrepare,height=1,reqIdx=3,hash=8b0bf00e...
info|2019-11-12 01:26:26.223395|[g:1][CONSENSUS][PBFT]checkTimeout Succ,view=22395,toView=22396,nodeIdx=1,changeCycle=0,myNode=2dce86f9...,timecost=0.495
info|2019-11-12 01:26:26.224788|[g:1][CONSENSUS][PBFT]checkAndChangeView: Reach consensus,org_view=22395,org_changeCycle=0,cur_changeCycle=0,to_view=22396
info|2019-11-12 01:26:27.226503|[g:1][CONSENSUS]addRawPrepare,height=1,reqIdx=0,hash=37a62bc4...
info|2019-11-12 01:26:27.227671|[g:1][CONSENSUS][PBFT]checkTimeout Succ,view=22396,toView=22397,nodeIdx=1,changeCycle=0,myNode=2dce86f9...,timecost=1.047
info|2019-11-12 01:26:27.229207|[g:1][CONSENSUS][PBFT]checkAndChangeView: Reach consensus,org_view=22396,org_changeCycle=0,cur_changeCycle=0,to_view=22397
info|2019-11-12 01:26:28.230312|[g:1][CONSENSUS][SEALER]++++++++++++++++ Generating seal on,blkNum=1,tx=0,nodeIdx=1,hash=e0cc4e87...
info|2019-11-12 01:26:28.233018|[g:1][CONSENSUS][PBFT]checkTimeout Succ,view=22397,toView=22398,nodeIdx=1,changeCycle=0,myNode=2dce86f9...,timecost=0.432
info|2019-11-12 01:26:28.234493|[g:1][CONSENSUS][PBFT]checkAndChangeView: Reach consensus,org_view=22397,org_changeCycle=0,cur_changeCycle=0,to_view=22398
info|2019-11-12 01:26:29.235038|[g:1][CONSENSUS]addRawPrepare,height=1,reqIdx=2,hash=eeac191e...
info|2019-11-12 01:26:29.235637|[g:1][CONSENSUS][PBFT]checkTimeout Succ,view=22398,toView=22399,nodeIdx=1,changeCycle=0,myNode=2dce86f9...,timecost=0.473
info|2019-11-12 01:26:29.237116|[g:1][CONSENSUS][PBFT]checkAndChangeView: Reach consensus,org_view=22398,org_changeCycle=0,cur_changeCycle=0,to_view=22399
info|2019-11-12 01:26:30.239473|[g:1][CONSENSUS]addRawPrepare,height=1,reqIdx=3,hash=77e6914b...
info|2019-11-12 01:26:30.240110|[g:1][CONSENSUS][PBFT]checkTimeout Succ,view=22399,toView=22400,nodeIdx=1,changeCycle=0,myNode=2dce86f9...,timecost=0.488
info|2019-11-12 01:26:30.241581|[g:1][CONSENSUS][PBFT]checkAndChangeView: Reach consensus,org_view=22399,org_changeCycle=0,cur_changeCycle=0,to_view=22400
info|2019-11-12 01:26:31.243784|[g:1][CONSENSUS]addRawPrepare,height=1,reqIdx=0,hash=830f7993...
info|2019-11-12 01:26:31.244560|[g:1][CONSENSUS][PBFT]checkTimeout Succ,view=22400,toView=22401,nodeIdx=1,changeCycle=0,myNode=2dce86f9...,timecost=0.601
info|2019-11-12 01:26:31.246102|[g:1][CONSENSUS][PBFT]checkAndChangeView: Reach consensus,org_view=22400,org_changeCycle=0,cur_changeCycle=0,to_view=22401
info|2019-11-12 01:26:32.036002|[P2P][Service] heartBeat,connected count=3
info|2019-11-12 01:26:32.246565|[g:1][CONSENSUS][SEALER]++++++++++++++++ Generating seal on,blkNum=1,tx=0,nodeIdx=1,hash=9d273955...
info|2019-11-12 01:26:32.247855|[g:1][CONSENSUS][PBFT]checkTimeout Succ,view=22401,toView=22402,nodeIdx=1,changeCycle=0,myNode=2dce86f9...,timecost=0.81
info|2019-11-12 01:26:32.250622|[g:1][CONSENSUS][PBFT]checkAndChangeView: Reach consensus,org_view=22401,org_changeCycle=0,cur_changeCycle=0,to_view=22402
info|2019-11-12 01:26:33.251689|[g:1][CONSENSUS]addRawPrepare,height=1,reqIdx=2,hash=5684778d...
info|2019-11-12 01:26:33.252250|[g:1][CONSENSUS][PBFT]checkTimeout Succ,view=22402,toView=22403,nodeIdx=1,changeCycle=0,myNode=2dce86f9...,timecost=0.426
info|2019-11-12 01:26:33.253657|[g:1][CONSENSUS][PBFT]checkAndChangeView: Reach consensus,org_view=22402,org_changeCycle=0,cur_changeCycle=0,to_view=22403
info|2019-11-12 01:26:34.254788|[g:1][CONSENSUS]addRawPrepare,height=1,reqIdx=3,hash=e4949e43...
info|2019-11-12 01:26:34.255432|[g:1][CONSENSUS][PBFT]checkTimeout Succ,view=22403,toView=22404,nodeIdx=1,changeCycle=0,myNode=2dce86f9...,timecost=0.459
info|2019-11-12 01:26:34.257147|[g:1][CONSENSUS][PBFT]checkAndChangeView: Reach consensus,org_view=22403,org_changeCycle=0,cur_changeCycle=0,to_view=22404
info|2019-11-12 01:26:35.259548|[g:1][CONSENSUS]addRawPrepare,height=1,reqIdx=0,hash=d020e4b6...
info|2019-11-12 01:26:35.260163|[g:1][CONSENSUS][PBFT]checkTimeout Succ,view=22404,toView=22405,nodeIdx=1,changeCycle=0,myNode=2dce86f9...,timecost=0.482
info|2019-11-12 01:26:35.261591|[g:1][CONSENSUS][PBFT]checkAndChangeView: Reach consensus,org_view=22404,org_changeCycle=0,cur_changeCycle=0,to_view=22405
info|2019-11-12 01:26:36.261538|[g:1][CONSENSUS][SEALER]++++++++++++++++ Generating seal on,blkNum=1,tx=0,nodeIdx=1,hash=eddf557a...
info|2019-11-12 01:26:36.262625|[g:1][CONSENSUS][PBFT]checkTimeout Succ,view=22405,toView=22406,nodeIdx=1,changeCycle=0,myNode=2dce86f9...,timecost=0.596
info|2019-11-12 01:26:36.265482|[g:1][CONSENSUS][PBFT]checkAndChangeView: Reach consensus,org_view=22405,org_changeCycle=0,cur_changeCycle=0,to_view=22406
info|2019-11-12 01:26:37.267217|[g:1][CONSENSUS]addRawPrepare,height=1,reqIdx=2,hash=899f2df6...
info|2019-11-12 01:26:37.268618|[g:1][CONSENSUS][PBFT]checkTimeout Succ,view=22406,toView=22407,nodeIdx=1,changeCycle=0,myNode=2dce86f9...,timecost=1.26
info|2019-11-12 01:26:37.269946|[g:1][CONSENSUS][PBFT]checkAndChangeView: Reach consensus,org_view=22406,org_changeCycle=0,cur_changeCycle=0,to_view=22407
info|2019-11-12 01:26:38.271242|[g:1][CONSENSUS]addRawPrepare,height=1,reqIdx=3,hash=9b315641...
info|2019-11-12 01:26:38.271889|[g:1][CONSENSUS][PBFT]checkTimeout Succ,view=22407,toView=22408,nodeIdx=1,changeCycle=0,myNode=2dce86f9...,timecost=0.492
info|2019-11-12 01:26:38.273212|[g:1][CONSENSUS][PBFT]checkAndChangeView: Reach consensus,org_view=22407,org_changeCycle=0,cur_changeCycle=0,to_view=22408
info|2019-11-12 01:26:39.275147|[g:1][CONSENSUS]addRawPrepare,height=1,reqIdx=0,hash=fd74c2e6...
info|2019-11-12 01:26:39.275897|[g:1][CONSENSUS][PBFT]checkTimeout Succ,view=22408,toView=22409,nodeIdx=1,changeCycle=0,myNode=2dce86f9...,timecost=0.613
info|2019-11-12 01:26:39.277438|[g:1][CONSENSUS][PBFT]checkAndChangeView: Reach consensus,org_view=22408,org_changeCycle=0,cur_changeCycle=0,to_view=22409
info|2019-11-12 01:26:40.277542|[g:1][CONSENSUS][SEALER]++++++++++++++++ Generating seal on,blkNum=1,tx=0,nodeIdx=1,hash=e9121098...
info|2019-11-12 01:26:40.280939|[g:1][CONSENSUS][PBFT]checkTimeout Succ,view=22409,toView=22410,nodeIdx=1,changeCycle=0,myNode=2dce86f9...,timecost=0.553
info|2019-11-12 01:26:40.281743|[g:1][CONSENSUS][PBFT]checkAndChangeView: Reach consensus,org_view=22409,org_changeCycle=0,cur_changeCycle=0,to_view=22410
info|2019-11-12 01:26:41.282928|[g:1][CONSENSUS]addRawPrepare,height=1,reqIdx=2,hash=1b48bcd4...
info|2019-11-12 01:26:41.283697|[g:1][CONSENSUS][PBFT]checkTimeout Succ,view=22410,toView=22411,nodeIdx=1,changeCycle=0,myNode=2dce86f9...,timecost=0.558
info|2019-11-12 01:26:41.285207|[g:1][CONSENSUS][PBFT]checkAndChangeView: Reach consensus,org_view=22410,org_changeCycle=0,cur_changeCycle=0,to_view=22411
info|2019-11-12 01:26:42.039902|[P2P][Service] heartBeat,connected count=3
info|2019-11-12 01:26:42.287438|[g:1][CONSENSUS]addRawPrepare,height=1,reqIdx=3,hash=1622797d...
info|2019-11-12 01:26:42.288839|[g:1][CONSENSUS][PBFT]checkTimeout Succ,view=22411,toView=22412,nodeIdx=1,changeCycle=0,myNode=2dce86f9...,timecost=1.232
info|2019-11-12 01:26:42.290371|[g:1][CONSENSUS][PBFT]checkAndChangeView: Reach consensus,org_view=22411,org_changeCycle=0,cur_changeCycle=0,to_view=22412
info|2019-11-12 01:26:43.292186|[g:1][CONSENSUS]addRawPrepare,height=1,reqIdx=0,hash=5d4005f7...
info|2019-11-12 01:26:43.292792|[g:1][CONSENSUS][PBFT]checkTimeout Succ,view=22412,toView=22413,nodeIdx=1,changeCycle=0,myNode=2dce86f9...,timecost=0.47
info|2019-11-12 01:26:43.294257|[g:1][CONSENSUS][PBFT]checkAndChangeView: Reach consensus,org_view=22412,org_changeCycle=0,cur_changeCycle=0,to_view=22413
info|2019-11-12 01:26:44.295090|[g:1][CONSENSUS][SEALER]++++++++++++++++ Generating seal on,blkNum=1,tx=0,nodeIdx=1,hash=60c38102...
info|2019-11-12 01:26:44.297760|[g:1][CONSENSUS][PBFT]checkTimeout Succ,view=22413,toView=22414,nodeIdx=1,changeCycle=0,myNode=2dce86f9...,timecost=0.397
info|2019-11-12 01:26:44.299166|[g:1][CONSENSUS][PBFT]checkAndChangeView: Reach consensus,org_view=22413,org_changeCycle=0,cur_changeCycle=0,to_view=22414
