info|2019-12-13 14:00:00.468645|[g:1][CONSENSUS]addRawPrepare,height=158,reqIdx=2,hash=7f85e76e...
info|2019-12-13 14:00:00.469305|[g:1][CONSENSUS][PBFT]checkTimeout Succ,view=37,toView=38,nodeIdx=1,changeCycle=0,myNode=2dce86f9...,timecost=0.489
info|2019-12-13 14:00:00.471083|[g:1][CONSENSUS][PBFT]checkAndChangeView: Reach consensus,org_view=37,org_changeCycle=0,cur_changeCycle=0,to_view=38
info|2019-12-13 14:00:01.133768|[P2P][Service] heartBeat,connected count=3
info|2019-12-13 14:00:01.472881|[g:1][CONSENSUS]addRawPrepare,height=158,reqIdx=3,hash=ac42432c...
info|2019-12-13 14:00:01.473355|[g:1][CONSENSUS][PBFT]checkTimeout Succ,view=38,toView=39,nodeIdx=1,changeCycle=0,myNode=2dce86f9...,timecost=0.355
info|2019-12-13 14:00:01.474394|[g:1][CONSENSUS][PBFT]checkAndChangeView: Reach consensus,org_view=38,org_changeCycle=0,cur_changeCycle=0,to_view=39
info|2019-12-13 14:00:02.476418|[g:1][CONSENSUS]addRawPrepare,height=158,reqIdx=0,hash=af7c2fa9...
info|2019-12-13 14:00:02.477622|[g:1][CONSENSUS][PBFT]checkTimeout Succ,view=39,toView=40,nodeIdx=1,changeCycle=0,myNode=2dce86f9...,timecost=0.988
info|2019-12-13 14:00:02.479194|[g:1][CONSENSUS][PBFT]checkAndChangeView: Reach consensus,org_view=39,org_changeCycle=0,cur_changeCycle=0,to_view=40
info|2019-12-13 14:00:03.479718|[g:1][CONSENSUS][SEALER]++++++++++++++++ Generating seal on,blkNum=158,tx=0,nodeIdx=1,hash=d737662e...
info|2019-12-13 14:00:03.482183|[g:1][CONSENSUS][PBFT]checkTimeout Succ,view=40,toView=41,nodeIdx=1,changeCycle=0,myNode=2dce86f9...,timecost=1.859
info|2019-12-13 14:00:03.487061|[g:1][CONSENSUS][PBFT]checkAndChangeView: Reach consensus,org_view=40,org_changeCycle=0,cur_changeCycle=0,to_view=41
info|2019-12-13 14:00:04.488183|[g:1][CONSENSUS]addRawPrepare,height=158,reqIdx=2,hash=bae8f240...
info|2019-12-13 14:00:04.488797|[g:1][CONSENSUS][PBFT]checkTimeout Succ,view=41,toView=42,nodeIdx=1,changeCycle=0,myNode=2dce86f9...,timecost=0.468
info|2019-12-13 14:00:04.490487|[g:1][CONSENSUS][PBFT]checkAndChangeView: Reach consensus,org_view=41,org_changeCycle=0,cur_changeCycle=0,to_view=42
info|2019-12-13 14:00:05.492469|[g:1][CONSENSUS]addRawPrepare,height=158,reqIdx=3,hash=22f1d703...
info|2019-12-13 14:00:05.493040|[g:1][CONSENSUS][PBFT]checkTimeout Succ,view=42,toView=43,nodeIdx=1,changeCycle=0,myNode=2dce86f9...,timecost=0.477
info|2019-12-13 14:00:05.494146|[g:1][CONSENSUS][PBFT]checkAndChangeView: Reach consensus,org_view=42,org_changeCycle=0,cur_changeCycle=0,to_view=43
info|2019-12-13 14:00:06.496192|[g:1][CONSENSUS]addRawPrepare,height=158,reqIdx=0,hash=6299aa9c...
info|2019-12-13 14:00:06.496864|[g:1][CONSENSUS][PBFT]checkTimeout Succ,view=43,toView=44,nodeIdx=1,changeCycle=0,myNode=2dce86f9...,timecost=0.546
info|2019-12-13 14:00:06.498516|[g:1][CONSENSUS][PBFT]checkAndChangeView: Reach consensus,org_view=43,org_changeCycle=0,cur_changeCycle=0,to_view=44
info|2019-12-13 14:00:07.499210|[g:1][CONSENSUS][SEALER]++++++++++++++++ Generating seal on,blkNum=158,tx=0,nodeIdx=1,hash=251ae396...
info|2019-12-13 14:00:07.500197|[g:1][CONSENSUS][PBFT]checkTimeout Succ,view=44,toView=45,nodeIdx=1,changeCycle=0,myNode=2dce86f9...,timecost=0.469
info|2019-12-13 14:00:07.503205|[g:1][CONSENSUS][PBFT]checkAndChangeView: Reach consensus,org_view=44,org_changeCycle=0,cur_changeCycle=0,to_view=45
info|2019-12-13 14:00:08.505516|[g:1][CONSENSUS]addRawPrepare,height=158,reqIdx=2,hash=0c5902ae...
info|2019-12-13 14:00:08.506151|[g:1][CONSENSUS][PBFT]checkTimeout Succ,view=45,toView=46,nodeIdx=1,changeCycle=0,myNode=2dce86f9...,timecost=0.466
info|2019-12-13 14:00:08.507623|[g:1][CONSENSUS][PBFT]checkAndChangeView: Reach consensus,org_view=45,org_changeCycle=0,cur_changeCycle=0,to_view=46
info|2019-12-13 14:00:09.509879|[g:1][CONSENSUS]addRawPrepare,height=158,reqIdx=3,hash=b6bd6923...
info|2019-12-13 14:00:09.510655|[g:1][CONSENSUS][PBFT]checkTimeout Succ,view=46,toView=47,nodeIdx=1,changeCycle=0,myNode=2dce86f9...,timecost=0.593
info|2019-12-13 14:00:09.512074|[g:1][CONSENSUS][PBFT]checkAndChangeView: Reach consensus,org_view=46,org_changeCycle=0,cur_changeCycle=0,to_view=47
info|2019-12-13 14:00:10.513100|[g:1][CONSENSUS]addRawPrepare,height=158,reqIdx=0,hash=f579b966...
info|2019-12-13 14:00:10.513785|[g:1][CONSENSUS][PBFT]checkTimeout Succ,view=47,toView=48,nodeIdx=1,changeCycle=0,myNode=2dce86f9...,timecost=0.52
info|2019-12-13 14:00:10.515009|[g:1][CONSENSUS][PBFT]checkAndChangeView: Reach consensus,org_view=47,org_changeCycle=0,cur_changeCycle=0,to_view=48
info|2019-12-13 14:00:11.141153|[P2P][Service] heartBeat,connected count=3
info|2019-12-13 14:00:11.516529|[g:1][CONSENSUS][SEALER]++++++++++++++++ Generating seal on,blkNum=158,tx=0,nodeIdx=1,hash=4f036297...
info|2019-12-13 14:00:11.517499|[g:1][CONSENSUS][PBFT]checkTimeout Succ,view=48,toView=49,nodeIdx=1,changeCycle=0,myNode=2dce86f9...,timecost=0.49
info|2019-12-13 14:00:11.520199|[g:1][CONSENSUS][PBFT]checkAndChangeView: Reach consensus,org_view=48,org_changeCycle=0,cur_changeCycle=0,to_view=49
info|2019-12-13 14:00:12.522424|[g:1][CONSENSUS]addRawPrepare,height=158,reqIdx=2,hash=1fe0c737...
info|2019-12-13 14:00:12.523348|[g:1][CONSENSUS][PBFT]checkTimeout Succ,view=49,toView=50,nodeIdx=1,changeCycle=0,myNode=2dce86f9...,timecost=0.856
info|2019-12-13 14:00:12.525190|[g:1][CONSENSUS][PBFT]checkAndChangeView: Reach consensus,org_view=49,org_changeCycle=0,cur_changeCycle=0,to_view=50
info|2019-12-13 14:00:13.526838|[g:1][CONSENSUS]addRawPrepare,height=158,reqIdx=3,hash=41cc9de4...
info|2019-12-13 14:00:13.527388|[g:1][CONSENSUS][PBFT]checkTimeout Succ,view=50,toView=51,nodeIdx=1,changeCycle=0,myNode=2dce86f9...,timecost=0.434
info|2019-12-13 14:00:13.528775|[g:1][CONSENSUS][PBFT]checkAndChangeView: Reach consensus,org_view=50,org_changeCycle=0,cur_changeCycle=0,to_view=51
info|2019-12-13 14:00:14.529867|[g:1][CONSENSUS]addRawPrepare,height=158,reqIdx=0,hash=9a59d30c...
info|2019-12-13 14:00:14.530435|[g:1][CONSENSUS][PBFT]checkTimeout Succ,view=51,toView=52,nodeIdx=1,changeCycle=0,myNode=2dce86f9...,timecost=0.445
info|2019-12-13 14:00:14.531731|[g:1][CONSENSUS][PBFT]checkAndChangeView: Reach consensus,org_view=51,org_changeCycle=0,cur_changeCycle=0,to_view=52
info|2019-12-13 14:00:15.532010|[g:1][CONSENSUS][SEALER]++++++++++++++++ Generating seal on,blkNum=158,tx=0,nodeIdx=1,hash=de6d9228...
info|2019-12-13 14:00:15.532934|[g:1][CONSENSUS][PBFT]checkTimeout Succ,view=52,toView=53,nodeIdx=1,changeCycle=0,myNode=2dce86f9...,timecost=0.433
info|2019-12-13 14:00:15.535385|[g:1][CONSENSUS][PBFT]checkAndChangeView: Reach consensus,org_view=52,org_changeCycle=0,cur_changeCycle=0,to_view=53
info|2019-12-13 14:00:16.536758|[g:1][CONSENSUS]addRawPrepare,height=158,reqIdx=2,hash=bab0f8ac...
info|2019-12-13 14:00:16.537369|[g:1][CONSENSUS][PBFT]checkTimeout Succ,view=53,toView=54,nodeIdx=1,changeCycle=0,myNode=2dce86f9...,timecost=0.484
info|2019-12-13 14:00:16.538879|[g:1][CONSENSUS][PBFT]checkAndChangeView: Reach consensus,org_view=53,org_changeCycle=0,cur_changeCycle=0,to_view=54
info|2019-12-13 14:00:17.540164|[g:1][CONSENSUS]addRawPrepare,height=158,reqIdx=3,hash=c4a1eba3...
info|2019-12-13 14:00:17.541374|[g:1][CONSENSUS][PBFT]checkTimeout Succ,view=54,toView=55,nodeIdx=1,changeCycle=0,myNode=2dce86f9...,timecost=1.056
info|2019-12-13 14:00:17.542971|[g:1][CONSENSUS][PBFT]checkAndChangeView: Reach consensus,org_view=54,org_changeCycle=0,cur_changeCycle=0,to_view=55
info|2019-12-13 14:00:18.545389|[g:1][CONSENSUS]addRawPrepare,height=158,reqIdx=0,hash=dec1663b...
info|2019-12-13 14:00:18.546018|[g:1][CONSENSUS][PBFT]checkTimeout Succ,view=55,toView=56,nodeIdx=1,changeCycle=0,myNode=2dce86f9...,timecost=0.486
info|2019-12-13 14:00:18.547419|[g:1][CONSENSUS][PBFT]checkAndChangeView: Reach consensus,org_view=55,org_changeCycle=0,cur_changeCycle=0,to_view=56
info|2019-12-13 14:00:19.548426|[g:1][CONSENSUS][SEALER]++++++++++++++++ Generating seal on,blkNum=158,tx=0,nodeIdx=1,hash=437cdca9...
info|2019-12-13 14:00:19.551650|[g:1][CONSENSUS][PBFT]checkTimeout Succ,view=56,toView=57,nodeIdx=1,changeCycle=0,myNode=2dce86f9...,timecost=0.431
info|2019-12-13 14:00:19.552338|[g:1][CONSENSUS][PBFT]checkAndChangeView: Reach consensus,org_view=56,org_changeCycle=0,cur_changeCycle=0,to_view=57
info|2019-12-13 14:00:20.553832|[g:1][CONSENSUS]addRawPrepare,height=158,reqIdx=2,hash=73ad0866...
info|2019-12-13 14:00:20.554406|[g:1][CONSENSUS][PBFT]checkTimeout Succ,view=57,toView=58,nodeIdx=1,changeCycle=0,myNode=2dce86f9...,timecost=0.456
info|2019-12-13 14:00:20.555574|[g:1][CONSENSUS][PBFT]checkAndChangeView: Reach consensus,org_view=57,org_changeCycle=0,cur_changeCycle=0,to_view=58
info|2019-12-13 14:00:21.146015|[P2P][Service] heartBeat,connected count=3
info|2019-12-13 14:00:21.556859|[g:1][CONSENSUS]addRawPrepare,height=158,reqIdx=3,hash=4d5fdac7...
info|2019-12-13 14:00:21.557562|[g:1][CONSENSUS][PBFT]checkTimeout Succ,view=58,toView=59,nodeIdx=1,changeCycle=0,myNode=2dce86f9...,timecost=0.576
info|2019-12-13 14:00:21.558887|[g:1][CONSENSUS][PBFT]checkAndChangeView: Reach consensus,org_view=58,org_changeCycle=0,cur_changeCycle=0,to_view=59
info|2019-12-13 14:00:22.559829|[g:1][CONSENSUS]addRawPrepare,height=158,reqIdx=0,hash=d964989a...
info|2019-12-13 14:00:22.560525|[g:1][CONSENSUS][PBFT]checkTimeout Succ,view=59,toView=60,nodeIdx=1,changeCycle=0,myNode=2dce86f9...,timecost=0.508
info|2019-12-13 14:00:22.561888|[g:1][CONSENSUS][PBFT]checkAndChangeView: Reach consensus,org_view=59,org_changeCycle=0,cur_changeCycle=0,to_view=60
info|2019-12-13 14:00:23.562597|[g:1][CONSENSUS][SEALER]++++++++++++++++ Generating seal on,blkNum=158,tx=0,nodeIdx=1,hash=d716b482...
info|2019-12-13 14:00:23.565240|[g:1][CONSENSUS][PBFT]checkTimeout Succ,view=60,toView=61,nodeIdx=1,changeCycle=0,myNode=2dce86f9...,timecost=0.368
info|2019-12-13 14:00:23.566677|[g:1][CONSENSUS][PBFT]checkAndChangeView: Reach consensus,org_view=60,org_changeCycle=0,cur_changeCycle=0,to_view=61
info|2019-12-13 14:00:24.567625|[g:1][CONSENSUS]addRawPrepare,height=158,reqIdx=2,hash=b4d330c9...
info|2019-12-13 14:00:24.568230|[g:1][CONSENSUS][PBFT]checkTimeout Succ,view=61,toView=62,nodeIdx=1,changeCycle=0,myNode=2dce86f9...,timecost=0.469
info|2019-12-13 14:00:24.569993|[g:1][CONSENSUS][PBFT]checkAndChangeView: Reach consensus,org_view=61,org_changeCycle=0,cur_changeCycle=0,to_view=62
info|2019-12-13 14:00:25.572182|[g:1][CONSENSUS]addRawPrepare,height=158,reqIdx=3,hash=6c8a69d2...
info|2019-12-13 14:00:25.572804|[g:1][CONSENSUS][PBFT]checkTimeout Succ,view=62,toView=63,nodeIdx=1,changeCycle=0,myNode=2dce86f9...,timecost=0.455
info|2019-12-13 14:00:25.574286|[g:1][CONSENSUS][PBFT]checkAndChangeView: Reach consensus,org_view=62,org_changeCycle=0,cur_changeCycle=0,to_view=63
info|2019-12-13 14:00:26.576388|[g:1][CONSENSUS]addRawPrepare,height=158,reqIdx=0,hash=4e0c5bf3...
info|2019-12-13 14:00:26.577102|[g:1][CONSENSUS][PBFT]checkTimeout Succ,view=63,toView=64,nodeIdx=1,changeCycle=0,myNode=2dce86f9...,timecost=0.558
info|2019-12-13 14:00:26.578770|[g:1][CONSENSUS][PBFT]checkAndChangeView: Reach consensus,org_view=63,org_changeCycle=0,cur_changeCycle=0,to_view=64
info|2019-12-13 14:00:27.579702|[g:1][CONSENSUS][SEALER]++++++++++++++++ Generating seal on,blkNum=158,tx=0,nodeIdx=1,hash=2b17e9ea...
info|2019-12-13 14:00:27.580925|[g:1][CONSENSUS][PBFT]checkTimeout Succ,view=64,toView=65,nodeIdx=1,changeCycle=0,myNode=2dce86f9...,timecost=0.754
info|2019-12-13 14:00:27.583632|[g:1][CONSENSUS][PBFT]checkAndChangeView: Reach consensus,org_view=64,org_changeCycle=0,cur_changeCycle=0,to_view=65
info|2019-12-13 14:00:28.584840|[g:1][CONSENSUS]addRawPrepare,height=158,reqIdx=2,hash=99c77620...
info|2019-12-13 14:00:28.585400|[g:1][CONSENSUS][PBFT]checkTimeout Succ,view=65,toView=66,nodeIdx=1,changeCycle=0,myNode=2dce86f9...,timecost=0.441
info|2019-12-13 14:00:28.586575|[g:1][CONSENSUS][PBFT]checkAndChangeView: Reach consensus,org_view=65,org_changeCycle=0,cur_changeCycle=0,to_view=66
info|2019-12-13 14:00:29.588928|[g:1][CONSENSUS]addRawPrepare,height=158,reqIdx=3,hash=a1fd424d...
info|2019-12-13 14:00:29.589558|[g:1][CONSENSUS][PBFT]checkTimeout Succ,view=66,toView=67,nodeIdx=1,changeCycle=0,myNode=2dce86f9...,timecost=0.506
info|2019-12-13 14:00:29.591120|[g:1][CONSENSUS][PBFT]checkAndChangeView: Reach consensus,org_view=66,org_changeCycle=0,cur_changeCycle=0,to_view=67
info|2019-12-13 14:00:30.592155|[g:1][CONSENSUS]addRawPrepare,height=158,reqIdx=0,hash=d286407e...
info|2019-12-13 14:00:30.592709|[g:1][CONSENSUS][PBFT]checkTimeout Succ,view=67,toView=68,nodeIdx=1,changeCycle=0,myNode=2dce86f9...,timecost=0.416
info|2019-12-13 14:00:30.593686|[g:1][CONSENSUS][PBFT]checkAndChangeView: Reach consensus,org_view=67,org_changeCycle=0,cur_changeCycle=0,to_view=68
info|2019-12-13 14:00:31.150717|[P2P][Service] heartBeat,connected count=3
info|2019-12-13 14:00:31.593888|[g:1][CONSENSUS][SEALER]++++++++++++++++ Generating seal on,blkNum=158,tx=0,nodeIdx=1,hash=03f7f756...
info|2019-12-13 14:00:31.594900|[g:1][CONSENSUS][PBFT]checkTimeout Succ,view=68,toView=69,nodeIdx=1,changeCycle=0,myNode=2dce86f9...,timecost=0.421
info|2019-12-13 14:00:31.597549|[g:1][CONSENSUS][PBFT]checkAndChangeView: Reach consensus,org_view=68,org_changeCycle=0,cur_changeCycle=0,to_view=69
info|2019-12-13 14:00:32.598792|[g:1][CONSENSUS]addRawPrepare,height=158,reqIdx=2,hash=ada5605d...
info|2019-12-13 14:00:32.599616|[g:1][CONSENSUS][PBFT]checkTimeout Succ,view=69,toView=70,nodeIdx=1,changeCycle=0,myNode=2dce86f9...,timecost=0.702
info|2019-12-13 14:00:32.601384|[g:1][CONSENSUS][PBFT]checkAndChangeView: Reach consensus,org_view=69,org_changeCycle=0,cur_changeCycle=0,to_view=70
info|2019-12-13 14:00:33.602894|[g:1][CONSENSUS]addRawPrepare,height=158,reqIdx=3,hash=18c86396...
info|2019-12-13 14:00:33.603565|[g:1][CONSENSUS][PBFT]checkTimeout Succ,view=70,toView=71,nodeIdx=1,changeCycle=0,myNode=2dce86f9...,timecost=0.54
info|2019-12-13 14:00:33.605097|[g:1][CONSENSUS][PBFT]checkAndChangeView: Reach consensus,org_view=70,org_changeCycle=0,cur_changeCycle=0,to_view=71
info|2019-12-13 14:00:34.607043|[g:1][CONSENSUS]addRawPrepare,height=158,reqIdx=0,hash=c52184f6...
info|2019-12-13 14:00:34.607617|[g:1][CONSENSUS][PBFT]checkTimeout Succ,view=71,toView=72,nodeIdx=1,changeCycle=0,myNode=2dce86f9...,timecost=0.451
info|2019-12-13 14:00:34.609013|[g:1][CONSENSUS][PBFT]checkAndChangeView: Reach consensus,org_view=71,org_changeCycle=0,cur_changeCycle=0,to_view=72
info|2019-12-13 14:00:35.609633|[g:1][CONSENSUS][SEALER]++++++++++++++++ Generating seal on,blkNum=158,tx=0,nodeIdx=1,hash=d39553f2...
info|2019-12-13 14:00:35.610656|[g:1][CONSENSUS][PBFT]checkTimeout Succ,view=72,toView=73,nodeIdx=1,changeCycle=0,myNode=2dce86f9...,timecost=0.428
info|2019-12-13 14:00:35.613217|[g:1][CONSENSUS][PBFT]checkAndChangeView: Reach consensus,org_view=72,org_changeCycle=0,cur_changeCycle=0,to_view=73
info|2019-12-13 14:00:36.614660|[g:1][CONSENSUS]addRawPrepare,height=158,reqIdx=2,hash=c733141a...
info|2019-12-13 14:00:36.615286|[g:1][CONSENSUS][PBFT]checkTimeout Succ,view=73,toView=74,nodeIdx=1,changeCycle=0,myNode=2dce86f9...,timecost=0.477
info|2019-12-13 14:00:36.616572|[g:1][CONSENSUS][PBFT]checkAndChangeView: Reach consensus,org_view=73,org_changeCycle=0,cur_changeCycle=0,to_view=74
info|2019-12-13 14:00:37.618190|[g:1][CONSENSUS]addRawPrepare,height=158,reqIdx=3,hash=077d9f5f...
info|2019-12-13 14:00:37.619098|[g:1][CONSENSUS][PBFT]checkTimeout Succ,view=74,toView=75,nodeIdx=1,changeCycle=0,myNode=2dce86f9...,timecost=0.79
info|2019-12-13 14:00:37.620639|[g:1][CONSENSUS][PBFT]checkAndChangeView: Reach consensus,org_view=74,org_changeCycle=0,cur_changeCycle=0,to_view=75
info|2019-12-13 14:00:38.621464|[g:1][CONSENSUS]addRawPrepare,height=158,reqIdx=0,hash=49f7cc5b...
info|2019-12-13 14:00:38.622056|[g:1][CONSENSUS][PBFT]checkTimeout Succ,view=75,toView=76,nodeIdx=1,changeCycle=0,myNode=2dce86f9...,timecost=0.441
info|2019-12-13 14:00:38.623562|[g:1][CONSENSUS][PBFT]checkAndChangeView: Reach consensus,org_view=75,org_changeCycle=0,cur_changeCycle=0,to_view=76
info|2019-12-13 14:00:39.624052|[g:1][CONSENSUS][SEALER]++++++++++++++++ Generating seal on,blkNum=158,tx=0,nodeIdx=1,hash=17f58a1d...
info|2019-12-13 14:00:39.626513|[g:1][CONSENSUS][PBFT]checkTimeout Succ,view=76,toView=77,nodeIdx=1,changeCycle=0,myNode=2dce86f9...,timecost=0.386
info|2019-12-13 14:00:39.627059|[g:1][CONSENSUS][PBFT]checkAndChangeView: Reach consensus,org_view=76,org_changeCycle=0,cur_changeCycle=0,to_view=77
