warning|2019-12-12 14:08:29.004775|[g:1][CONSENSUS][PBFT]ViewChangeWarning: not caused by omit empty block ,v=58549,toV=58550,curNum=5,hash=a9fec021...,nodeIdx=1,myNode=2dce86f9...
info|2019-12-12 14:08:29.005522|[P2P][Service] heartBeat,connected count=3
info|2019-12-12 14:08:29.006409|[g:1][CONSENSUS][PBFT]checkTimeout Succ,view=58549,toView=58550,nodeIdx=1,changeCycle=1,myNode=2dce86f9...,timecost=4.97
info|2019-12-12 14:08:29.009903|[g:1][CONSENSUS][PBFT]checkAndChangeView: Reach consensus,org_view=58549,org_changeCycle=1,cur_changeCycle=1,to_view=58550
info|2019-12-12 14:08:30.010514|[g:1][CONSENSUS]addRawPrepare,height=6,reqIdx=3,hash=c0faf526...
info|2019-12-12 14:08:30.011057|[g:1][CONSENSUS][PBFT]checkTimeout Succ,view=58550,toView=58551,nodeIdx=1,changeCycle=0,myNode=2dce86f9...,timecost=0.38
info|2019-12-12 14:08:30.012192|[g:1][CONSENSUS][PBFT]checkAndChangeView: Reach consensus,org_view=58550,org_changeCycle=0,cur_changeCycle=0,to_view=58551
info|2019-12-12 14:08:31.014625|[g:1][CONSENSUS]addRawPrepare,height=6,reqIdx=0,hash=c13d6653...
info|2019-12-12 14:08:31.015159|[g:1][CONSENSUS][PBFT]checkTimeout Succ,view=58551,toView=58552,nodeIdx=1,changeCycle=0,myNode=2dce86f9...,timecost=0.377
info|2019-12-12 14:08:31.016494|[g:1][CONSENSUS][PBFT]checkAndChangeView: Reach consensus,org_view=58551,org_changeCycle=0,cur_changeCycle=0,to_view=58552
info|2019-12-12 14:08:32.017310|[g:1][CONSENSUS][SEALER]++++++++++++++++ Generating seal on,blkNum=6,tx=0,nodeIdx=1,hash=f5d2019d...
info|2019-12-12 14:08:32.019957|[g:1][CONSENSUS][PBFT]checkTimeout Succ,view=58552,toView=58553,nodeIdx=1,changeCycle=0,myNode=2dce86f9...,timecost=0.397
info|2019-12-12 14:08:32.020522|[g:1][CONSENSUS][PBFT]checkAndChangeView: Reach consensus,org_view=58552,org_changeCycle=0,cur_changeCycle=0,to_view=58553
info|2019-12-12 14:08:33.021223|[g:1][CONSENSUS]addRawPrepare,height=6,reqIdx=2,hash=87c6ad54...
info|2019-12-12 14:08:33.021821|[g:1][CONSENSUS][PBFT]checkTimeout Succ,view=58553,toView=58554,nodeIdx=1,changeCycle=0,myNode=2dce86f9...,timecost=0.416
info|2019-12-12 14:08:33.023102|[g:1][CONSENSUS][PBFT]checkAndChangeView: Reach consensus,org_view=58553,org_changeCycle=0,cur_changeCycle=0,to_view=58554
info|2019-12-12 14:08:34.024716|[g:1][CONSENSUS]addRawPrepare,height=6,reqIdx=3,hash=47460e1e...
info|2019-12-12 14:08:34.025427|[g:1][CONSENSUS][PBFT]checkTimeout Succ,view=58554,toView=58555,nodeIdx=1,changeCycle=0,myNode=2dce86f9...,timecost=0.585
info|2019-12-12 14:08:34.026867|[g:1][CONSENSUS][PBFT]checkAndChangeView: Reach consensus,org_view=58554,org_changeCycle=0,cur_changeCycle=0,to_view=58555
info|2019-12-12 14:08:35.030647|[g:1][CONSENSUS]addRawPrepare,height=6,reqIdx=0,hash=f199e008...
info|2019-12-12 14:08:35.031342|[g:1][CONSENSUS][PBFT]checkTimeout Succ,view=58555,toView=58556,nodeIdx=1,changeCycle=0,myNode=2dce86f9...,timecost=0.55
info|2019-12-12 14:08:35.032620|[g:1][CONSENSUS][PBFT]checkAndChangeView: Reach consensus,org_view=58555,org_changeCycle=0,cur_changeCycle=0,to_view=58556
info|2019-12-12 14:08:36.032837|[g:1][CONSENSUS][SEALER]++++++++++++++++ Generating seal on,blkNum=6,tx=0,nodeIdx=1,hash=d76f41a1...
info|2019-12-12 14:08:36.033603|[g:1][CONSENSUS][PBFT]checkTimeout Succ,view=58556,toView=58557,nodeIdx=1,changeCycle=0,myNode=2dce86f9...,timecost=0.38
info|2019-12-12 14:08:36.035881|[g:1][CONSENSUS][PBFT]checkAndChangeView: Reach consensus,org_view=58556,org_changeCycle=0,cur_changeCycle=0,to_view=58557
info|2019-12-12 14:08:37.038195|[g:1][CONSENSUS]addRawPrepare,height=6,reqIdx=2,hash=28a8c23b...
info|2019-12-12 14:08:37.038724|[g:1][CONSENSUS][PBFT]checkTimeout Succ,view=58557,toView=58558,nodeIdx=1,changeCycle=0,myNode=2dce86f9...,timecost=0.407
info|2019-12-12 14:08:37.040216|[g:1][CONSENSUS][PBFT]checkAndChangeView: Reach consensus,org_view=58557,org_changeCycle=0,cur_changeCycle=0,to_view=58558
info|2019-12-12 14:08:38.041160|[g:1][CONSENSUS]addRawPrepare,height=6,reqIdx=3,hash=8c662d1b...
info|2019-12-12 14:08:38.041880|[g:1][CONSENSUS][PBFT]checkTimeout Succ,view=58558,toView=58559,nodeIdx=1,changeCycle=0,myNode=2dce86f9...,timecost=0.471
info|2019-12-12 14:08:38.043576|[g:1][CONSENSUS][PBFT]checkAndChangeView: Reach consensus,org_view=58558,org_changeCycle=0,cur_changeCycle=0,to_view=58559
info|2019-12-12 14:08:39.012447|[P2P][Service] heartBeat,connected count=3
info|2019-12-12 14:08:39.044741|[g:1][CONSENSUS]addRawPrepare,height=6,reqIdx=0,hash=2504d2cf...
info|2019-12-12 14:08:39.045829|[g:1][CONSENSUS][PBFT]checkTimeout Succ,view=58559,toView=58560,nodeIdx=1,changeCycle=0,myNode=2dce86f9...,timecost=0.971
info|2019-12-12 14:08:39.047462|[g:1][CONSENSUS][PBFT]checkAndChangeView: Reach consensus,org_view=58559,org_changeCycle=0,cur_changeCycle=0,to_view=58560
info|2019-12-12 14:08:40.048118|[g:1][CONSENSUS][SEALER]++++++++++++++++ Generating seal on,blkNum=6,tx=0,nodeIdx=1,hash=fedd02b2...
info|2019-12-12 14:08:40.051184|[g:1][CONSENSUS][PBFT]checkTimeout Succ,view=58560,toView=58561,nodeIdx=1,changeCycle=0,myNode=2dce86f9...,timecost=0.447
info|2019-12-12 14:08:40.051834|[g:1][CONSENSUS][PBFT]checkAndChangeView: Reach consensus,org_view=58560,org_changeCycle=0,cur_changeCycle=0,to_view=58561
info|2019-12-12 14:08:41.054095|[g:1][CONSENSUS]addRawPrepare,height=6,reqIdx=2,hash=fa05299e...
info|2019-12-12 14:08:41.054861|[g:1][CONSENSUS][PBFT]checkTimeout Succ,view=58561,toView=58562,nodeIdx=1,changeCycle=0,myNode=2dce86f9...,timecost=0.602
info|2019-12-12 14:08:41.056430|[g:1][CONSENSUS][PBFT]checkAndChangeView: Reach consensus,org_view=58561,org_changeCycle=0,cur_changeCycle=0,to_view=58562
info|2019-12-12 14:08:42.058400|[g:1][CONSENSUS]addRawPrepare,height=6,reqIdx=3,hash=88cdb49d...
info|2019-12-12 14:08:42.059139|[g:1][CONSENSUS][PBFT]checkTimeout Succ,view=58562,toView=58563,nodeIdx=1,changeCycle=0,myNode=2dce86f9...,timecost=0.58
info|2019-12-12 14:08:42.060705|[g:1][CONSENSUS][PBFT]checkAndChangeView: Reach consensus,org_view=58562,org_changeCycle=0,cur_changeCycle=0,to_view=58563
info|2019-12-12 14:08:43.062699|[g:1][CONSENSUS]addRawPrepare,height=6,reqIdx=0,hash=baa6cd6d...
info|2019-12-12 14:08:43.063361|[g:1][CONSENSUS][PBFT]checkTimeout Succ,view=58563,toView=58564,nodeIdx=1,changeCycle=0,myNode=2dce86f9...,timecost=0.569
info|2019-12-12 14:08:43.065285|[g:1][CONSENSUS][PBFT]checkAndChangeView: Reach consensus,org_view=58563,org_changeCycle=0,cur_changeCycle=0,to_view=58564
info|2019-12-12 14:08:44.066344|[g:1][CONSENSUS][SEALER]++++++++++++++++ Generating seal on,blkNum=6,tx=0,nodeIdx=1,hash=1db58cbf...
info|2019-12-12 14:08:44.067528|[g:1][CONSENSUS][PBFT]checkTimeout Succ,view=58564,toView=58565,nodeIdx=1,changeCycle=0,myNode=2dce86f9...,timecost=0.676
info|2019-12-12 14:08:44.070381|[g:1][CONSENSUS][PBFT]checkAndChangeView: Reach consensus,org_view=58564,org_changeCycle=0,cur_changeCycle=0,to_view=58565
info|2019-12-12 14:08:45.071039|[g:1][CONSENSUS]addRawPrepare,height=6,reqIdx=2,hash=f502ee71...
info|2019-12-12 14:08:45.071679|[g:1][CONSENSUS][PBFT]checkTimeout Succ,view=58565,toView=58566,nodeIdx=1,changeCycle=0,myNode=2dce86f9...,timecost=0.512
info|2019-12-12 14:08:45.073142|[g:1][CONSENSUS][PBFT]checkAndChangeView: Reach consensus,org_view=58565,org_changeCycle=0,cur_changeCycle=0,to_view=58566
info|2019-12-12 14:08:46.074836|[g:1][CONSENSUS]addRawPrepare,height=6,reqIdx=3,hash=b90f2754...
info|2019-12-12 14:08:46.075689|[g:1][CONSENSUS][PBFT]checkTimeout Succ,view=58566,toView=58567,nodeIdx=1,changeCycle=0,myNode=2dce86f9...,timecost=0.693
info|2019-12-12 14:08:46.077201|[g:1][CONSENSUS][PBFT]checkAndChangeView: Reach consensus,org_view=58566,org_changeCycle=0,cur_changeCycle=0,to_view=58567
info|2019-12-12 14:08:47.079875|[g:1][CONSENSUS]addRawPrepare,height=6,reqIdx=0,hash=15b1cb77...
info|2019-12-12 14:08:47.080453|[g:1][CONSENSUS][PBFT]checkTimeout Succ,view=58567,toView=58568,nodeIdx=1,changeCycle=0,myNode=2dce86f9...,timecost=0.447
info|2019-12-12 14:08:47.081733|[g:1][CONSENSUS][PBFT]checkAndChangeView: Reach consensus,org_view=58567,org_changeCycle=0,cur_changeCycle=0,to_view=58568
info|2019-12-12 14:08:48.081423|[g:1][CONSENSUS][SEALER]++++++++++++++++ Generating seal on,blkNum=6,tx=0,nodeIdx=1,hash=14b5dea6...
info|2019-12-12 14:08:48.084027|[g:1][CONSENSUS][PBFT]checkTimeout Succ,view=58568,toView=58569,nodeIdx=1,changeCycle=0,myNode=2dce86f9...,timecost=0.46
info|2019-12-12 14:08:48.085242|[g:1][CONSENSUS][PBFT]checkAndChangeView: Reach consensus,org_view=58568,org_changeCycle=0,cur_changeCycle=0,to_view=58569
info|2019-12-12 14:08:49.017408|[P2P][Service] heartBeat,connected count=3
info|2019-12-12 14:08:49.086883|[g:1][CONSENSUS]addRawPrepare,height=6,reqIdx=2,hash=398adf00...
info|2019-12-12 14:08:49.088102|[g:1][CONSENSUS][PBFT]checkTimeout Succ,view=58569,toView=58570,nodeIdx=1,changeCycle=0,myNode=2dce86f9...,timecost=1.088
info|2019-12-12 14:08:49.089653|[g:1][CONSENSUS][PBFT]checkAndChangeView: Reach consensus,org_view=58569,org_changeCycle=0,cur_changeCycle=0,to_view=58570
info|2019-12-12 14:08:50.091138|[g:1][CONSENSUS]addRawPrepare,height=6,reqIdx=3,hash=d83c84bf...
info|2019-12-12 14:08:50.091770|[g:1][CONSENSUS][PBFT]checkTimeout Succ,view=58570,toView=58571,nodeIdx=1,changeCycle=0,myNode=2dce86f9...,timecost=0.468
info|2019-12-12 14:08:50.093311|[g:1][CONSENSUS][PBFT]checkAndChangeView: Reach consensus,org_view=58570,org_changeCycle=0,cur_changeCycle=0,to_view=58571
info|2019-12-12 14:08:51.094774|[g:1][CONSENSUS]addRawPrepare,height=6,reqIdx=0,hash=cae54f3e...
info|2019-12-12 14:08:51.095651|[g:1][CONSENSUS][PBFT]checkTimeout Succ,view=58571,toView=58572,nodeIdx=1,changeCycle=0,myNode=2dce86f9...,timecost=0.735
info|2019-12-12 14:08:51.096904|[g:1][CONSENSUS][PBFT]checkAndChangeView: Reach consensus,org_view=58571,org_changeCycle=0,cur_changeCycle=0,to_view=58572
info|2019-12-12 14:08:52.096477|[g:1][CONSENSUS][SEALER]++++++++++++++++ Generating seal on,blkNum=6,tx=0,nodeIdx=1,hash=09138373...
info|2019-12-12 14:08:52.097359|[g:1][CONSENSUS][PBFT]checkTimeout Succ,view=58572,toView=58573,nodeIdx=1,changeCycle=0,myNode=2dce86f9...,timecost=0.432
info|2019-12-12 14:08:52.099610|[g:1][CONSENSUS][PBFT]checkAndChangeView: Reach consensus,org_view=58572,org_changeCycle=0,cur_changeCycle=0,to_view=58573
info|2019-12-12 14:08:53.101436|[g:1][CONSENSUS]addRawPrepare,height=6,reqIdx=2,hash=5dfcbb80...
info|2019-12-12 14:08:53.102175|[g:1][CONSENSUS][PBFT]checkTimeout Succ,view=58573,toView=58574,nodeIdx=1,changeCycle=0,myNode=2dce86f9...,timecost=0.572
info|2019-12-12 14:08:53.103738|[g:1][CONSENSUS][PBFT]checkAndChangeView: Reach consensus,org_view=58573,org_changeCycle=0,cur_changeCycle=0,to_view=58574
info|2019-12-12 14:08:54.105681|[g:1][CONSENSUS]addRawPrepare,height=6,reqIdx=3,hash=43309691...
info|2019-12-12 14:08:54.106248|[g:1][CONSENSUS][PBFT]checkTimeout Succ,view=58574,toView=58575,nodeIdx=1,changeCycle=0,myNode=2dce86f9...,timecost=0.465
info|2019-12-12 14:08:54.107795|[g:1][CONSENSUS][PBFT]checkAndChangeView: Reach consensus,org_view=58574,org_changeCycle=0,cur_changeCycle=0,to_view=58575
info|2019-12-12 14:08:55.110020|[g:1][CONSENSUS]addRawPrepare,height=6,reqIdx=0,hash=d4c0cfaa...
info|2019-12-12 14:08:55.110586|[g:1][CONSENSUS][PBFT]checkTimeout Succ,view=58575,toView=58576,nodeIdx=1,changeCycle=0,myNode=2dce86f9...,timecost=0.452
info|2019-12-12 14:08:55.112365|[g:1][CONSENSUS][PBFT]checkAndChangeView: Reach consensus,org_view=58575,org_changeCycle=0,cur_changeCycle=0,to_view=58576
info|2019-12-12 14:08:56.113091|[g:1][CONSENSUS][SEALER]++++++++++++++++ Generating seal on,blkNum=6,tx=0,nodeIdx=1,hash=5109d78e...
info|2019-12-12 14:08:56.115949|[g:1][CONSENSUS][PBFT]checkTimeout Succ,view=58576,toView=58577,nodeIdx=1,changeCycle=0,myNode=2dce86f9...,timecost=0.366
info|2019-12-12 14:08:56.116538|[g:1][CONSENSUS][PBFT]checkAndChangeView: Reach consensus,org_view=58576,org_changeCycle=0,cur_changeCycle=0,to_view=58577
info|2019-12-12 14:08:57.118992|[g:1][CONSENSUS]addRawPrepare,height=6,reqIdx=2,hash=dc457208...
info|2019-12-12 14:08:57.119663|[g:1][CONSENSUS][PBFT]checkTimeout Succ,view=58577,toView=58578,nodeIdx=1,changeCycle=0,myNode=2dce86f9...,timecost=0.504
info|2019-12-12 14:08:57.121322|[g:1][CONSENSUS][PBFT]checkAndChangeView: Reach consensus,org_view=58577,org_changeCycle=0,cur_changeCycle=0,to_view=58578
info|2019-12-12 14:08:58.122454|[g:1][CONSENSUS]addRawPrepare,height=6,reqIdx=3,hash=148f77cf...
info|2019-12-12 14:08:58.123033|[g:1][CONSENSUS][PBFT]checkTimeout Succ,view=58578,toView=58579,nodeIdx=1,changeCycle=0,myNode=2dce86f9...,timecost=0.44
info|2019-12-12 14:08:58.124456|[g:1][CONSENSUS][PBFT]checkAndChangeView: Reach consensus,org_view=58578,org_changeCycle=0,cur_changeCycle=0,to_view=58579
info|2019-12-12 14:08:59.023088|[P2P][Service] heartBeat,connected count=3
info|2019-12-12 14:08:59.128236|[g:1][CONSENSUS]addRawPrepare,height=6,reqIdx=0,hash=78716e4d...
info|2019-12-12 14:08:59.128762|[g:1][CONSENSUS][PBFT]checkTimeout Succ,view=58579,toView=58580,nodeIdx=1,changeCycle=0,myNode=2dce86f9...,timecost=0.421
info|2019-12-12 14:08:59.129802|[g:1][CONSENSUS][PBFT]checkAndChangeView: Reach consensus,org_view=58579,org_changeCycle=0,cur_changeCycle=0,to_view=58580
info|2019-12-12 14:09:00.129891|[g:1][CONSENSUS][SEALER]++++++++++++++++ Generating seal on,blkNum=6,tx=0,nodeIdx=1,hash=1468bc2b...
info|2019-12-12 14:09:00.130848|[g:1][CONSENSUS][PBFT]checkTimeout Succ,view=58580,toView=58581,nodeIdx=1,changeCycle=0,myNode=2dce86f9...,timecost=0.416
info|2019-12-12 14:09:00.133431|[g:1][CONSENSUS][PBFT]checkAndChangeView: Reach consensus,org_view=58580,org_changeCycle=0,cur_changeCycle=0,to_view=58581
info|2019-12-12 14:09:01.135240|[g:1][CONSENSUS]addRawPrepare,height=6,reqIdx=2,hash=97e8ae3a...
info|2019-12-12 14:09:01.135884|[g:1][CONSENSUS][PBFT]checkTimeout Succ,view=58581,toView=58582,nodeIdx=1,changeCycle=0,myNode=2dce86f9...,timecost=0.476
info|2019-12-12 14:09:01.137631|[g:1][CONSENSUS][PBFT]checkAndChangeView: Reach consensus,org_view=58581,org_changeCycle=0,cur_changeCycle=0,to_view=58582
info|2019-12-12 14:09:02.139243|[g:1][CONSENSUS]addRawPrepare,height=6,reqIdx=3,hash=6a520b55...
info|2019-12-12 14:09:02.139873|[g:1][CONSENSUS][PBFT]checkTimeout Succ,view=58582,toView=58583,nodeIdx=1,changeCycle=0,myNode=2dce86f9...,timecost=0.484
info|2019-12-12 14:09:02.141432|[g:1][CONSENSUS][PBFT]checkAndChangeView: Reach consensus,org_view=58582,org_changeCycle=0,cur_changeCycle=0,to_view=58583
info|2019-12-12 14:09:03.142815|[g:1][CONSENSUS]addRawPrepare,height=6,reqIdx=0,hash=6f087839...
info|2019-12-12 14:09:03.143483|[g:1][CONSENSUS][PBFT]checkTimeout Succ,view=58583,toView=58584,nodeIdx=1,changeCycle=0,myNode=2dce86f9...,timecost=0.499
info|2019-12-12 14:09:03.145298|[g:1][CONSENSUS][PBFT]checkAndChangeView: Reach consensus,org_view=58583,org_changeCycle=0,cur_changeCycle=0,to_view=58584
info|2019-12-12 14:09:04.145634|[g:1][CONSENSUS][SEALER]++++++++++++++++ Generating seal on,blkNum=6,tx=0,nodeIdx=1,hash=5c992f8d...
info|2019-12-12 14:09:04.148680|[g:1][CONSENSUS][PBFT]checkTimeout Succ,view=58584,toView=58585,nodeIdx=1,changeCycle=0,myNode=2dce86f9...,timecost=0.59
info|2019-12-12 14:09:04.150315|[g:1][CONSENSUS][PBFT]checkAndChangeView: Reach consensus,org_view=58584,org_changeCycle=0,cur_changeCycle=0,to_view=58585
info|2019-12-12 14:09:05.151962|[g:1][CONSENSUS]addRawPrepare,height=6,reqIdx=2,hash=0a67c419...
info|2019-12-12 14:09:05.152647|[g:1][CONSENSUS][PBFT]checkTimeout Succ,view=58585,toView=58586,nodeIdx=1,changeCycle=0,myNode=2dce86f9...,timecost=0.508
info|2019-12-12 14:09:05.154439|[g:1][CONSENSUS][PBFT]checkAndChangeView: Reach consensus,org_view=58585,org_changeCycle=0,cur_changeCycle=0,to_view=58586
info|2019-12-12 14:09:06.156103|[g:1][CONSENSUS]addRawPrepare,height=6,reqIdx=3,hash=52000fc7...
info|2019-12-12 14:09:06.156905|[g:1][CONSENSUS][PBFT]checkTimeout Succ,view=58586,toView=58587,nodeIdx=1,changeCycle=0,myNode=2dce86f9...,timecost=0.662
info|2019-12-12 14:09:06.158592|[g:1][CONSENSUS][PBFT]checkAndChangeView: Reach consensus,org_view=58586,org_changeCycle=0,cur_changeCycle=0,to_view=58587
info|2019-12-12 14:09:07.160336|[g:1][CONSENSUS]addRawPrepare,height=6,reqIdx=0,hash=ed8201aa...
info|2019-12-12 14:09:07.161053|[g:1][CONSENSUS][PBFT]checkTimeout Succ,view=58587,toView=58588,nodeIdx=1,changeCycle=0,myNode=2dce86f9...,timecost=0.552
info|2019-12-12 14:09:07.162403|[g:1][CONSENSUS][PBFT]checkAndChangeView: Reach consensus,org_view=58587,org_changeCycle=0,cur_changeCycle=0,to_view=58588
info|2019-12-12 14:09:08.163395|[g:1][CONSENSUS][SEALER]++++++++++++++++ Generating seal on,blkNum=6,tx=0,nodeIdx=1,hash=db32d8c8...
info|2019-12-12 14:09:08.164366|[g:1][CONSENSUS][PBFT]checkTimeout Succ,view=58588,toView=58589,nodeIdx=1,changeCycle=0,myNode=2dce86f9...,timecost=0.487
info|2019-12-12 14:09:08.167031|[g:1][CONSENSUS][PBFT]checkAndChangeView: Reach consensus,org_view=58588,org_changeCycle=0,cur_changeCycle=0,to_view=58589
info|2019-12-12 14:09:09.029410|[P2P][Service] heartBeat,connected count=3
info|2019-12-12 14:09:09.169905|[g:1][CONSENSUS]addRawPrepare,height=6,reqIdx=2,hash=4f7dfd76...
info|2019-12-12 14:09:09.171269|[g:1][CONSENSUS][PBFT]checkTimeout Succ,view=58589,toView=58590,nodeIdx=1,changeCycle=0,myNode=2dce86f9...,timecost=1.198
info|2019-12-12 14:09:09.172858|[g:1][CONSENSUS][PBFT]checkAndChangeView: Reach consensus,org_view=58589,org_changeCycle=0,cur_changeCycle=0,to_view=58590
info|2019-12-12 14:09:10.174930|[g:1][CONSENSUS]addRawPrepare,height=6,reqIdx=3,hash=b88fff71...
info|2019-12-12 14:09:10.175600|[g:1][CONSENSUS][PBFT]checkTimeout Succ,view=58590,toView=58591,nodeIdx=1,changeCycle=0,myNode=2dce86f9...,timecost=0.52
info|2019-12-12 14:09:10.177227|[g:1][CONSENSUS][PBFT]checkAndChangeView: Reach consensus,org_view=58590,org_changeCycle=0,cur_changeCycle=0,to_view=58591
info|2019-12-12 14:09:11.179511|[g:1][CONSENSUS]addRawPrepare,height=6,reqIdx=0,hash=ec3248b8...
info|2019-12-12 14:09:11.180160|[g:1][CONSENSUS][PBFT]checkTimeout Succ,view=58591,toView=58592,nodeIdx=1,changeCycle=0,myNode=2dce86f9...,timecost=0.497
info|2019-12-12 14:09:11.182054|[g:1][CONSENSUS][PBFT]checkAndChangeView: Reach consensus,org_view=58591,org_changeCycle=0,cur_changeCycle=0,to_view=58592
info|2019-12-12 14:09:12.182842|[g:1][CONSENSUS][SEALER]++++++++++++++++ Generating seal on,blkNum=6,tx=0,nodeIdx=1,hash=2b080834...
info|2019-12-12 14:09:12.185725|[g:1][CONSENSUS][PBFT]checkTimeout Succ,view=58592,toView=58593,nodeIdx=1,changeCycle=0,myNode=2dce86f9...,timecost=0.346
info|2019-12-12 14:09:12.186255|[g:1][CONSENSUS][PBFT]checkAndChangeView: Reach consensus,org_view=58592,org_changeCycle=0,cur_changeCycle=0,to_view=58593
info|2019-12-12 14:09:13.188896|[g:1][CONSENSUS]addRawPrepare,height=6,reqIdx=2,hash=b26aafae...
info|2019-12-12 14:09:13.189523|[g:1][CONSENSUS][PBFT]checkTimeout Succ,view=58593,toView=58594,nodeIdx=1,changeCycle=0,myNode=2dce86f9...,timecost=0.475
info|2019-12-12 14:09:13.191130|[g:1][CONSENSUS][PBFT]checkAndChangeView: Reach consensus,org_view=58593,org_changeCycle=0,cur_changeCycle=0,to_view=58594
info|2019-12-12 14:09:14.192811|[g:1][CONSENSUS]addRawPrepare,height=6,reqIdx=3,hash=20633159...
info|2019-12-12 14:09:14.193559|[g:1][CONSENSUS][PBFT]checkTimeout Succ,view=58594,toView=58595,nodeIdx=1,changeCycle=0,myNode=2dce86f9...,timecost=0.632
info|2019-12-12 14:09:14.195641|[g:1][CONSENSUS][PBFT]checkAndChangeView: Reach consensus,org_view=58594,org_changeCycle=0,cur_changeCycle=0,to_view=58595
info|2019-12-12 14:09:15.196729|[g:1][CONSENSUS]addRawPrepare,height=6,reqIdx=0,hash=ccf69fa9...
info|2019-12-12 14:09:15.197303|[g:1][CONSENSUS][PBFT]checkTimeout Succ,view=58595,toView=58596,nodeIdx=1,changeCycle=0,myNode=2dce86f9...,timecost=0.422
info|2019-12-12 14:09:15.198883|[g:1][CONSENSUS][PBFT]checkAndChangeView: Reach consensus,org_view=58595,org_changeCycle=0,cur_changeCycle=0,to_view=58596
info|2019-12-12 14:09:16.199136|[g:1][CONSENSUS][SEALER]++++++++++++++++ Generating seal on,blkNum=6,tx=0,nodeIdx=1,hash=dd5802d1...
info|2019-12-12 14:09:16.200165|[g:1][CONSENSUS][PBFT]checkTimeout Succ,view=58596,toView=58597,nodeIdx=1,changeCycle=0,myNode=2dce86f9...,timecost=0.554
info|2019-12-12 14:09:16.202891|[g:1][CONSENSUS][PBFT]checkAndChangeView: Reach consensus,org_view=58596,org_changeCycle=0,cur_changeCycle=0,to_view=58597
info|2019-12-12 14:09:17.204564|[g:1][CONSENSUS]addRawPrepare,height=6,reqIdx=2,hash=ea4df2cd...
info|2019-12-12 14:09:17.205246|[g:1][CONSENSUS][PBFT]checkTimeout Succ,view=58597,toView=58598,nodeIdx=1,changeCycle=0,myNode=2dce86f9...,timecost=0.556
info|2019-12-12 14:09:17.206895|[g:1][CONSENSUS][PBFT]checkAndChangeView: Reach consensus,org_view=58597,org_changeCycle=0,cur_changeCycle=0,to_view=58598
info|2019-12-12 14:09:18.209844|[g:1][CONSENSUS]addRawPrepare,height=6,reqIdx=3,hash=eaacef66...
info|2019-12-12 14:09:18.210474|[g:1][CONSENSUS][PBFT]checkTimeout Succ,view=58598,toView=58599,nodeIdx=1,changeCycle=0,myNode=2dce86f9...,timecost=0.483
info|2019-12-12 14:09:18.212035|[g:1][CONSENSUS][PBFT]checkAndChangeView: Reach consensus,org_view=58598,org_changeCycle=0,cur_changeCycle=0,to_view=58599
info|2019-12-12 14:09:19.033365|[P2P][Service] heartBeat,connected count=3
info|2019-12-12 14:09:19.213340|[g:1][CONSENSUS]addRawPrepare,height=6,reqIdx=0,hash=7ce73ac9...
info|2019-12-12 14:09:19.214011|[g:1][CONSENSUS][PBFT]checkTimeout Succ,view=58599,toView=58600,nodeIdx=1,changeCycle=0,myNode=2dce86f9...,timecost=0.501
info|2019-12-12 14:09:19.216285|[g:1][CONSENSUS][PBFT]checkAndChangeView: Reach consensus,org_view=58599,org_changeCycle=0,cur_changeCycle=0,to_view=58600
info|2019-12-12 14:09:20.216718|[g:1][CONSENSUS][SEALER]++++++++++++++++ Generating seal on,blkNum=6,tx=0,nodeIdx=1,hash=b1e22716...
info|2019-12-12 14:09:20.217542|[g:1][CONSENSUS][PBFT]checkTimeout Succ,view=58600,toView=58601,nodeIdx=1,changeCycle=0,myNode=2dce86f9...,timecost=0.381
info|2019-12-12 14:09:20.219956|[g:1][CONSENSUS][PBFT]checkAndChangeView: Reach consensus,org_view=58600,org_changeCycle=0,cur_changeCycle=0,to_view=58601
info|2019-12-12 14:09:21.222527|[g:1][CONSENSUS]addRawPrepare,height=6,reqIdx=2,hash=fb86dc61...
info|2019-12-12 14:09:21.222966|[g:1][CONSENSUS][PBFT]checkTimeout Succ,view=58601,toView=58602,nodeIdx=1,changeCycle=0,myNode=2dce86f9...,timecost=0.339
info|2019-12-12 14:09:21.224265|[g:1][CONSENSUS][PBFT]checkAndChangeView: Reach consensus,org_view=58601,org_changeCycle=0,cur_changeCycle=0,to_view=58602
info|2019-12-12 14:09:22.225585|[g:1][CONSENSUS]addRawPrepare,height=6,reqIdx=3,hash=a77d5fc9...
info|2019-12-12 14:09:22.226199|[g:1][CONSENSUS][PBFT]checkTimeout Succ,view=58602,toView=58603,nodeIdx=1,changeCycle=0,myNode=2dce86f9...,timecost=0.472
info|2019-12-12 14:09:22.228082|[g:1][CONSENSUS][PBFT]checkAndChangeView: Reach consensus,org_view=58602,org_changeCycle=0,cur_changeCycle=0,to_view=58603
info|2019-12-12 14:09:23.230074|[g:1][CONSENSUS]addRawPrepare,height=6,reqIdx=0,hash=ff9b9e11...
info|2019-12-12 14:09:23.230667|[g:1][CONSENSUS][PBFT]checkTimeout Succ,view=58603,toView=58604,nodeIdx=1,changeCycle=0,myNode=2dce86f9...,timecost=0.461
info|2019-12-12 14:09:23.232529|[g:1][CONSENSUS][PBFT]checkAndChangeView: Reach consensus,org_view=58603,org_changeCycle=0,cur_changeCycle=0,to_view=58604
info|2019-12-12 14:09:24.233596|[g:1][CONSENSUS][SEALER]++++++++++++++++ Generating seal on,blkNum=6,tx=0,nodeIdx=1,hash=99638bf7...
info|2019-12-12 14:09:24.237387|[g:1][CONSENSUS][PBFT]checkTimeout Succ,view=58604,toView=58605,nodeIdx=1,changeCycle=0,myNode=2dce86f9...,timecost=0.625
info|2019-12-12 14:09:24.238224|[g:1][CONSENSUS][PBFT]checkAndChangeView: Reach consensus,org_view=58604,org_changeCycle=0,cur_changeCycle=0,to_view=58605
info|2019-12-12 14:09:25.239808|[g:1][CONSENSUS]addRawPrepare,height=6,reqIdx=2,hash=e6aa0f70...
info|2019-12-12 14:09:25.240413|[g:1][CONSENSUS][PBFT]checkTimeout Succ,view=58605,toView=58606,nodeIdx=1,changeCycle=0,myNode=2dce86f9...,timecost=0.468
info|2019-12-12 14:09:25.242408|[g:1][CONSENSUS][PBFT]checkAndChangeView: Reach consensus,org_view=58605,org_changeCycle=0,cur_changeCycle=0,to_view=58606
info|2019-12-12 14:09:26.244877|[g:1][CONSENSUS]addRawPrepare,height=6,reqIdx=3,hash=365e053a...
info|2019-12-12 14:09:26.245522|[g:1][CONSENSUS][PBFT]checkTimeout Succ,view=58606,toView=58607,nodeIdx=1,changeCycle=0,myNode=2dce86f9...,timecost=0.512
info|2019-12-12 14:09:26.247032|[g:1][CONSENSUS][PBFT]checkAndChangeView: Reach consensus,org_view=58606,org_changeCycle=0,cur_changeCycle=0,to_view=58607
info|2019-12-12 14:09:27.248489|[g:1][CONSENSUS]addRawPrepare,height=6,reqIdx=0,hash=5ce77233...
info|2019-12-12 14:09:27.249146|[g:1][CONSENSUS][PBFT]checkTimeout Succ,view=58607,toView=58608,nodeIdx=1,changeCycle=0,myNode=2dce86f9...,timecost=0.507
info|2019-12-12 14:09:27.250919|[g:1][CONSENSUS][PBFT]checkAndChangeView: Reach consensus,org_view=58607,org_changeCycle=0,cur_changeCycle=0,to_view=58608
info|2019-12-12 14:09:28.251127|[g:1][CONSENSUS][SEALER]++++++++++++++++ Generating seal on,blkNum=6,tx=0,nodeIdx=1,hash=db414b47...
info|2019-12-12 14:09:28.252085|[g:1][CONSENSUS][PBFT]checkTimeout Succ,view=58608,toView=58609,nodeIdx=1,changeCycle=0,myNode=2dce86f9...,timecost=0.485
info|2019-12-12 14:09:28.254457|[g:1][CONSENSUS][PBFT]checkAndChangeView: Reach consensus,org_view=58608,org_changeCycle=0,cur_changeCycle=0,to_view=58609
info|2019-12-12 14:09:29.039555|[P2P][Service] heartBeat,connected count=3
info|2019-12-12 14:09:29.256135|[g:1][CONSENSUS]addRawPrepare,height=6,reqIdx=2,hash=d98fd8bc...
info|2019-12-12 14:09:29.256904|[g:1][CONSENSUS][PBFT]checkTimeout Succ,view=58609,toView=58610,nodeIdx=1,changeCycle=0,myNode=2dce86f9...,timecost=0.659
info|2019-12-12 14:09:29.258552|[g:1][CONSENSUS][PBFT]checkAndChangeView: Reach consensus,org_view=58609,org_changeCycle=0,cur_changeCycle=0,to_view=58610
info|2019-12-12 14:09:30.261000|[g:1][CONSENSUS]addRawPrepare,height=6,reqIdx=3,hash=6571c257...
info|2019-12-12 14:09:30.261616|[g:1][CONSENSUS][PBFT]checkTimeout Succ,view=58610,toView=58611,nodeIdx=1,changeCycle=0,myNode=2dce86f9...,timecost=0.47
info|2019-12-12 14:09:30.263075|[g:1][CONSENSUS][PBFT]checkAndChangeView: Reach consensus,org_view=58610,org_changeCycle=0,cur_changeCycle=0,to_view=58611
info|2019-12-12 14:09:31.265165|[g:1][CONSENSUS]addRawPrepare,height=6,reqIdx=0,hash=7291170f...
info|2019-12-12 14:09:31.265828|[g:1][CONSENSUS][PBFT]checkTimeout Succ,view=58611,toView=58612,nodeIdx=1,changeCycle=0,myNode=2dce86f9...,timecost=0.501
info|2019-12-12 14:09:31.267751|[g:1][CONSENSUS][PBFT]checkAndChangeView: Reach consensus,org_view=58611,org_changeCycle=0,cur_changeCycle=0,to_view=58612
info|2019-12-12 14:09:32.267640|[g:1][CONSENSUS][SEALER]++++++++++++++++ Generating seal on,blkNum=6,tx=0,nodeIdx=1,hash=c29e7e70...
info|2019-12-12 14:09:32.268651|[g:1][CONSENSUS][PBFT]checkTimeout Succ,view=58612,toView=58613,nodeIdx=1,changeCycle=0,myNode=2dce86f9...,timecost=0.53
info|2019-12-12 14:09:32.271304|[g:1][CONSENSUS][PBFT]checkAndChangeView: Reach consensus,org_view=58612,org_changeCycle=0,cur_changeCycle=0,to_view=58613
info|2019-12-12 14:09:33.272956|[g:1][CONSENSUS]addRawPrepare,height=6,reqIdx=2,hash=9699ca3d...
info|2019-12-12 14:09:33.273599|[g:1][CONSENSUS][PBFT]checkTimeout Succ,view=58613,toView=58614,nodeIdx=1,changeCycle=0,myNode=2dce86f9...,timecost=0.504
info|2019-12-12 14:09:33.275164|[g:1][CONSENSUS][PBFT]checkAndChangeView: Reach consensus,org_view=58613,org_changeCycle=0,cur_changeCycle=0,to_view=58614
info|2019-12-12 14:09:34.275847|[g:1][CONSENSUS]addRawPrepare,height=6,reqIdx=3,hash=4dea511a...
info|2019-12-12 14:09:34.277346|[g:1][CONSENSUS][PBFT]checkTimeout Succ,view=58614,toView=58615,nodeIdx=1,changeCycle=0,myNode=2dce86f9...,timecost=1.366
info|2019-12-12 14:09:34.279050|[g:1][CONSENSUS][PBFT]checkAndChangeView: Reach consensus,org_view=58614,org_changeCycle=0,cur_changeCycle=0,to_view=58615
info|2019-12-12 14:09:35.280187|[g:1][CONSENSUS]addRawPrepare,height=6,reqIdx=0,hash=c3195603...
info|2019-12-12 14:09:35.280783|[g:1][CONSENSUS][PBFT]checkTimeout Succ,view=58615,toView=58616,nodeIdx=1,changeCycle=0,myNode=2dce86f9...,timecost=0.462
info|2019-12-12 14:09:35.282343|[g:1][CONSENSUS][PBFT]checkAndChangeView: Reach consensus,org_view=58615,org_changeCycle=0,cur_changeCycle=0,to_view=58616
info|2019-12-12 14:09:36.283157|[g:1][CONSENSUS][SEALER]++++++++++++++++ Generating seal on,blkNum=6,tx=0,nodeIdx=1,hash=556b811a...
info|2019-12-12 14:09:36.286417|[g:1][CONSENSUS][PBFT]checkTimeout Succ,view=58616,toView=58617,nodeIdx=1,changeCycle=0,myNode=2dce86f9...,timecost=0.538
info|2019-12-12 14:09:36.287146|[g:1][CONSENSUS][PBFT]checkAndChangeView: Reach consensus,org_view=58616,org_changeCycle=0,cur_changeCycle=0,to_view=58617
warning|2019-12-12 14:47:02.010230|[g:1][CONSENSUS][PBFT]ViewChangeWarning: not caused by omit empty block ,v=58617,toV=58618,curNum=5,hash=a9fec021...,nodeIdx=1,myNode=2dce86f9...
info|2019-12-12 14:47:02.010734|[g:1][CONSENSUS][PBFT]checkTimeout Succ,view=58617,toView=58618,nodeIdx=1,changeCycle=1,myNode=2dce86f9...,timecost=1.459
info|2019-12-12 14:47:02.010772|[P2P][Service] heartBeat,connected count=3
info|2019-12-12 14:47:02.013964|[g:1][CONSENSUS][PBFT]checkAndChangeView: Reach consensus,org_view=58617,org_changeCycle=1,cur_changeCycle=1,to_view=58618
info|2019-12-12 14:47:03.015292|[g:1][CONSENSUS]addRawPrepare,height=6,reqIdx=3,hash=dba5a512...
info|2019-12-12 14:47:03.015734|[g:1][CONSENSUS][PBFT]checkTimeout Succ,view=58618,toView=58619,nodeIdx=1,changeCycle=0,myNode=2dce86f9...,timecost=0.332
info|2019-12-12 14:47:03.016861|[g:1][CONSENSUS][PBFT]checkAndChangeView: Reach consensus,org_view=58618,org_changeCycle=0,cur_changeCycle=0,to_view=58619
info|2019-12-12 14:47:04.018509|[g:1][CONSENSUS]addRawPrepare,height=6,reqIdx=0,hash=807428d6...
info|2019-12-12 14:47:04.019068|[g:1][CONSENSUS][PBFT]checkTimeout Succ,view=58619,toView=58620,nodeIdx=1,changeCycle=0,myNode=2dce86f9...,timecost=0.437
info|2019-12-12 14:47:04.020593|[g:1][CONSENSUS][PBFT]checkAndChangeView: Reach consensus,org_view=58619,org_changeCycle=0,cur_changeCycle=0,to_view=58620
info|2019-12-12 14:47:05.020911|[g:1][CONSENSUS][SEALER]++++++++++++++++ Generating seal on,blkNum=6,tx=0,nodeIdx=1,hash=d3d57fc1...
info|2019-12-12 14:47:05.021543|[g:1][CONSENSUS][PBFT]checkTimeout Succ,view=58620,toView=58621,nodeIdx=1,changeCycle=0,myNode=2dce86f9...,timecost=0.322
info|2019-12-12 14:47:05.023555|[g:1][CONSENSUS][PBFT]checkAndChangeView: Reach consensus,org_view=58620,org_changeCycle=0,cur_changeCycle=0,to_view=58621
info|2019-12-12 14:47:06.715138|[g:1][CONSENSUS]addRawPrepare,height=6,reqIdx=2,hash=a00b695b...
info|2019-12-12 14:47:06.715628|[g:1][CONSENSUS][PBFT]checkTimeout Succ,view=58621,toView=58622,nodeIdx=1,changeCycle=0,myNode=2dce86f9...,timecost=0.337
info|2019-12-12 14:47:06.717546|[g:1][CONSENSUS][PBFT]checkAndChangeView: Reach consensus,org_view=58621,org_changeCycle=0,cur_changeCycle=0,to_view=58622
info|2019-12-12 14:47:07.719547|[g:1][CONSENSUS]addRawPrepare,height=6,reqIdx=3,hash=3bc6fff7...
info|2019-12-12 14:47:07.720270|[g:1][CONSENSUS][PBFT]checkTimeout Succ,view=58622,toView=58623,nodeIdx=1,changeCycle=0,myNode=2dce86f9...,timecost=0.535
info|2019-12-12 14:47:07.721842|[g:1][CONSENSUS][PBFT]checkAndChangeView: Reach consensus,org_view=58622,org_changeCycle=0,cur_changeCycle=0,to_view=58623
info|2019-12-12 14:47:08.723541|[g:1][CONSENSUS]addRawPrepare,height=6,reqIdx=0,hash=625ef047...
info|2019-12-12 14:47:08.723986|[g:1][CONSENSUS][PBFT]checkTimeout Succ,view=58623,toView=58624,nodeIdx=1,changeCycle=0,myNode=2dce86f9...,timecost=0.352
info|2019-12-12 14:47:08.724937|[g:1][CONSENSUS][PBFT]checkAndChangeView: Reach consensus,org_view=58623,org_changeCycle=0,cur_changeCycle=0,to_view=58624
info|2019-12-12 14:47:09.725226|[g:1][CONSENSUS][SEALER]++++++++++++++++ Generating seal on,blkNum=6,tx=0,nodeIdx=1,hash=4045b633...
info|2019-12-12 14:47:09.726292|[g:1][CONSENSUS][PBFT]checkTimeout Succ,view=58624,toView=58625,nodeIdx=1,changeCycle=0,myNode=2dce86f9...,timecost=0.593
info|2019-12-12 14:47:09.728629|[g:1][CONSENSUS][PBFT]checkAndChangeView: Reach consensus,org_view=58624,org_changeCycle=0,cur_changeCycle=0,to_view=58625
info|2019-12-12 14:47:10.729398|[g:1][CONSENSUS]addRawPrepare,height=6,reqIdx=2,hash=11a35e0c...
info|2019-12-12 14:47:10.729980|[g:1][CONSENSUS][PBFT]checkTimeout Succ,view=58625,toView=58626,nodeIdx=1,changeCycle=0,myNode=2dce86f9...,timecost=0.468
info|2019-12-12 14:47:10.731299|[g:1][CONSENSUS][PBFT]checkAndChangeView: Reach consensus,org_view=58625,org_changeCycle=0,cur_changeCycle=0,to_view=58626
info|2019-12-12 14:47:11.733925|[g:1][CONSENSUS]addRawPrepare,height=6,reqIdx=3,hash=9dba38cc...
info|2019-12-12 14:47:11.734548|[g:1][CONSENSUS][PBFT]checkTimeout Succ,view=58626,toView=58627,nodeIdx=1,changeCycle=0,myNode=2dce86f9...,timecost=0.497
info|2019-12-12 14:47:11.736361|[g:1][CONSENSUS][PBFT]checkAndChangeView: Reach consensus,org_view=58626,org_changeCycle=0,cur_changeCycle=0,to_view=58627
info|2019-12-12 14:47:12.012982|[P2P][Service] heartBeat,connected count=3
info|2019-12-12 14:47:12.737480|[g:1][CONSENSUS]addRawPrepare,height=6,reqIdx=0,hash=590c708b...
info|2019-12-12 14:47:12.738181|[g:1][CONSENSUS][PBFT]checkTimeout Succ,view=58627,toView=58628,nodeIdx=1,changeCycle=0,myNode=2dce86f9...,timecost=0.543
info|2019-12-12 14:47:12.739742|[g:1][CONSENSUS][PBFT]checkAndChangeView: Reach consensus,org_view=58627,org_changeCycle=0,cur_changeCycle=0,to_view=58628
info|2019-12-12 14:47:13.740402|[g:1][CONSENSUS][SEALER]++++++++++++++++ Generating seal on,blkNum=6,tx=0,nodeIdx=1,hash=c55edb3d...
info|2019-12-12 14:47:13.741390|[g:1][CONSENSUS][PBFT]checkTimeout Succ,view=58628,toView=58629,nodeIdx=1,changeCycle=0,myNode=2dce86f9...,timecost=0.518
info|2019-12-12 14:47:13.744180|[g:1][CONSENSUS][PBFT]checkAndChangeView: Reach consensus,org_view=58628,org_changeCycle=0,cur_changeCycle=0,to_view=58629
info|2019-12-12 14:47:14.746407|[g:1][CONSENSUS]addRawPrepare,height=6,reqIdx=2,hash=a82bf4eb...
info|2019-12-12 14:47:14.747102|[g:1][CONSENSUS][PBFT]checkTimeout Succ,view=58629,toView=58630,nodeIdx=1,changeCycle=0,myNode=2dce86f9...,timecost=0.532
info|2019-12-12 14:47:14.748635|[g:1][CONSENSUS][PBFT]checkAndChangeView: Reach consensus,org_view=58629,org_changeCycle=0,cur_changeCycle=0,to_view=58630
info|2019-12-12 14:47:15.749822|[g:1][CONSENSUS]addRawPrepare,height=6,reqIdx=3,hash=8264081b...
info|2019-12-12 14:47:15.750425|[g:1][CONSENSUS][PBFT]checkTimeout Succ,view=58630,toView=58631,nodeIdx=1,changeCycle=0,myNode=2dce86f9...,timecost=0.483
info|2019-12-12 14:47:15.752153|[g:1][CONSENSUS][PBFT]checkAndChangeView: Reach consensus,org_view=58630,org_changeCycle=0,cur_changeCycle=0,to_view=58631
info|2019-12-12 14:47:16.753911|[g:1][CONSENSUS]addRawPrepare,height=6,reqIdx=0,hash=aa47a755...
info|2019-12-12 14:47:16.754526|[g:1][CONSENSUS][PBFT]checkTimeout Succ,view=58631,toView=58632,nodeIdx=1,changeCycle=0,myNode=2dce86f9...,timecost=0.474
info|2019-12-12 14:47:16.756037|[g:1][CONSENSUS][PBFT]checkAndChangeView: Reach consensus,org_view=58631,org_changeCycle=0,cur_changeCycle=0,to_view=58632
info|2019-12-12 14:47:17.756619|[g:1][CONSENSUS][SEALER]++++++++++++++++ Generating seal on,blkNum=6,tx=0,nodeIdx=1,hash=96b60fc3...
info|2019-12-12 14:47:17.757575|[g:1][CONSENSUS][PBFT]checkTimeout Succ,view=58632,toView=58633,nodeIdx=1,changeCycle=0,myNode=2dce86f9...,timecost=0.416
info|2019-12-12 14:47:17.760269|[g:1][CONSENSUS][PBFT]checkAndChangeView: Reach consensus,org_view=58632,org_changeCycle=0,cur_changeCycle=0,to_view=58633
info|2019-12-12 14:47:18.763058|[g:1][CONSENSUS]addRawPrepare,height=6,reqIdx=2,hash=d4b0820a...
info|2019-12-12 14:47:18.763720|[g:1][CONSENSUS][PBFT]checkTimeout Succ,view=58633,toView=58634,nodeIdx=1,changeCycle=0,myNode=2dce86f9...,timecost=0.485
info|2019-12-12 14:47:18.765195|[g:1][CONSENSUS][PBFT]checkAndChangeView: Reach consensus,org_view=58633,org_changeCycle=0,cur_changeCycle=0,to_view=58634
info|2019-12-12 14:47:19.768044|[g:1][CONSENSUS]addRawPrepare,height=6,reqIdx=3,hash=09ac88de...
info|2019-12-12 14:47:19.768694|[g:1][CONSENSUS][PBFT]checkTimeout Succ,view=58634,toView=58635,nodeIdx=1,changeCycle=0,myNode=2dce86f9...,timecost=0.476
info|2019-12-12 14:47:19.770308|[g:1][CONSENSUS][PBFT]checkAndChangeView: Reach consensus,org_view=58634,org_changeCycle=0,cur_changeCycle=0,to_view=58635
info|2019-12-12 14:47:20.773037|[g:1][CONSENSUS]addRawPrepare,height=6,reqIdx=0,hash=b151280e...
info|2019-12-12 14:47:20.773656|[g:1][CONSENSUS][PBFT]checkTimeout Succ,view=58635,toView=58636,nodeIdx=1,changeCycle=0,myNode=2dce86f9...,timecost=0.49
info|2019-12-12 14:47:20.775155|[g:1][CONSENSUS][PBFT]checkAndChangeView: Reach consensus,org_view=58635,org_changeCycle=0,cur_changeCycle=0,to_view=58636
info|2019-12-12 14:47:21.776350|[g:1][CONSENSUS][SEALER]++++++++++++++++ Generating seal on,blkNum=6,tx=0,nodeIdx=1,hash=0c121081...
info|2019-12-12 14:47:21.779630|[g:1][CONSENSUS][PBFT]checkTimeout Succ,view=58636,toView=58637,nodeIdx=1,changeCycle=0,myNode=2dce86f9...,timecost=0.492
info|2019-12-12 14:47:21.780360|[g:1][CONSENSUS][PBFT]checkAndChangeView: Reach consensus,org_view=58636,org_changeCycle=0,cur_changeCycle=0,to_view=58637
info|2019-12-12 14:47:22.022918|[P2P][Service] heartBeat,connected count=3
info|2019-12-12 14:47:22.781499|[g:1][CONSENSUS]addRawPrepare,height=6,reqIdx=2,hash=89e5b556...
info|2019-12-12 14:47:22.781905|[g:1][CONSENSUS][PBFT]checkTimeout Succ,view=58637,toView=58638,nodeIdx=1,changeCycle=0,myNode=2dce86f9...,timecost=0.314
info|2019-12-12 14:47:22.782887|[g:1][CONSENSUS][PBFT]checkAndChangeView: Reach consensus,org_view=58637,org_changeCycle=0,cur_changeCycle=0,to_view=58638
info|2019-12-12 14:47:23.784451|[g:1][CONSENSUS]addRawPrepare,height=6,reqIdx=3,hash=603d9aaf...
info|2019-12-12 14:47:23.784992|[g:1][CONSENSUS][PBFT]checkTimeout Succ,view=58638,toView=58639,nodeIdx=1,changeCycle=0,myNode=2dce86f9...,timecost=0.375
info|2019-12-12 14:47:23.786316|[g:1][CONSENSUS][PBFT]checkAndChangeView: Reach consensus,org_view=58638,org_changeCycle=0,cur_changeCycle=0,to_view=58639
info|2019-12-12 14:47:24.788362|[g:1][CONSENSUS]addRawPrepare,height=6,reqIdx=0,hash=0501ca16...
info|2019-12-12 14:47:24.789105|[g:1][CONSENSUS][PBFT]checkTimeout Succ,view=58639,toView=58640,nodeIdx=1,changeCycle=0,myNode=2dce86f9...,timecost=0.575
info|2019-12-12 14:47:24.790641|[g:1][CONSENSUS][PBFT]checkAndChangeView: Reach consensus,org_view=58639,org_changeCycle=0,cur_changeCycle=0,to_view=58640
info|2019-12-12 14:47:25.790895|[g:1][CONSENSUS][SEALER]++++++++++++++++ Generating seal on,blkNum=6,tx=0,nodeIdx=1,hash=5654168e...
info|2019-12-12 14:47:25.793219|[g:1][CONSENSUS][PBFT]checkTimeout Succ,view=58640,toView=58641,nodeIdx=1,changeCycle=0,myNode=2dce86f9...,timecost=0.314
info|2019-12-12 14:47:25.793724|[g:1][CONSENSUS][PBFT]checkAndChangeView: Reach consensus,org_view=58640,org_changeCycle=0,cur_changeCycle=0,to_view=58641
info|2019-12-12 14:47:26.795864|[g:1][CONSENSUS]addRawPrepare,height=6,reqIdx=2,hash=a9912efa...
info|2019-12-12 14:47:26.796441|[g:1][CONSENSUS][PBFT]checkTimeout Succ,view=58641,toView=58642,nodeIdx=1,changeCycle=0,myNode=2dce86f9...,timecost=0.447
info|2019-12-12 14:47:26.797860|[g:1][CONSENSUS][PBFT]checkAndChangeView: Reach consensus,org_view=58641,org_changeCycle=0,cur_changeCycle=0,to_view=58642
info|2019-12-12 14:47:27.799737|[g:1][CONSENSUS]addRawPrepare,height=6,reqIdx=3,hash=ea82a3de...
info|2019-12-12 14:47:27.800492|[g:1][CONSENSUS][PBFT]checkTimeout Succ,view=58642,toView=58643,nodeIdx=1,changeCycle=0,myNode=2dce86f9...,timecost=0.582
info|2019-12-12 14:47:27.801980|[g:1][CONSENSUS][PBFT]checkAndChangeView: Reach consensus,org_view=58642,org_changeCycle=0,cur_changeCycle=0,to_view=58643
info|2019-12-12 14:47:28.804300|[g:1][CONSENSUS]addRawPrepare,height=6,reqIdx=0,hash=bb7fda1b...
info|2019-12-12 14:47:28.804962|[g:1][CONSENSUS][PBFT]checkTimeout Succ,view=58643,toView=58644,nodeIdx=1,changeCycle=0,myNode=2dce86f9...,timecost=0.483
info|2019-12-12 14:47:28.806769|[g:1][CONSENSUS][PBFT]checkAndChangeView: Reach consensus,org_view=58643,org_changeCycle=0,cur_changeCycle=0,to_view=58644
info|2019-12-12 14:47:29.806189|[g:1][CONSENSUS][SEALER]++++++++++++++++ Generating seal on,blkNum=6,tx=0,nodeIdx=1,hash=0cf2b9e7...
info|2019-12-12 14:47:29.807098|[g:1][CONSENSUS][PBFT]checkTimeout Succ,view=58644,toView=58645,nodeIdx=1,changeCycle=0,myNode=2dce86f9...,timecost=0.366
info|2019-12-12 14:47:29.809438|[g:1][CONSENSUS][PBFT]checkAndChangeView: Reach consensus,org_view=58644,org_changeCycle=0,cur_changeCycle=0,to_view=58645
info|2019-12-12 14:47:30.811620|[g:1][CONSENSUS]addRawPrepare,height=6,reqIdx=2,hash=a6d4d6cf...
info|2019-12-12 14:47:30.812295|[g:1][CONSENSUS][PBFT]checkTimeout Succ,view=58645,toView=58646,nodeIdx=1,changeCycle=0,myNode=2dce86f9...,timecost=0.538
info|2019-12-12 14:47:30.813730|[g:1][CONSENSUS][PBFT]checkAndChangeView: Reach consensus,org_view=58645,org_changeCycle=0,cur_changeCycle=0,to_view=58646
info|2019-12-12 14:47:31.817232|[g:1][CONSENSUS]addRawPrepare,height=6,reqIdx=3,hash=636eccd7...
info|2019-12-12 14:47:31.817969|[g:1][CONSENSUS][PBFT]checkTimeout Succ,view=58646,toView=58647,nodeIdx=1,changeCycle=0,myNode=2dce86f9...,timecost=0.576
info|2019-12-12 14:47:31.819702|[g:1][CONSENSUS][PBFT]checkAndChangeView: Reach consensus,org_view=58646,org_changeCycle=0,cur_changeCycle=0,to_view=58647
info|2019-12-12 14:47:32.027230|[P2P][Service] heartBeat,connected count=3
info|2019-12-12 14:47:32.821204|[g:1][CONSENSUS]addRawPrepare,height=6,reqIdx=0,hash=9197c7ca...
info|2019-12-12 14:47:32.821863|[g:1][CONSENSUS][PBFT]checkTimeout Succ,view=58647,toView=58648,nodeIdx=1,changeCycle=0,myNode=2dce86f9...,timecost=0.521
info|2019-12-12 14:47:32.823324|[g:1][CONSENSUS][PBFT]checkAndChangeView: Reach consensus,org_view=58647,org_changeCycle=0,cur_changeCycle=0,to_view=58648
info|2019-12-12 14:47:33.824600|[g:1][CONSENSUS][SEALER]++++++++++++++++ Generating seal on,blkNum=6,tx=0,nodeIdx=1,hash=d138a1ba...
info|2019-12-12 14:47:33.825557|[g:1][CONSENSUS][PBFT]checkTimeout Succ,view=58648,toView=58649,nodeIdx=1,changeCycle=0,myNode=2dce86f9...,timecost=0.496
info|2019-12-12 14:47:33.827990|[g:1][CONSENSUS][PBFT]checkAndChangeView: Reach consensus,org_view=58648,org_changeCycle=0,cur_changeCycle=0,to_view=58649
info|2019-12-12 14:47:34.830123|[g:1][CONSENSUS]addRawPrepare,height=6,reqIdx=2,hash=3e32cea9...
info|2019-12-12 14:47:34.830761|[g:1][CONSENSUS][PBFT]checkTimeout Succ,view=58649,toView=58650,nodeIdx=1,changeCycle=0,myNode=2dce86f9...,timecost=0.492
info|2019-12-12 14:47:34.832660|[g:1][CONSENSUS][PBFT]checkAndChangeView: Reach consensus,org_view=58649,org_changeCycle=0,cur_changeCycle=0,to_view=58650
info|2019-12-12 14:47:35.833743|[g:1][CONSENSUS]addRawPrepare,height=6,reqIdx=3,hash=7faeae76...
info|2019-12-12 14:47:35.834423|[g:1][CONSENSUS][PBFT]checkTimeout Succ,view=58650,toView=58651,nodeIdx=1,changeCycle=0,myNode=2dce86f9...,timecost=0.542
info|2019-12-12 14:47:35.835840|[g:1][CONSENSUS][PBFT]checkAndChangeView: Reach consensus,org_view=58650,org_changeCycle=0,cur_changeCycle=0,to_view=58651
info|2019-12-12 14:47:36.837140|[g:1][CONSENSUS]addRawPrepare,height=6,reqIdx=0,hash=7d775769...
info|2019-12-12 14:47:36.837802|[g:1][CONSENSUS][PBFT]checkTimeout Succ,view=58651,toView=58652,nodeIdx=1,changeCycle=0,myNode=2dce86f9...,timecost=0.505
info|2019-12-12 14:47:36.839489|[g:1][CONSENSUS][PBFT]checkAndChangeView: Reach consensus,org_view=58651,org_changeCycle=0,cur_changeCycle=0,to_view=58652
info|2019-12-12 14:47:37.840693|[g:1][CONSENSUS][SEALER]++++++++++++++++ Generating seal on,blkNum=6,tx=0,nodeIdx=1,hash=b0c7c2d1...
info|2019-12-12 14:47:37.841662|[g:1][CONSENSUS][PBFT]checkTimeout Succ,view=58652,toView=58653,nodeIdx=1,changeCycle=0,myNode=2dce86f9...,timecost=0.487
info|2019-12-12 14:47:37.844271|[g:1][CONSENSUS][PBFT]checkAndChangeView: Reach consensus,org_view=58652,org_changeCycle=0,cur_changeCycle=0,to_view=58653
info|2019-12-12 14:47:38.846006|[g:1][CONSENSUS]addRawPrepare,height=6,reqIdx=2,hash=e1f06a81...
info|2019-12-12 14:47:38.846655|[g:1][CONSENSUS][PBFT]checkTimeout Succ,view=58653,toView=58654,nodeIdx=1,changeCycle=0,myNode=2dce86f9...,timecost=0.487
info|2019-12-12 14:47:38.847946|[g:1][CONSENSUS][PBFT]checkAndChangeView: Reach consensus,org_view=58653,org_changeCycle=0,cur_changeCycle=0,to_view=58654
info|2019-12-12 14:47:39.850186|[g:1][CONSENSUS]addRawPrepare,height=6,reqIdx=3,hash=cd8e7dec...
info|2019-12-12 14:47:39.850821|[g:1][CONSENSUS][PBFT]checkTimeout Succ,view=58654,toView=58655,nodeIdx=1,changeCycle=0,myNode=2dce86f9...,timecost=0.495
info|2019-12-12 14:47:39.852383|[g:1][CONSENSUS][PBFT]checkAndChangeView: Reach consensus,org_view=58654,org_changeCycle=0,cur_changeCycle=0,to_view=58655
info|2019-12-12 14:47:40.854659|[g:1][CONSENSUS]addRawPrepare,height=6,reqIdx=0,hash=856c8866...
info|2019-12-12 14:47:40.855279|[g:1][CONSENSUS][PBFT]checkTimeout Succ,view=58655,toView=58656,nodeIdx=1,changeCycle=0,myNode=2dce86f9...,timecost=0.531
info|2019-12-12 14:47:40.856976|[g:1][CONSENSUS][PBFT]checkAndChangeView: Reach consensus,org_view=58655,org_changeCycle=0,cur_changeCycle=0,to_view=58656
info|2019-12-12 14:47:41.857603|[g:1][CONSENSUS][SEALER]++++++++++++++++ Generating seal on,blkNum=6,tx=0,nodeIdx=1,hash=d6a4ac2c...
info|2019-12-12 14:47:41.858463|[g:1][CONSENSUS][PBFT]checkTimeout Succ,view=58656,toView=58657,nodeIdx=1,changeCycle=0,myNode=2dce86f9...,timecost=0.424
info|2019-12-12 14:47:41.860983|[g:1][CONSENSUS][PBFT]checkAndChangeView: Reach consensus,org_view=58656,org_changeCycle=0,cur_changeCycle=0,to_view=58657
info|2019-12-12 14:47:42.029828|[P2P][Service] heartBeat,connected count=3
info|2019-12-12 14:47:42.862313|[g:1][CONSENSUS]addRawPrepare,height=6,reqIdx=2,hash=a91703cb...
info|2019-12-12 14:47:42.862967|[g:1][CONSENSUS][PBFT]checkTimeout Succ,view=58657,toView=58658,nodeIdx=1,changeCycle=0,myNode=2dce86f9...,timecost=0.514
info|2019-12-12 14:47:42.864452|[g:1][CONSENSUS][PBFT]checkAndChangeView: Reach consensus,org_view=58657,org_changeCycle=0,cur_changeCycle=0,to_view=58658
info|2019-12-12 14:47:43.865879|[g:1][CONSENSUS]addRawPrepare,height=6,reqIdx=3,hash=27816d7b...
info|2019-12-12 14:47:43.866505|[g:1][CONSENSUS][PBFT]checkTimeout Succ,view=58658,toView=58659,nodeIdx=1,changeCycle=0,myNode=2dce86f9...,timecost=0.466
info|2019-12-12 14:47:43.867958|[g:1][CONSENSUS][PBFT]checkAndChangeView: Reach consensus,org_view=58658,org_changeCycle=0,cur_changeCycle=0,to_view=58659
info|2019-12-12 14:47:44.870530|[g:1][CONSENSUS]addRawPrepare,height=6,reqIdx=0,hash=426d20db...
info|2019-12-12 14:47:44.871209|[g:1][CONSENSUS][PBFT]checkTimeout Succ,view=58659,toView=58660,nodeIdx=1,changeCycle=0,myNode=2dce86f9...,timecost=0.516
info|2019-12-12 14:47:44.872939|[g:1][CONSENSUS][PBFT]checkAndChangeView: Reach consensus,org_view=58659,org_changeCycle=0,cur_changeCycle=0,to_view=58660
info|2019-12-12 14:47:45.873244|[g:1][CONSENSUS][SEALER]++++++++++++++++ Generating seal on,blkNum=6,tx=0,nodeIdx=1,hash=c5cc6682...
info|2019-12-12 14:47:45.874238|[g:1][CONSENSUS][PBFT]checkTimeout Succ,view=58660,toView=58661,nodeIdx=1,changeCycle=0,myNode=2dce86f9...,timecost=0.516
info|2019-12-12 14:47:45.876945|[g:1][CONSENSUS][PBFT]checkAndChangeView: Reach consensus,org_view=58660,org_changeCycle=0,cur_changeCycle=0,to_view=58661
info|2019-12-12 14:47:46.877941|[g:1][CONSENSUS]addRawPrepare,height=6,reqIdx=2,hash=d2a7780b...
info|2019-12-12 14:47:46.878863|[g:1][CONSENSUS][PBFT]checkTimeout Succ,view=58661,toView=58662,nodeIdx=1,changeCycle=0,myNode=2dce86f9...,timecost=0.762
info|2019-12-12 14:47:46.880283|[g:1][CONSENSUS][PBFT]checkAndChangeView: Reach consensus,org_view=58661,org_changeCycle=0,cur_changeCycle=0,to_view=58662
info|2019-12-12 14:47:47.882558|[g:1][CONSENSUS]addRawPrepare,height=6,reqIdx=3,hash=0dc9cdb1...
info|2019-12-12 14:47:47.883253|[g:1][CONSENSUS][PBFT]checkTimeout Succ,view=58662,toView=58663,nodeIdx=1,changeCycle=0,myNode=2dce86f9...,timecost=0.568
info|2019-12-12 14:47:47.884654|[g:1][CONSENSUS][PBFT]checkAndChangeView: Reach consensus,org_view=58662,org_changeCycle=0,cur_changeCycle=0,to_view=58663
info|2019-12-12 14:47:48.886066|[g:1][CONSENSUS]addRawPrepare,height=6,reqIdx=0,hash=9dc1f493...
info|2019-12-12 14:47:48.886848|[g:1][CONSENSUS][PBFT]checkTimeout Succ,view=58663,toView=58664,nodeIdx=1,changeCycle=0,myNode=2dce86f9...,timecost=0.648
info|2019-12-12 14:47:48.888321|[g:1][CONSENSUS][PBFT]checkAndChangeView: Reach consensus,org_view=58663,org_changeCycle=0,cur_changeCycle=0,to_view=58664
info|2019-12-12 14:47:49.889466|[g:1][CONSENSUS][SEALER]++++++++++++++++ Generating seal on,blkNum=6,tx=0,nodeIdx=1,hash=7490649f...
info|2019-12-12 14:47:49.890418|[g:1][CONSENSUS][PBFT]checkTimeout Succ,view=58664,toView=58665,nodeIdx=1,changeCycle=0,myNode=2dce86f9...,timecost=0.483
info|2019-12-12 14:47:49.892909|[g:1][CONSENSUS][PBFT]checkAndChangeView: Reach consensus,org_view=58664,org_changeCycle=0,cur_changeCycle=0,to_view=58665
info|2019-12-12 14:47:50.895447|[g:1][CONSENSUS]addRawPrepare,height=6,reqIdx=2,hash=89382e66...
info|2019-12-12 14:47:50.896019|[g:1][CONSENSUS][PBFT]checkTimeout Succ,view=58665,toView=58666,nodeIdx=1,changeCycle=0,myNode=2dce86f9...,timecost=0.444
info|2019-12-12 14:47:50.897366|[g:1][CONSENSUS][PBFT]checkAndChangeView: Reach consensus,org_view=58665,org_changeCycle=0,cur_changeCycle=0,to_view=58666
info|2019-12-12 14:47:51.900252|[g:1][CONSENSUS]addRawPrepare,height=6,reqIdx=3,hash=f5913f19...
info|2019-12-12 14:47:51.900904|[g:1][CONSENSUS][PBFT]checkTimeout Succ,view=58666,toView=58667,nodeIdx=1,changeCycle=0,myNode=2dce86f9...,timecost=0.488
info|2019-12-12 14:47:51.902465|[g:1][CONSENSUS][PBFT]checkAndChangeView: Reach consensus,org_view=58666,org_changeCycle=0,cur_changeCycle=0,to_view=58667
info|2019-12-12 14:47:52.036766|[P2P][Service] heartBeat,connected count=3
info|2019-12-12 14:47:52.904491|[g:1][CONSENSUS]addRawPrepare,height=6,reqIdx=0,hash=00663470...
info|2019-12-12 14:47:52.905354|[g:1][CONSENSUS][PBFT]checkTimeout Succ,view=58667,toView=58668,nodeIdx=1,changeCycle=0,myNode=2dce86f9...,timecost=0.684
info|2019-12-12 14:47:52.906849|[g:1][CONSENSUS][PBFT]checkAndChangeView: Reach consensus,org_view=58667,org_changeCycle=0,cur_changeCycle=0,to_view=58668
info|2019-12-12 14:47:53.907100|[g:1][CONSENSUS][SEALER]++++++++++++++++ Generating seal on,blkNum=6,tx=0,nodeIdx=1,hash=74e36b53...
info|2019-12-12 14:47:53.909576|[g:1][CONSENSUS][PBFT]checkTimeout Succ,view=58668,toView=58669,nodeIdx=1,changeCycle=0,myNode=2dce86f9...,timecost=0.463
info|2019-12-12 14:47:53.910190|[g:1][CONSENSUS][PBFT]checkAndChangeView: Reach consensus,org_view=58668,org_changeCycle=0,cur_changeCycle=0,to_view=58669
info|2019-12-12 14:47:54.911701|[g:1][CONSENSUS]addRawPrepare,height=6,reqIdx=2,hash=60d54a84...
info|2019-12-12 14:47:54.912280|[g:1][CONSENSUS][PBFT]checkTimeout Succ,view=58669,toView=58670,nodeIdx=1,changeCycle=0,myNode=2dce86f9...,timecost=0.446
info|2019-12-12 14:47:54.913791|[g:1][CONSENSUS][PBFT]checkAndChangeView: Reach consensus,org_view=58669,org_changeCycle=0,cur_changeCycle=0,to_view=58670
info|2019-12-12 14:47:55.915976|[g:1][CONSENSUS]addRawPrepare,height=6,reqIdx=3,hash=ab8b1c96...
info|2019-12-12 14:47:55.916585|[g:1][CONSENSUS][PBFT]checkTimeout Succ,view=58670,toView=58671,nodeIdx=1,changeCycle=0,myNode=2dce86f9...,timecost=0.472
info|2019-12-12 14:47:55.917911|[g:1][CONSENSUS][PBFT]checkAndChangeView: Reach consensus,org_view=58670,org_changeCycle=0,cur_changeCycle=0,to_view=58671
warning|2019-12-12 14:54:23.006043|[g:1][CONSENSUS][PBFT]ViewChangeWarning: not caused by omit empty block ,v=58671,toV=58672,curNum=5,hash=a9fec021...,nodeIdx=1,myNode=2dce86f9...
info|2019-12-12 14:54:23.007103|[P2P][Service] heartBeat,connected count=3
info|2019-12-12 14:54:23.007550|[g:1][CONSENSUS][PBFT]checkTimeout Succ,view=58671,toView=58672,nodeIdx=1,changeCycle=1,myNode=2dce86f9...,timecost=5.932
info|2019-12-12 14:54:23.010606|[g:1][CONSENSUS][PBFT]checkAndChangeView: Reach consensus,org_view=58671,org_changeCycle=1,cur_changeCycle=1,to_view=58672
info|2019-12-12 14:54:24.010690|[g:1][CONSENSUS][SEALER]++++++++++++++++ Generating seal on,blkNum=6,tx=0,nodeIdx=1,hash=c2daceaa...
info|2019-12-12 14:54:24.012986|[g:1][CONSENSUS][PBFT]checkTimeout Succ,view=58672,toView=58673,nodeIdx=1,changeCycle=0,myNode=2dce86f9...,timecost=0.358
info|2019-12-12 14:54:24.014090|[g:1][CONSENSUS][PBFT]checkAndChangeView: Reach consensus,org_view=58672,org_changeCycle=0,cur_changeCycle=0,to_view=58673
info|2019-12-12 14:54:25.014671|[g:1][CONSENSUS]addRawPrepare,height=6,reqIdx=2,hash=f4ffd2f3...
info|2019-12-12 14:54:25.015405|[g:1][CONSENSUS][PBFT]checkTimeout Succ,view=58673,toView=58674,nodeIdx=1,changeCycle=0,myNode=2dce86f9...,timecost=0.56
info|2019-12-12 14:54:25.017250|[g:1][CONSENSUS][PBFT]checkAndChangeView: Reach consensus,org_view=58673,org_changeCycle=0,cur_changeCycle=0,to_view=58674
info|2019-12-12 14:54:26.018510|[g:1][CONSENSUS]addRawPrepare,height=6,reqIdx=3,hash=942035e7...
info|2019-12-12 14:54:26.019039|[g:1][CONSENSUS][PBFT]checkTimeout Succ,view=58674,toView=58675,nodeIdx=1,changeCycle=0,myNode=2dce86f9...,timecost=0.39
info|2019-12-12 14:54:26.020166|[g:1][CONSENSUS][PBFT]checkAndChangeView: Reach consensus,org_view=58674,org_changeCycle=0,cur_changeCycle=0,to_view=58675
info|2019-12-12 14:54:27.021498|[g:1][CONSENSUS]addRawPrepare,height=6,reqIdx=0,hash=3e2c87c8...
info|2019-12-12 14:54:27.021951|[g:1][CONSENSUS][PBFT]checkTimeout Succ,view=58675,toView=58676,nodeIdx=1,changeCycle=0,myNode=2dce86f9...,timecost=0.332
info|2019-12-12 14:54:27.023341|[g:1][CONSENSUS][PBFT]checkAndChangeView: Reach consensus,org_view=58675,org_changeCycle=0,cur_changeCycle=0,to_view=58676
info|2019-12-12 14:54:28.024114|[g:1][CONSENSUS][SEALER]++++++++++++++++ Generating seal on,blkNum=6,tx=0,nodeIdx=1,hash=72930761...
info|2019-12-12 14:54:28.026742|[g:1][CONSENSUS][PBFT]checkTimeout Succ,view=58676,toView=58677,nodeIdx=1,changeCycle=0,myNode=2dce86f9...,timecost=0.352
info|2019-12-12 14:54:28.027540|[g:1][CONSENSUS][PBFT]checkAndChangeView: Reach consensus,org_view=58676,org_changeCycle=0,cur_changeCycle=0,to_view=58677
info|2019-12-12 14:54:29.029397|[g:1][CONSENSUS]addRawPrepare,height=6,reqIdx=2,hash=49bdd162...
info|2019-12-12 14:54:29.030081|[g:1][CONSENSUS][PBFT]checkTimeout Succ,view=58677,toView=58678,nodeIdx=1,changeCycle=0,myNode=2dce86f9...,timecost=0.502
info|2019-12-12 14:54:29.031517|[g:1][CONSENSUS][PBFT]checkAndChangeView: Reach consensus,org_view=58677,org_changeCycle=0,cur_changeCycle=0,to_view=58678
info|2019-12-12 14:54:30.032500|[g:1][CONSENSUS]addRawPrepare,height=6,reqIdx=3,hash=65b3b649...
info|2019-12-12 14:54:30.033162|[g:1][CONSENSUS][PBFT]checkTimeout Succ,view=58678,toView=58679,nodeIdx=1,changeCycle=0,myNode=2dce86f9...,timecost=0.501
info|2019-12-12 14:54:30.034718|[g:1][CONSENSUS][PBFT]checkAndChangeView: Reach consensus,org_view=58678,org_changeCycle=0,cur_changeCycle=0,to_view=58679
info|2019-12-12 14:54:31.036059|[g:1][CONSENSUS]addRawPrepare,height=6,reqIdx=0,hash=db954499...
info|2019-12-12 14:54:31.036716|[g:1][CONSENSUS][PBFT]checkTimeout Succ,view=58679,toView=58680,nodeIdx=1,changeCycle=0,myNode=2dce86f9...,timecost=0.505
info|2019-12-12 14:54:31.038379|[g:1][CONSENSUS][PBFT]checkAndChangeView: Reach consensus,org_view=58679,org_changeCycle=0,cur_changeCycle=0,to_view=58680
info|2019-12-12 14:54:32.038123|[g:1][CONSENSUS][SEALER]++++++++++++++++ Generating seal on,blkNum=6,tx=0,nodeIdx=1,hash=58ed169a...
info|2019-12-12 14:54:32.040091|[g:1][CONSENSUS][PBFT]checkTimeout Succ,view=58680,toView=58681,nodeIdx=1,changeCycle=0,myNode=2dce86f9...,timecost=0.416
info|2019-12-12 14:54:32.041122|[g:1][CONSENSUS][PBFT]checkAndChangeView: Reach consensus,org_view=58680,org_changeCycle=0,cur_changeCycle=0,to_view=58681
info|2019-12-12 14:54:33.011715|[P2P][Service] heartBeat,connected count=3
info|2019-12-12 14:54:33.042982|[g:1][CONSENSUS]addRawPrepare,height=6,reqIdx=2,hash=db8003dc...
info|2019-12-12 14:54:33.044004|[g:1][CONSENSUS][PBFT]checkTimeout Succ,view=58681,toView=58682,nodeIdx=1,changeCycle=0,myNode=2dce86f9...,timecost=0.894
info|2019-12-12 14:54:33.045768|[g:1][CONSENSUS][PBFT]checkAndChangeView: Reach consensus,org_view=58681,org_changeCycle=0,cur_changeCycle=0,to_view=58682
info|2019-12-12 14:54:34.048579|[g:1][CONSENSUS]addRawPrepare,height=6,reqIdx=3,hash=bb008edb...
info|2019-12-12 14:54:34.049178|[g:1][CONSENSUS][PBFT]checkTimeout Succ,view=58682,toView=58683,nodeIdx=1,changeCycle=0,myNode=2dce86f9...,timecost=0.458
info|2019-12-12 14:54:34.050930|[g:1][CONSENSUS][PBFT]checkAndChangeView: Reach consensus,org_view=58682,org_changeCycle=0,cur_changeCycle=0,to_view=58683
info|2019-12-12 14:54:35.051913|[g:1][CONSENSUS]addRawPrepare,height=6,reqIdx=0,hash=2e77186b...
info|2019-12-12 14:54:35.052671|[g:1][CONSENSUS][PBFT]checkTimeout Succ,view=58683,toView=58684,nodeIdx=1,changeCycle=0,myNode=2dce86f9...,timecost=0.474
info|2019-12-12 14:54:35.054111|[g:1][CONSENSUS][PBFT]checkAndChangeView: Reach consensus,org_view=58683,org_changeCycle=0,cur_changeCycle=0,to_view=58684
info|2019-12-12 14:54:36.055688|[g:1][CONSENSUS][SEALER]++++++++++++++++ Generating seal on,blkNum=6,tx=0,nodeIdx=1,hash=70b96420...
info|2019-12-12 14:54:36.058339|[g:1][CONSENSUS][PBFT]checkTimeout Succ,view=58684,toView=58685,nodeIdx=1,changeCycle=0,myNode=2dce86f9...,timecost=0.535
info|2019-12-12 14:54:36.059822|[g:1][CONSENSUS][PBFT]checkAndChangeView: Reach consensus,org_view=58684,org_changeCycle=0,cur_changeCycle=0,to_view=58685
info|2019-12-12 14:54:37.062192|[g:1][CONSENSUS]addRawPrepare,height=6,reqIdx=2,hash=dc3512d0...
info|2019-12-12 14:54:37.062797|[g:1][CONSENSUS][PBFT]checkTimeout Succ,view=58685,toView=58686,nodeIdx=1,changeCycle=0,myNode=2dce86f9...,timecost=0.455
info|2019-12-12 14:54:37.064240|[g:1][CONSENSUS][PBFT]checkAndChangeView: Reach consensus,org_view=58685,org_changeCycle=0,cur_changeCycle=0,to_view=58686
info|2019-12-12 14:54:38.066319|[g:1][CONSENSUS]addRawPrepare,height=6,reqIdx=3,hash=d2a74f7c...
info|2019-12-12 14:54:38.067367|[g:1][CONSENSUS][PBFT]checkTimeout Succ,view=58686,toView=58687,nodeIdx=1,changeCycle=0,myNode=2dce86f9...,timecost=0.905
info|2019-12-12 14:54:38.069003|[g:1][CONSENSUS][PBFT]checkAndChangeView: Reach consensus,org_view=58686,org_changeCycle=0,cur_changeCycle=0,to_view=58687
info|2019-12-12 14:54:39.071071|[g:1][CONSENSUS]addRawPrepare,height=6,reqIdx=0,hash=4fcd5d6e...
info|2019-12-12 14:54:39.071583|[g:1][CONSENSUS][PBFT]checkTimeout Succ,view=58687,toView=58688,nodeIdx=1,changeCycle=0,myNode=2dce86f9...,timecost=0.383
info|2019-12-12 14:54:39.072731|[g:1][CONSENSUS][PBFT]checkAndChangeView: Reach consensus,org_view=58687,org_changeCycle=0,cur_changeCycle=0,to_view=58688
info|2019-12-12 14:54:40.073305|[g:1][CONSENSUS][SEALER]++++++++++++++++ Generating seal on,blkNum=6,tx=0,nodeIdx=1,hash=3acea76e...
info|2019-12-12 14:54:40.075963|[g:1][CONSENSUS][PBFT]checkTimeout Succ,view=58688,toView=58689,nodeIdx=1,changeCycle=0,myNode=2dce86f9...,timecost=0.438
info|2019-12-12 14:54:40.077441|[g:1][CONSENSUS][PBFT]checkAndChangeView: Reach consensus,org_view=58688,org_changeCycle=0,cur_changeCycle=0,to_view=58689
info|2019-12-12 14:54:41.077976|[g:1][CONSENSUS]addRawPrepare,height=6,reqIdx=2,hash=6f55418c...
info|2019-12-12 14:54:41.078614|[g:1][CONSENSUS][PBFT]checkTimeout Succ,view=58689,toView=58690,nodeIdx=1,changeCycle=0,myNode=2dce86f9...,timecost=0.491
info|2019-12-12 14:54:41.080421|[g:1][CONSENSUS][PBFT]checkAndChangeView: Reach consensus,org_view=58689,org_changeCycle=0,cur_changeCycle=0,to_view=58690
info|2019-12-12 14:54:42.082911|[g:1][CONSENSUS]addRawPrepare,height=6,reqIdx=3,hash=bda5c55b...
info|2019-12-12 14:54:42.083622|[g:1][CONSENSUS][PBFT]checkTimeout Succ,view=58690,toView=58691,nodeIdx=1,changeCycle=0,myNode=2dce86f9...,timecost=0.531
info|2019-12-12 14:54:42.085192|[g:1][CONSENSUS][PBFT]checkAndChangeView: Reach consensus,org_view=58690,org_changeCycle=0,cur_changeCycle=0,to_view=58691
info|2019-12-12 14:54:43.017675|[P2P][Service] heartBeat,connected count=3
info|2019-12-12 14:54:43.086799|[g:1][CONSENSUS]addRawPrepare,height=6,reqIdx=0,hash=6dd52136...
info|2019-12-12 14:54:43.087690|[g:1][CONSENSUS][PBFT]checkTimeout Succ,view=58691,toView=58692,nodeIdx=1,changeCycle=0,myNode=2dce86f9...,timecost=0.772
info|2019-12-12 14:54:43.089068|[g:1][CONSENSUS][PBFT]checkAndChangeView: Reach consensus,org_view=58691,org_changeCycle=0,cur_changeCycle=0,to_view=58692
info|2019-12-12 14:54:44.089343|[g:1][CONSENSUS][SEALER]++++++++++++++++ Generating seal on,blkNum=6,tx=0,nodeIdx=1,hash=b9ba4245...
info|2019-12-12 14:54:44.092618|[g:1][CONSENSUS][PBFT]checkTimeout Succ,view=58692,toView=58693,nodeIdx=1,changeCycle=0,myNode=2dce86f9...,timecost=0.502
info|2019-12-12 14:54:44.093390|[g:1][CONSENSUS][PBFT]checkAndChangeView: Reach consensus,org_view=58692,org_changeCycle=0,cur_changeCycle=0,to_view=58693
info|2019-12-12 14:54:45.093368|[g:1][CONSENSUS]addRawPrepare,height=6,reqIdx=2,hash=f91ce379...
info|2019-12-12 14:54:45.094005|[g:1][CONSENSUS][PBFT]checkTimeout Succ,view=58693,toView=58694,nodeIdx=1,changeCycle=0,myNode=2dce86f9...,timecost=0.466
info|2019-12-12 14:54:45.095495|[g:1][CONSENSUS][PBFT]checkAndChangeView: Reach consensus,org_view=58693,org_changeCycle=0,cur_changeCycle=0,to_view=58694
info|2019-12-12 14:54:46.098000|[g:1][CONSENSUS]addRawPrepare,height=6,reqIdx=3,hash=65318008...
info|2019-12-12 14:54:46.098696|[g:1][CONSENSUS][PBFT]checkTimeout Succ,view=58694,toView=58695,nodeIdx=1,changeCycle=0,myNode=2dce86f9...,timecost=0.519
info|2019-12-12 14:54:46.100127|[g:1][CONSENSUS][PBFT]checkAndChangeView: Reach consensus,org_view=58694,org_changeCycle=0,cur_changeCycle=0,to_view=58695
info|2019-12-12 14:54:47.101628|[g:1][CONSENSUS]addRawPrepare,height=6,reqIdx=0,hash=57358a67...
info|2019-12-12 14:54:47.102313|[g:1][CONSENSUS][PBFT]checkTimeout Succ,view=58695,toView=58696,nodeIdx=1,changeCycle=0,myNode=2dce86f9...,timecost=0.528
info|2019-12-12 14:54:47.103935|[g:1][CONSENSUS][PBFT]checkAndChangeView: Reach consensus,org_view=58695,org_changeCycle=0,cur_changeCycle=0,to_view=58696
info|2019-12-12 14:54:48.104526|[g:1][CONSENSUS][SEALER]++++++++++++++++ Generating seal on,blkNum=6,tx=0,nodeIdx=1,hash=1e11488b...
info|2019-12-12 14:54:48.105753|[g:1][CONSENSUS][PBFT]checkTimeout Succ,view=58696,toView=58697,nodeIdx=1,changeCycle=0,myNode=2dce86f9...,timecost=0.759
info|2019-12-12 14:54:48.108621|[g:1][CONSENSUS][PBFT]checkAndChangeView: Reach consensus,org_view=58696,org_changeCycle=0,cur_changeCycle=0,to_view=58697
info|2019-12-12 14:54:49.111687|[g:1][CONSENSUS]addRawPrepare,height=6,reqIdx=2,hash=6399e172...
info|2019-12-12 14:54:49.112310|[g:1][CONSENSUS][PBFT]checkTimeout Succ,view=58697,toView=58698,nodeIdx=1,changeCycle=0,myNode=2dce86f9...,timecost=0.471
info|2019-12-12 14:54:49.113785|[g:1][CONSENSUS][PBFT]checkAndChangeView: Reach consensus,org_view=58697,org_changeCycle=0,cur_changeCycle=0,to_view=58698
info|2019-12-12 14:54:50.114700|[g:1][CONSENSUS]addRawPrepare,height=6,reqIdx=3,hash=1871706d...
info|2019-12-12 14:54:50.115388|[g:1][CONSENSUS][PBFT]checkTimeout Succ,view=58698,toView=58699,nodeIdx=1,changeCycle=0,myNode=2dce86f9...,timecost=0.523
info|2019-12-12 14:54:50.116838|[g:1][CONSENSUS][PBFT]checkAndChangeView: Reach consensus,org_view=58698,org_changeCycle=0,cur_changeCycle=0,to_view=58699
info|2019-12-12 14:54:51.118299|[g:1][CONSENSUS]addRawPrepare,height=6,reqIdx=0,hash=9da47b10...
info|2019-12-12 14:54:51.118912|[g:1][CONSENSUS][PBFT]checkTimeout Succ,view=58699,toView=58700,nodeIdx=1,changeCycle=0,myNode=2dce86f9...,timecost=0.488
info|2019-12-12 14:54:51.120470|[g:1][CONSENSUS][PBFT]checkAndChangeView: Reach consensus,org_view=58699,org_changeCycle=0,cur_changeCycle=0,to_view=58700
