warning|2019-11-13 00:24:01.010745|[g:1][CONSENSUS][PBFT]ViewChangeWarning: not caused by omit empty block ,v=62009,toV=62010,curNum=0,hash=f72cae63...,nodeIdx=1,myNode=2dce86f9...
info|2019-11-13 00:24:01.012135|[P2P][Service] heartBeat,connected count=3
info|2019-11-13 00:24:01.013039|[g:1][CONSENSUS][PBFT]checkTimeout Succ,view=62009,toView=62010,nodeIdx=1,changeCycle=1,myNode=2dce86f9...,timecost=8.492
info|2019-11-13 00:24:01.016738|[g:1][CONSENSUS][PBFT]checkAndChangeView: Reach consensus,org_view=62009,org_changeCycle=1,cur_changeCycle=1,to_view=62010
info|2019-11-13 00:24:02.018674|[g:1][CONSENSUS]addRawPrepare,height=1,reqIdx=2,hash=2f51a1ae...
info|2019-11-13 00:24:02.019403|[g:1][CONSENSUS][PBFT]checkTimeout Succ,view=62010,toView=62011,nodeIdx=1,changeCycle=0,myNode=2dce86f9...,timecost=0.556
info|2019-11-13 00:24:02.020669|[g:1][CONSENSUS][PBFT]checkAndChangeView: Reach consensus,org_view=62010,org_changeCycle=0,cur_changeCycle=0,to_view=62011
info|2019-11-13 00:24:03.022589|[g:1][CONSENSUS]addRawPrepare,height=1,reqIdx=3,hash=6f28c0e4...
info|2019-11-13 00:24:03.023358|[g:1][CONSENSUS][PBFT]checkTimeout Succ,view=62011,toView=62012,nodeIdx=1,changeCycle=0,myNode=2dce86f9...,timecost=0.623
info|2019-11-13 00:24:03.024582|[g:1][CONSENSUS][PBFT]checkAndChangeView: Reach consensus,org_view=62011,org_changeCycle=0,cur_changeCycle=0,to_view=62012
info|2019-11-13 00:24:04.025059|[g:1][CONSENSUS]addRawPrepare,height=1,reqIdx=0,hash=71e9f113...
info|2019-11-13 00:24:04.025570|[g:1][CONSENSUS][PBFT]checkTimeout Succ,view=62012,toView=62013,nodeIdx=1,changeCycle=0,myNode=2dce86f9...,timecost=0.416
info|2019-11-13 00:24:04.026698|[g:1][CONSENSUS][PBFT]checkAndChangeView: Reach consensus,org_view=62012,org_changeCycle=0,cur_changeCycle=0,to_view=62013
info|2019-11-13 00:24:05.026995|[g:1][CONSENSUS][SEALER]++++++++++++++++ Generating seal on,blkNum=1,tx=0,nodeIdx=1,hash=dae03a0d...
info|2019-11-13 00:24:05.027968|[g:1][CONSENSUS][PBFT]checkTimeout Succ,view=62013,toView=62014,nodeIdx=1,changeCycle=0,myNode=2dce86f9...,timecost=0.502
info|2019-11-13 00:24:05.030626|[g:1][CONSENSUS][PBFT]checkAndChangeView: Reach consensus,org_view=62013,org_changeCycle=0,cur_changeCycle=0,to_view=62014
info|2019-11-13 00:24:06.031822|[g:1][CONSENSUS]addRawPrepare,height=1,reqIdx=2,hash=a4b5962f...
info|2019-11-13 00:24:06.032762|[g:1][CONSENSUS][PBFT]checkTimeout Succ,view=62014,toView=62015,nodeIdx=1,changeCycle=0,myNode=2dce86f9...,timecost=0.849
info|2019-11-13 00:24:06.034043|[g:1][CONSENSUS][PBFT]checkAndChangeView: Reach consensus,org_view=62014,org_changeCycle=0,cur_changeCycle=0,to_view=62015
info|2019-11-13 00:24:07.034622|[g:1][CONSENSUS]addRawPrepare,height=1,reqIdx=3,hash=d29d4885...
info|2019-11-13 00:24:07.035126|[g:1][CONSENSUS][PBFT]checkTimeout Succ,view=62015,toView=62016,nodeIdx=1,changeCycle=0,myNode=2dce86f9...,timecost=0.38
info|2019-11-13 00:24:07.036275|[g:1][CONSENSUS][PBFT]checkAndChangeView: Reach consensus,org_view=62015,org_changeCycle=0,cur_changeCycle=0,to_view=62016
info|2019-11-13 00:24:08.038221|[g:1][CONSENSUS]addRawPrepare,height=1,reqIdx=0,hash=d058b954...
info|2019-11-13 00:24:08.038695|[g:1][CONSENSUS][PBFT]checkTimeout Succ,view=62016,toView=62017,nodeIdx=1,changeCycle=0,myNode=2dce86f9...,timecost=0.353
info|2019-11-13 00:24:08.039828|[g:1][CONSENSUS][PBFT]checkAndChangeView: Reach consensus,org_view=62016,org_changeCycle=0,cur_changeCycle=0,to_view=62017
info|2019-11-13 00:24:09.039824|[g:1][CONSENSUS][SEALER]++++++++++++++++ Generating seal on,blkNum=1,tx=0,nodeIdx=1,hash=71519564...
info|2019-11-13 00:24:09.040516|[g:1][CONSENSUS][PBFT]checkTimeout Succ,view=62017,toView=62018,nodeIdx=1,changeCycle=0,myNode=2dce86f9...,timecost=0.318
info|2019-11-13 00:24:09.042326|[g:1][CONSENSUS][PBFT]checkAndChangeView: Reach consensus,org_view=62017,org_changeCycle=0,cur_changeCycle=0,to_view=62018
info|2019-11-13 00:24:10.044236|[g:1][CONSENSUS]addRawPrepare,height=1,reqIdx=2,hash=484f038d...
info|2019-11-13 00:24:10.044766|[g:1][CONSENSUS][PBFT]checkTimeout Succ,view=62018,toView=62019,nodeIdx=1,changeCycle=0,myNode=2dce86f9...,timecost=0.404
info|2019-11-13 00:24:10.045899|[g:1][CONSENSUS][PBFT]checkAndChangeView: Reach consensus,org_view=62018,org_changeCycle=0,cur_changeCycle=0,to_view=62019
info|2019-11-13 00:24:11.014242|[P2P][Service] heartBeat,connected count=3
info|2019-11-13 00:24:11.047337|[g:1][CONSENSUS]addRawPrepare,height=1,reqIdx=3,hash=5c827f83...
info|2019-11-13 00:24:11.048100|[g:1][CONSENSUS][PBFT]checkTimeout Succ,view=62019,toView=62020,nodeIdx=1,changeCycle=0,myNode=2dce86f9...,timecost=0.61
info|2019-11-13 00:24:11.049930|[g:1][CONSENSUS][PBFT]checkAndChangeView: Reach consensus,org_view=62019,org_changeCycle=0,cur_changeCycle=0,to_view=62020
info|2019-11-13 00:24:12.052629|[g:1][CONSENSUS]addRawPrepare,height=1,reqIdx=0,hash=63044156...
info|2019-11-13 00:24:12.053361|[g:1][CONSENSUS][PBFT]checkTimeout Succ,view=62020,toView=62021,nodeIdx=1,changeCycle=0,myNode=2dce86f9...,timecost=0.521
info|2019-11-13 00:24:12.054993|[g:1][CONSENSUS][PBFT]checkAndChangeView: Reach consensus,org_view=62020,org_changeCycle=0,cur_changeCycle=0,to_view=62021
info|2019-11-13 00:24:13.055230|[g:1][CONSENSUS][SEALER]++++++++++++++++ Generating seal on,blkNum=1,tx=0,nodeIdx=1,hash=b3615d56...
info|2019-11-13 00:24:13.058084|[g:1][CONSENSUS][PBFT]checkTimeout Succ,view=62021,toView=62022,nodeIdx=1,changeCycle=0,myNode=2dce86f9...,timecost=0.547
info|2019-11-13 00:24:13.058757|[g:1][CONSENSUS][PBFT]checkAndChangeView: Reach consensus,org_view=62021,org_changeCycle=0,cur_changeCycle=0,to_view=62022
info|2019-11-13 00:24:14.059707|[g:1][CONSENSUS]addRawPrepare,height=1,reqIdx=2,hash=fa6d431d...
info|2019-11-13 00:24:14.060322|[g:1][CONSENSUS][PBFT]checkTimeout Succ,view=62022,toView=62023,nodeIdx=1,changeCycle=0,myNode=2dce86f9...,timecost=0.479
info|2019-11-13 00:24:14.062016|[g:1][CONSENSUS][PBFT]checkAndChangeView: Reach consensus,org_view=62022,org_changeCycle=0,cur_changeCycle=0,to_view=62023
info|2019-11-13 00:24:15.063376|[g:1][CONSENSUS]addRawPrepare,height=1,reqIdx=3,hash=8b6cf58f...
info|2019-11-13 00:24:15.063919|[g:1][CONSENSUS][PBFT]checkTimeout Succ,view=62023,toView=62024,nodeIdx=1,changeCycle=0,myNode=2dce86f9...,timecost=0.411
info|2019-11-13 00:24:15.065002|[g:1][CONSENSUS][PBFT]checkAndChangeView: Reach consensus,org_view=62023,org_changeCycle=0,cur_changeCycle=0,to_view=62024
info|2019-11-13 00:24:16.067592|[g:1][CONSENSUS]addRawPrepare,height=1,reqIdx=0,hash=1077511f...
info|2019-11-13 00:24:16.068438|[g:1][CONSENSUS][PBFT]checkTimeout Succ,view=62024,toView=62025,nodeIdx=1,changeCycle=0,myNode=2dce86f9...,timecost=0.68
info|2019-11-13 00:24:16.069789|[g:1][CONSENSUS][PBFT]checkAndChangeView: Reach consensus,org_view=62024,org_changeCycle=0,cur_changeCycle=0,to_view=62025
info|2019-11-13 00:24:17.070161|[g:1][CONSENSUS][SEALER]++++++++++++++++ Generating seal on,blkNum=1,tx=0,nodeIdx=1,hash=75d47065...
info|2019-11-13 00:24:17.071148|[g:1][CONSENSUS][PBFT]checkTimeout Succ,view=62025,toView=62026,nodeIdx=1,changeCycle=0,myNode=2dce86f9...,timecost=0.537
info|2019-11-13 00:24:17.073802|[g:1][CONSENSUS][PBFT]checkAndChangeView: Reach consensus,org_view=62025,org_changeCycle=0,cur_changeCycle=0,to_view=62026
info|2019-11-13 00:24:18.076818|[g:1][CONSENSUS]addRawPrepare,height=1,reqIdx=2,hash=1f4b0649...
info|2019-11-13 00:24:18.077466|[g:1][CONSENSUS][PBFT]checkTimeout Succ,view=62026,toView=62027,nodeIdx=1,changeCycle=0,myNode=2dce86f9...,timecost=0.501
info|2019-11-13 00:24:18.078967|[g:1][CONSENSUS][PBFT]checkAndChangeView: Reach consensus,org_view=62026,org_changeCycle=0,cur_changeCycle=0,to_view=62027
info|2019-11-13 00:24:19.079543|[g:1][CONSENSUS]addRawPrepare,height=1,reqIdx=3,hash=14f49fc6...
info|2019-11-13 00:24:19.080190|[g:1][CONSENSUS][PBFT]checkTimeout Succ,view=62027,toView=62028,nodeIdx=1,changeCycle=0,myNode=2dce86f9...,timecost=0.486
info|2019-11-13 00:24:19.081612|[g:1][CONSENSUS][PBFT]checkAndChangeView: Reach consensus,org_view=62027,org_changeCycle=0,cur_changeCycle=0,to_view=62028
info|2019-11-13 00:24:20.083029|[g:1][CONSENSUS]addRawPrepare,height=1,reqIdx=0,hash=73ab854d...
info|2019-11-13 00:24:20.083685|[g:1][CONSENSUS][PBFT]checkTimeout Succ,view=62028,toView=62029,nodeIdx=1,changeCycle=0,myNode=2dce86f9...,timecost=0.504
info|2019-11-13 00:24:20.085192|[g:1][CONSENSUS][PBFT]checkAndChangeView: Reach consensus,org_view=62028,org_changeCycle=0,cur_changeCycle=0,to_view=62029
info|2019-11-13 00:24:21.014506|[P2P][Service] heartBeat,connected count=3
info|2019-11-13 00:24:21.086301|[g:1][CONSENSUS][SEALER]++++++++++++++++ Generating seal on,blkNum=1,tx=0,nodeIdx=1,hash=cf06723f...
info|2019-11-13 00:24:21.087049|[g:1][CONSENSUS][PBFT]checkTimeout Succ,view=62029,toView=62030,nodeIdx=1,changeCycle=0,myNode=2dce86f9...,timecost=0.408
info|2019-11-13 00:24:21.088941|[g:1][CONSENSUS][PBFT]checkAndChangeView: Reach consensus,org_view=62029,org_changeCycle=0,cur_changeCycle=0,to_view=62030
info|2019-11-13 00:24:22.090271|[g:1][CONSENSUS]addRawPrepare,height=1,reqIdx=2,hash=a31b3cdd...
info|2019-11-13 00:24:22.090909|[g:1][CONSENSUS][PBFT]checkTimeout Succ,view=62030,toView=62031,nodeIdx=1,changeCycle=0,myNode=2dce86f9...,timecost=0.503
info|2019-11-13 00:24:22.092359|[g:1][CONSENSUS][PBFT]checkAndChangeView: Reach consensus,org_view=62030,org_changeCycle=0,cur_changeCycle=0,to_view=62031
info|2019-11-13 00:24:23.094438|[g:1][CONSENSUS]addRawPrepare,height=1,reqIdx=3,hash=3fb11660...
info|2019-11-13 00:24:23.095086|[g:1][CONSENSUS][PBFT]checkTimeout Succ,view=62031,toView=62032,nodeIdx=1,changeCycle=0,myNode=2dce86f9...,timecost=0.488
info|2019-11-13 00:24:23.096805|[g:1][CONSENSUS][PBFT]checkAndChangeView: Reach consensus,org_view=62031,org_changeCycle=0,cur_changeCycle=0,to_view=62032
info|2019-11-13 00:24:24.098067|[g:1][CONSENSUS]addRawPrepare,height=1,reqIdx=0,hash=dccef0a6...
info|2019-11-13 00:24:24.098789|[g:1][CONSENSUS][PBFT]checkTimeout Succ,view=62032,toView=62033,nodeIdx=1,changeCycle=0,myNode=2dce86f9...,timecost=0.497
info|2019-11-13 00:24:24.100212|[g:1][CONSENSUS][PBFT]checkAndChangeView: Reach consensus,org_view=62032,org_changeCycle=0,cur_changeCycle=0,to_view=62033
info|2019-11-13 00:24:25.101032|[g:1][CONSENSUS][SEALER]++++++++++++++++ Generating seal on,blkNum=1,tx=0,nodeIdx=1,hash=6d54f73e...
info|2019-11-13 00:24:25.101817|[g:1][CONSENSUS][PBFT]checkTimeout Succ,view=62033,toView=62034,nodeIdx=1,changeCycle=0,myNode=2dce86f9...,timecost=0.398
info|2019-11-13 00:24:25.104108|[g:1][CONSENSUS][PBFT]checkAndChangeView: Reach consensus,org_view=62033,org_changeCycle=0,cur_changeCycle=0,to_view=62034
info|2019-11-13 00:24:26.106267|[g:1][CONSENSUS]addRawPrepare,height=1,reqIdx=2,hash=5f55b939...
info|2019-11-13 00:24:26.107129|[g:1][CONSENSUS][PBFT]checkTimeout Succ,view=62034,toView=62035,nodeIdx=1,changeCycle=0,myNode=2dce86f9...,timecost=0.693
info|2019-11-13 00:24:26.108743|[g:1][CONSENSUS][PBFT]checkAndChangeView: Reach consensus,org_view=62034,org_changeCycle=0,cur_changeCycle=0,to_view=62035
info|2019-11-13 00:24:27.109903|[g:1][CONSENSUS]addRawPrepare,height=1,reqIdx=3,hash=899ae5fb...
info|2019-11-13 00:24:27.110809|[g:1][CONSENSUS][PBFT]checkTimeout Succ,view=62035,toView=62036,nodeIdx=1,changeCycle=0,myNode=2dce86f9...,timecost=0.757
info|2019-11-13 00:24:27.112415|[g:1][CONSENSUS][PBFT]checkAndChangeView: Reach consensus,org_view=62035,org_changeCycle=0,cur_changeCycle=0,to_view=62036
info|2019-11-13 00:24:28.114167|[g:1][CONSENSUS]addRawPrepare,height=1,reqIdx=0,hash=228e74cd...
info|2019-11-13 00:24:28.114830|[g:1][CONSENSUS][PBFT]checkTimeout Succ,view=62036,toView=62037,nodeIdx=1,changeCycle=0,myNode=2dce86f9...,timecost=0.531
info|2019-11-13 00:24:28.116531|[g:1][CONSENSUS][PBFT]checkAndChangeView: Reach consensus,org_view=62036,org_changeCycle=0,cur_changeCycle=0,to_view=62037
info|2019-11-13 00:24:29.116993|[g:1][CONSENSUS][SEALER]++++++++++++++++ Generating seal on,blkNum=1,tx=0,nodeIdx=1,hash=45b8ac29...
info|2019-11-13 00:24:29.118074|[g:1][CONSENSUS][PBFT]checkTimeout Succ,view=62037,toView=62038,nodeIdx=1,changeCycle=0,myNode=2dce86f9...,timecost=0.626
info|2019-11-13 00:24:29.120491|[g:1][CONSENSUS][PBFT]checkAndChangeView: Reach consensus,org_view=62037,org_changeCycle=0,cur_changeCycle=0,to_view=62038
info|2019-11-13 00:24:30.122653|[g:1][CONSENSUS]addRawPrepare,height=1,reqIdx=2,hash=66651dc3...
info|2019-11-13 00:24:30.123308|[g:1][CONSENSUS][PBFT]checkTimeout Succ,view=62038,toView=62039,nodeIdx=1,changeCycle=0,myNode=2dce86f9...,timecost=0.488
info|2019-11-13 00:24:30.124886|[g:1][CONSENSUS][PBFT]checkAndChangeView: Reach consensus,org_view=62038,org_changeCycle=0,cur_changeCycle=0,to_view=62039
info|2019-11-13 00:24:31.020433|[P2P][Service] heartBeat,connected count=3
info|2019-11-13 00:24:31.126750|[g:1][CONSENSUS]addRawPrepare,height=1,reqIdx=3,hash=cc008393...
info|2019-11-13 00:24:31.127385|[g:1][CONSENSUS][PBFT]checkTimeout Succ,view=62039,toView=62040,nodeIdx=1,changeCycle=0,myNode=2dce86f9...,timecost=0.519
info|2019-11-13 00:24:31.129497|[g:1][CONSENSUS][PBFT]checkAndChangeView: Reach consensus,org_view=62039,org_changeCycle=0,cur_changeCycle=0,to_view=62040
info|2019-11-13 00:24:32.131273|[g:1][CONSENSUS]addRawPrepare,height=1,reqIdx=0,hash=708f925c...
info|2019-11-13 00:24:32.131879|[g:1][CONSENSUS][PBFT]checkTimeout Succ,view=62040,toView=62041,nodeIdx=1,changeCycle=0,myNode=2dce86f9...,timecost=0.459
info|2019-11-13 00:24:32.133322|[g:1][CONSENSUS][PBFT]checkAndChangeView: Reach consensus,org_view=62040,org_changeCycle=0,cur_changeCycle=0,to_view=62041
info|2019-11-13 00:24:33.133440|[g:1][CONSENSUS][SEALER]++++++++++++++++ Generating seal on,blkNum=1,tx=0,nodeIdx=1,hash=f2f48bbb...
info|2019-11-13 00:24:33.134421|[g:1][CONSENSUS][PBFT]checkTimeout Succ,view=62041,toView=62042,nodeIdx=1,changeCycle=0,myNode=2dce86f9...,timecost=0.465
info|2019-11-13 00:24:33.136985|[g:1][CONSENSUS][PBFT]checkAndChangeView: Reach consensus,org_view=62041,org_changeCycle=0,cur_changeCycle=0,to_view=62042
info|2019-11-13 00:24:34.138781|[g:1][CONSENSUS]addRawPrepare,height=1,reqIdx=2,hash=ad262753...
info|2019-11-13 00:24:34.139365|[g:1][CONSENSUS][PBFT]checkTimeout Succ,view=62042,toView=62043,nodeIdx=1,changeCycle=0,myNode=2dce86f9...,timecost=0.456
info|2019-11-13 00:24:34.140842|[g:1][CONSENSUS][PBFT]checkAndChangeView: Reach consensus,org_view=62042,org_changeCycle=0,cur_changeCycle=0,to_view=62043
info|2019-11-13 00:24:35.142614|[g:1][CONSENSUS]addRawPrepare,height=1,reqIdx=3,hash=19afa70b...
info|2019-11-13 00:24:35.143507|[g:1][CONSENSUS][PBFT]checkTimeout Succ,view=62043,toView=62044,nodeIdx=1,changeCycle=0,myNode=2dce86f9...,timecost=0.718
info|2019-11-13 00:24:35.145076|[g:1][CONSENSUS][PBFT]checkAndChangeView: Reach consensus,org_view=62043,org_changeCycle=0,cur_changeCycle=0,to_view=62044
info|2019-11-13 00:24:36.147380|[g:1][CONSENSUS]addRawPrepare,height=1,reqIdx=0,hash=b6ba5322...
info|2019-11-13 00:24:36.148446|[g:1][CONSENSUS][PBFT]checkTimeout Succ,view=62044,toView=62045,nodeIdx=1,changeCycle=0,myNode=2dce86f9...,timecost=0.883
info|2019-11-13 00:24:36.149993|[g:1][CONSENSUS][PBFT]checkAndChangeView: Reach consensus,org_view=62044,org_changeCycle=0,cur_changeCycle=0,to_view=62045
info|2019-11-13 00:24:37.150563|[g:1][CONSENSUS][SEALER]++++++++++++++++ Generating seal on,blkNum=1,tx=0,nodeIdx=1,hash=da5613f5...
info|2019-11-13 00:24:37.152926|[g:1][CONSENSUS][PBFT]checkTimeout Succ,view=62045,toView=62046,nodeIdx=1,changeCycle=0,myNode=2dce86f9...,timecost=0.303
info|2019-11-13 00:24:37.153534|[g:1][CONSENSUS][PBFT]checkAndChangeView: Reach consensus,org_view=62045,org_changeCycle=0,cur_changeCycle=0,to_view=62046
info|2019-11-13 00:24:38.154923|[g:1][CONSENSUS]addRawPrepare,height=1,reqIdx=2,hash=9fb6093a...
info|2019-11-13 00:24:38.155782|[g:1][CONSENSUS][PBFT]checkTimeout Succ,view=62046,toView=62047,nodeIdx=1,changeCycle=0,myNode=2dce86f9...,timecost=0.65
info|2019-11-13 00:24:38.157168|[g:1][CONSENSUS][PBFT]checkAndChangeView: Reach consensus,org_view=62046,org_changeCycle=0,cur_changeCycle=0,to_view=62047
info|2019-11-13 00:24:39.158617|[g:1][CONSENSUS]addRawPrepare,height=1,reqIdx=3,hash=b4326324...
info|2019-11-13 00:24:39.159267|[g:1][CONSENSUS][PBFT]checkTimeout Succ,view=62047,toView=62048,nodeIdx=1,changeCycle=0,myNode=2dce86f9...,timecost=0.523
info|2019-11-13 00:24:39.160792|[g:1][CONSENSUS][PBFT]checkAndChangeView: Reach consensus,org_view=62047,org_changeCycle=0,cur_changeCycle=0,to_view=62048
info|2019-11-13 00:24:40.163309|[g:1][CONSENSUS]addRawPrepare,height=1,reqIdx=0,hash=0f2f9ef7...
info|2019-11-13 00:24:40.163938|[g:1][CONSENSUS][PBFT]checkTimeout Succ,view=62048,toView=62049,nodeIdx=1,changeCycle=0,myNode=2dce86f9...,timecost=0.463
info|2019-11-13 00:24:40.165088|[g:1][CONSENSUS][PBFT]checkAndChangeView: Reach consensus,org_view=62048,org_changeCycle=0,cur_changeCycle=0,to_view=62049
info|2019-11-13 00:24:41.022003|[P2P][Service] heartBeat,connected count=3
info|2019-11-13 00:24:41.166358|[g:1][CONSENSUS][SEALER]++++++++++++++++ Generating seal on,blkNum=1,tx=0,nodeIdx=1,hash=e7ad3965...
info|2019-11-13 00:24:41.167338|[g:1][CONSENSUS][PBFT]checkTimeout Succ,view=62049,toView=62050,nodeIdx=1,changeCycle=0,myNode=2dce86f9...,timecost=0.522
info|2019-11-13 00:24:41.170328|[g:1][CONSENSUS][PBFT]checkAndChangeView: Reach consensus,org_view=62049,org_changeCycle=0,cur_changeCycle=0,to_view=62050
info|2019-11-13 00:24:42.172677|[g:1][CONSENSUS]addRawPrepare,height=1,reqIdx=2,hash=b07fbde9...
info|2019-11-13 00:24:42.173372|[g:1][CONSENSUS][PBFT]checkTimeout Succ,view=62050,toView=62051,nodeIdx=1,changeCycle=0,myNode=2dce86f9...,timecost=0.535
info|2019-11-13 00:24:42.174914|[g:1][CONSENSUS][PBFT]checkAndChangeView: Reach consensus,org_view=62050,org_changeCycle=0,cur_changeCycle=0,to_view=62051
info|2019-11-13 00:24:43.175377|[g:1][CONSENSUS]addRawPrepare,height=1,reqIdx=3,hash=449e34a4...
info|2019-11-13 00:24:43.176071|[g:1][CONSENSUS][PBFT]checkTimeout Succ,view=62051,toView=62052,nodeIdx=1,changeCycle=0,myNode=2dce86f9...,timecost=0.566
info|2019-11-13 00:24:43.177553|[g:1][CONSENSUS][PBFT]checkAndChangeView: Reach consensus,org_view=62051,org_changeCycle=0,cur_changeCycle=0,to_view=62052
info|2019-11-13 00:24:44.179915|[g:1][CONSENSUS]addRawPrepare,height=1,reqIdx=0,hash=10c5151a...
info|2019-11-13 00:24:44.180624|[g:1][CONSENSUS][PBFT]checkTimeout Succ,view=62052,toView=62053,nodeIdx=1,changeCycle=0,myNode=2dce86f9...,timecost=0.586
info|2019-11-13 00:24:44.182113|[g:1][CONSENSUS][PBFT]checkAndChangeView: Reach consensus,org_view=62052,org_changeCycle=0,cur_changeCycle=0,to_view=62053
info|2019-11-13 00:24:45.183534|[g:1][CONSENSUS][SEALER]++++++++++++++++ Generating seal on,blkNum=1,tx=0,nodeIdx=1,hash=4d89bb93...
info|2019-11-13 00:24:45.184491|[g:1][CONSENSUS][PBFT]checkTimeout Succ,view=62053,toView=62054,nodeIdx=1,changeCycle=0,myNode=2dce86f9...,timecost=0.46
info|2019-11-13 00:24:45.187031|[g:1][CONSENSUS][PBFT]checkAndChangeView: Reach consensus,org_view=62053,org_changeCycle=0,cur_changeCycle=0,to_view=62054
info|2019-11-13 00:24:46.189551|[g:1][CONSENSUS]addRawPrepare,height=1,reqIdx=2,hash=af8db138...
info|2019-11-13 00:24:46.190931|[g:1][CONSENSUS][PBFT]checkTimeout Succ,view=62054,toView=62055,nodeIdx=1,changeCycle=0,myNode=2dce86f9...,timecost=1.137
info|2019-11-13 00:24:46.192262|[g:1][CONSENSUS][PBFT]checkAndChangeView: Reach consensus,org_view=62054,org_changeCycle=0,cur_changeCycle=0,to_view=62055
info|2019-11-13 00:24:47.195416|[g:1][CONSENSUS]addRawPrepare,height=1,reqIdx=3,hash=2e60a078...
info|2019-11-13 00:24:47.196148|[g:1][CONSENSUS][PBFT]checkTimeout Succ,view=62055,toView=62056,nodeIdx=1,changeCycle=0,myNode=2dce86f9...,timecost=0.582
info|2019-11-13 00:24:47.198200|[g:1][CONSENSUS][PBFT]checkAndChangeView: Reach consensus,org_view=62055,org_changeCycle=0,cur_changeCycle=0,to_view=62056
info|2019-11-13 00:24:48.200860|[g:1][CONSENSUS]addRawPrepare,height=1,reqIdx=0,hash=95f32042...
info|2019-11-13 00:24:48.201586|[g:1][CONSENSUS][PBFT]checkTimeout Succ,view=62056,toView=62057,nodeIdx=1,changeCycle=0,myNode=2dce86f9...,timecost=0.548
info|2019-11-13 00:24:48.202951|[g:1][CONSENSUS][PBFT]checkAndChangeView: Reach consensus,org_view=62056,org_changeCycle=0,cur_changeCycle=0,to_view=62057
info|2019-11-13 00:24:49.202319|[g:1][CONSENSUS][SEALER]++++++++++++++++ Generating seal on,blkNum=1,tx=0,nodeIdx=1,hash=dd15b6ba...
info|2019-11-13 00:24:49.205646|[g:1][CONSENSUS][PBFT]checkTimeout Succ,view=62057,toView=62058,nodeIdx=1,changeCycle=0,myNode=2dce86f9...,timecost=0.489
info|2019-11-13 00:24:49.206402|[g:1][CONSENSUS][PBFT]checkAndChangeView: Reach consensus,org_view=62057,org_changeCycle=0,cur_changeCycle=0,to_view=62058
info|2019-11-13 00:24:50.207790|[g:1][CONSENSUS]addRawPrepare,height=1,reqIdx=2,hash=e53a8c5c...
info|2019-11-13 00:24:50.208505|[g:1][CONSENSUS][PBFT]checkTimeout Succ,view=62058,toView=62059,nodeIdx=1,changeCycle=0,myNode=2dce86f9...,timecost=0.472
info|2019-11-13 00:24:50.209820|[g:1][CONSENSUS][PBFT]checkAndChangeView: Reach consensus,org_view=62058,org_changeCycle=0,cur_changeCycle=0,to_view=62059
info|2019-11-13 00:24:51.028636|[P2P][Service] heartBeat,connected count=3
info|2019-11-13 00:24:51.211623|[g:1][CONSENSUS]addRawPrepare,height=1,reqIdx=3,hash=08fc089a...
info|2019-11-13 00:24:51.212573|[g:1][CONSENSUS][PBFT]checkTimeout Succ,view=62059,toView=62060,nodeIdx=1,changeCycle=0,myNode=2dce86f9...,timecost=0.77
info|2019-11-13 00:24:51.214214|[g:1][CONSENSUS][PBFT]checkAndChangeView: Reach consensus,org_view=62059,org_changeCycle=0,cur_changeCycle=0,to_view=62060
