info|2019-12-12 01:25:09.002285|[g:1][CONSENSUS][SEALER]++++++++++++++++ Generating seal on,blkNum=6,tx=0,nodeIdx=1,hash=f01d4c83...
info|2019-12-12 01:25:09.005069|[P2P][Service] heartBeat,connected count=3
info|2019-12-12 01:25:09.008664|[g:1][CONSENSUS][PBFT]checkTimeout Succ,view=49052,toView=49053,nodeIdx=1,changeCycle=0,myNode=2dce86f9...,timecost=3.366
info|2019-12-12 01:25:09.012336|[g:1][CONSENSUS][PBFT]checkAndChangeView: Reach consensus,org_view=49052,org_changeCycle=0,cur_changeCycle=0,to_view=49053
info|2019-12-12 01:25:10.015344|[g:1][CONSENSUS]addRawPrepare,height=6,reqIdx=2,hash=a214fa7e...
info|2019-12-12 01:25:10.015952|[g:1][CONSENSUS][PBFT]checkTimeout Succ,view=49053,toView=49054,nodeIdx=1,changeCycle=0,myNode=2dce86f9...,timecost=0.418
info|2019-12-12 01:25:10.017248|[g:1][CONSENSUS][PBFT]checkAndChangeView: Reach consensus,org_view=49053,org_changeCycle=0,cur_changeCycle=0,to_view=49054
info|2019-12-12 01:25:11.018250|[g:1][CONSENSUS]addRawPrepare,height=6,reqIdx=3,hash=be0a5ede...
info|2019-12-12 01:25:11.019008|[g:1][CONSENSUS][PBFT]checkTimeout Succ,view=49054,toView=49055,nodeIdx=1,changeCycle=0,myNode=2dce86f9...,timecost=0.566
info|2019-12-12 01:25:11.020452|[g:1][CONSENSUS][PBFT]checkAndChangeView: Reach consensus,org_view=49054,org_changeCycle=0,cur_changeCycle=0,to_view=49055
info|2019-12-12 01:25:12.021175|[g:1][CONSENSUS]addRawPrepare,height=6,reqIdx=0,hash=c4051969...
info|2019-12-12 01:25:12.021657|[g:1][CONSENSUS][PBFT]checkTimeout Succ,view=49055,toView=49056,nodeIdx=1,changeCycle=0,myNode=2dce86f9...,timecost=0.374
info|2019-12-12 01:25:12.022705|[g:1][CONSENSUS][PBFT]checkAndChangeView: Reach consensus,org_view=49055,org_changeCycle=0,cur_changeCycle=0,to_view=49056
info|2019-12-12 01:25:13.022456|[g:1][CONSENSUS][SEALER]++++++++++++++++ Generating seal on,blkNum=6,tx=0,nodeIdx=1,hash=4a6c60a9...
info|2019-12-12 01:25:13.023185|[g:1][CONSENSUS][PBFT]checkTimeout Succ,view=49056,toView=49057,nodeIdx=1,changeCycle=0,myNode=2dce86f9...,timecost=0.402
info|2019-12-12 01:25:13.025168|[g:1][CONSENSUS][PBFT]checkAndChangeView: Reach consensus,org_view=49056,org_changeCycle=0,cur_changeCycle=0,to_view=49057
info|2019-12-12 01:25:14.026297|[g:1][CONSENSUS]addRawPrepare,height=6,reqIdx=2,hash=77d37da9...
info|2019-12-12 01:25:14.027448|[g:1][CONSENSUS][PBFT]checkTimeout Succ,view=49057,toView=49058,nodeIdx=1,changeCycle=0,myNode=2dce86f9...,timecost=0.939
info|2019-12-12 01:25:14.028625|[g:1][CONSENSUS][PBFT]checkAndChangeView: Reach consensus,org_view=49057,org_changeCycle=0,cur_changeCycle=0,to_view=49058
info|2019-12-12 01:25:15.029399|[g:1][CONSENSUS]addRawPrepare,height=6,reqIdx=3,hash=f14be021...
info|2019-12-12 01:25:15.029907|[g:1][CONSENSUS][PBFT]checkTimeout Succ,view=49058,toView=49059,nodeIdx=1,changeCycle=0,myNode=2dce86f9...,timecost=0.411
info|2019-12-12 01:25:15.030953|[g:1][CONSENSUS][PBFT]checkAndChangeView: Reach consensus,org_view=49058,org_changeCycle=0,cur_changeCycle=0,to_view=49059
info|2019-12-12 01:25:16.032874|[g:1][CONSENSUS]addRawPrepare,height=6,reqIdx=0,hash=c2fe1b97...
info|2019-12-12 01:25:16.033478|[g:1][CONSENSUS][PBFT]checkTimeout Succ,view=49059,toView=49060,nodeIdx=1,changeCycle=0,myNode=2dce86f9...,timecost=0.48
info|2019-12-12 01:25:16.034846|[g:1][CONSENSUS][PBFT]checkAndChangeView: Reach consensus,org_view=49059,org_changeCycle=0,cur_changeCycle=0,to_view=49060
info|2019-12-12 01:25:17.035567|[g:1][CONSENSUS][SEALER]++++++++++++++++ Generating seal on,blkNum=6,tx=0,nodeIdx=1,hash=cc478de5...
info|2019-12-12 01:25:17.036583|[g:1][CONSENSUS][PBFT]checkTimeout Succ,view=49060,toView=49061,nodeIdx=1,changeCycle=0,myNode=2dce86f9...,timecost=0.512
info|2019-12-12 01:25:17.039093|[g:1][CONSENSUS][PBFT]checkAndChangeView: Reach consensus,org_view=49060,org_changeCycle=0,cur_changeCycle=0,to_view=49061
info|2019-12-12 01:25:18.041164|[g:1][CONSENSUS]addRawPrepare,height=6,reqIdx=2,hash=e5626ae0...
info|2019-12-12 01:25:18.041676|[g:1][CONSENSUS][PBFT]checkTimeout Succ,view=49061,toView=49062,nodeIdx=1,changeCycle=0,myNode=2dce86f9...,timecost=0.395
info|2019-12-12 01:25:18.043374|[g:1][CONSENSUS][PBFT]checkAndChangeView: Reach consensus,org_view=49061,org_changeCycle=0,cur_changeCycle=0,to_view=49062
info|2019-12-12 01:25:19.013494|[P2P][Service] heartBeat,connected count=3
info|2019-12-12 01:25:19.045672|[g:1][CONSENSUS]addRawPrepare,height=6,reqIdx=3,hash=6552223d...
info|2019-12-12 01:25:19.046287|[g:1][CONSENSUS][PBFT]checkTimeout Succ,view=49062,toView=49063,nodeIdx=1,changeCycle=0,myNode=2dce86f9...,timecost=0.466
info|2019-12-12 01:25:19.047633|[g:1][CONSENSUS][PBFT]checkAndChangeView: Reach consensus,org_view=49062,org_changeCycle=0,cur_changeCycle=0,to_view=49063
info|2019-12-12 01:25:20.049582|[g:1][CONSENSUS]addRawPrepare,height=6,reqIdx=0,hash=134b7b1c...
info|2019-12-12 01:25:20.050230|[g:1][CONSENSUS][PBFT]checkTimeout Succ,view=49063,toView=49064,nodeIdx=1,changeCycle=0,myNode=2dce86f9...,timecost=0.482
info|2019-12-12 01:25:20.051584|[g:1][CONSENSUS][PBFT]checkAndChangeView: Reach consensus,org_view=49063,org_changeCycle=0,cur_changeCycle=0,to_view=49064
info|2019-12-12 01:25:21.051271|[g:1][CONSENSUS][SEALER]++++++++++++++++ Generating seal on,blkNum=6,tx=0,nodeIdx=1,hash=14f1cc4e...
info|2019-12-12 01:25:21.052306|[g:1][CONSENSUS][PBFT]checkTimeout Succ,view=49064,toView=49065,nodeIdx=1,changeCycle=0,myNode=2dce86f9...,timecost=0.531
info|2019-12-12 01:25:21.054968|[g:1][CONSENSUS][PBFT]checkAndChangeView: Reach consensus,org_view=49064,org_changeCycle=0,cur_changeCycle=0,to_view=49065
info|2019-12-12 01:25:22.057770|[g:1][CONSENSUS]addRawPrepare,height=6,reqIdx=2,hash=566d1b1f...
info|2019-12-12 01:25:22.058361|[g:1][CONSENSUS][PBFT]checkTimeout Succ,view=49065,toView=49066,nodeIdx=1,changeCycle=0,myNode=2dce86f9...,timecost=0.447
info|2019-12-12 01:25:22.059951|[g:1][CONSENSUS][PBFT]checkAndChangeView: Reach consensus,org_view=49065,org_changeCycle=0,cur_changeCycle=0,to_view=49066
info|2019-12-12 01:25:23.062409|[g:1][CONSENSUS]addRawPrepare,height=6,reqIdx=3,hash=0f9050de...
info|2019-12-12 01:25:23.063012|[g:1][CONSENSUS][PBFT]checkTimeout Succ,view=49066,toView=49067,nodeIdx=1,changeCycle=0,myNode=2dce86f9...,timecost=0.435
info|2019-12-12 01:25:23.064618|[g:1][CONSENSUS][PBFT]checkAndChangeView: Reach consensus,org_view=49066,org_changeCycle=0,cur_changeCycle=0,to_view=49067
info|2019-12-12 01:25:24.066854|[g:1][CONSENSUS]addRawPrepare,height=6,reqIdx=0,hash=fa07c5d0...
info|2019-12-12 01:25:24.067555|[g:1][CONSENSUS][PBFT]checkTimeout Succ,view=49067,toView=49068,nodeIdx=1,changeCycle=0,myNode=2dce86f9...,timecost=0.494
info|2019-12-12 01:25:24.069236|[g:1][CONSENSUS][PBFT]checkAndChangeView: Reach consensus,org_view=49067,org_changeCycle=0,cur_changeCycle=0,to_view=49068
info|2019-12-12 01:25:25.069381|[g:1][CONSENSUS][SEALER]++++++++++++++++ Generating seal on,blkNum=6,tx=0,nodeIdx=1,hash=d41ea23d...
info|2019-12-12 01:25:25.070354|[g:1][CONSENSUS][PBFT]checkTimeout Succ,view=49068,toView=49069,nodeIdx=1,changeCycle=0,myNode=2dce86f9...,timecost=0.476
info|2019-12-12 01:25:25.072928|[g:1][CONSENSUS][PBFT]checkAndChangeView: Reach consensus,org_view=49068,org_changeCycle=0,cur_changeCycle=0,to_view=49069
info|2019-12-12 01:25:26.074849|[g:1][CONSENSUS]addRawPrepare,height=6,reqIdx=2,hash=96d0952c...
info|2019-12-12 01:25:26.075500|[g:1][CONSENSUS][PBFT]checkTimeout Succ,view=49069,toView=49070,nodeIdx=1,changeCycle=0,myNode=2dce86f9...,timecost=0.499
info|2019-12-12 01:25:26.077068|[g:1][CONSENSUS][PBFT]checkAndChangeView: Reach consensus,org_view=49069,org_changeCycle=0,cur_changeCycle=0,to_view=49070
info|2019-12-12 01:25:27.080183|[g:1][CONSENSUS]addRawPrepare,height=6,reqIdx=3,hash=cea813fe...
info|2019-12-12 01:25:27.080890|[g:1][CONSENSUS][PBFT]checkTimeout Succ,view=49070,toView=49071,nodeIdx=1,changeCycle=0,myNode=2dce86f9...,timecost=0.542
info|2019-12-12 01:25:27.082496|[g:1][CONSENSUS][PBFT]checkAndChangeView: Reach consensus,org_view=49070,org_changeCycle=0,cur_changeCycle=0,to_view=49071
info|2019-12-12 01:25:28.083353|[g:1][CONSENSUS]addRawPrepare,height=6,reqIdx=0,hash=85152f8e...
info|2019-12-12 01:25:28.083924|[g:1][CONSENSUS][PBFT]checkTimeout Succ,view=49071,toView=49072,nodeIdx=1,changeCycle=0,myNode=2dce86f9...,timecost=0.441
info|2019-12-12 01:25:28.085306|[g:1][CONSENSUS][PBFT]checkAndChangeView: Reach consensus,org_view=49071,org_changeCycle=0,cur_changeCycle=0,to_view=49072
info|2019-12-12 01:25:29.021487|[P2P][Service] heartBeat,connected count=3
info|2019-12-12 01:25:29.085470|[g:1][CONSENSUS][SEALER]++++++++++++++++ Generating seal on,blkNum=6,tx=0,nodeIdx=1,hash=9f9abdd8...
info|2019-12-12 01:25:29.086773|[g:1][CONSENSUS][PBFT]checkTimeout Succ,view=49072,toView=49073,nodeIdx=1,changeCycle=0,myNode=2dce86f9...,timecost=0.778
info|2019-12-12 01:25:29.089724|[g:1][CONSENSUS][PBFT]checkAndChangeView: Reach consensus,org_view=49072,org_changeCycle=0,cur_changeCycle=0,to_view=49073
info|2019-12-12 01:25:30.090608|[g:1][CONSENSUS]addRawPrepare,height=6,reqIdx=2,hash=b125c450...
info|2019-12-12 01:25:30.091293|[g:1][CONSENSUS][PBFT]checkTimeout Succ,view=49073,toView=49074,nodeIdx=1,changeCycle=0,myNode=2dce86f9...,timecost=0.522
info|2019-12-12 01:25:30.092955|[g:1][CONSENSUS][PBFT]checkAndChangeView: Reach consensus,org_view=49073,org_changeCycle=0,cur_changeCycle=0,to_view=49074
info|2019-12-12 01:25:31.093900|[g:1][CONSENSUS]addRawPrepare,height=6,reqIdx=3,hash=749293ed...
info|2019-12-12 01:25:31.094545|[g:1][CONSENSUS][PBFT]checkTimeout Succ,view=49074,toView=49075,nodeIdx=1,changeCycle=0,myNode=2dce86f9...,timecost=0.476
info|2019-12-12 01:25:31.096295|[g:1][CONSENSUS][PBFT]checkAndChangeView: Reach consensus,org_view=49074,org_changeCycle=0,cur_changeCycle=0,to_view=49075
info|2019-12-12 01:25:32.096298|[g:1][CONSENSUS]addRawPrepare,height=6,reqIdx=0,hash=3f8c0fdf...
info|2019-12-12 01:25:32.096961|[g:1][CONSENSUS][PBFT]checkTimeout Succ,view=49075,toView=49076,nodeIdx=1,changeCycle=0,myNode=2dce86f9...,timecost=0.474
info|2019-12-12 01:25:32.098644|[g:1][CONSENSUS][PBFT]checkAndChangeView: Reach consensus,org_view=49075,org_changeCycle=0,cur_changeCycle=0,to_view=49076
info|2019-12-12 01:25:33.098798|[g:1][CONSENSUS][SEALER]++++++++++++++++ Generating seal on,blkNum=6,tx=0,nodeIdx=1,hash=31a08c6c...
info|2019-12-12 01:25:33.099598|[g:1][CONSENSUS][PBFT]checkTimeout Succ,view=49076,toView=49077,nodeIdx=1,changeCycle=0,myNode=2dce86f9...,timecost=0.381
info|2019-12-12 01:25:33.102331|[g:1][CONSENSUS][PBFT]checkAndChangeView: Reach consensus,org_view=49076,org_changeCycle=0,cur_changeCycle=0,to_view=49077
info|2019-12-12 01:25:34.104185|[g:1][CONSENSUS]addRawPrepare,height=6,reqIdx=2,hash=dceb1611...
info|2019-12-12 01:25:34.104815|[g:1][CONSENSUS][PBFT]checkTimeout Succ,view=49077,toView=49078,nodeIdx=1,changeCycle=0,myNode=2dce86f9...,timecost=0.486
info|2019-12-12 01:25:34.107166|[g:1][CONSENSUS][PBFT]checkAndChangeView: Reach consensus,org_view=49077,org_changeCycle=0,cur_changeCycle=0,to_view=49078
info|2019-12-12 01:25:35.108064|[g:1][CONSENSUS]addRawPrepare,height=6,reqIdx=3,hash=0bd3e9a1...
info|2019-12-12 01:25:35.108745|[g:1][CONSENSUS][PBFT]checkTimeout Succ,view=49078,toView=49079,nodeIdx=1,changeCycle=0,myNode=2dce86f9...,timecost=0.514
info|2019-12-12 01:25:35.110048|[g:1][CONSENSUS][PBFT]checkAndChangeView: Reach consensus,org_view=49078,org_changeCycle=0,cur_changeCycle=0,to_view=49079
info|2019-12-12 01:25:36.111784|[g:1][CONSENSUS]addRawPrepare,height=6,reqIdx=0,hash=4522d43b...
info|2019-12-12 01:25:36.112521|[g:1][CONSENSUS][PBFT]checkTimeout Succ,view=49079,toView=49080,nodeIdx=1,changeCycle=0,myNode=2dce86f9...,timecost=0.611
info|2019-12-12 01:25:36.114124|[g:1][CONSENSUS][PBFT]checkAndChangeView: Reach consensus,org_view=49079,org_changeCycle=0,cur_changeCycle=0,to_view=49080
info|2019-12-12 01:25:37.114484|[g:1][CONSENSUS][SEALER]++++++++++++++++ Generating seal on,blkNum=6,tx=0,nodeIdx=1,hash=52eb7cca...
info|2019-12-12 01:25:37.115507|[g:1][CONSENSUS][PBFT]checkTimeout Succ,view=49080,toView=49081,nodeIdx=1,changeCycle=0,myNode=2dce86f9...,timecost=0.532
info|2019-12-12 01:25:37.118056|[g:1][CONSENSUS][PBFT]checkAndChangeView: Reach consensus,org_view=49080,org_changeCycle=0,cur_changeCycle=0,to_view=49081
info|2019-12-12 01:25:38.120096|[g:1][CONSENSUS]addRawPrepare,height=6,reqIdx=2,hash=1dfa2547...
info|2019-12-12 01:25:38.120586|[g:1][CONSENSUS][PBFT]checkTimeout Succ,view=49081,toView=49082,nodeIdx=1,changeCycle=0,myNode=2dce86f9...,timecost=0.352
info|2019-12-12 01:25:38.121841|[g:1][CONSENSUS][PBFT]checkAndChangeView: Reach consensus,org_view=49081,org_changeCycle=0,cur_changeCycle=0,to_view=49082
info|2019-12-12 01:25:39.026277|[P2P][Service] heartBeat,connected count=3
info|2019-12-12 01:25:39.124043|[g:1][CONSENSUS]addRawPrepare,height=6,reqIdx=3,hash=67567a46...
info|2019-12-12 01:25:39.125057|[g:1][CONSENSUS][PBFT]checkTimeout Succ,view=49082,toView=49083,nodeIdx=1,changeCycle=0,myNode=2dce86f9...,timecost=0.91
info|2019-12-12 01:25:39.126137|[g:1][CONSENSUS][PBFT]checkAndChangeView: Reach consensus,org_view=49082,org_changeCycle=0,cur_changeCycle=0,to_view=49083
info|2019-12-12 01:25:40.127735|[g:1][CONSENSUS]addRawPrepare,height=6,reqIdx=0,hash=feb38dc5...
info|2019-12-12 01:25:40.128352|[g:1][CONSENSUS][PBFT]checkTimeout Succ,view=49083,toView=49084,nodeIdx=1,changeCycle=0,myNode=2dce86f9...,timecost=0.5
info|2019-12-12 01:25:40.129707|[g:1][CONSENSUS][PBFT]checkAndChangeView: Reach consensus,org_view=49083,org_changeCycle=0,cur_changeCycle=0,to_view=49084
info|2019-12-12 01:25:41.130541|[g:1][CONSENSUS][SEALER]++++++++++++++++ Generating seal on,blkNum=6,tx=0,nodeIdx=1,hash=bddad8f6...
info|2019-12-12 01:25:41.131460|[g:1][CONSENSUS][PBFT]checkTimeout Succ,view=49084,toView=49085,nodeIdx=1,changeCycle=0,myNode=2dce86f9...,timecost=0.442
info|2019-12-12 01:25:41.134082|[g:1][CONSENSUS][PBFT]checkAndChangeView: Reach consensus,org_view=49084,org_changeCycle=0,cur_changeCycle=0,to_view=49085
info|2019-12-12 01:25:42.136975|[g:1][CONSENSUS]addRawPrepare,height=6,reqIdx=2,hash=bdb65fff...
info|2019-12-12 01:25:42.137635|[g:1][CONSENSUS][PBFT]checkTimeout Succ,view=49085,toView=49086,nodeIdx=1,changeCycle=0,myNode=2dce86f9...,timecost=0.496
info|2019-12-12 01:25:42.139027|[g:1][CONSENSUS][PBFT]checkAndChangeView: Reach consensus,org_view=49085,org_changeCycle=0,cur_changeCycle=0,to_view=49086
info|2019-12-12 01:25:43.140444|[g:1][CONSENSUS]addRawPrepare,height=6,reqIdx=3,hash=07b82802...
info|2019-12-12 01:25:43.141039|[g:1][CONSENSUS][PBFT]checkTimeout Succ,view=49086,toView=49087,nodeIdx=1,changeCycle=0,myNode=2dce86f9...,timecost=0.478
info|2019-12-12 01:25:43.142409|[g:1][CONSENSUS][PBFT]checkAndChangeView: Reach consensus,org_view=49086,org_changeCycle=0,cur_changeCycle=0,to_view=49087
info|2019-12-12 01:25:44.144438|[g:1][CONSENSUS]addRawPrepare,height=6,reqIdx=0,hash=1d4e184b...
info|2019-12-12 01:25:44.145120|[g:1][CONSENSUS][PBFT]checkTimeout Succ,view=49087,toView=49088,nodeIdx=1,changeCycle=0,myNode=2dce86f9...,timecost=0.542
info|2019-12-12 01:25:44.146723|[g:1][CONSENSUS][PBFT]checkAndChangeView: Reach consensus,org_view=49087,org_changeCycle=0,cur_changeCycle=0,to_view=49088
info|2019-12-12 01:25:45.146719|[g:1][CONSENSUS][SEALER]++++++++++++++++ Generating seal on,blkNum=6,tx=0,nodeIdx=1,hash=22a86b50...
info|2019-12-12 01:25:45.147745|[g:1][CONSENSUS][PBFT]checkTimeout Succ,view=49088,toView=49089,nodeIdx=1,changeCycle=0,myNode=2dce86f9...,timecost=0.528
info|2019-12-12 01:25:45.150397|[g:1][CONSENSUS][PBFT]checkAndChangeView: Reach consensus,org_view=49088,org_changeCycle=0,cur_changeCycle=0,to_view=49089
info|2019-12-12 01:25:46.151321|[g:1][CONSENSUS]addRawPrepare,height=6,reqIdx=2,hash=130108e5...
info|2019-12-12 01:25:46.151915|[g:1][CONSENSUS][PBFT]checkTimeout Succ,view=49089,toView=49090,nodeIdx=1,changeCycle=0,myNode=2dce86f9...,timecost=0.458
info|2019-12-12 01:25:46.153332|[g:1][CONSENSUS][PBFT]checkAndChangeView: Reach consensus,org_view=49089,org_changeCycle=0,cur_changeCycle=0,to_view=49090
info|2019-12-12 01:25:47.154563|[g:1][CONSENSUS]addRawPrepare,height=6,reqIdx=3,hash=2ce530dd...
info|2019-12-12 01:25:47.155196|[g:1][CONSENSUS][PBFT]checkTimeout Succ,view=49090,toView=49091,nodeIdx=1,changeCycle=0,myNode=2dce86f9...,timecost=0.506
info|2019-12-12 01:25:47.156818|[g:1][CONSENSUS][PBFT]checkAndChangeView: Reach consensus,org_view=49090,org_changeCycle=0,cur_changeCycle=0,to_view=49091
info|2019-12-12 01:25:48.157468|[g:1][CONSENSUS]addRawPrepare,height=6,reqIdx=0,hash=1b349170...
info|2019-12-12 01:25:48.158164|[g:1][CONSENSUS][PBFT]checkTimeout Succ,view=49091,toView=49092,nodeIdx=1,changeCycle=0,myNode=2dce86f9...,timecost=0.556
info|2019-12-12 01:25:48.159619|[g:1][CONSENSUS][PBFT]checkAndChangeView: Reach consensus,org_view=49091,org_changeCycle=0,cur_changeCycle=0,to_view=49092
info|2019-12-12 01:25:49.032936|[P2P][Service] heartBeat,connected count=3
info|2019-12-12 01:25:49.160385|[g:1][CONSENSUS][SEALER]++++++++++++++++ Generating seal on,blkNum=6,tx=0,nodeIdx=1,hash=87e68a3b...
info|2019-12-12 01:25:49.165925|[g:1][CONSENSUS][PBFT]checkTimeout Succ,view=49092,toView=49093,nodeIdx=1,changeCycle=0,myNode=2dce86f9...,timecost=5.184
info|2019-12-12 01:25:49.167488|[g:1][CONSENSUS][PBFT]checkAndChangeView: Reach consensus,org_view=49092,org_changeCycle=0,cur_changeCycle=0,to_view=49093
info|2019-12-12 01:25:50.168467|[g:1][CONSENSUS]addRawPrepare,height=6,reqIdx=2,hash=b0989cd4...
info|2019-12-12 01:25:50.169319|[g:1][CONSENSUS][PBFT]checkTimeout Succ,view=49093,toView=49094,nodeIdx=1,changeCycle=0,myNode=2dce86f9...,timecost=0.666
info|2019-12-12 01:25:50.170777|[g:1][CONSENSUS][PBFT]checkAndChangeView: Reach consensus,org_view=49093,org_changeCycle=0,cur_changeCycle=0,to_view=49094
info|2019-12-12 01:25:51.171193|[g:1][CONSENSUS]addRawPrepare,height=6,reqIdx=3,hash=89e5e47c...
info|2019-12-12 01:25:51.171672|[g:1][CONSENSUS][PBFT]checkTimeout Succ,view=49094,toView=49095,nodeIdx=1,changeCycle=0,myNode=2dce86f9...,timecost=0.37
info|2019-12-12 01:25:51.172789|[g:1][CONSENSUS][PBFT]checkAndChangeView: Reach consensus,org_view=49094,org_changeCycle=0,cur_changeCycle=0,to_view=49095
info|2019-12-12 01:25:52.174040|[g:1][CONSENSUS]addRawPrepare,height=6,reqIdx=0,hash=0796b9cc...
info|2019-12-12 01:25:52.174768|[g:1][CONSENSUS][PBFT]checkTimeout Succ,view=49095,toView=49096,nodeIdx=1,changeCycle=0,myNode=2dce86f9...,timecost=0.524
info|2019-12-12 01:25:52.176684|[g:1][CONSENSUS][PBFT]checkAndChangeView: Reach consensus,org_view=49095,org_changeCycle=0,cur_changeCycle=0,to_view=49096
info|2019-12-12 01:25:53.176315|[g:1][CONSENSUS][SEALER]++++++++++++++++ Generating seal on,blkNum=6,tx=0,nodeIdx=1,hash=b598282d...
info|2019-12-12 01:25:53.178780|[g:1][CONSENSUS][PBFT]checkTimeout Succ,view=49096,toView=49097,nodeIdx=1,changeCycle=0,myNode=2dce86f9...,timecost=0.414
info|2019-12-12 01:25:53.180194|[g:1][CONSENSUS][PBFT]checkAndChangeView: Reach consensus,org_view=49096,org_changeCycle=0,cur_changeCycle=0,to_view=49097
info|2019-12-12 01:25:54.181504|[g:1][CONSENSUS]addRawPrepare,height=6,reqIdx=2,hash=4a4e0d03...
info|2019-12-12 01:25:54.182734|[g:1][CONSENSUS][PBFT]checkTimeout Succ,view=49097,toView=49098,nodeIdx=1,changeCycle=0,myNode=2dce86f9...,timecost=1.056
info|2019-12-12 01:25:54.184229|[g:1][CONSENSUS][PBFT]checkAndChangeView: Reach consensus,org_view=49097,org_changeCycle=0,cur_changeCycle=0,to_view=49098
info|2019-12-12 01:25:55.185975|[g:1][CONSENSUS]addRawPrepare,height=6,reqIdx=3,hash=5d059aa2...
info|2019-12-12 01:25:55.186742|[g:1][CONSENSUS][PBFT]checkTimeout Succ,view=49098,toView=49099,nodeIdx=1,changeCycle=0,myNode=2dce86f9...,timecost=0.622
info|2019-12-12 01:25:55.188416|[g:1][CONSENSUS][PBFT]checkAndChangeView: Reach consensus,org_view=49098,org_changeCycle=0,cur_changeCycle=0,to_view=49099
info|2019-12-12 01:25:56.190336|[g:1][CONSENSUS]addRawPrepare,height=6,reqIdx=0,hash=b2d335a8...
info|2019-12-12 01:25:56.191033|[g:1][CONSENSUS][PBFT]checkTimeout Succ,view=49099,toView=49100,nodeIdx=1,changeCycle=0,myNode=2dce86f9...,timecost=0.502
info|2019-12-12 01:25:56.192684|[g:1][CONSENSUS][PBFT]checkAndChangeView: Reach consensus,org_view=49099,org_changeCycle=0,cur_changeCycle=0,to_view=49100
info|2019-12-12 01:25:57.192407|[g:1][CONSENSUS][SEALER]++++++++++++++++ Generating seal on,blkNum=6,tx=0,nodeIdx=1,hash=7d270285...
info|2019-12-12 01:25:57.193399|[g:1][CONSENSUS][PBFT]checkTimeout Succ,view=49100,toView=49101,nodeIdx=1,changeCycle=0,myNode=2dce86f9...,timecost=0.477
info|2019-12-12 01:25:57.196119|[g:1][CONSENSUS][PBFT]checkAndChangeView: Reach consensus,org_view=49100,org_changeCycle=0,cur_changeCycle=0,to_view=49101
info|2019-12-12 01:25:58.197462|[g:1][CONSENSUS]addRawPrepare,height=6,reqIdx=2,hash=742131db...
info|2019-12-12 01:25:58.198036|[g:1][CONSENSUS][PBFT]checkTimeout Succ,view=49101,toView=49102,nodeIdx=1,changeCycle=0,myNode=2dce86f9...,timecost=0.44
info|2019-12-12 01:25:58.199478|[g:1][CONSENSUS][PBFT]checkAndChangeView: Reach consensus,org_view=49101,org_changeCycle=0,cur_changeCycle=0,to_view=49102
info|2019-12-12 01:25:59.039105|[P2P][Service] heartBeat,connected count=3
info|2019-12-12 01:25:59.201167|[g:1][CONSENSUS]addRawPrepare,height=6,reqIdx=3,hash=b346cae8...
info|2019-12-12 01:25:59.202161|[g:1][CONSENSUS][PBFT]checkTimeout Succ,view=49102,toView=49103,nodeIdx=1,changeCycle=0,myNode=2dce86f9...,timecost=0.859
info|2019-12-12 01:25:59.203849|[g:1][CONSENSUS][PBFT]checkAndChangeView: Reach consensus,org_view=49102,org_changeCycle=0,cur_changeCycle=0,to_view=49103
info|2019-12-12 01:26:00.205728|[g:1][CONSENSUS]addRawPrepare,height=6,reqIdx=0,hash=e07579ca...
info|2019-12-12 01:26:00.206564|[g:1][CONSENSUS][PBFT]checkTimeout Succ,view=49103,toView=49104,nodeIdx=1,changeCycle=0,myNode=2dce86f9...,timecost=0.534
info|2019-12-12 01:26:00.207907|[g:1][CONSENSUS][PBFT]checkAndChangeView: Reach consensus,org_view=49103,org_changeCycle=0,cur_changeCycle=0,to_view=49104
info|2019-12-12 01:26:01.208270|[g:1][CONSENSUS][SEALER]++++++++++++++++ Generating seal on,blkNum=6,tx=0,nodeIdx=1,hash=ab0a7d89...
info|2019-12-12 01:26:01.209293|[g:1][CONSENSUS][PBFT]checkTimeout Succ,view=49104,toView=49105,nodeIdx=1,changeCycle=0,myNode=2dce86f9...,timecost=0.504
info|2019-12-12 01:26:01.211643|[g:1][CONSENSUS][PBFT]checkAndChangeView: Reach consensus,org_view=49104,org_changeCycle=0,cur_changeCycle=0,to_view=49105
