warning|2019-12-13 08:02:02.002159|[g:1][CONSENSUS][PBFT]ViewChangeWarning: not caused by omit empty block ,v=359,toV=360,curNum=68,hash=685b9589...,nodeIdx=1,myNode=2dce86f9...
info|2019-12-13 08:02:02.002359|[g:1][CONSENSUS][PBFT]checkTimeout Succ,view=359,toView=360,nodeIdx=1,changeCycle=1,myNode=2dce86f9...,timecost=0.534
info|2019-12-13 08:02:02.005672|[P2P][Service] heartBeat,connected count=3
info|2019-12-13 08:02:02.008736|[g:1][CONSENSUS][PBFT]checkAndChangeView: Reach consensus,org_view=359,org_changeCycle=1,cur_changeCycle=1,to_view=360
info|2019-12-13 08:02:03.009406|[g:1][CONSENSUS]addRawPrepare,height=69,reqIdx=0,hash=11d3e16d...
info|2019-12-13 08:02:03.010069|[g:1][CONSENSUS][PBFT]checkTimeout Succ,view=360,toView=361,nodeIdx=1,changeCycle=0,myNode=2dce86f9...,timecost=0.489
info|2019-12-13 08:02:03.011172|[g:1][CONSENSUS][PBFT]checkAndChangeView: Reach consensus,org_view=360,org_changeCycle=0,cur_changeCycle=0,to_view=361
info|2019-12-13 08:02:04.011499|[g:1][CONSENSUS][SEALER]++++++++++++++++ Generating seal on,blkNum=69,tx=0,nodeIdx=1,hash=1ef9d9e1...
info|2019-12-13 08:02:04.014732|[g:1][CONSENSUS][PBFT]checkTimeout Succ,view=361,toView=362,nodeIdx=1,changeCycle=0,myNode=2dce86f9...,timecost=0.578
info|2019-12-13 08:02:04.015570|[g:1][CONSENSUS][PBFT]checkAndChangeView: Reach consensus,org_view=361,org_changeCycle=0,cur_changeCycle=0,to_view=362
info|2019-12-13 08:02:05.017047|[g:1][CONSENSUS]addRawPrepare,height=69,reqIdx=2,hash=ace755a3...
info|2019-12-13 08:02:05.017517|[g:1][CONSENSUS][PBFT]checkTimeout Succ,view=362,toView=363,nodeIdx=1,changeCycle=0,myNode=2dce86f9...,timecost=0.375
info|2019-12-13 08:02:05.018953|[g:1][CONSENSUS][PBFT]checkAndChangeView: Reach consensus,org_view=362,org_changeCycle=0,cur_changeCycle=0,to_view=363
info|2019-12-13 08:02:06.019288|[g:1][CONSENSUS]addRawPrepare,height=69,reqIdx=3,hash=50b74e14...
info|2019-12-13 08:02:06.019882|[g:1][CONSENSUS][PBFT]checkTimeout Succ,view=363,toView=364,nodeIdx=1,changeCycle=0,myNode=2dce86f9...,timecost=0.43
info|2019-12-13 08:02:06.021490|[g:1][CONSENSUS][PBFT]checkAndChangeView: Reach consensus,org_view=363,org_changeCycle=0,cur_changeCycle=0,to_view=364
info|2019-12-13 08:02:07.023176|[g:1][CONSENSUS]addRawPrepare,height=69,reqIdx=0,hash=db652e48...
info|2019-12-13 08:02:07.024224|[g:1][CONSENSUS][PBFT]checkTimeout Succ,view=364,toView=365,nodeIdx=1,changeCycle=0,myNode=2dce86f9...,timecost=0.915
info|2019-12-13 08:02:07.025724|[g:1][CONSENSUS][PBFT]checkAndChangeView: Reach consensus,org_view=364,org_changeCycle=0,cur_changeCycle=0,to_view=365
info|2019-12-13 08:02:08.025689|[g:1][CONSENSUS][SEALER]++++++++++++++++ Generating seal on,blkNum=69,tx=0,nodeIdx=1,hash=7f1a949d...
info|2019-12-13 08:02:08.027579|[g:1][CONSENSUS][PBFT]checkTimeout Succ,view=365,toView=366,nodeIdx=1,changeCycle=0,myNode=2dce86f9...,timecost=0.322
info|2019-12-13 08:02:08.028780|[g:1][CONSENSUS][PBFT]checkAndChangeView: Reach consensus,org_view=365,org_changeCycle=0,cur_changeCycle=0,to_view=366
info|2019-12-13 08:02:09.029712|[g:1][CONSENSUS]addRawPrepare,height=69,reqIdx=2,hash=0be5a633...
info|2019-12-13 08:02:09.030373|[g:1][CONSENSUS][PBFT]checkTimeout Succ,view=366,toView=367,nodeIdx=1,changeCycle=0,myNode=2dce86f9...,timecost=0.519
info|2019-12-13 08:02:09.032161|[g:1][CONSENSUS][PBFT]checkAndChangeView: Reach consensus,org_view=366,org_changeCycle=0,cur_changeCycle=0,to_view=367
info|2019-12-13 08:02:10.033513|[g:1][CONSENSUS]addRawPrepare,height=69,reqIdx=3,hash=fbc8e0f4...
info|2019-12-13 08:02:10.034110|[g:1][CONSENSUS][PBFT]checkTimeout Succ,view=367,toView=368,nodeIdx=1,changeCycle=0,myNode=2dce86f9...,timecost=0.447
info|2019-12-13 08:02:10.035837|[g:1][CONSENSUS][PBFT]checkAndChangeView: Reach consensus,org_view=367,org_changeCycle=0,cur_changeCycle=0,to_view=368
info|2019-12-13 08:02:11.037483|[g:1][CONSENSUS]addRawPrepare,height=69,reqIdx=0,hash=8996e58b...
info|2019-12-13 08:02:11.038148|[g:1][CONSENSUS][PBFT]checkTimeout Succ,view=368,toView=369,nodeIdx=1,changeCycle=0,myNode=2dce86f9...,timecost=0.503
info|2019-12-13 08:02:11.039635|[g:1][CONSENSUS][PBFT]checkAndChangeView: Reach consensus,org_view=368,org_changeCycle=0,cur_changeCycle=0,to_view=369
info|2019-12-13 08:02:12.013769|[P2P][Service] heartBeat,connected count=3
info|2019-12-13 08:02:12.039627|[g:1][CONSENSUS][SEALER]++++++++++++++++ Generating seal on,blkNum=69,tx=0,nodeIdx=1,hash=69b75fd3...
info|2019-12-13 08:02:12.042430|[g:1][CONSENSUS][PBFT]checkTimeout Succ,view=369,toView=370,nodeIdx=1,changeCycle=0,myNode=2dce86f9...,timecost=0.426
info|2019-12-13 08:02:12.042960|[g:1][CONSENSUS][PBFT]checkAndChangeView: Reach consensus,org_view=369,org_changeCycle=0,cur_changeCycle=0,to_view=370
info|2019-12-13 08:02:13.043756|[g:1][CONSENSUS]addRawPrepare,height=69,reqIdx=2,hash=7df3f10d...
info|2019-12-13 08:02:13.044275|[g:1][CONSENSUS][PBFT]checkTimeout Succ,view=370,toView=371,nodeIdx=1,changeCycle=0,myNode=2dce86f9...,timecost=0.412
info|2019-12-13 08:02:13.045580|[g:1][CONSENSUS][PBFT]checkAndChangeView: Reach consensus,org_view=370,org_changeCycle=0,cur_changeCycle=0,to_view=371
info|2019-12-13 08:02:14.046046|[g:1][CONSENSUS]addRawPrepare,height=69,reqIdx=3,hash=25eddb43...
info|2019-12-13 08:02:14.046584|[g:1][CONSENSUS][PBFT]checkTimeout Succ,view=371,toView=372,nodeIdx=1,changeCycle=0,myNode=2dce86f9...,timecost=0.406
info|2019-12-13 08:02:14.047730|[g:1][CONSENSUS][PBFT]checkAndChangeView: Reach consensus,org_view=371,org_changeCycle=0,cur_changeCycle=0,to_view=372
info|2019-12-13 08:02:15.048928|[g:1][CONSENSUS]addRawPrepare,height=69,reqIdx=0,hash=0713e39e...
info|2019-12-13 08:02:15.049486|[g:1][CONSENSUS][PBFT]checkTimeout Succ,view=372,toView=373,nodeIdx=1,changeCycle=0,myNode=2dce86f9...,timecost=0.402
info|2019-12-13 08:02:15.050705|[g:1][CONSENSUS][PBFT]checkAndChangeView: Reach consensus,org_view=372,org_changeCycle=0,cur_changeCycle=0,to_view=373
info|2019-12-13 08:02:16.050438|[g:1][CONSENSUS][SEALER]++++++++++++++++ Generating seal on,blkNum=69,tx=0,nodeIdx=1,hash=673ea6b2...
info|2019-12-13 08:02:16.051126|[g:1][CONSENSUS][PBFT]checkTimeout Succ,view=373,toView=374,nodeIdx=1,changeCycle=0,myNode=2dce86f9...,timecost=0.393
info|2019-12-13 08:02:16.053111|[g:1][CONSENSUS][PBFT]checkAndChangeView: Reach consensus,org_view=373,org_changeCycle=0,cur_changeCycle=0,to_view=374
info|2019-12-13 08:02:17.054861|[g:1][CONSENSUS]addRawPrepare,height=69,reqIdx=2,hash=f627f16a...
info|2019-12-13 08:02:17.055776|[g:1][CONSENSUS][PBFT]checkTimeout Succ,view=374,toView=375,nodeIdx=1,changeCycle=0,myNode=2dce86f9...,timecost=0.802
info|2019-12-13 08:02:17.057499|[g:1][CONSENSUS][PBFT]checkAndChangeView: Reach consensus,org_view=374,org_changeCycle=0,cur_changeCycle=0,to_view=375
info|2019-12-13 08:02:18.059185|[g:1][CONSENSUS]addRawPrepare,height=69,reqIdx=3,hash=2bacc09b...
info|2019-12-13 08:02:18.059829|[g:1][CONSENSUS][PBFT]checkTimeout Succ,view=375,toView=376,nodeIdx=1,changeCycle=0,myNode=2dce86f9...,timecost=0.463
info|2019-12-13 08:02:18.061448|[g:1][CONSENSUS][PBFT]checkAndChangeView: Reach consensus,org_view=375,org_changeCycle=0,cur_changeCycle=0,to_view=376
info|2019-12-13 08:02:19.064013|[g:1][CONSENSUS]addRawPrepare,height=69,reqIdx=0,hash=4891436d...
info|2019-12-13 08:02:19.064605|[g:1][CONSENSUS][PBFT]checkTimeout Succ,view=376,toView=377,nodeIdx=1,changeCycle=0,myNode=2dce86f9...,timecost=0.431
info|2019-12-13 08:02:19.065890|[g:1][CONSENSUS][PBFT]checkAndChangeView: Reach consensus,org_view=376,org_changeCycle=0,cur_changeCycle=0,to_view=377
info|2019-12-13 08:02:20.066534|[g:1][CONSENSUS][SEALER]++++++++++++++++ Generating seal on,blkNum=69,tx=0,nodeIdx=1,hash=f696f815...
info|2019-12-13 08:02:20.067533|[g:1][CONSENSUS][PBFT]checkTimeout Succ,view=377,toView=378,nodeIdx=1,changeCycle=0,myNode=2dce86f9...,timecost=0.435
info|2019-12-13 08:02:20.070127|[g:1][CONSENSUS][PBFT]checkAndChangeView: Reach consensus,org_view=377,org_changeCycle=0,cur_changeCycle=0,to_view=378
info|2019-12-13 08:02:21.072083|[g:1][CONSENSUS]addRawPrepare,height=69,reqIdx=2,hash=d68a254b...
info|2019-12-13 08:02:21.072599|[g:1][CONSENSUS][PBFT]checkTimeout Succ,view=378,toView=379,nodeIdx=1,changeCycle=0,myNode=2dce86f9...,timecost=0.378
info|2019-12-13 08:02:21.073745|[g:1][CONSENSUS][PBFT]checkAndChangeView: Reach consensus,org_view=378,org_changeCycle=0,cur_changeCycle=0,to_view=379
info|2019-12-13 08:02:22.017443|[P2P][Service] heartBeat,connected count=3
info|2019-12-13 08:02:22.075353|[g:1][CONSENSUS]addRawPrepare,height=69,reqIdx=3,hash=ae574c5d...
info|2019-12-13 08:02:22.075934|[g:1][CONSENSUS][PBFT]checkTimeout Succ,view=379,toView=380,nodeIdx=1,changeCycle=0,myNode=2dce86f9...,timecost=0.455
info|2019-12-13 08:02:22.077517|[g:1][CONSENSUS][PBFT]checkAndChangeView: Reach consensus,org_view=379,org_changeCycle=0,cur_changeCycle=0,to_view=380
info|2019-12-13 08:02:23.079392|[g:1][CONSENSUS]addRawPrepare,height=69,reqIdx=0,hash=c6750af0...
info|2019-12-13 08:02:23.080013|[g:1][CONSENSUS][PBFT]checkTimeout Succ,view=380,toView=381,nodeIdx=1,changeCycle=0,myNode=2dce86f9...,timecost=0.492
info|2019-12-13 08:02:23.081046|[g:1][CONSENSUS][PBFT]checkAndChangeView: Reach consensus,org_view=380,org_changeCycle=0,cur_changeCycle=0,to_view=381
info|2019-12-13 08:02:24.081205|[g:1][CONSENSUS][SEALER]++++++++++++++++ Generating seal on,blkNum=69,tx=0,nodeIdx=1,hash=a5973b1c...
info|2019-12-13 08:02:24.082078|[g:1][CONSENSUS][PBFT]checkTimeout Succ,view=381,toView=382,nodeIdx=1,changeCycle=0,myNode=2dce86f9...,timecost=0.43
info|2019-12-13 08:02:24.084600|[g:1][CONSENSUS][PBFT]checkAndChangeView: Reach consensus,org_view=381,org_changeCycle=0,cur_changeCycle=0,to_view=382
info|2019-12-13 08:02:25.086167|[g:1][CONSENSUS]addRawPrepare,height=69,reqIdx=2,hash=c71f512b...
info|2019-12-13 08:02:25.086816|[g:1][CONSENSUS][PBFT]checkTimeout Succ,view=382,toView=383,nodeIdx=1,changeCycle=0,myNode=2dce86f9...,timecost=0.514
info|2019-12-13 08:02:25.088368|[g:1][CONSENSUS][PBFT]checkAndChangeView: Reach consensus,org_view=382,org_changeCycle=0,cur_changeCycle=0,to_view=383
info|2019-12-13 08:02:26.090137|[g:1][CONSENSUS]addRawPrepare,height=69,reqIdx=3,hash=7dcd35a8...
info|2019-12-13 08:02:26.090829|[g:1][CONSENSUS][PBFT]checkTimeout Succ,view=383,toView=384,nodeIdx=1,changeCycle=0,myNode=2dce86f9...,timecost=0.52
info|2019-12-13 08:02:26.092713|[g:1][CONSENSUS][PBFT]checkAndChangeView: Reach consensus,org_view=383,org_changeCycle=0,cur_changeCycle=0,to_view=384
info|2019-12-13 08:02:27.093869|[g:1][CONSENSUS]addRawPrepare,height=69,reqIdx=0,hash=b17eb825...
info|2019-12-13 08:02:27.095137|[g:1][CONSENSUS][PBFT]checkTimeout Succ,view=384,toView=385,nodeIdx=1,changeCycle=0,myNode=2dce86f9...,timecost=1.15
info|2019-12-13 08:02:27.096698|[g:1][CONSENSUS][PBFT]checkAndChangeView: Reach consensus,org_view=384,org_changeCycle=0,cur_changeCycle=0,to_view=385
info|2019-12-13 08:02:28.096569|[g:1][CONSENSUS][SEALER]++++++++++++++++ Generating seal on,blkNum=69,tx=0,nodeIdx=1,hash=8bbd2568...
info|2019-12-13 08:02:28.099743|[g:1][CONSENSUS][PBFT]checkTimeout Succ,view=385,toView=386,nodeIdx=1,changeCycle=0,myNode=2dce86f9...,timecost=0.434
info|2019-12-13 08:02:28.100488|[g:1][CONSENSUS][PBFT]checkAndChangeView: Reach consensus,org_view=385,org_changeCycle=0,cur_changeCycle=0,to_view=386
info|2019-12-13 08:02:29.102421|[g:1][CONSENSUS]addRawPrepare,height=69,reqIdx=2,hash=ca52c9aa...
info|2019-12-13 08:02:29.103073|[g:1][CONSENSUS][PBFT]checkTimeout Succ,view=386,toView=387,nodeIdx=1,changeCycle=0,myNode=2dce86f9...,timecost=0.492
info|2019-12-13 08:02:29.104727|[g:1][CONSENSUS][PBFT]checkAndChangeView: Reach consensus,org_view=386,org_changeCycle=0,cur_changeCycle=0,to_view=387
info|2019-12-13 08:02:30.106281|[g:1][CONSENSUS]addRawPrepare,height=69,reqIdx=3,hash=3e7efba0...
info|2019-12-13 08:02:30.106951|[g:1][CONSENSUS][PBFT]checkTimeout Succ,view=387,toView=388,nodeIdx=1,changeCycle=0,myNode=2dce86f9...,timecost=0.484
info|2019-12-13 08:02:30.108519|[g:1][CONSENSUS][PBFT]checkAndChangeView: Reach consensus,org_view=387,org_changeCycle=0,cur_changeCycle=0,to_view=388
info|2019-12-13 08:02:31.108945|[g:1][CONSENSUS]addRawPrepare,height=69,reqIdx=0,hash=c7bf980c...
info|2019-12-13 08:02:31.109421|[g:1][CONSENSUS][PBFT]checkTimeout Succ,view=388,toView=389,nodeIdx=1,changeCycle=0,myNode=2dce86f9...,timecost=0.366
info|2019-12-13 08:02:31.110635|[g:1][CONSENSUS][PBFT]checkAndChangeView: Reach consensus,org_view=388,org_changeCycle=0,cur_changeCycle=0,to_view=389
info|2019-12-13 08:02:32.025125|[P2P][Service] heartBeat,connected count=3
info|2019-12-13 08:02:32.110335|[g:1][CONSENSUS][SEALER]++++++++++++++++ Generating seal on,blkNum=69,tx=0,nodeIdx=1,hash=d85846d1...
info|2019-12-13 08:02:32.113311|[g:1][CONSENSUS][PBFT]checkTimeout Succ,view=389,toView=390,nodeIdx=1,changeCycle=0,myNode=2dce86f9...,timecost=0.518
info|2019-12-13 08:02:32.114576|[g:1][CONSENSUS][PBFT]checkAndChangeView: Reach consensus,org_view=389,org_changeCycle=0,cur_changeCycle=0,to_view=390
info|2019-12-13 08:02:33.117098|[g:1][CONSENSUS]addRawPrepare,height=69,reqIdx=2,hash=0d39966f...
info|2019-12-13 08:02:33.117725|[g:1][CONSENSUS][PBFT]checkTimeout Succ,view=390,toView=391,nodeIdx=1,changeCycle=0,myNode=2dce86f9...,timecost=0.469
info|2019-12-13 08:02:33.119218|[g:1][CONSENSUS][PBFT]checkAndChangeView: Reach consensus,org_view=390,org_changeCycle=0,cur_changeCycle=0,to_view=391
info|2019-12-13 08:02:34.120424|[g:1][CONSENSUS]addRawPrepare,height=69,reqIdx=3,hash=72e80132...
info|2019-12-13 08:02:34.120996|[g:1][CONSENSUS][PBFT]checkTimeout Succ,view=391,toView=392,nodeIdx=1,changeCycle=0,myNode=2dce86f9...,timecost=0.44
info|2019-12-13 08:02:34.122345|[g:1][CONSENSUS][PBFT]checkAndChangeView: Reach consensus,org_view=391,org_changeCycle=0,cur_changeCycle=0,to_view=392
info|2019-12-13 08:02:35.123805|[g:1][CONSENSUS]addRawPrepare,height=69,reqIdx=0,hash=958a2b60...
info|2019-12-13 08:02:35.124486|[g:1][CONSENSUS][PBFT]checkTimeout Succ,view=392,toView=393,nodeIdx=1,changeCycle=0,myNode=2dce86f9...,timecost=0.55
info|2019-12-13 08:02:35.125889|[g:1][CONSENSUS][PBFT]checkAndChangeView: Reach consensus,org_view=392,org_changeCycle=0,cur_changeCycle=0,to_view=393
info|2019-12-13 08:02:36.125288|[g:1][CONSENSUS][SEALER]++++++++++++++++ Generating seal on,blkNum=69,tx=0,nodeIdx=1,hash=35f90d69...
info|2019-12-13 08:02:36.128499|[g:1][CONSENSUS][PBFT]checkTimeout Succ,view=393,toView=394,nodeIdx=1,changeCycle=0,myNode=2dce86f9...,timecost=0.469
info|2019-12-13 08:02:36.129220|[g:1][CONSENSUS][PBFT]checkAndChangeView: Reach consensus,org_view=393,org_changeCycle=0,cur_changeCycle=0,to_view=394
info|2019-12-13 08:02:37.129681|[g:1][CONSENSUS]addRawPrepare,height=69,reqIdx=2,hash=4ed5ce94...
info|2019-12-13 08:02:37.130420|[g:1][CONSENSUS][PBFT]checkTimeout Succ,view=394,toView=395,nodeIdx=1,changeCycle=0,myNode=2dce86f9...,timecost=0.579
info|2019-12-13 08:02:37.132002|[g:1][CONSENSUS][PBFT]checkAndChangeView: Reach consensus,org_view=394,org_changeCycle=0,cur_changeCycle=0,to_view=395
info|2019-12-13 08:02:38.134075|[g:1][CONSENSUS]addRawPrepare,height=69,reqIdx=3,hash=7ca3a492...
info|2019-12-13 08:02:38.134695|[g:1][CONSENSUS][PBFT]checkTimeout Succ,view=395,toView=396,nodeIdx=1,changeCycle=0,myNode=2dce86f9...,timecost=0.462
info|2019-12-13 08:02:38.135970|[g:1][CONSENSUS][PBFT]checkAndChangeView: Reach consensus,org_view=395,org_changeCycle=0,cur_changeCycle=0,to_view=396
info|2019-12-13 08:02:39.137441|[g:1][CONSENSUS]addRawPrepare,height=69,reqIdx=0,hash=1b30c32c...
info|2019-12-13 08:02:39.137950|[g:1][CONSENSUS][PBFT]checkTimeout Succ,view=396,toView=397,nodeIdx=1,changeCycle=0,myNode=2dce86f9...,timecost=0.386
info|2019-12-13 08:02:39.139027|[g:1][CONSENSUS][PBFT]checkAndChangeView: Reach consensus,org_view=396,org_changeCycle=0,cur_changeCycle=0,to_view=397
info|2019-12-13 08:02:40.139413|[g:1][CONSENSUS][SEALER]++++++++++++++++ Generating seal on,blkNum=69,tx=0,nodeIdx=1,hash=b57b6b70...
info|2019-12-13 08:02:40.140211|[g:1][CONSENSUS][PBFT]checkTimeout Succ,view=397,toView=398,nodeIdx=1,changeCycle=0,myNode=2dce86f9...,timecost=0.326
info|2019-12-13 08:02:40.142031|[g:1][CONSENSUS][PBFT]checkAndChangeView: Reach consensus,org_view=397,org_changeCycle=0,cur_changeCycle=0,to_view=398
info|2019-12-13 08:02:41.144553|[g:1][CONSENSUS]addRawPrepare,height=69,reqIdx=2,hash=b7b969bd...
info|2019-12-13 08:02:41.145145|[g:1][CONSENSUS][PBFT]checkTimeout Succ,view=398,toView=399,nodeIdx=1,changeCycle=0,myNode=2dce86f9...,timecost=0.412
info|2019-12-13 08:02:41.146693|[g:1][CONSENSUS][PBFT]checkAndChangeView: Reach consensus,org_view=398,org_changeCycle=0,cur_changeCycle=0,to_view=399
info|2019-12-13 08:02:42.031776|[P2P][Service] heartBeat,connected count=3
info|2019-12-13 08:02:42.147729|[g:1][CONSENSUS]addRawPrepare,height=69,reqIdx=3,hash=db47fadc...
info|2019-12-13 08:02:42.148335|[g:1][CONSENSUS][PBFT]checkTimeout Succ,view=399,toView=400,nodeIdx=1,changeCycle=0,myNode=2dce86f9...,timecost=0.48
info|2019-12-13 08:02:42.149748|[g:1][CONSENSUS][PBFT]checkAndChangeView: Reach consensus,org_view=399,org_changeCycle=0,cur_changeCycle=0,to_view=400
info|2019-12-13 08:02:42.086055|[g:1][CONSENSUS]addRawPrepare,height=69,reqIdx=0,hash=e73fe18d...
info|2019-12-13 08:02:42.086925|[g:1][CONSENSUS][PBFT]checkTimeout Succ,view=400,toView=401,nodeIdx=1,changeCycle=0,myNode=2dce86f9...,timecost=0.549
info|2019-12-13 08:02:42.091470|[g:1][CONSENSUS][PBFT]checkAndChangeView: Reach consensus,org_view=400,org_changeCycle=0,cur_changeCycle=0,to_view=401
info|2019-12-13 08:02:43.091758|[g:1][CONSENSUS][SEALER]++++++++++++++++ Generating seal on,blkNum=69,tx=0,nodeIdx=1,hash=2fd7e65c...
info|2019-12-13 08:02:43.092408|[g:1][CONSENSUS][PBFT]checkTimeout Succ,view=401,toView=402,nodeIdx=1,changeCycle=0,myNode=2dce86f9...,timecost=0.277
info|2019-12-13 08:02:43.094146|[g:1][CONSENSUS][PBFT]checkAndChangeView: Reach consensus,org_view=401,org_changeCycle=0,cur_changeCycle=0,to_view=402
info|2019-12-13 08:02:44.095913|[g:1][CONSENSUS]addRawPrepare,height=69,reqIdx=2,hash=a0da6ca1...
info|2019-12-13 08:02:44.096378|[g:1][CONSENSUS][PBFT]checkTimeout Succ,view=402,toView=403,nodeIdx=1,changeCycle=0,myNode=2dce86f9...,timecost=0.344
info|2019-12-13 08:02:44.097739|[g:1][CONSENSUS][PBFT]checkAndChangeView: Reach consensus,org_view=402,org_changeCycle=0,cur_changeCycle=0,to_view=403
info|2019-12-13 08:02:45.099328|[g:1][CONSENSUS]addRawPrepare,height=69,reqIdx=3,hash=5e654cc0...
info|2019-12-13 08:02:45.099854|[g:1][CONSENSUS][PBFT]checkTimeout Succ,view=403,toView=404,nodeIdx=1,changeCycle=0,myNode=2dce86f9...,timecost=0.387
info|2019-12-13 08:02:45.100800|[g:1][CONSENSUS][PBFT]checkAndChangeView: Reach consensus,org_view=403,org_changeCycle=0,cur_changeCycle=0,to_view=404
info|2019-12-13 08:02:46.103264|[g:1][CONSENSUS]addRawPrepare,height=69,reqIdx=0,hash=cc1a47ad...
info|2019-12-13 08:02:46.103918|[g:1][CONSENSUS][PBFT]checkTimeout Succ,view=404,toView=405,nodeIdx=1,changeCycle=0,myNode=2dce86f9...,timecost=0.42
info|2019-12-13 08:02:46.105029|[g:1][CONSENSUS][PBFT]checkAndChangeView: Reach consensus,org_view=404,org_changeCycle=0,cur_changeCycle=0,to_view=405
info|2019-12-13 08:02:47.105585|[g:1][CONSENSUS][SEALER]++++++++++++++++ Generating seal on,blkNum=69,tx=0,nodeIdx=1,hash=222d5318...
info|2019-12-13 08:02:47.106553|[g:1][CONSENSUS][PBFT]checkTimeout Succ,view=405,toView=406,nodeIdx=1,changeCycle=0,myNode=2dce86f9...,timecost=0.508
info|2019-12-13 08:02:47.108700|[g:1][CONSENSUS][PBFT]checkAndChangeView: Reach consensus,org_view=405,org_changeCycle=0,cur_changeCycle=0,to_view=406
info|2019-12-13 08:02:48.110437|[g:1][CONSENSUS]addRawPrepare,height=69,reqIdx=2,hash=3c63a3c6...
info|2019-12-13 08:02:48.111061|[g:1][CONSENSUS][PBFT]checkTimeout Succ,view=406,toView=407,nodeIdx=1,changeCycle=0,myNode=2dce86f9...,timecost=0.455
info|2019-12-13 08:02:48.112721|[g:1][CONSENSUS][PBFT]checkAndChangeView: Reach consensus,org_view=406,org_changeCycle=0,cur_changeCycle=0,to_view=407
info|2019-12-13 08:02:49.116062|[g:1][CONSENSUS]addRawPrepare,height=69,reqIdx=3,hash=8d1f1e9a...
info|2019-12-13 08:02:49.116562|[g:1][CONSENSUS][PBFT]checkTimeout Succ,view=407,toView=408,nodeIdx=1,changeCycle=0,myNode=2dce86f9...,timecost=0.361
info|2019-12-13 08:02:49.117586|[g:1][CONSENSUS][PBFT]checkAndChangeView: Reach consensus,org_view=407,org_changeCycle=0,cur_changeCycle=0,to_view=408
info|2019-12-13 08:02:50.118438|[g:1][CONSENSUS]addRawPrepare,height=69,reqIdx=0,hash=bab1781c...
info|2019-12-13 08:02:50.118902|[g:1][CONSENSUS][PBFT]checkTimeout Succ,view=408,toView=409,nodeIdx=1,changeCycle=0,myNode=2dce86f9...,timecost=0.336
info|2019-12-13 08:02:50.119846|[g:1][CONSENSUS][PBFT]checkAndChangeView: Reach consensus,org_view=408,org_changeCycle=0,cur_changeCycle=0,to_view=409
info|2019-12-13 08:02:51.119552|[g:1][CONSENSUS][SEALER]++++++++++++++++ Generating seal on,blkNum=69,tx=0,nodeIdx=1,hash=5ea6fd77...
info|2019-12-13 08:02:51.121852|[g:1][CONSENSUS][PBFT]checkTimeout Succ,view=409,toView=410,nodeIdx=1,changeCycle=0,myNode=2dce86f9...,timecost=0.249
info|2019-12-13 08:02:51.123829|[g:1][CONSENSUS][PBFT]checkAndChangeView: Reach consensus,org_view=409,org_changeCycle=0,cur_changeCycle=0,to_view=410
info|2019-12-13 08:02:52.037466|[P2P][Service] heartBeat,connected count=3
info|2019-12-13 08:02:52.125179|[g:1][CONSENSUS]addRawPrepare,height=69,reqIdx=2,hash=eab88190...
info|2019-12-13 08:02:52.125753|[g:1][CONSENSUS][PBFT]checkTimeout Succ,view=410,toView=411,nodeIdx=1,changeCycle=0,myNode=2dce86f9...,timecost=0.427
info|2019-12-13 08:02:52.126690|[g:1][CONSENSUS][PBFT]checkAndChangeView: Reach consensus,org_view=410,org_changeCycle=0,cur_changeCycle=0,to_view=411
info|2019-12-13 08:02:53.129380|[g:1][CONSENSUS]addRawPrepare,height=69,reqIdx=3,hash=2bb59b97...
info|2019-12-13 08:02:53.130153|[g:1][CONSENSUS][PBFT]checkTimeout Succ,view=411,toView=412,nodeIdx=1,changeCycle=0,myNode=2dce86f9...,timecost=0.598
info|2019-12-13 08:02:53.131998|[g:1][CONSENSUS][PBFT]checkAndChangeView: Reach consensus,org_view=411,org_changeCycle=0,cur_changeCycle=0,to_view=412
info|2019-12-13 08:02:54.132427|[g:1][CONSENSUS]addRawPrepare,height=69,reqIdx=0,hash=c2d8754a...
info|2019-12-13 08:02:54.132981|[g:1][CONSENSUS][PBFT]checkTimeout Succ,view=412,toView=413,nodeIdx=1,changeCycle=0,myNode=2dce86f9...,timecost=0.403
info|2019-12-13 08:02:54.133924|[g:1][CONSENSUS][PBFT]checkAndChangeView: Reach consensus,org_view=412,org_changeCycle=0,cur_changeCycle=0,to_view=413
info|2019-12-13 08:02:55.134432|[g:1][CONSENSUS][SEALER]++++++++++++++++ Generating seal on,blkNum=69,tx=0,nodeIdx=1,hash=feaf4314...
info|2019-12-13 08:02:55.135325|[g:1][CONSENSUS][PBFT]checkTimeout Succ,view=413,toView=414,nodeIdx=1,changeCycle=0,myNode=2dce86f9...,timecost=0.431
info|2019-12-13 08:02:55.137993|[g:1][CONSENSUS][PBFT]checkAndChangeView: Reach consensus,org_view=413,org_changeCycle=0,cur_changeCycle=0,to_view=414
info|2019-12-13 08:02:56.140383|[g:1][CONSENSUS]addRawPrepare,height=69,reqIdx=2,hash=2a6aaca2...
info|2019-12-13 08:02:56.141020|[g:1][CONSENSUS][PBFT]checkTimeout Succ,view=414,toView=415,nodeIdx=1,changeCycle=0,myNode=2dce86f9...,timecost=0.508
info|2019-12-13 08:02:56.142883|[g:1][CONSENSUS][PBFT]checkAndChangeView: Reach consensus,org_view=414,org_changeCycle=0,cur_changeCycle=0,to_view=415
info|2019-12-13 08:41:44.007526|[P2P][Service] heartBeat,connected count=3
warning|2019-12-13 08:41:44.009219|[g:1][CONSENSUS][PBFT]ViewChangeWarning: not caused by omit empty block ,v=415,toV=416,curNum=68,hash=685b9589...,nodeIdx=1,myNode=2dce86f9...
info|2019-12-13 08:41:44.010222|[g:1][CONSENSUS][PBFT]checkTimeout Succ,view=415,toView=416,nodeIdx=1,changeCycle=1,myNode=2dce86f9...,timecost=1.41
info|2019-12-13 08:41:44.012304|[g:1][CONSENSUS][PBFT]checkAndChangeView: Reach consensus,org_view=415,org_changeCycle=1,cur_changeCycle=1,to_view=416
info|2019-12-13 08:41:45.012939|[g:1][CONSENSUS]addRawPrepare,height=69,reqIdx=0,hash=441a0a8a...
info|2019-12-13 08:41:45.013387|[g:1][CONSENSUS][PBFT]checkTimeout Succ,view=416,toView=417,nodeIdx=1,changeCycle=0,myNode=2dce86f9...,timecost=0.347
info|2019-12-13 08:41:45.014610|[g:1][CONSENSUS][PBFT]checkAndChangeView: Reach consensus,org_view=416,org_changeCycle=0,cur_changeCycle=0,to_view=417
info|2019-12-13 08:41:46.014533|[g:1][CONSENSUS][SEALER]++++++++++++++++ Generating seal on,blkNum=69,tx=0,nodeIdx=1,hash=ca8d373b...
info|2019-12-13 08:41:46.015143|[g:1][CONSENSUS][PBFT]checkTimeout Succ,view=417,toView=418,nodeIdx=1,changeCycle=0,myNode=2dce86f9...,timecost=0.298
info|2019-12-13 08:41:46.017190|[g:1][CONSENSUS][PBFT]checkAndChangeView: Reach consensus,org_view=417,org_changeCycle=0,cur_changeCycle=0,to_view=418
info|2019-12-13 08:41:47.019199|[g:1][CONSENSUS]addRawPrepare,height=69,reqIdx=2,hash=a056e1d2...
info|2019-12-13 08:41:47.019835|[g:1][CONSENSUS][PBFT]checkTimeout Succ,view=418,toView=419,nodeIdx=1,changeCycle=0,myNode=2dce86f9...,timecost=0.458
info|2019-12-13 08:41:47.021178|[g:1][CONSENSUS][PBFT]checkAndChangeView: Reach consensus,org_view=418,org_changeCycle=0,cur_changeCycle=0,to_view=419
info|2019-12-13 08:41:48.022892|[g:1][CONSENSUS]addRawPrepare,height=69,reqIdx=3,hash=27b94086...
info|2019-12-13 08:41:48.023441|[g:1][CONSENSUS][PBFT]checkTimeout Succ,view=419,toView=420,nodeIdx=1,changeCycle=0,myNode=2dce86f9...,timecost=0.428
info|2019-12-13 08:41:48.025227|[g:1][CONSENSUS][PBFT]checkAndChangeView: Reach consensus,org_view=419,org_changeCycle=0,cur_changeCycle=0,to_view=420
info|2019-12-13 08:41:49.026388|[g:1][CONSENSUS]addRawPrepare,height=69,reqIdx=0,hash=809bfdb3...
info|2019-12-13 08:41:49.027501|[g:1][CONSENSUS][PBFT]checkTimeout Succ,view=420,toView=421,nodeIdx=1,changeCycle=0,myNode=2dce86f9...,timecost=0.963
info|2019-12-13 08:41:49.029287|[g:1][CONSENSUS][PBFT]checkAndChangeView: Reach consensus,org_view=420,org_changeCycle=0,cur_changeCycle=0,to_view=421
info|2019-12-13 08:41:50.029514|[g:1][CONSENSUS][SEALER]++++++++++++++++ Generating seal on,blkNum=69,tx=0,nodeIdx=1,hash=0d3b913f...
info|2019-12-13 08:41:50.033044|[g:1][CONSENSUS][PBFT]checkTimeout Succ,view=421,toView=422,nodeIdx=1,changeCycle=0,myNode=2dce86f9...,timecost=0.598
info|2019-12-13 08:41:50.033837|[g:1][CONSENSUS][PBFT]checkAndChangeView: Reach consensus,org_view=421,org_changeCycle=0,cur_changeCycle=0,to_view=422
info|2019-12-13 08:41:51.034266|[g:1][CONSENSUS]addRawPrepare,height=69,reqIdx=2,hash=35cc2178...
info|2019-12-13 08:41:51.034718|[g:1][CONSENSUS][PBFT]checkTimeout Succ,view=422,toView=423,nodeIdx=1,changeCycle=0,myNode=2dce86f9...,timecost=0.358
info|2019-12-13 08:41:51.035769|[g:1][CONSENSUS][PBFT]checkAndChangeView: Reach consensus,org_view=422,org_changeCycle=0,cur_changeCycle=0,to_view=423
info|2019-12-13 08:41:52.038031|[g:1][CONSENSUS]addRawPrepare,height=69,reqIdx=3,hash=b7c5402e...
info|2019-12-13 08:41:52.038623|[g:1][CONSENSUS][PBFT]checkTimeout Succ,view=423,toView=424,nodeIdx=1,changeCycle=0,myNode=2dce86f9...,timecost=0.457
info|2019-12-13 08:41:52.039827|[g:1][CONSENSUS][PBFT]checkAndChangeView: Reach consensus,org_view=423,org_changeCycle=0,cur_changeCycle=0,to_view=424
info|2019-12-13 08:41:53.040336|[g:1][CONSENSUS]addRawPrepare,height=69,reqIdx=0,hash=a615f199...
info|2019-12-13 08:41:53.040788|[g:1][CONSENSUS][PBFT]checkTimeout Succ,view=424,toView=425,nodeIdx=1,changeCycle=0,myNode=2dce86f9...,timecost=0.331
info|2019-12-13 08:41:53.041981|[g:1][CONSENSUS][PBFT]checkAndChangeView: Reach consensus,org_view=424,org_changeCycle=0,cur_changeCycle=0,to_view=425
info|2019-12-13 08:41:54.014911|[P2P][Service] heartBeat,connected count=3
info|2019-12-13 08:41:54.041541|[g:1][CONSENSUS][SEALER]++++++++++++++++ Generating seal on,blkNum=69,tx=0,nodeIdx=1,hash=a007c688...
info|2019-12-13 08:41:54.042203|[g:1][CONSENSUS][PBFT]checkTimeout Succ,view=425,toView=426,nodeIdx=1,changeCycle=0,myNode=2dce86f9...,timecost=0.323
info|2019-12-13 08:41:54.044226|[g:1][CONSENSUS][PBFT]checkAndChangeView: Reach consensus,org_view=425,org_changeCycle=0,cur_changeCycle=0,to_view=426
info|2019-12-13 08:41:55.045705|[g:1][CONSENSUS]addRawPrepare,height=69,reqIdx=2,hash=cd860c09...
info|2019-12-13 08:41:55.046171|[g:1][CONSENSUS][PBFT]checkTimeout Succ,view=426,toView=427,nodeIdx=1,changeCycle=0,myNode=2dce86f9...,timecost=0.344
info|2019-12-13 08:41:55.047374|[g:1][CONSENSUS][PBFT]checkAndChangeView: Reach consensus,org_view=426,org_changeCycle=0,cur_changeCycle=0,to_view=427
info|2019-12-13 08:41:56.049169|[g:1][CONSENSUS]addRawPrepare,height=69,reqIdx=3,hash=2b4e8ca3...
info|2019-12-13 08:41:56.049814|[g:1][CONSENSUS][PBFT]checkTimeout Succ,view=427,toView=428,nodeIdx=1,changeCycle=0,myNode=2dce86f9...,timecost=0.473
info|2019-12-13 08:41:56.051255|[g:1][CONSENSUS][PBFT]checkAndChangeView: Reach consensus,org_view=427,org_changeCycle=0,cur_changeCycle=0,to_view=428
info|2019-12-13 08:41:57.053569|[g:1][CONSENSUS]addRawPrepare,height=69,reqIdx=0,hash=df03f713...
info|2019-12-13 08:41:57.054505|[g:1][CONSENSUS][PBFT]checkTimeout Succ,view=428,toView=429,nodeIdx=1,changeCycle=0,myNode=2dce86f9...,timecost=0.698
info|2019-12-13 08:41:57.055956|[g:1][CONSENSUS][PBFT]checkAndChangeView: Reach consensus,org_view=428,org_changeCycle=0,cur_changeCycle=0,to_view=429
info|2019-12-13 08:41:58.056639|[g:1][CONSENSUS][SEALER]++++++++++++++++ Generating seal on,blkNum=69,tx=0,nodeIdx=1,hash=6baba7b0...
info|2019-12-13 08:41:58.059278|[g:1][CONSENSUS][PBFT]checkTimeout Succ,view=429,toView=430,nodeIdx=1,changeCycle=0,myNode=2dce86f9...,timecost=0.441
info|2019-12-13 08:41:58.060865|[g:1][CONSENSUS][PBFT]checkAndChangeView: Reach consensus,org_view=429,org_changeCycle=0,cur_changeCycle=0,to_view=430
info|2019-12-13 08:41:59.062286|[g:1][CONSENSUS]addRawPrepare,height=69,reqIdx=2,hash=e1b8ef31...
info|2019-12-13 08:41:59.062888|[g:1][CONSENSUS][PBFT]checkTimeout Succ,view=430,toView=431,nodeIdx=1,changeCycle=0,myNode=2dce86f9...,timecost=0.449
info|2019-12-13 08:41:59.064413|[g:1][CONSENSUS][PBFT]checkAndChangeView: Reach consensus,org_view=430,org_changeCycle=0,cur_changeCycle=0,to_view=431
info|2019-12-13 08:42:00.066131|[g:1][CONSENSUS]addRawPrepare,height=69,reqIdx=3,hash=4d7b4b43...
info|2019-12-13 08:42:00.066719|[g:1][CONSENSUS][PBFT]checkTimeout Succ,view=431,toView=432,nodeIdx=1,changeCycle=0,myNode=2dce86f9...,timecost=0.466
info|2019-12-13 08:42:00.068149|[g:1][CONSENSUS][PBFT]checkAndChangeView: Reach consensus,org_view=431,org_changeCycle=0,cur_changeCycle=0,to_view=432
info|2019-12-13 08:42:01.070604|[g:1][CONSENSUS]addRawPrepare,height=69,reqIdx=0,hash=159341a4...
info|2019-12-13 08:42:01.071364|[g:1][CONSENSUS][PBFT]checkTimeout Succ,view=432,toView=433,nodeIdx=1,changeCycle=0,myNode=2dce86f9...,timecost=0.538
info|2019-12-13 08:42:01.073885|[g:1][CONSENSUS][PBFT]checkAndChangeView: Reach consensus,org_view=432,org_changeCycle=0,cur_changeCycle=0,to_view=433
info|2019-12-13 08:42:02.074136|[g:1][CONSENSUS][SEALER]++++++++++++++++ Generating seal on,blkNum=69,tx=0,nodeIdx=1,hash=33acf7dd...
info|2019-12-13 08:42:02.077385|[g:1][CONSENSUS][PBFT]checkTimeout Succ,view=433,toView=434,nodeIdx=1,changeCycle=0,myNode=2dce86f9...,timecost=0.522
info|2019-12-13 08:42:02.078190|[g:1][CONSENSUS][PBFT]checkAndChangeView: Reach consensus,org_view=433,org_changeCycle=0,cur_changeCycle=0,to_view=434
info|2019-12-13 08:42:03.080680|[g:1][CONSENSUS]addRawPrepare,height=69,reqIdx=2,hash=3a616335...
info|2019-12-13 08:42:03.081409|[g:1][CONSENSUS][PBFT]checkTimeout Succ,view=434,toView=435,nodeIdx=1,changeCycle=0,myNode=2dce86f9...,timecost=0.577
info|2019-12-13 08:42:03.083127|[g:1][CONSENSUS][PBFT]checkAndChangeView: Reach consensus,org_view=434,org_changeCycle=0,cur_changeCycle=0,to_view=435
info|2019-12-13 08:42:04.022846|[P2P][Service] heartBeat,connected count=3
info|2019-12-13 08:42:04.085153|[g:1][CONSENSUS]addRawPrepare,height=69,reqIdx=3,hash=760d7280...
info|2019-12-13 08:42:04.085991|[g:1][CONSENSUS][PBFT]checkTimeout Succ,view=435,toView=436,nodeIdx=1,changeCycle=0,myNode=2dce86f9...,timecost=0.673
info|2019-12-13 08:42:04.088145|[g:1][CONSENSUS][PBFT]checkAndChangeView: Reach consensus,org_view=435,org_changeCycle=0,cur_changeCycle=0,to_view=436
info|2019-12-13 08:42:05.090186|[g:1][CONSENSUS]addRawPrepare,height=69,reqIdx=0,hash=22865050...
info|2019-12-13 08:42:05.091105|[g:1][CONSENSUS][PBFT]checkTimeout Succ,view=436,toView=437,nodeIdx=1,changeCycle=0,myNode=2dce86f9...,timecost=0.726
info|2019-12-13 08:42:05.092688|[g:1][CONSENSUS][PBFT]checkAndChangeView: Reach consensus,org_view=436,org_changeCycle=0,cur_changeCycle=0,to_view=437
info|2019-12-13 08:42:06.092770|[g:1][CONSENSUS][SEALER]++++++++++++++++ Generating seal on,blkNum=69,tx=0,nodeIdx=1,hash=7261ca1c...
info|2019-12-13 08:42:06.096167|[g:1][CONSENSUS][PBFT]checkTimeout Succ,view=437,toView=438,nodeIdx=1,changeCycle=0,myNode=2dce86f9...,timecost=0.517
info|2019-12-13 08:42:06.097172|[g:1][CONSENSUS][PBFT]checkAndChangeView: Reach consensus,org_view=437,org_changeCycle=0,cur_changeCycle=0,to_view=438
info|2019-12-13 08:42:07.098204|[g:1][CONSENSUS]addRawPrepare,height=69,reqIdx=2,hash=32a8ba79...
info|2019-12-13 08:42:07.098983|[g:1][CONSENSUS][PBFT]checkTimeout Succ,view=438,toView=439,nodeIdx=1,changeCycle=0,myNode=2dce86f9...,timecost=0.624
info|2019-12-13 08:42:07.100871|[g:1][CONSENSUS][PBFT]checkAndChangeView: Reach consensus,org_view=438,org_changeCycle=0,cur_changeCycle=0,to_view=439
info|2019-12-13 08:42:08.103060|[g:1][CONSENSUS]addRawPrepare,height=69,reqIdx=3,hash=753140cb...
info|2019-12-13 08:42:08.103723|[g:1][CONSENSUS][PBFT]checkTimeout Succ,view=439,toView=440,nodeIdx=1,changeCycle=0,myNode=2dce86f9...,timecost=0.477
info|2019-12-13 08:42:08.105234|[g:1][CONSENSUS][PBFT]checkAndChangeView: Reach consensus,org_view=439,org_changeCycle=0,cur_changeCycle=0,to_view=440
info|2019-12-13 08:42:09.106891|[g:1][CONSENSUS]addRawPrepare,height=69,reqIdx=0,hash=606ca5e7...
info|2019-12-13 08:42:09.108303|[g:1][CONSENSUS][PBFT]checkTimeout Succ,view=440,toView=441,nodeIdx=1,changeCycle=0,myNode=2dce86f9...,timecost=1.243
info|2019-12-13 08:42:09.109786|[g:1][CONSENSUS][PBFT]checkAndChangeView: Reach consensus,org_view=440,org_changeCycle=0,cur_changeCycle=0,to_view=441
info|2019-12-13 08:42:10.109193|[g:1][CONSENSUS][SEALER]++++++++++++++++ Generating seal on,blkNum=69,tx=0,nodeIdx=1,hash=6cae9564...
info|2019-12-13 08:42:10.109876|[g:1][CONSENSUS][PBFT]checkTimeout Succ,view=441,toView=442,nodeIdx=1,changeCycle=0,myNode=2dce86f9...,timecost=0.298
info|2019-12-13 08:42:10.111888|[g:1][CONSENSUS][PBFT]checkAndChangeView: Reach consensus,org_view=441,org_changeCycle=0,cur_changeCycle=0,to_view=442
info|2019-12-13 08:42:11.113317|[g:1][CONSENSUS]addRawPrepare,height=69,reqIdx=2,hash=417ac4c9...
info|2019-12-13 08:42:11.114041|[g:1][CONSENSUS][PBFT]checkTimeout Succ,view=442,toView=443,nodeIdx=1,changeCycle=0,myNode=2dce86f9...,timecost=0.504
info|2019-12-13 08:42:11.116055|[g:1][CONSENSUS][PBFT]checkAndChangeView: Reach consensus,org_view=442,org_changeCycle=0,cur_changeCycle=0,to_view=443
info|2019-12-13 08:42:12.118028|[g:1][CONSENSUS]addRawPrepare,height=69,reqIdx=3,hash=42a50338...
info|2019-12-13 08:42:12.118700|[g:1][CONSENSUS][PBFT]checkTimeout Succ,view=443,toView=444,nodeIdx=1,changeCycle=0,myNode=2dce86f9...,timecost=0.496
info|2019-12-13 08:42:12.120037|[g:1][CONSENSUS][PBFT]checkAndChangeView: Reach consensus,org_view=443,org_changeCycle=0,cur_changeCycle=0,to_view=444
info|2019-12-13 08:42:13.121703|[g:1][CONSENSUS]addRawPrepare,height=69,reqIdx=0,hash=216196e7...
info|2019-12-13 08:42:13.122460|[g:1][CONSENSUS][PBFT]checkTimeout Succ,view=444,toView=445,nodeIdx=1,changeCycle=0,myNode=2dce86f9...,timecost=0.599
info|2019-12-13 08:42:13.123800|[g:1][CONSENSUS][PBFT]checkAndChangeView: Reach consensus,org_view=444,org_changeCycle=0,cur_changeCycle=0,to_view=445
info|2019-12-13 08:42:14.027185|[P2P][Service] heartBeat,connected count=3
info|2019-12-13 08:42:14.123726|[g:1][CONSENSUS][SEALER]++++++++++++++++ Generating seal on,blkNum=69,tx=0,nodeIdx=1,hash=28d7092e...
info|2019-12-13 08:42:14.127667|[g:1][CONSENSUS][PBFT]checkTimeout Succ,view=445,toView=446,nodeIdx=1,changeCycle=0,myNode=2dce86f9...,timecost=0.515
info|2019-12-13 08:42:14.128382|[g:1][CONSENSUS][PBFT]checkAndChangeView: Reach consensus,org_view=445,org_changeCycle=0,cur_changeCycle=0,to_view=446
info|2019-12-13 08:42:15.129767|[g:1][CONSENSUS]addRawPrepare,height=69,reqIdx=2,hash=40256fe1...
info|2019-12-13 08:42:15.130495|[g:1][CONSENSUS][PBFT]checkTimeout Succ,view=446,toView=447,nodeIdx=1,changeCycle=0,myNode=2dce86f9...,timecost=0.59
info|2019-12-13 08:42:15.132594|[g:1][CONSENSUS][PBFT]checkAndChangeView: Reach consensus,org_view=446,org_changeCycle=0,cur_changeCycle=0,to_view=447
info|2019-12-13 08:42:16.134648|[g:1][CONSENSUS]addRawPrepare,height=69,reqIdx=3,hash=c483b7f7...
info|2019-12-13 08:42:16.135522|[g:1][CONSENSUS][PBFT]checkTimeout Succ,view=447,toView=448,nodeIdx=1,changeCycle=0,myNode=2dce86f9...,timecost=0.688
info|2019-12-13 08:42:16.137109|[g:1][CONSENSUS][PBFT]checkAndChangeView: Reach consensus,org_view=447,org_changeCycle=0,cur_changeCycle=0,to_view=448
info|2019-12-13 08:42:17.139143|[g:1][CONSENSUS]addRawPrepare,height=69,reqIdx=0,hash=a24b576b...
info|2019-12-13 08:42:17.139637|[g:1][CONSENSUS][PBFT]checkTimeout Succ,view=448,toView=449,nodeIdx=1,changeCycle=0,myNode=2dce86f9...,timecost=0.366
info|2019-12-13 08:42:17.140644|[g:1][CONSENSUS][PBFT]checkAndChangeView: Reach consensus,org_view=448,org_changeCycle=0,cur_changeCycle=0,to_view=449
info|2019-12-13 08:42:18.140162|[g:1][CONSENSUS][SEALER]++++++++++++++++ Generating seal on,blkNum=69,tx=0,nodeIdx=1,hash=d7b6abb9...
info|2019-12-13 08:42:18.142608|[g:1][CONSENSUS][PBFT]checkTimeout Succ,view=449,toView=450,nodeIdx=1,changeCycle=0,myNode=2dce86f9...,timecost=0.403
info|2019-12-13 08:42:18.143193|[g:1][CONSENSUS][PBFT]checkAndChangeView: Reach consensus,org_view=449,org_changeCycle=0,cur_changeCycle=0,to_view=450
info|2019-12-13 08:42:19.143237|[g:1][CONSENSUS]addRawPrepare,height=69,reqIdx=2,hash=a84fb7cd...
info|2019-12-13 08:42:19.144113|[g:1][CONSENSUS][PBFT]checkTimeout Succ,view=450,toView=451,nodeIdx=1,changeCycle=0,myNode=2dce86f9...,timecost=0.548
info|2019-12-13 08:42:19.145338|[g:1][CONSENSUS][PBFT]checkAndChangeView: Reach consensus,org_view=450,org_changeCycle=0,cur_changeCycle=0,to_view=451
info|2019-12-13 08:42:20.146856|[g:1][CONSENSUS]addRawPrepare,height=69,reqIdx=3,hash=66bf407b...
info|2019-12-13 08:42:20.147299|[g:1][CONSENSUS][PBFT]checkTimeout Succ,view=451,toView=452,nodeIdx=1,changeCycle=0,myNode=2dce86f9...,timecost=0.356
info|2019-12-13 08:42:20.148659|[g:1][CONSENSUS][PBFT]checkAndChangeView: Reach consensus,org_view=451,org_changeCycle=0,cur_changeCycle=0,to_view=452
info|2019-12-13 08:42:21.149511|[g:1][CONSENSUS]addRawPrepare,height=69,reqIdx=0,hash=03090d06...
info|2019-12-13 08:42:21.150059|[g:1][CONSENSUS][PBFT]checkTimeout Succ,view=452,toView=453,nodeIdx=1,changeCycle=0,myNode=2dce86f9...,timecost=0.422
info|2019-12-13 08:42:21.151142|[g:1][CONSENSUS][PBFT]checkAndChangeView: Reach consensus,org_view=452,org_changeCycle=0,cur_changeCycle=0,to_view=453
info|2019-12-13 08:42:22.152329|[g:1][CONSENSUS][SEALER]++++++++++++++++ Generating seal on,blkNum=69,tx=0,nodeIdx=1,hash=c20bd01b...
info|2019-12-13 08:42:22.153966|[g:1][CONSENSUS][PBFT]checkTimeout Succ,view=453,toView=454,nodeIdx=1,changeCycle=0,myNode=2dce86f9...,timecost=0.343
info|2019-12-13 08:42:22.155040|[g:1][CONSENSUS][PBFT]checkAndChangeView: Reach consensus,org_view=453,org_changeCycle=0,cur_changeCycle=0,to_view=454
info|2019-12-13 08:42:23.155816|[g:1][CONSENSUS]addRawPrepare,height=69,reqIdx=2,hash=185e4dc1...
info|2019-12-13 08:42:23.156288|[g:1][CONSENSUS][PBFT]checkTimeout Succ,view=454,toView=455,nodeIdx=1,changeCycle=0,myNode=2dce86f9...,timecost=0.353
info|2019-12-13 08:42:23.157810|[g:1][CONSENSUS][PBFT]checkAndChangeView: Reach consensus,org_view=454,org_changeCycle=0,cur_changeCycle=0,to_view=455
info|2019-12-13 08:42:24.036436|[P2P][Service] heartBeat,connected count=3
info|2019-12-13 08:42:24.158843|[g:1][CONSENSUS]addRawPrepare,height=69,reqIdx=3,hash=5c0900bf...
info|2019-12-13 08:42:24.159394|[g:1][CONSENSUS][PBFT]checkTimeout Succ,view=455,toView=456,nodeIdx=1,changeCycle=0,myNode=2dce86f9...,timecost=0.434
info|2019-12-13 08:42:24.160775|[g:1][CONSENSUS][PBFT]checkAndChangeView: Reach consensus,org_view=455,org_changeCycle=0,cur_changeCycle=0,to_view=456
info|2019-12-13 08:42:25.161717|[g:1][CONSENSUS]addRawPrepare,height=69,reqIdx=0,hash=d2a71204...
info|2019-12-13 08:42:25.162365|[g:1][CONSENSUS][PBFT]checkTimeout Succ,view=456,toView=457,nodeIdx=1,changeCycle=0,myNode=2dce86f9...,timecost=0.5
info|2019-12-13 08:42:25.163346|[g:1][CONSENSUS][PBFT]checkAndChangeView: Reach consensus,org_view=456,org_changeCycle=0,cur_changeCycle=0,to_view=457
info|2019-12-13 08:42:26.163853|[g:1][CONSENSUS][SEALER]++++++++++++++++ Generating seal on,blkNum=69,tx=0,nodeIdx=1,hash=cc90da8f...
info|2019-12-13 08:42:26.164598|[g:1][CONSENSUS][PBFT]checkTimeout Succ,view=457,toView=458,nodeIdx=1,changeCycle=0,myNode=2dce86f9...,timecost=0.382
info|2019-12-13 08:42:26.166806|[g:1][CONSENSUS][PBFT]checkAndChangeView: Reach consensus,org_view=457,org_changeCycle=0,cur_changeCycle=0,to_view=458
info|2019-12-13 08:42:27.168456|[g:1][CONSENSUS]addRawPrepare,height=69,reqIdx=2,hash=ab591a4d...
info|2019-12-13 08:42:27.169078|[g:1][CONSENSUS][PBFT]checkTimeout Succ,view=458,toView=459,nodeIdx=1,changeCycle=0,myNode=2dce86f9...,timecost=0.454
info|2019-12-13 08:42:27.170605|[g:1][CONSENSUS][PBFT]checkAndChangeView: Reach consensus,org_view=458,org_changeCycle=0,cur_changeCycle=0,to_view=459
info|2019-12-13 08:42:28.172266|[g:1][CONSENSUS]addRawPrepare,height=69,reqIdx=3,hash=d9138935...
info|2019-12-13 08:42:28.173009|[g:1][CONSENSUS][PBFT]checkTimeout Succ,view=459,toView=460,nodeIdx=1,changeCycle=0,myNode=2dce86f9...,timecost=0.587
info|2019-12-13 08:42:28.174600|[g:1][CONSENSUS][PBFT]checkAndChangeView: Reach consensus,org_view=459,org_changeCycle=0,cur_changeCycle=0,to_view=460
info|2019-12-13 08:42:29.176711|[g:1][CONSENSUS]addRawPrepare,height=69,reqIdx=0,hash=7dec06df...
info|2019-12-13 08:42:29.177671|[g:1][CONSENSUS][PBFT]checkTimeout Succ,view=460,toView=461,nodeIdx=1,changeCycle=0,myNode=2dce86f9...,timecost=0.824
info|2019-12-13 08:42:29.179745|[g:1][CONSENSUS][PBFT]checkAndChangeView: Reach consensus,org_view=460,org_changeCycle=0,cur_changeCycle=0,to_view=461
info|2019-12-13 08:42:30.179387|[g:1][CONSENSUS][SEALER]++++++++++++++++ Generating seal on,blkNum=69,tx=0,nodeIdx=1,hash=437e7195...
info|2019-12-13 08:42:30.180437|[g:1][CONSENSUS][PBFT]checkTimeout Succ,view=461,toView=462,nodeIdx=1,changeCycle=0,myNode=2dce86f9...,timecost=0.621
info|2019-12-13 08:42:30.183415|[g:1][CONSENSUS][PBFT]checkAndChangeView: Reach consensus,org_view=461,org_changeCycle=0,cur_changeCycle=0,to_view=462
info|2019-12-13 08:42:31.184870|[g:1][CONSENSUS]addRawPrepare,height=69,reqIdx=2,hash=633d50e6...
info|2019-12-13 08:42:31.185714|[g:1][CONSENSUS][PBFT]checkTimeout Succ,view=462,toView=463,nodeIdx=1,changeCycle=0,myNode=2dce86f9...,timecost=0.658
info|2019-12-13 08:42:31.187723|[g:1][CONSENSUS][PBFT]checkAndChangeView: Reach consensus,org_view=462,org_changeCycle=0,cur_changeCycle=0,to_view=463
info|2019-12-13 08:42:32.189776|[g:1][CONSENSUS]addRawPrepare,height=69,reqIdx=3,hash=5dc42b6f...
info|2019-12-13 08:42:32.190659|[g:1][CONSENSUS][PBFT]checkTimeout Succ,view=463,toView=464,nodeIdx=1,changeCycle=0,myNode=2dce86f9...,timecost=0.68
info|2019-12-13 08:42:32.192891|[g:1][CONSENSUS][PBFT]checkAndChangeView: Reach consensus,org_view=463,org_changeCycle=0,cur_changeCycle=0,to_view=464
info|2019-12-13 08:42:33.195567|[g:1][CONSENSUS]addRawPrepare,height=69,reqIdx=0,hash=9744194c...
info|2019-12-13 08:42:33.196596|[g:1][CONSENSUS][PBFT]checkTimeout Succ,view=464,toView=465,nodeIdx=1,changeCycle=0,myNode=2dce86f9...,timecost=0.8
info|2019-12-13 08:42:33.199051|[g:1][CONSENSUS][PBFT]checkAndChangeView: Reach consensus,org_view=464,org_changeCycle=0,cur_changeCycle=0,to_view=465
info|2019-12-13 08:42:34.041507|[P2P][Service] heartBeat,connected count=3
info|2019-12-13 08:42:34.200098|[g:1][CONSENSUS][SEALER]++++++++++++++++ Generating seal on,blkNum=69,tx=0,nodeIdx=1,hash=6026575c...
info|2019-12-13 08:42:34.201269|[g:1][CONSENSUS][PBFT]checkTimeout Succ,view=465,toView=466,nodeIdx=1,changeCycle=0,myNode=2dce86f9...,timecost=0.67
info|2019-12-13 08:42:34.205488|[g:1][CONSENSUS][PBFT]checkAndChangeView: Reach consensus,org_view=465,org_changeCycle=0,cur_changeCycle=0,to_view=466
info|2019-12-13 08:42:35.208138|[g:1][CONSENSUS]addRawPrepare,height=69,reqIdx=2,hash=4d08376e...
info|2019-12-13 08:42:35.208986|[g:1][CONSENSUS][PBFT]checkTimeout Succ,view=466,toView=467,nodeIdx=1,changeCycle=0,myNode=2dce86f9...,timecost=0.622
info|2019-12-13 08:42:35.211133|[g:1][CONSENSUS][PBFT]checkAndChangeView: Reach consensus,org_view=466,org_changeCycle=0,cur_changeCycle=0,to_view=467
info|2019-12-13 08:42:36.213757|[g:1][CONSENSUS]addRawPrepare,height=69,reqIdx=3,hash=eb4e1547...
info|2019-12-13 08:42:36.214750|[g:1][CONSENSUS][PBFT]checkTimeout Succ,view=467,toView=468,nodeIdx=1,changeCycle=0,myNode=2dce86f9...,timecost=0.741
info|2019-12-13 08:42:36.217284|[g:1][CONSENSUS][PBFT]checkAndChangeView: Reach consensus,org_view=467,org_changeCycle=0,cur_changeCycle=0,to_view=468
info|2019-12-13 08:42:37.219819|[g:1][CONSENSUS]addRawPrepare,height=69,reqIdx=0,hash=fc60272d...
info|2019-12-13 08:42:37.220874|[g:1][CONSENSUS][PBFT]checkTimeout Succ,view=468,toView=469,nodeIdx=1,changeCycle=0,myNode=2dce86f9...,timecost=0.814
info|2019-12-13 08:42:37.223160|[g:1][CONSENSUS][PBFT]checkAndChangeView: Reach consensus,org_view=468,org_changeCycle=0,cur_changeCycle=0,to_view=469
info|2019-12-13 08:42:38.224284|[g:1][CONSENSUS][SEALER]++++++++++++++++ Generating seal on,blkNum=69,tx=0,nodeIdx=1,hash=f84f5272...
info|2019-12-13 08:42:38.228929|[g:1][CONSENSUS][PBFT]checkTimeout Succ,view=469,toView=470,nodeIdx=1,changeCycle=0,myNode=2dce86f9...,timecost=0.696
info|2019-12-13 08:42:38.229923|[g:1][CONSENSUS][PBFT]checkAndChangeView: Reach consensus,org_view=469,org_changeCycle=0,cur_changeCycle=0,to_view=470
info|2019-12-13 08:42:39.231686|[g:1][CONSENSUS]addRawPrepare,height=69,reqIdx=2,hash=e6938c19...
info|2019-12-13 08:42:39.233454|[g:1][CONSENSUS][PBFT]checkTimeout Succ,view=470,toView=471,nodeIdx=1,changeCycle=0,myNode=2dce86f9...,timecost=1.585
info|2019-12-13 08:42:39.235989|[g:1][CONSENSUS][PBFT]checkAndChangeView: Reach consensus,org_view=470,org_changeCycle=0,cur_changeCycle=0,to_view=471
info|2019-12-13 08:42:40.237827|[g:1][CONSENSUS]addRawPrepare,height=69,reqIdx=3,hash=f6f1fca4...
info|2019-12-13 08:42:40.238744|[g:1][CONSENSUS][PBFT]checkTimeout Succ,view=471,toView=472,nodeIdx=1,changeCycle=0,myNode=2dce86f9...,timecost=0.716
info|2019-12-13 08:42:40.241329|[g:1][CONSENSUS][PBFT]checkAndChangeView: Reach consensus,org_view=471,org_changeCycle=0,cur_changeCycle=0,to_view=472
info|2019-12-13 08:42:41.243465|[g:1][CONSENSUS]addRawPrepare,height=69,reqIdx=0,hash=8b18a533...
info|2019-12-13 08:42:41.244305|[g:1][CONSENSUS][PBFT]checkTimeout Succ,view=472,toView=473,nodeIdx=1,changeCycle=0,myNode=2dce86f9...,timecost=0.613
info|2019-12-13 08:42:41.246510|[g:1][CONSENSUS][PBFT]checkAndChangeView: Reach consensus,org_view=472,org_changeCycle=0,cur_changeCycle=0,to_view=473
info|2019-12-13 08:42:42.247096|[g:1][CONSENSUS][SEALER]++++++++++++++++ Generating seal on,blkNum=69,tx=0,nodeIdx=1,hash=0441a98e...
info|2019-12-13 08:42:42.250940|[g:1][CONSENSUS][PBFT]checkTimeout Succ,view=473,toView=474,nodeIdx=1,changeCycle=0,myNode=2dce86f9...,timecost=0.706
info|2019-12-13 08:42:42.251997|[g:1][CONSENSUS][PBFT]checkAndChangeView: Reach consensus,org_view=473,org_changeCycle=0,cur_changeCycle=0,to_view=474
info|2019-12-13 08:42:43.253183|[g:1][CONSENSUS]addRawPrepare,height=69,reqIdx=2,hash=63c2cc40...
info|2019-12-13 08:42:43.254036|[g:1][CONSENSUS][PBFT]checkTimeout Succ,view=474,toView=475,nodeIdx=1,changeCycle=0,myNode=2dce86f9...,timecost=0.661
info|2019-12-13 08:42:43.256097|[g:1][CONSENSUS][PBFT]checkAndChangeView: Reach consensus,org_view=474,org_changeCycle=0,cur_changeCycle=0,to_view=475
info|2019-12-13 08:42:44.049621|[P2P][Service] heartBeat,connected count=3
info|2019-12-13 08:42:44.257460|[g:1][CONSENSUS]addRawPrepare,height=69,reqIdx=3,hash=7d16fcc4...
info|2019-12-13 08:42:44.258203|[g:1][CONSENSUS][PBFT]checkTimeout Succ,view=475,toView=476,nodeIdx=1,changeCycle=0,myNode=2dce86f9...,timecost=0.612
info|2019-12-13 08:42:44.260830|[g:1][CONSENSUS][PBFT]checkAndChangeView: Reach consensus,org_view=475,org_changeCycle=0,cur_changeCycle=0,to_view=476
