warning|2019-11-15 00:27:11.008688|[g:1][CONSENSUS][PBFT]ViewChangeWarning: not caused by omit empty block ,v=121718,toV=121719,curNum=0,hash=f72cae63...,nodeIdx=1,myNode=2dce86f9...
info|2019-11-15 00:27:11.009541|[g:1][CONSENSUS][PBFT]checkTimeout Succ,view=121718,toView=121719,nodeIdx=1,changeCycle=1,myNode=2dce86f9...,timecost=5.657
info|2019-11-15 00:27:11.011112|[P2P][Service] heartBeat,connected count=3
info|2019-11-15 00:27:11.013282|[g:1][CONSENSUS][PBFT]checkAndChangeView: Reach consensus,org_view=121718,org_changeCycle=1,cur_changeCycle=1,to_view=121719
info|2019-11-15 00:27:12.016412|[g:1][CONSENSUS]addRawPrepare,height=1,reqIdx=3,hash=a64fe1a7...
info|2019-11-15 00:27:12.017100|[g:1][CONSENSUS][PBFT]checkTimeout Succ,view=121719,toView=121720,nodeIdx=1,changeCycle=0,myNode=2dce86f9...,timecost=0.472
info|2019-11-15 00:27:12.018431|[g:1][CONSENSUS][PBFT]checkAndChangeView: Reach consensus,org_view=121719,org_changeCycle=0,cur_changeCycle=0,to_view=121720
info|2019-11-15 00:27:13.019370|[g:1][CONSENSUS]addRawPrepare,height=1,reqIdx=0,hash=e82fd6bf...
info|2019-11-15 00:27:13.020148|[g:1][CONSENSUS][PBFT]checkTimeout Succ,view=121720,toView=121721,nodeIdx=1,changeCycle=0,myNode=2dce86f9...,timecost=0.651
info|2019-11-15 00:27:13.021322|[g:1][CONSENSUS][PBFT]checkAndChangeView: Reach consensus,org_view=121720,org_changeCycle=0,cur_changeCycle=0,to_view=121721
info|2019-11-15 00:27:14.021134|[g:1][CONSENSUS][SEALER]++++++++++++++++ Generating seal on,blkNum=1,tx=0,nodeIdx=1,hash=c12b3294...
info|2019-11-15 00:27:14.021784|[g:1][CONSENSUS][PBFT]checkTimeout Succ,view=121721,toView=121722,nodeIdx=1,changeCycle=0,myNode=2dce86f9...,timecost=0.322
info|2019-11-15 00:27:14.023927|[g:1][CONSENSUS][PBFT]checkAndChangeView: Reach consensus,org_view=121721,org_changeCycle=0,cur_changeCycle=0,to_view=121722
info|2019-11-15 00:27:15.024914|[g:1][CONSENSUS]addRawPrepare,height=1,reqIdx=2,hash=ea5e9cda...
info|2019-11-15 00:27:15.025395|[g:1][CONSENSUS][PBFT]checkTimeout Succ,view=121722,toView=121723,nodeIdx=1,changeCycle=0,myNode=2dce86f9...,timecost=0.354
info|2019-11-15 00:27:15.026517|[g:1][CONSENSUS][PBFT]checkAndChangeView: Reach consensus,org_view=121722,org_changeCycle=0,cur_changeCycle=0,to_view=121723
info|2019-11-15 00:27:16.028356|[g:1][CONSENSUS]addRawPrepare,height=1,reqIdx=3,hash=1b8d1093...
info|2019-11-15 00:27:16.029333|[g:1][CONSENSUS][PBFT]checkTimeout Succ,view=121723,toView=121724,nodeIdx=1,changeCycle=0,myNode=2dce86f9...,timecost=0.839
info|2019-11-15 00:27:16.030745|[g:1][CONSENSUS][PBFT]checkAndChangeView: Reach consensus,org_view=121723,org_changeCycle=0,cur_changeCycle=0,to_view=121724
info|2019-11-15 00:27:17.032311|[g:1][CONSENSUS]addRawPrepare,height=1,reqIdx=0,hash=56fb86f7...
info|2019-11-15 00:27:17.033047|[g:1][CONSENSUS][PBFT]checkTimeout Succ,view=121724,toView=121725,nodeIdx=1,changeCycle=0,myNode=2dce86f9...,timecost=0.594
info|2019-11-15 00:27:17.034501|[g:1][CONSENSUS][PBFT]checkAndChangeView: Reach consensus,org_view=121724,org_changeCycle=0,cur_changeCycle=0,to_view=121725
info|2019-11-15 00:27:18.035391|[g:1][CONSENSUS][SEALER]++++++++++++++++ Generating seal on,blkNum=1,tx=0,nodeIdx=1,hash=91b9ddd1...
info|2019-11-15 00:27:18.038716|[g:1][CONSENSUS][PBFT]checkTimeout Succ,view=121725,toView=121726,nodeIdx=1,changeCycle=0,myNode=2dce86f9...,timecost=0.495
info|2019-11-15 00:27:18.039504|[g:1][CONSENSUS][PBFT]checkAndChangeView: Reach consensus,org_view=121725,org_changeCycle=0,cur_changeCycle=0,to_view=121726
info|2019-11-15 00:27:19.040350|[g:1][CONSENSUS]addRawPrepare,height=1,reqIdx=2,hash=4fafeb49...
info|2019-11-15 00:27:19.041028|[g:1][CONSENSUS][PBFT]checkTimeout Succ,view=121726,toView=121727,nodeIdx=1,changeCycle=0,myNode=2dce86f9...,timecost=0.546
info|2019-11-15 00:27:19.042676|[g:1][CONSENSUS][PBFT]checkAndChangeView: Reach consensus,org_view=121726,org_changeCycle=0,cur_changeCycle=0,to_view=121727
info|2019-11-15 00:27:20.043868|[g:1][CONSENSUS]addRawPrepare,height=1,reqIdx=3,hash=389abf13...
info|2019-11-15 00:27:20.044600|[g:1][CONSENSUS][PBFT]checkTimeout Succ,view=121727,toView=121728,nodeIdx=1,changeCycle=0,myNode=2dce86f9...,timecost=0.629
info|2019-11-15 00:27:20.046240|[g:1][CONSENSUS][PBFT]checkAndChangeView: Reach consensus,org_view=121727,org_changeCycle=0,cur_changeCycle=0,to_view=121728
info|2019-11-15 00:27:21.019553|[P2P][Service] heartBeat,connected count=3
info|2019-11-15 00:27:21.048472|[g:1][CONSENSUS]addRawPrepare,height=1,reqIdx=0,hash=73c78949...
info|2019-11-15 00:27:21.049300|[g:1][CONSENSUS][PBFT]checkTimeout Succ,view=121728,toView=121729,nodeIdx=1,changeCycle=0,myNode=2dce86f9...,timecost=0.706
info|2019-11-15 00:27:21.050767|[g:1][CONSENSUS][PBFT]checkAndChangeView: Reach consensus,org_view=121728,org_changeCycle=0,cur_changeCycle=0,to_view=121729
info|2019-11-15 00:27:22.050633|[g:1][CONSENSUS][SEALER]++++++++++++++++ Generating seal on,blkNum=1,tx=0,nodeIdx=1,hash=6021c18c...
info|2019-11-15 00:27:22.051624|[g:1][CONSENSUS][PBFT]checkTimeout Succ,view=121729,toView=121730,nodeIdx=1,changeCycle=0,myNode=2dce86f9...,timecost=0.525
info|2019-11-15 00:27:22.054019|[g:1][CONSENSUS][PBFT]checkAndChangeView: Reach consensus,org_view=121729,org_changeCycle=0,cur_changeCycle=0,to_view=121730
info|2019-11-15 00:27:23.056829|[g:1][CONSENSUS]addRawPrepare,height=1,reqIdx=2,hash=19485b51...
info|2019-11-15 00:27:23.057620|[g:1][CONSENSUS][PBFT]checkTimeout Succ,view=121730,toView=121731,nodeIdx=1,changeCycle=0,myNode=2dce86f9...,timecost=0.56
info|2019-11-15 00:27:23.059416|[g:1][CONSENSUS][PBFT]checkAndChangeView: Reach consensus,org_view=121730,org_changeCycle=0,cur_changeCycle=0,to_view=121731
info|2019-11-15 00:27:24.061120|[g:1][CONSENSUS]addRawPrepare,height=1,reqIdx=3,hash=b59f97e8...
info|2019-11-15 00:27:24.061808|[g:1][CONSENSUS][PBFT]checkTimeout Succ,view=121731,toView=121732,nodeIdx=1,changeCycle=0,myNode=2dce86f9...,timecost=0.541
info|2019-11-15 00:27:24.063292|[g:1][CONSENSUS][PBFT]checkAndChangeView: Reach consensus,org_view=121731,org_changeCycle=0,cur_changeCycle=0,to_view=121732
info|2019-11-15 00:27:25.064925|[g:1][CONSENSUS]addRawPrepare,height=1,reqIdx=0,hash=8109528f...
info|2019-11-15 00:27:25.065611|[g:1][CONSENSUS][PBFT]checkTimeout Succ,view=121732,toView=121733,nodeIdx=1,changeCycle=0,myNode=2dce86f9...,timecost=0.554
info|2019-11-15 00:27:25.067500|[g:1][CONSENSUS][PBFT]checkAndChangeView: Reach consensus,org_view=121732,org_changeCycle=0,cur_changeCycle=0,to_view=121733
info|2019-11-15 00:27:26.067603|[g:1][CONSENSUS][SEALER]++++++++++++++++ Generating seal on,blkNum=1,tx=0,nodeIdx=1,hash=74c4ca93...
info|2019-11-15 00:27:26.070660|[g:1][CONSENSUS][PBFT]checkTimeout Succ,view=121733,toView=121734,nodeIdx=1,changeCycle=0,myNode=2dce86f9...,timecost=0.545
info|2019-11-15 00:27:26.072154|[g:1][CONSENSUS][PBFT]checkAndChangeView: Reach consensus,org_view=121733,org_changeCycle=0,cur_changeCycle=0,to_view=121734
info|2019-11-15 00:27:27.072650|[g:1][CONSENSUS]addRawPrepare,height=1,reqIdx=2,hash=80463f8f...
info|2019-11-15 00:27:27.073318|[g:1][CONSENSUS][PBFT]checkTimeout Succ,view=121734,toView=121735,nodeIdx=1,changeCycle=0,myNode=2dce86f9...,timecost=0.497
info|2019-11-15 00:27:27.074815|[g:1][CONSENSUS][PBFT]checkAndChangeView: Reach consensus,org_view=121734,org_changeCycle=0,cur_changeCycle=0,to_view=121735
info|2019-11-15 00:27:28.078105|[g:1][CONSENSUS]addRawPrepare,height=1,reqIdx=3,hash=c310050d...
info|2019-11-15 00:27:28.078846|[g:1][CONSENSUS][PBFT]checkTimeout Succ,view=121735,toView=121736,nodeIdx=1,changeCycle=0,myNode=2dce86f9...,timecost=0.56
info|2019-11-15 00:27:28.080452|[g:1][CONSENSUS][PBFT]checkAndChangeView: Reach consensus,org_view=121735,org_changeCycle=0,cur_changeCycle=0,to_view=121736
info|2019-11-15 00:27:29.082288|[g:1][CONSENSUS]addRawPrepare,height=1,reqIdx=0,hash=73c25ca3...
info|2019-11-15 00:27:29.082933|[g:1][CONSENSUS][PBFT]checkTimeout Succ,view=121736,toView=121737,nodeIdx=1,changeCycle=0,myNode=2dce86f9...,timecost=0.469
info|2019-11-15 00:27:29.084561|[g:1][CONSENSUS][PBFT]checkAndChangeView: Reach consensus,org_view=121736,org_changeCycle=0,cur_changeCycle=0,to_view=121737
info|2019-11-15 00:27:30.085018|[g:1][CONSENSUS][SEALER]++++++++++++++++ Generating seal on,blkNum=1,tx=0,nodeIdx=1,hash=ff9b9f79...
info|2019-11-15 00:27:30.088390|[g:1][CONSENSUS][PBFT]checkTimeout Succ,view=121737,toView=121738,nodeIdx=1,changeCycle=0,myNode=2dce86f9...,timecost=0.546
info|2019-11-15 00:27:30.089147|[g:1][CONSENSUS][PBFT]checkAndChangeView: Reach consensus,org_view=121737,org_changeCycle=0,cur_changeCycle=0,to_view=121738
info|2019-11-15 00:27:31.024233|[P2P][Service] heartBeat,connected count=3
info|2019-11-15 00:27:31.090923|[g:1][CONSENSUS]addRawPrepare,height=1,reqIdx=2,hash=eac8d1ce...
info|2019-11-15 00:27:31.092255|[g:1][CONSENSUS][PBFT]checkTimeout Succ,view=121738,toView=121739,nodeIdx=1,changeCycle=0,myNode=2dce86f9...,timecost=1.097
info|2019-11-15 00:27:31.093417|[g:1][CONSENSUS][PBFT]checkAndChangeView: Reach consensus,org_view=121738,org_changeCycle=0,cur_changeCycle=0,to_view=121739
info|2019-11-15 00:27:32.094632|[g:1][CONSENSUS]addRawPrepare,height=1,reqIdx=3,hash=994d4def...
info|2019-11-15 00:27:32.095236|[g:1][CONSENSUS][PBFT]checkTimeout Succ,view=121739,toView=121740,nodeIdx=1,changeCycle=0,myNode=2dce86f9...,timecost=0.465
info|2019-11-15 00:27:32.096677|[g:1][CONSENSUS][PBFT]checkAndChangeView: Reach consensus,org_view=121739,org_changeCycle=0,cur_changeCycle=0,to_view=121740
info|2019-11-15 00:27:33.099127|[g:1][CONSENSUS]addRawPrepare,height=1,reqIdx=0,hash=28b81a9f...
info|2019-11-15 00:27:33.099932|[g:1][CONSENSUS][PBFT]checkTimeout Succ,view=121740,toView=121741,nodeIdx=1,changeCycle=0,myNode=2dce86f9...,timecost=0.645
info|2019-11-15 00:27:33.101602|[g:1][CONSENSUS][PBFT]checkAndChangeView: Reach consensus,org_view=121740,org_changeCycle=0,cur_changeCycle=0,to_view=121741
info|2019-11-15 00:27:34.101264|[g:1][CONSENSUS][SEALER]++++++++++++++++ Generating seal on,blkNum=1,tx=0,nodeIdx=1,hash=a69ca4fc...
info|2019-11-15 00:27:34.104635|[g:1][CONSENSUS][PBFT]checkTimeout Succ,view=121741,toView=121742,nodeIdx=1,changeCycle=0,myNode=2dce86f9...,timecost=0.531
info|2019-11-15 00:27:34.105376|[g:1][CONSENSUS][PBFT]checkAndChangeView: Reach consensus,org_view=121741,org_changeCycle=0,cur_changeCycle=0,to_view=121742
info|2019-11-15 00:27:35.106015|[g:1][CONSENSUS]addRawPrepare,height=1,reqIdx=2,hash=fab229fb...
info|2019-11-15 00:27:35.106747|[g:1][CONSENSUS][PBFT]checkTimeout Succ,view=121742,toView=121743,nodeIdx=1,changeCycle=0,myNode=2dce86f9...,timecost=0.598
info|2019-11-15 00:27:35.108149|[g:1][CONSENSUS][PBFT]checkAndChangeView: Reach consensus,org_view=121742,org_changeCycle=0,cur_changeCycle=0,to_view=121743
info|2019-11-15 00:27:36.110402|[g:1][CONSENSUS]addRawPrepare,height=1,reqIdx=3,hash=aab32eaa...
info|2019-11-15 00:27:36.111123|[g:1][CONSENSUS][PBFT]checkTimeout Succ,view=121743,toView=121744,nodeIdx=1,changeCycle=0,myNode=2dce86f9...,timecost=0.586
info|2019-11-15 00:27:36.112781|[g:1][CONSENSUS][PBFT]checkAndChangeView: Reach consensus,org_view=121743,org_changeCycle=0,cur_changeCycle=0,to_view=121744
info|2019-11-15 00:27:37.114399|[g:1][CONSENSUS]addRawPrepare,height=1,reqIdx=0,hash=95ceb547...
info|2019-11-15 00:27:37.115215|[g:1][CONSENSUS][PBFT]checkTimeout Succ,view=121744,toView=121745,nodeIdx=1,changeCycle=0,myNode=2dce86f9...,timecost=0.636
info|2019-11-15 00:27:37.117285|[g:1][CONSENSUS][PBFT]checkAndChangeView: Reach consensus,org_view=121744,org_changeCycle=0,cur_changeCycle=0,to_view=121745
info|2019-11-15 00:27:38.118251|[g:1][CONSENSUS][SEALER]++++++++++++++++ Generating seal on,blkNum=1,tx=0,nodeIdx=1,hash=8e1f9a50...
info|2019-11-15 00:27:38.119178|[g:1][CONSENSUS][PBFT]checkTimeout Succ,view=121745,toView=121746,nodeIdx=1,changeCycle=0,myNode=2dce86f9...,timecost=0.443
info|2019-11-15 00:27:38.121777|[g:1][CONSENSUS][PBFT]checkAndChangeView: Reach consensus,org_view=121745,org_changeCycle=0,cur_changeCycle=0,to_view=121746
info|2019-11-15 00:27:39.122733|[g:1][CONSENSUS]addRawPrepare,height=1,reqIdx=2,hash=1ff1ff00...
info|2019-11-15 00:27:39.123307|[g:1][CONSENSUS][PBFT]checkTimeout Succ,view=121746,toView=121747,nodeIdx=1,changeCycle=0,myNode=2dce86f9...,timecost=0.415
info|2019-11-15 00:27:39.124719|[g:1][CONSENSUS][PBFT]checkAndChangeView: Reach consensus,org_view=121746,org_changeCycle=0,cur_changeCycle=0,to_view=121747
info|2019-11-15 00:27:40.127081|[g:1][CONSENSUS]addRawPrepare,height=1,reqIdx=3,hash=731c27f5...
info|2019-11-15 00:27:40.127697|[g:1][CONSENSUS][PBFT]checkTimeout Succ,view=121747,toView=121748,nodeIdx=1,changeCycle=0,myNode=2dce86f9...,timecost=0.492
info|2019-11-15 00:27:40.129044|[g:1][CONSENSUS][PBFT]checkAndChangeView: Reach consensus,org_view=121747,org_changeCycle=0,cur_changeCycle=0,to_view=121748
info|2019-11-15 00:27:41.033170|[P2P][Service] heartBeat,connected count=3
info|2019-11-15 00:27:41.131079|[g:1][CONSENSUS]addRawPrepare,height=1,reqIdx=0,hash=10b00fa4...
info|2019-11-15 00:27:41.132558|[g:1][CONSENSUS][PBFT]checkTimeout Succ,view=121748,toView=121749,nodeIdx=1,changeCycle=0,myNode=2dce86f9...,timecost=1.311
info|2019-11-15 00:27:41.134333|[g:1][CONSENSUS][PBFT]checkAndChangeView: Reach consensus,org_view=121748,org_changeCycle=0,cur_changeCycle=0,to_view=121749
info|2019-11-15 00:27:42.134991|[g:1][CONSENSUS][SEALER]++++++++++++++++ Generating seal on,blkNum=1,tx=0,nodeIdx=1,hash=b88765df...
info|2019-11-15 00:27:42.135956|[g:1][CONSENSUS][PBFT]checkTimeout Succ,view=121749,toView=121750,nodeIdx=1,changeCycle=0,myNode=2dce86f9...,timecost=0.414
info|2019-11-15 00:27:42.138510|[g:1][CONSENSUS][PBFT]checkAndChangeView: Reach consensus,org_view=121749,org_changeCycle=0,cur_changeCycle=0,to_view=121750
info|2019-11-15 00:27:43.140171|[g:1][CONSENSUS]addRawPrepare,height=1,reqIdx=2,hash=42092930...
info|2019-11-15 00:27:43.141091|[g:1][CONSENSUS][PBFT]checkTimeout Succ,view=121750,toView=121751,nodeIdx=1,changeCycle=0,myNode=2dce86f9...,timecost=0.7
info|2019-11-15 00:27:43.142562|[g:1][CONSENSUS][PBFT]checkAndChangeView: Reach consensus,org_view=121750,org_changeCycle=0,cur_changeCycle=0,to_view=121751
info|2019-11-15 00:27:44.144331|[g:1][CONSENSUS]addRawPrepare,height=1,reqIdx=3,hash=e9844b78...
info|2019-11-15 00:27:44.145058|[g:1][CONSENSUS][PBFT]checkTimeout Succ,view=121751,toView=121752,nodeIdx=1,changeCycle=0,myNode=2dce86f9...,timecost=0.559
info|2019-11-15 00:27:44.146340|[g:1][CONSENSUS][PBFT]checkAndChangeView: Reach consensus,org_view=121751,org_changeCycle=0,cur_changeCycle=0,to_view=121752
info|2019-11-15 00:27:45.147792|[g:1][CONSENSUS]addRawPrepare,height=1,reqIdx=0,hash=b805063e...
info|2019-11-15 00:27:45.148521|[g:1][CONSENSUS][PBFT]checkTimeout Succ,view=121752,toView=121753,nodeIdx=1,changeCycle=0,myNode=2dce86f9...,timecost=0.559
info|2019-11-15 00:27:45.149919|[g:1][CONSENSUS][PBFT]checkAndChangeView: Reach consensus,org_view=121752,org_changeCycle=0,cur_changeCycle=0,to_view=121753
info|2019-11-15 00:27:46.150042|[g:1][CONSENSUS][SEALER]++++++++++++++++ Generating seal on,blkNum=1,tx=0,nodeIdx=1,hash=d0d5cc59...
info|2019-11-15 00:27:46.153599|[g:1][CONSENSUS][PBFT]checkTimeout Succ,view=121753,toView=121754,nodeIdx=1,changeCycle=0,myNode=2dce86f9...,timecost=0.466
info|2019-11-15 00:27:46.154436|[g:1][CONSENSUS][PBFT]checkAndChangeView: Reach consensus,org_view=121753,org_changeCycle=0,cur_changeCycle=0,to_view=121754
info|2019-11-15 00:27:47.155749|[g:1][CONSENSUS]addRawPrepare,height=1,reqIdx=2,hash=96f9b123...
info|2019-11-15 00:27:47.156419|[g:1][CONSENSUS][PBFT]checkTimeout Succ,view=121754,toView=121755,nodeIdx=1,changeCycle=0,myNode=2dce86f9...,timecost=0.52
info|2019-11-15 00:27:47.157906|[g:1][CONSENSUS][PBFT]checkAndChangeView: Reach consensus,org_view=121754,org_changeCycle=0,cur_changeCycle=0,to_view=121755
info|2019-11-15 00:27:48.159903|[g:1][CONSENSUS]addRawPrepare,height=1,reqIdx=3,hash=ce52fb14...
info|2019-11-15 00:27:48.160549|[g:1][CONSENSUS][PBFT]checkTimeout Succ,view=121755,toView=121756,nodeIdx=1,changeCycle=0,myNode=2dce86f9...,timecost=0.513
info|2019-11-15 00:27:48.162225|[g:1][CONSENSUS][PBFT]checkAndChangeView: Reach consensus,org_view=121755,org_changeCycle=0,cur_changeCycle=0,to_view=121756
info|2019-11-15 00:27:49.164363|[g:1][CONSENSUS]addRawPrepare,height=1,reqIdx=0,hash=76a63a1a...
info|2019-11-15 00:27:49.164919|[g:1][CONSENSUS][PBFT]checkTimeout Succ,view=121756,toView=121757,nodeIdx=1,changeCycle=0,myNode=2dce86f9...,timecost=0.455
info|2019-11-15 00:27:49.166106|[g:1][CONSENSUS][PBFT]checkAndChangeView: Reach consensus,org_view=121756,org_changeCycle=0,cur_changeCycle=0,to_view=121757
info|2019-11-15 00:27:50.166630|[g:1][CONSENSUS][SEALER]++++++++++++++++ Generating seal on,blkNum=1,tx=0,nodeIdx=1,hash=196576a7...
info|2019-11-15 00:27:50.169196|[g:1][CONSENSUS][PBFT]checkTimeout Succ,view=121757,toView=121758,nodeIdx=1,changeCycle=0,myNode=2dce86f9...,timecost=0.392
info|2019-11-15 00:27:50.170471|[g:1][CONSENSUS][PBFT]checkAndChangeView: Reach consensus,org_view=121757,org_changeCycle=0,cur_changeCycle=0,to_view=121758
info|2019-11-15 00:27:51.038005|[P2P][Service] heartBeat,connected count=3
info|2019-11-15 00:27:51.172372|[g:1][CONSENSUS]addRawPrepare,height=1,reqIdx=2,hash=724c2a20...
info|2019-11-15 00:27:51.172975|[g:1][CONSENSUS][PBFT]checkTimeout Succ,view=121758,toView=121759,nodeIdx=1,changeCycle=0,myNode=2dce86f9...,timecost=0.454
info|2019-11-15 00:27:51.174695|[g:1][CONSENSUS][PBFT]checkAndChangeView: Reach consensus,org_view=121758,org_changeCycle=0,cur_changeCycle=0,to_view=121759
info|2019-11-15 00:27:52.176047|[g:1][CONSENSUS]addRawPrepare,height=1,reqIdx=3,hash=0cbb774b...
info|2019-11-15 00:27:52.176687|[g:1][CONSENSUS][PBFT]checkTimeout Succ,view=121759,toView=121760,nodeIdx=1,changeCycle=0,myNode=2dce86f9...,timecost=0.508
info|2019-11-15 00:27:52.178394|[g:1][CONSENSUS][PBFT]checkAndChangeView: Reach consensus,org_view=121759,org_changeCycle=0,cur_changeCycle=0,to_view=121760
info|2019-11-15 00:27:53.180362|[g:1][CONSENSUS]addRawPrepare,height=1,reqIdx=0,hash=1cde8251...
info|2019-11-15 00:27:53.181035|[g:1][CONSENSUS][PBFT]checkTimeout Succ,view=121760,toView=121761,nodeIdx=1,changeCycle=0,myNode=2dce86f9...,timecost=0.538
info|2019-11-15 00:27:53.182756|[g:1][CONSENSUS][PBFT]checkAndChangeView: Reach consensus,org_view=121760,org_changeCycle=0,cur_changeCycle=0,to_view=121761
info|2019-11-15 00:27:54.183562|[g:1][CONSENSUS][SEALER]++++++++++++++++ Generating seal on,blkNum=1,tx=0,nodeIdx=1,hash=af8a2f8e...
info|2019-11-15 00:27:54.184512|[g:1][CONSENSUS][PBFT]checkTimeout Succ,view=121761,toView=121762,nodeIdx=1,changeCycle=0,myNode=2dce86f9...,timecost=0.469
info|2019-11-15 00:27:54.187023|[g:1][CONSENSUS][PBFT]checkAndChangeView: Reach consensus,org_view=121761,org_changeCycle=0,cur_changeCycle=0,to_view=121762
info|2019-11-15 00:27:55.189309|[g:1][CONSENSUS]addRawPrepare,height=1,reqIdx=2,hash=279c5524...
info|2019-11-15 00:27:55.190111|[g:1][CONSENSUS][PBFT]checkTimeout Succ,view=121762,toView=121763,nodeIdx=1,changeCycle=0,myNode=2dce86f9...,timecost=0.671
info|2019-11-15 00:27:55.191463|[g:1][CONSENSUS][PBFT]checkAndChangeView: Reach consensus,org_view=121762,org_changeCycle=0,cur_changeCycle=0,to_view=121763
info|2019-11-15 00:27:56.193632|[g:1][CONSENSUS]addRawPrepare,height=1,reqIdx=3,hash=cae05f1d...
info|2019-11-15 00:27:56.194329|[g:1][CONSENSUS][PBFT]checkTimeout Succ,view=121763,toView=121764,nodeIdx=1,changeCycle=0,myNode=2dce86f9...,timecost=0.563
info|2019-11-15 00:27:56.196179|[g:1][CONSENSUS][PBFT]checkAndChangeView: Reach consensus,org_view=121763,org_changeCycle=0,cur_changeCycle=0,to_view=121764
info|2019-11-15 00:27:57.196980|[g:1][CONSENSUS]addRawPrepare,height=1,reqIdx=0,hash=53766f9a...
info|2019-11-15 00:27:57.197423|[g:1][CONSENSUS][PBFT]checkTimeout Succ,view=121764,toView=121765,nodeIdx=1,changeCycle=0,myNode=2dce86f9...,timecost=0.331
info|2019-11-15 00:27:57.198539|[g:1][CONSENSUS][PBFT]checkAndChangeView: Reach consensus,org_view=121764,org_changeCycle=0,cur_changeCycle=0,to_view=121765
info|2019-11-15 00:27:58.198432|[g:1][CONSENSUS][SEALER]++++++++++++++++ Generating seal on,blkNum=1,tx=0,nodeIdx=1,hash=5cb5999e...
info|2019-11-15 00:27:58.199415|[g:1][CONSENSUS][PBFT]checkTimeout Succ,view=121765,toView=121766,nodeIdx=1,changeCycle=0,myNode=2dce86f9...,timecost=0.509
info|2019-11-15 00:27:58.202196|[g:1][CONSENSUS][PBFT]checkAndChangeView: Reach consensus,org_view=121765,org_changeCycle=0,cur_changeCycle=0,to_view=121766
info|2019-11-15 00:27:59.202435|[g:1][CONSENSUS]addRawPrepare,height=1,reqIdx=2,hash=d0416586...
info|2019-11-15 00:27:59.202902|[g:1][CONSENSUS][PBFT]checkTimeout Succ,view=121766,toView=121767,nodeIdx=1,changeCycle=0,myNode=2dce86f9...,timecost=0.355
info|2019-11-15 00:27:59.204987|[g:1][CONSENSUS][PBFT]checkAndChangeView: Reach consensus,org_view=121766,org_changeCycle=0,cur_changeCycle=0,to_view=121767
info|2019-11-15 00:28:00.215484|[g:1][CONSENSUS]addRawPrepare,height=1,reqIdx=3,hash=610dcb94...
info|2019-11-15 00:28:00.216216|[g:1][CONSENSUS][PBFT]checkTimeout Succ,view=121767,toView=121768,nodeIdx=1,changeCycle=0,myNode=2dce86f9...,timecost=0.559
info|2019-11-15 00:28:00.217609|[g:1][CONSENSUS][PBFT]checkAndChangeView: Reach consensus,org_view=121767,org_changeCycle=0,cur_changeCycle=0,to_view=121768
info|2019-11-15 00:28:01.044653|[P2P][Service] heartBeat,connected count=3
info|2019-11-15 00:28:01.219532|[g:1][CONSENSUS]addRawPrepare,height=1,reqIdx=0,hash=c46ec33b...
info|2019-11-15 00:28:01.220179|[g:1][CONSENSUS][PBFT]checkTimeout Succ,view=121768,toView=121769,nodeIdx=1,changeCycle=0,myNode=2dce86f9...,timecost=0.546
info|2019-11-15 00:28:01.221913|[g:1][CONSENSUS][PBFT]checkAndChangeView: Reach consensus,org_view=121768,org_changeCycle=0,cur_changeCycle=0,to_view=121769
