info|2019-11-15 11:00:00.760266|[g:1][CONSENSUS][SEALER]++++++++++++++++ Generating seal on,blkNum=1,tx=0,nodeIdx=1,hash=3fd8be7b...
info|2019-11-15 11:00:00.763544|[g:1][CONSENSUS][PBFT]checkTimeout Succ,view=126085,toView=126086,nodeIdx=1,changeCycle=0,myNode=2dce86f9...,timecost=0.669
info|2019-11-15 11:00:00.765038|[g:1][CONSENSUS][PBFT]checkAndChangeView: Reach consensus,org_view=126085,org_changeCycle=0,cur_changeCycle=0,to_view=126086
info|2019-11-15 11:00:01.766078|[g:1][CONSENSUS]addRawPrepare,height=1,reqIdx=2,hash=53e7aa66...
info|2019-11-15 11:00:01.767011|[g:1][CONSENSUS][PBFT]checkTimeout Succ,view=126086,toView=126087,nodeIdx=1,changeCycle=0,myNode=2dce86f9...,timecost=0.621
info|2019-11-15 11:00:01.768536|[g:1][CONSENSUS][PBFT]checkAndChangeView: Reach consensus,org_view=126086,org_changeCycle=0,cur_changeCycle=0,to_view=126087
info|2019-11-15 11:00:02.769664|[g:1][CONSENSUS]addRawPrepare,height=1,reqIdx=3,hash=8e32221b...
info|2019-11-15 11:00:02.770392|[g:1][CONSENSUS][PBFT]checkTimeout Succ,view=126087,toView=126088,nodeIdx=1,changeCycle=0,myNode=2dce86f9...,timecost=0.581
info|2019-11-15 11:00:02.772029|[g:1][CONSENSUS][PBFT]checkAndChangeView: Reach consensus,org_view=126087,org_changeCycle=0,cur_changeCycle=0,to_view=126088
info|2019-11-15 11:00:03.774491|[g:1][CONSENSUS]addRawPrepare,height=1,reqIdx=0,hash=5e3e8f19...
info|2019-11-15 11:00:03.775141|[g:1][CONSENSUS][PBFT]checkTimeout Succ,view=126088,toView=126089,nodeIdx=1,changeCycle=0,myNode=2dce86f9...,timecost=0.513
info|2019-11-15 11:00:03.776756|[g:1][CONSENSUS][PBFT]checkAndChangeView: Reach consensus,org_view=126088,org_changeCycle=0,cur_changeCycle=0,to_view=126089
info|2019-11-15 11:00:04.777235|[g:1][CONSENSUS][SEALER]++++++++++++++++ Generating seal on,blkNum=1,tx=0,nodeIdx=1,hash=1e7995e5...
info|2019-11-15 11:00:04.780316|[g:1][CONSENSUS][PBFT]checkTimeout Succ,view=126089,toView=126090,nodeIdx=1,changeCycle=0,myNode=2dce86f9...,timecost=0.436
info|2019-11-15 11:00:04.781084|[g:1][CONSENSUS][PBFT]checkAndChangeView: Reach consensus,org_view=126089,org_changeCycle=0,cur_changeCycle=0,to_view=126090
info|2019-11-15 11:00:05.072428|[P2P][Service] heartBeat,connected count=3
info|2019-11-15 11:00:05.781791|[g:1][CONSENSUS]addRawPrepare,height=1,reqIdx=2,hash=c8d00fd0...
info|2019-11-15 11:00:05.782485|[g:1][CONSENSUS][PBFT]checkTimeout Succ,view=126090,toView=126091,nodeIdx=1,changeCycle=0,myNode=2dce86f9...,timecost=0.513
info|2019-11-15 11:00:05.784306|[g:1][CONSENSUS][PBFT]checkAndChangeView: Reach consensus,org_view=126090,org_changeCycle=0,cur_changeCycle=0,to_view=126091
info|2019-11-15 11:00:06.784666|[g:1][CONSENSUS]addRawPrepare,height=1,reqIdx=3,hash=3e35f853...
info|2019-11-15 11:00:06.785120|[g:1][CONSENSUS][PBFT]checkTimeout Succ,view=126091,toView=126092,nodeIdx=1,changeCycle=0,myNode=2dce86f9...,timecost=0.33
info|2019-11-15 11:00:06.786391|[g:1][CONSENSUS][PBFT]checkAndChangeView: Reach consensus,org_view=126091,org_changeCycle=0,cur_changeCycle=0,to_view=126092
info|2019-11-15 11:00:07.788265|[g:1][CONSENSUS]addRawPrepare,height=1,reqIdx=0,hash=7c32fa47...
info|2019-11-15 11:00:07.788695|[g:1][CONSENSUS][PBFT]checkTimeout Succ,view=126092,toView=126093,nodeIdx=1,changeCycle=0,myNode=2dce86f9...,timecost=0.336
info|2019-11-15 11:00:07.789743|[g:1][CONSENSUS][PBFT]checkAndChangeView: Reach consensus,org_view=126092,org_changeCycle=0,cur_changeCycle=0,to_view=126093
info|2019-11-15 11:00:08.789163|[g:1][CONSENSUS][SEALER]++++++++++++++++ Generating seal on,blkNum=1,tx=0,nodeIdx=1,hash=9dc303a2...
info|2019-11-15 11:00:08.792269|[g:1][CONSENSUS][PBFT]checkTimeout Succ,view=126093,toView=126094,nodeIdx=1,changeCycle=0,myNode=2dce86f9...,timecost=0.466
info|2019-11-15 11:00:08.792973|[g:1][CONSENSUS][PBFT]checkAndChangeView: Reach consensus,org_view=126093,org_changeCycle=0,cur_changeCycle=0,to_view=126094
info|2019-11-15 11:00:09.794576|[g:1][CONSENSUS]addRawPrepare,height=1,reqIdx=2,hash=63092e72...
info|2019-11-15 11:00:09.795195|[g:1][CONSENSUS][PBFT]checkTimeout Succ,view=126094,toView=126095,nodeIdx=1,changeCycle=0,myNode=2dce86f9...,timecost=0.48
info|2019-11-15 11:00:09.797000|[g:1][CONSENSUS][PBFT]checkAndChangeView: Reach consensus,org_view=126094,org_changeCycle=0,cur_changeCycle=0,to_view=126095
info|2019-11-15 11:00:10.798514|[g:1][CONSENSUS]addRawPrepare,height=1,reqIdx=3,hash=41cb27ac...
info|2019-11-15 11:00:10.799514|[g:1][CONSENSUS][PBFT]checkTimeout Succ,view=126095,toView=126096,nodeIdx=1,changeCycle=0,myNode=2dce86f9...,timecost=0.863
info|2019-11-15 11:00:10.801190|[g:1][CONSENSUS][PBFT]checkAndChangeView: Reach consensus,org_view=126095,org_changeCycle=0,cur_changeCycle=0,to_view=126096
info|2019-11-15 11:00:11.802458|[g:1][CONSENSUS]addRawPrepare,height=1,reqIdx=0,hash=c41c999a...
info|2019-11-15 11:00:11.803132|[g:1][CONSENSUS][PBFT]checkTimeout Succ,view=126096,toView=126097,nodeIdx=1,changeCycle=0,myNode=2dce86f9...,timecost=0.538
info|2019-11-15 11:00:11.804867|[g:1][CONSENSUS][PBFT]checkAndChangeView: Reach consensus,org_view=126096,org_changeCycle=0,cur_changeCycle=0,to_view=126097
info|2019-11-15 11:00:12.804833|[g:1][CONSENSUS][SEALER]++++++++++++++++ Generating seal on,blkNum=1,tx=0,nodeIdx=1,hash=ec70960b...
info|2019-11-15 11:00:12.806018|[g:1][CONSENSUS][PBFT]checkTimeout Succ,view=126097,toView=126098,nodeIdx=1,changeCycle=0,myNode=2dce86f9...,timecost=0.496
info|2019-11-15 11:00:12.808804|[g:1][CONSENSUS][PBFT]checkAndChangeView: Reach consensus,org_view=126097,org_changeCycle=0,cur_changeCycle=0,to_view=126098
info|2019-11-15 11:00:13.809910|[g:1][CONSENSUS]addRawPrepare,height=1,reqIdx=2,hash=b1c77d7e...
info|2019-11-15 11:00:13.810637|[g:1][CONSENSUS][PBFT]checkTimeout Succ,view=126098,toView=126099,nodeIdx=1,changeCycle=0,myNode=2dce86f9...,timecost=0.484
info|2019-11-15 11:00:13.812415|[g:1][CONSENSUS][PBFT]checkAndChangeView: Reach consensus,org_view=126098,org_changeCycle=0,cur_changeCycle=0,to_view=126099
info|2019-11-15 11:00:14.813831|[g:1][CONSENSUS]addRawPrepare,height=1,reqIdx=3,hash=6d9dee75...
info|2019-11-15 11:00:14.814528|[g:1][CONSENSUS][PBFT]checkTimeout Succ,view=126099,toView=126100,nodeIdx=1,changeCycle=0,myNode=2dce86f9...,timecost=0.51
info|2019-11-15 11:00:14.815954|[g:1][CONSENSUS][PBFT]checkAndChangeView: Reach consensus,org_view=126099,org_changeCycle=0,cur_changeCycle=0,to_view=126100
info|2019-11-15 11:00:15.075457|[P2P][Service] heartBeat,connected count=3
info|2019-11-15 11:00:15.817372|[g:1][CONSENSUS]addRawPrepare,height=1,reqIdx=0,hash=522fb1ff...
info|2019-11-15 11:00:15.818403|[g:1][CONSENSUS][PBFT]checkTimeout Succ,view=126100,toView=126101,nodeIdx=1,changeCycle=0,myNode=2dce86f9...,timecost=0.91
info|2019-11-15 11:00:15.819481|[g:1][CONSENSUS][PBFT]checkAndChangeView: Reach consensus,org_view=126100,org_changeCycle=0,cur_changeCycle=0,to_view=126101
info|2019-11-15 11:00:16.819262|[g:1][CONSENSUS][SEALER]++++++++++++++++ Generating seal on,blkNum=1,tx=0,nodeIdx=1,hash=ac24938b...
info|2019-11-15 11:00:16.820160|[g:1][CONSENSUS][PBFT]checkTimeout Succ,view=126101,toView=126102,nodeIdx=1,changeCycle=0,myNode=2dce86f9...,timecost=0.454
info|2019-11-15 11:00:16.822488|[g:1][CONSENSUS][PBFT]checkAndChangeView: Reach consensus,org_view=126101,org_changeCycle=0,cur_changeCycle=0,to_view=126102
info|2019-11-15 11:00:17.824594|[g:1][CONSENSUS]addRawPrepare,height=1,reqIdx=2,hash=a58d7a5d...
info|2019-11-15 11:00:17.825363|[g:1][CONSENSUS][PBFT]checkTimeout Succ,view=126102,toView=126103,nodeIdx=1,changeCycle=0,myNode=2dce86f9...,timecost=0.53
info|2019-11-15 11:00:17.826769|[g:1][CONSENSUS][PBFT]checkAndChangeView: Reach consensus,org_view=126102,org_changeCycle=0,cur_changeCycle=0,to_view=126103
info|2019-11-15 11:00:18.827411|[g:1][CONSENSUS]addRawPrepare,height=1,reqIdx=3,hash=203ac498...
info|2019-11-15 11:00:18.827889|[g:1][CONSENSUS][PBFT]checkTimeout Succ,view=126103,toView=126104,nodeIdx=1,changeCycle=0,myNode=2dce86f9...,timecost=0.351
info|2019-11-15 11:00:18.829174|[g:1][CONSENSUS][PBFT]checkAndChangeView: Reach consensus,org_view=126103,org_changeCycle=0,cur_changeCycle=0,to_view=126104
info|2019-11-15 11:00:19.831028|[g:1][CONSENSUS]addRawPrepare,height=1,reqIdx=0,hash=3f151e9d...
info|2019-11-15 11:00:19.831581|[g:1][CONSENSUS][PBFT]checkTimeout Succ,view=126104,toView=126105,nodeIdx=1,changeCycle=0,myNode=2dce86f9...,timecost=0.429
info|2019-11-15 11:00:19.832816|[g:1][CONSENSUS][PBFT]checkAndChangeView: Reach consensus,org_view=126104,org_changeCycle=0,cur_changeCycle=0,to_view=126105
info|2019-11-15 11:00:20.832329|[g:1][CONSENSUS][SEALER]++++++++++++++++ Generating seal on,blkNum=1,tx=0,nodeIdx=1,hash=a212f330...
info|2019-11-15 11:00:20.834279|[g:1][CONSENSUS][PBFT]checkTimeout Succ,view=126105,toView=126106,nodeIdx=1,changeCycle=0,myNode=2dce86f9...,timecost=0.379
info|2019-11-15 11:00:20.835197|[g:1][CONSENSUS][PBFT]checkAndChangeView: Reach consensus,org_view=126105,org_changeCycle=0,cur_changeCycle=0,to_view=126106
info|2019-11-15 11:00:21.836419|[g:1][CONSENSUS]addRawPrepare,height=1,reqIdx=2,hash=2f520acf...
info|2019-11-15 11:00:21.836904|[g:1][CONSENSUS][PBFT]checkTimeout Succ,view=126106,toView=126107,nodeIdx=1,changeCycle=0,myNode=2dce86f9...,timecost=0.366
info|2019-11-15 11:00:21.838171|[g:1][CONSENSUS][PBFT]checkAndChangeView: Reach consensus,org_view=126106,org_changeCycle=0,cur_changeCycle=0,to_view=126107
info|2019-11-15 11:00:22.840224|[g:1][CONSENSUS]addRawPrepare,height=1,reqIdx=3,hash=6ac80adc...
info|2019-11-15 11:00:22.840778|[g:1][CONSENSUS][PBFT]checkTimeout Succ,view=126107,toView=126108,nodeIdx=1,changeCycle=0,myNode=2dce86f9...,timecost=0.399
info|2019-11-15 11:00:22.842194|[g:1][CONSENSUS][PBFT]checkAndChangeView: Reach consensus,org_view=126107,org_changeCycle=0,cur_changeCycle=0,to_view=126108
info|2019-11-15 11:00:23.843531|[g:1][CONSENSUS]addRawPrepare,height=1,reqIdx=0,hash=3f23e5b0...
info|2019-11-15 11:00:23.844050|[g:1][CONSENSUS][PBFT]checkTimeout Succ,view=126108,toView=126109,nodeIdx=1,changeCycle=0,myNode=2dce86f9...,timecost=0.387
info|2019-11-15 11:00:23.845336|[g:1][CONSENSUS][PBFT]checkAndChangeView: Reach consensus,org_view=126108,org_changeCycle=0,cur_changeCycle=0,to_view=126109
info|2019-11-15 11:00:24.845822|[g:1][CONSENSUS][SEALER]++++++++++++++++ Generating seal on,blkNum=1,tx=0,nodeIdx=1,hash=43e985e1...
info|2019-11-15 11:00:24.848110|[g:1][CONSENSUS][PBFT]checkTimeout Succ,view=126109,toView=126110,nodeIdx=1,changeCycle=0,myNode=2dce86f9...,timecost=0.401
info|2019-11-15 11:00:24.848744|[g:1][CONSENSUS][PBFT]checkAndChangeView: Reach consensus,org_view=126109,org_changeCycle=0,cur_changeCycle=0,to_view=126110
info|2019-11-15 11:00:25.077642|[P2P][Service] heartBeat,connected count=3
info|2019-11-15 11:00:25.849526|[g:1][CONSENSUS]addRawPrepare,height=1,reqIdx=2,hash=8683814e...
info|2019-11-15 11:00:25.850447|[g:1][CONSENSUS][PBFT]checkTimeout Succ,view=126110,toView=126111,nodeIdx=1,changeCycle=0,myNode=2dce86f9...,timecost=0.831
info|2019-11-15 11:00:25.851660|[g:1][CONSENSUS][PBFT]checkAndChangeView: Reach consensus,org_view=126110,org_changeCycle=0,cur_changeCycle=0,to_view=126111
info|2019-11-15 11:00:26.852772|[g:1][CONSENSUS]addRawPrepare,height=1,reqIdx=3,hash=26fcac64...
info|2019-11-15 11:00:26.853346|[g:1][CONSENSUS][PBFT]checkTimeout Succ,view=126111,toView=126112,nodeIdx=1,changeCycle=0,myNode=2dce86f9...,timecost=0.384
info|2019-11-15 11:00:26.854752|[g:1][CONSENSUS][PBFT]checkAndChangeView: Reach consensus,org_view=126111,org_changeCycle=0,cur_changeCycle=0,to_view=126112
info|2019-11-15 11:00:27.855590|[g:1][CONSENSUS]addRawPrepare,height=1,reqIdx=0,hash=60126dc0...
info|2019-11-15 11:00:27.856122|[g:1][CONSENSUS][PBFT]checkTimeout Succ,view=126112,toView=126113,nodeIdx=1,changeCycle=0,myNode=2dce86f9...,timecost=0.42
info|2019-11-15 11:00:27.857753|[g:1][CONSENSUS][PBFT]checkAndChangeView: Reach consensus,org_view=126112,org_changeCycle=0,cur_changeCycle=0,to_view=126113
info|2019-11-15 11:00:28.857192|[g:1][CONSENSUS][SEALER]++++++++++++++++ Generating seal on,blkNum=1,tx=0,nodeIdx=1,hash=61fa931d...
info|2019-11-15 11:00:28.857746|[g:1][CONSENSUS][PBFT]checkTimeout Succ,view=126113,toView=126114,nodeIdx=1,changeCycle=0,myNode=2dce86f9...,timecost=0.237
info|2019-11-15 11:00:28.859714|[g:1][CONSENSUS][PBFT]checkAndChangeView: Reach consensus,org_view=126113,org_changeCycle=0,cur_changeCycle=0,to_view=126114
info|2019-11-15 11:00:29.861359|[g:1][CONSENSUS]addRawPrepare,height=1,reqIdx=2,hash=cac8a73e...
info|2019-11-15 11:00:29.861911|[g:1][CONSENSUS][PBFT]checkTimeout Succ,view=126114,toView=126115,nodeIdx=1,changeCycle=0,myNode=2dce86f9...,timecost=0.401
info|2019-11-15 11:00:29.862989|[g:1][CONSENSUS][PBFT]checkAndChangeView: Reach consensus,org_view=126114,org_changeCycle=0,cur_changeCycle=0,to_view=126115
info|2019-11-15 11:00:30.865290|[g:1][CONSENSUS]addRawPrepare,height=1,reqIdx=3,hash=a55cacd9...
info|2019-11-15 11:00:30.866112|[g:1][CONSENSUS][PBFT]checkTimeout Succ,view=126115,toView=126116,nodeIdx=1,changeCycle=0,myNode=2dce86f9...,timecost=0.734
info|2019-11-15 11:00:30.867447|[g:1][CONSENSUS][PBFT]checkAndChangeView: Reach consensus,org_view=126115,org_changeCycle=0,cur_changeCycle=0,to_view=126116
info|2019-11-15 11:00:31.868247|[g:1][CONSENSUS]addRawPrepare,height=1,reqIdx=0,hash=0805d6d1...
info|2019-11-15 11:00:31.868733|[g:1][CONSENSUS][PBFT]checkTimeout Succ,view=126116,toView=126117,nodeIdx=1,changeCycle=0,myNode=2dce86f9...,timecost=0.395
info|2019-11-15 11:00:31.869763|[g:1][CONSENSUS][PBFT]checkAndChangeView: Reach consensus,org_view=126116,org_changeCycle=0,cur_changeCycle=0,to_view=126117
info|2019-11-15 11:00:32.869656|[g:1][CONSENSUS][SEALER]++++++++++++++++ Generating seal on,blkNum=1,tx=0,nodeIdx=1,hash=d8e20e9d...
info|2019-11-15 11:00:32.871446|[g:1][CONSENSUS][PBFT]checkTimeout Succ,view=126117,toView=126118,nodeIdx=1,changeCycle=0,myNode=2dce86f9...,timecost=0.296
info|2019-11-15 11:00:32.872573|[g:1][CONSENSUS][PBFT]checkAndChangeView: Reach consensus,org_view=126117,org_changeCycle=0,cur_changeCycle=0,to_view=126118
info|2019-11-15 11:00:33.873229|[g:1][CONSENSUS]addRawPrepare,height=1,reqIdx=2,hash=cc488de3...
info|2019-11-15 11:00:33.873687|[g:1][CONSENSUS][PBFT]checkTimeout Succ,view=126118,toView=126119,nodeIdx=1,changeCycle=0,myNode=2dce86f9...,timecost=0.336
info|2019-11-15 11:00:33.874815|[g:1][CONSENSUS][PBFT]checkAndChangeView: Reach consensus,org_view=126118,org_changeCycle=0,cur_changeCycle=0,to_view=126119
info|2019-11-15 11:00:34.877100|[g:1][CONSENSUS]addRawPrepare,height=1,reqIdx=3,hash=9ed379c4...
info|2019-11-15 11:00:34.877539|[g:1][CONSENSUS][PBFT]checkTimeout Succ,view=126119,toView=126120,nodeIdx=1,changeCycle=0,myNode=2dce86f9...,timecost=0.34
info|2019-11-15 11:00:34.878686|[g:1][CONSENSUS][PBFT]checkAndChangeView: Reach consensus,org_view=126119,org_changeCycle=0,cur_changeCycle=0,to_view=126120
info|2019-11-15 11:00:35.080593|[P2P][Service] heartBeat,connected count=3
info|2019-11-15 11:00:35.879325|[g:1][CONSENSUS]addRawPrepare,height=1,reqIdx=0,hash=457aa6ee...
info|2019-11-15 11:00:35.879814|[g:1][CONSENSUS][PBFT]checkTimeout Succ,view=126120,toView=126121,nodeIdx=1,changeCycle=0,myNode=2dce86f9...,timecost=0.38
info|2019-11-15 11:00:35.881224|[g:1][CONSENSUS][PBFT]checkAndChangeView: Reach consensus,org_view=126120,org_changeCycle=0,cur_changeCycle=0,to_view=126121
info|2019-11-15 11:00:36.881266|[g:1][CONSENSUS][SEALER]++++++++++++++++ Generating seal on,blkNum=1,tx=0,nodeIdx=1,hash=627c66ee...
info|2019-11-15 11:00:36.883557|[g:1][CONSENSUS][PBFT]checkTimeout Succ,view=126121,toView=126122,nodeIdx=1,changeCycle=0,myNode=2dce86f9...,timecost=0.364
info|2019-11-15 11:00:36.884127|[g:1][CONSENSUS][PBFT]checkAndChangeView: Reach consensus,org_view=126121,org_changeCycle=0,cur_changeCycle=0,to_view=126122
info|2019-11-15 11:00:37.885086|[g:1][CONSENSUS]addRawPrepare,height=1,reqIdx=2,hash=8f462ca0...
info|2019-11-15 11:00:37.885733|[g:1][CONSENSUS][PBFT]checkTimeout Succ,view=126122,toView=126123,nodeIdx=1,changeCycle=0,myNode=2dce86f9...,timecost=0.471
info|2019-11-15 11:00:37.886806|[g:1][CONSENSUS][PBFT]checkAndChangeView: Reach consensus,org_view=126122,org_changeCycle=0,cur_changeCycle=0,to_view=126123
info|2019-11-15 11:00:38.887526|[g:1][CONSENSUS]addRawPrepare,height=1,reqIdx=3,hash=f6ddd5af...
info|2019-11-15 11:00:38.888172|[g:1][CONSENSUS][PBFT]checkTimeout Succ,view=126123,toView=126124,nodeIdx=1,changeCycle=0,myNode=2dce86f9...,timecost=0.482
info|2019-11-15 11:00:38.889574|[g:1][CONSENSUS][PBFT]checkAndChangeView: Reach consensus,org_view=126123,org_changeCycle=0,cur_changeCycle=0,to_view=126124
info|2019-11-15 11:00:39.890621|[g:1][CONSENSUS]addRawPrepare,height=1,reqIdx=0,hash=200dd956...
info|2019-11-15 11:00:39.891131|[g:1][CONSENSUS][PBFT]checkTimeout Succ,view=126124,toView=126125,nodeIdx=1,changeCycle=0,myNode=2dce86f9...,timecost=0.385
info|2019-11-15 11:00:39.892327|[g:1][CONSENSUS][PBFT]checkAndChangeView: Reach consensus,org_view=126124,org_changeCycle=0,cur_changeCycle=0,to_view=126125
info|2019-11-15 11:00:40.892297|[g:1][CONSENSUS][SEALER]++++++++++++++++ Generating seal on,blkNum=1,tx=0,nodeIdx=1,hash=f393e208...
info|2019-11-15 11:00:40.892997|[g:1][CONSENSUS][PBFT]checkTimeout Succ,view=126125,toView=126126,nodeIdx=1,changeCycle=0,myNode=2dce86f9...,timecost=0.415
info|2019-11-15 11:00:40.895091|[g:1][CONSENSUS][PBFT]checkAndChangeView: Reach consensus,org_view=126125,org_changeCycle=0,cur_changeCycle=0,to_view=126126
info|2019-11-15 11:00:41.896082|[g:1][CONSENSUS]addRawPrepare,height=1,reqIdx=2,hash=854a55bb...
info|2019-11-15 11:00:41.896544|[g:1][CONSENSUS][PBFT]checkTimeout Succ,view=126126,toView=126127,nodeIdx=1,changeCycle=0,myNode=2dce86f9...,timecost=0.337
info|2019-11-15 11:00:41.897622|[g:1][CONSENSUS][PBFT]checkAndChangeView: Reach consensus,org_view=126126,org_changeCycle=0,cur_changeCycle=0,to_view=126127
info|2019-11-15 11:00:42.898772|[g:1][CONSENSUS]addRawPrepare,height=1,reqIdx=3,hash=f4ca1e53...
info|2019-11-15 11:00:42.899265|[g:1][CONSENSUS][PBFT]checkTimeout Succ,view=126127,toView=126128,nodeIdx=1,changeCycle=0,myNode=2dce86f9...,timecost=0.394
info|2019-11-15 11:00:42.900330|[g:1][CONSENSUS][PBFT]checkAndChangeView: Reach consensus,org_view=126127,org_changeCycle=0,cur_changeCycle=0,to_view=126128
info|2019-11-15 11:00:43.901705|[g:1][CONSENSUS]addRawPrepare,height=1,reqIdx=0,hash=7c50d14c...
info|2019-11-15 11:00:43.902242|[g:1][CONSENSUS][PBFT]checkTimeout Succ,view=126128,toView=126129,nodeIdx=1,changeCycle=0,myNode=2dce86f9...,timecost=0.409
info|2019-11-15 11:00:43.903381|[g:1][CONSENSUS][PBFT]checkAndChangeView: Reach consensus,org_view=126128,org_changeCycle=0,cur_changeCycle=0,to_view=126129
info|2019-11-15 11:00:44.903277|[g:1][CONSENSUS][SEALER]++++++++++++++++ Generating seal on,blkNum=1,tx=0,nodeIdx=1,hash=a197d61a...
info|2019-11-15 11:00:44.903879|[g:1][CONSENSUS][PBFT]checkTimeout Succ,view=126129,toView=126130,nodeIdx=1,changeCycle=0,myNode=2dce86f9...,timecost=0.304
info|2019-11-15 11:00:44.906027|[g:1][CONSENSUS][PBFT]checkAndChangeView: Reach consensus,org_view=126129,org_changeCycle=0,cur_changeCycle=0,to_view=126130
info|2019-11-15 11:00:45.084255|[P2P][Service] heartBeat,connected count=3
info|2019-11-15 11:00:45.906321|[g:1][CONSENSUS]addRawPrepare,height=1,reqIdx=2,hash=83fec6fe...
info|2019-11-15 11:00:45.906840|[g:1][CONSENSUS][PBFT]checkTimeout Succ,view=126130,toView=126131,nodeIdx=1,changeCycle=0,myNode=2dce86f9...,timecost=0.411
info|2019-11-15 11:00:45.908174|[g:1][CONSENSUS][PBFT]checkAndChangeView: Reach consensus,org_view=126130,org_changeCycle=0,cur_changeCycle=0,to_view=126131
info|2019-11-15 11:00:46.910317|[g:1][CONSENSUS]addRawPrepare,height=1,reqIdx=3,hash=e2bd942e...
info|2019-11-15 11:00:46.910856|[g:1][CONSENSUS][PBFT]checkTimeout Succ,view=126131,toView=126132,nodeIdx=1,changeCycle=0,myNode=2dce86f9...,timecost=0.449
info|2019-11-15 11:00:46.912178|[g:1][CONSENSUS][PBFT]checkAndChangeView: Reach consensus,org_view=126131,org_changeCycle=0,cur_changeCycle=0,to_view=126132
info|2019-11-15 11:00:47.914143|[g:1][CONSENSUS]addRawPrepare,height=1,reqIdx=0,hash=e95e5cea...
info|2019-11-15 11:00:47.914603|[g:1][CONSENSUS][PBFT]checkTimeout Succ,view=126132,toView=126133,nodeIdx=1,changeCycle=0,myNode=2dce86f9...,timecost=0.344
info|2019-11-15 11:00:47.915761|[g:1][CONSENSUS][PBFT]checkAndChangeView: Reach consensus,org_view=126132,org_changeCycle=0,cur_changeCycle=0,to_view=126133
info|2019-11-15 11:00:48.915585|[g:1][CONSENSUS][SEALER]++++++++++++++++ Generating seal on,blkNum=1,tx=0,nodeIdx=1,hash=5927bb6a...
info|2019-11-15 11:00:48.917984|[g:1][CONSENSUS][PBFT]checkTimeout Succ,view=126133,toView=126134,nodeIdx=1,changeCycle=0,myNode=2dce86f9...,timecost=0.343
info|2019-11-15 11:00:48.918564|[g:1][CONSENSUS][PBFT]checkAndChangeView: Reach consensus,org_view=126133,org_changeCycle=0,cur_changeCycle=0,to_view=126134
info|2019-11-15 11:00:49.918927|[g:1][CONSENSUS]addRawPrepare,height=1,reqIdx=2,hash=bb9f4daa...
info|2019-11-15 11:00:49.919395|[g:1][CONSENSUS][PBFT]checkTimeout Succ,view=126134,toView=126135,nodeIdx=1,changeCycle=0,myNode=2dce86f9...,timecost=0.327
info|2019-11-15 11:00:49.920431|[g:1][CONSENSUS][PBFT]checkAndChangeView: Reach consensus,org_view=126134,org_changeCycle=0,cur_changeCycle=0,to_view=126135
info|2019-11-15 11:00:50.921699|[g:1][CONSENSUS]addRawPrepare,height=1,reqIdx=3,hash=c3bf724d...
info|2019-11-15 11:00:50.922516|[g:1][CONSENSUS][PBFT]checkTimeout Succ,view=126135,toView=126136,nodeIdx=1,changeCycle=0,myNode=2dce86f9...,timecost=0.692
info|2019-11-15 11:00:50.923778|[g:1][CONSENSUS][PBFT]checkAndChangeView: Reach consensus,org_view=126135,org_changeCycle=0,cur_changeCycle=0,to_view=126136
info|2019-11-15 11:00:51.924884|[g:1][CONSENSUS]addRawPrepare,height=1,reqIdx=0,hash=8714af77...
info|2019-11-15 11:00:51.925400|[g:1][CONSENSUS][PBFT]checkTimeout Succ,view=126136,toView=126137,nodeIdx=1,changeCycle=0,myNode=2dce86f9...,timecost=0.434
info|2019-11-15 11:00:51.926660|[g:1][CONSENSUS][PBFT]checkAndChangeView: Reach consensus,org_view=126136,org_changeCycle=0,cur_changeCycle=0,to_view=126137
info|2019-11-15 11:00:52.926999|[g:1][CONSENSUS][SEALER]++++++++++++++++ Generating seal on,blkNum=1,tx=0,nodeIdx=1,hash=6a40d7fc...
info|2019-11-15 11:00:52.929567|[g:1][CONSENSUS][PBFT]checkTimeout Succ,view=126137,toView=126138,nodeIdx=1,changeCycle=0,myNode=2dce86f9...,timecost=0.38
info|2019-11-15 11:00:52.930159|[g:1][CONSENSUS][PBFT]checkAndChangeView: Reach consensus,org_view=126137,org_changeCycle=0,cur_changeCycle=0,to_view=126138
info|2019-11-15 11:00:53.930803|[g:1][CONSENSUS]addRawPrepare,height=1,reqIdx=2,hash=90a02729...
info|2019-11-15 11:00:53.931267|[g:1][CONSENSUS][PBFT]checkTimeout Succ,view=126138,toView=126139,nodeIdx=1,changeCycle=0,myNode=2dce86f9...,timecost=0.345
info|2019-11-15 11:00:53.932680|[g:1][CONSENSUS][PBFT]checkAndChangeView: Reach consensus,org_view=126138,org_changeCycle=0,cur_changeCycle=0,to_view=126139
info|2019-11-15 11:00:54.933686|[g:1][CONSENSUS]addRawPrepare,height=1,reqIdx=3,hash=a614bd53...
info|2019-11-15 11:00:54.934191|[g:1][CONSENSUS][PBFT]checkTimeout Succ,view=126139,toView=126140,nodeIdx=1,changeCycle=0,myNode=2dce86f9...,timecost=0.386
info|2019-11-15 11:00:54.935368|[g:1][CONSENSUS][PBFT]checkAndChangeView: Reach consensus,org_view=126139,org_changeCycle=0,cur_changeCycle=0,to_view=126140
info|2019-11-15 11:00:55.087513|[P2P][Service] heartBeat,connected count=3
info|2019-11-15 11:00:55.936913|[g:1][CONSENSUS]addRawPrepare,height=1,reqIdx=0,hash=7e831e33...
info|2019-11-15 11:00:55.937513|[g:1][CONSENSUS][PBFT]checkTimeout Succ,view=126140,toView=126141,nodeIdx=1,changeCycle=0,myNode=2dce86f9...,timecost=0.509
info|2019-11-15 11:00:55.938687|[g:1][CONSENSUS][PBFT]checkAndChangeView: Reach consensus,org_view=126140,org_changeCycle=0,cur_changeCycle=0,to_view=126141
info|2019-11-15 11:00:56.939289|[g:1][CONSENSUS][SEALER]++++++++++++++++ Generating seal on,blkNum=1,tx=0,nodeIdx=1,hash=d0711dfe...
info|2019-11-15 11:00:56.939868|[g:1][CONSENSUS][PBFT]checkTimeout Succ,view=126141,toView=126142,nodeIdx=1,changeCycle=0,myNode=2dce86f9...,timecost=0.26
info|2019-11-15 11:00:56.941754|[g:1][CONSENSUS][PBFT]checkAndChangeView: Reach consensus,org_view=126141,org_changeCycle=0,cur_changeCycle=0,to_view=126142
info|2019-11-15 11:00:57.944060|[g:1][CONSENSUS]addRawPrepare,height=1,reqIdx=2,hash=c5bf27b8...
info|2019-11-15 11:00:57.944535|[g:1][CONSENSUS][PBFT]checkTimeout Succ,view=126142,toView=126143,nodeIdx=1,changeCycle=0,myNode=2dce86f9...,timecost=0.368
info|2019-11-15 11:00:57.945682|[g:1][CONSENSUS][PBFT]checkAndChangeView: Reach consensus,org_view=126142,org_changeCycle=0,cur_changeCycle=0,to_view=126143
info|2019-11-15 11:00:58.946415|[g:1][CONSENSUS]addRawPrepare,height=1,reqIdx=3,hash=e5449687...
info|2019-11-15 11:00:58.946859|[g:1][CONSENSUS][PBFT]checkTimeout Succ,view=126143,toView=126144,nodeIdx=1,changeCycle=0,myNode=2dce86f9...,timecost=0.35
info|2019-11-15 11:00:58.947892|[g:1][CONSENSUS][PBFT]checkAndChangeView: Reach consensus,org_view=126143,org_changeCycle=0,cur_changeCycle=0,to_view=126144
info|2019-11-15 11:00:59.949912|[g:1][CONSENSUS]addRawPrepare,height=1,reqIdx=0,hash=d58e4015...
info|2019-11-15 11:00:59.950515|[g:1][CONSENSUS][PBFT]checkTimeout Succ,view=126144,toView=126145,nodeIdx=1,changeCycle=0,myNode=2dce86f9...,timecost=0.45
info|2019-11-15 11:00:59.951787|[g:1][CONSENSUS][PBFT]checkAndChangeView: Reach consensus,org_view=126144,org_changeCycle=0,cur_changeCycle=0,to_view=126145
info|2019-11-15 11:01:00.951699|[g:1][CONSENSUS][SEALER]++++++++++++++++ Generating seal on,blkNum=1,tx=0,nodeIdx=1,hash=d92d9381...
info|2019-11-15 11:01:00.952328|[g:1][CONSENSUS][PBFT]checkTimeout Succ,view=126145,toView=126146,nodeIdx=1,changeCycle=0,myNode=2dce86f9...,timecost=0.335
info|2019-11-15 11:01:00.954518|[g:1][CONSENSUS][PBFT]checkAndChangeView: Reach consensus,org_view=126145,org_changeCycle=0,cur_changeCycle=0,to_view=126146
info|2019-11-15 11:01:01.955844|[g:1][CONSENSUS]addRawPrepare,height=1,reqIdx=2,hash=87389128...
info|2019-11-15 11:01:01.956274|[g:1][CONSENSUS][PBFT]checkTimeout Succ,view=126146,toView=126147,nodeIdx=1,changeCycle=0,myNode=2dce86f9...,timecost=0.333
info|2019-11-15 11:01:01.957398|[g:1][CONSENSUS][PBFT]checkAndChangeView: Reach consensus,org_view=126146,org_changeCycle=0,cur_changeCycle=0,to_view=126147
info|2019-11-15 11:01:02.958505|[g:1][CONSENSUS]addRawPrepare,height=1,reqIdx=3,hash=18aca059...
info|2019-11-15 11:01:02.959030|[g:1][CONSENSUS][PBFT]checkTimeout Succ,view=126147,toView=126148,nodeIdx=1,changeCycle=0,myNode=2dce86f9...,timecost=0.408
info|2019-11-15 11:01:02.960021|[g:1][CONSENSUS][PBFT]checkAndChangeView: Reach consensus,org_view=126147,org_changeCycle=0,cur_changeCycle=0,to_view=126148
info|2019-11-15 11:01:03.961065|[g:1][CONSENSUS]addRawPrepare,height=1,reqIdx=0,hash=080284d7...
info|2019-11-15 11:01:03.961615|[g:1][CONSENSUS][PBFT]checkTimeout Succ,view=126148,toView=126149,nodeIdx=1,changeCycle=0,myNode=2dce86f9...,timecost=0.422
info|2019-11-15 11:01:03.963106|[g:1][CONSENSUS][PBFT]checkAndChangeView: Reach consensus,org_view=126148,org_changeCycle=0,cur_changeCycle=0,to_view=126149
info|2019-11-15 11:01:04.964138|[g:1][CONSENSUS][SEALER]++++++++++++++++ Generating seal on,blkNum=1,tx=0,nodeIdx=1,hash=c7d3c1e4...
info|2019-11-15 11:01:04.964754|[g:1][CONSENSUS][PBFT]checkTimeout Succ,view=126149,toView=126150,nodeIdx=1,changeCycle=0,myNode=2dce86f9...,timecost=0.298
info|2019-11-15 11:01:04.966777|[g:1][CONSENSUS][PBFT]checkAndChangeView: Reach consensus,org_view=126149,org_changeCycle=0,cur_changeCycle=0,to_view=126150
info|2019-11-15 11:01:05.091085|[P2P][Service] heartBeat,connected count=3
info|2019-11-15 11:01:05.967375|[g:1][CONSENSUS]addRawPrepare,height=1,reqIdx=2,hash=9e6e2187...
info|2019-11-15 11:01:05.968058|[g:1][CONSENSUS][PBFT]checkTimeout Succ,view=126150,toView=126151,nodeIdx=1,changeCycle=0,myNode=2dce86f9...,timecost=0.562
info|2019-11-15 11:01:05.969110|[g:1][CONSENSUS][PBFT]checkAndChangeView: Reach consensus,org_view=126150,org_changeCycle=0,cur_changeCycle=0,to_view=126151
info|2019-11-15 11:01:06.971235|[g:1][CONSENSUS]addRawPrepare,height=1,reqIdx=3,hash=83cf3f2a...
info|2019-11-15 11:01:06.971735|[g:1][CONSENSUS][PBFT]checkTimeout Succ,view=126151,toView=126152,nodeIdx=1,changeCycle=0,myNode=2dce86f9...,timecost=0.384
info|2019-11-15 11:01:06.972858|[g:1][CONSENSUS][PBFT]checkAndChangeView: Reach consensus,org_view=126151,org_changeCycle=0,cur_changeCycle=0,to_view=126152
info|2019-11-15 11:01:07.973439|[g:1][CONSENSUS]addRawPrepare,height=1,reqIdx=0,hash=44dcecdc...
info|2019-11-15 11:01:07.974059|[g:1][CONSENSUS][PBFT]checkTimeout Succ,view=126152,toView=126153,nodeIdx=1,changeCycle=0,myNode=2dce86f9...,timecost=0.493
info|2019-11-15 11:01:07.975089|[g:1][CONSENSUS][PBFT]checkAndChangeView: Reach consensus,org_view=126152,org_changeCycle=0,cur_changeCycle=0,to_view=126153
info|2019-11-15 11:01:08.976227|[g:1][CONSENSUS][SEALER]++++++++++++++++ Generating seal on,blkNum=1,tx=0,nodeIdx=1,hash=c821337b...
info|2019-11-15 11:01:08.978432|[g:1][CONSENSUS][PBFT]checkTimeout Succ,view=126153,toView=126154,nodeIdx=1,changeCycle=0,myNode=2dce86f9...,timecost=0.371
info|2019-11-15 11:01:08.978994|[g:1][CONSENSUS][PBFT]checkAndChangeView: Reach consensus,org_view=126153,org_changeCycle=0,cur_changeCycle=0,to_view=126154
info|2019-11-15 11:01:09.980030|[g:1][CONSENSUS]addRawPrepare,height=1,reqIdx=2,hash=09b7b80e...
info|2019-11-15 11:01:09.980497|[g:1][CONSENSUS][PBFT]checkTimeout Succ,view=126154,toView=126155,nodeIdx=1,changeCycle=0,myNode=2dce86f9...,timecost=0.346
info|2019-11-15 11:01:09.981841|[g:1][CONSENSUS][PBFT]checkAndChangeView: Reach consensus,org_view=126154,org_changeCycle=0,cur_changeCycle=0,to_view=126155
info|2019-11-15 11:01:10.982467|[g:1][CONSENSUS]addRawPrepare,height=1,reqIdx=3,hash=072214f7...
info|2019-11-15 11:01:10.982904|[g:1][CONSENSUS][PBFT]checkTimeout Succ,view=126155,toView=126156,nodeIdx=1,changeCycle=0,myNode=2dce86f9...,timecost=0.346
info|2019-11-15 11:01:10.984006|[g:1][CONSENSUS][PBFT]checkAndChangeView: Reach consensus,org_view=126155,org_changeCycle=0,cur_changeCycle=0,to_view=126156
info|2019-11-15 11:01:11.986000|[g:1][CONSENSUS]addRawPrepare,height=1,reqIdx=0,hash=825ddbaa...
info|2019-11-15 11:01:11.986468|[g:1][CONSENSUS][PBFT]checkTimeout Succ,view=126156,toView=126157,nodeIdx=1,changeCycle=0,myNode=2dce86f9...,timecost=0.341
info|2019-11-15 11:01:11.987701|[g:1][CONSENSUS][PBFT]checkAndChangeView: Reach consensus,org_view=126156,org_changeCycle=0,cur_changeCycle=0,to_view=126157
info|2019-11-15 11:01:12.987882|[g:1][CONSENSUS][SEALER]++++++++++++++++ Generating seal on,blkNum=1,tx=0,nodeIdx=1,hash=cc48f9c3...
info|2019-11-15 11:01:12.990285|[g:1][CONSENSUS][PBFT]checkTimeout Succ,view=126157,toView=126158,nodeIdx=1,changeCycle=0,myNode=2dce86f9...,timecost=0.423
info|2019-11-15 11:01:12.990866|[g:1][CONSENSUS][PBFT]checkAndChangeView: Reach consensus,org_view=126157,org_changeCycle=0,cur_changeCycle=0,to_view=126158
info|2019-11-15 11:01:13.992118|[g:1][CONSENSUS]addRawPrepare,height=1,reqIdx=2,hash=0e248027...
info|2019-11-15 11:01:13.992659|[g:1][CONSENSUS][PBFT]checkTimeout Succ,view=126158,toView=126159,nodeIdx=1,changeCycle=0,myNode=2dce86f9...,timecost=0.42
info|2019-11-15 11:01:13.993817|[g:1][CONSENSUS][PBFT]checkAndChangeView: Reach consensus,org_view=126158,org_changeCycle=0,cur_changeCycle=0,to_view=126159
info|2019-11-15 11:01:14.996138|[g:1][CONSENSUS]addRawPrepare,height=1,reqIdx=3,hash=93dda7ef...
info|2019-11-15 11:01:14.996585|[g:1][CONSENSUS][PBFT]checkTimeout Succ,view=126159,toView=126160,nodeIdx=1,changeCycle=0,myNode=2dce86f9...,timecost=0.331
info|2019-11-15 11:01:14.997626|[g:1][CONSENSUS][PBFT]checkAndChangeView: Reach consensus,org_view=126159,org_changeCycle=0,cur_changeCycle=0,to_view=126160
info|2019-11-15 11:01:15.094216|[P2P][Service] heartBeat,connected count=3
info|2019-11-15 11:01:15.998538|[g:1][CONSENSUS]addRawPrepare,height=1,reqIdx=0,hash=9aa598e6...
info|2019-11-15 11:01:15.999501|[g:1][CONSENSUS][PBFT]checkTimeout Succ,view=126160,toView=126161,nodeIdx=1,changeCycle=0,myNode=2dce86f9...,timecost=0.839
info|2019-11-15 11:01:16.000630|[g:1][CONSENSUS][PBFT]checkAndChangeView: Reach consensus,org_view=126160,org_changeCycle=0,cur_changeCycle=0,to_view=126161
info|2019-11-15 11:01:17.000572|[g:1][CONSENSUS][SEALER]++++++++++++++++ Generating seal on,blkNum=1,tx=0,nodeIdx=1,hash=74344ef0...
info|2019-11-15 11:01:17.003001|[g:1][CONSENSUS][PBFT]checkTimeout Succ,view=126161,toView=126162,nodeIdx=1,changeCycle=0,myNode=2dce86f9...,timecost=0.338
info|2019-11-15 11:01:17.003492|[g:1][CONSENSUS][PBFT]checkAndChangeView: Reach consensus,org_view=126161,org_changeCycle=0,cur_changeCycle=0,to_view=126162
info|2019-11-15 11:01:18.003146|[g:1][CONSENSUS]addRawPrepare,height=1,reqIdx=2,hash=2db8ed7c...
info|2019-11-15 11:01:18.003628|[g:1][CONSENSUS][PBFT]checkTimeout Succ,view=126162,toView=126163,nodeIdx=1,changeCycle=0,myNode=2dce86f9...,timecost=0.364
info|2019-11-15 11:01:18.004938|[g:1][CONSENSUS][PBFT]checkAndChangeView: Reach consensus,org_view=126162,org_changeCycle=0,cur_changeCycle=0,to_view=126163
info|2019-11-15 11:01:19.005874|[g:1][CONSENSUS]addRawPrepare,height=1,reqIdx=3,hash=4c962f53...
info|2019-11-15 11:01:19.006333|[g:1][CONSENSUS][PBFT]checkTimeout Succ,view=126163,toView=126164,nodeIdx=1,changeCycle=0,myNode=2dce86f9...,timecost=0.338
info|2019-11-15 11:01:19.007529|[g:1][CONSENSUS][PBFT]checkAndChangeView: Reach consensus,org_view=126163,org_changeCycle=0,cur_changeCycle=0,to_view=126164
info|2019-11-15 11:01:20.008796|[g:1][CONSENSUS]addRawPrepare,height=1,reqIdx=0,hash=f7eb270d...
info|2019-11-15 11:01:20.009337|[g:1][CONSENSUS][PBFT]checkTimeout Succ,view=126164,toView=126165,nodeIdx=1,changeCycle=0,myNode=2dce86f9...,timecost=0.412
info|2019-11-15 11:01:20.010513|[g:1][CONSENSUS][PBFT]checkAndChangeView: Reach consensus,org_view=126164,org_changeCycle=0,cur_changeCycle=0,to_view=126165
info|2019-11-15 11:01:21.011251|[g:1][CONSENSUS][SEALER]++++++++++++++++ Generating seal on,blkNum=1,tx=0,nodeIdx=1,hash=b2f773e3...
info|2019-11-15 11:01:21.013718|[g:1][CONSENSUS][PBFT]checkTimeout Succ,view=126165,toView=126166,nodeIdx=1,changeCycle=0,myNode=2dce86f9...,timecost=0.448
info|2019-11-15 11:01:21.014773|[g:1][CONSENSUS][PBFT]checkAndChangeView: Reach consensus,org_view=126165,org_changeCycle=0,cur_changeCycle=0,to_view=126166
info|2019-11-15 11:01:22.015678|[g:1][CONSENSUS]addRawPrepare,height=1,reqIdx=2,hash=0258c263...
info|2019-11-15 11:01:22.016226|[g:1][CONSENSUS][PBFT]checkTimeout Succ,view=126166,toView=126167,nodeIdx=1,changeCycle=0,myNode=2dce86f9...,timecost=0.415
info|2019-11-15 11:01:22.017400|[g:1][CONSENSUS][PBFT]checkAndChangeView: Reach consensus,org_view=126166,org_changeCycle=0,cur_changeCycle=0,to_view=126167
info|2019-11-15 11:01:23.019660|[g:1][CONSENSUS]addRawPrepare,height=1,reqIdx=3,hash=938ebec4...
info|2019-11-15 11:01:23.020182|[g:1][CONSENSUS][PBFT]checkTimeout Succ,view=126167,toView=126168,nodeIdx=1,changeCycle=0,myNode=2dce86f9...,timecost=0.397
info|2019-11-15 11:01:23.021216|[g:1][CONSENSUS][PBFT]checkAndChangeView: Reach consensus,org_view=126167,org_changeCycle=0,cur_changeCycle=0,to_view=126168
info|2019-11-15 11:01:24.022955|[g:1][CONSENSUS]addRawPrepare,height=1,reqIdx=0,hash=23026718...
info|2019-11-15 11:01:24.023371|[g:1][CONSENSUS][PBFT]checkTimeout Succ,view=126168,toView=126169,nodeIdx=1,changeCycle=0,myNode=2dce86f9...,timecost=0.328
info|2019-11-15 11:01:24.024537|[g:1][CONSENSUS][PBFT]checkAndChangeView: Reach consensus,org_view=126168,org_changeCycle=0,cur_changeCycle=0,to_view=126169
info|2019-11-15 11:01:25.024323|[g:1][CONSENSUS][SEALER]++++++++++++++++ Generating seal on,blkNum=1,tx=0,nodeIdx=1,hash=ab8054f8...
info|2019-11-15 11:01:25.026715|[g:1][CONSENSUS][PBFT]checkTimeout Succ,view=126169,toView=126170,nodeIdx=1,changeCycle=0,myNode=2dce86f9...,timecost=0.321
info|2019-11-15 11:01:25.027276|[g:1][CONSENSUS][PBFT]checkAndChangeView: Reach consensus,org_view=126169,org_changeCycle=0,cur_changeCycle=0,to_view=126170
info|2019-11-15 11:01:25.097182|[P2P][Service] heartBeat,connected count=3
info|2019-11-15 11:01:26.027830|[g:1][CONSENSUS]addRawPrepare,height=1,reqIdx=2,hash=717b8a07...
info|2019-11-15 11:01:26.028927|[g:1][CONSENSUS][PBFT]checkTimeout Succ,view=126170,toView=126171,nodeIdx=1,changeCycle=0,myNode=2dce86f9...,timecost=0.91
info|2019-11-15 11:01:26.030428|[g:1][CONSENSUS][PBFT]checkAndChangeView: Reach consensus,org_view=126170,org_changeCycle=0,cur_changeCycle=0,to_view=126171
info|2019-11-15 11:01:27.031989|[g:1][CONSENSUS]addRawPrepare,height=1,reqIdx=3,hash=0226e5cc...
info|2019-11-15 11:01:27.032576|[g:1][CONSENSUS][PBFT]checkTimeout Succ,view=126171,toView=126172,nodeIdx=1,changeCycle=0,myNode=2dce86f9...,timecost=0.459
info|2019-11-15 11:01:27.033974|[g:1][CONSENSUS][PBFT]checkAndChangeView: Reach consensus,org_view=126171,org_changeCycle=0,cur_changeCycle=0,to_view=126172
info|2019-11-15 11:01:28.036102|[g:1][CONSENSUS]addRawPrepare,height=1,reqIdx=0,hash=89106b12...
info|2019-11-15 11:01:28.036574|[g:1][CONSENSUS][PBFT]checkTimeout Succ,view=126172,toView=126173,nodeIdx=1,changeCycle=0,myNode=2dce86f9...,timecost=0.354
info|2019-11-15 11:01:28.037709|[g:1][CONSENSUS][PBFT]checkAndChangeView: Reach consensus,org_view=126172,org_changeCycle=0,cur_changeCycle=0,to_view=126173
info|2019-11-15 11:01:29.038086|[g:1][CONSENSUS][SEALER]++++++++++++++++ Generating seal on,blkNum=1,tx=0,nodeIdx=1,hash=19a90a2d...
info|2019-11-15 11:01:29.041392|[g:1][CONSENSUS][PBFT]checkTimeout Succ,view=126173,toView=126174,nodeIdx=1,changeCycle=0,myNode=2dce86f9...,timecost=0.428
info|2019-11-15 11:01:29.042144|[g:1][CONSENSUS][PBFT]checkAndChangeView: Reach consensus,org_view=126173,org_changeCycle=0,cur_changeCycle=0,to_view=126174
info|2019-11-15 11:01:30.042930|[g:1][CONSENSUS]addRawPrepare,height=1,reqIdx=2,hash=57287967...
info|2019-11-15 11:01:30.043519|[g:1][CONSENSUS][PBFT]checkTimeout Succ,view=126174,toView=126175,nodeIdx=1,changeCycle=0,myNode=2dce86f9...,timecost=0.41
info|2019-11-15 11:01:30.044818|[g:1][CONSENSUS][PBFT]checkAndChangeView: Reach consensus,org_view=126174,org_changeCycle=0,cur_changeCycle=0,to_view=126175
info|2019-11-15 11:01:31.046662|[g:1][CONSENSUS]addRawPrepare,height=1,reqIdx=3,hash=b9823245...
info|2019-11-15 11:01:31.047700|[g:1][CONSENSUS][PBFT]checkTimeout Succ,view=126175,toView=126176,nodeIdx=1,changeCycle=0,myNode=2dce86f9...,timecost=0.908
info|2019-11-15 11:01:31.048794|[g:1][CONSENSUS][PBFT]checkAndChangeView: Reach consensus,org_view=126175,org_changeCycle=0,cur_changeCycle=0,to_view=126176
info|2019-11-15 11:01:32.050241|[g:1][CONSENSUS]addRawPrepare,height=1,reqIdx=0,hash=673f2c97...
info|2019-11-15 11:01:32.051052|[g:1][CONSENSUS][PBFT]checkTimeout Succ,view=126176,toView=126177,nodeIdx=1,changeCycle=0,myNode=2dce86f9...,timecost=0.656
info|2019-11-15 11:01:32.052554|[g:1][CONSENSUS][PBFT]checkAndChangeView: Reach consensus,org_view=126176,org_changeCycle=0,cur_changeCycle=0,to_view=126177
info|2019-11-15 11:01:33.052278|[g:1][CONSENSUS][SEALER]++++++++++++++++ Generating seal on,blkNum=1,tx=0,nodeIdx=1,hash=423db959...
info|2019-11-15 11:01:33.055583|[g:1][CONSENSUS][PBFT]checkTimeout Succ,view=126177,toView=126178,nodeIdx=1,changeCycle=0,myNode=2dce86f9...,timecost=0.494
info|2019-11-15 11:01:33.056423|[g:1][CONSENSUS][PBFT]checkAndChangeView: Reach consensus,org_view=126177,org_changeCycle=0,cur_changeCycle=0,to_view=126178
info|2019-11-15 11:01:34.057072|[g:1][CONSENSUS]addRawPrepare,height=1,reqIdx=2,hash=5dee2def...
info|2019-11-15 11:01:34.057496|[g:1][CONSENSUS][PBFT]checkTimeout Succ,view=126178,toView=126179,nodeIdx=1,changeCycle=0,myNode=2dce86f9...,timecost=0.322
info|2019-11-15 11:01:34.058579|[g:1][CONSENSUS][PBFT]checkAndChangeView: Reach consensus,org_view=126178,org_changeCycle=0,cur_changeCycle=0,to_view=126179
info|2019-11-15 11:01:35.059265|[g:1][CONSENSUS]addRawPrepare,height=1,reqIdx=3,hash=d821a0db...
info|2019-11-15 11:01:35.059716|[g:1][CONSENSUS][PBFT]checkTimeout Succ,view=126179,toView=126180,nodeIdx=1,changeCycle=0,myNode=2dce86f9...,timecost=0.351
info|2019-11-15 11:01:35.060730|[g:1][CONSENSUS][PBFT]checkAndChangeView: Reach consensus,org_view=126179,org_changeCycle=0,cur_changeCycle=0,to_view=126180
info|2019-11-15 11:01:35.100899|[P2P][Service] heartBeat,connected count=3
info|2019-11-15 11:01:36.062413|[g:1][CONSENSUS]addRawPrepare,height=1,reqIdx=0,hash=48210931...
info|2019-11-15 11:01:36.064303|[g:1][CONSENSUS][PBFT]checkTimeout Succ,view=126180,toView=126181,nodeIdx=1,changeCycle=0,myNode=2dce86f9...,timecost=1.721
info|2019-11-15 11:01:36.065937|[g:1][CONSENSUS][PBFT]checkAndChangeView: Reach consensus,org_view=126180,org_changeCycle=0,cur_changeCycle=0,to_view=126181
info|2019-11-15 11:01:37.065688|[g:1][CONSENSUS][SEALER]++++++++++++++++ Generating seal on,blkNum=1,tx=0,nodeIdx=1,hash=992f946a...
info|2019-11-15 11:01:37.066470|[g:1][CONSENSUS][PBFT]checkTimeout Succ,view=126181,toView=126182,nodeIdx=1,changeCycle=0,myNode=2dce86f9...,timecost=0.385
info|2019-11-15 11:01:37.068340|[g:1][CONSENSUS][PBFT]checkAndChangeView: Reach consensus,org_view=126181,org_changeCycle=0,cur_changeCycle=0,to_view=126182
info|2019-11-15 11:01:38.069519|[g:1][CONSENSUS]addRawPrepare,height=1,reqIdx=2,hash=75c8f4ef...
info|2019-11-15 11:01:38.070075|[g:1][CONSENSUS][PBFT]checkTimeout Succ,view=126182,toView=126183,nodeIdx=1,changeCycle=0,myNode=2dce86f9...,timecost=0.437
info|2019-11-15 11:01:38.071636|[g:1][CONSENSUS][PBFT]checkAndChangeView: Reach consensus,org_view=126182,org_changeCycle=0,cur_changeCycle=0,to_view=126183
info|2019-11-15 11:01:39.073079|[g:1][CONSENSUS]addRawPrepare,height=1,reqIdx=3,hash=921ee1d4...
info|2019-11-15 11:01:39.073730|[g:1][CONSENSUS][PBFT]checkTimeout Succ,view=126183,toView=126184,nodeIdx=1,changeCycle=0,myNode=2dce86f9...,timecost=0.481
info|2019-11-15 11:01:39.075381|[g:1][CONSENSUS][PBFT]checkAndChangeView: Reach consensus,org_view=126183,org_changeCycle=0,cur_changeCycle=0,to_view=126184
info|2019-11-15 11:01:40.076355|[g:1][CONSENSUS]addRawPrepare,height=1,reqIdx=0,hash=6e4b3c83...
info|2019-11-15 11:01:40.076803|[g:1][CONSENSUS][PBFT]checkTimeout Succ,view=126184,toView=126185,nodeIdx=1,changeCycle=0,myNode=2dce86f9...,timecost=0.346
info|2019-11-15 11:01:40.077794|[g:1][CONSENSUS][PBFT]checkAndChangeView: Reach consensus,org_view=126184,org_changeCycle=0,cur_changeCycle=0,to_view=126185
info|2019-11-15 11:01:41.077506|[g:1][CONSENSUS][SEALER]++++++++++++++++ Generating seal on,blkNum=1,tx=0,nodeIdx=1,hash=d768fba9...
info|2019-11-15 11:01:41.081216|[g:1][CONSENSUS][PBFT]checkTimeout Succ,view=126185,toView=126186,nodeIdx=1,changeCycle=0,myNode=2dce86f9...,timecost=0.515
info|2019-11-15 11:01:41.081955|[g:1][CONSENSUS][PBFT]checkAndChangeView: Reach consensus,org_view=126185,org_changeCycle=0,cur_changeCycle=0,to_view=126186
info|2019-11-15 11:01:42.082529|[g:1][CONSENSUS]addRawPrepare,height=1,reqIdx=2,hash=7b633f0f...
info|2019-11-15 11:01:42.082999|[g:1][CONSENSUS][PBFT]checkTimeout Succ,view=126186,toView=126187,nodeIdx=1,changeCycle=0,myNode=2dce86f9...,timecost=0.34
info|2019-11-15 11:01:42.084076|[g:1][CONSENSUS][PBFT]checkAndChangeView: Reach consensus,org_view=126186,org_changeCycle=0,cur_changeCycle=0,to_view=126187
info|2019-11-15 11:01:43.085622|[g:1][CONSENSUS]addRawPrepare,height=1,reqIdx=3,hash=c0f07e12...
info|2019-11-15 11:01:43.086511|[g:1][CONSENSUS][PBFT]checkTimeout Succ,view=126187,toView=126188,nodeIdx=1,changeCycle=0,myNode=2dce86f9...,timecost=0.648
info|2019-11-15 11:01:43.087852|[g:1][CONSENSUS][PBFT]checkAndChangeView: Reach consensus,org_view=126187,org_changeCycle=0,cur_changeCycle=0,to_view=126188
info|2019-11-15 11:01:44.090037|[g:1][CONSENSUS]addRawPrepare,height=1,reqIdx=0,hash=4df43f1e...
info|2019-11-15 11:01:44.090520|[g:1][CONSENSUS][PBFT]checkTimeout Succ,view=126188,toView=126189,nodeIdx=1,changeCycle=0,myNode=2dce86f9...,timecost=0.359
info|2019-11-15 11:01:44.091682|[g:1][CONSENSUS][PBFT]checkAndChangeView: Reach consensus,org_view=126188,org_changeCycle=0,cur_changeCycle=0,to_view=126189
info|2019-11-15 11:01:45.091631|[g:1][CONSENSUS][SEALER]++++++++++++++++ Generating seal on,blkNum=1,tx=0,nodeIdx=1,hash=537cbf7e...
info|2019-11-15 11:01:45.092402|[g:1][CONSENSUS][PBFT]checkTimeout Succ,view=126189,toView=126190,nodeIdx=1,changeCycle=0,myNode=2dce86f9...,timecost=0.409
info|2019-11-15 11:01:45.094908|[g:1][CONSENSUS][PBFT]checkAndChangeView: Reach consensus,org_view=126189,org_changeCycle=0,cur_changeCycle=0,to_view=126190
info|2019-11-15 11:01:45.100988|[P2P][Service] heartBeat,connected count=3
info|2019-11-15 11:01:46.097418|[g:1][CONSENSUS]addRawPrepare,height=1,reqIdx=2,hash=d978bb71...
info|2019-11-15 11:01:46.098236|[g:1][CONSENSUS][PBFT]checkTimeout Succ,view=126190,toView=126191,nodeIdx=1,changeCycle=0,myNode=2dce86f9...,timecost=0.692
info|2019-11-15 11:01:46.099270|[g:1][CONSENSUS][PBFT]checkAndChangeView: Reach consensus,org_view=126190,org_changeCycle=0,cur_changeCycle=0,to_view=126191
info|2019-11-15 11:01:47.100343|[g:1][CONSENSUS]addRawPrepare,height=1,reqIdx=3,hash=e5d01dc7...
info|2019-11-15 11:01:47.100830|[g:1][CONSENSUS][PBFT]checkTimeout Succ,view=126191,toView=126192,nodeIdx=1,changeCycle=0,myNode=2dce86f9...,timecost=0.364
info|2019-11-15 11:01:47.102072|[g:1][CONSENSUS][PBFT]checkAndChangeView: Reach consensus,org_view=126191,org_changeCycle=0,cur_changeCycle=0,to_view=126192
info|2019-11-15 11:01:48.103452|[g:1][CONSENSUS]addRawPrepare,height=1,reqIdx=0,hash=e27c7d27...
info|2019-11-15 11:01:48.104142|[g:1][CONSENSUS][PBFT]checkTimeout Succ,view=126192,toView=126193,nodeIdx=1,changeCycle=0,myNode=2dce86f9...,timecost=0.494
info|2019-11-15 11:01:48.105353|[g:1][CONSENSUS][PBFT]checkAndChangeView: Reach consensus,org_view=126192,org_changeCycle=0,cur_changeCycle=0,to_view=126193
info|2019-11-15 11:01:49.105236|[g:1][CONSENSUS][SEALER]++++++++++++++++ Generating seal on,blkNum=1,tx=0,nodeIdx=1,hash=b44336af...
info|2019-11-15 11:01:49.107674|[g:1][CONSENSUS][PBFT]checkTimeout Succ,view=126193,toView=126194,nodeIdx=1,changeCycle=0,myNode=2dce86f9...,timecost=0.379
info|2019-11-15 11:01:49.108295|[g:1][CONSENSUS][PBFT]checkAndChangeView: Reach consensus,org_view=126193,org_changeCycle=0,cur_changeCycle=0,to_view=126194
info|2019-11-15 11:01:50.109025|[g:1][CONSENSUS]addRawPrepare,height=1,reqIdx=2,hash=c102b712...
info|2019-11-15 11:01:50.109603|[g:1][CONSENSUS][PBFT]checkTimeout Succ,view=126194,toView=126195,nodeIdx=1,changeCycle=0,myNode=2dce86f9...,timecost=0.461
info|2019-11-15 11:01:50.110805|[g:1][CONSENSUS][PBFT]checkAndChangeView: Reach consensus,org_view=126194,org_changeCycle=0,cur_changeCycle=0,to_view=126195
info|2019-11-15 11:01:51.112528|[g:1][CONSENSUS]addRawPrepare,height=1,reqIdx=3,hash=f474c570...
info|2019-11-15 11:01:51.113565|[g:1][CONSENSUS][PBFT]checkTimeout Succ,view=126195,toView=126196,nodeIdx=1,changeCycle=0,myNode=2dce86f9...,timecost=0.937
info|2019-11-15 11:01:51.115075|[g:1][CONSENSUS][PBFT]checkAndChangeView: Reach consensus,org_view=126195,org_changeCycle=0,cur_changeCycle=0,to_view=126196
info|2019-11-15 11:01:52.116198|[g:1][CONSENSUS]addRawPrepare,height=1,reqIdx=0,hash=944cb908...
info|2019-11-15 11:01:52.116616|[g:1][CONSENSUS][PBFT]checkTimeout Succ,view=126196,toView=126197,nodeIdx=1,changeCycle=0,myNode=2dce86f9...,timecost=0.318
info|2019-11-15 11:01:52.119009|[g:1][CONSENSUS][PBFT]checkAndChangeView: Reach consensus,org_view=126196,org_changeCycle=0,cur_changeCycle=0,to_view=126197
info|2019-11-15 11:01:53.120156|[g:1][CONSENSUS][SEALER]++++++++++++++++ Generating seal on,blkNum=1,tx=0,nodeIdx=1,hash=87471229...
info|2019-11-15 11:01:53.121141|[g:1][CONSENSUS][PBFT]checkTimeout Succ,view=126197,toView=126198,nodeIdx=1,changeCycle=0,myNode=2dce86f9...,timecost=0.511
info|2019-11-15 11:01:53.124113|[g:1][CONSENSUS][PBFT]checkAndChangeView: Reach consensus,org_view=126197,org_changeCycle=0,cur_changeCycle=0,to_view=126198
info|2019-11-15 11:01:54.124919|[g:1][CONSENSUS]addRawPrepare,height=1,reqIdx=2,hash=a92db49b...
info|2019-11-15 11:01:54.125758|[g:1][CONSENSUS][PBFT]checkTimeout Succ,view=126198,toView=126199,nodeIdx=1,changeCycle=0,myNode=2dce86f9...,timecost=0.667
info|2019-11-15 11:01:54.127400|[g:1][CONSENSUS][PBFT]checkAndChangeView: Reach consensus,org_view=126198,org_changeCycle=0,cur_changeCycle=0,to_view=126199
info|2019-11-15 11:01:54.885087|[LEDGER]stop sealer,groupID=1
info|2019-11-15 11:01:54.887407|[CONSENSUS][SEALER]Stop sealer module...
info|2019-11-15 11:01:54.892663|[CONSENSUS][ConsensusEngine][Stop ConsensusEngineBase]
info|2019-11-15 11:01:54.896007|[CONSENSUS][ConsensusEngine]ConsensusEngineBase stopped
info|2019-11-15 11:01:54.896032|[LEDGER]sealer stopped. stop sync,groupID=1
info|2019-11-15 11:01:54.942851|[SYNC][id:2dce86f9...]SyncMaster stopped
info|2019-11-15 11:01:54.942885|[LEDGER]ledger stopped,groupID=1
info|2019-11-15 11:01:55.027514|[EVENT][EventLogFilterManager]stop
info|2019-11-15 11:01:55.027559|[LEDGER]event filter manager stopped,groupID=1
info|2019-11-15 11:01:55.027578|[INITIALIZER]ledgerInitializer stopped
warning|2019-11-15 11:01:55.028685|[CHANNEL]Accept failed,message=Operation canceled
info|2019-11-15 11:01:55.101159|[P2P][Service] heartBeat,connected count=3
info|2019-11-15 11:01:56.048726|[INITIALIZER]ChannelRPCHttpServer deleted.
info|2019-11-15 11:01:56.049674|[INITIALIZER]JsonrpcHttpServer deleted.
info|2019-11-15 11:01:56.049693|[INITIALIZER]RPCInitializer stopped
info|2019-11-15 11:01:56.050466|[NETWORK][Host]Host exit
info|2019-11-15 11:01:56.050783|[INITIALIZER]P2PInitializer stopped
info|2019-11-15 11:01:56.052072|[LEDGER]stop sealer,groupID=1
info|2019-11-15 11:01:56.052129|[LEDGER]sealer stopped. stop sync,groupID=1
info|2019-11-15 11:01:56.052148|[SYNC][id:2dce86f9...]SyncMaster stopped
info|2019-11-15 11:01:56.052159|[LEDGER]ledger stopped,groupID=1
info|2019-11-15 11:01:56.052173|[LEDGER]event filter manager stopped,groupID=1
info|2019-11-15 11:01:56.053492|[STORAGE]Stopping flushStorage thread
info|2019-11-15 11:01:56.380487|[STORAGE]flushStorage thread stopped.
info|2019-11-15 11:01:56.380520|[DBINITIALIZER] storage stopped
info|2019-11-15 11:01:56.392194|[SYNC][id:2dce86f9...]SyncMaster stopped
