warning|2019-11-14 00:29:09.008955|[g:1][CONSENSUS][PBFT]ViewChangeWarning: not caused by omit empty block ,v=98540,toV=98541,curNum=0,hash=f72cae63...,nodeIdx=1,myNode=2dce86f9...
info|2019-11-14 00:29:09.010837|[g:1][CONSENSUS][PBFT]checkTimeout Succ,view=98540,toView=98541,nodeIdx=1,changeCycle=1,myNode=2dce86f9...,timecost=6.249
info|2019-11-14 00:29:09.010870|[P2P][Service] heartBeat,connected count=3
info|2019-11-14 00:29:09.014233|[g:1][CONSENSUS][PBFT]checkAndChangeView: Reach consensus,org_view=98540,org_changeCycle=1,cur_changeCycle=1,to_view=98541
info|2019-11-14 00:29:10.014768|[g:1][CONSENSUS][SEALER]++++++++++++++++ Generating seal on,blkNum=1,tx=0,nodeIdx=1,hash=14411549...
info|2019-11-14 00:29:10.016716|[g:1][CONSENSUS][PBFT]checkTimeout Succ,view=98541,toView=98542,nodeIdx=1,changeCycle=0,myNode=2dce86f9...,timecost=0.414
info|2019-11-14 00:29:10.017764|[g:1][CONSENSUS][PBFT]checkAndChangeView: Reach consensus,org_view=98541,org_changeCycle=0,cur_changeCycle=0,to_view=98542
info|2019-11-14 00:29:11.018485|[g:1][CONSENSUS]addRawPrepare,height=1,reqIdx=2,hash=d134a712...
info|2019-11-14 00:29:11.018973|[g:1][CONSENSUS][PBFT]checkTimeout Succ,view=98542,toView=98543,nodeIdx=1,changeCycle=0,myNode=2dce86f9...,timecost=0.373
info|2019-11-14 00:29:11.020389|[g:1][CONSENSUS][PBFT]checkAndChangeView: Reach consensus,org_view=98542,org_changeCycle=0,cur_changeCycle=0,to_view=98543
info|2019-11-14 00:29:12.022822|[g:1][CONSENSUS]addRawPrepare,height=1,reqIdx=3,hash=3342a436...
info|2019-11-14 00:29:12.023449|[g:1][CONSENSUS][PBFT]checkTimeout Succ,view=98543,toView=98544,nodeIdx=1,changeCycle=0,myNode=2dce86f9...,timecost=0.483
info|2019-11-14 00:29:12.024954|[g:1][CONSENSUS][PBFT]checkAndChangeView: Reach consensus,org_view=98543,org_changeCycle=0,cur_changeCycle=0,to_view=98544
info|2019-11-14 00:29:13.026092|[g:1][CONSENSUS]addRawPrepare,height=1,reqIdx=0,hash=f44725fa...
info|2019-11-14 00:29:13.026587|[g:1][CONSENSUS][PBFT]checkTimeout Succ,view=98544,toView=98545,nodeIdx=1,changeCycle=0,myNode=2dce86f9...,timecost=0.394
info|2019-11-14 00:29:13.027618|[g:1][CONSENSUS][PBFT]checkAndChangeView: Reach consensus,org_view=98544,org_changeCycle=0,cur_changeCycle=0,to_view=98545
info|2019-11-14 00:29:14.027692|[g:1][CONSENSUS][SEALER]++++++++++++++++ Generating seal on,blkNum=1,tx=0,nodeIdx=1,hash=9b46084d...
info|2019-11-14 00:29:14.028355|[g:1][CONSENSUS][PBFT]checkTimeout Succ,view=98545,toView=98546,nodeIdx=1,changeCycle=0,myNode=2dce86f9...,timecost=0.392
info|2019-11-14 00:29:14.030595|[g:1][CONSENSUS][PBFT]checkAndChangeView: Reach consensus,org_view=98545,org_changeCycle=0,cur_changeCycle=0,to_view=98546
info|2019-11-14 00:29:15.031652|[g:1][CONSENSUS]addRawPrepare,height=1,reqIdx=2,hash=72e7a19c...
info|2019-11-14 00:29:15.032302|[g:1][CONSENSUS][PBFT]checkTimeout Succ,view=98546,toView=98547,nodeIdx=1,changeCycle=0,myNode=2dce86f9...,timecost=0.515
info|2019-11-14 00:29:15.034423|[g:1][CONSENSUS][PBFT]checkAndChangeView: Reach consensus,org_view=98546,org_changeCycle=0,cur_changeCycle=0,to_view=98547
info|2019-11-14 00:29:16.035570|[g:1][CONSENSUS]addRawPrepare,height=1,reqIdx=3,hash=ee74320c...
info|2019-11-14 00:29:16.036311|[g:1][CONSENSUS][PBFT]checkTimeout Succ,view=98547,toView=98548,nodeIdx=1,changeCycle=0,myNode=2dce86f9...,timecost=0.552
info|2019-11-14 00:29:16.037723|[g:1][CONSENSUS][PBFT]checkAndChangeView: Reach consensus,org_view=98547,org_changeCycle=0,cur_changeCycle=0,to_view=98548
info|2019-11-14 00:29:17.039628|[g:1][CONSENSUS]addRawPrepare,height=1,reqIdx=0,hash=94135d2f...
info|2019-11-14 00:29:17.040230|[g:1][CONSENSUS][PBFT]checkTimeout Succ,view=98548,toView=98549,nodeIdx=1,changeCycle=0,myNode=2dce86f9...,timecost=0.442
info|2019-11-14 00:29:17.041800|[g:1][CONSENSUS][PBFT]checkAndChangeView: Reach consensus,org_view=98548,org_changeCycle=0,cur_changeCycle=0,to_view=98549
info|2019-11-14 00:29:18.041787|[g:1][CONSENSUS][SEALER]++++++++++++++++ Generating seal on,blkNum=1,tx=0,nodeIdx=1,hash=5ccc3e46...
info|2019-11-14 00:29:18.042773|[g:1][CONSENSUS][PBFT]checkTimeout Succ,view=98549,toView=98550,nodeIdx=1,changeCycle=0,myNode=2dce86f9...,timecost=0.514
info|2019-11-14 00:29:18.045357|[g:1][CONSENSUS][PBFT]checkAndChangeView: Reach consensus,org_view=98549,org_changeCycle=0,cur_changeCycle=0,to_view=98550
info|2019-11-14 00:29:19.013363|[P2P][Service] heartBeat,connected count=3
info|2019-11-14 00:29:19.047000|[g:1][CONSENSUS]addRawPrepare,height=1,reqIdx=2,hash=d838aaa7...
info|2019-11-14 00:29:19.047973|[g:1][CONSENSUS][PBFT]checkTimeout Succ,view=98550,toView=98551,nodeIdx=1,changeCycle=0,myNode=2dce86f9...,timecost=0.794
info|2019-11-14 00:29:19.049372|[g:1][CONSENSUS][PBFT]checkAndChangeView: Reach consensus,org_view=98550,org_changeCycle=0,cur_changeCycle=0,to_view=98551
info|2019-11-14 00:29:20.050533|[g:1][CONSENSUS]addRawPrepare,height=1,reqIdx=3,hash=f10546bd...
info|2019-11-14 00:29:20.051149|[g:1][CONSENSUS][PBFT]checkTimeout Succ,view=98551,toView=98552,nodeIdx=1,changeCycle=0,myNode=2dce86f9...,timecost=0.465
info|2019-11-14 00:29:20.052676|[g:1][CONSENSUS][PBFT]checkAndChangeView: Reach consensus,org_view=98551,org_changeCycle=0,cur_changeCycle=0,to_view=98552
info|2019-11-14 00:29:21.054181|[g:1][CONSENSUS]addRawPrepare,height=1,reqIdx=0,hash=3980753e...
info|2019-11-14 00:29:21.054696|[g:1][CONSENSUS][PBFT]checkTimeout Succ,view=98552,toView=98553,nodeIdx=1,changeCycle=0,myNode=2dce86f9...,timecost=0.42
info|2019-11-14 00:29:21.055864|[g:1][CONSENSUS][PBFT]checkAndChangeView: Reach consensus,org_view=98552,org_changeCycle=0,cur_changeCycle=0,to_view=98553
info|2019-11-14 00:29:22.056680|[g:1][CONSENSUS][SEALER]++++++++++++++++ Generating seal on,blkNum=1,tx=0,nodeIdx=1,hash=695c40a1...
info|2019-11-14 00:29:22.057631|[g:1][CONSENSUS][PBFT]checkTimeout Succ,view=98553,toView=98554,nodeIdx=1,changeCycle=0,myNode=2dce86f9...,timecost=0.485
info|2019-11-14 00:29:22.060319|[g:1][CONSENSUS][PBFT]checkAndChangeView: Reach consensus,org_view=98553,org_changeCycle=0,cur_changeCycle=0,to_view=98554
info|2019-11-14 00:29:23.061901|[g:1][CONSENSUS]addRawPrepare,height=1,reqIdx=2,hash=d50a5024...
info|2019-11-14 00:29:23.062620|[g:1][CONSENSUS][PBFT]checkTimeout Succ,view=98554,toView=98555,nodeIdx=1,changeCycle=0,myNode=2dce86f9...,timecost=0.513
info|2019-11-14 00:29:23.064391|[g:1][CONSENSUS][PBFT]checkAndChangeView: Reach consensus,org_view=98554,org_changeCycle=0,cur_changeCycle=0,to_view=98555
info|2019-11-14 00:29:24.066251|[g:1][CONSENSUS]addRawPrepare,height=1,reqIdx=3,hash=aba074b9...
info|2019-11-14 00:29:24.067169|[g:1][CONSENSUS][PBFT]checkTimeout Succ,view=98555,toView=98556,nodeIdx=1,changeCycle=0,myNode=2dce86f9...,timecost=0.835
info|2019-11-14 00:29:24.068685|[g:1][CONSENSUS][PBFT]checkAndChangeView: Reach consensus,org_view=98555,org_changeCycle=0,cur_changeCycle=0,to_view=98556
info|2019-11-14 00:29:25.070974|[g:1][CONSENSUS]addRawPrepare,height=1,reqIdx=0,hash=74469e9a...
info|2019-11-14 00:29:25.071723|[g:1][CONSENSUS][PBFT]checkTimeout Succ,view=98556,toView=98557,nodeIdx=1,changeCycle=0,myNode=2dce86f9...,timecost=0.584
info|2019-11-14 00:29:25.073094|[g:1][CONSENSUS][PBFT]checkAndChangeView: Reach consensus,org_view=98556,org_changeCycle=0,cur_changeCycle=0,to_view=98557
info|2019-11-14 00:29:26.074493|[g:1][CONSENSUS][SEALER]++++++++++++++++ Generating seal on,blkNum=1,tx=0,nodeIdx=1,hash=587a69a3...
info|2019-11-14 00:29:26.075483|[g:1][CONSENSUS][PBFT]checkTimeout Succ,view=98557,toView=98558,nodeIdx=1,changeCycle=0,myNode=2dce86f9...,timecost=0.517
info|2019-11-14 00:29:26.077956|[g:1][CONSENSUS][PBFT]checkAndChangeView: Reach consensus,org_view=98557,org_changeCycle=0,cur_changeCycle=0,to_view=98558
info|2019-11-14 00:29:27.080810|[g:1][CONSENSUS]addRawPrepare,height=1,reqIdx=2,hash=7d8c4c91...
info|2019-11-14 00:29:27.081408|[g:1][CONSENSUS][PBFT]checkTimeout Succ,view=98558,toView=98559,nodeIdx=1,changeCycle=0,myNode=2dce86f9...,timecost=0.431
info|2019-11-14 00:29:27.083104|[g:1][CONSENSUS][PBFT]checkAndChangeView: Reach consensus,org_view=98558,org_changeCycle=0,cur_changeCycle=0,to_view=98559
info|2019-11-14 00:29:28.083479|[g:1][CONSENSUS]addRawPrepare,height=1,reqIdx=3,hash=842787e6...
info|2019-11-14 00:29:28.083981|[g:1][CONSENSUS][PBFT]checkTimeout Succ,view=98559,toView=98560,nodeIdx=1,changeCycle=0,myNode=2dce86f9...,timecost=0.373
info|2019-11-14 00:29:28.085382|[g:1][CONSENSUS][PBFT]checkAndChangeView: Reach consensus,org_view=98559,org_changeCycle=0,cur_changeCycle=0,to_view=98560
info|2019-11-14 00:29:29.020952|[P2P][Service] heartBeat,connected count=3
info|2019-11-14 00:29:29.087225|[g:1][CONSENSUS]addRawPrepare,height=1,reqIdx=0,hash=3c154094...
info|2019-11-14 00:29:29.088525|[g:1][CONSENSUS][PBFT]checkTimeout Succ,view=98560,toView=98561,nodeIdx=1,changeCycle=0,myNode=2dce86f9...,timecost=1.182
info|2019-11-14 00:29:29.089944|[g:1][CONSENSUS][PBFT]checkAndChangeView: Reach consensus,org_view=98560,org_changeCycle=0,cur_changeCycle=0,to_view=98561
info|2019-11-14 00:29:30.089531|[g:1][CONSENSUS][SEALER]++++++++++++++++ Generating seal on,blkNum=1,tx=0,nodeIdx=1,hash=b9e8cb68...
info|2019-11-14 00:29:30.092257|[g:1][CONSENSUS][PBFT]checkTimeout Succ,view=98561,toView=98562,nodeIdx=1,changeCycle=0,myNode=2dce86f9...,timecost=0.482
info|2019-11-14 00:29:30.093791|[g:1][CONSENSUS][PBFT]checkAndChangeView: Reach consensus,org_view=98561,org_changeCycle=0,cur_changeCycle=0,to_view=98562
info|2019-11-14 00:29:31.095400|[g:1][CONSENSUS]addRawPrepare,height=1,reqIdx=2,hash=9a0cfc5e...
info|2019-11-14 00:29:31.096353|[g:1][CONSENSUS][PBFT]checkTimeout Succ,view=98562,toView=98563,nodeIdx=1,changeCycle=0,myNode=2dce86f9...,timecost=0.69
info|2019-11-14 00:29:31.097740|[g:1][CONSENSUS][PBFT]checkAndChangeView: Reach consensus,org_view=98562,org_changeCycle=0,cur_changeCycle=0,to_view=98563
info|2019-11-14 00:29:32.099600|[g:1][CONSENSUS]addRawPrepare,height=1,reqIdx=3,hash=6baa73da...
info|2019-11-14 00:29:32.100220|[g:1][CONSENSUS][PBFT]checkTimeout Succ,view=98563,toView=98564,nodeIdx=1,changeCycle=0,myNode=2dce86f9...,timecost=0.483
info|2019-11-14 00:29:32.101824|[g:1][CONSENSUS][PBFT]checkAndChangeView: Reach consensus,org_view=98563,org_changeCycle=0,cur_changeCycle=0,to_view=98564
info|2019-11-14 00:29:33.102604|[g:1][CONSENSUS]addRawPrepare,height=1,reqIdx=0,hash=bffbbc13...
info|2019-11-14 00:29:33.103227|[g:1][CONSENSUS][PBFT]checkTimeout Succ,view=98564,toView=98565,nodeIdx=1,changeCycle=0,myNode=2dce86f9...,timecost=0.479
info|2019-11-14 00:29:33.104634|[g:1][CONSENSUS][PBFT]checkAndChangeView: Reach consensus,org_view=98564,org_changeCycle=0,cur_changeCycle=0,to_view=98565
info|2019-11-14 00:29:34.104527|[g:1][CONSENSUS][SEALER]++++++++++++++++ Generating seal on,blkNum=1,tx=0,nodeIdx=1,hash=542fced6...
info|2019-11-14 00:29:34.107407|[g:1][CONSENSUS][PBFT]checkTimeout Succ,view=98565,toView=98566,nodeIdx=1,changeCycle=0,myNode=2dce86f9...,timecost=0.595
info|2019-11-14 00:29:34.108802|[g:1][CONSENSUS][PBFT]checkAndChangeView: Reach consensus,org_view=98565,org_changeCycle=0,cur_changeCycle=0,to_view=98566
info|2019-11-14 00:29:35.110877|[g:1][CONSENSUS]addRawPrepare,height=1,reqIdx=2,hash=5e3543bb...
info|2019-11-14 00:29:35.111553|[g:1][CONSENSUS][PBFT]checkTimeout Succ,view=98566,toView=98567,nodeIdx=1,changeCycle=0,myNode=2dce86f9...,timecost=0.516
info|2019-11-14 00:29:35.112956|[g:1][CONSENSUS][PBFT]checkAndChangeView: Reach consensus,org_view=98566,org_changeCycle=0,cur_changeCycle=0,to_view=98567
info|2019-11-14 00:29:36.115809|[g:1][CONSENSUS]addRawPrepare,height=1,reqIdx=3,hash=e09dded7...
info|2019-11-14 00:29:36.116505|[g:1][CONSENSUS][PBFT]checkTimeout Succ,view=98567,toView=98568,nodeIdx=1,changeCycle=0,myNode=2dce86f9...,timecost=0.514
info|2019-11-14 00:29:36.118160|[g:1][CONSENSUS][PBFT]checkAndChangeView: Reach consensus,org_view=98567,org_changeCycle=0,cur_changeCycle=0,to_view=98568
info|2019-11-14 00:29:37.120113|[g:1][CONSENSUS]addRawPrepare,height=1,reqIdx=0,hash=51c0b78b...
info|2019-11-14 00:29:37.120749|[g:1][CONSENSUS][PBFT]checkTimeout Succ,view=98568,toView=98569,nodeIdx=1,changeCycle=0,myNode=2dce86f9...,timecost=0.468
info|2019-11-14 00:29:37.122281|[g:1][CONSENSUS][PBFT]checkAndChangeView: Reach consensus,org_view=98568,org_changeCycle=0,cur_changeCycle=0,to_view=98569
info|2019-11-14 00:29:38.123051|[g:1][CONSENSUS][SEALER]++++++++++++++++ Generating seal on,blkNum=1,tx=0,nodeIdx=1,hash=c1e547ff...
info|2019-11-14 00:29:38.124043|[g:1][CONSENSUS][PBFT]checkTimeout Succ,view=98569,toView=98570,nodeIdx=1,changeCycle=0,myNode=2dce86f9...,timecost=0.518
info|2019-11-14 00:29:38.126834|[g:1][CONSENSUS][PBFT]checkAndChangeView: Reach consensus,org_view=98569,org_changeCycle=0,cur_changeCycle=0,to_view=98570
info|2019-11-14 00:29:39.029437|[P2P][Service] heartBeat,connected count=3
info|2019-11-14 00:29:39.129327|[g:1][CONSENSUS]addRawPrepare,height=1,reqIdx=2,hash=21d59f3e...
info|2019-11-14 00:29:39.130529|[g:1][CONSENSUS][PBFT]checkTimeout Succ,view=98570,toView=98571,nodeIdx=1,changeCycle=0,myNode=2dce86f9...,timecost=1.026
info|2019-11-14 00:29:39.132008|[g:1][CONSENSUS][PBFT]checkAndChangeView: Reach consensus,org_view=98570,org_changeCycle=0,cur_changeCycle=0,to_view=98571
info|2019-11-14 00:29:40.132690|[g:1][CONSENSUS]addRawPrepare,height=1,reqIdx=3,hash=0000e2e6...
info|2019-11-14 00:29:40.133349|[g:1][CONSENSUS][PBFT]checkTimeout Succ,view=98571,toView=98572,nodeIdx=1,changeCycle=0,myNode=2dce86f9...,timecost=0.536
info|2019-11-14 00:29:40.134677|[g:1][CONSENSUS][PBFT]checkAndChangeView: Reach consensus,org_view=98571,org_changeCycle=0,cur_changeCycle=0,to_view=98572
info|2019-11-14 00:29:41.136299|[g:1][CONSENSUS]addRawPrepare,height=1,reqIdx=0,hash=92ff7158...
info|2019-11-14 00:29:41.136916|[g:1][CONSENSUS][PBFT]checkTimeout Succ,view=98572,toView=98573,nodeIdx=1,changeCycle=0,myNode=2dce86f9...,timecost=0.479
info|2019-11-14 00:29:41.138389|[g:1][CONSENSUS][PBFT]checkAndChangeView: Reach consensus,org_view=98572,org_changeCycle=0,cur_changeCycle=0,to_view=98573
info|2019-11-14 00:29:42.139744|[g:1][CONSENSUS][SEALER]++++++++++++++++ Generating seal on,blkNum=1,tx=0,nodeIdx=1,hash=561b2203...
info|2019-11-14 00:29:42.142422|[g:1][CONSENSUS][PBFT]checkTimeout Succ,view=98573,toView=98574,nodeIdx=1,changeCycle=0,myNode=2dce86f9...,timecost=0.445
info|2019-11-14 00:29:42.143856|[g:1][CONSENSUS][PBFT]checkAndChangeView: Reach consensus,org_view=98573,org_changeCycle=0,cur_changeCycle=0,to_view=98574
info|2019-11-14 00:29:43.145607|[g:1][CONSENSUS]addRawPrepare,height=1,reqIdx=2,hash=ee4f0603...
info|2019-11-14 00:29:43.146234|[g:1][CONSENSUS][PBFT]checkTimeout Succ,view=98574,toView=98575,nodeIdx=1,changeCycle=0,myNode=2dce86f9...,timecost=0.501
info|2019-11-14 00:29:43.147907|[g:1][CONSENSUS][PBFT]checkAndChangeView: Reach consensus,org_view=98574,org_changeCycle=0,cur_changeCycle=0,to_view=98575
info|2019-11-14 00:29:44.149562|[g:1][CONSENSUS]addRawPrepare,height=1,reqIdx=3,hash=defcee6a...
info|2019-11-14 00:29:44.150221|[g:1][CONSENSUS][PBFT]checkTimeout Succ,view=98575,toView=98576,nodeIdx=1,changeCycle=0,myNode=2dce86f9...,timecost=0.488
info|2019-11-14 00:29:44.151714|[g:1][CONSENSUS][PBFT]checkAndChangeView: Reach consensus,org_view=98575,org_changeCycle=0,cur_changeCycle=0,to_view=98576
info|2019-11-14 00:29:45.153715|[g:1][CONSENSUS]addRawPrepare,height=1,reqIdx=0,hash=bdfea59d...
info|2019-11-14 00:29:45.154307|[g:1][CONSENSUS][PBFT]checkTimeout Succ,view=98576,toView=98577,nodeIdx=1,changeCycle=0,myNode=2dce86f9...,timecost=0.439
info|2019-11-14 00:29:45.155548|[g:1][CONSENSUS][PBFT]checkAndChangeView: Reach consensus,org_view=98576,org_changeCycle=0,cur_changeCycle=0,to_view=98577
info|2019-11-14 00:29:46.155747|[g:1][CONSENSUS][SEALER]++++++++++++++++ Generating seal on,blkNum=1,tx=0,nodeIdx=1,hash=10c59ea4...
info|2019-11-14 00:29:46.158784|[g:1][CONSENSUS][PBFT]checkTimeout Succ,view=98577,toView=98578,nodeIdx=1,changeCycle=0,myNode=2dce86f9...,timecost=0.499
info|2019-11-14 00:29:46.159619|[g:1][CONSENSUS][PBFT]checkAndChangeView: Reach consensus,org_view=98577,org_changeCycle=0,cur_changeCycle=0,to_view=98578
info|2019-11-14 00:29:47.160300|[g:1][CONSENSUS]addRawPrepare,height=1,reqIdx=2,hash=d554ae4e...
info|2019-11-14 00:29:47.160981|[g:1][CONSENSUS][PBFT]checkTimeout Succ,view=98578,toView=98579,nodeIdx=1,changeCycle=0,myNode=2dce86f9...,timecost=0.5
info|2019-11-14 00:29:47.162584|[g:1][CONSENSUS][PBFT]checkAndChangeView: Reach consensus,org_view=98578,org_changeCycle=0,cur_changeCycle=0,to_view=98579
info|2019-11-14 00:29:48.163418|[g:1][CONSENSUS]addRawPrepare,height=1,reqIdx=3,hash=5ac9cfcb...
info|2019-11-14 00:29:48.164086|[g:1][CONSENSUS][PBFT]checkTimeout Succ,view=98579,toView=98580,nodeIdx=1,changeCycle=0,myNode=2dce86f9...,timecost=0.533
info|2019-11-14 00:29:48.165767|[g:1][CONSENSUS][PBFT]checkAndChangeView: Reach consensus,org_view=98579,org_changeCycle=0,cur_changeCycle=0,to_view=98580
info|2019-11-14 00:29:49.036323|[P2P][Service] heartBeat,connected count=3
info|2019-11-14 00:29:49.167161|[g:1][CONSENSUS]addRawPrepare,height=1,reqIdx=0,hash=2478f779...
info|2019-11-14 00:29:49.167786|[g:1][CONSENSUS][PBFT]checkTimeout Succ,view=98580,toView=98581,nodeIdx=1,changeCycle=0,myNode=2dce86f9...,timecost=0.498
info|2019-11-14 00:29:49.169294|[g:1][CONSENSUS][PBFT]checkAndChangeView: Reach consensus,org_view=98580,org_changeCycle=0,cur_changeCycle=0,to_view=98581
info|2019-11-14 00:29:50.680764|[g:1][CONSENSUS][SEALER]++++++++++++++++ Generating seal on,blkNum=1,tx=0,nodeIdx=1,hash=fbb1930b...
info|2019-11-14 00:29:50.682845|[g:1][CONSENSUS][PBFT]checkTimeout Succ,view=98581,toView=98582,nodeIdx=1,changeCycle=0,myNode=2dce86f9...,timecost=0.595
info|2019-11-14 00:29:50.685597|[g:1][CONSENSUS][PBFT]checkAndChangeView: Reach consensus,org_view=98581,org_changeCycle=0,cur_changeCycle=0,to_view=98582
info|2019-11-14 00:29:51.686956|[g:1][CONSENSUS]addRawPrepare,height=1,reqIdx=2,hash=29f13373...
info|2019-11-14 00:29:51.687443|[g:1][CONSENSUS][PBFT]checkTimeout Succ,view=98582,toView=98583,nodeIdx=1,changeCycle=0,myNode=2dce86f9...,timecost=0.379
info|2019-11-14 00:29:51.688703|[g:1][CONSENSUS][PBFT]checkAndChangeView: Reach consensus,org_view=98582,org_changeCycle=0,cur_changeCycle=0,to_view=98583
info|2019-11-14 00:29:52.689347|[g:1][CONSENSUS]addRawPrepare,height=1,reqIdx=3,hash=8ec12f2d...
info|2019-11-14 00:29:52.690114|[g:1][CONSENSUS][PBFT]checkTimeout Succ,view=98583,toView=98584,nodeIdx=1,changeCycle=0,myNode=2dce86f9...,timecost=0.722
info|2019-11-14 00:29:52.691646|[g:1][CONSENSUS][PBFT]checkAndChangeView: Reach consensus,org_view=98583,org_changeCycle=0,cur_changeCycle=0,to_view=98584
info|2019-11-14 00:29:53.692879|[g:1][CONSENSUS]addRawPrepare,height=1,reqIdx=0,hash=70c8ce96...
info|2019-11-14 00:29:53.693521|[g:1][CONSENSUS][PBFT]checkTimeout Succ,view=98584,toView=98585,nodeIdx=1,changeCycle=0,myNode=2dce86f9...,timecost=0.489
info|2019-11-14 00:29:53.695048|[g:1][CONSENSUS][PBFT]checkAndChangeView: Reach consensus,org_view=98584,org_changeCycle=0,cur_changeCycle=0,to_view=98585
info|2019-11-14 00:29:54.696240|[g:1][CONSENSUS][SEALER]++++++++++++++++ Generating seal on,blkNum=1,tx=0,nodeIdx=1,hash=2cb53194...
info|2019-11-14 00:29:54.697148|[g:1][CONSENSUS][PBFT]checkTimeout Succ,view=98585,toView=98586,nodeIdx=1,changeCycle=0,myNode=2dce86f9...,timecost=0.454
info|2019-11-14 00:29:54.699602|[g:1][CONSENSUS][PBFT]checkAndChangeView: Reach consensus,org_view=98585,org_changeCycle=0,cur_changeCycle=0,to_view=98586
info|2019-11-14 00:29:55.701534|[g:1][CONSENSUS]addRawPrepare,height=1,reqIdx=2,hash=955183f9...
info|2019-11-14 00:29:55.702455|[g:1][CONSENSUS][PBFT]checkTimeout Succ,view=98586,toView=98587,nodeIdx=1,changeCycle=0,myNode=2dce86f9...,timecost=0.654
info|2019-11-14 00:29:55.704107|[g:1][CONSENSUS][PBFT]checkAndChangeView: Reach consensus,org_view=98586,org_changeCycle=0,cur_changeCycle=0,to_view=98587
info|2019-11-14 00:29:56.706053|[g:1][CONSENSUS]addRawPrepare,height=1,reqIdx=3,hash=91f9675b...
info|2019-11-14 00:29:56.706706|[g:1][CONSENSUS][PBFT]checkTimeout Succ,view=98587,toView=98588,nodeIdx=1,changeCycle=0,myNode=2dce86f9...,timecost=0.484
info|2019-11-14 00:29:56.707944|[g:1][CONSENSUS][PBFT]checkAndChangeView: Reach consensus,org_view=98587,org_changeCycle=0,cur_changeCycle=0,to_view=98588
info|2019-11-14 00:29:57.708556|[g:1][CONSENSUS]addRawPrepare,height=1,reqIdx=0,hash=490139a8...
info|2019-11-14 00:29:57.709090|[g:1][CONSENSUS][PBFT]checkTimeout Succ,view=98588,toView=98589,nodeIdx=1,changeCycle=0,myNode=2dce86f9...,timecost=0.408
info|2019-11-14 00:29:57.710318|[g:1][CONSENSUS][PBFT]checkAndChangeView: Reach consensus,org_view=98588,org_changeCycle=0,cur_changeCycle=0,to_view=98589
info|2019-11-14 00:29:58.710829|[g:1][CONSENSUS][SEALER]++++++++++++++++ Generating seal on,blkNum=1,tx=0,nodeIdx=1,hash=2d88c47d...
info|2019-11-14 00:29:58.713340|[g:1][CONSENSUS][PBFT]checkTimeout Succ,view=98589,toView=98590,nodeIdx=1,changeCycle=0,myNode=2dce86f9...,timecost=0.385
info|2019-11-14 00:29:58.714748|[g:1][CONSENSUS][PBFT]checkAndChangeView: Reach consensus,org_view=98589,org_changeCycle=0,cur_changeCycle=0,to_view=98590
info|2019-11-14 00:29:59.045326|[P2P][Service] heartBeat,connected count=3
info|2019-11-14 00:29:59.716825|[g:1][CONSENSUS]addRawPrepare,height=1,reqIdx=2,hash=20ae37bf...
info|2019-11-14 00:29:59.717422|[g:1][CONSENSUS][PBFT]checkTimeout Succ,view=98590,toView=98591,nodeIdx=1,changeCycle=0,myNode=2dce86f9...,timecost=0.457
info|2019-11-14 00:29:59.718954|[g:1][CONSENSUS][PBFT]checkAndChangeView: Reach consensus,org_view=98590,org_changeCycle=0,cur_changeCycle=0,to_view=98591
info|2019-11-14 00:30:00.720464|[g:1][CONSENSUS]addRawPrepare,height=1,reqIdx=3,hash=1f010c48...
info|2019-11-14 00:30:00.721057|[g:1][CONSENSUS][PBFT]checkTimeout Succ,view=98591,toView=98592,nodeIdx=1,changeCycle=0,myNode=2dce86f9...,timecost=0.43
info|2019-11-14 00:30:00.722418|[g:1][CONSENSUS][PBFT]checkAndChangeView: Reach consensus,org_view=98591,org_changeCycle=0,cur_changeCycle=0,to_view=98592
info|2019-11-14 00:30:01.724560|[g:1][CONSENSUS]addRawPrepare,height=1,reqIdx=0,hash=379c70fc...
info|2019-11-14 00:30:01.725125|[g:1][CONSENSUS][PBFT]checkTimeout Succ,view=98592,toView=98593,nodeIdx=1,changeCycle=0,myNode=2dce86f9...,timecost=0.427
info|2019-11-14 00:30:01.726795|[g:1][CONSENSUS][PBFT]checkAndChangeView: Reach consensus,org_view=98592,org_changeCycle=0,cur_changeCycle=0,to_view=98593
info|2019-11-14 00:30:02.727055|[g:1][CONSENSUS][SEALER]++++++++++++++++ Generating seal on,blkNum=1,tx=0,nodeIdx=1,hash=db7a88ea...
info|2019-11-14 00:30:02.730391|[g:1][CONSENSUS][PBFT]checkTimeout Succ,view=98593,toView=98594,nodeIdx=1,changeCycle=0,myNode=2dce86f9...,timecost=0.491
info|2019-11-14 00:30:02.731167|[g:1][CONSENSUS][PBFT]checkAndChangeView: Reach consensus,org_view=98593,org_changeCycle=0,cur_changeCycle=0,to_view=98594
info|2019-11-14 00:30:03.732434|[g:1][CONSENSUS]addRawPrepare,height=1,reqIdx=2,hash=2e6bb204...
info|2019-11-14 00:30:03.733012|[g:1][CONSENSUS][PBFT]checkTimeout Succ,view=98594,toView=98595,nodeIdx=1,changeCycle=0,myNode=2dce86f9...,timecost=0.417
info|2019-11-14 00:30:03.734449|[g:1][CONSENSUS][PBFT]checkAndChangeView: Reach consensus,org_view=98594,org_changeCycle=0,cur_changeCycle=0,to_view=98595
info|2019-11-14 00:30:04.735278|[g:1][CONSENSUS]addRawPrepare,height=1,reqIdx=3,hash=a32eaa23...
info|2019-11-14 00:30:04.735668|[g:1][CONSENSUS][PBFT]checkTimeout Succ,view=98595,toView=98596,nodeIdx=1,changeCycle=0,myNode=2dce86f9...,timecost=0.293
info|2019-11-14 00:30:04.737137|[g:1][CONSENSUS][PBFT]checkAndChangeView: Reach consensus,org_view=98595,org_changeCycle=0,cur_changeCycle=0,to_view=98596
info|2019-11-14 00:30:05.738918|[g:1][CONSENSUS]addRawPrepare,height=1,reqIdx=0,hash=2a5728b9...
info|2019-11-14 00:30:05.739514|[g:1][CONSENSUS][PBFT]checkTimeout Succ,view=98596,toView=98597,nodeIdx=1,changeCycle=0,myNode=2dce86f9...,timecost=0.443
info|2019-11-14 00:30:05.740713|[g:1][CONSENSUS][PBFT]checkAndChangeView: Reach consensus,org_view=98596,org_changeCycle=0,cur_changeCycle=0,to_view=98597
info|2019-11-14 00:30:06.740513|[g:1][CONSENSUS][SEALER]++++++++++++++++ Generating seal on,blkNum=1,tx=0,nodeIdx=1,hash=2fa397c4...
info|2019-11-14 00:30:06.741533|[g:1][CONSENSUS][PBFT]checkTimeout Succ,view=98597,toView=98598,nodeIdx=1,changeCycle=0,myNode=2dce86f9...,timecost=0.442
info|2019-11-14 00:30:06.744258|[g:1][CONSENSUS][PBFT]checkAndChangeView: Reach consensus,org_view=98597,org_changeCycle=0,cur_changeCycle=0,to_view=98598
info|2019-11-14 00:30:07.746460|[g:1][CONSENSUS]addRawPrepare,height=1,reqIdx=2,hash=d59d3cdc...
info|2019-11-14 00:30:07.747058|[g:1][CONSENSUS][PBFT]checkTimeout Succ,view=98598,toView=98599,nodeIdx=1,changeCycle=0,myNode=2dce86f9...,timecost=0.442
info|2019-11-14 00:30:07.748849|[g:1][CONSENSUS][PBFT]checkAndChangeView: Reach consensus,org_view=98598,org_changeCycle=0,cur_changeCycle=0,to_view=98599
info|2019-11-14 00:30:08.750949|[g:1][CONSENSUS]addRawPrepare,height=1,reqIdx=3,hash=be676d2c...
info|2019-11-14 00:30:08.751580|[g:1][CONSENSUS][PBFT]checkTimeout Succ,view=98599,toView=98600,nodeIdx=1,changeCycle=0,myNode=2dce86f9...,timecost=0.483
info|2019-11-14 00:30:08.752854|[g:1][CONSENSUS][PBFT]checkAndChangeView: Reach consensus,org_view=98599,org_changeCycle=0,cur_changeCycle=0,to_view=98600
info|2019-11-14 00:30:09.049914|[P2P][Service] heartBeat,connected count=3
info|2019-11-14 00:30:09.754044|[g:1][CONSENSUS]addRawPrepare,height=1,reqIdx=0,hash=3f5e8300...
info|2019-11-14 00:30:09.754513|[g:1][CONSENSUS][PBFT]checkTimeout Succ,view=98600,toView=98601,nodeIdx=1,changeCycle=0,myNode=2dce86f9...,timecost=0.343
info|2019-11-14 00:30:09.755821|[g:1][CONSENSUS][PBFT]checkAndChangeView: Reach consensus,org_view=98600,org_changeCycle=0,cur_changeCycle=0,to_view=98601
info|2019-11-14 00:30:10.756327|[g:1][CONSENSUS][SEALER]++++++++++++++++ Generating seal on,blkNum=1,tx=0,nodeIdx=1,hash=f4e80667...
info|2019-11-14 00:30:10.759320|[g:1][CONSENSUS][PBFT]checkTimeout Succ,view=98601,toView=98602,nodeIdx=1,changeCycle=0,myNode=2dce86f9...,timecost=0.443
info|2019-11-14 00:30:10.760076|[g:1][CONSENSUS][PBFT]checkAndChangeView: Reach consensus,org_view=98601,org_changeCycle=0,cur_changeCycle=0,to_view=98602
info|2019-11-14 00:30:11.761250|[g:1][CONSENSUS]addRawPrepare,height=1,reqIdx=2,hash=a416bd09...
info|2019-11-14 00:30:11.761867|[g:1][CONSENSUS][PBFT]checkTimeout Succ,view=98602,toView=98603,nodeIdx=1,changeCycle=0,myNode=2dce86f9...,timecost=0.433
info|2019-11-14 00:30:11.762830|[g:1][CONSENSUS][PBFT]checkAndChangeView: Reach consensus,org_view=98602,org_changeCycle=0,cur_changeCycle=0,to_view=98603
info|2019-11-14 00:30:12.764623|[g:1][CONSENSUS]addRawPrepare,height=1,reqIdx=3,hash=559a80d5...
info|2019-11-14 00:30:12.765261|[g:1][CONSENSUS][PBFT]checkTimeout Succ,view=98603,toView=98604,nodeIdx=1,changeCycle=0,myNode=2dce86f9...,timecost=0.504
info|2019-11-14 00:30:12.766728|[g:1][CONSENSUS][PBFT]checkAndChangeView: Reach consensus,org_view=98603,org_changeCycle=0,cur_changeCycle=0,to_view=98604
info|2019-11-14 00:30:13.769244|[g:1][CONSENSUS]addRawPrepare,height=1,reqIdx=0,hash=60eeaac8...
info|2019-11-14 00:30:13.769937|[g:1][CONSENSUS][PBFT]checkTimeout Succ,view=98604,toView=98605,nodeIdx=1,changeCycle=0,myNode=2dce86f9...,timecost=0.512
info|2019-11-14 00:30:13.771412|[g:1][CONSENSUS][PBFT]checkAndChangeView: Reach consensus,org_view=98604,org_changeCycle=0,cur_changeCycle=0,to_view=98605
info|2019-11-14 00:30:14.771573|[g:1][CONSENSUS][SEALER]++++++++++++++++ Generating seal on,blkNum=1,tx=0,nodeIdx=1,hash=c5ef96b5...
info|2019-11-14 00:30:14.773925|[g:1][CONSENSUS][PBFT]checkTimeout Succ,view=98605,toView=98606,nodeIdx=1,changeCycle=0,myNode=2dce86f9...,timecost=0.411
info|2019-11-14 00:30:14.774603|[g:1][CONSENSUS][PBFT]checkAndChangeView: Reach consensus,org_view=98605,org_changeCycle=0,cur_changeCycle=0,to_view=98606
info|2019-11-14 00:30:15.776256|[g:1][CONSENSUS]addRawPrepare,height=1,reqIdx=2,hash=c60e6f52...
info|2019-11-14 00:30:15.776770|[g:1][CONSENSUS][PBFT]checkTimeout Succ,view=98606,toView=98607,nodeIdx=1,changeCycle=0,myNode=2dce86f9...,timecost=0.354
info|2019-11-14 00:30:15.778049|[g:1][CONSENSUS][PBFT]checkAndChangeView: Reach consensus,org_view=98606,org_changeCycle=0,cur_changeCycle=0,to_view=98607
info|2019-11-14 00:30:16.780280|[g:1][CONSENSUS]addRawPrepare,height=1,reqIdx=3,hash=6b72fa2a...
info|2019-11-14 00:30:16.781069|[g:1][CONSENSUS][PBFT]checkTimeout Succ,view=98607,toView=98608,nodeIdx=1,changeCycle=0,myNode=2dce86f9...,timecost=0.662
info|2019-11-14 00:30:16.782522|[g:1][CONSENSUS][PBFT]checkAndChangeView: Reach consensus,org_view=98607,org_changeCycle=0,cur_changeCycle=0,to_view=98608
