warning|2019-12-12 02:57:42.005638|[g:1][CONSENSUS][PBFT]ViewChangeWarning: not caused by omit empty block ,v=49105,toV=49106,curNum=5,hash=a9fec021...,nodeIdx=1,myNode=2dce86f9...
info|2019-12-12 02:57:42.007784|[g:1][CONSENSUS][PBFT]checkTimeout Succ,view=49105,toView=49106,nodeIdx=1,changeCycle=1,myNode=2dce86f9...,timecost=5.727
info|2019-12-12 02:57:42.008396|[P2P][Service] heartBeat,connected count=3
info|2019-12-12 02:57:42.010532|[g:1][CONSENSUS][PBFT]checkAndChangeView: Reach consensus,org_view=49105,org_changeCycle=1,cur_changeCycle=1,to_view=49106
info|2019-12-12 02:57:43.013607|[g:1][CONSENSUS]addRawPrepare,height=6,reqIdx=3,hash=cd3d8730...
info|2019-12-12 02:57:43.014149|[g:1][CONSENSUS][PBFT]checkTimeout Succ,view=49106,toView=49107,nodeIdx=1,changeCycle=0,myNode=2dce86f9...,timecost=0.361
info|2019-12-12 02:57:43.015203|[g:1][CONSENSUS][PBFT]checkAndChangeView: Reach consensus,org_view=49106,org_changeCycle=0,cur_changeCycle=0,to_view=49107
info|2019-12-12 02:57:44.016387|[g:1][CONSENSUS]addRawPrepare,height=6,reqIdx=0,hash=70b800d0...
info|2019-12-12 02:57:44.016863|[g:1][CONSENSUS][PBFT]checkTimeout Succ,view=49107,toView=49108,nodeIdx=1,changeCycle=0,myNode=2dce86f9...,timecost=0.379
info|2019-12-12 02:57:44.018212|[g:1][CONSENSUS][PBFT]checkAndChangeView: Reach consensus,org_view=49107,org_changeCycle=0,cur_changeCycle=0,to_view=49108
info|2019-12-12 02:57:45.019476|[g:1][CONSENSUS][SEALER]++++++++++++++++ Generating seal on,blkNum=6,tx=0,nodeIdx=1,hash=802fef10...
info|2019-12-12 02:57:45.020196|[g:1][CONSENSUS][PBFT]checkTimeout Succ,view=49108,toView=49109,nodeIdx=1,changeCycle=0,myNode=2dce86f9...,timecost=0.404
info|2019-12-12 02:57:45.022831|[g:1][CONSENSUS][PBFT]checkAndChangeView: Reach consensus,org_view=49108,org_changeCycle=0,cur_changeCycle=0,to_view=49109
info|2019-12-12 02:57:46.024165|[g:1][CONSENSUS]addRawPrepare,height=6,reqIdx=2,hash=1b2254ab...
info|2019-12-12 02:57:46.024668|[g:1][CONSENSUS][PBFT]checkTimeout Succ,view=49109,toView=49110,nodeIdx=1,changeCycle=0,myNode=2dce86f9...,timecost=0.353
info|2019-12-12 02:57:46.025928|[g:1][CONSENSUS][PBFT]checkAndChangeView: Reach consensus,org_view=49109,org_changeCycle=0,cur_changeCycle=0,to_view=49110
info|2019-12-12 02:57:47.028612|[g:1][CONSENSUS]addRawPrepare,height=6,reqIdx=3,hash=d5b51f3e...
info|2019-12-12 02:57:47.029791|[g:1][CONSENSUS][PBFT]checkTimeout Succ,view=49110,toView=49111,nodeIdx=1,changeCycle=0,myNode=2dce86f9...,timecost=1.02
info|2019-12-12 02:57:47.031535|[g:1][CONSENSUS][PBFT]checkAndChangeView: Reach consensus,org_view=49110,org_changeCycle=0,cur_changeCycle=0,to_view=49111
info|2019-12-12 02:57:48.032599|[g:1][CONSENSUS]addRawPrepare,height=6,reqIdx=0,hash=6fa7053e...
info|2019-12-12 02:57:48.033207|[g:1][CONSENSUS][PBFT]checkTimeout Succ,view=49111,toView=49112,nodeIdx=1,changeCycle=0,myNode=2dce86f9...,timecost=0.459
info|2019-12-12 02:57:48.034205|[g:1][CONSENSUS][PBFT]checkAndChangeView: Reach consensus,org_view=49111,org_changeCycle=0,cur_changeCycle=0,to_view=49112
info|2019-12-12 02:57:49.035307|[g:1][CONSENSUS][SEALER]++++++++++++++++ Generating seal on,blkNum=6,tx=0,nodeIdx=1,hash=b89a8c03...
info|2019-12-12 02:57:49.036032|[g:1][CONSENSUS][PBFT]checkTimeout Succ,view=49112,toView=49113,nodeIdx=1,changeCycle=0,myNode=2dce86f9...,timecost=0.3
info|2019-12-12 02:57:49.037868|[g:1][CONSENSUS][PBFT]checkAndChangeView: Reach consensus,org_view=49112,org_changeCycle=0,cur_changeCycle=0,to_view=49113
info|2019-12-12 02:57:50.038446|[g:1][CONSENSUS]addRawPrepare,height=6,reqIdx=2,hash=d6c191e4...
info|2019-12-12 02:57:50.038933|[g:1][CONSENSUS][PBFT]checkTimeout Succ,view=49113,toView=49114,nodeIdx=1,changeCycle=0,myNode=2dce86f9...,timecost=0.388
info|2019-12-12 02:57:50.040163|[g:1][CONSENSUS][PBFT]checkAndChangeView: Reach consensus,org_view=49113,org_changeCycle=0,cur_changeCycle=0,to_view=49114
info|2019-12-12 02:57:51.042558|[g:1][CONSENSUS]addRawPrepare,height=6,reqIdx=3,hash=85e87dd8...
info|2019-12-12 02:57:51.043768|[g:1][CONSENSUS][PBFT]checkTimeout Succ,view=49114,toView=49115,nodeIdx=1,changeCycle=0,myNode=2dce86f9...,timecost=1.078
info|2019-12-12 02:57:51.045003|[g:1][CONSENSUS][PBFT]checkAndChangeView: Reach consensus,org_view=49114,org_changeCycle=0,cur_changeCycle=0,to_view=49115
info|2019-12-12 02:57:52.016060|[P2P][Service] heartBeat,connected count=3
info|2019-12-12 02:57:52.046062|[g:1][CONSENSUS]addRawPrepare,height=6,reqIdx=0,hash=704fb71a...
info|2019-12-12 02:57:52.046739|[g:1][CONSENSUS][PBFT]checkTimeout Succ,view=49115,toView=49116,nodeIdx=1,changeCycle=0,myNode=2dce86f9...,timecost=0.607
info|2019-12-12 02:57:52.047999|[g:1][CONSENSUS][PBFT]checkAndChangeView: Reach consensus,org_view=49115,org_changeCycle=0,cur_changeCycle=0,to_view=49116
info|2019-12-12 02:57:53.049431|[g:1][CONSENSUS][SEALER]++++++++++++++++ Generating seal on,blkNum=6,tx=0,nodeIdx=1,hash=2676e55e...
info|2019-12-12 02:57:53.052245|[g:1][CONSENSUS][PBFT]checkTimeout Succ,view=49116,toView=49117,nodeIdx=1,changeCycle=0,myNode=2dce86f9...,timecost=0.544
info|2019-12-12 02:57:53.054004|[g:1][CONSENSUS][PBFT]checkAndChangeView: Reach consensus,org_view=49116,org_changeCycle=0,cur_changeCycle=0,to_view=49117
info|2019-12-12 02:57:54.055555|[g:1][CONSENSUS]addRawPrepare,height=6,reqIdx=2,hash=11ee3fda...
info|2019-12-12 02:57:54.056566|[g:1][CONSENSUS][PBFT]checkTimeout Succ,view=49117,toView=49118,nodeIdx=1,changeCycle=0,myNode=2dce86f9...,timecost=0.779
info|2019-12-12 02:57:54.059017|[g:1][CONSENSUS][PBFT]checkAndChangeView: Reach consensus,org_view=49117,org_changeCycle=0,cur_changeCycle=0,to_view=49118
info|2019-12-12 02:57:55.060821|[g:1][CONSENSUS]addRawPrepare,height=6,reqIdx=3,hash=63a620a5...
info|2019-12-12 02:57:55.061708|[g:1][CONSENSUS][PBFT]checkTimeout Succ,view=49118,toView=49119,nodeIdx=1,changeCycle=0,myNode=2dce86f9...,timecost=0.646
info|2019-12-12 02:57:55.065918|[g:1][CONSENSUS][PBFT]checkAndChangeView: Reach consensus,org_view=49118,org_changeCycle=0,cur_changeCycle=0,to_view=49119
info|2019-12-12 02:57:56.067479|[g:1][CONSENSUS]addRawPrepare,height=6,reqIdx=0,hash=acbd71d1...
info|2019-12-12 02:57:56.068382|[g:1][CONSENSUS][PBFT]checkTimeout Succ,view=49119,toView=49120,nodeIdx=1,changeCycle=0,myNode=2dce86f9...,timecost=0.714
info|2019-12-12 02:57:56.070581|[g:1][CONSENSUS][PBFT]checkAndChangeView: Reach consensus,org_view=49119,org_changeCycle=0,cur_changeCycle=0,to_view=49120
info|2019-12-12 02:57:57.070352|[g:1][CONSENSUS][SEALER]++++++++++++++++ Generating seal on,blkNum=6,tx=0,nodeIdx=1,hash=bfad6052...
info|2019-12-12 02:57:57.072228|[g:1][CONSENSUS][PBFT]checkTimeout Succ,view=49120,toView=49121,nodeIdx=1,changeCycle=0,myNode=2dce86f9...,timecost=1.061
info|2019-12-12 02:57:57.077733|[g:1][CONSENSUS][PBFT]checkAndChangeView: Reach consensus,org_view=49120,org_changeCycle=0,cur_changeCycle=0,to_view=49121
info|2019-12-12 02:57:58.081589|[g:1][CONSENSUS]addRawPrepare,height=6,reqIdx=2,hash=9284944b...
info|2019-12-12 02:57:58.082738|[g:1][CONSENSUS][PBFT]checkTimeout Succ,view=49121,toView=49122,nodeIdx=1,changeCycle=0,myNode=2dce86f9...,timecost=0.931
info|2019-12-12 02:57:58.085780|[g:1][CONSENSUS][PBFT]checkAndChangeView: Reach consensus,org_view=49121,org_changeCycle=0,cur_changeCycle=0,to_view=49122
info|2019-12-12 02:57:59.090725|[g:1][CONSENSUS]addRawPrepare,height=6,reqIdx=3,hash=2cf7f6fd...
info|2019-12-12 02:57:59.094862|[g:1][CONSENSUS][PBFT]checkTimeout Succ,view=49122,toView=49123,nodeIdx=1,changeCycle=0,myNode=2dce86f9...,timecost=3.591
info|2019-12-12 02:57:59.098512|[g:1][CONSENSUS][PBFT]checkAndChangeView: Reach consensus,org_view=49122,org_changeCycle=0,cur_changeCycle=0,to_view=49123
info|2019-12-12 02:58:00.104012|[g:1][CONSENSUS]addRawPrepare,height=6,reqIdx=0,hash=037364b0...
info|2019-12-12 02:58:00.105950|[g:1][CONSENSUS][PBFT]checkTimeout Succ,view=49123,toView=49124,nodeIdx=1,changeCycle=0,myNode=2dce86f9...,timecost=1.571
info|2019-12-12 02:58:00.109683|[g:1][CONSENSUS][PBFT]checkAndChangeView: Reach consensus,org_view=49123,org_changeCycle=0,cur_changeCycle=0,to_view=49124
info|2019-12-12 02:58:01.110144|[g:1][CONSENSUS][SEALER]++++++++++++++++ Generating seal on,blkNum=6,tx=0,nodeIdx=1,hash=1c294f9f...
info|2019-12-12 02:58:01.116162|[g:1][CONSENSUS][PBFT]checkTimeout Succ,view=49124,toView=49125,nodeIdx=1,changeCycle=0,myNode=2dce86f9...,timecost=0.718
info|2019-12-12 02:58:01.119395|[g:1][CONSENSUS][PBFT]checkAndChangeView: Reach consensus,org_view=49124,org_changeCycle=0,cur_changeCycle=0,to_view=49125
info|2019-12-12 02:58:02.024668|[P2P][Service] heartBeat,connected count=3
info|2019-12-12 02:58:02.121875|[g:1][CONSENSUS]addRawPrepare,height=6,reqIdx=2,hash=c008261f...
info|2019-12-12 02:58:02.125919|[g:1][CONSENSUS][PBFT]checkTimeout Succ,view=49125,toView=49126,nodeIdx=1,changeCycle=0,myNode=2dce86f9...,timecost=1.327
info|2019-12-12 02:58:02.129686|[g:1][CONSENSUS][PBFT]checkAndChangeView: Reach consensus,org_view=49125,org_changeCycle=0,cur_changeCycle=0,to_view=49126
info|2019-12-12 02:58:03.131014|[g:1][CONSENSUS]addRawPrepare,height=6,reqIdx=3,hash=d3ede5c0...
info|2019-12-12 02:58:03.132483|[g:1][CONSENSUS][PBFT]checkTimeout Succ,view=49126,toView=49127,nodeIdx=1,changeCycle=0,myNode=2dce86f9...,timecost=1.12
info|2019-12-12 02:58:03.135926|[g:1][CONSENSUS][PBFT]checkAndChangeView: Reach consensus,org_view=49126,org_changeCycle=0,cur_changeCycle=0,to_view=49127
info|2019-12-12 02:58:04.139852|[g:1][CONSENSUS]addRawPrepare,height=6,reqIdx=0,hash=e59b590a...
info|2019-12-12 02:58:04.141375|[g:1][CONSENSUS][PBFT]checkTimeout Succ,view=49127,toView=49128,nodeIdx=1,changeCycle=0,myNode=2dce86f9...,timecost=1.179
info|2019-12-12 02:58:04.145357|[g:1][CONSENSUS][PBFT]checkAndChangeView: Reach consensus,org_view=49127,org_changeCycle=0,cur_changeCycle=0,to_view=49128
info|2019-12-12 02:58:05.146163|[g:1][CONSENSUS][SEALER]++++++++++++++++ Generating seal on,blkNum=6,tx=0,nodeIdx=1,hash=8bee4529...
info|2019-12-12 02:58:05.147952|[g:1][CONSENSUS][PBFT]checkTimeout Succ,view=49128,toView=49129,nodeIdx=1,changeCycle=0,myNode=2dce86f9...,timecost=1.01
info|2019-12-12 02:58:05.152534|[g:1][CONSENSUS][PBFT]checkAndChangeView: Reach consensus,org_view=49128,org_changeCycle=0,cur_changeCycle=0,to_view=49129
info|2019-12-12 02:58:06.155486|[g:1][CONSENSUS]addRawPrepare,height=6,reqIdx=2,hash=7e76ad31...
info|2019-12-12 02:58:06.156558|[g:1][CONSENSUS][PBFT]checkTimeout Succ,view=49129,toView=49130,nodeIdx=1,changeCycle=0,myNode=2dce86f9...,timecost=0.852
info|2019-12-12 02:58:06.159521|[g:1][CONSENSUS][PBFT]checkAndChangeView: Reach consensus,org_view=49129,org_changeCycle=0,cur_changeCycle=0,to_view=49130
info|2019-12-12 02:58:07.161454|[g:1][CONSENSUS]addRawPrepare,height=6,reqIdx=3,hash=f7d70cb3...
info|2019-12-12 02:58:07.164684|[g:1][CONSENSUS][PBFT]checkTimeout Succ,view=49130,toView=49131,nodeIdx=1,changeCycle=0,myNode=2dce86f9...,timecost=1.076
info|2019-12-12 02:58:07.166707|[g:1][CONSENSUS][PBFT]checkAndChangeView: Reach consensus,org_view=49130,org_changeCycle=0,cur_changeCycle=0,to_view=49131
info|2019-12-12 02:58:08.166882|[g:1][CONSENSUS]addRawPrepare,height=6,reqIdx=0,hash=4addc6d9...
info|2019-12-12 02:58:08.167802|[g:1][CONSENSUS][PBFT]checkTimeout Succ,view=49131,toView=49132,nodeIdx=1,changeCycle=0,myNode=2dce86f9...,timecost=0.697
info|2019-12-12 02:58:08.170408|[g:1][CONSENSUS][PBFT]checkAndChangeView: Reach consensus,org_view=49131,org_changeCycle=0,cur_changeCycle=0,to_view=49132
info|2019-12-12 02:58:09.170803|[g:1][CONSENSUS][SEALER]++++++++++++++++ Generating seal on,blkNum=6,tx=0,nodeIdx=1,hash=34d3204a...
info|2019-12-12 02:58:09.172042|[g:1][CONSENSUS][PBFT]checkTimeout Succ,view=49132,toView=49133,nodeIdx=1,changeCycle=0,myNode=2dce86f9...,timecost=0.637
info|2019-12-12 02:58:09.175321|[g:1][CONSENSUS][PBFT]checkAndChangeView: Reach consensus,org_view=49132,org_changeCycle=0,cur_changeCycle=0,to_view=49133
info|2019-12-12 02:58:10.177265|[g:1][CONSENSUS]addRawPrepare,height=6,reqIdx=2,hash=47da210f...
info|2019-12-12 02:58:10.178072|[g:1][CONSENSUS][PBFT]checkTimeout Succ,view=49133,toView=49134,nodeIdx=1,changeCycle=0,myNode=2dce86f9...,timecost=0.64
info|2019-12-12 02:58:10.179757|[g:1][CONSENSUS][PBFT]checkAndChangeView: Reach consensus,org_view=49133,org_changeCycle=0,cur_changeCycle=0,to_view=49134
info|2019-12-12 02:58:11.181394|[g:1][CONSENSUS]addRawPrepare,height=6,reqIdx=3,hash=f097ed46...
info|2019-12-12 02:58:11.182063|[g:1][CONSENSUS][PBFT]checkTimeout Succ,view=49134,toView=49135,nodeIdx=1,changeCycle=0,myNode=2dce86f9...,timecost=0.488
info|2019-12-12 02:58:11.183567|[g:1][CONSENSUS][PBFT]checkAndChangeView: Reach consensus,org_view=49134,org_changeCycle=0,cur_changeCycle=0,to_view=49135
info|2019-12-12 02:58:12.030170|[P2P][Service] heartBeat,connected count=3
info|2019-12-12 02:58:12.185788|[g:1][CONSENSUS]addRawPrepare,height=6,reqIdx=0,hash=e270b3b6...
info|2019-12-12 02:58:12.186560|[g:1][CONSENSUS][PBFT]checkTimeout Succ,view=49135,toView=49136,nodeIdx=1,changeCycle=0,myNode=2dce86f9...,timecost=0.621
info|2019-12-12 02:58:12.188247|[g:1][CONSENSUS][PBFT]checkAndChangeView: Reach consensus,org_view=49135,org_changeCycle=0,cur_changeCycle=0,to_view=49136
info|2019-12-12 02:58:13.188211|[g:1][CONSENSUS][SEALER]++++++++++++++++ Generating seal on,blkNum=6,tx=0,nodeIdx=1,hash=aacbaff9...
info|2019-12-12 02:58:13.189143|[g:1][CONSENSUS][PBFT]checkTimeout Succ,view=49136,toView=49137,nodeIdx=1,changeCycle=0,myNode=2dce86f9...,timecost=0.477
info|2019-12-12 02:58:13.191922|[g:1][CONSENSUS][PBFT]checkAndChangeView: Reach consensus,org_view=49136,org_changeCycle=0,cur_changeCycle=0,to_view=49137
info|2019-12-12 02:58:14.193935|[g:1][CONSENSUS]addRawPrepare,height=6,reqIdx=2,hash=bcfa7275...
info|2019-12-12 02:58:14.194585|[g:1][CONSENSUS][PBFT]checkTimeout Succ,view=49137,toView=49138,nodeIdx=1,changeCycle=0,myNode=2dce86f9...,timecost=0.488
info|2019-12-12 02:58:14.196155|[g:1][CONSENSUS][PBFT]checkAndChangeView: Reach consensus,org_view=49137,org_changeCycle=0,cur_changeCycle=0,to_view=49138
info|2019-12-12 02:58:15.199025|[g:1][CONSENSUS]addRawPrepare,height=6,reqIdx=3,hash=eda41498...
info|2019-12-12 02:58:15.199702|[g:1][CONSENSUS][PBFT]checkTimeout Succ,view=49138,toView=49139,nodeIdx=1,changeCycle=0,myNode=2dce86f9...,timecost=0.545
info|2019-12-12 02:58:15.201211|[g:1][CONSENSUS][PBFT]checkAndChangeView: Reach consensus,org_view=49138,org_changeCycle=0,cur_changeCycle=0,to_view=49139
info|2019-12-12 02:58:16.203837|[g:1][CONSENSUS]addRawPrepare,height=6,reqIdx=0,hash=0b672f96...
info|2019-12-12 02:58:16.204566|[g:1][CONSENSUS][PBFT]checkTimeout Succ,view=49139,toView=49140,nodeIdx=1,changeCycle=0,myNode=2dce86f9...,timecost=0.562
info|2019-12-12 02:58:16.205975|[g:1][CONSENSUS][PBFT]checkAndChangeView: Reach consensus,org_view=49139,org_changeCycle=0,cur_changeCycle=0,to_view=49140
info|2019-12-12 02:58:17.205256|[g:1][CONSENSUS][SEALER]++++++++++++++++ Generating seal on,blkNum=6,tx=0,nodeIdx=1,hash=42d52186...
info|2019-12-12 02:58:17.206466|[g:1][CONSENSUS][PBFT]checkTimeout Succ,view=49140,toView=49141,nodeIdx=1,changeCycle=0,myNode=2dce86f9...,timecost=0.707
info|2019-12-12 02:58:17.209315|[g:1][CONSENSUS][PBFT]checkAndChangeView: Reach consensus,org_view=49140,org_changeCycle=0,cur_changeCycle=0,to_view=49141
info|2019-12-12 02:58:18.211673|[g:1][CONSENSUS]addRawPrepare,height=6,reqIdx=2,hash=5199ed6e...
info|2019-12-12 02:58:18.212308|[g:1][CONSENSUS][PBFT]checkTimeout Succ,view=49141,toView=49142,nodeIdx=1,changeCycle=0,myNode=2dce86f9...,timecost=0.48
info|2019-12-12 02:58:18.213819|[g:1][CONSENSUS][PBFT]checkAndChangeView: Reach consensus,org_view=49141,org_changeCycle=0,cur_changeCycle=0,to_view=49142
info|2019-12-12 02:58:19.214784|[g:1][CONSENSUS]addRawPrepare,height=6,reqIdx=3,hash=11c19fb5...
info|2019-12-12 02:58:19.215600|[g:1][CONSENSUS][PBFT]checkTimeout Succ,view=49142,toView=49143,nodeIdx=1,changeCycle=0,myNode=2dce86f9...,timecost=0.64
info|2019-12-12 02:58:19.217112|[g:1][CONSENSUS][PBFT]checkAndChangeView: Reach consensus,org_view=49142,org_changeCycle=0,cur_changeCycle=0,to_view=49143
info|2019-12-12 02:58:20.218968|[g:1][CONSENSUS]addRawPrepare,height=6,reqIdx=0,hash=956b2017...
info|2019-12-12 02:58:20.219676|[g:1][CONSENSUS][PBFT]checkTimeout Succ,view=49143,toView=49144,nodeIdx=1,changeCycle=0,myNode=2dce86f9...,timecost=0.534
info|2019-12-12 02:58:20.221276|[g:1][CONSENSUS][PBFT]checkAndChangeView: Reach consensus,org_view=49143,org_changeCycle=0,cur_changeCycle=0,to_view=49144
info|2019-12-12 02:58:21.221279|[g:1][CONSENSUS][SEALER]++++++++++++++++ Generating seal on,blkNum=6,tx=0,nodeIdx=1,hash=0737834c...
info|2019-12-12 02:58:21.223968|[g:1][CONSENSUS][PBFT]checkTimeout Succ,view=49144,toView=49145,nodeIdx=1,changeCycle=0,myNode=2dce86f9...,timecost=0.434
info|2019-12-12 02:58:21.225547|[g:1][CONSENSUS][PBFT]checkAndChangeView: Reach consensus,org_view=49144,org_changeCycle=0,cur_changeCycle=0,to_view=49145
info|2019-12-12 02:58:22.033967|[P2P][Service] heartBeat,connected count=3
info|2019-12-12 02:58:22.226404|[g:1][CONSENSUS]addRawPrepare,height=6,reqIdx=2,hash=5237a93c...
info|2019-12-12 02:58:22.227857|[g:1][CONSENSUS][PBFT]checkTimeout Succ,view=49145,toView=49146,nodeIdx=1,changeCycle=0,myNode=2dce86f9...,timecost=1.283
info|2019-12-12 02:58:22.229414|[g:1][CONSENSUS][PBFT]checkAndChangeView: Reach consensus,org_view=49145,org_changeCycle=0,cur_changeCycle=0,to_view=49146
info|2019-12-12 02:58:23.230384|[g:1][CONSENSUS]addRawPrepare,height=6,reqIdx=3,hash=fefbcb79...
info|2019-12-12 02:58:23.231016|[g:1][CONSENSUS][PBFT]checkTimeout Succ,view=49146,toView=49147,nodeIdx=1,changeCycle=0,myNode=2dce86f9...,timecost=0.5
info|2019-12-12 02:58:23.232657|[g:1][CONSENSUS][PBFT]checkAndChangeView: Reach consensus,org_view=49146,org_changeCycle=0,cur_changeCycle=0,to_view=49147
info|2019-12-12 02:58:24.233884|[g:1][CONSENSUS]addRawPrepare,height=6,reqIdx=0,hash=d2f7e7ba...
info|2019-12-12 02:58:24.234636|[g:1][CONSENSUS][PBFT]checkTimeout Succ,view=49147,toView=49148,nodeIdx=1,changeCycle=0,myNode=2dce86f9...,timecost=0.423
info|2019-12-12 02:58:24.236135|[g:1][CONSENSUS][PBFT]checkAndChangeView: Reach consensus,org_view=49147,org_changeCycle=0,cur_changeCycle=0,to_view=49148
info|2019-12-12 02:58:25.236411|[g:1][CONSENSUS][SEALER]++++++++++++++++ Generating seal on,blkNum=6,tx=0,nodeIdx=1,hash=064b048e...
info|2019-12-12 02:58:25.239682|[g:1][CONSENSUS][PBFT]checkTimeout Succ,view=49148,toView=49149,nodeIdx=1,changeCycle=0,myNode=2dce86f9...,timecost=0.544
info|2019-12-12 02:58:25.240544|[g:1][CONSENSUS][PBFT]checkAndChangeView: Reach consensus,org_view=49148,org_changeCycle=0,cur_changeCycle=0,to_view=49149
info|2019-12-12 02:58:26.242190|[g:1][CONSENSUS]addRawPrepare,height=6,reqIdx=2,hash=bbf8a0ec...
info|2019-12-12 02:58:26.245293|[g:1][CONSENSUS][PBFT]checkTimeout Succ,view=49149,toView=49150,nodeIdx=1,changeCycle=0,myNode=2dce86f9...,timecost=0.327
info|2019-12-12 02:58:26.246285|[g:1][CONSENSUS][PBFT]checkAndChangeView: Reach consensus,org_view=49149,org_changeCycle=0,cur_changeCycle=0,to_view=49150
info|2019-12-12 02:58:27.244868|[g:1][CONSENSUS]addRawPrepare,height=6,reqIdx=3,hash=bb45ae2d...
info|2019-12-12 02:58:27.245537|[g:1][CONSENSUS][PBFT]checkTimeout Succ,view=49150,toView=49151,nodeIdx=1,changeCycle=0,myNode=2dce86f9...,timecost=0.546
info|2019-12-12 02:58:27.246928|[g:1][CONSENSUS][PBFT]checkAndChangeView: Reach consensus,org_view=49150,org_changeCycle=0,cur_changeCycle=0,to_view=49151
info|2019-12-12 02:58:28.249826|[g:1][CONSENSUS]addRawPrepare,height=6,reqIdx=0,hash=69d43ea1...
info|2019-12-12 02:58:28.250453|[g:1][CONSENSUS][PBFT]checkTimeout Succ,view=49151,toView=49152,nodeIdx=1,changeCycle=0,myNode=2dce86f9...,timecost=0.51
info|2019-12-12 02:58:28.251897|[g:1][CONSENSUS][PBFT]checkAndChangeView: Reach consensus,org_view=49151,org_changeCycle=0,cur_changeCycle=0,to_view=49152
info|2019-12-12 02:58:29.252202|[g:1][CONSENSUS][SEALER]++++++++++++++++ Generating seal on,blkNum=6,tx=0,nodeIdx=1,hash=ca60d7c8...
info|2019-12-12 02:58:29.253097|[g:1][CONSENSUS][PBFT]checkTimeout Succ,view=49152,toView=49153,nodeIdx=1,changeCycle=0,myNode=2dce86f9...,timecost=0.45
info|2019-12-12 02:58:29.255100|[g:1][CONSENSUS][PBFT]checkAndChangeView: Reach consensus,org_view=49152,org_changeCycle=0,cur_changeCycle=0,to_view=49153
info|2019-12-12 02:58:30.257397|[g:1][CONSENSUS]addRawPrepare,height=6,reqIdx=2,hash=757346ee...
info|2019-12-12 02:58:30.258057|[g:1][CONSENSUS][PBFT]checkTimeout Succ,view=49153,toView=49154,nodeIdx=1,changeCycle=0,myNode=2dce86f9...,timecost=0.506
info|2019-12-12 02:58:30.259519|[g:1][CONSENSUS][PBFT]checkAndChangeView: Reach consensus,org_view=49153,org_changeCycle=0,cur_changeCycle=0,to_view=49154
info|2019-12-12 02:58:31.260187|[g:1][CONSENSUS]addRawPrepare,height=6,reqIdx=3,hash=26f35b0f...
info|2019-12-12 02:58:31.260666|[g:1][CONSENSUS][PBFT]checkTimeout Succ,view=49154,toView=49155,nodeIdx=1,changeCycle=0,myNode=2dce86f9...,timecost=0.393
info|2019-12-12 02:58:31.261998|[g:1][CONSENSUS][PBFT]checkAndChangeView: Reach consensus,org_view=49154,org_changeCycle=0,cur_changeCycle=0,to_view=49155
info|2019-12-12 02:58:32.037600|[P2P][Service] heartBeat,connected count=3
info|2019-12-12 02:58:32.262952|[g:1][CONSENSUS]addRawPrepare,height=6,reqIdx=0,hash=10199e7e...
info|2019-12-12 02:58:32.264407|[g:1][CONSENSUS][PBFT]checkTimeout Succ,view=49155,toView=49156,nodeIdx=1,changeCycle=0,myNode=2dce86f9...,timecost=1.357
info|2019-12-12 02:58:32.265806|[g:1][CONSENSUS][PBFT]checkAndChangeView: Reach consensus,org_view=49155,org_changeCycle=0,cur_changeCycle=0,to_view=49156
info|2019-12-12 02:58:33.265882|[g:1][CONSENSUS][SEALER]++++++++++++++++ Generating seal on,blkNum=6,tx=0,nodeIdx=1,hash=d96a9a71...
info|2019-12-12 02:58:33.268870|[g:1][CONSENSUS][PBFT]checkTimeout Succ,view=49156,toView=49157,nodeIdx=1,changeCycle=0,myNode=2dce86f9...,timecost=0.491
info|2019-12-12 02:58:33.269674|[g:1][CONSENSUS][PBFT]checkAndChangeView: Reach consensus,org_view=49156,org_changeCycle=0,cur_changeCycle=0,to_view=49157
info|2019-12-12 02:58:34.271848|[g:1][CONSENSUS]addRawPrepare,height=6,reqIdx=2,hash=14224882...
info|2019-12-12 02:58:34.272387|[g:1][CONSENSUS][PBFT]checkTimeout Succ,view=49157,toView=49158,nodeIdx=1,changeCycle=0,myNode=2dce86f9...,timecost=0.421
info|2019-12-12 02:58:34.273961|[g:1][CONSENSUS][PBFT]checkAndChangeView: Reach consensus,org_view=49157,org_changeCycle=0,cur_changeCycle=0,to_view=49158
info|2019-12-12 02:58:35.275280|[g:1][CONSENSUS]addRawPrepare,height=6,reqIdx=3,hash=7f22711e...
info|2019-12-12 02:58:35.275980|[g:1][CONSENSUS][PBFT]checkTimeout Succ,view=49158,toView=49159,nodeIdx=1,changeCycle=0,myNode=2dce86f9...,timecost=0.532
info|2019-12-12 02:58:35.277480|[g:1][CONSENSUS][PBFT]checkAndChangeView: Reach consensus,org_view=49158,org_changeCycle=0,cur_changeCycle=0,to_view=49159
info|2019-12-12 02:58:36.279906|[g:1][CONSENSUS]addRawPrepare,height=6,reqIdx=0,hash=834f3502...
info|2019-12-12 02:58:36.280551|[g:1][CONSENSUS][PBFT]checkTimeout Succ,view=49159,toView=49160,nodeIdx=1,changeCycle=0,myNode=2dce86f9...,timecost=0.522
info|2019-12-12 02:58:36.281617|[g:1][CONSENSUS][PBFT]checkAndChangeView: Reach consensus,org_view=49159,org_changeCycle=0,cur_changeCycle=0,to_view=49160
info|2019-12-12 02:58:37.281205|[g:1][CONSENSUS][SEALER]++++++++++++++++ Generating seal on,blkNum=6,tx=0,nodeIdx=1,hash=c1e7ad19...
info|2019-12-12 02:58:37.284932|[g:1][CONSENSUS][PBFT]checkTimeout Succ,view=49160,toView=49161,nodeIdx=1,changeCycle=0,myNode=2dce86f9...,timecost=0.549
info|2019-12-12 02:58:37.285641|[g:1][CONSENSUS][PBFT]checkAndChangeView: Reach consensus,org_view=49160,org_changeCycle=0,cur_changeCycle=0,to_view=49161
info|2019-12-12 02:58:38.287879|[g:1][CONSENSUS]addRawPrepare,height=6,reqIdx=2,hash=0daa1b17...
info|2019-12-12 02:58:38.288528|[g:1][CONSENSUS][PBFT]checkTimeout Succ,view=49161,toView=49162,nodeIdx=1,changeCycle=0,myNode=2dce86f9...,timecost=0.508
info|2019-12-12 02:58:38.290131|[g:1][CONSENSUS][PBFT]checkAndChangeView: Reach consensus,org_view=49161,org_changeCycle=0,cur_changeCycle=0,to_view=49162
