info|2019-12-12 09:44:31.004111|[P2P][Service] heartBeat,connected count=3
warning|2019-12-12 09:44:31.008214|[g:1][CONSENSUS][PBFT]ViewChangeWarning: not caused by omit empty block ,v=49162,toV=49163,curNum=5,hash=a9fec021...,nodeIdx=1,myNode=2dce86f9...
info|2019-12-12 09:44:31.008430|[g:1][CONSENSUS][PBFT]checkTimeout Succ,view=49162,toView=49163,nodeIdx=1,changeCycle=1,myNode=2dce86f9...,timecost=1.066
info|2019-12-12 09:44:31.010784|[g:1][CONSENSUS][PBFT]checkAndChangeView: Reach consensus,org_view=49162,org_changeCycle=1,cur_changeCycle=1,to_view=49163
info|2019-12-12 09:44:32.011130|[g:1][CONSENSUS]addRawPrepare,height=6,reqIdx=0,hash=e4dc8b69...
info|2019-12-12 09:44:32.011580|[g:1][CONSENSUS][PBFT]checkTimeout Succ,view=49163,toView=49164,nodeIdx=1,changeCycle=0,myNode=2dce86f9...,timecost=0.325
info|2019-12-12 09:44:32.012801|[g:1][CONSENSUS][PBFT]checkAndChangeView: Reach consensus,org_view=49163,org_changeCycle=0,cur_changeCycle=0,to_view=49164
info|2019-12-12 09:44:33.012336|[g:1][CONSENSUS][SEALER]++++++++++++++++ Generating seal on,blkNum=6,tx=0,nodeIdx=1,hash=1bd5abd1...
info|2019-12-12 09:44:33.012919|[g:1][CONSENSUS][PBFT]checkTimeout Succ,view=49164,toView=49165,nodeIdx=1,changeCycle=0,myNode=2dce86f9...,timecost=0.264
info|2019-12-12 09:44:33.015052|[g:1][CONSENSUS][PBFT]checkAndChangeView: Reach consensus,org_view=49164,org_changeCycle=0,cur_changeCycle=0,to_view=49165
info|2019-12-12 09:44:34.016792|[g:1][CONSENSUS]addRawPrepare,height=6,reqIdx=2,hash=576ce56a...
info|2019-12-12 09:44:34.017270|[g:1][CONSENSUS][PBFT]checkTimeout Succ,view=49165,toView=49166,nodeIdx=1,changeCycle=0,myNode=2dce86f9...,timecost=0.373
info|2019-12-12 09:44:34.018405|[g:1][CONSENSUS][PBFT]checkAndChangeView: Reach consensus,org_view=49165,org_changeCycle=0,cur_changeCycle=0,to_view=49166
info|2019-12-12 09:44:35.019682|[g:1][CONSENSUS]addRawPrepare,height=6,reqIdx=3,hash=6cc3de6a...
info|2019-12-12 09:44:35.020125|[g:1][CONSENSUS][PBFT]checkTimeout Succ,view=49166,toView=49167,nodeIdx=1,changeCycle=0,myNode=2dce86f9...,timecost=0.35
info|2019-12-12 09:44:35.021630|[g:1][CONSENSUS][PBFT]checkAndChangeView: Reach consensus,org_view=49166,org_changeCycle=0,cur_changeCycle=0,to_view=49167
info|2019-12-12 09:44:36.023317|[g:1][CONSENSUS]addRawPrepare,height=6,reqIdx=0,hash=f23c7fac...
info|2019-12-12 09:44:36.024536|[g:1][CONSENSUS][PBFT]checkTimeout Succ,view=49167,toView=49168,nodeIdx=1,changeCycle=0,myNode=2dce86f9...,timecost=1.092
info|2019-12-12 09:44:36.025763|[g:1][CONSENSUS][PBFT]checkAndChangeView: Reach consensus,org_view=49167,org_changeCycle=0,cur_changeCycle=0,to_view=49168
info|2019-12-12 09:44:37.025189|[g:1][CONSENSUS][SEALER]++++++++++++++++ Generating seal on,blkNum=6,tx=0,nodeIdx=1,hash=ebb94c41...
info|2019-12-12 09:44:37.028702|[g:1][CONSENSUS][PBFT]checkTimeout Succ,view=49168,toView=49169,nodeIdx=1,changeCycle=0,myNode=2dce86f9...,timecost=0.692
info|2019-12-12 09:44:37.029495|[g:1][CONSENSUS][PBFT]checkAndChangeView: Reach consensus,org_view=49168,org_changeCycle=0,cur_changeCycle=0,to_view=49169
info|2019-12-12 09:44:38.030218|[g:1][CONSENSUS]addRawPrepare,height=6,reqIdx=2,hash=c897fd00...
info|2019-12-12 09:44:38.030894|[g:1][CONSENSUS][PBFT]checkTimeout Succ,view=49169,toView=49170,nodeIdx=1,changeCycle=0,myNode=2dce86f9...,timecost=0.518
info|2019-12-12 09:44:38.032489|[g:1][CONSENSUS][PBFT]checkAndChangeView: Reach consensus,org_view=49169,org_changeCycle=0,cur_changeCycle=0,to_view=49170
info|2019-12-12 09:44:39.033100|[g:1][CONSENSUS]addRawPrepare,height=6,reqIdx=3,hash=06e61704...
info|2019-12-12 09:44:39.033633|[g:1][CONSENSUS][PBFT]checkTimeout Succ,view=49170,toView=49171,nodeIdx=1,changeCycle=0,myNode=2dce86f9...,timecost=0.422
info|2019-12-12 09:44:39.035092|[g:1][CONSENSUS][PBFT]checkAndChangeView: Reach consensus,org_view=49170,org_changeCycle=0,cur_changeCycle=0,to_view=49171
warning|2019-12-12 09:44:38.698936|[g:1][CONSENSUS][PBFT]ViewChangeWarning: not caused by omit empty block ,v=49171,toV=49172,curNum=5,hash=a9fec021...,nodeIdx=1,myNode=2dce86f9...
info|2019-12-12 09:44:38.699211|[g:1][CONSENSUS][PBFT]checkTimeout Succ,view=49171,toView=49172,nodeIdx=1,changeCycle=1,myNode=2dce86f9...,timecost=0.628
info|2019-12-12 09:44:38.700862|[g:1][CONSENSUS][PBFT]checkAndChangeView: Reach consensus,org_view=49171,org_changeCycle=1,cur_changeCycle=1,to_view=49172
info|2019-12-12 09:44:39.700449|[g:1][CONSENSUS][SEALER]++++++++++++++++ Generating seal on,blkNum=6,tx=0,nodeIdx=1,hash=48531412...
info|2019-12-12 09:44:39.702901|[g:1][CONSENSUS][PBFT]checkTimeout Succ,view=49172,toView=49173,nodeIdx=1,changeCycle=0,myNode=2dce86f9...,timecost=0.386
info|2019-12-12 09:44:39.703471|[g:1][CONSENSUS][PBFT]checkAndChangeView: Reach consensus,org_view=49172,org_changeCycle=0,cur_changeCycle=0,to_view=49173
info|2019-12-12 09:44:40.707404|[g:1][CONSENSUS]addRawPrepare,height=6,reqIdx=2,hash=279597b4...
info|2019-12-12 09:44:40.707954|[g:1][CONSENSUS][PBFT]checkTimeout Succ,view=49173,toView=49174,nodeIdx=1,changeCycle=0,myNode=2dce86f9...,timecost=0.398
info|2019-12-12 09:44:40.710923|[g:1][CONSENSUS][PBFT]checkAndChangeView: Reach consensus,org_view=49173,org_changeCycle=0,cur_changeCycle=0,to_view=49174
info|2019-12-12 09:44:41.011486|[P2P][Service] heartBeat,connected count=3
info|2019-12-12 09:44:41.712652|[g:1][CONSENSUS]addRawPrepare,height=6,reqIdx=3,hash=ee20a990...
info|2019-12-12 09:44:41.713467|[g:1][CONSENSUS][PBFT]checkTimeout Succ,view=49174,toView=49175,nodeIdx=1,changeCycle=0,myNode=2dce86f9...,timecost=0.644
info|2019-12-12 09:44:41.714744|[g:1][CONSENSUS][PBFT]checkAndChangeView: Reach consensus,org_view=49174,org_changeCycle=0,cur_changeCycle=0,to_view=49175
info|2019-12-12 09:44:42.715585|[g:1][CONSENSUS]addRawPrepare,height=6,reqIdx=0,hash=7f56386c...
info|2019-12-12 09:44:42.716246|[g:1][CONSENSUS][PBFT]checkTimeout Succ,view=49175,toView=49176,nodeIdx=1,changeCycle=0,myNode=2dce86f9...,timecost=0.47
info|2019-12-12 09:44:42.718074|[g:1][CONSENSUS][PBFT]checkAndChangeView: Reach consensus,org_view=49175,org_changeCycle=0,cur_changeCycle=0,to_view=49176
info|2019-12-12 09:44:43.719637|[g:1][CONSENSUS][SEALER]++++++++++++++++ Generating seal on,blkNum=6,tx=0,nodeIdx=1,hash=efc9ef25...
info|2019-12-12 09:44:43.722915|[g:1][CONSENSUS][PBFT]checkTimeout Succ,view=49176,toView=49177,nodeIdx=1,changeCycle=0,myNode=2dce86f9...,timecost=0.548
info|2019-12-12 09:44:43.723678|[g:1][CONSENSUS][PBFT]checkAndChangeView: Reach consensus,org_view=49176,org_changeCycle=0,cur_changeCycle=0,to_view=49177
info|2019-12-12 09:44:44.725050|[g:1][CONSENSUS]addRawPrepare,height=6,reqIdx=2,hash=5add92c6...
info|2019-12-12 09:44:44.725782|[g:1][CONSENSUS][PBFT]checkTimeout Succ,view=49177,toView=49178,nodeIdx=1,changeCycle=0,myNode=2dce86f9...,timecost=0.547
info|2019-12-12 09:44:44.727554|[g:1][CONSENSUS][PBFT]checkAndChangeView: Reach consensus,org_view=49177,org_changeCycle=0,cur_changeCycle=0,to_view=49178
info|2019-12-12 09:44:45.728719|[g:1][CONSENSUS]addRawPrepare,height=6,reqIdx=3,hash=2c3440e0...
info|2019-12-12 09:44:45.729716|[g:1][CONSENSUS][PBFT]checkTimeout Succ,view=49178,toView=49179,nodeIdx=1,changeCycle=0,myNode=2dce86f9...,timecost=0.823
info|2019-12-12 09:44:45.731322|[g:1][CONSENSUS][PBFT]checkAndChangeView: Reach consensus,org_view=49178,org_changeCycle=0,cur_changeCycle=0,to_view=49179
info|2019-12-12 09:44:46.733561|[g:1][CONSENSUS]addRawPrepare,height=6,reqIdx=0,hash=981d49ba...
info|2019-12-12 09:44:46.734264|[g:1][CONSENSUS][PBFT]checkTimeout Succ,view=49179,toView=49180,nodeIdx=1,changeCycle=0,myNode=2dce86f9...,timecost=0.514
info|2019-12-12 09:44:46.736346|[g:1][CONSENSUS][PBFT]checkAndChangeView: Reach consensus,org_view=49179,org_changeCycle=0,cur_changeCycle=0,to_view=49180
