info|2019-12-11 04:27:27.003275|[P2P][Service] heartBeat,connected count=3
warning|2019-12-11 04:27:27.006707|[g:1][CONSENSUS][PBFT]ViewChangeWarning: not caused by omit empty block ,v=16275,toV=16276,curNum=5,hash=a9fec021...,nodeIdx=1,myNode=2dce86f9...
info|2019-12-11 04:27:27.006996|[g:1][CONSENSUS][PBFT]checkTimeout Succ,view=16275,toView=16276,nodeIdx=1,changeCycle=1,myNode=2dce86f9...,timecost=0.761
info|2019-12-11 04:27:27.010574|[g:1][CONSENSUS][PBFT]checkAndChangeView: Reach consensus,org_view=16275,org_changeCycle=1,cur_changeCycle=1,to_view=16276
info|2019-12-11 04:27:28.011238|[g:1][CONSENSUS][SEALER]++++++++++++++++ Generating seal on,blkNum=6,tx=0,nodeIdx=1,hash=e6760850...
info|2019-12-11 04:27:28.011812|[g:1][CONSENSUS][PBFT]checkTimeout Succ,view=16276,toView=16277,nodeIdx=1,changeCycle=0,myNode=2dce86f9...,timecost=0.271
info|2019-12-11 04:27:28.013737|[g:1][CONSENSUS][PBFT]checkAndChangeView: Reach consensus,org_view=16276,org_changeCycle=0,cur_changeCycle=0,to_view=16277
info|2019-12-11 04:27:29.015338|[g:1][CONSENSUS]addRawPrepare,height=6,reqIdx=2,hash=3aeea85c...
info|2019-12-11 04:27:29.015799|[g:1][CONSENSUS][PBFT]checkTimeout Succ,view=16277,toView=16278,nodeIdx=1,changeCycle=0,myNode=2dce86f9...,timecost=0.342
info|2019-12-11 04:27:29.016878|[g:1][CONSENSUS][PBFT]checkAndChangeView: Reach consensus,org_view=16277,org_changeCycle=0,cur_changeCycle=0,to_view=16278
info|2019-12-11 04:27:30.018735|[g:1][CONSENSUS]addRawPrepare,height=6,reqIdx=3,hash=c199de1f...
info|2019-12-11 04:27:30.019243|[g:1][CONSENSUS][PBFT]checkTimeout Succ,view=16278,toView=16279,nodeIdx=1,changeCycle=0,myNode=2dce86f9...,timecost=0.4
info|2019-12-11 04:27:30.020249|[g:1][CONSENSUS][PBFT]checkAndChangeView: Reach consensus,org_view=16278,org_changeCycle=0,cur_changeCycle=0,to_view=16279
info|2019-12-11 04:27:31.021882|[g:1][CONSENSUS]addRawPrepare,height=6,reqIdx=0,hash=9e8ddf97...
info|2019-12-11 04:27:31.022490|[g:1][CONSENSUS][PBFT]checkTimeout Succ,view=16279,toView=16280,nodeIdx=1,changeCycle=0,myNode=2dce86f9...,timecost=0.471
info|2019-12-11 04:27:31.024023|[g:1][CONSENSUS][PBFT]checkAndChangeView: Reach consensus,org_view=16279,org_changeCycle=0,cur_changeCycle=0,to_view=16280
info|2019-12-11 04:27:32.024609|[g:1][CONSENSUS][SEALER]++++++++++++++++ Generating seal on,blkNum=6,tx=0,nodeIdx=1,hash=f93733cc...
info|2019-12-11 04:27:32.027010|[g:1][CONSENSUS][PBFT]checkTimeout Succ,view=16280,toView=16281,nodeIdx=1,changeCycle=0,myNode=2dce86f9...,timecost=0.28
info|2019-12-11 04:27:32.027491|[g:1][CONSENSUS][PBFT]checkAndChangeView: Reach consensus,org_view=16280,org_changeCycle=0,cur_changeCycle=0,to_view=16281
info|2019-12-11 04:27:33.028232|[g:1][CONSENSUS]addRawPrepare,height=6,reqIdx=2,hash=1e57ec06...
info|2019-12-11 04:27:33.028777|[g:1][CONSENSUS][PBFT]checkTimeout Succ,view=16281,toView=16282,nodeIdx=1,changeCycle=0,myNode=2dce86f9...,timecost=0.446
info|2019-12-11 04:27:33.029948|[g:1][CONSENSUS][PBFT]checkAndChangeView: Reach consensus,org_view=16281,org_changeCycle=0,cur_changeCycle=0,to_view=16282
info|2019-12-11 04:27:34.032100|[g:1][CONSENSUS]addRawPrepare,height=6,reqIdx=3,hash=ceb44ab7...
info|2019-12-11 04:27:34.032712|[g:1][CONSENSUS][PBFT]checkTimeout Succ,view=16282,toView=16283,nodeIdx=1,changeCycle=0,myNode=2dce86f9...,timecost=0.487
info|2019-12-11 04:27:34.034070|[g:1][CONSENSUS][PBFT]checkAndChangeView: Reach consensus,org_view=16282,org_changeCycle=0,cur_changeCycle=0,to_view=16283
info|2019-12-11 04:27:35.035546|[g:1][CONSENSUS]addRawPrepare,height=6,reqIdx=0,hash=44bd1976...
info|2019-12-11 04:27:35.036231|[g:1][CONSENSUS][PBFT]checkTimeout Succ,view=16283,toView=16284,nodeIdx=1,changeCycle=0,myNode=2dce86f9...,timecost=0.552
info|2019-12-11 04:27:35.038246|[g:1][CONSENSUS][PBFT]checkAndChangeView: Reach consensus,org_view=16283,org_changeCycle=0,cur_changeCycle=0,to_view=16284
info|2019-12-11 04:27:36.039292|[g:1][CONSENSUS][SEALER]++++++++++++++++ Generating seal on,blkNum=6,tx=0,nodeIdx=1,hash=e5842652...
info|2019-12-11 04:27:36.042621|[g:1][CONSENSUS][PBFT]checkTimeout Succ,view=16284,toView=16285,nodeIdx=1,changeCycle=0,myNode=2dce86f9...,timecost=0.559
info|2019-12-11 04:27:36.043393|[g:1][CONSENSUS][PBFT]checkAndChangeView: Reach consensus,org_view=16284,org_changeCycle=0,cur_changeCycle=0,to_view=16285
info|2019-12-11 04:27:37.011990|[P2P][Service] heartBeat,connected count=3
info|2019-12-11 04:27:37.044125|[g:1][CONSENSUS]addRawPrepare,height=6,reqIdx=2,hash=e4dc2e9a...
info|2019-12-11 04:27:37.045325|[g:1][CONSENSUS][PBFT]checkTimeout Succ,view=16285,toView=16286,nodeIdx=1,changeCycle=0,myNode=2dce86f9...,timecost=0.982
info|2019-12-11 04:27:37.046846|[g:1][CONSENSUS][PBFT]checkAndChangeView: Reach consensus,org_view=16285,org_changeCycle=0,cur_changeCycle=0,to_view=16286
info|2019-12-11 04:27:38.047387|[g:1][CONSENSUS]addRawPrepare,height=6,reqIdx=3,hash=9bf84927...
info|2019-12-11 04:27:38.047844|[g:1][CONSENSUS][PBFT]checkTimeout Succ,view=16286,toView=16287,nodeIdx=1,changeCycle=0,myNode=2dce86f9...,timecost=0.352
info|2019-12-11 04:27:38.049076|[g:1][CONSENSUS][PBFT]checkAndChangeView: Reach consensus,org_view=16286,org_changeCycle=0,cur_changeCycle=0,to_view=16287
info|2019-12-11 04:27:39.051108|[g:1][CONSENSUS]addRawPrepare,height=6,reqIdx=0,hash=25364479...
info|2019-12-11 04:27:39.051739|[g:1][CONSENSUS][PBFT]checkTimeout Succ,view=16287,toView=16288,nodeIdx=1,changeCycle=0,myNode=2dce86f9...,timecost=0.467
info|2019-12-11 04:27:39.053188|[g:1][CONSENSUS][PBFT]checkAndChangeView: Reach consensus,org_view=16287,org_changeCycle=0,cur_changeCycle=0,to_view=16288
info|2019-12-11 04:27:40.054578|[g:1][CONSENSUS][SEALER]++++++++++++++++ Generating seal on,blkNum=6,tx=0,nodeIdx=1,hash=8ccf967a...
info|2019-12-11 04:27:40.055574|[g:1][CONSENSUS][PBFT]checkTimeout Succ,view=16288,toView=16289,nodeIdx=1,changeCycle=0,myNode=2dce86f9...,timecost=0.525
info|2019-12-11 04:27:40.057888|[g:1][CONSENSUS][PBFT]checkAndChangeView: Reach consensus,org_view=16288,org_changeCycle=0,cur_changeCycle=0,to_view=16289
info|2019-12-11 04:27:41.060077|[g:1][CONSENSUS]addRawPrepare,height=6,reqIdx=2,hash=bae26d8e...
info|2019-12-11 04:27:41.060716|[g:1][CONSENSUS][PBFT]checkTimeout Succ,view=16289,toView=16290,nodeIdx=1,changeCycle=0,myNode=2dce86f9...,timecost=0.51
info|2019-12-11 04:27:41.062238|[g:1][CONSENSUS][PBFT]checkAndChangeView: Reach consensus,org_view=16289,org_changeCycle=0,cur_changeCycle=0,to_view=16290
info|2019-12-11 04:27:42.063827|[g:1][CONSENSUS]addRawPrepare,height=6,reqIdx=3,hash=51641e23...
info|2019-12-11 04:27:42.064914|[g:1][CONSENSUS][PBFT]checkTimeout Succ,view=16290,toView=16291,nodeIdx=1,changeCycle=0,myNode=2dce86f9...,timecost=0.898
info|2019-12-11 04:27:42.066613|[g:1][CONSENSUS][PBFT]checkAndChangeView: Reach consensus,org_view=16290,org_changeCycle=0,cur_changeCycle=0,to_view=16291
info|2019-12-11 04:27:43.067776|[g:1][CONSENSUS]addRawPrepare,height=6,reqIdx=0,hash=9df83b7a...
info|2019-12-11 04:27:43.068372|[g:1][CONSENSUS][PBFT]checkTimeout Succ,view=16291,toView=16292,nodeIdx=1,changeCycle=0,myNode=2dce86f9...,timecost=0.446
info|2019-12-11 04:27:43.070014|[g:1][CONSENSUS][PBFT]checkAndChangeView: Reach consensus,org_view=16291,org_changeCycle=0,cur_changeCycle=0,to_view=16292
info|2019-12-11 04:27:44.071368|[g:1][CONSENSUS][SEALER]++++++++++++++++ Generating seal on,blkNum=6,tx=0,nodeIdx=1,hash=7c5c2c64...
info|2019-12-11 04:27:44.074643|[g:1][CONSENSUS][PBFT]checkTimeout Succ,view=16292,toView=16293,nodeIdx=1,changeCycle=0,myNode=2dce86f9...,timecost=0.573
info|2019-12-11 04:27:44.075432|[g:1][CONSENSUS][PBFT]checkAndChangeView: Reach consensus,org_view=16292,org_changeCycle=0,cur_changeCycle=0,to_view=16293
info|2019-12-11 04:27:45.076889|[g:1][CONSENSUS]addRawPrepare,height=6,reqIdx=2,hash=7debb589...
info|2019-12-11 04:27:45.077576|[g:1][CONSENSUS][PBFT]checkTimeout Succ,view=16293,toView=16294,nodeIdx=1,changeCycle=0,myNode=2dce86f9...,timecost=0.508
info|2019-12-11 04:27:45.079219|[g:1][CONSENSUS][PBFT]checkAndChangeView: Reach consensus,org_view=16293,org_changeCycle=0,cur_changeCycle=0,to_view=16294
info|2019-12-11 04:27:46.081613|[g:1][CONSENSUS]addRawPrepare,height=6,reqIdx=3,hash=6adc0d94...
info|2019-12-11 04:27:46.082216|[g:1][CONSENSUS][PBFT]checkTimeout Succ,view=16294,toView=16295,nodeIdx=1,changeCycle=0,myNode=2dce86f9...,timecost=0.442
info|2019-12-11 04:27:46.083503|[g:1][CONSENSUS][PBFT]checkAndChangeView: Reach consensus,org_view=16294,org_changeCycle=0,cur_changeCycle=0,to_view=16295
info|2019-12-11 04:27:47.017157|[P2P][Service] heartBeat,connected count=3
info|2019-12-11 04:27:47.085270|[g:1][CONSENSUS]addRawPrepare,height=6,reqIdx=0,hash=a542bc47...
info|2019-12-11 04:27:47.086138|[g:1][CONSENSUS][PBFT]checkTimeout Succ,view=16295,toView=16296,nodeIdx=1,changeCycle=0,myNode=2dce86f9...,timecost=0.705
info|2019-12-11 04:27:47.087943|[g:1][CONSENSUS][PBFT]checkAndChangeView: Reach consensus,org_view=16295,org_changeCycle=0,cur_changeCycle=0,to_view=16296
info|2019-12-11 04:27:48.088516|[g:1][CONSENSUS][SEALER]++++++++++++++++ Generating seal on,blkNum=6,tx=0,nodeIdx=1,hash=d315082d...
info|2019-12-11 04:27:48.089479|[g:1][CONSENSUS][PBFT]checkTimeout Succ,view=16296,toView=16297,nodeIdx=1,changeCycle=0,myNode=2dce86f9...,timecost=0.484
info|2019-12-11 04:27:48.092082|[g:1][CONSENSUS][PBFT]checkAndChangeView: Reach consensus,org_view=16296,org_changeCycle=0,cur_changeCycle=0,to_view=16297
info|2019-12-11 04:27:49.093153|[g:1][CONSENSUS]addRawPrepare,height=6,reqIdx=2,hash=cd7b47ce...
info|2019-12-11 04:27:49.093686|[g:1][CONSENSUS][PBFT]checkTimeout Succ,view=16297,toView=16298,nodeIdx=1,changeCycle=0,myNode=2dce86f9...,timecost=0.421
info|2019-12-11 04:27:49.094737|[g:1][CONSENSUS][PBFT]checkAndChangeView: Reach consensus,org_view=16297,org_changeCycle=0,cur_changeCycle=0,to_view=16298
info|2019-12-11 04:27:50.097378|[g:1][CONSENSUS]addRawPrepare,height=6,reqIdx=3,hash=179ae21d...
info|2019-12-11 04:27:50.098070|[g:1][CONSENSUS][PBFT]checkTimeout Succ,view=16298,toView=16299,nodeIdx=1,changeCycle=0,myNode=2dce86f9...,timecost=0.542
info|2019-12-11 04:27:50.099440|[g:1][CONSENSUS][PBFT]checkAndChangeView: Reach consensus,org_view=16298,org_changeCycle=0,cur_changeCycle=0,to_view=16299
info|2019-12-11 04:27:51.101009|[g:1][CONSENSUS]addRawPrepare,height=6,reqIdx=0,hash=945ba781...
info|2019-12-11 04:27:51.101674|[g:1][CONSENSUS][PBFT]checkTimeout Succ,view=16299,toView=16300,nodeIdx=1,changeCycle=0,myNode=2dce86f9...,timecost=0.498
info|2019-12-11 04:27:51.103354|[g:1][CONSENSUS][PBFT]checkAndChangeView: Reach consensus,org_view=16299,org_changeCycle=0,cur_changeCycle=0,to_view=16300
info|2019-12-11 04:27:52.103806|[g:1][CONSENSUS][SEALER]++++++++++++++++ Generating seal on,blkNum=6,tx=0,nodeIdx=1,hash=6aea508d...
info|2019-12-11 04:27:52.105017|[g:1][CONSENSUS][PBFT]checkTimeout Succ,view=16300,toView=16301,nodeIdx=1,changeCycle=0,myNode=2dce86f9...,timecost=0.747
info|2019-12-11 04:27:52.108085|[g:1][CONSENSUS][PBFT]checkAndChangeView: Reach consensus,org_view=16300,org_changeCycle=0,cur_changeCycle=0,to_view=16301
info|2019-12-11 04:27:53.109055|[g:1][CONSENSUS]addRawPrepare,height=6,reqIdx=2,hash=7012efeb...
info|2019-12-11 04:27:53.109742|[g:1][CONSENSUS][PBFT]checkTimeout Succ,view=16301,toView=16302,nodeIdx=1,changeCycle=0,myNode=2dce86f9...,timecost=0.523
info|2019-12-11 04:27:53.111387|[g:1][CONSENSUS][PBFT]checkAndChangeView: Reach consensus,org_view=16301,org_changeCycle=0,cur_changeCycle=0,to_view=16302
info|2019-12-11 04:27:54.112163|[g:1][CONSENSUS]addRawPrepare,height=6,reqIdx=3,hash=bf4b0eb5...
info|2019-12-11 04:27:54.112672|[g:1][CONSENSUS][PBFT]checkTimeout Succ,view=16302,toView=16303,nodeIdx=1,changeCycle=0,myNode=2dce86f9...,timecost=0.39
info|2019-12-11 04:27:54.113798|[g:1][CONSENSUS][PBFT]checkAndChangeView: Reach consensus,org_view=16302,org_changeCycle=0,cur_changeCycle=0,to_view=16303
info|2019-12-11 04:27:55.115866|[g:1][CONSENSUS]addRawPrepare,height=6,reqIdx=0,hash=b11dee0f...
info|2019-12-11 04:27:55.116507|[g:1][CONSENSUS][PBFT]checkTimeout Succ,view=16303,toView=16304,nodeIdx=1,changeCycle=0,myNode=2dce86f9...,timecost=0.475
info|2019-12-11 04:27:55.117816|[g:1][CONSENSUS][PBFT]checkAndChangeView: Reach consensus,org_view=16303,org_changeCycle=0,cur_changeCycle=0,to_view=16304
info|2019-12-11 04:27:56.118312|[g:1][CONSENSUS][SEALER]++++++++++++++++ Generating seal on,blkNum=6,tx=0,nodeIdx=1,hash=95960a2b...
info|2019-12-11 04:27:56.119371|[g:1][CONSENSUS][PBFT]checkTimeout Succ,view=16304,toView=16305,nodeIdx=1,changeCycle=0,myNode=2dce86f9...,timecost=0.596
info|2019-12-11 04:27:56.121747|[g:1][CONSENSUS][PBFT]checkAndChangeView: Reach consensus,org_view=16304,org_changeCycle=0,cur_changeCycle=0,to_view=16305
info|2019-12-11 04:27:57.023095|[P2P][Service] heartBeat,connected count=3
info|2019-12-11 04:27:57.123331|[g:1][CONSENSUS]addRawPrepare,height=6,reqIdx=2,hash=e269da2f...
info|2019-12-11 04:27:57.124289|[g:1][CONSENSUS][PBFT]checkTimeout Succ,view=16305,toView=16306,nodeIdx=1,changeCycle=0,myNode=2dce86f9...,timecost=0.855
info|2019-12-11 04:27:57.126047|[g:1][CONSENSUS][PBFT]checkAndChangeView: Reach consensus,org_view=16305,org_changeCycle=0,cur_changeCycle=0,to_view=16306
info|2019-12-11 04:27:58.127584|[g:1][CONSENSUS]addRawPrepare,height=6,reqIdx=3,hash=e05338ed...
info|2019-12-11 04:27:58.128195|[g:1][CONSENSUS][PBFT]checkTimeout Succ,view=16306,toView=16307,nodeIdx=1,changeCycle=0,myNode=2dce86f9...,timecost=0.494
info|2019-12-11 04:27:58.129877|[g:1][CONSENSUS][PBFT]checkAndChangeView: Reach consensus,org_view=16306,org_changeCycle=0,cur_changeCycle=0,to_view=16307
info|2019-12-11 04:27:59.131300|[g:1][CONSENSUS]addRawPrepare,height=6,reqIdx=0,hash=a396babd...
info|2019-12-11 04:27:59.131961|[g:1][CONSENSUS][PBFT]checkTimeout Succ,view=16307,toView=16308,nodeIdx=1,changeCycle=0,myNode=2dce86f9...,timecost=0.529
info|2019-12-11 04:27:59.133691|[g:1][CONSENSUS][PBFT]checkAndChangeView: Reach consensus,org_view=16307,org_changeCycle=0,cur_changeCycle=0,to_view=16308
info|2019-12-11 04:28:00.134071|[g:1][CONSENSUS][SEALER]++++++++++++++++ Generating seal on,blkNum=6,tx=0,nodeIdx=1,hash=e5ce03f3...
info|2019-12-11 04:28:00.136661|[g:1][CONSENSUS][PBFT]checkTimeout Succ,view=16308,toView=16309,nodeIdx=1,changeCycle=0,myNode=2dce86f9...,timecost=0.358
info|2019-12-11 04:28:00.137235|[g:1][CONSENSUS][PBFT]checkAndChangeView: Reach consensus,org_view=16308,org_changeCycle=0,cur_changeCycle=0,to_view=16309
info|2019-12-11 04:28:01.137961|[g:1][CONSENSUS]addRawPrepare,height=6,reqIdx=2,hash=5f8589f7...
info|2019-12-11 04:28:01.138651|[g:1][CONSENSUS][PBFT]checkTimeout Succ,view=16309,toView=16310,nodeIdx=1,changeCycle=0,myNode=2dce86f9...,timecost=0.554
info|2019-12-11 04:28:01.140055|[g:1][CONSENSUS][PBFT]checkAndChangeView: Reach consensus,org_view=16309,org_changeCycle=0,cur_changeCycle=0,to_view=16310
info|2019-12-11 04:28:02.142261|[g:1][CONSENSUS]addRawPrepare,height=6,reqIdx=3,hash=e59b3048...
info|2019-12-11 04:28:02.143493|[g:1][CONSENSUS][PBFT]checkTimeout Succ,view=16310,toView=16311,nodeIdx=1,changeCycle=0,myNode=2dce86f9...,timecost=1.102
info|2019-12-11 04:28:02.144733|[g:1][CONSENSUS][PBFT]checkAndChangeView: Reach consensus,org_view=16310,org_changeCycle=0,cur_changeCycle=0,to_view=16311
info|2019-12-11 04:28:03.145940|[g:1][CONSENSUS]addRawPrepare,height=6,reqIdx=0,hash=8b753f3d...
info|2019-12-11 04:28:03.146581|[g:1][CONSENSUS][PBFT]checkTimeout Succ,view=16311,toView=16312,nodeIdx=1,changeCycle=0,myNode=2dce86f9...,timecost=0.47
info|2019-12-11 04:28:03.148020|[g:1][CONSENSUS][PBFT]checkAndChangeView: Reach consensus,org_view=16311,org_changeCycle=0,cur_changeCycle=0,to_view=16312
info|2019-12-11 04:28:04.149447|[g:1][CONSENSUS][SEALER]++++++++++++++++ Generating seal on,blkNum=6,tx=0,nodeIdx=1,hash=25b8c7f5...
info|2019-12-11 04:28:04.150458|[g:1][CONSENSUS][PBFT]checkTimeout Succ,view=16312,toView=16313,nodeIdx=1,changeCycle=0,myNode=2dce86f9...,timecost=0.542
info|2019-12-11 04:28:04.153127|[g:1][CONSENSUS][PBFT]checkAndChangeView: Reach consensus,org_view=16312,org_changeCycle=0,cur_changeCycle=0,to_view=16313
info|2019-12-11 04:28:05.154922|[g:1][CONSENSUS]addRawPrepare,height=6,reqIdx=2,hash=99227bf1...
info|2019-12-11 04:28:05.155765|[g:1][CONSENSUS][PBFT]checkTimeout Succ,view=16313,toView=16314,nodeIdx=1,changeCycle=0,myNode=2dce86f9...,timecost=0.64
info|2019-12-11 04:28:05.157292|[g:1][CONSENSUS][PBFT]checkAndChangeView: Reach consensus,org_view=16313,org_changeCycle=0,cur_changeCycle=0,to_view=16314
info|2019-12-11 04:28:06.159360|[g:1][CONSENSUS]addRawPrepare,height=6,reqIdx=3,hash=bd608592...
info|2019-12-11 04:28:06.160113|[g:1][CONSENSUS][PBFT]checkTimeout Succ,view=16314,toView=16315,nodeIdx=1,changeCycle=0,myNode=2dce86f9...,timecost=0.534
info|2019-12-11 04:28:06.161536|[g:1][CONSENSUS][PBFT]checkAndChangeView: Reach consensus,org_view=16314,org_changeCycle=0,cur_changeCycle=0,to_view=16315
info|2019-12-11 04:28:07.031159|[P2P][Service] heartBeat,connected count=3
info|2019-12-11 04:28:07.163348|[g:1][CONSENSUS]addRawPrepare,height=6,reqIdx=0,hash=a4f255bf...
info|2019-12-11 04:28:07.164093|[g:1][CONSENSUS][PBFT]checkTimeout Succ,view=16315,toView=16316,nodeIdx=1,changeCycle=0,myNode=2dce86f9...,timecost=0.61
info|2019-12-11 04:28:07.165959|[g:1][CONSENSUS][PBFT]checkAndChangeView: Reach consensus,org_view=16315,org_changeCycle=0,cur_changeCycle=0,to_view=16316
info|2019-12-11 04:28:08.165956|[g:1][CONSENSUS][SEALER]++++++++++++++++ Generating seal on,blkNum=6,tx=0,nodeIdx=1,hash=54eddbf9...
info|2019-12-11 04:28:08.166772|[g:1][CONSENSUS][PBFT]checkTimeout Succ,view=16316,toView=16317,nodeIdx=1,changeCycle=0,myNode=2dce86f9...,timecost=0.342
info|2019-12-11 04:28:08.169321|[g:1][CONSENSUS][PBFT]checkAndChangeView: Reach consensus,org_view=16316,org_changeCycle=0,cur_changeCycle=0,to_view=16317
info|2019-12-11 04:28:09.172059|[g:1][CONSENSUS]addRawPrepare,height=6,reqIdx=2,hash=22894485...
info|2019-12-11 04:28:09.172650|[g:1][CONSENSUS][PBFT]checkTimeout Succ,view=16317,toView=16318,nodeIdx=1,changeCycle=0,myNode=2dce86f9...,timecost=0.459
info|2019-12-11 04:28:09.174579|[g:1][CONSENSUS][PBFT]checkAndChangeView: Reach consensus,org_view=16317,org_changeCycle=0,cur_changeCycle=0,to_view=16318
info|2019-12-11 04:28:10.175830|[g:1][CONSENSUS]addRawPrepare,height=6,reqIdx=3,hash=2904c472...
info|2019-12-11 04:28:10.176403|[g:1][CONSENSUS][PBFT]checkTimeout Succ,view=16318,toView=16319,nodeIdx=1,changeCycle=0,myNode=2dce86f9...,timecost=0.447
info|2019-12-11 04:28:10.177853|[g:1][CONSENSUS][PBFT]checkAndChangeView: Reach consensus,org_view=16318,org_changeCycle=0,cur_changeCycle=0,to_view=16319
info|2019-12-11 04:28:11.179737|[g:1][CONSENSUS]addRawPrepare,height=6,reqIdx=0,hash=975732ed...
info|2019-12-11 04:28:11.180422|[g:1][CONSENSUS][PBFT]checkTimeout Succ,view=16319,toView=16320,nodeIdx=1,changeCycle=0,myNode=2dce86f9...,timecost=0.518
info|2019-12-11 04:28:11.181849|[g:1][CONSENSUS][PBFT]checkAndChangeView: Reach consensus,org_view=16319,org_changeCycle=0,cur_changeCycle=0,to_view=16320
info|2019-12-11 04:28:12.182190|[g:1][CONSENSUS][SEALER]++++++++++++++++ Generating seal on,blkNum=6,tx=0,nodeIdx=1,hash=ebb840cb...
info|2019-12-11 04:28:12.183305|[g:1][CONSENSUS][PBFT]checkTimeout Succ,view=16320,toView=16321,nodeIdx=1,changeCycle=0,myNode=2dce86f9...,timecost=0.567
info|2019-12-11 04:28:12.186349|[g:1][CONSENSUS][PBFT]checkAndChangeView: Reach consensus,org_view=16320,org_changeCycle=0,cur_changeCycle=0,to_view=16321
info|2019-12-11 04:28:13.186449|[g:1][CONSENSUS]addRawPrepare,height=6,reqIdx=2,hash=9781c1b3...
info|2019-12-11 04:28:13.187074|[g:1][CONSENSUS][PBFT]checkTimeout Succ,view=16321,toView=16322,nodeIdx=1,changeCycle=0,myNode=2dce86f9...,timecost=0.485
info|2019-12-11 04:28:13.188702|[g:1][CONSENSUS][PBFT]checkAndChangeView: Reach consensus,org_view=16321,org_changeCycle=0,cur_changeCycle=0,to_view=16322
info|2019-12-11 04:28:14.189664|[g:1][CONSENSUS]addRawPrepare,height=6,reqIdx=3,hash=f31383c9...
info|2019-12-11 04:28:14.190537|[g:1][CONSENSUS][PBFT]checkTimeout Succ,view=16322,toView=16323,nodeIdx=1,changeCycle=0,myNode=2dce86f9...,timecost=0.702
info|2019-12-11 04:28:14.192299|[g:1][CONSENSUS][PBFT]checkAndChangeView: Reach consensus,org_view=16322,org_changeCycle=0,cur_changeCycle=0,to_view=16323
info|2019-12-11 04:28:15.194933|[g:1][CONSENSUS]addRawPrepare,height=6,reqIdx=0,hash=605b20d0...
info|2019-12-11 04:28:15.195558|[g:1][CONSENSUS][PBFT]checkTimeout Succ,view=16323,toView=16324,nodeIdx=1,changeCycle=0,myNode=2dce86f9...,timecost=0.464
info|2019-12-11 04:28:15.197143|[g:1][CONSENSUS][PBFT]checkAndChangeView: Reach consensus,org_view=16323,org_changeCycle=0,cur_changeCycle=0,to_view=16324
info|2019-12-11 04:28:16.197941|[g:1][CONSENSUS][SEALER]++++++++++++++++ Generating seal on,blkNum=6,tx=0,nodeIdx=1,hash=c4efe250...
info|2019-12-11 04:28:16.201297|[g:1][CONSENSUS][PBFT]checkTimeout Succ,view=16324,toView=16325,nodeIdx=1,changeCycle=0,myNode=2dce86f9...,timecost=0.588
info|2019-12-11 04:28:16.202070|[g:1][CONSENSUS][PBFT]checkAndChangeView: Reach consensus,org_view=16324,org_changeCycle=0,cur_changeCycle=0,to_view=16325
info|2019-12-11 04:28:17.034365|[P2P][Service] heartBeat,connected count=3
info|2019-12-11 04:28:17.203691|[g:1][CONSENSUS]addRawPrepare,height=6,reqIdx=2,hash=4946679f...
info|2019-12-11 04:28:17.204483|[g:1][CONSENSUS][PBFT]checkTimeout Succ,view=16325,toView=16326,nodeIdx=1,changeCycle=0,myNode=2dce86f9...,timecost=0.656
info|2019-12-11 04:28:17.206089|[g:1][CONSENSUS][PBFT]checkAndChangeView: Reach consensus,org_view=16325,org_changeCycle=0,cur_changeCycle=0,to_view=16326
info|2019-12-11 04:28:18.208779|[g:1][CONSENSUS]addRawPrepare,height=6,reqIdx=3,hash=378863a2...
info|2019-12-11 04:28:18.209378|[g:1][CONSENSUS][PBFT]checkTimeout Succ,view=16326,toView=16327,nodeIdx=1,changeCycle=0,myNode=2dce86f9...,timecost=0.475
info|2019-12-11 04:28:18.211114|[g:1][CONSENSUS][PBFT]checkAndChangeView: Reach consensus,org_view=16326,org_changeCycle=0,cur_changeCycle=0,to_view=16327
info|2019-12-11 04:28:19.213983|[g:1][CONSENSUS]addRawPrepare,height=6,reqIdx=0,hash=febcfcb2...
info|2019-12-11 04:28:19.214735|[g:1][CONSENSUS][PBFT]checkTimeout Succ,view=16327,toView=16328,nodeIdx=1,changeCycle=0,myNode=2dce86f9...,timecost=0.589
info|2019-12-11 04:28:19.216248|[g:1][CONSENSUS][PBFT]checkAndChangeView: Reach consensus,org_view=16327,org_changeCycle=0,cur_changeCycle=0,to_view=16328
info|2019-12-11 04:28:20.217734|[g:1][CONSENSUS][SEALER]++++++++++++++++ Generating seal on,blkNum=6,tx=0,nodeIdx=1,hash=3ddd7585...
info|2019-12-11 04:28:20.218655|[g:1][CONSENSUS][PBFT]checkTimeout Succ,view=16328,toView=16329,nodeIdx=1,changeCycle=0,myNode=2dce86f9...,timecost=0.458
info|2019-12-11 04:28:20.221640|[g:1][CONSENSUS][PBFT]checkAndChangeView: Reach consensus,org_view=16328,org_changeCycle=0,cur_changeCycle=0,to_view=16329
info|2019-12-11 04:28:21.222677|[g:1][CONSENSUS]addRawPrepare,height=6,reqIdx=2,hash=ee7ba7d7...
info|2019-12-11 04:28:21.223391|[g:1][CONSENSUS][PBFT]checkTimeout Succ,view=16329,toView=16330,nodeIdx=1,changeCycle=0,myNode=2dce86f9...,timecost=0.539
info|2019-12-11 04:28:21.224910|[g:1][CONSENSUS][PBFT]checkAndChangeView: Reach consensus,org_view=16329,org_changeCycle=0,cur_changeCycle=0,to_view=16330
info|2019-12-11 04:28:22.225713|[g:1][CONSENSUS]addRawPrepare,height=6,reqIdx=3,hash=c62c5680...
info|2019-12-11 04:28:22.226995|[g:1][CONSENSUS][PBFT]checkTimeout Succ,view=16330,toView=16331,nodeIdx=1,changeCycle=0,myNode=2dce86f9...,timecost=1.175
info|2019-12-11 04:28:22.228514|[g:1][CONSENSUS][PBFT]checkAndChangeView: Reach consensus,org_view=16330,org_changeCycle=0,cur_changeCycle=0,to_view=16331
info|2019-12-11 04:28:23.230380|[g:1][CONSENSUS]addRawPrepare,height=6,reqIdx=0,hash=65ff7b4d...
info|2019-12-11 04:28:23.230993|[g:1][CONSENSUS][PBFT]checkTimeout Succ,view=16331,toView=16332,nodeIdx=1,changeCycle=0,myNode=2dce86f9...,timecost=0.476
info|2019-12-11 04:28:23.232442|[g:1][CONSENSUS][PBFT]checkAndChangeView: Reach consensus,org_view=16331,org_changeCycle=0,cur_changeCycle=0,to_view=16332
info|2019-12-11 04:28:24.233384|[g:1][CONSENSUS][SEALER]++++++++++++++++ Generating seal on,blkNum=6,tx=0,nodeIdx=1,hash=7c008df6...
info|2019-12-11 04:28:24.234371|[g:1][CONSENSUS][PBFT]checkTimeout Succ,view=16332,toView=16333,nodeIdx=1,changeCycle=0,myNode=2dce86f9...,timecost=0.462
info|2019-12-11 04:28:24.237164|[g:1][CONSENSUS][PBFT]checkAndChangeView: Reach consensus,org_view=16332,org_changeCycle=0,cur_changeCycle=0,to_view=16333
info|2019-12-11 04:28:25.238280|[g:1][CONSENSUS]addRawPrepare,height=6,reqIdx=2,hash=4a1dc6b3...
info|2019-12-11 04:28:25.238963|[g:1][CONSENSUS][PBFT]checkTimeout Succ,view=16333,toView=16334,nodeIdx=1,changeCycle=0,myNode=2dce86f9...,timecost=0.515
info|2019-12-11 04:28:25.240372|[g:1][CONSENSUS][PBFT]checkAndChangeView: Reach consensus,org_view=16333,org_changeCycle=0,cur_changeCycle=0,to_view=16334
info|2019-12-11 04:28:26.242558|[g:1][CONSENSUS]addRawPrepare,height=6,reqIdx=3,hash=e9be8440...
info|2019-12-11 04:28:26.243388|[g:1][CONSENSUS][PBFT]checkTimeout Succ,view=16334,toView=16335,nodeIdx=1,changeCycle=0,myNode=2dce86f9...,timecost=0.668
info|2019-12-11 04:28:26.245292|[g:1][CONSENSUS][PBFT]checkAndChangeView: Reach consensus,org_view=16334,org_changeCycle=0,cur_changeCycle=0,to_view=16335
info|2019-12-11 04:28:27.042942|[P2P][Service] heartBeat,connected count=3
info|2019-12-11 04:28:27.246930|[g:1][CONSENSUS]addRawPrepare,height=6,reqIdx=0,hash=38cfd90a...
info|2019-12-11 04:28:27.247554|[g:1][CONSENSUS][PBFT]checkTimeout Succ,view=16335,toView=16336,nodeIdx=1,changeCycle=0,myNode=2dce86f9...,timecost=0.496
info|2019-12-11 04:28:27.249065|[g:1][CONSENSUS][PBFT]checkAndChangeView: Reach consensus,org_view=16335,org_changeCycle=0,cur_changeCycle=0,to_view=16336
info|2019-12-11 04:28:28.250546|[g:1][CONSENSUS][SEALER]++++++++++++++++ Generating seal on,blkNum=6,tx=0,nodeIdx=1,hash=bd4f5224...
info|2019-12-11 04:28:28.251455|[g:1][CONSENSUS][PBFT]checkTimeout Succ,view=16336,toView=16337,nodeIdx=1,changeCycle=0,myNode=2dce86f9...,timecost=0.399
info|2019-12-11 04:28:28.254588|[g:1][CONSENSUS][PBFT]checkAndChangeView: Reach consensus,org_view=16336,org_changeCycle=0,cur_changeCycle=0,to_view=16337
info|2019-12-11 04:28:29.256819|[g:1][CONSENSUS]addRawPrepare,height=6,reqIdx=2,hash=8e1406b9...
info|2019-12-11 04:28:29.257403|[g:1][CONSENSUS][PBFT]checkTimeout Succ,view=16337,toView=16338,nodeIdx=1,changeCycle=0,myNode=2dce86f9...,timecost=0.453
info|2019-12-11 04:28:29.258851|[g:1][CONSENSUS][PBFT]checkAndChangeView: Reach consensus,org_view=16337,org_changeCycle=0,cur_changeCycle=0,to_view=16338
info|2019-12-11 04:28:30.261508|[g:1][CONSENSUS]addRawPrepare,height=6,reqIdx=3,hash=2ee05480...
info|2019-12-11 04:28:30.262184|[g:1][CONSENSUS][PBFT]checkTimeout Succ,view=16338,toView=16339,nodeIdx=1,changeCycle=0,myNode=2dce86f9...,timecost=0.527
info|2019-12-11 04:28:30.264258|[g:1][CONSENSUS][PBFT]checkAndChangeView: Reach consensus,org_view=16338,org_changeCycle=0,cur_changeCycle=0,to_view=16339
info|2019-12-11 04:28:31.266052|[g:1][CONSENSUS]addRawPrepare,height=6,reqIdx=0,hash=720c0486...
info|2019-12-11 04:28:31.266716|[g:1][CONSENSUS][PBFT]checkTimeout Succ,view=16339,toView=16340,nodeIdx=1,changeCycle=0,myNode=2dce86f9...,timecost=0.521
info|2019-12-11 04:28:31.268372|[g:1][CONSENSUS][PBFT]checkAndChangeView: Reach consensus,org_view=16339,org_changeCycle=0,cur_changeCycle=0,to_view=16340
info|2019-12-11 04:28:32.269731|[g:1][CONSENSUS][SEALER]++++++++++++++++ Generating seal on,blkNum=6,tx=0,nodeIdx=1,hash=c1e67ebd...
info|2019-12-11 04:28:32.270852|[g:1][CONSENSUS][PBFT]checkTimeout Succ,view=16340,toView=16341,nodeIdx=1,changeCycle=0,myNode=2dce86f9...,timecost=0.57
info|2019-12-11 04:28:32.273656|[g:1][CONSENSUS][PBFT]checkAndChangeView: Reach consensus,org_view=16340,org_changeCycle=0,cur_changeCycle=0,to_view=16341
info|2019-12-11 04:28:33.274463|[g:1][CONSENSUS]addRawPrepare,height=6,reqIdx=2,hash=2591d4f6...
info|2019-12-11 04:28:33.275113|[g:1][CONSENSUS][PBFT]checkTimeout Succ,view=16341,toView=16342,nodeIdx=1,changeCycle=0,myNode=2dce86f9...,timecost=0.47
info|2019-12-11 04:28:33.276702|[g:1][CONSENSUS][PBFT]checkAndChangeView: Reach consensus,org_view=16341,org_changeCycle=0,cur_changeCycle=0,to_view=16342
info|2019-12-11 04:28:34.278622|[g:1][CONSENSUS]addRawPrepare,height=6,reqIdx=3,hash=0d4a8987...
info|2019-12-11 04:28:34.279282|[g:1][CONSENSUS][PBFT]checkTimeout Succ,view=16342,toView=16343,nodeIdx=1,changeCycle=0,myNode=2dce86f9...,timecost=0.526
info|2019-12-11 04:28:34.280686|[g:1][CONSENSUS][PBFT]checkAndChangeView: Reach consensus,org_view=16342,org_changeCycle=0,cur_changeCycle=0,to_view=16343
info|2019-12-11 04:28:35.283233|[g:1][CONSENSUS]addRawPrepare,height=6,reqIdx=0,hash=6115d879...
info|2019-12-11 04:28:35.283789|[g:1][CONSENSUS][PBFT]checkTimeout Succ,view=16343,toView=16344,nodeIdx=1,changeCycle=0,myNode=2dce86f9...,timecost=0.428
info|2019-12-11 04:28:35.285110|[g:1][CONSENSUS][PBFT]checkAndChangeView: Reach consensus,org_view=16343,org_changeCycle=0,cur_changeCycle=0,to_view=16344
info|2019-12-11 04:28:36.285558|[g:1][CONSENSUS][SEALER]++++++++++++++++ Generating seal on,blkNum=6,tx=0,nodeIdx=1,hash=0829466c...
info|2019-12-11 04:28:36.286506|[g:1][CONSENSUS][PBFT]checkTimeout Succ,view=16344,toView=16345,nodeIdx=1,changeCycle=0,myNode=2dce86f9...,timecost=0.471
info|2019-12-11 04:28:36.288980|[g:1][CONSENSUS][PBFT]checkAndChangeView: Reach consensus,org_view=16344,org_changeCycle=0,cur_changeCycle=0,to_view=16345
info|2019-12-11 04:28:37.052852|[P2P][Service] heartBeat,connected count=3
info|2019-12-11 04:28:37.291664|[g:1][CONSENSUS]addRawPrepare,height=6,reqIdx=2,hash=71cd754d...
info|2019-12-11 04:28:37.292334|[g:1][CONSENSUS][PBFT]checkTimeout Succ,view=16345,toView=16346,nodeIdx=1,changeCycle=0,myNode=2dce86f9...,timecost=0.542
info|2019-12-11 04:28:37.293867|[g:1][CONSENSUS][PBFT]checkAndChangeView: Reach consensus,org_view=16345,org_changeCycle=0,cur_changeCycle=0,to_view=16346
info|2019-12-11 04:28:38.296613|[g:1][CONSENSUS]addRawPrepare,height=6,reqIdx=3,hash=a3fc4577...
info|2019-12-11 04:28:38.297087|[g:1][CONSENSUS][PBFT]checkTimeout Succ,view=16346,toView=16347,nodeIdx=1,changeCycle=0,myNode=2dce86f9...,timecost=0.356
info|2019-12-11 04:28:38.298172|[g:1][CONSENSUS][PBFT]checkAndChangeView: Reach consensus,org_view=16346,org_changeCycle=0,cur_changeCycle=0,to_view=16347
info|2019-12-11 04:28:39.301056|[g:1][CONSENSUS]addRawPrepare,height=6,reqIdx=0,hash=2133eeca...
info|2019-12-11 04:28:39.301743|[g:1][CONSENSUS][PBFT]checkTimeout Succ,view=16347,toView=16348,nodeIdx=1,changeCycle=0,myNode=2dce86f9...,timecost=0.529
info|2019-12-11 04:28:39.303313|[g:1][CONSENSUS][PBFT]checkAndChangeView: Reach consensus,org_view=16347,org_changeCycle=0,cur_changeCycle=0,to_view=16348
info|2019-12-11 04:28:40.304370|[g:1][CONSENSUS][SEALER]++++++++++++++++ Generating seal on,blkNum=6,tx=0,nodeIdx=1,hash=21997f8a...
info|2019-12-11 04:28:40.307622|[g:1][CONSENSUS][PBFT]checkTimeout Succ,view=16348,toView=16349,nodeIdx=1,changeCycle=0,myNode=2dce86f9...,timecost=0.481
info|2019-12-11 04:28:40.308485|[g:1][CONSENSUS][PBFT]checkAndChangeView: Reach consensus,org_view=16348,org_changeCycle=0,cur_changeCycle=0,to_view=16349
