info|2019-11-12 00:26:16.007803|[P2P][Service] heartBeat,connected count=3
warning|2019-11-12 00:26:16.010192|[g:1][CONSENSUS][PBFT]ViewChangeWarning: not caused by omit empty block ,v=22272,toV=22273,curNum=0,hash=f72cae63...,nodeIdx=1,myNode=2dce86f9...
info|2019-11-12 00:26:16.010368|[g:1][CONSENSUS][PBFT]checkTimeout Succ,view=22272,toView=22273,nodeIdx=1,changeCycle=1,myNode=2dce86f9...,timecost=0.608
info|2019-11-12 00:26:16.012269|[g:1][CONSENSUS][PBFT]checkAndChangeView: Reach consensus,org_view=22272,org_changeCycle=1,cur_changeCycle=1,to_view=22273
info|2019-11-12 00:26:17.012683|[g:1][CONSENSUS][SEALER]++++++++++++++++ Generating seal on,blkNum=1,tx=0,nodeIdx=1,hash=90bd404f...
info|2019-11-12 00:26:17.014906|[g:1][CONSENSUS][PBFT]checkTimeout Succ,view=22273,toView=22274,nodeIdx=1,changeCycle=0,myNode=2dce86f9...,timecost=0.385
info|2019-11-12 00:26:17.016125|[g:1][CONSENSUS][PBFT]checkAndChangeView: Reach consensus,org_view=22273,org_changeCycle=0,cur_changeCycle=0,to_view=22274
info|2019-11-12 00:26:18.018133|[g:1][CONSENSUS]addRawPrepare,height=1,reqIdx=2,hash=ac09e8da...
info|2019-11-12 00:26:18.018845|[g:1][CONSENSUS][PBFT]checkTimeout Succ,view=22274,toView=22275,nodeIdx=1,changeCycle=0,myNode=2dce86f9...,timecost=0.521
info|2019-11-12 00:26:18.020494|[g:1][CONSENSUS][PBFT]checkAndChangeView: Reach consensus,org_view=22274,org_changeCycle=0,cur_changeCycle=0,to_view=22275
info|2019-11-12 00:26:19.022239|[g:1][CONSENSUS]addRawPrepare,height=1,reqIdx=3,hash=dad3ce14...
info|2019-11-12 00:26:19.022757|[g:1][CONSENSUS][PBFT]checkTimeout Succ,view=22275,toView=22276,nodeIdx=1,changeCycle=0,myNode=2dce86f9...,timecost=0.39
info|2019-11-12 00:26:19.024153|[g:1][CONSENSUS][PBFT]checkAndChangeView: Reach consensus,org_view=22275,org_changeCycle=0,cur_changeCycle=0,to_view=22276
info|2019-11-12 00:26:20.025528|[g:1][CONSENSUS]addRawPrepare,height=1,reqIdx=0,hash=a6c14f00...
info|2019-11-12 00:26:20.026042|[g:1][CONSENSUS][PBFT]checkTimeout Succ,view=22276,toView=22277,nodeIdx=1,changeCycle=0,myNode=2dce86f9...,timecost=0.404
info|2019-11-12 00:26:20.027503|[g:1][CONSENSUS][PBFT]checkAndChangeView: Reach consensus,org_view=22276,org_changeCycle=0,cur_changeCycle=0,to_view=22277
info|2019-11-12 00:26:21.028501|[g:1][CONSENSUS][SEALER]++++++++++++++++ Generating seal on,blkNum=1,tx=0,nodeIdx=1,hash=cfbb777b...
info|2019-11-12 00:26:21.029341|[g:1][CONSENSUS][PBFT]checkTimeout Succ,view=22277,toView=22278,nodeIdx=1,changeCycle=0,myNode=2dce86f9...,timecost=0.48
info|2019-11-12 00:26:21.031550|[g:1][CONSENSUS][PBFT]checkAndChangeView: Reach consensus,org_view=22277,org_changeCycle=0,cur_changeCycle=0,to_view=22278
info|2019-11-12 00:26:22.034639|[g:1][CONSENSUS]addRawPrepare,height=1,reqIdx=2,hash=e1064050...
info|2019-11-12 00:26:22.035520|[g:1][CONSENSUS][PBFT]checkTimeout Succ,view=22278,toView=22279,nodeIdx=1,changeCycle=0,myNode=2dce86f9...,timecost=0.675
info|2019-11-12 00:26:22.036962|[g:1][CONSENSUS][PBFT]checkAndChangeView: Reach consensus,org_view=22278,org_changeCycle=0,cur_changeCycle=0,to_view=22279
info|2019-11-12 00:26:23.038849|[g:1][CONSENSUS]addRawPrepare,height=1,reqIdx=3,hash=5521e8b0...
info|2019-11-12 00:26:23.039690|[g:1][CONSENSUS][PBFT]checkTimeout Succ,view=22279,toView=22280,nodeIdx=1,changeCycle=0,myNode=2dce86f9...,timecost=0.659
info|2019-11-12 00:26:23.041474|[g:1][CONSENSUS][PBFT]checkAndChangeView: Reach consensus,org_view=22279,org_changeCycle=0,cur_changeCycle=0,to_view=22280
info|2019-11-12 00:26:24.042793|[g:1][CONSENSUS]addRawPrepare,height=1,reqIdx=0,hash=8986f093...
info|2019-11-12 00:26:24.043431|[g:1][CONSENSUS][PBFT]checkTimeout Succ,view=22280,toView=22281,nodeIdx=1,changeCycle=0,myNode=2dce86f9...,timecost=0.456
info|2019-11-12 00:26:24.044826|[g:1][CONSENSUS][PBFT]checkAndChangeView: Reach consensus,org_view=22280,org_changeCycle=0,cur_changeCycle=0,to_view=22281
info|2019-11-12 00:26:25.045450|[g:1][CONSENSUS][SEALER]++++++++++++++++ Generating seal on,blkNum=1,tx=0,nodeIdx=1,hash=7e00c5e8...
info|2019-11-12 00:26:25.046424|[g:1][CONSENSUS][PBFT]checkTimeout Succ,view=22281,toView=22282,nodeIdx=1,changeCycle=0,myNode=2dce86f9...,timecost=0.488
info|2019-11-12 00:26:25.049193|[g:1][CONSENSUS][PBFT]checkAndChangeView: Reach consensus,org_view=22281,org_changeCycle=0,cur_changeCycle=0,to_view=22282
info|2019-11-12 00:26:26.011578|[P2P][Service] heartBeat,connected count=3
info|2019-11-12 00:26:26.051280|[g:1][CONSENSUS]addRawPrepare,height=1,reqIdx=2,hash=ab71ac51...
info|2019-11-12 00:26:26.052435|[g:1][CONSENSUS][PBFT]checkTimeout Succ,view=22282,toView=22283,nodeIdx=1,changeCycle=0,myNode=2dce86f9...,timecost=0.988
info|2019-11-12 00:26:26.054124|[g:1][CONSENSUS][PBFT]checkAndChangeView: Reach consensus,org_view=22282,org_changeCycle=0,cur_changeCycle=0,to_view=22283
info|2019-11-12 00:26:27.054474|[g:1][CONSENSUS]addRawPrepare,height=1,reqIdx=3,hash=fd7586c6...
info|2019-11-12 00:26:27.055051|[g:1][CONSENSUS][PBFT]checkTimeout Succ,view=22283,toView=22284,nodeIdx=1,changeCycle=0,myNode=2dce86f9...,timecost=0.443
info|2019-11-12 00:26:27.056676|[g:1][CONSENSUS][PBFT]checkAndChangeView: Reach consensus,org_view=22283,org_changeCycle=0,cur_changeCycle=0,to_view=22284
info|2019-11-12 00:26:28.058175|[g:1][CONSENSUS]addRawPrepare,height=1,reqIdx=0,hash=00555617...
info|2019-11-12 00:26:28.058840|[g:1][CONSENSUS][PBFT]checkTimeout Succ,view=22284,toView=22285,nodeIdx=1,changeCycle=0,myNode=2dce86f9...,timecost=0.526
info|2019-11-12 00:26:28.060321|[g:1][CONSENSUS][PBFT]checkAndChangeView: Reach consensus,org_view=22284,org_changeCycle=0,cur_changeCycle=0,to_view=22285
info|2019-11-12 00:26:29.060892|[g:1][CONSENSUS][SEALER]++++++++++++++++ Generating seal on,blkNum=1,tx=0,nodeIdx=1,hash=e38d5e7d...
info|2019-11-12 00:26:29.063117|[g:1][CONSENSUS][PBFT]checkTimeout Succ,view=22285,toView=22286,nodeIdx=1,changeCycle=0,myNode=2dce86f9...,timecost=0.409
info|2019-11-12 00:26:29.064381|[g:1][CONSENSUS][PBFT]checkAndChangeView: Reach consensus,org_view=22285,org_changeCycle=0,cur_changeCycle=0,to_view=22286
info|2019-11-12 00:26:30.064821|[g:1][CONSENSUS]addRawPrepare,height=1,reqIdx=2,hash=edaf30e5...
info|2019-11-12 00:26:30.065485|[g:1][CONSENSUS][PBFT]checkTimeout Succ,view=22286,toView=22287,nodeIdx=1,changeCycle=0,myNode=2dce86f9...,timecost=0.477
info|2019-11-12 00:26:30.067263|[g:1][CONSENSUS][PBFT]checkAndChangeView: Reach consensus,org_view=22286,org_changeCycle=0,cur_changeCycle=0,to_view=22287
info|2019-11-12 00:26:31.070046|[g:1][CONSENSUS]addRawPrepare,height=1,reqIdx=3,hash=38bf8ada...
info|2019-11-12 00:26:31.071222|[g:1][CONSENSUS][PBFT]checkTimeout Succ,view=22287,toView=22288,nodeIdx=1,changeCycle=0,myNode=2dce86f9...,timecost=1.026
info|2019-11-12 00:26:31.072989|[g:1][CONSENSUS][PBFT]checkAndChangeView: Reach consensus,org_view=22287,org_changeCycle=0,cur_changeCycle=0,to_view=22288
info|2019-11-12 00:26:32.075029|[g:1][CONSENSUS]addRawPrepare,height=1,reqIdx=0,hash=83e01bd8...
info|2019-11-12 00:26:32.075756|[g:1][CONSENSUS][PBFT]checkTimeout Succ,view=22288,toView=22289,nodeIdx=1,changeCycle=0,myNode=2dce86f9...,timecost=0.547
info|2019-11-12 00:26:32.077141|[g:1][CONSENSUS][PBFT]checkAndChangeView: Reach consensus,org_view=22288,org_changeCycle=0,cur_changeCycle=0,to_view=22289
info|2019-11-12 00:26:33.077564|[g:1][CONSENSUS][SEALER]++++++++++++++++ Generating seal on,blkNum=1,tx=0,nodeIdx=1,hash=4818d879...
info|2019-11-12 00:26:33.080996|[g:1][CONSENSUS][PBFT]checkTimeout Succ,view=22289,toView=22290,nodeIdx=1,changeCycle=0,myNode=2dce86f9...,timecost=0.484
info|2019-11-12 00:26:33.081706|[g:1][CONSENSUS][PBFT]checkAndChangeView: Reach consensus,org_view=22289,org_changeCycle=0,cur_changeCycle=0,to_view=22290
info|2019-11-12 00:26:34.083604|[g:1][CONSENSUS]addRawPrepare,height=1,reqIdx=2,hash=4da18fe5...
info|2019-11-12 00:26:34.084177|[g:1][CONSENSUS][PBFT]checkTimeout Succ,view=22290,toView=22291,nodeIdx=1,changeCycle=0,myNode=2dce86f9...,timecost=0.422
info|2019-11-12 00:26:34.085500|[g:1][CONSENSUS][PBFT]checkAndChangeView: Reach consensus,org_view=22290,org_changeCycle=0,cur_changeCycle=0,to_view=22291
info|2019-11-12 00:26:35.086739|[g:1][CONSENSUS]addRawPrepare,height=1,reqIdx=3,hash=50c0fa6b...
info|2019-11-12 00:26:35.087368|[g:1][CONSENSUS][PBFT]checkTimeout Succ,view=22291,toView=22292,nodeIdx=1,changeCycle=0,myNode=2dce86f9...,timecost=0.5
info|2019-11-12 00:26:35.088686|[g:1][CONSENSUS][PBFT]checkAndChangeView: Reach consensus,org_view=22291,org_changeCycle=0,cur_changeCycle=0,to_view=22292
info|2019-11-12 00:26:36.020224|[P2P][Service] heartBeat,connected count=3
info|2019-11-12 00:26:36.089862|[g:1][CONSENSUS]addRawPrepare,height=1,reqIdx=0,hash=6707e2f5...
info|2019-11-12 00:26:36.090911|[g:1][CONSENSUS][PBFT]checkTimeout Succ,view=22292,toView=22293,nodeIdx=1,changeCycle=0,myNode=2dce86f9...,timecost=0.872
info|2019-11-12 00:26:36.092546|[g:1][CONSENSUS][PBFT]checkAndChangeView: Reach consensus,org_view=22292,org_changeCycle=0,cur_changeCycle=0,to_view=22293
info|2019-11-12 00:26:37.093152|[g:1][CONSENSUS][SEALER]++++++++++++++++ Generating seal on,blkNum=1,tx=0,nodeIdx=1,hash=282b9b8e...
info|2019-11-12 00:26:37.095573|[g:1][CONSENSUS][PBFT]checkTimeout Succ,view=22293,toView=22294,nodeIdx=1,changeCycle=0,myNode=2dce86f9...,timecost=0.408
info|2019-11-12 00:26:37.096195|[g:1][CONSENSUS][PBFT]checkAndChangeView: Reach consensus,org_view=22293,org_changeCycle=0,cur_changeCycle=0,to_view=22294
info|2019-11-12 00:26:38.097035|[g:1][CONSENSUS]addRawPrepare,height=1,reqIdx=2,hash=dd7eeb3c...
info|2019-11-12 00:26:38.097692|[g:1][CONSENSUS][PBFT]checkTimeout Succ,view=22294,toView=22295,nodeIdx=1,changeCycle=0,myNode=2dce86f9...,timecost=0.531
info|2019-11-12 00:26:38.099088|[g:1][CONSENSUS][PBFT]checkAndChangeView: Reach consensus,org_view=22294,org_changeCycle=0,cur_changeCycle=0,to_view=22295
info|2019-11-12 00:26:39.101413|[g:1][CONSENSUS]addRawPrepare,height=1,reqIdx=3,hash=3b2652b6...
info|2019-11-12 00:26:39.102091|[g:1][CONSENSUS][PBFT]checkTimeout Succ,view=22295,toView=22296,nodeIdx=1,changeCycle=0,myNode=2dce86f9...,timecost=0.487
info|2019-11-12 00:26:39.103537|[g:1][CONSENSUS][PBFT]checkAndChangeView: Reach consensus,org_view=22295,org_changeCycle=0,cur_changeCycle=0,to_view=22296
info|2019-11-12 00:26:40.105287|[g:1][CONSENSUS]addRawPrepare,height=1,reqIdx=0,hash=95aea1bf...
info|2019-11-12 00:26:40.105904|[g:1][CONSENSUS][PBFT]checkTimeout Succ,view=22296,toView=22297,nodeIdx=1,changeCycle=0,myNode=2dce86f9...,timecost=0.473
info|2019-11-12 00:26:40.107633|[g:1][CONSENSUS][PBFT]checkAndChangeView: Reach consensus,org_view=22296,org_changeCycle=0,cur_changeCycle=0,to_view=22297
info|2019-11-12 00:26:41.108590|[g:1][CONSENSUS][SEALER]++++++++++++++++ Generating seal on,blkNum=1,tx=0,nodeIdx=1,hash=fa370848...
info|2019-11-12 00:26:41.109572|[g:1][CONSENSUS][PBFT]checkTimeout Succ,view=22297,toView=22298,nodeIdx=1,changeCycle=0,myNode=2dce86f9...,timecost=0.513
info|2019-11-12 00:26:41.112295|[g:1][CONSENSUS][PBFT]checkAndChangeView: Reach consensus,org_view=22297,org_changeCycle=0,cur_changeCycle=0,to_view=22298
info|2019-11-12 00:26:42.114744|[g:1][CONSENSUS]addRawPrepare,height=1,reqIdx=2,hash=4058b620...
info|2019-11-12 00:26:42.115499|[g:1][CONSENSUS][PBFT]checkTimeout Succ,view=22298,toView=22299,nodeIdx=1,changeCycle=0,myNode=2dce86f9...,timecost=0.549
info|2019-11-12 00:26:42.116677|[g:1][CONSENSUS][PBFT]checkAndChangeView: Reach consensus,org_view=22298,org_changeCycle=0,cur_changeCycle=0,to_view=22299
info|2019-11-12 00:26:43.117162|[g:1][CONSENSUS]addRawPrepare,height=1,reqIdx=3,hash=e95f8f75...
info|2019-11-12 00:26:43.117624|[g:1][CONSENSUS][PBFT]checkTimeout Succ,view=22299,toView=22300,nodeIdx=1,changeCycle=0,myNode=2dce86f9...,timecost=0.362
info|2019-11-12 00:26:43.118673|[g:1][CONSENSUS][PBFT]checkAndChangeView: Reach consensus,org_view=22299,org_changeCycle=0,cur_changeCycle=0,to_view=22300
info|2019-11-12 00:26:44.120859|[g:1][CONSENSUS]addRawPrepare,height=1,reqIdx=0,hash=264264cd...
info|2019-11-12 00:26:44.121677|[g:1][CONSENSUS][PBFT]checkTimeout Succ,view=22300,toView=22301,nodeIdx=1,changeCycle=0,myNode=2dce86f9...,timecost=0.644
info|2019-11-12 00:26:44.123207|[g:1][CONSENSUS][PBFT]checkAndChangeView: Reach consensus,org_view=22300,org_changeCycle=0,cur_changeCycle=0,to_view=22301
info|2019-11-12 00:26:45.123881|[g:1][CONSENSUS][SEALER]++++++++++++++++ Generating seal on,blkNum=1,tx=0,nodeIdx=1,hash=0534e26a...
info|2019-11-12 00:26:45.127172|[g:1][CONSENSUS][PBFT]checkTimeout Succ,view=22301,toView=22302,nodeIdx=1,changeCycle=0,myNode=2dce86f9...,timecost=0.563
info|2019-11-12 00:26:45.127904|[g:1][CONSENSUS][PBFT]checkAndChangeView: Reach consensus,org_view=22301,org_changeCycle=0,cur_changeCycle=0,to_view=22302
info|2019-11-12 00:26:46.027867|[P2P][Service] heartBeat,connected count=3
info|2019-11-12 00:26:46.128672|[g:1][CONSENSUS]addRawPrepare,height=1,reqIdx=2,hash=f31754d2...
info|2019-11-12 00:26:46.129923|[g:1][CONSENSUS][PBFT]checkTimeout Succ,view=22302,toView=22303,nodeIdx=1,changeCycle=0,myNode=2dce86f9...,timecost=1.073
info|2019-11-12 00:26:46.131407|[g:1][CONSENSUS][PBFT]checkAndChangeView: Reach consensus,org_view=22302,org_changeCycle=0,cur_changeCycle=0,to_view=22303
info|2019-11-12 00:26:47.132987|[g:1][CONSENSUS]addRawPrepare,height=1,reqIdx=3,hash=0fedc15f...
info|2019-11-12 00:26:47.133533|[g:1][CONSENSUS][PBFT]checkTimeout Succ,view=22303,toView=22304,nodeIdx=1,changeCycle=0,myNode=2dce86f9...,timecost=0.449
info|2019-11-12 00:26:47.134571|[g:1][CONSENSUS][PBFT]checkAndChangeView: Reach consensus,org_view=22303,org_changeCycle=0,cur_changeCycle=0,to_view=22304
info|2019-11-12 00:26:48.136534|[g:1][CONSENSUS]addRawPrepare,height=1,reqIdx=0,hash=8071a632...
info|2019-11-12 00:26:48.137261|[g:1][CONSENSUS][PBFT]checkTimeout Succ,view=22304,toView=22305,nodeIdx=1,changeCycle=0,myNode=2dce86f9...,timecost=0.595
info|2019-11-12 00:26:48.138740|[g:1][CONSENSUS][PBFT]checkAndChangeView: Reach consensus,org_view=22304,org_changeCycle=0,cur_changeCycle=0,to_view=22305
info|2019-11-12 00:26:49.139604|[g:1][CONSENSUS][SEALER]++++++++++++++++ Generating seal on,blkNum=1,tx=0,nodeIdx=1,hash=95a2ce53...
info|2019-11-12 00:26:49.142306|[g:1][CONSENSUS][PBFT]checkTimeout Succ,view=22305,toView=22306,nodeIdx=1,changeCycle=0,myNode=2dce86f9...,timecost=0.404
info|2019-11-12 00:26:49.143702|[g:1][CONSENSUS][PBFT]checkAndChangeView: Reach consensus,org_view=22305,org_changeCycle=0,cur_changeCycle=0,to_view=22306
info|2019-11-12 00:26:50.145624|[g:1][CONSENSUS]addRawPrepare,height=1,reqIdx=2,hash=7edb053d...
info|2019-11-12 00:26:50.146386|[g:1][CONSENSUS][PBFT]checkTimeout Succ,view=22306,toView=22307,nodeIdx=1,changeCycle=0,myNode=2dce86f9...,timecost=0.597
info|2019-11-12 00:26:50.148144|[g:1][CONSENSUS][PBFT]checkAndChangeView: Reach consensus,org_view=22306,org_changeCycle=0,cur_changeCycle=0,to_view=22307
info|2019-11-12 00:26:51.149500|[g:1][CONSENSUS]addRawPrepare,height=1,reqIdx=3,hash=ab26badb...
info|2019-11-12 00:26:51.150265|[g:1][CONSENSUS][PBFT]checkTimeout Succ,view=22307,toView=22308,nodeIdx=1,changeCycle=0,myNode=2dce86f9...,timecost=0.571
info|2019-11-12 00:26:51.152037|[g:1][CONSENSUS][PBFT]checkAndChangeView: Reach consensus,org_view=22307,org_changeCycle=0,cur_changeCycle=0,to_view=22308
info|2019-11-12 00:26:52.154388|[g:1][CONSENSUS]addRawPrepare,height=1,reqIdx=0,hash=20516318...
info|2019-11-12 00:26:52.154899|[g:1][CONSENSUS][PBFT]checkTimeout Succ,view=22308,toView=22309,nodeIdx=1,changeCycle=0,myNode=2dce86f9...,timecost=0.407
info|2019-11-12 00:26:52.155939|[g:1][CONSENSUS][PBFT]checkAndChangeView: Reach consensus,org_view=22308,org_changeCycle=0,cur_changeCycle=0,to_view=22309
info|2019-11-12 00:26:53.155342|[g:1][CONSENSUS][SEALER]++++++++++++++++ Generating seal on,blkNum=1,tx=0,nodeIdx=1,hash=42b182a2...
info|2019-11-12 00:26:53.159194|[g:1][CONSENSUS][PBFT]checkTimeout Succ,view=22309,toView=22310,nodeIdx=1,changeCycle=0,myNode=2dce86f9...,timecost=0.576
info|2019-11-12 00:26:53.159825|[g:1][CONSENSUS][PBFT]checkAndChangeView: Reach consensus,org_view=22309,org_changeCycle=0,cur_changeCycle=0,to_view=22310
info|2019-11-12 00:26:54.160487|[g:1][CONSENSUS]addRawPrepare,height=1,reqIdx=2,hash=d293b6a8...
info|2019-11-12 00:26:54.161227|[g:1][CONSENSUS][PBFT]checkTimeout Succ,view=22310,toView=22311,nodeIdx=1,changeCycle=0,myNode=2dce86f9...,timecost=0.61
info|2019-11-12 00:26:54.162773|[g:1][CONSENSUS][PBFT]checkAndChangeView: Reach consensus,org_view=22310,org_changeCycle=0,cur_changeCycle=0,to_view=22311
info|2019-11-12 00:26:55.164564|[g:1][CONSENSUS]addRawPrepare,height=1,reqIdx=3,hash=bceb084b...
info|2019-11-12 00:26:55.165256|[g:1][CONSENSUS][PBFT]checkTimeout Succ,view=22311,toView=22312,nodeIdx=1,changeCycle=0,myNode=2dce86f9...,timecost=0.523
info|2019-11-12 00:26:55.166954|[g:1][CONSENSUS][PBFT]checkAndChangeView: Reach consensus,org_view=22311,org_changeCycle=0,cur_changeCycle=0,to_view=22312
info|2019-11-12 00:26:56.034698|[P2P][Service] heartBeat,connected count=3
info|2019-11-12 00:26:56.168420|[g:1][CONSENSUS]addRawPrepare,height=1,reqIdx=0,hash=f71117ac...
info|2019-11-12 00:26:56.169039|[g:1][CONSENSUS][PBFT]checkTimeout Succ,view=22312,toView=22313,nodeIdx=1,changeCycle=0,myNode=2dce86f9...,timecost=0.502
info|2019-11-12 00:26:56.170529|[g:1][CONSENSUS][PBFT]checkAndChangeView: Reach consensus,org_view=22312,org_changeCycle=0,cur_changeCycle=0,to_view=22313
info|2019-11-12 00:26:57.170320|[g:1][CONSENSUS][SEALER]++++++++++++++++ Generating seal on,blkNum=1,tx=0,nodeIdx=1,hash=f739440e...
info|2019-11-12 00:26:57.172683|[g:1][CONSENSUS][PBFT]checkTimeout Succ,view=22313,toView=22314,nodeIdx=1,changeCycle=0,myNode=2dce86f9...,timecost=0.385
info|2019-11-12 00:26:57.173226|[g:1][CONSENSUS][PBFT]checkAndChangeView: Reach consensus,org_view=22313,org_changeCycle=0,cur_changeCycle=0,to_view=22314
info|2019-11-12 00:26:58.174576|[g:1][CONSENSUS]addRawPrepare,height=1,reqIdx=2,hash=a8c190b7...
info|2019-11-12 00:26:58.175475|[g:1][CONSENSUS][PBFT]checkTimeout Succ,view=22314,toView=22315,nodeIdx=1,changeCycle=0,myNode=2dce86f9...,timecost=0.772
info|2019-11-12 00:26:58.177222|[g:1][CONSENSUS][PBFT]checkAndChangeView: Reach consensus,org_view=22314,org_changeCycle=0,cur_changeCycle=0,to_view=22315
info|2019-11-12 00:26:59.179675|[g:1][CONSENSUS]addRawPrepare,height=1,reqIdx=3,hash=2a6e0aee...
info|2019-11-12 00:26:59.180320|[g:1][CONSENSUS][PBFT]checkTimeout Succ,view=22315,toView=22316,nodeIdx=1,changeCycle=0,myNode=2dce86f9...,timecost=0.498
info|2019-11-12 00:26:59.182003|[g:1][CONSENSUS][PBFT]checkAndChangeView: Reach consensus,org_view=22315,org_changeCycle=0,cur_changeCycle=0,to_view=22316
info|2019-11-12 00:27:00.184898|[g:1][CONSENSUS]addRawPrepare,height=1,reqIdx=0,hash=f296e1bb...
info|2019-11-12 00:27:00.185536|[g:1][CONSENSUS][PBFT]checkTimeout Succ,view=22316,toView=22317,nodeIdx=1,changeCycle=0,myNode=2dce86f9...,timecost=0.465
info|2019-11-12 00:27:00.187125|[g:1][CONSENSUS][PBFT]checkAndChangeView: Reach consensus,org_view=22316,org_changeCycle=0,cur_changeCycle=0,to_view=22317
info|2019-11-12 00:27:01.187806|[g:1][CONSENSUS][SEALER]++++++++++++++++ Generating seal on,blkNum=1,tx=0,nodeIdx=1,hash=26403c9f...
info|2019-11-12 00:27:01.188686|[g:1][CONSENSUS][PBFT]checkTimeout Succ,view=22317,toView=22318,nodeIdx=1,changeCycle=0,myNode=2dce86f9...,timecost=0.443
info|2019-11-12 00:27:01.191535|[g:1][CONSENSUS][PBFT]checkAndChangeView: Reach consensus,org_view=22317,org_changeCycle=0,cur_changeCycle=0,to_view=22318
info|2019-11-12 00:27:02.194049|[g:1][CONSENSUS]addRawPrepare,height=1,reqIdx=2,hash=5bc838f8...
info|2019-11-12 00:27:02.194653|[g:1][CONSENSUS][PBFT]checkTimeout Succ,view=22318,toView=22319,nodeIdx=1,changeCycle=0,myNode=2dce86f9...,timecost=0.44
info|2019-11-12 00:27:02.196156|[g:1][CONSENSUS][PBFT]checkAndChangeView: Reach consensus,org_view=22318,org_changeCycle=0,cur_changeCycle=0,to_view=22319
info|2019-11-12 00:27:03.197896|[g:1][CONSENSUS]addRawPrepare,height=1,reqIdx=3,hash=d4322797...
info|2019-11-12 00:27:03.198561|[g:1][CONSENSUS][PBFT]checkTimeout Succ,view=22319,toView=22320,nodeIdx=1,changeCycle=0,myNode=2dce86f9...,timecost=0.522
info|2019-11-12 00:27:03.200339|[g:1][CONSENSUS][PBFT]checkAndChangeView: Reach consensus,org_view=22319,org_changeCycle=0,cur_changeCycle=0,to_view=22320
info|2019-11-12 00:27:04.201939|[g:1][CONSENSUS]addRawPrepare,height=1,reqIdx=0,hash=2accf956...
info|2019-11-12 00:27:04.202657|[g:1][CONSENSUS][PBFT]checkTimeout Succ,view=22320,toView=22321,nodeIdx=1,changeCycle=0,myNode=2dce86f9...,timecost=0.552
info|2019-11-12 00:27:04.204207|[g:1][CONSENSUS][PBFT]checkAndChangeView: Reach consensus,org_view=22320,org_changeCycle=0,cur_changeCycle=0,to_view=22321
info|2019-11-12 00:27:05.204945|[g:1][CONSENSUS][SEALER]++++++++++++++++ Generating seal on,blkNum=1,tx=0,nodeIdx=1,hash=d31bef06...
info|2019-11-12 00:27:05.208250|[g:1][CONSENSUS][PBFT]checkTimeout Succ,view=22321,toView=22322,nodeIdx=1,changeCycle=0,myNode=2dce86f9...,timecost=0.568
info|2019-11-12 00:27:05.209006|[g:1][CONSENSUS][PBFT]checkAndChangeView: Reach consensus,org_view=22321,org_changeCycle=0,cur_changeCycle=0,to_view=22322
info|2019-11-12 00:27:06.043215|[P2P][Service] heartBeat,connected count=3
info|2019-11-12 00:27:06.209913|[g:1][CONSENSUS]addRawPrepare,height=1,reqIdx=2,hash=b472474c...
info|2019-11-12 00:27:06.211088|[g:1][CONSENSUS][PBFT]checkTimeout Succ,view=22322,toView=22323,nodeIdx=1,changeCycle=0,myNode=2dce86f9...,timecost=1.014
info|2019-11-12 00:27:06.212599|[g:1][CONSENSUS][PBFT]checkAndChangeView: Reach consensus,org_view=22322,org_changeCycle=0,cur_changeCycle=0,to_view=22323
info|2019-11-12 00:27:07.214616|[g:1][CONSENSUS]addRawPrepare,height=1,reqIdx=3,hash=b35779e5...
info|2019-11-12 00:27:07.215460|[g:1][CONSENSUS][PBFT]checkTimeout Succ,view=22323,toView=22324,nodeIdx=1,changeCycle=0,myNode=2dce86f9...,timecost=0.689
info|2019-11-12 00:27:07.216900|[g:1][CONSENSUS][PBFT]checkAndChangeView: Reach consensus,org_view=22323,org_changeCycle=0,cur_changeCycle=0,to_view=22324
info|2019-11-12 00:27:08.218617|[g:1][CONSENSUS]addRawPrepare,height=1,reqIdx=0,hash=b56e720a...
info|2019-11-12 00:27:08.219053|[g:1][CONSENSUS][PBFT]checkTimeout Succ,view=22324,toView=22325,nodeIdx=1,changeCycle=0,myNode=2dce86f9...,timecost=0.343
info|2019-11-12 00:27:08.220088|[g:1][CONSENSUS][PBFT]checkAndChangeView: Reach consensus,org_view=22324,org_changeCycle=0,cur_changeCycle=0,to_view=22325
info|2019-11-12 00:27:09.220422|[g:1][CONSENSUS][SEALER]++++++++++++++++ Generating seal on,blkNum=1,tx=0,nodeIdx=1,hash=e3a69a7f...
info|2019-11-12 00:27:09.223766|[g:1][CONSENSUS][PBFT]checkTimeout Succ,view=22325,toView=22326,nodeIdx=1,changeCycle=0,myNode=2dce86f9...,timecost=0.502
info|2019-11-12 00:27:09.224568|[g:1][CONSENSUS][PBFT]checkAndChangeView: Reach consensus,org_view=22325,org_changeCycle=0,cur_changeCycle=0,to_view=22326
info|2019-11-12 00:27:10.225342|[g:1][CONSENSUS]addRawPrepare,height=1,reqIdx=2,hash=846e5955...
info|2019-11-12 00:27:10.226158|[g:1][CONSENSUS][PBFT]checkTimeout Succ,view=22326,toView=22327,nodeIdx=1,changeCycle=0,myNode=2dce86f9...,timecost=0.642
info|2019-11-12 00:27:10.227645|[g:1][CONSENSUS][PBFT]checkAndChangeView: Reach consensus,org_view=22326,org_changeCycle=0,cur_changeCycle=0,to_view=22327
info|2019-11-12 00:27:11.230085|[g:1][CONSENSUS]addRawPrepare,height=1,reqIdx=3,hash=c5c6b22e...
info|2019-11-12 00:27:11.230680|[g:1][CONSENSUS][PBFT]checkTimeout Succ,view=22327,toView=22328,nodeIdx=1,changeCycle=0,myNode=2dce86f9...,timecost=0.46
info|2019-11-12 00:27:11.232424|[g:1][CONSENSUS][PBFT]checkAndChangeView: Reach consensus,org_view=22327,org_changeCycle=0,cur_changeCycle=0,to_view=22328
info|2019-11-12 00:27:12.234242|[g:1][CONSENSUS]addRawPrepare,height=1,reqIdx=0,hash=f018521e...
info|2019-11-12 00:27:12.234843|[g:1][CONSENSUS][PBFT]checkTimeout Succ,view=22328,toView=22329,nodeIdx=1,changeCycle=0,myNode=2dce86f9...,timecost=0.456
info|2019-11-12 00:27:12.236432|[g:1][CONSENSUS][PBFT]checkAndChangeView: Reach consensus,org_view=22328,org_changeCycle=0,cur_changeCycle=0,to_view=22329
info|2019-11-12 00:27:13.237646|[g:1][CONSENSUS][SEALER]++++++++++++++++ Generating seal on,blkNum=1,tx=0,nodeIdx=1,hash=011350a1...
info|2019-11-12 00:27:13.238655|[g:1][CONSENSUS][PBFT]checkTimeout Succ,view=22329,toView=22330,nodeIdx=1,changeCycle=0,myNode=2dce86f9...,timecost=0.517
info|2019-11-12 00:27:13.241291|[g:1][CONSENSUS][PBFT]checkAndChangeView: Reach consensus,org_view=22329,org_changeCycle=0,cur_changeCycle=0,to_view=22330
info|2019-11-12 00:27:14.243100|[g:1][CONSENSUS]addRawPrepare,height=1,reqIdx=2,hash=46fe0987...
info|2019-11-12 00:27:14.243645|[g:1][CONSENSUS][PBFT]checkTimeout Succ,view=22330,toView=22331,nodeIdx=1,changeCycle=0,myNode=2dce86f9...,timecost=0.419
info|2019-11-12 00:27:14.244883|[g:1][CONSENSUS][PBFT]checkAndChangeView: Reach consensus,org_view=22330,org_changeCycle=0,cur_changeCycle=0,to_view=22331
info|2019-11-12 00:27:15.247212|[g:1][CONSENSUS]addRawPrepare,height=1,reqIdx=3,hash=a283c873...
info|2019-11-12 00:27:15.247853|[g:1][CONSENSUS][PBFT]checkTimeout Succ,view=22331,toView=22332,nodeIdx=1,changeCycle=0,myNode=2dce86f9...,timecost=0.534
info|2019-11-12 00:27:15.249371|[g:1][CONSENSUS][PBFT]checkAndChangeView: Reach consensus,org_view=22331,org_changeCycle=0,cur_changeCycle=0,to_view=22332
info|2019-11-12 00:27:16.050511|[P2P][Service] heartBeat,connected count=3
info|2019-11-12 00:27:16.251493|[g:1][CONSENSUS]addRawPrepare,height=1,reqIdx=0,hash=1ab8bc42...
info|2019-11-12 00:27:16.252068|[g:1][CONSENSUS][PBFT]checkTimeout Succ,view=22332,toView=22333,nodeIdx=1,changeCycle=0,myNode=2dce86f9...,timecost=0.448
info|2019-11-12 00:27:16.253193|[g:1][CONSENSUS][PBFT]checkAndChangeView: Reach consensus,org_view=22332,org_changeCycle=0,cur_changeCycle=0,to_view=22333
info|2019-11-12 00:27:17.253711|[g:1][CONSENSUS][SEALER]++++++++++++++++ Generating seal on,blkNum=1,tx=0,nodeIdx=1,hash=821473be...
info|2019-11-12 00:27:17.254742|[g:1][CONSENSUS][PBFT]checkTimeout Succ,view=22333,toView=22334,nodeIdx=1,changeCycle=0,myNode=2dce86f9...,timecost=0.553
info|2019-11-12 00:27:17.257060|[g:1][CONSENSUS][PBFT]checkAndChangeView: Reach consensus,org_view=22333,org_changeCycle=0,cur_changeCycle=0,to_view=22334
info|2019-11-12 00:27:18.258651|[g:1][CONSENSUS]addRawPrepare,height=1,reqIdx=2,hash=ba932288...
info|2019-11-12 00:27:18.259301|[g:1][CONSENSUS][PBFT]checkTimeout Succ,view=22334,toView=22335,nodeIdx=1,changeCycle=0,myNode=2dce86f9...,timecost=0.479
info|2019-11-12 00:27:18.260871|[g:1][CONSENSUS][PBFT]checkAndChangeView: Reach consensus,org_view=22334,org_changeCycle=0,cur_changeCycle=0,to_view=22335
info|2019-11-12 00:27:19.261617|[g:1][CONSENSUS]addRawPrepare,height=1,reqIdx=3,hash=0e1b3233...
info|2019-11-12 00:27:19.262231|[g:1][CONSENSUS][PBFT]checkTimeout Succ,view=22335,toView=22336,nodeIdx=1,changeCycle=0,myNode=2dce86f9...,timecost=0.473
info|2019-11-12 00:27:19.263725|[g:1][CONSENSUS][PBFT]checkAndChangeView: Reach consensus,org_view=22335,org_changeCycle=0,cur_changeCycle=0,to_view=22336
info|2019-11-12 00:27:20.265832|[g:1][CONSENSUS]addRawPrepare,height=1,reqIdx=0,hash=bc0010a7...
info|2019-11-12 00:27:20.266455|[g:1][CONSENSUS][PBFT]checkTimeout Succ,view=22336,toView=22337,nodeIdx=1,changeCycle=0,myNode=2dce86f9...,timecost=0.484
info|2019-11-12 00:27:20.268197|[g:1][CONSENSUS][PBFT]checkAndChangeView: Reach consensus,org_view=22336,org_changeCycle=0,cur_changeCycle=0,to_view=22337
info|2019-11-12 00:27:21.269057|[g:1][CONSENSUS][SEALER]++++++++++++++++ Generating seal on,blkNum=1,tx=0,nodeIdx=1,hash=bbb09d3b...
info|2019-11-12 00:27:21.270291|[g:1][CONSENSUS][PBFT]checkTimeout Succ,view=22337,toView=22338,nodeIdx=1,changeCycle=0,myNode=2dce86f9...,timecost=0.764
info|2019-11-12 00:27:21.273277|[g:1][CONSENSUS][PBFT]checkAndChangeView: Reach consensus,org_view=22337,org_changeCycle=0,cur_changeCycle=0,to_view=22338
info|2019-11-12 00:27:22.275540|[g:1][CONSENSUS]addRawPrepare,height=1,reqIdx=2,hash=dcb1cd01...
info|2019-11-12 00:27:22.276243|[g:1][CONSENSUS][PBFT]checkTimeout Succ,view=22338,toView=22339,nodeIdx=1,changeCycle=0,myNode=2dce86f9...,timecost=0.552
info|2019-11-12 00:27:22.277607|[g:1][CONSENSUS][PBFT]checkAndChangeView: Reach consensus,org_view=22338,org_changeCycle=0,cur_changeCycle=0,to_view=22339
info|2019-11-12 00:27:23.279445|[g:1][CONSENSUS]addRawPrepare,height=1,reqIdx=3,hash=e500d54c...
info|2019-11-12 00:27:23.280038|[g:1][CONSENSUS][PBFT]checkTimeout Succ,view=22339,toView=22340,nodeIdx=1,changeCycle=0,myNode=2dce86f9...,timecost=0.464
info|2019-11-12 00:27:23.281572|[g:1][CONSENSUS][PBFT]checkAndChangeView: Reach consensus,org_view=22339,org_changeCycle=0,cur_changeCycle=0,to_view=22340
info|2019-11-12 00:27:24.284280|[g:1][CONSENSUS]addRawPrepare,height=1,reqIdx=0,hash=ab0f0edd...
info|2019-11-12 00:27:24.285001|[g:1][CONSENSUS][PBFT]checkTimeout Succ,view=22340,toView=22341,nodeIdx=1,changeCycle=0,myNode=2dce86f9...,timecost=0.538
info|2019-11-12 00:27:24.286862|[g:1][CONSENSUS][PBFT]checkAndChangeView: Reach consensus,org_view=22340,org_changeCycle=0,cur_changeCycle=0,to_view=22341
