info|2019-11-15 02:24:01.001623|[g:1][CONSENSUS][SEALER]++++++++++++++++ Generating seal on,blkNum=1,tx=0,nodeIdx=1,hash=183c71a4...
info|2019-11-15 02:24:01.002589|[P2P][Service] heartBeat,connected count=3
info|2019-11-15 02:24:01.009321|[g:1][CONSENSUS][PBFT]checkTimeout Succ,view=121769,toView=121770,nodeIdx=1,changeCycle=0,myNode=2dce86f9...,timecost=5.551
info|2019-11-15 02:24:01.011027|[g:1][CONSENSUS][PBFT]checkAndChangeView: Reach consensus,org_view=121769,org_changeCycle=0,cur_changeCycle=0,to_view=121770
info|2019-11-15 02:24:02.011196|[g:1][CONSENSUS]addRawPrepare,height=1,reqIdx=2,hash=50c44364...
info|2019-11-15 02:24:02.011823|[g:1][CONSENSUS][PBFT]checkTimeout Succ,view=121770,toView=121771,nodeIdx=1,changeCycle=0,myNode=2dce86f9...,timecost=0.474
info|2019-11-15 02:24:02.013151|[g:1][CONSENSUS][PBFT]checkAndChangeView: Reach consensus,org_view=121770,org_changeCycle=0,cur_changeCycle=0,to_view=121771
info|2019-11-15 02:24:03.015120|[g:1][CONSENSUS]addRawPrepare,height=1,reqIdx=3,hash=1209602d...
info|2019-11-15 02:24:03.015590|[g:1][CONSENSUS][PBFT]checkTimeout Succ,view=121771,toView=121772,nodeIdx=1,changeCycle=0,myNode=2dce86f9...,timecost=0.368
info|2019-11-15 02:24:03.016722|[g:1][CONSENSUS][PBFT]checkAndChangeView: Reach consensus,org_view=121771,org_changeCycle=0,cur_changeCycle=0,to_view=121772
info|2019-11-15 02:24:04.018327|[g:1][CONSENSUS]addRawPrepare,height=1,reqIdx=0,hash=b4d16170...
info|2019-11-15 02:24:04.018861|[g:1][CONSENSUS][PBFT]checkTimeout Succ,view=121772,toView=121773,nodeIdx=1,changeCycle=0,myNode=2dce86f9...,timecost=0.34
info|2019-11-15 02:24:04.019991|[g:1][CONSENSUS][PBFT]checkAndChangeView: Reach consensus,org_view=121772,org_changeCycle=0,cur_changeCycle=0,to_view=121773
info|2019-11-15 02:24:05.020405|[g:1][CONSENSUS][SEALER]++++++++++++++++ Generating seal on,blkNum=1,tx=0,nodeIdx=1,hash=4096e0eb...
info|2019-11-15 02:24:05.021030|[g:1][CONSENSUS][PBFT]checkTimeout Succ,view=121773,toView=121774,nodeIdx=1,changeCycle=0,myNode=2dce86f9...,timecost=0.335
info|2019-11-15 02:24:05.023261|[g:1][CONSENSUS][PBFT]checkAndChangeView: Reach consensus,org_view=121773,org_changeCycle=0,cur_changeCycle=0,to_view=121774
info|2019-11-15 02:24:06.024792|[g:1][CONSENSUS]addRawPrepare,height=1,reqIdx=2,hash=17f1dfa8...
info|2019-11-15 02:24:06.025612|[g:1][CONSENSUS][PBFT]checkTimeout Succ,view=121774,toView=121775,nodeIdx=1,changeCycle=0,myNode=2dce86f9...,timecost=0.664
info|2019-11-15 02:24:06.026948|[g:1][CONSENSUS][PBFT]checkAndChangeView: Reach consensus,org_view=121774,org_changeCycle=0,cur_changeCycle=0,to_view=121775
info|2019-11-15 02:24:07.027111|[g:1][CONSENSUS]addRawPrepare,height=1,reqIdx=3,hash=691dd95e...
info|2019-11-15 02:24:07.027653|[g:1][CONSENSUS][PBFT]checkTimeout Succ,view=121775,toView=121776,nodeIdx=1,changeCycle=0,myNode=2dce86f9...,timecost=0.447
info|2019-11-15 02:24:07.028978|[g:1][CONSENSUS][PBFT]checkAndChangeView: Reach consensus,org_view=121775,org_changeCycle=0,cur_changeCycle=0,to_view=121776
info|2019-11-15 02:24:08.029725|[g:1][CONSENSUS]addRawPrepare,height=1,reqIdx=0,hash=51247e85...
info|2019-11-15 02:24:08.030234|[g:1][CONSENSUS][PBFT]checkTimeout Succ,view=121776,toView=121777,nodeIdx=1,changeCycle=0,myNode=2dce86f9...,timecost=0.332
info|2019-11-15 02:24:08.031232|[g:1][CONSENSUS][PBFT]checkAndChangeView: Reach consensus,org_view=121776,org_changeCycle=0,cur_changeCycle=0,to_view=121777
info|2019-11-15 02:24:09.031390|[g:1][CONSENSUS][SEALER]++++++++++++++++ Generating seal on,blkNum=1,tx=0,nodeIdx=1,hash=0dbec6d8...
info|2019-11-15 02:24:09.032347|[g:1][CONSENSUS][PBFT]checkTimeout Succ,view=121777,toView=121778,nodeIdx=1,changeCycle=0,myNode=2dce86f9...,timecost=0.5
info|2019-11-15 02:24:09.035077|[g:1][CONSENSUS][PBFT]checkAndChangeView: Reach consensus,org_view=121777,org_changeCycle=0,cur_changeCycle=0,to_view=121778
info|2019-11-15 02:24:10.037393|[g:1][CONSENSUS]addRawPrepare,height=1,reqIdx=2,hash=75f1b0fd...
info|2019-11-15 02:24:10.038263|[g:1][CONSENSUS][PBFT]checkTimeout Succ,view=121778,toView=121779,nodeIdx=1,changeCycle=0,myNode=2dce86f9...,timecost=0.699
info|2019-11-15 02:24:10.040116|[g:1][CONSENSUS][PBFT]checkAndChangeView: Reach consensus,org_view=121778,org_changeCycle=0,cur_changeCycle=0,to_view=121779
info|2019-11-15 02:24:11.010827|[P2P][Service] heartBeat,connected count=3
info|2019-11-15 02:24:11.041393|[g:1][CONSENSUS]addRawPrepare,height=1,reqIdx=3,hash=2c81d873...
info|2019-11-15 02:24:11.042081|[g:1][CONSENSUS][PBFT]checkTimeout Succ,view=121779,toView=121780,nodeIdx=1,changeCycle=0,myNode=2dce86f9...,timecost=0.558
info|2019-11-15 02:24:11.043637|[g:1][CONSENSUS][PBFT]checkAndChangeView: Reach consensus,org_view=121779,org_changeCycle=0,cur_changeCycle=0,to_view=121780
info|2019-11-15 02:24:12.046708|[g:1][CONSENSUS]addRawPrepare,height=1,reqIdx=0,hash=ee9dd7fe...
info|2019-11-15 02:24:12.047513|[g:1][CONSENSUS][PBFT]checkTimeout Succ,view=121780,toView=121781,nodeIdx=1,changeCycle=0,myNode=2dce86f9...,timecost=0.602
info|2019-11-15 02:24:12.048930|[g:1][CONSENSUS][PBFT]checkAndChangeView: Reach consensus,org_view=121780,org_changeCycle=0,cur_changeCycle=0,to_view=121781
info|2019-11-15 02:24:13.049188|[g:1][CONSENSUS][SEALER]++++++++++++++++ Generating seal on,blkNum=1,tx=0,nodeIdx=1,hash=8e8c2103...
info|2019-11-15 02:24:13.050181|[g:1][CONSENSUS][PBFT]checkTimeout Succ,view=121781,toView=121782,nodeIdx=1,changeCycle=0,myNode=2dce86f9...,timecost=0.504
info|2019-11-15 02:24:13.052742|[g:1][CONSENSUS][PBFT]checkAndChangeView: Reach consensus,org_view=121781,org_changeCycle=0,cur_changeCycle=0,to_view=121782
info|2019-11-15 02:24:14.054392|[g:1][CONSENSUS]addRawPrepare,height=1,reqIdx=2,hash=a699c7bc...
info|2019-11-15 02:24:14.054967|[g:1][CONSENSUS][PBFT]checkTimeout Succ,view=121782,toView=121783,nodeIdx=1,changeCycle=0,myNode=2dce86f9...,timecost=0.451
info|2019-11-15 02:24:14.055992|[g:1][CONSENSUS][PBFT]checkAndChangeView: Reach consensus,org_view=121782,org_changeCycle=0,cur_changeCycle=0,to_view=121783
info|2019-11-15 02:24:15.058622|[g:1][CONSENSUS]addRawPrepare,height=1,reqIdx=3,hash=e43c0b1a...
info|2019-11-15 02:24:15.059328|[g:1][CONSENSUS][PBFT]checkTimeout Succ,view=121783,toView=121784,nodeIdx=1,changeCycle=0,myNode=2dce86f9...,timecost=0.57
info|2019-11-15 02:24:15.060841|[g:1][CONSENSUS][PBFT]checkAndChangeView: Reach consensus,org_view=121783,org_changeCycle=0,cur_changeCycle=0,to_view=121784
info|2019-11-15 02:24:16.062299|[g:1][CONSENSUS]addRawPrepare,height=1,reqIdx=0,hash=6fd3ac20...
info|2019-11-15 02:24:16.063614|[g:1][CONSENSUS][PBFT]checkTimeout Succ,view=121784,toView=121785,nodeIdx=1,changeCycle=0,myNode=2dce86f9...,timecost=1.197
info|2019-11-15 02:24:16.065051|[g:1][CONSENSUS][PBFT]checkAndChangeView: Reach consensus,org_view=121784,org_changeCycle=0,cur_changeCycle=0,to_view=121785
info|2019-11-15 02:24:17.066530|[g:1][CONSENSUS][SEALER]++++++++++++++++ Generating seal on,blkNum=1,tx=0,nodeIdx=1,hash=fb2e89b7...
info|2019-11-15 02:24:17.069910|[g:1][CONSENSUS][PBFT]checkTimeout Succ,view=121785,toView=121786,nodeIdx=1,changeCycle=0,myNode=2dce86f9...,timecost=0.551
info|2019-11-15 02:24:17.070700|[g:1][CONSENSUS][PBFT]checkAndChangeView: Reach consensus,org_view=121785,org_changeCycle=0,cur_changeCycle=0,to_view=121786
info|2019-11-15 02:24:18.071324|[g:1][CONSENSUS]addRawPrepare,height=1,reqIdx=2,hash=94f31c1d...
info|2019-11-15 02:24:18.071943|[g:1][CONSENSUS][PBFT]checkTimeout Succ,view=121786,toView=121787,nodeIdx=1,changeCycle=0,myNode=2dce86f9...,timecost=0.452
info|2019-11-15 02:24:18.073276|[g:1][CONSENSUS][PBFT]checkAndChangeView: Reach consensus,org_view=121786,org_changeCycle=0,cur_changeCycle=0,to_view=121787
info|2019-11-15 02:24:19.076108|[g:1][CONSENSUS]addRawPrepare,height=1,reqIdx=3,hash=13ed5aa7...
info|2019-11-15 02:24:19.076851|[g:1][CONSENSUS][PBFT]checkTimeout Succ,view=121787,toView=121788,nodeIdx=1,changeCycle=0,myNode=2dce86f9...,timecost=0.581
info|2019-11-15 02:24:19.078347|[g:1][CONSENSUS][PBFT]checkAndChangeView: Reach consensus,org_view=121787,org_changeCycle=0,cur_changeCycle=0,to_view=121788
info|2019-11-15 02:24:20.079900|[g:1][CONSENSUS]addRawPrepare,height=1,reqIdx=0,hash=784caf85...
info|2019-11-15 02:24:20.080542|[g:1][CONSENSUS][PBFT]checkTimeout Succ,view=121788,toView=121789,nodeIdx=1,changeCycle=0,myNode=2dce86f9...,timecost=0.465
info|2019-11-15 02:24:20.082073|[g:1][CONSENSUS][PBFT]checkAndChangeView: Reach consensus,org_view=121788,org_changeCycle=0,cur_changeCycle=0,to_view=121789
info|2019-11-15 02:24:21.013498|[P2P][Service] heartBeat,connected count=3
info|2019-11-15 02:24:21.083436|[g:1][CONSENSUS][SEALER]++++++++++++++++ Generating seal on,blkNum=1,tx=0,nodeIdx=1,hash=dc48b8a6...
info|2019-11-15 02:24:21.084659|[g:1][CONSENSUS][PBFT]checkTimeout Succ,view=121789,toView=121790,nodeIdx=1,changeCycle=0,myNode=2dce86f9...,timecost=0.752
info|2019-11-15 02:24:21.087311|[g:1][CONSENSUS][PBFT]checkAndChangeView: Reach consensus,org_view=121789,org_changeCycle=0,cur_changeCycle=0,to_view=121790
info|2019-11-15 02:24:22.090047|[g:1][CONSENSUS]addRawPrepare,height=1,reqIdx=2,hash=8b2f8512...
info|2019-11-15 02:24:22.090657|[g:1][CONSENSUS][PBFT]checkTimeout Succ,view=121790,toView=121791,nodeIdx=1,changeCycle=0,myNode=2dce86f9...,timecost=0.459
info|2019-11-15 02:24:22.091971|[g:1][CONSENSUS][PBFT]checkAndChangeView: Reach consensus,org_view=121790,org_changeCycle=0,cur_changeCycle=0,to_view=121791
info|2019-11-15 02:24:23.094874|[g:1][CONSENSUS]addRawPrepare,height=1,reqIdx=3,hash=a232695b...
info|2019-11-15 02:24:23.095548|[g:1][CONSENSUS][PBFT]checkTimeout Succ,view=121791,toView=121792,nodeIdx=1,changeCycle=0,myNode=2dce86f9...,timecost=0.493
info|2019-11-15 02:24:23.097160|[g:1][CONSENSUS][PBFT]checkAndChangeView: Reach consensus,org_view=121791,org_changeCycle=0,cur_changeCycle=0,to_view=121792
info|2019-11-15 02:24:24.098313|[g:1][CONSENSUS]addRawPrepare,height=1,reqIdx=0,hash=d18bc01a...
info|2019-11-15 02:24:24.098780|[g:1][CONSENSUS][PBFT]checkTimeout Succ,view=121792,toView=121793,nodeIdx=1,changeCycle=0,myNode=2dce86f9...,timecost=0.346
info|2019-11-15 02:24:24.099794|[g:1][CONSENSUS][PBFT]checkAndChangeView: Reach consensus,org_view=121792,org_changeCycle=0,cur_changeCycle=0,to_view=121793
info|2019-11-15 02:24:25.100141|[g:1][CONSENSUS][SEALER]++++++++++++++++ Generating seal on,blkNum=1,tx=0,nodeIdx=1,hash=124e5205...
info|2019-11-15 02:24:25.101140|[g:1][CONSENSUS][PBFT]checkTimeout Succ,view=121793,toView=121794,nodeIdx=1,changeCycle=0,myNode=2dce86f9...,timecost=0.524
info|2019-11-15 02:24:25.103619|[g:1][CONSENSUS][PBFT]checkAndChangeView: Reach consensus,org_view=121793,org_changeCycle=0,cur_changeCycle=0,to_view=121794
info|2019-11-15 02:24:26.105441|[g:1][CONSENSUS]addRawPrepare,height=1,reqIdx=2,hash=33a0ca04...
info|2019-11-15 02:24:26.106350|[g:1][CONSENSUS][PBFT]checkTimeout Succ,view=121794,toView=121795,nodeIdx=1,changeCycle=0,myNode=2dce86f9...,timecost=0.822
info|2019-11-15 02:24:26.107757|[g:1][CONSENSUS][PBFT]checkAndChangeView: Reach consensus,org_view=121794,org_changeCycle=0,cur_changeCycle=0,to_view=121795
info|2019-11-15 02:24:27.109088|[g:1][CONSENSUS]addRawPrepare,height=1,reqIdx=3,hash=cc272d45...
info|2019-11-15 02:24:27.109787|[g:1][CONSENSUS][PBFT]checkTimeout Succ,view=121795,toView=121796,nodeIdx=1,changeCycle=0,myNode=2dce86f9...,timecost=0.585
info|2019-11-15 02:24:27.111522|[g:1][CONSENSUS][PBFT]checkAndChangeView: Reach consensus,org_view=121795,org_changeCycle=0,cur_changeCycle=0,to_view=121796
info|2019-11-15 02:24:28.113481|[g:1][CONSENSUS]addRawPrepare,height=1,reqIdx=0,hash=4bdcf06a...
info|2019-11-15 02:24:28.114134|[g:1][CONSENSUS][PBFT]checkTimeout Succ,view=121796,toView=121797,nodeIdx=1,changeCycle=0,myNode=2dce86f9...,timecost=0.475
info|2019-11-15 02:24:28.115803|[g:1][CONSENSUS][PBFT]checkAndChangeView: Reach consensus,org_view=121796,org_changeCycle=0,cur_changeCycle=0,to_view=121797
info|2019-11-15 02:24:29.116467|[g:1][CONSENSUS][SEALER]++++++++++++++++ Generating seal on,blkNum=1,tx=0,nodeIdx=1,hash=9338541f...
info|2019-11-15 02:24:29.117432|[g:1][CONSENSUS][PBFT]checkTimeout Succ,view=121797,toView=121798,nodeIdx=1,changeCycle=0,myNode=2dce86f9...,timecost=0.492
info|2019-11-15 02:24:29.120191|[g:1][CONSENSUS][PBFT]checkAndChangeView: Reach consensus,org_view=121797,org_changeCycle=0,cur_changeCycle=0,to_view=121798
info|2019-11-15 02:24:30.122519|[g:1][CONSENSUS]addRawPrepare,height=1,reqIdx=2,hash=7d8485a2...
info|2019-11-15 02:24:30.123133|[g:1][CONSENSUS][PBFT]checkTimeout Succ,view=121798,toView=121799,nodeIdx=1,changeCycle=0,myNode=2dce86f9...,timecost=0.483
info|2019-11-15 02:24:30.124672|[g:1][CONSENSUS][PBFT]checkAndChangeView: Reach consensus,org_view=121798,org_changeCycle=0,cur_changeCycle=0,to_view=121799
info|2019-11-15 02:24:31.018093|[P2P][Service] heartBeat,connected count=3
info|2019-11-15 02:24:31.127085|[g:1][CONSENSUS]addRawPrepare,height=1,reqIdx=3,hash=05b4de3a...
info|2019-11-15 02:24:31.128461|[g:1][CONSENSUS][PBFT]checkTimeout Succ,view=121799,toView=121800,nodeIdx=1,changeCycle=0,myNode=2dce86f9...,timecost=1.237
info|2019-11-15 02:24:31.130034|[g:1][CONSENSUS][PBFT]checkAndChangeView: Reach consensus,org_view=121799,org_changeCycle=0,cur_changeCycle=0,to_view=121800
info|2019-11-15 02:24:32.131682|[g:1][CONSENSUS]addRawPrepare,height=1,reqIdx=0,hash=b07452f3...
info|2019-11-15 02:24:32.132349|[g:1][CONSENSUS][PBFT]checkTimeout Succ,view=121800,toView=121801,nodeIdx=1,changeCycle=0,myNode=2dce86f9...,timecost=0.509
info|2019-11-15 02:24:32.134104|[g:1][CONSENSUS][PBFT]checkAndChangeView: Reach consensus,org_view=121800,org_changeCycle=0,cur_changeCycle=0,to_view=121801
info|2019-11-15 02:24:33.135301|[g:1][CONSENSUS][SEALER]++++++++++++++++ Generating seal on,blkNum=1,tx=0,nodeIdx=1,hash=a874a0a6...
info|2019-11-15 02:24:33.138686|[g:1][CONSENSUS][PBFT]checkTimeout Succ,view=121801,toView=121802,nodeIdx=1,changeCycle=0,myNode=2dce86f9...,timecost=0.554
info|2019-11-15 02:24:33.139377|[g:1][CONSENSUS][PBFT]checkAndChangeView: Reach consensus,org_view=121801,org_changeCycle=0,cur_changeCycle=0,to_view=121802
info|2019-11-15 02:24:34.140964|[g:1][CONSENSUS]addRawPrepare,height=1,reqIdx=2,hash=f7e8954e...
info|2019-11-15 02:24:34.141767|[g:1][CONSENSUS][PBFT]checkTimeout Succ,view=121802,toView=121803,nodeIdx=1,changeCycle=0,myNode=2dce86f9...,timecost=0.631
info|2019-11-15 02:24:34.143706|[g:1][CONSENSUS][PBFT]checkAndChangeView: Reach consensus,org_view=121802,org_changeCycle=0,cur_changeCycle=0,to_view=121803
info|2019-11-15 02:24:35.145572|[g:1][CONSENSUS]addRawPrepare,height=1,reqIdx=3,hash=491b130d...
info|2019-11-15 02:24:35.146263|[g:1][CONSENSUS][PBFT]checkTimeout Succ,view=121803,toView=121804,nodeIdx=1,changeCycle=0,myNode=2dce86f9...,timecost=0.57
info|2019-11-15 02:24:35.147843|[g:1][CONSENSUS][PBFT]checkAndChangeView: Reach consensus,org_view=121803,org_changeCycle=0,cur_changeCycle=0,to_view=121804
info|2019-11-15 02:24:36.150224|[g:1][CONSENSUS]addRawPrepare,height=1,reqIdx=0,hash=42f8b79a...
info|2019-11-15 02:24:36.151067|[g:1][CONSENSUS][PBFT]checkTimeout Succ,view=121804,toView=121805,nodeIdx=1,changeCycle=0,myNode=2dce86f9...,timecost=0.692
info|2019-11-15 02:24:36.152624|[g:1][CONSENSUS][PBFT]checkAndChangeView: Reach consensus,org_view=121804,org_changeCycle=0,cur_changeCycle=0,to_view=121805
info|2019-11-15 02:24:37.152592|[g:1][CONSENSUS][SEALER]++++++++++++++++ Generating seal on,blkNum=1,tx=0,nodeIdx=1,hash=64601730...
info|2019-11-15 02:24:37.155211|[g:1][CONSENSUS][PBFT]checkTimeout Succ,view=121805,toView=121806,nodeIdx=1,changeCycle=0,myNode=2dce86f9...,timecost=0.511
info|2019-11-15 02:24:37.156497|[g:1][CONSENSUS][PBFT]checkAndChangeView: Reach consensus,org_view=121805,org_changeCycle=0,cur_changeCycle=0,to_view=121806
info|2019-11-15 02:24:38.158341|[g:1][CONSENSUS]addRawPrepare,height=1,reqIdx=2,hash=0486ee08...
info|2019-11-15 02:24:38.158948|[g:1][CONSENSUS][PBFT]checkTimeout Succ,view=121806,toView=121807,nodeIdx=1,changeCycle=0,myNode=2dce86f9...,timecost=0.467
info|2019-11-15 02:24:38.160404|[g:1][CONSENSUS][PBFT]checkAndChangeView: Reach consensus,org_view=121806,org_changeCycle=0,cur_changeCycle=0,to_view=121807
info|2019-11-15 02:24:39.161588|[g:1][CONSENSUS]addRawPrepare,height=1,reqIdx=3,hash=a10989ec...
info|2019-11-15 02:24:39.162181|[g:1][CONSENSUS][PBFT]checkTimeout Succ,view=121807,toView=121808,nodeIdx=1,changeCycle=0,myNode=2dce86f9...,timecost=0.462
info|2019-11-15 02:24:39.163652|[g:1][CONSENSUS][PBFT]checkAndChangeView: Reach consensus,org_view=121807,org_changeCycle=0,cur_changeCycle=0,to_view=121808
info|2019-11-15 02:24:40.165709|[g:1][CONSENSUS]addRawPrepare,height=1,reqIdx=0,hash=92a48e05...
info|2019-11-15 02:24:40.166341|[g:1][CONSENSUS][PBFT]checkTimeout Succ,view=121808,toView=121809,nodeIdx=1,changeCycle=0,myNode=2dce86f9...,timecost=0.497
info|2019-11-15 02:24:40.167935|[g:1][CONSENSUS][PBFT]checkAndChangeView: Reach consensus,org_view=121808,org_changeCycle=0,cur_changeCycle=0,to_view=121809
info|2019-11-15 02:24:41.024293|[P2P][Service] heartBeat,connected count=3
info|2019-11-15 02:24:41.167570|[g:1][CONSENSUS][SEALER]++++++++++++++++ Generating seal on,blkNum=1,tx=0,nodeIdx=1,hash=c22525de...
info|2019-11-15 02:24:41.171149|[g:1][CONSENSUS][PBFT]checkTimeout Succ,view=121809,toView=121810,nodeIdx=1,changeCycle=0,myNode=2dce86f9...,timecost=0.584
info|2019-11-15 02:24:41.171982|[g:1][CONSENSUS][PBFT]checkAndChangeView: Reach consensus,org_view=121809,org_changeCycle=0,cur_changeCycle=0,to_view=121810
info|2019-11-15 02:24:42.173704|[g:1][CONSENSUS]addRawPrepare,height=1,reqIdx=2,hash=5cc3e724...
info|2019-11-15 02:24:42.174365|[g:1][CONSENSUS][PBFT]checkTimeout Succ,view=121810,toView=121811,nodeIdx=1,changeCycle=0,myNode=2dce86f9...,timecost=0.531
info|2019-11-15 02:24:42.175945|[g:1][CONSENSUS][PBFT]checkAndChangeView: Reach consensus,org_view=121810,org_changeCycle=0,cur_changeCycle=0,to_view=121811
info|2019-11-15 02:24:43.178288|[g:1][CONSENSUS]addRawPrepare,height=1,reqIdx=3,hash=713d3de5...
info|2019-11-15 02:24:43.178755|[g:1][CONSENSUS][PBFT]checkTimeout Succ,view=121811,toView=121812,nodeIdx=1,changeCycle=0,myNode=2dce86f9...,timecost=0.356
info|2019-11-15 02:24:43.179879|[g:1][CONSENSUS][PBFT]checkAndChangeView: Reach consensus,org_view=121811,org_changeCycle=0,cur_changeCycle=0,to_view=121812
info|2019-11-15 02:24:44.181727|[g:1][CONSENSUS]addRawPrepare,height=1,reqIdx=0,hash=515cedd7...
info|2019-11-15 02:24:44.182286|[g:1][CONSENSUS][PBFT]checkTimeout Succ,view=121812,toView=121813,nodeIdx=1,changeCycle=0,myNode=2dce86f9...,timecost=0.442
info|2019-11-15 02:24:44.183667|[g:1][CONSENSUS][PBFT]checkAndChangeView: Reach consensus,org_view=121812,org_changeCycle=0,cur_changeCycle=0,to_view=121813
info|2019-11-15 02:24:45.183648|[g:1][CONSENSUS][SEALER]++++++++++++++++ Generating seal on,blkNum=1,tx=0,nodeIdx=1,hash=f8a90599...
info|2019-11-15 02:24:45.184621|[g:1][CONSENSUS][PBFT]checkTimeout Succ,view=121813,toView=121814,nodeIdx=1,changeCycle=0,myNode=2dce86f9...,timecost=0.498
info|2019-11-15 02:24:45.187217|[g:1][CONSENSUS][PBFT]checkAndChangeView: Reach consensus,org_view=121813,org_changeCycle=0,cur_changeCycle=0,to_view=121814
info|2019-11-15 02:24:46.189362|[g:1][CONSENSUS]addRawPrepare,height=1,reqIdx=2,hash=b9813fdd...
info|2019-11-15 02:24:46.190426|[g:1][CONSENSUS][PBFT]checkTimeout Succ,view=121814,toView=121815,nodeIdx=1,changeCycle=0,myNode=2dce86f9...,timecost=0.943
info|2019-11-15 02:24:46.191891|[g:1][CONSENSUS][PBFT]checkAndChangeView: Reach consensus,org_view=121814,org_changeCycle=0,cur_changeCycle=0,to_view=121815
info|2019-11-15 02:24:47.193989|[g:1][CONSENSUS]addRawPrepare,height=1,reqIdx=3,hash=0b5e18e6...
info|2019-11-15 02:24:47.194629|[g:1][CONSENSUS][PBFT]checkTimeout Succ,view=121815,toView=121816,nodeIdx=1,changeCycle=0,myNode=2dce86f9...,timecost=0.507
info|2019-11-15 02:24:47.196181|[g:1][CONSENSUS][PBFT]checkAndChangeView: Reach consensus,org_view=121815,org_changeCycle=0,cur_changeCycle=0,to_view=121816
info|2019-11-15 02:24:48.197954|[g:1][CONSENSUS]addRawPrepare,height=1,reqIdx=0,hash=7fe7a29e...
info|2019-11-15 02:24:48.198682|[g:1][CONSENSUS][PBFT]checkTimeout Succ,view=121816,toView=121817,nodeIdx=1,changeCycle=0,myNode=2dce86f9...,timecost=0.581
info|2019-11-15 02:24:48.200154|[g:1][CONSENSUS][PBFT]checkAndChangeView: Reach consensus,org_view=121816,org_changeCycle=0,cur_changeCycle=0,to_view=121817
info|2019-11-15 02:24:49.200671|[g:1][CONSENSUS][SEALER]++++++++++++++++ Generating seal on,blkNum=1,tx=0,nodeIdx=1,hash=e313211a...
info|2019-11-15 02:24:49.203991|[g:1][CONSENSUS][PBFT]checkTimeout Succ,view=121817,toView=121818,nodeIdx=1,changeCycle=0,myNode=2dce86f9...,timecost=0.559
info|2019-11-15 02:24:49.204823|[g:1][CONSENSUS][PBFT]checkAndChangeView: Reach consensus,org_view=121817,org_changeCycle=0,cur_changeCycle=0,to_view=121818
info|2019-11-15 02:24:50.205840|[g:1][CONSENSUS]addRawPrepare,height=1,reqIdx=2,hash=82ca2a49...
info|2019-11-15 02:24:50.206451|[g:1][CONSENSUS][PBFT]checkTimeout Succ,view=121818,toView=121819,nodeIdx=1,changeCycle=0,myNode=2dce86f9...,timecost=0.467
info|2019-11-15 02:24:50.208159|[g:1][CONSENSUS][PBFT]checkAndChangeView: Reach consensus,org_view=121818,org_changeCycle=0,cur_changeCycle=0,to_view=121819
info|2019-11-15 02:24:51.030854|[P2P][Service] heartBeat,connected count=3
info|2019-11-15 02:24:51.210890|[g:1][CONSENSUS]addRawPrepare,height=1,reqIdx=3,hash=a63d4415...
info|2019-11-15 02:24:51.211530|[g:1][CONSENSUS][PBFT]checkTimeout Succ,view=121819,toView=121820,nodeIdx=1,changeCycle=0,myNode=2dce86f9...,timecost=0.507
info|2019-11-15 02:24:51.213703|[g:1][CONSENSUS][PBFT]checkAndChangeView: Reach consensus,org_view=121819,org_changeCycle=0,cur_changeCycle=0,to_view=121820
info|2019-11-15 02:24:52.215071|[g:1][CONSENSUS]addRawPrepare,height=1,reqIdx=0,hash=81b1e213...
info|2019-11-15 02:24:52.215696|[g:1][CONSENSUS][PBFT]checkTimeout Succ,view=121820,toView=121821,nodeIdx=1,changeCycle=0,myNode=2dce86f9...,timecost=0.46
info|2019-11-15 02:24:52.217032|[g:1][CONSENSUS][PBFT]checkAndChangeView: Reach consensus,org_view=121820,org_changeCycle=0,cur_changeCycle=0,to_view=121821
info|2019-11-15 02:24:53.217397|[g:1][CONSENSUS][SEALER]++++++++++++++++ Generating seal on,blkNum=1,tx=0,nodeIdx=1,hash=0839b829...
info|2019-11-15 02:24:53.218127|[g:1][CONSENSUS][PBFT]checkTimeout Succ,view=121821,toView=121822,nodeIdx=1,changeCycle=0,myNode=2dce86f9...,timecost=0.349
info|2019-11-15 02:24:53.220947|[g:1][CONSENSUS][PBFT]checkAndChangeView: Reach consensus,org_view=121821,org_changeCycle=0,cur_changeCycle=0,to_view=121822
info|2019-11-15 02:24:54.222224|[g:1][CONSENSUS]addRawPrepare,height=1,reqIdx=2,hash=dbb8955c...
info|2019-11-15 02:24:54.222637|[g:1][CONSENSUS][PBFT]checkTimeout Succ,view=121822,toView=121823,nodeIdx=1,changeCycle=0,myNode=2dce86f9...,timecost=0.32
info|2019-11-15 02:24:54.223579|[g:1][CONSENSUS][PBFT]checkAndChangeView: Reach consensus,org_view=121822,org_changeCycle=0,cur_changeCycle=0,to_view=121823
info|2019-11-15 02:24:55.225010|[g:1][CONSENSUS]addRawPrepare,height=1,reqIdx=3,hash=f5938bd0...
info|2019-11-15 02:24:55.225647|[g:1][CONSENSUS][PBFT]checkTimeout Succ,view=121823,toView=121824,nodeIdx=1,changeCycle=0,myNode=2dce86f9...,timecost=0.494
info|2019-11-15 02:24:55.227405|[g:1][CONSENSUS][PBFT]checkAndChangeView: Reach consensus,org_view=121823,org_changeCycle=0,cur_changeCycle=0,to_view=121824
info|2019-11-15 02:24:56.229070|[g:1][CONSENSUS]addRawPrepare,height=1,reqIdx=0,hash=1caf2d83...
info|2019-11-15 02:24:56.230480|[g:1][CONSENSUS][PBFT]checkTimeout Succ,view=121824,toView=121825,nodeIdx=1,changeCycle=0,myNode=2dce86f9...,timecost=1.28
info|2019-11-15 02:24:56.232135|[g:1][CONSENSUS][PBFT]checkAndChangeView: Reach consensus,org_view=121824,org_changeCycle=0,cur_changeCycle=0,to_view=121825
info|2019-11-15 02:24:57.233068|[g:1][CONSENSUS][SEALER]++++++++++++++++ Generating seal on,blkNum=1,tx=0,nodeIdx=1,hash=976f076e...
info|2019-11-15 02:24:57.233992|[g:1][CONSENSUS][PBFT]checkTimeout Succ,view=121825,toView=121826,nodeIdx=1,changeCycle=0,myNode=2dce86f9...,timecost=0.465
info|2019-11-15 02:24:57.236572|[g:1][CONSENSUS][PBFT]checkAndChangeView: Reach consensus,org_view=121825,org_changeCycle=0,cur_changeCycle=0,to_view=121826
info|2019-11-15 02:24:58.240046|[g:1][CONSENSUS]addRawPrepare,height=1,reqIdx=2,hash=1eeeb694...
info|2019-11-15 02:24:58.240757|[g:1][CONSENSUS][PBFT]checkTimeout Succ,view=121826,toView=121827,nodeIdx=1,changeCycle=0,myNode=2dce86f9...,timecost=0.562
info|2019-11-15 02:24:58.242382|[g:1][CONSENSUS][PBFT]checkAndChangeView: Reach consensus,org_view=121826,org_changeCycle=0,cur_changeCycle=0,to_view=121827
info|2019-11-15 02:24:59.244474|[g:1][CONSENSUS]addRawPrepare,height=1,reqIdx=3,hash=c670da77...
info|2019-11-15 02:24:59.245153|[g:1][CONSENSUS][PBFT]checkTimeout Succ,view=121827,toView=121828,nodeIdx=1,changeCycle=0,myNode=2dce86f9...,timecost=0.519
info|2019-11-15 02:24:59.246848|[g:1][CONSENSUS][PBFT]checkAndChangeView: Reach consensus,org_view=121827,org_changeCycle=0,cur_changeCycle=0,to_view=121828
info|2019-11-15 02:25:00.248526|[g:1][CONSENSUS]addRawPrepare,height=1,reqIdx=0,hash=20478e03...
info|2019-11-15 02:25:00.249129|[g:1][CONSENSUS][PBFT]checkTimeout Succ,view=121828,toView=121829,nodeIdx=1,changeCycle=0,myNode=2dce86f9...,timecost=0.466
info|2019-11-15 02:25:00.250555|[g:1][CONSENSUS][PBFT]checkAndChangeView: Reach consensus,org_view=121828,org_changeCycle=0,cur_changeCycle=0,to_view=121829
info|2019-11-15 02:25:01.035846|[P2P][Service] heartBeat,connected count=3
info|2019-11-15 02:25:01.251536|[g:1][CONSENSUS][SEALER]++++++++++++++++ Generating seal on,blkNum=1,tx=0,nodeIdx=1,hash=6f7bf0d6...
info|2019-11-15 02:25:01.254401|[g:1][CONSENSUS][PBFT]checkTimeout Succ,view=121829,toView=121830,nodeIdx=1,changeCycle=0,myNode=2dce86f9...,timecost=0.597
info|2019-11-15 02:25:01.255971|[g:1][CONSENSUS][PBFT]checkAndChangeView: Reach consensus,org_view=121829,org_changeCycle=0,cur_changeCycle=0,to_view=121830
info|2019-11-15 02:25:02.256631|[g:1][CONSENSUS]addRawPrepare,height=1,reqIdx=2,hash=68611427...
info|2019-11-15 02:25:02.257329|[g:1][CONSENSUS][PBFT]checkTimeout Succ,view=121830,toView=121831,nodeIdx=1,changeCycle=0,myNode=2dce86f9...,timecost=0.546
info|2019-11-15 02:25:02.258931|[g:1][CONSENSUS][PBFT]checkAndChangeView: Reach consensus,org_view=121830,org_changeCycle=0,cur_changeCycle=0,to_view=121831
info|2019-11-15 02:25:03.260289|[g:1][CONSENSUS]addRawPrepare,height=1,reqIdx=3,hash=15a894b9...
info|2019-11-15 02:25:03.260923|[g:1][CONSENSUS][PBFT]checkTimeout Succ,view=121831,toView=121832,nodeIdx=1,changeCycle=0,myNode=2dce86f9...,timecost=0.497
info|2019-11-15 02:25:03.262385|[g:1][CONSENSUS][PBFT]checkAndChangeView: Reach consensus,org_view=121831,org_changeCycle=0,cur_changeCycle=0,to_view=121832
info|2019-11-15 02:25:04.264018|[g:1][CONSENSUS]addRawPrepare,height=1,reqIdx=0,hash=40bc6370...
info|2019-11-15 02:25:04.264654|[g:1][CONSENSUS][PBFT]checkTimeout Succ,view=121832,toView=121833,nodeIdx=1,changeCycle=0,myNode=2dce86f9...,timecost=0.508
info|2019-11-15 02:25:04.266081|[g:1][CONSENSUS][PBFT]checkAndChangeView: Reach consensus,org_view=121832,org_changeCycle=0,cur_changeCycle=0,to_view=121833
info|2019-11-15 02:25:05.266751|[g:1][CONSENSUS][SEALER]++++++++++++++++ Generating seal on,blkNum=1,tx=0,nodeIdx=1,hash=5125bc47...
info|2019-11-15 02:25:05.269947|[g:1][CONSENSUS][PBFT]checkTimeout Succ,view=121833,toView=121834,nodeIdx=1,changeCycle=0,myNode=2dce86f9...,timecost=0.513
info|2019-11-15 02:25:05.270814|[g:1][CONSENSUS][PBFT]checkAndChangeView: Reach consensus,org_view=121833,org_changeCycle=0,cur_changeCycle=0,to_view=121834
info|2019-11-15 02:25:06.272527|[g:1][CONSENSUS]addRawPrepare,height=1,reqIdx=2,hash=815cc26f...
info|2019-11-15 02:25:06.273889|[g:1][CONSENSUS][PBFT]checkTimeout Succ,view=121834,toView=121835,nodeIdx=1,changeCycle=0,myNode=2dce86f9...,timecost=1.224
info|2019-11-15 02:25:06.275574|[g:1][CONSENSUS][PBFT]checkAndChangeView: Reach consensus,org_view=121834,org_changeCycle=0,cur_changeCycle=0,to_view=121835
info|2019-11-15 02:25:07.275872|[g:1][CONSENSUS]addRawPrepare,height=1,reqIdx=3,hash=762e8530...
info|2019-11-15 02:25:07.276664|[g:1][CONSENSUS][PBFT]checkTimeout Succ,view=121835,toView=121836,nodeIdx=1,changeCycle=0,myNode=2dce86f9...,timecost=0.621
info|2019-11-15 02:25:07.277979|[g:1][CONSENSUS][PBFT]checkAndChangeView: Reach consensus,org_view=121835,org_changeCycle=0,cur_changeCycle=0,to_view=121836
info|2019-11-15 02:25:08.280371|[g:1][CONSENSUS]addRawPrepare,height=1,reqIdx=0,hash=ee2c4c37...
info|2019-11-15 02:25:08.281110|[g:1][CONSENSUS][PBFT]checkTimeout Succ,view=121836,toView=121837,nodeIdx=1,changeCycle=0,myNode=2dce86f9...,timecost=0.576
info|2019-11-15 02:25:08.282658|[g:1][CONSENSUS][PBFT]checkAndChangeView: Reach consensus,org_view=121836,org_changeCycle=0,cur_changeCycle=0,to_view=121837
info|2019-11-15 02:25:09.282736|[g:1][CONSENSUS][SEALER]++++++++++++++++ Generating seal on,blkNum=1,tx=0,nodeIdx=1,hash=851c20a1...
info|2019-11-15 02:25:09.283393|[g:1][CONSENSUS][PBFT]checkTimeout Succ,view=121837,toView=121838,nodeIdx=1,changeCycle=0,myNode=2dce86f9...,timecost=0.303
info|2019-11-15 02:25:09.285320|[g:1][CONSENSUS][PBFT]checkAndChangeView: Reach consensus,org_view=121837,org_changeCycle=0,cur_changeCycle=0,to_view=121838
info|2019-11-15 02:25:10.287094|[g:1][CONSENSUS]addRawPrepare,height=1,reqIdx=2,hash=2eee782f...
info|2019-11-15 02:25:10.287956|[g:1][CONSENSUS][PBFT]checkTimeout Succ,view=121838,toView=121839,nodeIdx=1,changeCycle=0,myNode=2dce86f9...,timecost=0.675
info|2019-11-15 02:25:10.289714|[g:1][CONSENSUS][PBFT]checkAndChangeView: Reach consensus,org_view=121838,org_changeCycle=0,cur_changeCycle=0,to_view=121839
info|2019-11-15 02:25:11.040461|[P2P][Service] heartBeat,connected count=3
info|2019-11-15 02:25:11.291056|[g:1][CONSENSUS]addRawPrepare,height=1,reqIdx=3,hash=df889226...
info|2019-11-15 02:25:11.292466|[g:1][CONSENSUS][PBFT]checkTimeout Succ,view=121839,toView=121840,nodeIdx=1,changeCycle=0,myNode=2dce86f9...,timecost=1.271
info|2019-11-15 02:25:11.293855|[g:1][CONSENSUS][PBFT]checkAndChangeView: Reach consensus,org_view=121839,org_changeCycle=0,cur_changeCycle=0,to_view=121840
info|2019-11-15 02:25:12.295595|[g:1][CONSENSUS]addRawPrepare,height=1,reqIdx=0,hash=1ccd5596...
info|2019-11-15 02:25:12.296239|[g:1][CONSENSUS][PBFT]checkTimeout Succ,view=121840,toView=121841,nodeIdx=1,changeCycle=0,myNode=2dce86f9...,timecost=0.488
info|2019-11-15 02:25:12.297911|[g:1][CONSENSUS][PBFT]checkAndChangeView: Reach consensus,org_view=121840,org_changeCycle=0,cur_changeCycle=0,to_view=121841
info|2019-11-15 02:25:13.298692|[g:1][CONSENSUS][SEALER]++++++++++++++++ Generating seal on,blkNum=1,tx=0,nodeIdx=1,hash=32c374bb...
info|2019-11-15 02:25:13.301952|[g:1][CONSENSUS][PBFT]checkTimeout Succ,view=121841,toView=121842,nodeIdx=1,changeCycle=0,myNode=2dce86f9...,timecost=0.455
info|2019-11-15 02:25:13.302777|[g:1][CONSENSUS][PBFT]checkAndChangeView: Reach consensus,org_view=121841,org_changeCycle=0,cur_changeCycle=0,to_view=121842
